2024-11-03 07:45:01,865 - INFO Retriever 0 - Init Retriever.
2024-11-03 07:47:09,212 - INFO Retriever 0 - keywords:“天赋”，“innate talent”，“assignment”，“初始天赋”，“特定任务”，“particular”，“natural gift”，“specific assignment”，“Commencement”，“initial”，“解锁”，“任务”，“undo the lock”，“choice”，“task”，“gift”，“特定”，“开始”，“talent”，“初始”，“specific”，“select”，“unlock”，“选择”，“specific task”
2024-11-03 07:47:09,215 - INFO Retriever 0 - deep_think_conent
:在获取了项目文件的顶层结构后，我还需要结合待查询的问题描述，对于项目中的文件和目录进行一些深度关键词检索。根据任务描述：“请在D:/Unity/Survaval\Assets下各级目录中寻找：如果要让目前游戏所有的初始天赋选择，在游戏一开始全部解锁，不需要完成特定任务解锁，我应该修改什么文件？”，我总结出如下可能会出现在各个文件名或者文件内容中的关键词：“天赋”，“innate talent”，“assignment”，“初始天赋”，“特定任务”，“particular”，“natural gift”，“specific assignment”，“Commencement”，“initial”，“解锁”，“任务”，“undo the lock”，“choice”，“task”，“gift”，“特定”，“开始”，“talent”，“初始”，“specific”，“select”，“unlock”，“选择”，“specific task”。
接下来，我将使用retrieve_keywords操作，在项目顶层路径“D:/Unity/Survaval\Assets”下检索这些关键词，从而大致把握可能与问题描述相关的文件或目录的路径。
2024-11-03 07:47:09,224 - INFO Retriever 0 - ——————————————————————————————————————————————————————————————————————————————————————————————————————————————————————————
2024-11-03 07:47:09,225 - INFO Retriever 0 - Assistant:
2024-11-03 07:47:09,226 - INFO Retriever 0 - {
    "deep_think": {
        "thoughts": "好的，接下来我将通过深度思考、仔细计划以及逐步执行的方式，来完成该任务。\n\n首先，在阅读详细的代码细节之前，应该先整体把握整个项目。\n\n在提供的可选的action中，可以通过get_folder_info操作，通过将项目顶层路径作为target_folder_path参数进行传入，来获取获取项目中主要文件夹和主要文件的描述，从而能够先大致把握项目文件的主要文件的文件树结构、基本内容、主要代码概述以及大致功能板块的分布。"
    }
}
2024-11-03 07:47:09,227 - INFO Retriever 0 - 
Observer:
2024-11-03 07:47:09,231 - INFO Retriever 0 - 好的，请继续你的下一步行动或思考。
2024-11-03 07:47:09,231 - INFO Retriever 0 - 
2024-11-03 07:47:09,441 - INFO Retriever 0 - ——————————————————————————————————————————————————————————————————————————————————————————————————————————————————————————
2024-11-03 07:47:09,444 - INFO Retriever 0 - Assistant:
2024-11-03 07:47:09,447 - INFO Retriever 0 - {
    "get_folder_info": {
        "target_folder_path": "D:/Unity/Survaval\\Assets"
    }
}
2024-11-03 07:47:09,451 - INFO Retriever 0 - 
Observer:
2024-11-03 07:47:09,452 - INFO Retriever 0 - 目标文件夹路径：D:/Unity/Survaval\Assets
文件结构树（该结构树可能不完整，仅返回深度小于等于1层的子文件以及文件夹）：
├── AddressableAssetsData
│   ├── AddressableAssetSettings.asset
│   ├── Android
│   ├── AssetGroupTemplates
│   ├── AssetGroups
│   ├── DataBuilders
│   ├── DefaultObject.asset
│   ├── iOS
├── AmplifyShaderEditor
│   ├── AmplifyShaderEditor.asmdef
│   ├── ChangeLog.txt
│   ├── CreatingTerrainsWithASE.txt
│   ├── Plugins
│   ├── Readme.txt
├── BlobHashMaps
│   ├── BlobBuilderExtensions.cs
│   ├── BlobHashMap.cs
│   ├── BlobHashMapIntInt.cs
│   ├── BlobHashMaps.asmdef
│   ├── BlobMultiHashMap.cs
│   ├── Data
├── BuildReport
│   ├── CustomBuildScriptExample.txt
│   ├── GUI
│   ├── README.txt
│   ├── Scripts
│   ├── VERSION.txt
│   ├── license.txt
├── CapturePath
├── DamageNumbersPro
│   ├── DamageNumbersPro.asmdef
│   ├── Documentation.url
│   ├── Editor
│   ├── Fonts
│   ├── Materials
│   ├── Scripts
├── Editor
│   ├── ChannelSetting.cs
│   ├── OrbiteExtenedEditor.cs
│   ├── Resources
│   ├── ShaderStripSettings
├── Editor Default Resources
│   ├── MasterAudio
├── EnhancedScroller v2
│   ├── ChangeLog.txt
│   ├── Documentation
│   ├── Plugins
│   ├── Tutorials
│   ├── readme.txt
│   ├── upgrading from 1.x to 2.x.txt
├── FlockBox
│   ├── Classic
│   ├── DOTS
│   ├── Flock Box Manual.pdf
├── Gizmos
│   ├── MasterAudio
├── Magic Spells Sound Effects V2.0
│   ├── Casting Loops
│   ├── Element Scholls
│   ├── General Spell
│   ├── Medieval Combat Sounds BONUS
│   ├── Special Attack
├── Pixel Arsenal
│   ├── Demo
│   ├── Materials
│   ...
│   ├── Textures
├── Plugins
│   ├── Android
│   ├── DarkTonic
│   ├── Demigiant
│   ├── Editor
│   ├── RelationsInspector
│   ├── Sirenix
│   ├── iOS
├── RPG Icons Pixel Art
│   ├── Aeromancer
│   ├── Alchemy1
│   ...
│   ├── Сrossbowman
├── Resources
│   ├── DOTweenSettings.asset
│   ├── MasterAudio
├── SPUM
│   ├── MonsterOrc_Prefabs
│   ├── MonsterUndeadPrefabs
│   ...
│   ├── Sprite_SheetExporter(Beta)
├── StreamingAssets
├── TextMesh Pro
│   ├── Documentation
│   ├── Fonts
│   ├── Resources
│   ├── Shaders
│   ├── Sprites
├── UniversalRenderPipelineGlobalSettings.asset
├── VirtualButtonsForUnity
│   ├── VirtualButtonsForUnity
├── YouLoftSDK
│   ├── PottingMobileSDK
│   ├── PottingMobileServices
│   ...
│   ├── YouloftTemp.cs
├── ZTools
│   ├── GlobalStringBuilder.cs
│   ├── Localization
│   ├── ZTools.asmdef
├── _MyAssets
│   ├── Animations
│   ├── ArtAssets
│   ...
│   ├── URPSettings


其中，部分主要文件及文件夹的信息如下：
1. Assets
# 路径:D:\\Unity\\Survaval\Assets
# 内容概述:“UniversalRenderPipelineGlobalSettings.asset”文件是Unity项目中用于配置通用渲染管道（URP）全局设置的资产。它涵盖了光照模式、阴影质量、后处理效果以及性能优化等关键设置，如光照层配置、阴影质量选择和后处理效果启用，旨在平衡视觉效果与性能表现，以适应不同游戏的需求。

2. AddressableAssetsData
# 路径:D:\\Unity\\Survaval\Assets\AddressableAssetsData
# 内容概述:### 文件夹内容简述

“AddressableAssetsData”文件夹汇集了Unity游戏开发所需的资源管理和配置文件。其中，Android和iOS子文件夹分别管理针对各自平台的资源状态。AssetGroups和AssetGroupTemplates子文件夹则专注于资源打包和内容更新配置，而DataBuilders子文件夹提供了资源管理和场景加载的脚本配置。此外，AddressableAssetSettings.asset文件负责资源加载和优化全局设置，而DefaultObject.asset则定义了Unity脚本组件的配置。整体而言，这些文件共同构成了游戏资源高效管理和优化的框架。

3. AmplifyShaderEditor
# 路径:D:\\Unity\\Survaval\Assets\AmplifyShaderEditor
# 内容概述:“AmplifyShaderEditor”文件夹汇集了Unity游戏开发中Amplify Shader Editor插件的核心组件与资源，包括编辑器脚本、界面资源、版本更新日志和使用指南。其中，“Editor”子文件夹承载着插件的核心逻辑和操作界面，而“EditorResources”则提供了图形用户界面和渲染资源。更新日志“ChangeLog.txt”详细记录了插件的功能迭代和问题修复，而“CreatingTerrainsWithASE.txt”则指导用户如何利用ASE创建地形着色器。遗憾的是，“Readme.txt”因编码错误无法读取，但预计包含插件的基本使用说明。

4. BlobHashMaps
# 路径:D:\\Unity\\Survaval\Assets\BlobHashMaps
# 内容概述:“BlobHashMaps”文件夹汇集了针对Unity游戏引擎优化的数据结构脚本，包括BlobHashMap和BlobMultiHashMap的实现。核心文件如BlobBuilderHashMapData.cs和BlobHashMapData.cs定义了HashMap和只读哈希表，BlobBuilderExtensions.cs扩展了BlobHashMap功能，BlobHashMap.cs和BlobHashMapIntInt.cs则提供了更丰富的操作和构建器功能。BlobHashMaps.asmdef文件定义了模块依赖，而BlobMultiHashMap.cs引入了多哈希映射支持，共同构成了一个高效的数据管理工具集。

5. BuildReport
# 路径:D:\\Unity\\Survaval\Assets\BuildReport
# 内容概述:“BuildReport”文件夹汇集了Unity游戏引擎的构建报告工具及相关资源，包括UI设计资源（如BRTSkin、NativeSkin和NativeSkinExtraIcons）、自动化构建脚本（如CustomBuildScriptExample.txt）和编辑器脚本（位于Scripts/Editor）。此外，它还包含定义特定窗口样式的皮肤文件（BuildReportWindow.guiskin和BuildReportWindowDark.guiskin），以及工具的许可证信息（license.txt）和使用说明（README.txt）。VERSION.txt文件记录了工具的版本更新历史，突出了新增功能和错误修复。

6. CapturePath
# 路径:D:\\Unity\\Survaval\Assets\CapturePath
# 内容概述:该文件夹内容为空。

7. DamageNumbersPro
# 路径:D:\\Unity\\Survaval\Assets\DamageNumbersPro
# 内容概述:“DamageNumbersPro”文件夹汇集了Unity游戏开发所需的资源，包括编辑器脚本、多种风格的字体、材质和游戏逻辑脚本。其中，编辑器脚本用于资源配置，字体和材质丰富了游戏视觉元素，而脚本集合则支撑了游戏的核心逻辑和交互。此外，汇编定义文件和文档链接文件提供了模块化开发和项目文档的便捷访问。

8. Editor
# 路径:D:\\Unity\\Survaval\Assets\Editor
# 内容概述:### 文件夹内容总结

“Editor”文件夹汇集了Unity项目开发所需的资源与工具。其中，**Resources**子文件夹提供游戏与动画设计的视觉素材，包括角色、场景元素和预制游戏单元。**ShaderStripSettings**包含提升渲染质量的Unity脚本组件，而**ChannelSetting.cs**脚本则用于管理不同渠道的SDK和项目配置。此外，**OrbiteExtenedEditor.cs**编辑器扩展脚本增强了文本编辑和屏幕截图功能，辅助设计和开发流程。整体上，这些资源与工具相互关联，共同服务于Unity项目的开发与优化。

9. Editor Default Resources
# 路径:D:\\Unity\\Survaval\Assets\Editor Default Resources
# 内容概述:“Editor Default Resources”文件夹汇集了多种音频处理相关的图标，包括播放、暂停、停止等控制图标，以及复制、删除、保存等操作图标，还有LED灯状态指示和扬声器图标等。这些图标共同服务于音频编辑和界面设计，为用户提供了直观的操作和状态指示。

10. EnhancedScroller v2
# 路径:D:\\Unity\\Survaval\Assets\EnhancedScroller v2
# 内容概述:该“EnhancedScroller v2”文件夹汇集了Unity游戏开发中EnhancedScroller插件的全面资源，包括用户手册、插件代码、教程和更新日志。用户手册详细介绍了插件的使用方法，插件代码则由组件、单元格视图和动画系统等组成，旨在提升UI开发效率。教程资源帮助开发者快速上手，而更新日志和升级指南则提供了插件版本间的变化和升级指导。

11. FlockBox
# 路径:D:\\Unity\\Survaval\Assets\FlockBox
# 内容概述:### 文件夹内容精简总结

“Flock Box”文件夹是Unity游戏开发项目，集成了视觉资源、游戏逻辑脚本和DOTS架构相关资源。其中，**Classic**子文件夹提供游戏场景、预制体和艺术资源，**DOTS**子文件夹则专注于DOTS架构的脚本和材料。项目手册“Flock Box Manual.pdf”详细介绍了项目结构、资源使用和开发指南，为开发者提供了全面的项目操作指导。

12. Gizmos
# 路径:D:\\Unity\\Survaval\Assets\Gizmos
# 内容概述:“Gizmos”文件夹汇集了音频处理相关的图标设计，包括“MasterAudio”品牌标识和“PlaylistController”播放列表控制功能的图标，旨在为音频软件界面提供视觉元素。

13. Magic Spells Sound Effects V2.0
# 路径:D:\\Unity\\Survaval\Assets\Magic Spells Sound Effects V2.0
# 内容概述:“Magic Spells Sound Effects V2.0”文件夹汇集了丰富的音效资源，包括循环施法音效、元素相关施法音效、通用魔法效果、中世纪战斗声音以及特定攻击音效。这些音效覆盖了从增益攻击到治疗，从施法到战斗动作，适用于游戏、影视等多媒体项目，且文件命名清晰，便于快速查找和使用。

14. Pixel Arsenal
# 路径:D:\\Unity\\Survaval\Assets\Pixel Arsenal
# 内容概述:“Pixel Arsenal”文件夹汇集了丰富的游戏开发资源，包括视觉素材（如天空盒和纹理）、预制体（如界面元素和特效）、场景素材、Unity脚本（用于游戏逻辑）和音频效果。这些资源相互关联，共同构建了游戏和视觉效果的基础，适用于Unity等游戏引擎。文件夹内的“ReadMe.txt”文件提供了资源使用指南和潜在的技术支持信息。

15. Plugins
# 路径:D:\\Unity\\Survaval\Assets\Plugins
# 内容概述:“Plugins”文件夹汇集了多平台游戏开发资源，包括Android应用开发工具、Unity游戏资源包如音频和网络同步插件，以及编辑器扩展和iOS应用开发组件。其中，Android子文件夹提供项目配置和第三方库；Unity相关资源如DarkTonic和Demigiant则专注于音频和网络同步，以及动画处理；Editor子文件夹增强Unity编辑器功能；iOS子文件夹涵盖性能监控和广告集成等iOS特有功能。这些资源相互关联，共同构建了一个全面的游戏开发环境。

16. Resources
# 路径:D:\\Unity\\Survaval\Assets\Resources
# 内容概述:### 文件夹内容总结

“Resources”文件夹汇集了Unity游戏项目的关键配置资源，包括“MasterAudioSettings.asset”用于音频处理和插件配置，以及“DOTweenSettings.asset”用于动画和缓动库的详细设置，两者共同确保游戏音效和动画的优化与流畅。

17. RPG Icons Pixel Art
# 路径:D:\\Unity\\Survaval\Assets\RPG Icons Pixel Art
# 内容概述:当然可以。以下是融合后的简短内容：

“Support contact.pdf”文件提供客户支持联系信息，包括电话、电子邮件和在线支持服务，并附有服务时间表、常见问题解答以及用户反馈表单，旨在为用户提供便捷的咨询与支持服务。

18. SPUM
# 路径:D:\\Unity\\Survaval\Assets\SPUM
# 内容概述:“SPUM”文件夹汇集了丰富的游戏开发资源，包括怪物与角色预制体、动画素材、图像资源、字体、材质以及Unity脚本等。它涵盖了从角色模型和动画到编辑器扩展和场景设置的全方位内容，旨在支持游戏开发、3D建模和动画制作项目。文件夹内不同子目录紧密关联，共同构成了一个完整的项目资源库。

19. StreamingAssets
# 路径:D:\\Unity\\Survaval\Assets\StreamingAssets
# 内容概述:“StreamingAssets”文件夹主要存储流媒体应用所需的资源，包括视频、音频和图像文件，以及相关的配置和脚本文件。该文件夹内部分为视频、音频、图像、配置和脚本等子文件夹，各自管理不同类型的媒体资源和播放逻辑配置，以确保资源的高效加载和流式传输。

20. TextMesh Pro
# 路径:D:\\Unity\\Survaval\Assets\TextMesh Pro
# 内容概述:该“TextMesh Pro”文件夹汇集了TextMesh Pro软件的用户指南、Liberation Sans字体资源、Unity项目资源包以及表情符号素材。其中，用户指南详细介绍了软件操作，Liberation Sans字体提供多种样式，Unity资源包包括字体、材质和精灵资产，着色器文件则专注于图形渲染，而表情符号资源则便于集成到项目中。这些内容相互关联，共同服务于游戏开发与图形设计的需求。

21. VirtualButtonsForUnity
# 路径:D:\\Unity\\Survaval\Assets\VirtualButtonsForUnity
# 内容概述:### 文件夹内容概览

“VirtualButtonsForUnity”文件夹是Unity游戏开发资源，集成了虚拟按钮、方向垫和摇杆预制体及脚本，旨在增强游戏交互体验。内含示例项目、预制体、脚本、图像资源和详细文档，方便开发者快速集成和使用。

22. YouLoftSDK
# 路径:D:\\Unity\\Survaval\Assets\YouLoftSDK
# 内容概述:### 文件夹内容总结

“YouLoftSDK”文件夹是Unity游戏开发者的综合工具包，集成了广告管理、支付、用户管理、数据同步等功能模块。其中，**PottingMobileSDK** 提供了Android和iOS平台的插件和脚本，**PottingMobileServices** 则包含了跨平台服务接口和功能脚本。广告管理、支付、礼包兑换等具体功能由 **YouLoftAd.cs**、**YouLoftPay.cs** 和 **YouLoftRedeemcode.cs** 等文件实现，而 **YouLoftSDKManager.cs** 负责管理这些模块，确保它们协同工作。此外，**YouLoftLogin.cs** 处理用户登录，**YouLoftEvent.cs** 和 **YouloftTemp.cs** 分别提供事件跟踪和配置同步功能，共同支撑游戏的整体运行。

23. ZTools
# 路径:D:\\Unity\\Survaval\Assets\ZTools
# 内容概述:### 文件夹内容总结
“ZTools”文件夹汇集了Unity游戏开发中本地化和字符串操作的工具。其中，包含用于本地化文本管理的脚本，如`StaticLocalizedText.cs`和`StaticLocalizedText_UGUI.cs`，以及`Strings.cs`用于管理本地化字符串。此外，`GlobalStringBuilder.cs`提供了全局字符串构建功能，优化了字符串操作性能。而“ZTools.asmdef”文件则定义了项目中的“ZTools”程序集，管理着相关脚本文件的引用和编译。这些工具共同构成了一个高效且模块化的开发环境。

24. _MyAssets
# 路径:D:\\Unity\\Survaval\Assets\_MyAssets
# 内容概述:“_MyAssets”文件夹是游戏开发的核心资源库，汇集了动画、艺术资产、音频、数据配置、编辑器资源、字体、图标、脚本、着色器等关键文件，以及预制体和场景设计。它为游戏提供了丰富的视觉和音频效果，并通过详细的配置文件和脚本实现了复杂的游戏逻辑和交互。文件夹内资源相互关联，共同支撑起游戏的整体架构和功能实现。

25. UniversalRenderPipelineGlobalSettings.asset
# 路径:D:\\Unity\\Survaval\Assets\UniversalRenderPipelineGlobalSettings.asset
# 内容概述:### 简化总结

该文件是Unity的通用渲染管道全局设置配置，定义了8个光照层（如Light Layer default至Light Layer 7）。它还包含了性能优化设置，如移除调试变体和未使用变体，以及不支持运行时调试显示。


2024-11-03 07:47:09,462 - INFO Retriever 0 - 
2024-11-03 07:47:09,467 - INFO Retriever 0 - ——————————————————————————————————————————————————————————————————————————————————————————————————————————————————————————
2024-11-03 07:47:09,470 - INFO Retriever 0 - Assistant:
2024-11-03 07:47:09,472 - INFO Retriever 0 - {
    "deep_think": {
        "thoughts": "在获取了项目文件的顶层结构后，我还需要结合待查询的问题描述，对于项目中的文件和目录进行一些深度关键词检索。根据任务描述：“请在D:/Unity/Survaval\\Assets下各级目录中寻找：如果要让目前游戏所有的初始天赋选择，在游戏一开始全部解锁，不需要完成特定任务解锁，我应该修改什么文件？”，我总结出如下可能会出现在各个文件名或者文件内容中的关键词：“天赋”，“innate talent”，“assignment”，“初始天赋”，“特定任务”，“particular”，“natural gift”，“specific assignment”，“Commencement”，“initial”，“解锁”，“任务”，“undo the lock”，“choice”，“task”，“gift”，“特定”，“开始”，“talent”，“初始”，“specific”，“select”，“unlock”，“选择”，“specific task”。\n接下来，我将使用retrieve_keywords操作，在项目顶层路径“D:/Unity/Survaval\\Assets”下检索这些关键词，从而大致把握可能与问题描述相关的文件或目录的路径。"
    }
}
2024-11-03 07:47:09,474 - INFO Retriever 0 - 
Observer:
2024-11-03 07:47:09,480 - INFO Retriever 0 - 好的，请继续你的下一步行动或思考。
2024-11-03 07:47:09,484 - INFO Retriever 0 - 
2024-11-03 07:47:11,385 - INFO Retriever 0 - ——————————————————————————————————————————————————————————————————————————————————————————————————————————————————————————
2024-11-03 07:47:11,390 - INFO Retriever 0 - Assistant:
2024-11-03 07:47:11,398 - INFO Retriever 0 - {
    "retrieve_keywords": {
        "keyword_list": [
            "天赋",
            "innate talent",
            "assignment",
            "初始天赋",
            "特定任务",
            "particular",
            "natural gift",
            "specific assignment",
            "Commencement",
            "initial",
            "解锁",
            "任务",
            "undo the lock",
            "choice",
            "task",
            "gift",
            "特定",
            "开始",
            "talent",
            "初始",
            "specific",
            "select",
            "unlock",
            "选择",
            "specific task"
        ]
    }
}
2024-11-03 07:47:11,402 - INFO Retriever 0 - 
Observer:
2024-11-03 07:47:11,417 - INFO Retriever 0 - 根据你提供的关键词，我检索到以下目录或文件，它们的绝对路径如下：


1. D:\\Unity\\Survaval\Assets\_MyAssets\FontPixel\unifont gift.mat
这是一个名为“unifont gift.mat”的文件。

2. D:\\Unity\\Survaval\Assets\_MyAssets\Texture\Textures\random-unlock-role.png
这是一个名为“random-unlock-role.png”的文件。

3. D:\\Unity\\Survaval\Library\PackageCache\com.unity.render-pipelines.universal@12.1.7\Documentation~\Images\rp-converter\select-converters.png
这是一个名为“select-converters.png”的文件。

4. D:\\Unity\\Survaval\Library\PackageCache\com.unity.render-pipelines.universal@12.1.7\Documentation~\Images\post-proc\ssao\ssao-select-renderer.png
这是一个名为“ssao-select-renderer.png”的文件。

5. D:\\Unity\\Survaval\Library\PackageCache\com.unity.timeline@1.6.4\Documentation~\images\timeline_clips_select_first.png
这是一个名为“timeline_clips_select_first.png”的文件。

6. D:\\Unity\\Survaval\Library\PackageCache\com.unity.timeline@1.6.4\Documentation~\images\timeline_curves_view_select_key.png
这是一个名为“timeline_curves_view_select_key.png”的文件。

7. D:\\Unity\\Survaval\Assets\_MyAssets\Data\Achivements\任意天赋在第五关达到10级_解锁迅雷项链.asset
该文件定义了一个Unity游戏成就，名为“任意天赋在第五关达到10级_解锁迅雷项链”，描述玩家需在第五关使用任意天赋升级至10级以解锁迅雷项链。成就类型为2，具体奖励类型未详，但涉及解锁物品。

8. D:\\Unity\\Survaval\Assets\_MyAssets\Data\DailyTask
### 文件夹内容简述

“DailyTask”文件夹汇集了Unity游戏引擎中的多个任务配置文件，旨在构建一个全面的游戏任务系统。文件包括“doneallTask.asset”定义的全面任务配置，以及“killenemyTask.asset”和“passTask.asset”等针对特定行为的任务脚本。此外，如“startlevelTask.asset”和“upLevelTask.asset”等文件则专注于特定游戏事件，如等级提升和广告观看任务。这些文件共同构成了游戏任务框架，涵盖了任务定义、奖励机制和玩家互动等多个方面。


请注意，这些目录或文件可能不全都和你的任务目标相关，仅供参考。请你基于具体的文件内容概述，结合你的任务目标，认真思考分析后，优先选择最有可能与任务相关的目录或文件进行进一步的检查。
2024-11-03 07:47:11,448 - INFO Retriever 0 - 
2024-11-03 07:47:16,079 - INFO Retriever 0 - Agent主脑给出的回答为：{
    "deep_think": {
        "thoughts": "根据检索到的文件和目录，我注意到“D:\\Unity\\Survaval\\Assets\\_MyAssets\\Data\\Achivements\\任意天赋在第五关达到10级_解锁迅雷项链.asset”这个文件似乎与游戏中的成就系统有关，其中提到了“天赋”和“解锁”这两个关键词。这可能是修改游戏初始天赋解锁状态的关键文件。接下来，我将使用read_file操作，读取该文件的内容，以便进一步分析。"
    }
}
2024-11-03 07:47:16,085 - INFO Retriever 0 - 是否成功解析：True
2024-11-03 07:47:16,085 - INFO Retriever 0 - operation_type (__det_dir_action):
2024-11-03 07:47:16,093 - INFO Retriever 0 - deep_think
2024-11-03 07:47:16,100 - INFO Retriever 0 - 

——————————————————————————————————————————————————————————————————————————————————————————————————————————————————————————
2024-11-03 07:47:16,206 - INFO Retriever 0 - Assistant:
2024-11-03 07:47:16,232 - INFO Retriever 0 - {
    "deep_think": {
        "thoughts": "根据检索到的文件和目录，我注意到“D:\\Unity\\Survaval\\Assets\\_MyAssets\\Data\\Achivements\\任意天赋在第五关达到10级_解锁迅雷项链.asset”这个文件似乎与游戏中的成就系统有关，其中提到了“天赋”和“解锁”这两个关键词。这可能是修改游戏初始天赋解锁状态的关键文件。接下来，我将使用read_file操作，读取该文件的内容，以便进一步分析。"
    }
}
2024-11-03 07:47:16,248 - INFO Retriever 0 - dict_keys(['deep_think'])
2024-11-03 07:47:16,287 - INFO Retriever 0 - Agent主脑给出的行动：deep_think
参数：{'thoughts': '根据检索到的文件和目录，我注意到“D:\\Unity\\Survaval\\Assets\\_MyAssets\\Data\\Achivements\\任意天赋在第五关达到10级_解锁迅雷项链.asset”这个文件似乎与游戏中的成就系统有关，其中提到了“天赋”和“解锁”这两个关键词。这可能是修改游戏初始天赋解锁状态的关键文件。接下来，我将使用read_file操作，读取该文件的内容，以便进一步分析。', 'repeat_counter': 1, 'continue_think_counter': 1}
2024-11-03 07:47:16,425 - INFO Retriever 0 - Observer: 好的，请继续你的下一步行动或思考。
2024-11-03 07:47:16,564 - INFO Retriever 0 - 

————————————————————————————————————————————————————————————————
2024-11-03 07:47:16,585 - INFO Retriever 0 - 当前窗口总长度：11
2024-11-03 07:47:16,633 - INFO Retriever 0 - 当前更新窗口长度：2
2024-11-03 07:47:16,635 - INFO Retriever 0 - 当前更新窗口长度：2
2024-11-03 07:47:16,713 - INFO Retriever 0 - ————————————————————————————————————————————————————————————————


2024-11-03 07:47:18,473 - INFO Retriever 0 - Agent主脑给出的回答为：{
    "read_file": {
        "file_path": "D:\\Unity\\Survaval\\Assets\\_MyAssets\\Data\\Achivements\\任意天赋在第五关达到10级_解锁迅雷项链.asset"
    }
}
2024-11-03 07:47:18,480 - INFO Retriever 0 - 是否成功解析：True
2024-11-03 07:47:18,484 - INFO Retriever 0 - operation_type (__det_dir_action):
2024-11-03 07:47:18,488 - INFO Retriever 0 - read_file
2024-11-03 07:47:18,490 - INFO Retriever 0 - 

——————————————————————————————————————————————————————————————————————————————————————————————————————————————————————————
2024-11-03 07:47:18,492 - INFO Retriever 0 - Assistant:
2024-11-03 07:47:18,494 - INFO Retriever 0 - {
    "read_file": {
        "file_path": "D:\\Unity\\Survaval\\Assets\\_MyAssets\\Data\\Achivements\\任意天赋在第五关达到10级_解锁迅雷项链.asset"
    }
}
2024-11-03 07:47:18,494 - INFO Retriever 0 - dict_keys(['read_file'])
2024-11-03 07:47:18,503 - INFO Retriever 0 - Agent主脑给出的行动：read_file
参数：{'file_path': 'D:\\Unity\\Survaval\\Assets\\_MyAssets\\Data\\Achivements\\任意天赋在第五关达到10级_解锁迅雷项链.asset', 'top_path': 'D:/Unity/Survaval\\Assets', 'return_file_sum': <bound method TreeGenerationAction.return_file_sum of <Action.tree_gen_action.TreeGenerationAction object at 0x0000020AE93C4A60>>}
2024-11-03 07:47:18,538 - INFO Retriever 0 - Observer: 这是一个名为“任意天赋在第五关达到10级_解锁迅雷项链.asset”的文件，该文件里的内容为：
MonoBehaviour:
  m_ObjectHideFlags: 0
  m_CorrespondingSourceObject:
    fileID: 0
  m_PrefabInstance:
    fileID: 0
  m_PrefabAsset:
    fileID: 0
  m_GameObject:
    fileID: 0
  m_Enabled: 1
  m_EditorHideFlags: 0
  m_Script:
    fileID: 11500000
    guid: 2309f803b9ce00d408ce807b1277eb9d
    type: 3
  m_Name: 任意天赋在第五关达到10级_解锁迅雷项链
  m_EditorClassIdentifier: None
  internalID: 1848357506
  icon:
    fileID: 21300000
    guid: 546b9a691c6827b4dbfc942b9fb02584
    type: 3
  description: Use any talent to upgrade to level 10 in Eternal Throne
  achivementType: 2
  item:
    fileID: 0
  talent:
    fileID: 0
  map:
    fileID: 11400000
    guid: f0999a23a70f1ef42af884bf140c8758
    type: 2
  value: 10
  rewardType: 12
  rewardValue: 2
  rewardItem:
    fileID: 0
  rewardProperty:
    fileID: 0
  rewardRole:
    fileID: 0
  rewardTalent:
    fileID: 11400000
    guid: fee13a6369578f84a92655f346a63a16
    type: 2
  rewardMap:
    fileID: 11400000
    guid: fce5f31c34eaac64d83023500a662b36
    type: 2
  equpData:
    fileID: 11400000
    guid: b3d8824fa6111074997bbf12d0aabffe
    type: 2
  itemDataData:
    fileID: 0
  skillPos: 0
2024-11-03 07:47:18,554 - INFO Retriever 0 - 

————————————————————————————————————————————————————————————————
2024-11-03 07:47:18,560 - INFO Retriever 0 - 当前窗口总长度：13
2024-11-03 07:47:18,563 - INFO Retriever 0 - 当前更新窗口长度：4
2024-11-03 07:47:18,564 - INFO Retriever 0 - 当前更新窗口长度：4
2024-11-03 07:47:18,567 - INFO Retriever 0 - ————————————————————————————————————————————————————————————————


2024-11-03 07:47:22,056 - INFO Retriever 0 - Agent主脑给出的回答为：{
    "deep_think": {
        "thoughts": "根据读取到的文件内容，这个文件是一个Unity游戏成就的配置文件，它定义了一个成就，要求玩家在游戏中使用任意天赋达到第五关的第10级来解锁迅雷项链。虽然这个文件与天赋和成就有关，但它并没有直接提供如何修改游戏初始天赋解锁状态的解决方案。因此，我需要继续在项目中搜索其他可能包含此类信息的文件。考虑到“任意天赋在第五关达到10级_解锁迅雷项链.asset”文件中提到了“talent”和“rewardTalent”，我将继续搜索与这些关键词相关的文件。"
    }
}
2024-11-03 07:47:22,424 - INFO Retriever 0 - 是否成功解析：True
2024-11-03 07:47:22,449 - INFO Retriever 0 - operation_type (__det_dir_action):
2024-11-03 07:47:22,449 - INFO Retriever 0 - deep_think
2024-11-03 07:47:22,449 - INFO Retriever 0 - 

——————————————————————————————————————————————————————————————————————————————————————————————————————————————————————————
2024-11-03 07:47:22,452 - INFO Retriever 0 - Assistant:
2024-11-03 07:47:22,452 - INFO Retriever 0 - {
    "deep_think": {
        "thoughts": "根据读取到的文件内容，这个文件是一个Unity游戏成就的配置文件，它定义了一个成就，要求玩家在游戏中使用任意天赋达到第五关的第10级来解锁迅雷项链。虽然这个文件与天赋和成就有关，但它并没有直接提供如何修改游戏初始天赋解锁状态的解决方案。因此，我需要继续在项目中搜索其他可能包含此类信息的文件。考虑到“任意天赋在第五关达到10级_解锁迅雷项链.asset”文件中提到了“talent”和“rewardTalent”，我将继续搜索与这些关键词相关的文件。"
    }
}
2024-11-03 07:47:22,452 - INFO Retriever 0 - dict_keys(['deep_think'])
2024-11-03 07:47:22,457 - INFO Retriever 0 - Agent主脑给出的行动：deep_think
参数：{'thoughts': '根据读取到的文件内容，这个文件是一个Unity游戏成就的配置文件，它定义了一个成就，要求玩家在游戏中使用任意天赋达到第五关的第10级来解锁迅雷项链。虽然这个文件与天赋和成就有关，但它并没有直接提供如何修改游戏初始天赋解锁状态的解决方案。因此，我需要继续在项目中搜索其他可能包含此类信息的文件。考虑到“任意天赋在第五关达到10级_解锁迅雷项链.asset”文件中提到了“talent”和“rewardTalent”，我将继续搜索与这些关键词相关的文件。', 'repeat_counter': 1, 'continue_think_counter': 1}
2024-11-03 07:47:22,474 - INFO Retriever 0 - Observer: 好的，请继续你的下一步行动或思考。
2024-11-03 07:47:22,479 - INFO Retriever 0 - 

————————————————————————————————————————————————————————————————
2024-11-03 07:47:22,480 - INFO Retriever 0 - 当前窗口总长度：15
2024-11-03 07:47:22,481 - INFO Retriever 0 - 当前更新窗口长度：6
2024-11-03 07:47:22,481 - INFO Retriever 0 - 当前更新窗口长度：6
2024-11-03 07:47:22,481 - INFO Retriever 0 - ————————————————————————————————————————————————————————————————


2024-11-03 07:47:27,970 - INFO Retriever 0 - Agent主脑给出的回答为：{
    "retrieve_keywords": {
        "keyword_list": [
            "talent",
            "rewardTalent"
        ]
    }
}
2024-11-03 07:47:27,970 - INFO Retriever 0 - 是否成功解析：True
2024-11-03 07:47:27,970 - INFO Retriever 0 - operation_type (__det_dir_action):
2024-11-03 07:47:27,970 - INFO Retriever 0 - retrieve_keywords
2024-11-03 07:47:27,970 - INFO Retriever 0 - 

——————————————————————————————————————————————————————————————————————————————————————————————————————————————————————————
2024-11-03 07:47:27,971 - INFO Retriever 0 - Assistant:
2024-11-03 07:47:27,971 - INFO Retriever 0 - {
    "retrieve_keywords": {
        "keyword_list": [
            "talent",
            "rewardTalent"
        ]
    }
}
2024-11-03 07:47:27,971 - INFO Retriever 0 - dict_keys(['retrieve_keywords'])
2024-11-03 07:47:27,971 - INFO Retriever 0 - Agent主脑给出的行动：retrieve_keywords
参数：{'keyword_list': ['talent', 'rewardTalent']}
2024-11-03 07:47:28,134 - INFO Retriever 0 - Observer: 根据你提供的关键词，我检索到以下目录或文件，它们的绝对路径如下：


1. D:\\Unity\\Survaval\Assets\_MyAssets\Data\Achivements\大德鲁伊在第一关获胜.asset
该文件记录了一个游戏成就“大德鲁伊在第一关获胜”，要求玩家在第一关使用大德鲁伊天赋存活7分钟以解锁，成功后可获得500点奖励。

2. D:\\Unity\\Survaval\Assets\_MyAssets\Data\Achivements\通关无尽模式30层_500钻.asset
该文件描述了一个Unity游戏成就“通关无尽模式30层_500钻”，要求玩家在魔法森林中生存7分钟，并奖励500钻。成就类型未详，涉及使用任意天赋，且关联到特定地图和奖励配置。

3. D:\\Unity\\Survaval\Assets\_MyAssets\Data\Achivements\任意天赋在第五关达到10级_解锁迅雷项链.asset
该文件定义了一个Unity游戏成就，名为“任意天赋在第五关达到10级_解锁迅雷项链”，描述玩家需在第五关使用任意天赋升级至10级以解锁迅雷项链。成就类型为2，具体奖励类型未详，但涉及解锁物品。

4. D:\\Unity\\Survaval\Assets\_MyAssets\Data\Achivements\野心法师在第一关获胜.asset
该文件记录了一个游戏成就“野心法师在第一关获胜”，描述了玩家需使用野心法师天赋在第一关卡存活动获得7分以解锁此成就，并可获得500点奖励。成就的具体类型和奖励细节未明。

5. D:\\Unity\\Survaval\Assets\_MyAssets\Data\DailyTask\upLevelTask.asset
### 简要总结

该文件定义了Unity游戏中的“upLevelTask”脚本，包含任务名称、描述、类型、目标值等配置。任务类型为一般类型，目标值为20，奖励类型为1，奖励值为800。此外，脚本还指定了战斗通行证经验奖励为1000，并提供了本地化的任务名称和描述。奖励项的具体内容尚未指定。

6. D:\\Unity\\Survaval\Assets\_MyAssets\Data\DailyTask\watchADTask.asset
该文件描述了一个Unity游戏中的广告观看任务脚本`watchADTask`，包含任务名称、描述、奖励类型（如经验值）和数值。任务配置支持本地化，适用于多语言环境。

7. D:\\Unity\\Survaval\Assets\_MyAssets\Data\Achivements\任意天赋在第三关获胜_解锁无尽模式.asset
该文件描述了一个Unity游戏成就，名为“任意天赋在第三关获胜_解锁无尽模式”，要求玩家在魔法森林地图的第三关使用任意天赋生存7分钟。完成成就后，玩家将获得500奖励，并可能解锁无尽模式。

8. D:\\Unity\\Survaval\Assets\_MyAssets\Data\Achivements\分裂冰锥在第一关获胜.asset
该文件记录了Unity游戏中的一个成就配置，名为“分裂冰锥在第一关获胜”，要求玩家在天梯第一关使用分裂冰锥存活7秒即可解锁，成功后可获得500点奖励。


请注意，这些目录或文件可能不全都和你的任务目标相关，仅供参考。请你基于具体的文件内容概述，结合你的任务目标，认真思考分析后，优先选择最有可能与任务相关的目录或文件进行进一步的检查。
2024-11-03 07:47:28,136 - INFO Retriever 0 - 

————————————————————————————————————————————————————————————————
2024-11-03 07:47:28,139 - INFO Retriever 0 - 当前窗口总长度：17
2024-11-03 07:47:28,139 - INFO Retriever 0 - 当前更新窗口长度：8
2024-11-03 07:47:28,139 - INFO Retriever 0 - 当前更新窗口长度：8
2024-11-03 07:47:28,140 - INFO Retriever 0 - ————————————————————————————————————————————————————————————————


2024-11-03 07:47:34,577 - INFO Retriever 0 - Agent主脑给出的回答为：{
    "deep_think": {
        "thoughts": "根据检索到的文件和目录，我注意到“D:\\Unity\\Survaval\\Assets\\_MyAssets\\Data\\Achivements\\任意天赋在第五关达到10级_解锁迅雷项链.asset”这个文件再次出现，这表明这个文件与天赋和成就有关，并且可能包含关于如何解锁天赋的信息。由于我已经阅读了该文件的内容，并且它没有直接提供修改游戏初始天赋解锁状态的解决方案，我需要重新考虑我的搜索策略。\n\n考虑到游戏中的天赋解锁可能涉及到游戏配置或脚本，我决定再次使用get_folder_info操作，获取“D:\\Unity\\Survaval\\Assets\\_MyAssets\\Data”目录下的文件信息，以便找到可能包含天赋解锁逻辑的文件。"
    }
}
2024-11-03 07:47:34,577 - INFO Retriever 0 - 是否成功解析：True
2024-11-03 07:47:34,577 - INFO Retriever 0 - operation_type (__det_dir_action):
2024-11-03 07:47:34,577 - INFO Retriever 0 - deep_think
2024-11-03 07:47:34,577 - INFO Retriever 0 - 

——————————————————————————————————————————————————————————————————————————————————————————————————————————————————————————
2024-11-03 07:47:34,577 - INFO Retriever 0 - Assistant:
2024-11-03 07:47:34,577 - INFO Retriever 0 - {
    "deep_think": {
        "thoughts": "根据检索到的文件和目录，我注意到“D:\\Unity\\Survaval\\Assets\\_MyAssets\\Data\\Achivements\\任意天赋在第五关达到10级_解锁迅雷项链.asset”这个文件再次出现，这表明这个文件与天赋和成就有关，并且可能包含关于如何解锁天赋的信息。由于我已经阅读了该文件的内容，并且它没有直接提供修改游戏初始天赋解锁状态的解决方案，我需要重新考虑我的搜索策略。\n\n考虑到游戏中的天赋解锁可能涉及到游戏配置或脚本，我决定再次使用get_folder_info操作，获取“D:\\Unity\\Survaval\\Assets\\_MyAssets\\Data”目录下的文件信息，以便找到可能包含天赋解锁逻辑的文件。"
    }
}
2024-11-03 07:47:34,577 - INFO Retriever 0 - dict_keys(['deep_think'])
2024-11-03 07:47:34,580 - INFO Retriever 0 - Agent主脑给出的行动：deep_think
参数：{'thoughts': '根据检索到的文件和目录，我注意到“D:\\Unity\\Survaval\\Assets\\_MyAssets\\Data\\Achivements\\任意天赋在第五关达到10级_解锁迅雷项链.asset”这个文件再次出现，这表明这个文件与天赋和成就有关，并且可能包含关于如何解锁天赋的信息。由于我已经阅读了该文件的内容，并且它没有直接提供修改游戏初始天赋解锁状态的解决方案，我需要重新考虑我的搜索策略。\n\n考虑到游戏中的天赋解锁可能涉及到游戏配置或脚本，我决定再次使用get_folder_info操作，获取“D:\\Unity\\Survaval\\Assets\\_MyAssets\\Data”目录下的文件信息，以便找到可能包含天赋解锁逻辑的文件。', 'repeat_counter': 1, 'continue_think_counter': 1}
2024-11-03 07:47:34,581 - INFO Retriever 0 - Observer: 好的，请继续你的下一步行动或思考。
2024-11-03 07:47:34,582 - INFO Retriever 0 - 

————————————————————————————————————————————————————————————————
2024-11-03 07:47:34,582 - INFO Retriever 0 - 当前窗口总长度：19
2024-11-03 07:47:34,582 - INFO Retriever 0 - 当前更新窗口长度：10
2024-11-03 07:47:34,583 - INFO Retriever 0 - 当前更新窗口长度：10
2024-11-03 07:47:34,583 - INFO Retriever 0 - ————————————————————————————————————————————————————————————————


2024-11-03 07:48:09,680 - INFO Retriever 0 - Agent主脑给出的回答为：{
    "get_folder_info": {
        "target_folder_path": "D:\\Unity\\Survaval\\Assets\\_MyAssets\\Data"
    }
}
2024-11-03 07:48:09,682 - INFO Retriever 0 - 是否成功解析：True
2024-11-03 07:48:09,682 - INFO Retriever 0 - operation_type (__det_dir_action):
2024-11-03 07:48:09,682 - INFO Retriever 0 - get_folder_info
2024-11-03 07:48:09,682 - INFO Retriever 0 - 

——————————————————————————————————————————————————————————————————————————————————————————————————————————————————————————
2024-11-03 07:48:09,682 - INFO Retriever 0 - Assistant:
2024-11-03 07:48:09,682 - INFO Retriever 0 - {
    "get_folder_info": {
        "target_folder_path": "D:\\Unity\\Survaval\\Assets\\_MyAssets\\Data"
    }
}
2024-11-03 07:48:09,682 - INFO Retriever 0 - dict_keys(['get_folder_info'])
2024-11-03 07:48:09,684 - INFO Retriever 0 - Agent主脑给出的行动：get_folder_info
参数：{'target_folder_path': 'D:\\Unity\\Survaval\\Assets\\_MyAssets\\Data'}
2024-11-03 07:48:09,891 - INFO Retriever 0 - Observer: 目标文件夹路径：D:\Unity\Survaval\Assets\_MyAssets\Data
文件结构树（该结构树可能不完整，仅返回深度小于等于1层的子文件以及文件夹）：
├── Achivements
│   ├── 任意天赋在第一关获胜解锁全能徽章.asset
│   ├── 任意天赋在第一关获胜解锁天寒地冻.asset
│   ...
│   ├── 魔法飞弹升到5级.asset
├── BattlePass
│   ├── BattlePassData.asset
│   ├── Level_1-10.asset
│   ...
│   ├── level_91-100.asset
├── DailyTask
│   ├── doneallTask.asset
│   ├── killenemyTask.asset
│   ├── passTask.asset
│   ├── startlevelTask.asset
│   ├── upLevelTask.asset
│   ├── watchADTask.asset
├── DefaultUnlockedData.asset
├── Drops
│   ├── Drop_Chest_1.asset
│   ├── Drop_Chest_2.asset
│   ...
│   ├── _Drop_Generate_Data.asset
├── Equip
│   ├── 全能徽章.asset
│   ├── 全能徽章碎片.asset
│   ...
│   ├── 飞翔符文碎片.asset
├── Handbooks
│   ├── Handbook_Item_1.asset
│   ├── Handbook_Item_10.asset
│   ...
│   ├── Handbook_Item_9.asset
├── Items
│   ├── 主动技能圣光复仇_LV1.asset
│   ├── 主动技能圣光复仇_LV2.asset
│   ...
│   ├── 鹰眼LV5.asset
├── Map
│   ├── Map0.asset
│   ├── Map1.asset
│   ...
│   ├── MapEndlessRewards.asset
├── Propertys
│   ├── Property_BulletAmount.asset
│   ├── Property_Cooling.asset
│   ...
│   ├── Property_雷电精通.asset
├── Roles
│   ├── Role1.asset
│   ├── Role10.asset
│   ...
│   ├── Role9.asset
├── SevenSign
│   ├── Day1.asset
│   ├── Day2.asset
│   ├── Day3.asset
│   ├── Day4.asset
│   ├── Day5.asset
│   ├── Day6.asset
│   ├── Day7.asset
├── SkillValueBuffs
│   ├── BUFF减速100%（冰霜新星减速）.asset
│   ├── BUFF减速100%（冰霜新星减速）LV2.asset
│   ├── BUFF减速50%.asset
│   ├── BUFF推开10米.asset
│   ├── BUFF推开15米（闪现推开）.asset
│   ├── BUFF推开3米.asset
├── Skills
│   ├── 主动技能圣光复仇_LV1.asset
│   ├── 主动技能圣光复仇_LV2.asset
│   ...
│   ├── 魔法飞弹伤害LV8.asset
├── Spawns
│   ├── enemy_spawn_0.asset
│   ├── enemy_spawn_1.asset
│   ├── enemy_spawn_2.asset
│   ├── enemy_spawn_3.asset
│   ├── enemy_spawn_4.asset
│   ├── enemy_spawn_endless_0.asset
│   ├── enemy_spawn_teach.asset
├── Talents
│   ├── 001_法师学徒.asset
│   ├── 002_大魔导士.asset
│   ...
│   ├── 013_野心法师.asset
├── _GameData.asset


其中，部分主要文件及文件夹的信息如下：
1. Data
# 路径:D:\\Unity\\Survaval\Assets\_MyAssets\Data
# 内容概述:“Data”文件夹是Unity游戏项目的核心，汇集了游戏配置和脚本资产，涵盖成就、战斗通行证、任务、物品掉落、角色装备、地图、技能、敌人生成等多个方面。文件夹内各子文件夹如Achivements、BattlePass和DailyTask等，分别管理成就解锁、奖励系统和日常任务等游戏机制；而Equip、Items和Map等则专注于角色、物品和地图的详细配置。这些文件和配置相互关联，共同构建了游戏的数据结构和功能框架。

2. Achivements
# 路径:D:\\Unity\\Survaval\Assets\_MyAssets\Data\Achivements
# 内容概述:该“Achivements”文件夹汇集了Unity游戏中的成就配置文件，涵盖了多种成就解锁条件与奖励设置。文件内容涉及玩家在关卡中存活、使用特定天赋、达到特定等级、击杀怪物以及完成任务等多种成就解锁方式，并关联到游戏内的地图、角色、技能和奖励系统，共同构建了丰富多样的游戏成就体系。

3. BattlePass
# 路径:D:\\Unity\\Survaval\Assets\_MyAssets\Data\BattlePass
# 内容概述:## 简化版文件夹内容分析总结

“BattlePass”文件夹汇集了Unity游戏开发中的关键配置文件，涵盖战斗通行证数据结构、经验值和奖励设置，以及从等级1至100的关卡奖励配置。这些文件协同定义了游戏的奖励系统，为玩家提供完成关卡和参与战斗的激励，同时部分奖励配置涉及外部数据引用，表明系统可能包含更复杂的数据结构。文件夹内文件如“BattlePassData.asset”定义了战斗通行证的整体框架，而“Level_1-100.asset”系列文件则详细列出了各等级的奖励配置，包括正常和升级奖励。

4. DailyTask
# 路径:D:\\Unity\\Survaval\Assets\_MyAssets\Data\DailyTask
# 内容概述:### 文件夹内容简述

“DailyTask”文件夹汇集了Unity游戏引擎中的多个任务配置文件，旨在构建一个全面的游戏任务系统。文件包括“doneallTask.asset”定义的全面任务配置，以及“killenemyTask.asset”和“passTask.asset”等针对特定行为的任务脚本。此外，如“startlevelTask.asset”和“upLevelTask.asset”等文件则专注于特定游戏事件，如等级提升和广告观看任务。这些文件共同构成了游戏任务框架，涵盖了任务定义、奖励机制和玩家互动等多个方面。

5. Drops
# 路径:D:\\Unity\\Survaval\Assets\_MyAssets\Data\Drops
# 内容概述:### 文件夹内容总结

“Drops”文件夹汇集了Unity游戏开发中用于控制物品掉落的脚本资产，包括宝箱、金币、装备等不同类型物品的掉落逻辑配置。文件夹内资产如Drop_Chest_1至Drop_Chest_3定义了不同等级宝箱的掉落属性，而Drop_Coin系列资产则针对金币掉落进行细致配置。此外，Drop_Equip、Drop_goldMagnet等资产分别管理特定装备和磁铁的掉落规则。最后，_Drop_Generate_Data资产则汇总了所有掉落物品的配置数据，共同构成了游戏中的物品掉落系统。

6. Equip
# 路径:D:\\Unity\\Survaval\Assets\_MyAssets\Data\Equip
# 内容概述:“Equip”文件夹汇集了Unity游戏引擎中丰富的装备和物品配置文件，涵盖徽章、戒指、项链、符文等多种游戏内物品。这些文件以YAML格式编写，详细记录了每个物品的属性、效果、价格、解锁方式及角色数据。文件间存在紧密关联，如“全能徽章”与“全能徽章碎片”可能代表一个完整装备及其合成碎片；“冰灵徽章”等物品则提供角色属性加成或特殊效果。此外，许多物品支持本地化，适应不同语言环境。

7. Handbooks
# 路径:D:\\Unity\\Survaval\Assets\_MyAssets\Data\Handbooks
# 内容概述:### 文件夹内容总结

“Handbooks”文件夹汇集了Unity游戏引擎中多个脚本组件的配置文件，每个文件以YAML格式详细记录了对应组件的属性、关联资产和配置数据。这些文件共同构成了游戏开发中脚本组件的配置信息，涵盖了从基础属性到特定项目数据的全面描述，为开发者提供了管理和使用这些组件的必要指导。

8. Items
# 路径:D:\\Unity\\Survaval\Assets\_MyAssets\Data\Items
# 内容概述:这些游戏资产涵盖了装备、武器、技能和道具等多种类型，旨在提升角色属性、增强伤害输出、强化防御或施加特殊效果。装备和技能配置详尽，包含属性数值、图标视觉、技能效果和获取方式，为玩家提供丰富的游戏体验和角色定制选项。

9. Map
# 路径:D:\\Unity\\Survaval\Assets\_MyAssets\Data\Map
# 内容概述:“Map”文件夹汇集了Unity游戏引擎中多个地图的详细配置文件。包含Map0至Map5以及MapEndless等地图的资产文件，每个文件定义了相应地图的基本属性、描述、游戏设置、敌人生成、成就、音乐、时长、本地化以及装备掉落等。MapEndlessRewards.asset文件则通过Python代码解析MapEndless.asset中的奖励数据，共同支撑游戏地图的丰富性和互动性。

10. Propertys
# 路径:D:\\Unity\\Survaval\Assets\_MyAssets\Data\Propertys
# 内容概述:“Propertys”文件夹汇集了Unity游戏引擎中多种属性配置文件，涵盖了从子弹数量、冷却时间到暴击率、防御等游戏内角色和物品能力的调整。这些文件共同构成了游戏属性系统，通过升级或购买，玩家可以增强角色或物品的能力。文件内容关联性强，如暴击率与暴击伤害、冷却时间与技能使用等属性相互影响，共同影响游戏体验。

11. Roles
# 路径:D:\\Unity\\Survaval\Assets\_MyAssets\Data\Roles
# 内容概述:“Roles”文件夹汇集了Unity游戏引擎中多个角色的详细配置文件，每个文件独立描述了一个角色的属性和设置，包括角色名称、描述、属性值、价格、货币类型和索引等。这些文件共同构建了游戏的角色系统，确保角色在游戏中的正确实现和交互。

12. SevenSign
# 路径:D:\\Unity\\Survaval\Assets\_MyAssets\Data\SevenSign
# 内容概述:### 文件夹内容简述

“SevenSign”文件夹汇集了Unity3D游戏开发的脚本配置文件，每文件对应游戏的一天，并包含相应的奖励设置。文件名以“DayX.asset”格式命名，X为天数，内容涉及脚本元数据及奖励列表，如角色、装备等。这些文件共同构建了游戏中的日常事件和奖励系统，确保了游戏体验的连贯性和丰富性。

13. Skills
# 路径:D:\\Unity\\Survaval\Assets\_MyAssets\Data\Skills
# 内容概述:。

当然可以。以下是对之前提到的关键点的融合总结：

该文件详细配置了一个名为“魔法飞弹爆炸LV15”的Unity游戏对象脚本，包括其特效、子弹、搜索目标、范围、移动速度、碰撞设置和技能触发等。文件中定义了与爆炸效果相关的特效和子弹的资产GUID，以及搜索目标和目标层，用于确定爆炸影响的对象。此外，文件还设置了爆炸的范围和移动速度，并定义了碰撞时的行为，如是否调用结束、技能值等。这些配置共同定义了魔法飞弹爆炸在游戏中的行为和效果。

14. SkillValueBuffs
# 路径:D:\\Unity\\Survaval\Assets\_MyAssets\Data\SkillValueBuffs
# 内容概述:“SkillValueBuffs”文件夹汇集了多个Unity游戏脚本组件，涵盖减速、推开等游戏效果。文件如“BUFF减速100%（冰霜新星减速）.asset”和“BUFF减速50%.asset”等，分别实现了不同程度的减速效果，而“BUFF推开10米.asset”至“BUFF推开15米（闪现推开）.asset”系列则专注于推开功能，其中“闪现推开”可能指代特殊效果。这些组件均以YAML格式定义，具备各自的属性和配置，共同服务于Unity游戏中的特殊效果实现。

15. Spawns
# 路径:D:\\Unity\\Survaval\Assets\_MyAssets\Data\Spawns
# 内容概述:### 文件夹内容总结
“Spawns”文件夹汇集了Unity游戏引擎中用于配置敌人生成逻辑的多个文件。这些文件共同定义了敌人的种类、生成时间、冷却时间、难度等级、奖励生成和音乐播放等关键参数。例如，`enemy_spawn_0.asset`和`enemy_spawn_1.asset`详细描述了基础生成配置，而`enemy_spawn_endless_0.asset`则专注于无限生成模式。此外，`enemy_spawn_teach.asset`提供了敌人生成规则的教学示例。这些文件相互补充，确保了游戏敌人生成系统的精确性和多样性。

16. Talents
# 路径:D:\\Unity\\Survaval\Assets\_MyAssets\Data\Talents
# 内容概述:“Talents”文件夹汇集了Unity游戏中的角色技能配置文件，包含法师学徒、大魔导士等角色的技能信息，详细描述了技能效果、关联资源（如武器、被动技能和成就）以及本地化文本。每个文件针对特定角色或技能，如法师学徒的移动速度提升和魔法飞弹技能，大魔导士的子弹数量增加和星陨技能，展现了技能与角色属性的紧密关联。

17. DefaultUnlockedData.asset
# 路径:D:\\Unity\\Survaval\Assets\_MyAssets\Data\DefaultUnlockedData.asset
# 内容概述:### 简要总结
该文件是Unity游戏资产，定义了一个名为“DefaultUnlockedData”的MonoBehaviour脚本，包含基础属性和预留的空数组，用于存储游戏数据如奖励角色、地图ID、物品和才能等。

18. _GameData.asset
# 路径:D:\\Unity\\Survaval\Assets\_MyAssets\Data\_GameData.asset
# 内容概述:。

这段文字主要描述了一个游戏内的数据结构，其中包含了多个关键组件和数据类型，例如：

- **数据结构**：游戏内的数据结构
- **关键组件**：ReferencedUnityObjects, SerializationNodes, allItemData, rootItems
- **数据类型**：Prefab, PrefabModifications, SerializationNodes

游戏内的数据结构由ReferencedUnityObjects、SerializationNodes、allItemData和rootItems等关键组件构成，其中Prefab和PrefabModifications用于定义预制体和修改，SerializationNodes则包含序列化节点信息，而allItemData和rootItems则分别存储所有物品数据和根物品数据。


2024-11-03 07:48:09,891 - INFO Retriever 0 - 

————————————————————————————————————————————————————————————————
2024-11-03 07:48:09,895 - INFO Retriever 0 - 当前窗口总长度：21
2024-11-03 07:48:09,895 - INFO Retriever 0 - 当前更新窗口长度：12
2024-11-03 07:48:09,895 - INFO Retriever 0 - 当前更新窗口长度：12
2024-11-03 07:48:09,896 - INFO Retriever 0 - ————————————————————————————————————————————————————————————————


2024-11-03 07:48:42,492 - INFO Retriever 0 - Agent主脑给出的回答为：{
    "deep_think": {
        "thoughts": "在获取了“D:\\Unity\\Survaval\\Assets\\_MyAssets\\Data”目录下的文件信息后，我注意到“Talents”文件夹可能包含与天赋相关的配置文件。由于任务目标是修改游戏初始天赋选择的解锁状态，我需要检查这个文件夹中的文件。接下来，我将使用read_long_details操作，读取“D:\\Unity\\Survaval\\Assets\\_MyAssets\\Data\\Talents”目录下所有一级子文件的名称，以便找到可能包含天赋解锁逻辑的文件。"
    }
}
2024-11-03 07:48:42,492 - INFO Retriever 0 - 是否成功解析：True
2024-11-03 07:48:42,492 - INFO Retriever 0 - operation_type (__det_dir_action):
2024-11-03 07:48:42,494 - INFO Retriever 0 - deep_think
2024-11-03 07:48:42,494 - INFO Retriever 0 - 

——————————————————————————————————————————————————————————————————————————————————————————————————————————————————————————
2024-11-03 07:48:42,495 - INFO Retriever 0 - Assistant:
2024-11-03 07:48:42,495 - INFO Retriever 0 - {
    "deep_think": {
        "thoughts": "在获取了“D:\\Unity\\Survaval\\Assets\\_MyAssets\\Data”目录下的文件信息后，我注意到“Talents”文件夹可能包含与天赋相关的配置文件。由于任务目标是修改游戏初始天赋选择的解锁状态，我需要检查这个文件夹中的文件。接下来，我将使用read_long_details操作，读取“D:\\Unity\\Survaval\\Assets\\_MyAssets\\Data\\Talents”目录下所有一级子文件的名称，以便找到可能包含天赋解锁逻辑的文件。"
    }
}
2024-11-03 07:48:42,495 - INFO Retriever 0 - dict_keys(['deep_think'])
2024-11-03 07:48:42,496 - INFO Retriever 0 - Agent主脑给出的行动：deep_think
参数：{'thoughts': '在获取了“D:\\Unity\\Survaval\\Assets\\_MyAssets\\Data”目录下的文件信息后，我注意到“Talents”文件夹可能包含与天赋相关的配置文件。由于任务目标是修改游戏初始天赋选择的解锁状态，我需要检查这个文件夹中的文件。接下来，我将使用read_long_details操作，读取“D:\\Unity\\Survaval\\Assets\\_MyAssets\\Data\\Talents”目录下所有一级子文件的名称，以便找到可能包含天赋解锁逻辑的文件。', 'repeat_counter': 1, 'continue_think_counter': 1}
2024-11-03 07:48:42,496 - INFO Retriever 0 - Observer: 好的，请继续你的下一步行动或思考。
2024-11-03 07:48:42,497 - INFO Retriever 0 - 

————————————————————————————————————————————————————————————————
2024-11-03 07:48:42,498 - INFO Retriever 0 - 当前窗口总长度：23
2024-11-03 07:48:42,498 - INFO Retriever 0 - 当前更新窗口长度：14
2024-11-03 07:48:42,498 - INFO Retriever 0 - 当前更新窗口长度：14
2024-11-03 07:48:42,498 - INFO Retriever 0 - ————————————————————————————————————————————————————————————————


2024-11-03 07:48:47,867 - INFO Retriever 0 - Agent主脑给出的回答为：{
    "read_long_details": {
        "file_path": "D:\\Unity\\Survaval\\Assets\\_MyAssets\\Data\\Talents"
    }
}
2024-11-03 07:48:47,867 - INFO Retriever 0 - 是否成功解析：True
2024-11-03 07:48:47,867 - INFO Retriever 0 - operation_type (__det_dir_action):
2024-11-03 07:48:47,867 - INFO Retriever 0 - read_long_details
2024-11-03 07:48:47,867 - INFO Retriever 0 - 

——————————————————————————————————————————————————————————————————————————————————————————————————————————————————————————
2024-11-03 07:48:47,867 - INFO Retriever 0 - Assistant:
2024-11-03 07:48:47,867 - INFO Retriever 0 - {
    "read_long_details": {
        "file_path": "D:\\Unity\\Survaval\\Assets\\_MyAssets\\Data\\Talents"
    }
}
2024-11-03 07:48:47,867 - INFO Retriever 0 - dict_keys(['read_long_details'])
2024-11-03 07:48:47,867 - INFO Retriever 0 - Agent主脑给出的行动：read_long_details
参数：{'file_path': 'D:\\Unity\\Survaval\\Assets\\_MyAssets\\Data\\Talents', 'top_path': 'D:/Unity/Survaval\\Assets', 'return_file_sum': <bound method TreeGenerationAction.return_file_sum of <Action.tree_gen_action.TreeGenerationAction object at 0x0000020AE93C4A60>>}
2024-11-03 07:48:47,867 - INFO Retriever 0 - Observer: 这是一个名为“Talents”的文件目录。该目录下的所有一级文件名称如下（已省略.meta文件，因为文件数量太多且.meta文件对当前任务无用）：
001_法师学徒.asset
002_大魔导士.asset
003_操纵雷电.asset
004_毁灭射线.asset
005_分裂冰锥.asset
006_重甲骑兵.asset
007_大德鲁伊.asset
008_圣殿骑士.asset
009_烈焰骑士.asset
010_冰天雪地.asset
011_药剂师.asset
012_戴罪之人.asset
013_野心法师.asset
2024-11-03 07:48:47,872 - INFO Retriever 0 - 

————————————————————————————————————————————————————————————————
2024-11-03 07:48:47,872 - INFO Retriever 0 - 当前窗口总长度：25
2024-11-03 07:48:47,872 - INFO Retriever 0 - 当前更新窗口长度：16
2024-11-03 07:48:47,872 - INFO Retriever 0 - 当前更新窗口长度：16
2024-11-03 07:48:47,872 - INFO Retriever 0 - ————————————————————————————————————————————————————————————————


2024-11-03 07:48:56,689 - INFO Retriever 0 - Agent主脑给出的回答为：{
    "deep_think": {
        "thoughts": "根据读取到的“Talents”目录下的文件名称，我注意到这些文件似乎与游戏中的不同角色或技能有关，例如“法师学徒”、“大魔导士”等。这些文件可能是定义游戏角色天赋的配置文件。由于任务目标是修改游戏初始天赋选择的解锁状态，我需要检查这些文件的内容，以确定是否包含有关天赋解锁逻辑的信息。接下来，我将使用read_file操作，读取“D:\\Unity\\Survaval\\Assets\\_MyAssets\\Data\\Talents\\001_法师学徒.asset”文件的内容，以便进一步分析。"
    }
}
2024-11-03 07:48:56,689 - INFO Retriever 0 - 是否成功解析：True
2024-11-03 07:48:56,689 - INFO Retriever 0 - operation_type (__det_dir_action):
2024-11-03 07:48:56,689 - INFO Retriever 0 - deep_think
2024-11-03 07:48:56,689 - INFO Retriever 0 - 

——————————————————————————————————————————————————————————————————————————————————————————————————————————————————————————
2024-11-03 07:48:56,689 - INFO Retriever 0 - Assistant:
2024-11-03 07:48:56,689 - INFO Retriever 0 - {
    "deep_think": {
        "thoughts": "根据读取到的“Talents”目录下的文件名称，我注意到这些文件似乎与游戏中的不同角色或技能有关，例如“法师学徒”、“大魔导士”等。这些文件可能是定义游戏角色天赋的配置文件。由于任务目标是修改游戏初始天赋选择的解锁状态，我需要检查这些文件的内容，以确定是否包含有关天赋解锁逻辑的信息。接下来，我将使用read_file操作，读取“D:\\Unity\\Survaval\\Assets\\_MyAssets\\Data\\Talents\\001_法师学徒.asset”文件的内容，以便进一步分析。"
    }
}
2024-11-03 07:48:56,689 - INFO Retriever 0 - dict_keys(['deep_think'])
2024-11-03 07:48:56,689 - INFO Retriever 0 - Agent主脑给出的行动：deep_think
参数：{'thoughts': '根据读取到的“Talents”目录下的文件名称，我注意到这些文件似乎与游戏中的不同角色或技能有关，例如“法师学徒”、“大魔导士”等。这些文件可能是定义游戏角色天赋的配置文件。由于任务目标是修改游戏初始天赋选择的解锁状态，我需要检查这些文件的内容，以确定是否包含有关天赋解锁逻辑的信息。接下来，我将使用read_file操作，读取“D:\\Unity\\Survaval\\Assets\\_MyAssets\\Data\\Talents\\001_法师学徒.asset”文件的内容，以便进一步分析。', 'repeat_counter': 1, 'continue_think_counter': 1}
2024-11-03 07:48:56,689 - INFO Retriever 0 - Observer: 好的，请继续你的下一步行动或思考。
2024-11-03 07:48:56,689 - INFO Retriever 0 - 

————————————————————————————————————————————————————————————————
2024-11-03 07:48:56,689 - INFO Retriever 0 - 当前窗口总长度：27
2024-11-03 07:48:56,689 - INFO Retriever 0 - 当前更新窗口长度：18
2024-11-03 07:48:56,689 - INFO Retriever 0 - 当前更新窗口长度：18
2024-11-03 07:48:56,689 - INFO Retriever 0 - ————————————————————————————————————————————————————————————————


2024-11-03 07:49:30,200 - INFO Retriever 0 - Agent主脑给出的回答为：{
    "read_file": {
        "file_path": "D:\\Unity\\Survaval\\Assets\\_MyAssets\\Data\\Talents\\001_法师学徒.asset"
    }
}
2024-11-03 07:49:30,201 - INFO Retriever 0 - 是否成功解析：True
2024-11-03 07:49:30,201 - INFO Retriever 0 - operation_type (__det_dir_action):
2024-11-03 07:49:30,201 - INFO Retriever 0 - read_file
2024-11-03 07:49:30,201 - INFO Retriever 0 - 

——————————————————————————————————————————————————————————————————————————————————————————————————————————————————————————
2024-11-03 07:49:30,202 - INFO Retriever 0 - Assistant:
2024-11-03 07:49:30,202 - INFO Retriever 0 - {
    "read_file": {
        "file_path": "D:\\Unity\\Survaval\\Assets\\_MyAssets\\Data\\Talents\\001_法师学徒.asset"
    }
}
2024-11-03 07:49:30,202 - INFO Retriever 0 - dict_keys(['read_file'])
2024-11-03 07:49:30,202 - INFO Retriever 0 - Agent主脑给出的行动：read_file
参数：{'file_path': 'D:\\Unity\\Survaval\\Assets\\_MyAssets\\Data\\Talents\\001_法师学徒.asset', 'top_path': 'D:/Unity/Survaval\\Assets', 'return_file_sum': <bound method TreeGenerationAction.return_file_sum of <Action.tree_gen_action.TreeGenerationAction object at 0x0000020AE93C4A60>>}
2024-11-03 07:49:30,208 - INFO Retriever 0 - Observer: 这是一个名为“001_法师学徒.asset”的文件，该文件里的内容为：
MonoBehaviour:
  m_ObjectHideFlags: 0
  m_CorrespondingSourceObject:
    fileID: 0
  m_PrefabInstance:
    fileID: 0
  m_PrefabAsset:
    fileID: 0
  m_GameObject:
    fileID: 0
  m_Enabled: 1
  m_EditorHideFlags: 0
  m_Script:
    fileID: 11500000
    guid: 00988c4b745993540a5be521ce28dbae
    type: 3
  m_Name: 001_法师学徒
  m_EditorClassIdentifier: None
  internalID: 617027903
  talentName: Apprentice Mage
  talentDescribe: Your movement speed is increased by 10% with Magic Missile.
  talentName_cn: 法师学徒
  talentDescription_cn: 你的移动速度+10%，使用魔法飞弹。
  weapon:
    fileID: 11400000
    guid: 0355b83425a13364dac451c84b425c8f
    type: 2
  passiveSkill:
    fileID: 11400000
    guid: 15e5fee4cfd7e4149958e027098f2115
    type: 2
  achivement:
    fileID: 0
  TalentIndex: 1
  talentNameLocal: Talent_Name_001_法师学徒
  talentDescLocal: Talent_Description_001_法师学徒
2024-11-03 07:49:30,210 - INFO Retriever 0 - 

————————————————————————————————————————————————————————————————
2024-11-03 07:49:30,210 - INFO Retriever 0 - 当前窗口总长度：29
2024-11-03 07:49:30,212 - INFO Retriever 0 - 当前更新窗口长度：20
2024-11-03 07:49:30,212 - INFO Retriever 0 - 当前更新窗口长度：20
2024-11-03 07:49:30,212 - INFO Retriever 0 - ————————————————————————————————————————————————————————————————


2024-11-03 07:49:36,352 - INFO Retriever 0 - Agent主脑给出的回答为：{
    "deep_think": {
        "thoughts": "根据读取到的“001_法师学徒.asset”文件内容，这个文件是一个Unity游戏资产，它定义了一个名为“法师学徒”的天赋，描述了天赋的效果，并关联了武器和被动技能。然而，这个文件并没有直接提供如何修改游戏初始天赋解锁状态的解决方案。由于“Talents”目录下的其他文件也可能包含类似的天赋配置，我需要继续检查这些文件。\n\n接下来，我将使用read_file操作，读取“D:\\Unity\\Survaval\\Assets\\_MyAssets\\Data\\Talents\\002_大魔导士.asset”文件的内容，以便进一步分析。"
    }
}
2024-11-03 07:49:36,354 - INFO Retriever 0 - 是否成功解析：True
2024-11-03 07:49:36,354 - INFO Retriever 0 - operation_type (__det_dir_action):
2024-11-03 07:49:36,354 - INFO Retriever 0 - deep_think
2024-11-03 07:49:36,355 - INFO Retriever 0 - 

——————————————————————————————————————————————————————————————————————————————————————————————————————————————————————————
2024-11-03 07:49:36,355 - INFO Retriever 0 - Assistant:
2024-11-03 07:49:36,355 - INFO Retriever 0 - {
    "deep_think": {
        "thoughts": "根据读取到的“001_法师学徒.asset”文件内容，这个文件是一个Unity游戏资产，它定义了一个名为“法师学徒”的天赋，描述了天赋的效果，并关联了武器和被动技能。然而，这个文件并没有直接提供如何修改游戏初始天赋解锁状态的解决方案。由于“Talents”目录下的其他文件也可能包含类似的天赋配置，我需要继续检查这些文件。\n\n接下来，我将使用read_file操作，读取“D:\\Unity\\Survaval\\Assets\\_MyAssets\\Data\\Talents\\002_大魔导士.asset”文件的内容，以便进一步分析。"
    }
}
2024-11-03 07:49:36,355 - INFO Retriever 0 - dict_keys(['deep_think'])
2024-11-03 07:49:36,356 - INFO Retriever 0 - Agent主脑给出的行动：deep_think
参数：{'thoughts': '根据读取到的“001_法师学徒.asset”文件内容，这个文件是一个Unity游戏资产，它定义了一个名为“法师学徒”的天赋，描述了天赋的效果，并关联了武器和被动技能。然而，这个文件并没有直接提供如何修改游戏初始天赋解锁状态的解决方案。由于“Talents”目录下的其他文件也可能包含类似的天赋配置，我需要继续检查这些文件。\n\n接下来，我将使用read_file操作，读取“D:\\Unity\\Survaval\\Assets\\_MyAssets\\Data\\Talents\\002_大魔导士.asset”文件的内容，以便进一步分析。', 'repeat_counter': 1, 'continue_think_counter': 1}
2024-11-03 07:49:36,356 - INFO Retriever 0 - Observer: 好的，请继续你的下一步行动或思考。
2024-11-03 07:49:36,358 - INFO Retriever 0 - 

————————————————————————————————————————————————————————————————
2024-11-03 07:49:36,358 - INFO Retriever 0 - 当前窗口总长度：31
2024-11-03 07:49:36,358 - INFO Retriever 0 - 当前更新窗口长度：22
2024-11-03 07:49:36,358 - INFO Retriever 0 - 当前更新窗口长度：22
2024-11-03 07:49:36,358 - INFO Retriever 0 - ————————————————————————————————————————————————————————————————


2024-11-03 07:49:39,679 - INFO Retriever 0 - Agent主脑给出的回答为：{
    "read_file": {
        "file_path": "D:\\Unity\\Survaval\\Assets\\_MyAssets\\Data\\Talents\\002_大魔导士.asset"
    }
}
2024-11-03 07:49:39,679 - INFO Retriever 0 - 是否成功解析：True
2024-11-03 07:49:39,679 - INFO Retriever 0 - operation_type (__det_dir_action):
2024-11-03 07:49:39,680 - INFO Retriever 0 - read_file
2024-11-03 07:49:39,680 - INFO Retriever 0 - 

——————————————————————————————————————————————————————————————————————————————————————————————————————————————————————————
2024-11-03 07:49:39,680 - INFO Retriever 0 - Assistant:
2024-11-03 07:49:39,680 - INFO Retriever 0 - {
    "read_file": {
        "file_path": "D:\\Unity\\Survaval\\Assets\\_MyAssets\\Data\\Talents\\002_大魔导士.asset"
    }
}
2024-11-03 07:49:39,680 - INFO Retriever 0 - dict_keys(['read_file'])
2024-11-03 07:49:39,680 - INFO Retriever 0 - Agent主脑给出的行动：read_file
参数：{'file_path': 'D:\\Unity\\Survaval\\Assets\\_MyAssets\\Data\\Talents\\002_大魔导士.asset', 'top_path': 'D:/Unity/Survaval\\Assets', 'return_file_sum': <bound method TreeGenerationAction.return_file_sum of <Action.tree_gen_action.TreeGenerationAction object at 0x0000020AE93C4A60>>}
2024-11-03 07:49:39,683 - INFO Retriever 0 - Observer: 这是一个名为“002_大魔导士.asset”的文件，该文件里的内容为：
MonoBehaviour:
  m_ObjectHideFlags: 0
  m_CorrespondingSourceObject:
    fileID: 0
  m_PrefabInstance:
    fileID: 0
  m_PrefabAsset:
    fileID: 0
  m_GameObject:
    fileID: 0
  m_Enabled: 1
  m_EditorHideFlags: 0
  m_Script:
    fileID: 11500000
    guid: 00988c4b745993540a5be521ce28dbae
    type: 3
  m_Name: 002_大魔导士
  m_EditorClassIdentifier: None
  internalID: 2118588281
  talentName: Archmagician
  talentDescribe: Fires one more bullet with Starfall
  talentName_cn: 大魔导士
  talentDescription_cn: 发射的子弹数量+1，使用星落
  weapon:
    fileID: 11400000
    guid: 60a27e861426c56478bc0e9764ee3421
    type: 2
  passiveSkill:
    fileID: 11400000
    guid: 7b960de28324acd48afb0d2fb16eddee
    type: 2
  achivement:
    fileID: 11400000
    guid: ac075e10dec750041ae1419895e1b2bb
    type: 2
  TalentIndex: 2
  talentNameLocal: Talent_Name_002_大魔导士
  talentDescLocal: Talent_Description_002_大魔导士
2024-11-03 07:49:39,687 - INFO Retriever 0 - 

————————————————————————————————————————————————————————————————
2024-11-03 07:49:39,687 - INFO Retriever 0 - 当前窗口总长度：33
2024-11-03 07:49:39,689 - INFO Retriever 0 - 当前更新窗口长度：24
2024-11-03 07:49:39,689 - INFO Retriever 0 - 当前更新窗口长度：24
2024-11-03 07:49:39,689 - INFO Retriever 0 - ————————————————————————————————————————————————————————————————


2024-11-03 07:49:46,123 - INFO Retriever 0 - Agent主脑给出的回答为：{
    "deep_think": {
        "thoughts": "根据读取到的“002_大魔导士.asset”文件内容，这个文件也是一个Unity游戏资产，它定义了一个名为“大魔导士”的天赋，描述了天赋的效果，并关联了武器、被动技能和成就。然而，这个文件同样没有直接提供如何修改游戏初始天赋解锁状态的解决方案。由于“Talents”目录下的其他文件也可能包含类似的天赋配置，我需要继续检查这些文件。\n\n接下来，我将使用read_file操作，读取“D:\\Unity\\Survaval\\Assets\\_MyAssets\\Data\\Talents\\003_操纵雷电.asset”文件的内容，以便进一步分析。"
    }
}
2024-11-03 07:49:46,125 - INFO Retriever 0 - 是否成功解析：True
2024-11-03 07:49:46,125 - INFO Retriever 0 - operation_type (__det_dir_action):
2024-11-03 07:49:46,125 - INFO Retriever 0 - deep_think
2024-11-03 07:49:46,125 - INFO Retriever 0 - 

——————————————————————————————————————————————————————————————————————————————————————————————————————————————————————————
2024-11-03 07:49:46,126 - INFO Retriever 0 - Assistant:
2024-11-03 07:49:46,126 - INFO Retriever 0 - {
    "deep_think": {
        "thoughts": "根据读取到的“002_大魔导士.asset”文件内容，这个文件也是一个Unity游戏资产，它定义了一个名为“大魔导士”的天赋，描述了天赋的效果，并关联了武器、被动技能和成就。然而，这个文件同样没有直接提供如何修改游戏初始天赋解锁状态的解决方案。由于“Talents”目录下的其他文件也可能包含类似的天赋配置，我需要继续检查这些文件。\n\n接下来，我将使用read_file操作，读取“D:\\Unity\\Survaval\\Assets\\_MyAssets\\Data\\Talents\\003_操纵雷电.asset”文件的内容，以便进一步分析。"
    }
}
2024-11-03 07:49:46,126 - INFO Retriever 0 - dict_keys(['deep_think'])
2024-11-03 07:49:46,126 - INFO Retriever 0 - Agent主脑给出的行动：deep_think
参数：{'thoughts': '根据读取到的“002_大魔导士.asset”文件内容，这个文件也是一个Unity游戏资产，它定义了一个名为“大魔导士”的天赋，描述了天赋的效果，并关联了武器、被动技能和成就。然而，这个文件同样没有直接提供如何修改游戏初始天赋解锁状态的解决方案。由于“Talents”目录下的其他文件也可能包含类似的天赋配置，我需要继续检查这些文件。\n\n接下来，我将使用read_file操作，读取“D:\\Unity\\Survaval\\Assets\\_MyAssets\\Data\\Talents\\003_操纵雷电.asset”文件的内容，以便进一步分析。', 'repeat_counter': 1, 'continue_think_counter': 1}
2024-11-03 07:49:46,126 - INFO Retriever 0 - Observer: 好的，请继续你的下一步行动或思考。
2024-11-03 07:49:46,128 - INFO Retriever 0 - 

————————————————————————————————————————————————————————————————
2024-11-03 07:49:46,128 - INFO Retriever 0 - 当前窗口总长度：35
2024-11-03 07:49:46,128 - INFO Retriever 0 - 当前更新窗口长度：26
2024-11-03 07:49:46,128 - INFO Retriever 0 - 当前更新窗口长度：26
2024-11-03 07:49:46,128 - INFO Retriever 0 - ————————————————————————————————————————————————————————————————


2024-11-03 07:49:49,345 - INFO Retriever 0 - Agent主脑给出的回答为：{
    "read_file": {
        "file_path": "D:\\Unity\\Survaval\\Assets\\_MyAssets\\Data\\Talents\\003_操纵雷电.asset"
    }
}
2024-11-03 07:49:49,345 - INFO Retriever 0 - 是否成功解析：True
2024-11-03 07:49:49,345 - INFO Retriever 0 - operation_type (__det_dir_action):
2024-11-03 07:49:49,345 - INFO Retriever 0 - read_file
2024-11-03 07:49:49,346 - INFO Retriever 0 - 

——————————————————————————————————————————————————————————————————————————————————————————————————————————————————————————
2024-11-03 07:49:49,346 - INFO Retriever 0 - Assistant:
2024-11-03 07:49:49,346 - INFO Retriever 0 - {
    "read_file": {
        "file_path": "D:\\Unity\\Survaval\\Assets\\_MyAssets\\Data\\Talents\\003_操纵雷电.asset"
    }
}
2024-11-03 07:49:49,346 - INFO Retriever 0 - dict_keys(['read_file'])
2024-11-03 07:49:49,346 - INFO Retriever 0 - Agent主脑给出的行动：read_file
参数：{'file_path': 'D:\\Unity\\Survaval\\Assets\\_MyAssets\\Data\\Talents\\003_操纵雷电.asset', 'top_path': 'D:/Unity/Survaval\\Assets', 'return_file_sum': <bound method TreeGenerationAction.return_file_sum of <Action.tree_gen_action.TreeGenerationAction object at 0x0000020AE93C4A60>>}
2024-11-03 07:49:49,351 - INFO Retriever 0 - Observer: 这是一个名为“003_操纵雷电.asset”的文件，该文件里的内容为：
MonoBehaviour:
  m_ObjectHideFlags: 0
  m_CorrespondingSourceObject:
    fileID: 0
  m_PrefabInstance:
    fileID: 0
  m_PrefabAsset:
    fileID: 0
  m_GameObject:
    fileID: 0
  m_Enabled: 1
  m_EditorHideFlags: 0
  m_Script:
    fileID: 11500000
    guid: 00988c4b745993540a5be521ce28dbae
    type: 3
  m_Name: 003_操纵雷电
  m_EditorClassIdentifier: None
  internalID: 2043831565
  talentName: Lord of Thunder
  talentDescribe: Both skill and effect range inceases by 10% with Lightning Chain
  talentName_cn: 操纵雷电
  talentDescription_cn: 你的技能和效果范围+10%。你使用闪电链
  weapon:
    fileID: 11400000
    guid: 889c1007891e32648b64ef8127155acc
    type: 2
  passiveSkill:
    fileID: 11400000
    guid: 08eb0c565ac1cae4d9cb5f86a6b5f34c
    type: 2
  achivement:
    fileID: 11400000
    guid: ea7ef3727558d9f4684dc3c25be870ca
    type: 2
  TalentIndex: 3
  talentNameLocal: Talent_Name_003_操纵雷电
  talentDescLocal: Talent_Description_003_操纵雷电
2024-11-03 07:49:49,355 - INFO Retriever 0 - 

————————————————————————————————————————————————————————————————
2024-11-03 07:49:49,355 - INFO Retriever 0 - 当前窗口总长度：37
2024-11-03 07:49:49,355 - INFO Retriever 0 - 当前更新窗口长度：28
2024-11-03 07:49:49,355 - INFO Retriever 0 - 当前更新窗口长度：28
2024-11-03 07:49:49,356 - INFO Retriever 0 - ————————————————————————————————————————————————————————————————


2024-11-03 07:49:52,706 - INFO Retriever 0 - Agent主脑给出的回答为：{
    "deep_think": {
        "thoughts": "根据读取到的“003_操纵雷电.asset”文件内容，这个文件同样是一个Unity游戏资产，它定义了一个名为“操纵雷电”的天赋，描述了天赋的效果，并关联了武器、被动技能和成就。然而，这个文件也没有直接提供如何修改游戏初始天赋解锁状态的解决方案。由于“Talents”目录下的其他文件也可能包含类似的天赋配置，我需要继续检查这些文件。\n\n接下来，我将使用read_file操作，读取“D:\\Unity\\Survaval\\Assets\\_MyAssets\\Data\\Talents\\004_毁灭射线.asset”文件的内容，以便进一步分析。"
    }
}
2024-11-03 07:49:52,711 - INFO Retriever 0 - 是否成功解析：True
2024-11-03 07:49:52,711 - INFO Retriever 0 - operation_type (__det_dir_action):
2024-11-03 07:49:52,711 - INFO Retriever 0 - deep_think
2024-11-03 07:49:52,712 - INFO Retriever 0 - 

——————————————————————————————————————————————————————————————————————————————————————————————————————————————————————————
2024-11-03 07:49:52,712 - INFO Retriever 0 - Assistant:
2024-11-03 07:49:52,712 - INFO Retriever 0 - {
    "deep_think": {
        "thoughts": "根据读取到的“003_操纵雷电.asset”文件内容，这个文件同样是一个Unity游戏资产，它定义了一个名为“操纵雷电”的天赋，描述了天赋的效果，并关联了武器、被动技能和成就。然而，这个文件也没有直接提供如何修改游戏初始天赋解锁状态的解决方案。由于“Talents”目录下的其他文件也可能包含类似的天赋配置，我需要继续检查这些文件。\n\n接下来，我将使用read_file操作，读取“D:\\Unity\\Survaval\\Assets\\_MyAssets\\Data\\Talents\\004_毁灭射线.asset”文件的内容，以便进一步分析。"
    }
}
2024-11-03 07:49:52,713 - INFO Retriever 0 - dict_keys(['deep_think'])
2024-11-03 07:49:52,713 - INFO Retriever 0 - Agent主脑给出的行动：deep_think
参数：{'thoughts': '根据读取到的“003_操纵雷电.asset”文件内容，这个文件同样是一个Unity游戏资产，它定义了一个名为“操纵雷电”的天赋，描述了天赋的效果，并关联了武器、被动技能和成就。然而，这个文件也没有直接提供如何修改游戏初始天赋解锁状态的解决方案。由于“Talents”目录下的其他文件也可能包含类似的天赋配置，我需要继续检查这些文件。\n\n接下来，我将使用read_file操作，读取“D:\\Unity\\Survaval\\Assets\\_MyAssets\\Data\\Talents\\004_毁灭射线.asset”文件的内容，以便进一步分析。', 'repeat_counter': 1, 'continue_think_counter': 1}
2024-11-03 07:49:52,716 - INFO Retriever 0 - Observer: 好的，请继续你的下一步行动或思考。
2024-11-03 07:49:52,722 - INFO Retriever 0 - 

————————————————————————————————————————————————————————————————
2024-11-03 07:49:52,722 - INFO Retriever 0 - 当前窗口总长度：39
2024-11-03 07:49:52,722 - INFO Retriever 0 - 当前更新窗口长度：30
2024-11-03 07:49:52,722 - INFO Retriever 0 - 当前更新窗口长度：30
2024-11-03 07:49:52,723 - INFO Retriever 0 - -- updated_window_size >= self._compress_window_size --
2024-11-03 07:49:52,723 - INFO Retriever 0 - 进行窗口压缩
2024-11-03 07:51:25,210 - INFO Retriever 0 - window report:
* 文件一：
    * 文件绝对路径：D:\\Unity\\Survaval\\Assets\\_MyAssets\\Data\\Achivements\\任意天赋在第五关达到10级_解锁迅雷项链.asset
    * 文件内容概述：该文件定义了一个Unity游戏成就，名为“任意天赋在第五关达到10级_解锁迅雷项链”，描述玩家需在第五关使用任意天赋升级至10级以解锁迅雷项链。成就类型为2，具体奖励类型未详，但涉及解锁物品。
    * 是否与问题相关：相关
    * 具体分析：该文件与天赋解锁有关，但主要描述的是通过成就解锁特定物品，而非初始天赋解锁状态。

* 文件二：
    * 文件绝对路径：D:\\Unity\\Survaval\\Assets\\_MyAssets\\Data\\Talents\\001_法师学徒.asset
    * 文件内容概述：该文件定义了一个名为“法师学徒”的天赋，描述了天赋的效果，并关联了武器和被动技能。
    * 是否与问题相关：相关
    * 具体分析：该文件定义了游戏中的一个天赋，但没有提供关于如何修改初始天赋解锁状态的直接信息。

* 文件三：
    * 文件绝对路径：D:\\Unity\\Survaval\\Assets\\_MyAssets\\Data\\Talents\\002_大魔导士.asset
    * 文件内容概述：该文件定义了一个名为“大魔导士”的天赋，描述了天赋的效果，并关联了武器、被动技能和成就。
    * 是否与问题相关：相关
    * 具体分析：该文件定义了游戏中的一个天赋，但没有提供关于如何修改初始天赋解锁状态的直接信息。

* 文件四：
    * 文件绝对路径：D:\\Unity\\Survaval\\Assets\\_MyAssets\\Data\\Talents\\003_操纵雷电.asset
    * 文件内容概述：该文件定义了一个名为“操纵雷电”的天赋，描述了天赋的效果，并关联了武器、被动技能和成就。
    * 是否与问题相关：相关
    * 具体分析：该文件定义了游戏中的一个天赋，但没有提供关于如何修改初始天赋解锁状态的直接信息。

* 文件五：
    * 文件绝对路径：D:\\Unity\\Survaval\\Assets\\_MyAssets\\Data\\Talents\\004_毁灭射线.asset
    * 文件内容概述：该文件定义了一个名为“毁灭射线”的天赋，描述了天赋的效果，并关联了武器、被动技能和成就。
    * 是否与问题相关：相关
    * 具体分析：该文件定义了游戏中的一个天赋，但没有提供关于如何修改初始天赋解锁状态的直接信息。

* 文件六：
    * 文件绝对路径：D:\\Unity\\Survaval\\Assets\\_MyAssets\\Data\\Talents\\005_分裂冰锥.asset
    * 文件内容概述：该文件定义了一个名为“分裂冰锥”的天赋，描述了天赋的效果，并关联了武器、被动技能和成就。
    * 是否与问题相关：相关
    * 具体分析：该文件定义了游戏中的一个天赋，但没有提供关于如何修改初始天赋解锁状态的直接信息。

* 文件七：
    * 文件绝对路径：D:\\Unity\\Survaval\\Assets\\_MyAssets\\Data\\Talents\\006_重甲骑兵.asset
    * 文件内容概述：该文件定义了一个名为“重甲骑兵”的天赋，描述了天赋的效果，并关联了武器、被动技能和成就。
    * 是否与问题相关：相关
    * 具体分析：该文件定义了游戏中的一个天赋，但没有提供关于如何修改初始天赋解锁状态的直接信息。

* 文件八：
    * 文件绝对路径：D:\\Unity\\Survaval\\Assets\\_MyAssets\\Data\\Talents\\007_大德鲁伊.asset
    * 文件内容概述：该文件定义了一个名为“大德鲁伊”的天赋，描述了天赋的效果，并关联了武器、被动技能和成就。
    * 是否与问题相关：相关
    * 具体分析：该文件定义了游戏中的一个天赋，但没有提供关于如何修改初始天赋解锁状态的直接信息。

* 文件九：
    * 文件绝对路径：D:\\Unity\\Survaval\\Assets\\_MyAssets\\Data\\Talents\\008_圣殿骑士.asset
    * 文件内容概述：该文件定义了一个名为“圣殿骑士”的天赋，描述了天赋的效果，并关联了武器、被动技能和成就。
    * 是否与问题相关：相关
    * 具体分析：该文件定义了游戏中的一个天赋，但没有提供关于如何修改初始天赋解锁状态的直接信息。

* 文件十：
    * 文件绝对路径：D:\\Unity\\Survaval\\Assets\\_MyAssets\\Data\\Talents\\009_烈焰骑士.asset
    * 文件内容概述：该文件定义了一个名为“烈焰骑士”的天赋，描述了天赋的效果，并关联了武器、被动技能和成就。
    * 是否与问题相关：相关
    * 具体分析：该文件定义了游戏中的一个天赋，但没有提供关于如何修改初始天赋解锁状态的直接信息。

* 文件十一：
    * 文件绝对路径：D:\\Unity\\Survaval\\Assets\\_MyAssets\\Data\\Talents\\010_冰天雪地.asset
    * 文件内容概述：该文件定义了一个名为“冰天雪地”的天赋，描述了天赋的效果，并关联了武器、被动技能和成就。
    * 是否与问题相关：相关
    * 具体分析：该文件定义了游戏中的一个天赋，但没有提供关于如何修改初始天赋解锁状态的直接信息。

* 文件十二：
    * 文件绝对路径：D:\\Unity\\Survaval\\Assets\\_MyAssets\\Data\\Talents\\011_药剂师.asset
    * 文件内容概述：该文件定义了一个名为“药剂师”的天赋，描述了天赋的效果，并关联了武器、被动技能和成就。
    * 是否与问题相关：相关
    * 具体分析：该文件定义了游戏中的一个天赋，但没有提供关于如何修改初始天赋解锁状态的直接信息。

* 文件十三：
    * 文件绝对路径：D:\\Unity\\Survaval\\Assets\\_MyAssets\\Data\\Talents\\012_戴罪之人.asset
    * 文件内容概述：该文件定义了一个名为“戴罪之人”的天赋，描述了天赋的效果，并关联了武器、被动技能和成就。
    * 是否与问题相关：相关
    * 具体分析：该文件定义了游戏中的一个天赋，但没有提供关于如何修改初始天赋解锁状态的直接信息。

* 文件十四：
    * 文件绝对路径：D:\\Unity\\Survaval\\Assets\\_MyAssets\\Data\\Talents\\013_野心法师.asset
    * 文件内容概述：该文件定义了一个名为“野心法师”的天赋，描述了天赋的效果，并关联了武器、被动技能和成就。
    * 是否与问题相关：相关
    * 具体分析：该文件定义了游戏中的一个天赋，但没有提供关于如何修改初始天赋解锁状态的直接信息。

以上报告列出了在本次项目文件搜索过程中所搜索到的文件及其内容概述。
2024-11-03 07:51:25,212 - INFO Retriever 0 - 





——————————————————————————————Log compressed history list—————————————————————————————————
2024-11-03 07:51:25,213 - INFO Retriever 0 - ——————————————————————————————————————————order 1————————————————————————————————————————————




2024-11-03 07:51:25,213 - INFO Retriever 0 - user:
请在D:/Unity/Survaval\Assets下各级目录中寻找：如果要让目前游戏所有的初始天赋选择，在游戏一开始全部解锁，不需要完成特定任务解锁，我应该修改什么文件？
2024-11-03 07:51:25,213 - INFO Retriever 0 - assistant:
{
    "deep_think": {
        "thoughts": "好的，接下来我将通过深度思考、仔细计划以及逐步执行的方式，来完成该任务。\n\n首先，在阅读详细的代码细节之前，应该先整体把握整个项目。\n\n在提供的可选的action中，可以通过get_folder_info操作，通过将项目顶层路径作为target_folder_path参数进行传入，来获取获取项目中主要文件夹和主要文件的描述，从而能够先大致把握项目文件的主要文件的文件树结构、基本内容、主要代码概述以及大致功能板块的分布。"
    }
}
2024-11-03 07:51:25,213 - INFO Retriever 0 - user:
好的，请继续你的下一步行动或思考。
2024-11-03 07:51:25,214 - INFO Retriever 0 - assistant:
{
    "get_folder_info": {
        "target_folder_path": "D:/Unity/Survaval\\Assets"
    }
}
2024-11-03 07:51:25,214 - INFO Retriever 0 - user:
目标文件夹路径：D:/Unity/Survaval\Assets
文件结构树（该结构树可能不完整，仅返回深度小于等于1层的子文件以及文件夹）：
├── AddressableAssetsData
│   ├── AddressableAssetSettings.asset
│   ├── Android
│   ├── AssetGroupTemplates
│   ├── AssetGroups
│   ├── DataBuilders
│   ├── DefaultObject.asset
│   ├── iOS
├── AmplifyShaderEditor
│   ├── AmplifyShaderEditor.asmdef
│   ├── ChangeLog.txt
│   ├── CreatingTerrainsWithASE.txt
│   ├── Plugins
│   ├── Readme.txt
├── BlobHashMaps
│   ├── BlobBuilderExtensions.cs
│   ├── BlobHashMap.cs
│   ├── BlobHashMapIntInt.cs
│   ├── BlobHashMaps.asmdef
│   ├── BlobMultiHashMap.cs
│   ├── Data
├── BuildReport
│   ├── CustomBuildScriptExample.txt
│   ├── GUI
│   ├── README.txt
│   ├── Scripts
│   ├── VERSION.txt
│   ├── license.txt
├── CapturePath
├── DamageNumbersPro
│   ├── DamageNumbersPro.asmdef
│   ├── Documentation.url
│   ├── Editor
│   ├── Fonts
│   ├── Materials
│   ├── Scripts
├── Editor
│   ├── ChannelSetting.cs
│   ├── OrbiteExtenedEditor.cs
│   ├── Resources
│   ├── ShaderStripSettings
├── Editor Default Resources
│   ├── MasterAudio
├── EnhancedScroller v2
│   ├── ChangeLog.txt
│   ├── Documentation
│   ├── Plugins
│   ├── Tutorials
│   ├── readme.txt
│   ├── upgrading from 1.x to 2.x.txt
├── FlockBox
│   ├── Classic
│   ├── DOTS
│   ├── Flock Box Manual.pdf
├── Gizmos
│   ├── MasterAudio
├── Magic Spells Sound Effects V2.0
│   ├── Casting Loops
│   ├── Element Scholls
│   ├── General Spell
│   ├── Medieval Combat Sounds BONUS
│   ├── Special Attack
├── Pixel Arsenal
│   ├── Demo
│   ├── Materials
│   ...
│   ├── Textures
├── Plugins
│   ├── Android
│   ├── DarkTonic
│   ├── Demigiant
│   ├── Editor
│   ├── RelationsInspector
│   ├── Sirenix
│   ├── iOS
├── RPG Icons Pixel Art
│   ├── Aeromancer
│   ├── Alchemy1
│   ...
│   ├── Сrossbowman
├── Resources
│   ├── DOTweenSettings.asset
│   ├── MasterAudio
├── SPUM
│   ├── MonsterOrc_Prefabs
│   ├── MonsterUndeadPrefabs
│   ...
│   ├── Sprite_SheetExporter(Beta)
├── StreamingAssets
├── TextMesh Pro
│   ├── Documentation
│   ├── Fonts
│   ├── Resources
│   ├── Shaders
│   ├── Sprites
├── UniversalRenderPipelineGlobalSettings.asset
├── VirtualButtonsForUnity
│   ├── VirtualButtonsForUnity
├── YouLoftSDK
│   ├── PottingMobileSDK
│   ├── PottingMobileServices
│   ...
│   ├── YouloftTemp.cs
├── ZTools
│   ├── GlobalStringBuilder.cs
│   ├── Localization
│   ├── ZTools.asmdef
├── _MyAssets
│   ├── Animations
│   ├── ArtAssets
│   ...
│   ├── URPSettings


其中，部分主要文件及文件夹的信息如下：
1. Assets
# 路径:D:\\Unity\\Survaval\Assets
# 内容概述:“UniversalRenderPipelineGlobalSettings.asset”文件是Unity项目中用于配置通用渲染管道（URP）全局设置的资产。它涵盖了光照模式、阴影质量、后处理效果以及性能优化等关键设置，如光照层配置、阴影质量选择和后处理效果启用，旨在平衡视觉效果与性能表现，以适应不同游戏的需求。

2. AddressableAssetsData
# 路径:D:\\Unity\\Survaval\Assets\AddressableAssetsData
# 内容概述:### 文件夹内容简述

“AddressableAssetsData”文件夹汇集了Unity游戏开发所需的资源管理和配置文件。其中，Android和iOS子文件夹分别管理针对各自平台的资源状态。AssetGroups和AssetGroupTemplates子文件夹则专注于资源打包和内容更新配置，而DataBuilders子文件夹提供了资源管理和场景加载的脚本配置。此外，AddressableAssetSettings.asset文件负责资源加载和优化全局设置，而DefaultObject.asset则定义了Unity脚本组件的配置。整体而言，这些文件共同构成了游戏资源高效管理和优化的框架。

3. AmplifyShaderEditor
# 路径:D:\\Unity\\Survaval\Assets\AmplifyShaderEditor
# 内容概述:“AmplifyShaderEditor”文件夹汇集了Unity游戏开发中Amplify Shader Editor插件的核心组件与资源，包括编辑器脚本、界面资源、版本更新日志和使用指南。其中，“Editor”子文件夹承载着插件的核心逻辑和操作界面，而“EditorResources”则提供了图形用户界面和渲染资源。更新日志“ChangeLog.txt”详细记录了插件的功能迭代和问题修复，而“CreatingTerrainsWithASE.txt”则指导用户如何利用ASE创建地形着色器。遗憾的是，“Readme.txt”因编码错误无法读取，但预计包含插件的基本使用说明。

4. BlobHashMaps
# 路径:D:\\Unity\\Survaval\Assets\BlobHashMaps
# 内容概述:“BlobHashMaps”文件夹汇集了针对Unity游戏引擎优化的数据结构脚本，包括BlobHashMap和BlobMultiHashMap的实现。核心文件如BlobBuilderHashMapData.cs和BlobHashMapData.cs定义了HashMap和只读哈希表，BlobBuilderExtensions.cs扩展了BlobHashMap功能，BlobHashMap.cs和BlobHashMapIntInt.cs则提供了更丰富的操作和构建器功能。BlobHashMaps.asmdef文件定义了模块依赖，而BlobMultiHashMap.cs引入了多哈希映射支持，共同构成了一个高效的数据管理工具集。

5. BuildReport
# 路径:D:\\Unity\\Survaval\Assets\BuildReport
# 内容概述:“BuildReport”文件夹汇集了Unity游戏引擎的构建报告工具及相关资源，包括UI设计资源（如BRTSkin、NativeSkin和NativeSkinExtraIcons）、自动化构建脚本（如CustomBuildScriptExample.txt）和编辑器脚本（位于Scripts/Editor）。此外，它还包含定义特定窗口样式的皮肤文件（BuildReportWindow.guiskin和BuildReportWindowDark.guiskin），以及工具的许可证信息（license.txt）和使用说明（README.txt）。VERSION.txt文件记录了工具的版本更新历史，突出了新增功能和错误修复。

6. CapturePath
# 路径:D:\\Unity\\Survaval\Assets\CapturePath
# 内容概述:该文件夹内容为空。

7. DamageNumbersPro
# 路径:D:\\Unity\\Survaval\Assets\DamageNumbersPro
# 内容概述:“DamageNumbersPro”文件夹汇集了Unity游戏开发所需的资源，包括编辑器脚本、多种风格的字体、材质和游戏逻辑脚本。其中，编辑器脚本用于资源配置，字体和材质丰富了游戏视觉元素，而脚本集合则支撑了游戏的核心逻辑和交互。此外，汇编定义文件和文档链接文件提供了模块化开发和项目文档的便捷访问。

8. Editor
# 路径:D:\\Unity\\Survaval\Assets\Editor
# 内容概述:### 文件夹内容总结

“Editor”文件夹汇集了Unity项目开发所需的资源与工具。其中，**Resources**子文件夹提供游戏与动画设计的视觉素材，包括角色、场景元素和预制游戏单元。**ShaderStripSettings**包含提升渲染质量的Unity脚本组件，而**ChannelSetting.cs**脚本则用于管理不同渠道的SDK和项目配置。此外，**OrbiteExtenedEditor.cs**编辑器扩展脚本增强了文本编辑和屏幕截图功能，辅助设计和开发流程。整体上，这些资源与工具相互关联，共同服务于Unity项目的开发与优化。

9. Editor Default Resources
# 路径:D:\\Unity\\Survaval\Assets\Editor Default Resources
# 内容概述:“Editor Default Resources”文件夹汇集了多种音频处理相关的图标，包括播放、暂停、停止等控制图标，以及复制、删除、保存等操作图标，还有LED灯状态指示和扬声器图标等。这些图标共同服务于音频编辑和界面设计，为用户提供了直观的操作和状态指示。

10. EnhancedScroller v2
# 路径:D:\\Unity\\Survaval\Assets\EnhancedScroller v2
# 内容概述:该“EnhancedScroller v2”文件夹汇集了Unity游戏开发中EnhancedScroller插件的全面资源，包括用户手册、插件代码、教程和更新日志。用户手册详细介绍了插件的使用方法，插件代码则由组件、单元格视图和动画系统等组成，旨在提升UI开发效率。教程资源帮助开发者快速上手，而更新日志和升级指南则提供了插件版本间的变化和升级指导。

11. FlockBox
# 路径:D:\\Unity\\Survaval\Assets\FlockBox
# 内容概述:### 文件夹内容精简总结

“Flock Box”文件夹是Unity游戏开发项目，集成了视觉资源、游戏逻辑脚本和DOTS架构相关资源。其中，**Classic**子文件夹提供游戏场景、预制体和艺术资源，**DOTS**子文件夹则专注于DOTS架构的脚本和材料。项目手册“Flock Box Manual.pdf”详细介绍了项目结构、资源使用和开发指南，为开发者提供了全面的项目操作指导。

12. Gizmos
# 路径:D:\\Unity\\Survaval\Assets\Gizmos
# 内容概述:“Gizmos”文件夹汇集了音频处理相关的图标设计，包括“MasterAudio”品牌标识和“PlaylistController”播放列表控制功能的图标，旨在为音频软件界面提供视觉元素。

13. Magic Spells Sound Effects V2.0
# 路径:D:\\Unity\\Survaval\Assets\Magic Spells Sound Effects V2.0
# 内容概述:“Magic Spells Sound Effects V2.0”文件夹汇集了丰富的音效资源，包括循环施法音效、元素相关施法音效、通用魔法效果、中世纪战斗声音以及特定攻击音效。这些音效覆盖了从增益攻击到治疗，从施法到战斗动作，适用于游戏、影视等多媒体项目，且文件命名清晰，便于快速查找和使用。

14. Pixel Arsenal
# 路径:D:\\Unity\\Survaval\Assets\Pixel Arsenal
# 内容概述:“Pixel Arsenal”文件夹汇集了丰富的游戏开发资源，包括视觉素材（如天空盒和纹理）、预制体（如界面元素和特效）、场景素材、Unity脚本（用于游戏逻辑）和音频效果。这些资源相互关联，共同构建了游戏和视觉效果的基础，适用于Unity等游戏引擎。文件夹内的“ReadMe.txt”文件提供了资源使用指南和潜在的技术支持信息。

15. Plugins
# 路径:D:\\Unity\\Survaval\Assets\Plugins
# 内容概述:“Plugins”文件夹汇集了多平台游戏开发资源，包括Android应用开发工具、Unity游戏资源包如音频和网络同步插件，以及编辑器扩展和iOS应用开发组件。其中，Android子文件夹提供项目配置和第三方库；Unity相关资源如DarkTonic和Demigiant则专注于音频和网络同步，以及动画处理；Editor子文件夹增强Unity编辑器功能；iOS子文件夹涵盖性能监控和广告集成等iOS特有功能。这些资源相互关联，共同构建了一个全面的游戏开发环境。

16. Resources
# 路径:D:\\Unity\\Survaval\Assets\Resources
# 内容概述:### 文件夹内容总结

“Resources”文件夹汇集了Unity游戏项目的关键配置资源，包括“MasterAudioSettings.asset”用于音频处理和插件配置，以及“DOTweenSettings.asset”用于动画和缓动库的详细设置，两者共同确保游戏音效和动画的优化与流畅。

17. RPG Icons Pixel Art
# 路径:D:\\Unity\\Survaval\Assets\RPG Icons Pixel Art
# 内容概述:当然可以。以下是融合后的简短内容：

“Support contact.pdf”文件提供客户支持联系信息，包括电话、电子邮件和在线支持服务，并附有服务时间表、常见问题解答以及用户反馈表单，旨在为用户提供便捷的咨询与支持服务。

18. SPUM
# 路径:D:\\Unity\\Survaval\Assets\SPUM
# 内容概述:“SPUM”文件夹汇集了丰富的游戏开发资源，包括怪物与角色预制体、动画素材、图像资源、字体、材质以及Unity脚本等。它涵盖了从角色模型和动画到编辑器扩展和场景设置的全方位内容，旨在支持游戏开发、3D建模和动画制作项目。文件夹内不同子目录紧密关联，共同构成了一个完整的项目资源库。

19. StreamingAssets
# 路径:D:\\Unity\\Survaval\Assets\StreamingAssets
# 内容概述:“StreamingAssets”文件夹主要存储流媒体应用所需的资源，包括视频、音频和图像文件，以及相关的配置和脚本文件。该文件夹内部分为视频、音频、图像、配置和脚本等子文件夹，各自管理不同类型的媒体资源和播放逻辑配置，以确保资源的高效加载和流式传输。

20. TextMesh Pro
# 路径:D:\\Unity\\Survaval\Assets\TextMesh Pro
# 内容概述:该“TextMesh Pro”文件夹汇集了TextMesh Pro软件的用户指南、Liberation Sans字体资源、Unity项目资源包以及表情符号素材。其中，用户指南详细介绍了软件操作，Liberation Sans字体提供多种样式，Unity资源包包括字体、材质和精灵资产，着色器文件则专注于图形渲染，而表情符号资源则便于集成到项目中。这些内容相互关联，共同服务于游戏开发与图形设计的需求。

21. VirtualButtonsForUnity
# 路径:D:\\Unity\\Survaval\Assets\VirtualButtonsForUnity
# 内容概述:### 文件夹内容概览

“VirtualButtonsForUnity”文件夹是Unity游戏开发资源，集成了虚拟按钮、方向垫和摇杆预制体及脚本，旨在增强游戏交互体验。内含示例项目、预制体、脚本、图像资源和详细文档，方便开发者快速集成和使用。

22. YouLoftSDK
# 路径:D:\\Unity\\Survaval\Assets\YouLoftSDK
# 内容概述:### 文件夹内容总结

“YouLoftSDK”文件夹是Unity游戏开发者的综合工具包，集成了广告管理、支付、用户管理、数据同步等功能模块。其中，**PottingMobileSDK** 提供了Android和iOS平台的插件和脚本，**PottingMobileServices** 则包含了跨平台服务接口和功能脚本。广告管理、支付、礼包兑换等具体功能由 **YouLoftAd.cs**、**YouLoftPay.cs** 和 **YouLoftRedeemcode.cs** 等文件实现，而 **YouLoftSDKManager.cs** 负责管理这些模块，确保它们协同工作。此外，**YouLoftLogin.cs** 处理用户登录，**YouLoftEvent.cs** 和 **YouloftTemp.cs** 分别提供事件跟踪和配置同步功能，共同支撑游戏的整体运行。

23. ZTools
# 路径:D:\\Unity\\Survaval\Assets\ZTools
# 内容概述:### 文件夹内容总结
“ZTools”文件夹汇集了Unity游戏开发中本地化和字符串操作的工具。其中，包含用于本地化文本管理的脚本，如`StaticLocalizedText.cs`和`StaticLocalizedText_UGUI.cs`，以及`Strings.cs`用于管理本地化字符串。此外，`GlobalStringBuilder.cs`提供了全局字符串构建功能，优化了字符串操作性能。而“ZTools.asmdef”文件则定义了项目中的“ZTools”程序集，管理着相关脚本文件的引用和编译。这些工具共同构成了一个高效且模块化的开发环境。

24. _MyAssets
# 路径:D:\\Unity\\Survaval\Assets\_MyAssets
# 内容概述:“_MyAssets”文件夹是游戏开发的核心资源库，汇集了动画、艺术资产、音频、数据配置、编辑器资源、字体、图标、脚本、着色器等关键文件，以及预制体和场景设计。它为游戏提供了丰富的视觉和音频效果，并通过详细的配置文件和脚本实现了复杂的游戏逻辑和交互。文件夹内资源相互关联，共同支撑起游戏的整体架构和功能实现。

25. UniversalRenderPipelineGlobalSettings.asset
# 路径:D:\\Unity\\Survaval\Assets\UniversalRenderPipelineGlobalSettings.asset
# 内容概述:### 简化总结

该文件是Unity的通用渲染管道全局设置配置，定义了8个光照层（如Light Layer default至Light Layer 7）。它还包含了性能优化设置，如移除调试变体和未使用变体，以及不支持运行时调试显示。


2024-11-03 07:51:25,216 - INFO Retriever 0 - assistant:
{
    "deep_think": {
        "thoughts": "在获取了项目文件的顶层结构后，我还需要结合待查询的问题描述，对于项目中的文件和目录进行一些深度关键词检索。根据任务描述：“请在D:/Unity/Survaval\\Assets下各级目录中寻找：如果要让目前游戏所有的初始天赋选择，在游戏一开始全部解锁，不需要完成特定任务解锁，我应该修改什么文件？”，我总结出如下可能会出现在各个文件名或者文件内容中的关键词：“天赋”，“innate talent”，“assignment”，“初始天赋”，“特定任务”，“particular”，“natural gift”，“specific assignment”，“Commencement”，“initial”，“解锁”，“任务”，“undo the lock”，“choice”，“task”，“gift”，“特定”，“开始”，“talent”，“初始”，“specific”，“select”，“unlock”，“选择”，“specific task”。\n接下来，我将使用retrieve_keywords操作，在项目顶层路径“D:/Unity/Survaval\\Assets”下检索这些关键词，从而大致把握可能与问题描述相关的文件或目录的路径。"
    }
}
2024-11-03 07:51:25,216 - INFO Retriever 0 - user:
好的，请继续你的下一步行动或思考。
2024-11-03 07:51:25,217 - INFO Retriever 0 - assistant:
{
    "retrieve_keywords": {
        "keyword_list": [
            "天赋",
            "innate talent",
            "assignment",
            "初始天赋",
            "特定任务",
            "particular",
            "natural gift",
            "specific assignment",
            "Commencement",
            "initial",
            "解锁",
            "任务",
            "undo the lock",
            "choice",
            "task",
            "gift",
            "特定",
            "开始",
            "talent",
            "初始",
            "specific",
            "select",
            "unlock",
            "选择",
            "specific task"
        ]
    }
}
2024-11-03 07:51:25,217 - INFO Retriever 0 - user:
根据你提供的关键词，我检索到以下目录或文件，它们的绝对路径如下：


1. D:\\Unity\\Survaval\Assets\_MyAssets\FontPixel\unifont gift.mat
这是一个名为“unifont gift.mat”的文件。

2. D:\\Unity\\Survaval\Assets\_MyAssets\Texture\Textures\random-unlock-role.png
这是一个名为“random-unlock-role.png”的文件。

3. D:\\Unity\\Survaval\Library\PackageCache\com.unity.render-pipelines.universal@12.1.7\Documentation~\Images\rp-converter\select-converters.png
这是一个名为“select-converters.png”的文件。

4. D:\\Unity\\Survaval\Library\PackageCache\com.unity.render-pipelines.universal@12.1.7\Documentation~\Images\post-proc\ssao\ssao-select-renderer.png
这是一个名为“ssao-select-renderer.png”的文件。

5. D:\\Unity\\Survaval\Library\PackageCache\com.unity.timeline@1.6.4\Documentation~\images\timeline_clips_select_first.png
这是一个名为“timeline_clips_select_first.png”的文件。

6. D:\\Unity\\Survaval\Library\PackageCache\com.unity.timeline@1.6.4\Documentation~\images\timeline_curves_view_select_key.png
这是一个名为“timeline_curves_view_select_key.png”的文件。

7. D:\\Unity\\Survaval\Assets\_MyAssets\Data\Achivements\任意天赋在第五关达到10级_解锁迅雷项链.asset
该文件定义了一个Unity游戏成就，名为“任意天赋在第五关达到10级_解锁迅雷项链”，描述玩家需在第五关使用任意天赋升级至10级以解锁迅雷项链。成就类型为2，具体奖励类型未详，但涉及解锁物品。

8. D:\\Unity\\Survaval\Assets\_MyAssets\Data\DailyTask
### 文件夹内容简述

“DailyTask”文件夹汇集了Unity游戏引擎中的多个任务配置文件，旨在构建一个全面的游戏任务系统。文件包括“doneallTask.asset”定义的全面任务配置，以及“killenemyTask.asset”和“passTask.asset”等针对特定行为的任务脚本。此外，如“startlevelTask.asset”和“upLevelTask.asset”等文件则专注于特定游戏事件，如等级提升和广告观看任务。这些文件共同构成了游戏任务框架，涵盖了任务定义、奖励机制和玩家互动等多个方面。


请注意，这些目录或文件可能不全都和你的任务目标相关，仅供参考。请你基于具体的文件内容概述，结合你的任务目标，认真思考分析后，优先选择最有可能与任务相关的目录或文件进行进一步的检查。
2024-11-03 07:51:25,218 - INFO Retriever 0 - assistant:
好的。在我进行下一步行动或思考前，我又回顾了一下，以下是之前已经遍历过的文件信息：

* 文件一：
    * 文件绝对路径：D:\\Unity\\Survaval\\Assets\\_MyAssets\\Data\\Achivements\\任意天赋在第五关达到10级_解锁迅雷项链.asset
    * 文件内容概述：该文件定义了一个Unity游戏成就，名为“任意天赋在第五关达到10级_解锁迅雷项链”，描述玩家需在第五关使用任意天赋升级至10级以解锁迅雷项链。成就类型为2，具体奖励类型未详，但涉及解锁物品。
    * 是否与问题相关：相关
    * 具体分析：该文件与天赋解锁有关，但主要描述的是通过成就解锁特定物品，而非初始天赋解锁状态。

* 文件二：
    * 文件绝对路径：D:\\Unity\\Survaval\\Assets\\_MyAssets\\Data\\Talents\\001_法师学徒.asset
    * 文件内容概述：该文件定义了一个名为“法师学徒”的天赋，描述了天赋的效果，并关联了武器和被动技能。
    * 是否与问题相关：相关
    * 具体分析：该文件定义了游戏中的一个天赋，但没有提供关于如何修改初始天赋解锁状态的直接信息。

* 文件三：
    * 文件绝对路径：D:\\Unity\\Survaval\\Assets\\_MyAssets\\Data\\Talents\\002_大魔导士.asset
    * 文件内容概述：该文件定义了一个名为“大魔导士”的天赋，描述了天赋的效果，并关联了武器、被动技能和成就。
    * 是否与问题相关：相关
    * 具体分析：该文件定义了游戏中的一个天赋，但没有提供关于如何修改初始天赋解锁状态的直接信息。

* 文件四：
    * 文件绝对路径：D:\\Unity\\Survaval\\Assets\\_MyAssets\\Data\\Talents\\003_操纵雷电.asset
    * 文件内容概述：该文件定义了一个名为“操纵雷电”的天赋，描述了天赋的效果，并关联了武器、被动技能和成就。
    * 是否与问题相关：相关
    * 具体分析：该文件定义了游戏中的一个天赋，但没有提供关于如何修改初始天赋解锁状态的直接信息。

* 文件五：
    * 文件绝对路径：D:\\Unity\\Survaval\\Assets\\_MyAssets\\Data\\Talents\\004_毁灭射线.asset
    * 文件内容概述：该文件定义了一个名为“毁灭射线”的天赋，描述了天赋的效果，并关联了武器、被动技能和成就。
    * 是否与问题相关：相关
    * 具体分析：该文件定义了游戏中的一个天赋，但没有提供关于如何修改初始天赋解锁状态的直接信息。

* 文件六：
    * 文件绝对路径：D:\\Unity\\Survaval\\Assets\\_MyAssets\\Data\\Talents\\005_分裂冰锥.asset
    * 文件内容概述：该文件定义了一个名为“分裂冰锥”的天赋，描述了天赋的效果，并关联了武器、被动技能和成就。
    * 是否与问题相关：相关
    * 具体分析：该文件定义了游戏中的一个天赋，但没有提供关于如何修改初始天赋解锁状态的直接信息。

* 文件七：
    * 文件绝对路径：D:\\Unity\\Survaval\\Assets\\_MyAssets\\Data\\Talents\\006_重甲骑兵.asset
    * 文件内容概述：该文件定义了一个名为“重甲骑兵”的天赋，描述了天赋的效果，并关联了武器、被动技能和成就。
    * 是否与问题相关：相关
    * 具体分析：该文件定义了游戏中的一个天赋，但没有提供关于如何修改初始天赋解锁状态的直接信息。

* 文件八：
    * 文件绝对路径：D:\\Unity\\Survaval\\Assets\\_MyAssets\\Data\\Talents\\007_大德鲁伊.asset
    * 文件内容概述：该文件定义了一个名为“大德鲁伊”的天赋，描述了天赋的效果，并关联了武器、被动技能和成就。
    * 是否与问题相关：相关
    * 具体分析：该文件定义了游戏中的一个天赋，但没有提供关于如何修改初始天赋解锁状态的直接信息。

* 文件九：
    * 文件绝对路径：D:\\Unity\\Survaval\\Assets\\_MyAssets\\Data\\Talents\\008_圣殿骑士.asset
    * 文件内容概述：该文件定义了一个名为“圣殿骑士”的天赋，描述了天赋的效果，并关联了武器、被动技能和成就。
    * 是否与问题相关：相关
    * 具体分析：该文件定义了游戏中的一个天赋，但没有提供关于如何修改初始天赋解锁状态的直接信息。

* 文件十：
    * 文件绝对路径：D:\\Unity\\Survaval\\Assets\\_MyAssets\\Data\\Talents\\009_烈焰骑士.asset
    * 文件内容概述：该文件定义了一个名为“烈焰骑士”的天赋，描述了天赋的效果，并关联了武器、被动技能和成就。
    * 是否与问题相关：相关
    * 具体分析：该文件定义了游戏中的一个天赋，但没有提供关于如何修改初始天赋解锁状态的直接信息。

* 文件十一：
    * 文件绝对路径：D:\\Unity\\Survaval\\Assets\\_MyAssets\\Data\\Talents\\010_冰天雪地.asset
    * 文件内容概述：该文件定义了一个名为“冰天雪地”的天赋，描述了天赋的效果，并关联了武器、被动技能和成就。
    * 是否与问题相关：相关
    * 具体分析：该文件定义了游戏中的一个天赋，但没有提供关于如何修改初始天赋解锁状态的直接信息。

* 文件十二：
    * 文件绝对路径：D:\\Unity\\Survaval\\Assets\\_MyAssets\\Data\\Talents\\011_药剂师.asset
    * 文件内容概述：该文件定义了一个名为“药剂师”的天赋，描述了天赋的效果，并关联了武器、被动技能和成就。
    * 是否与问题相关：相关
    * 具体分析：该文件定义了游戏中的一个天赋，但没有提供关于如何修改初始天赋解锁状态的直接信息。

* 文件十三：
    * 文件绝对路径：D:\\Unity\\Survaval\\Assets\\_MyAssets\\Data\\Talents\\012_戴罪之人.asset
    * 文件内容概述：该文件定义了一个名为“戴罪之人”的天赋，描述了天赋的效果，并关联了武器、被动技能和成就。
    * 是否与问题相关：相关
    * 具体分析：该文件定义了游戏中的一个天赋，但没有提供关于如何修改初始天赋解锁状态的直接信息。

* 文件十四：
    * 文件绝对路径：D:\\Unity\\Survaval\\Assets\\_MyAssets\\Data\\Talents\\013_野心法师.asset
    * 文件内容概述：该文件定义了一个名为“野心法师”的天赋，描述了天赋的效果，并关联了武器、被动技能和成就。
    * 是否与问题相关：相关
    * 具体分析：该文件定义了游戏中的一个天赋，但没有提供关于如何修改初始天赋解锁状态的直接信息。

以上报告列出了在本次项目文件搜索过程中所搜索到的文件及其内容概述。

以上是我回顾的之前已经遍历过的文件信息。接下来，我将基于上述的进度，继续进行任务。
2024-11-03 07:51:25,219 - INFO Retriever 0 - user:
好的，请继续你的下一步行动或思考。
2024-11-03 07:51:25,219 - INFO Retriever 0 - 

——————————————————————————————————————————————————————————————————————————————————————————
2024-11-03 07:51:25,219 - INFO Retriever 0 - ——————————————————————————————————————————————————————————————————————————————————————————
2024-11-03 07:51:25,221 - INFO Retriever 0 - ————————————————————————————————————————————————————————————————


2024-11-03 07:51:35,363 - INFO Retriever 0 - Agent主脑给出的回答为：{
    "deep_think": {
        "thoughts": "根据之前获取的信息，我注意到在项目文件中存在一个名为'_MyAssets'的文件夹，其中包含一个名为'Data'的子文件夹，而'Data'子文件夹中又包含了一个名为'Talents'的子文件夹。根据文件夹名称，我推测'Talents'文件夹可能包含与游戏天赋相关的数据。为了进一步确认这一点，我需要查看'Talents'文件夹中的文件内容。我将使用'read_file'操作来读取'Talents'文件夹中的文件内容，以获取更详细的信息。"
    }
}
2024-11-03 07:51:35,364 - INFO Retriever 0 - 是否成功解析：True
2024-11-03 07:51:35,364 - INFO Retriever 0 - operation_type (__det_dir_action):
2024-11-03 07:51:35,364 - INFO Retriever 0 - deep_think
2024-11-03 07:51:35,364 - INFO Retriever 0 - 

——————————————————————————————————————————————————————————————————————————————————————————————————————————————————————————
2024-11-03 07:51:35,364 - INFO Retriever 0 - Assistant:
2024-11-03 07:51:35,366 - INFO Retriever 0 - {
    "deep_think": {
        "thoughts": "根据之前获取的信息，我注意到在项目文件中存在一个名为'_MyAssets'的文件夹，其中包含一个名为'Data'的子文件夹，而'Data'子文件夹中又包含了一个名为'Talents'的子文件夹。根据文件夹名称，我推测'Talents'文件夹可能包含与游戏天赋相关的数据。为了进一步确认这一点，我需要查看'Talents'文件夹中的文件内容。我将使用'read_file'操作来读取'Talents'文件夹中的文件内容，以获取更详细的信息。"
    }
}
2024-11-03 07:51:35,366 - INFO Retriever 0 - dict_keys(['deep_think'])
2024-11-03 07:51:35,366 - INFO Retriever 0 - Agent主脑给出的行动：deep_think
参数：{'thoughts': "根据之前获取的信息，我注意到在项目文件中存在一个名为'_MyAssets'的文件夹，其中包含一个名为'Data'的子文件夹，而'Data'子文件夹中又包含了一个名为'Talents'的子文件夹。根据文件夹名称，我推测'Talents'文件夹可能包含与游戏天赋相关的数据。为了进一步确认这一点，我需要查看'Talents'文件夹中的文件内容。我将使用'read_file'操作来读取'Talents'文件夹中的文件内容，以获取更详细的信息。", 'repeat_counter': 1, 'continue_think_counter': 1}
2024-11-03 07:51:35,366 - INFO Retriever 0 - Observer: 好的，请继续你的下一步行动或思考。
2024-11-03 07:51:35,368 - INFO Retriever 0 - 

————————————————————————————————————————————————————————————————
2024-11-03 07:51:35,368 - INFO Retriever 0 - 当前窗口总长度：13
2024-11-03 07:51:35,368 - INFO Retriever 0 - 当前更新窗口长度：4
2024-11-03 07:51:35,368 - INFO Retriever 0 - 当前更新窗口长度：4
2024-11-03 07:51:35,368 - INFO Retriever 0 - ————————————————————————————————————————————————————————————————


2024-11-03 07:51:38,925 - INFO Retriever 0 - Agent主脑给出的回答为：{
    "read_file": {
        "file_path": "D:/Unity/Survaval\\Assets\\_MyAssets\\Data\\Talents\\001_法师学徒.asset"
    }
}
2024-11-03 07:51:38,925 - INFO Retriever 0 - 是否成功解析：True
2024-11-03 07:51:38,925 - INFO Retriever 0 - operation_type (__det_dir_action):
2024-11-03 07:51:38,925 - INFO Retriever 0 - read_file
2024-11-03 07:51:38,925 - INFO Retriever 0 - 

——————————————————————————————————————————————————————————————————————————————————————————————————————————————————————————
2024-11-03 07:51:38,925 - INFO Retriever 0 - Assistant:
2024-11-03 07:51:38,925 - INFO Retriever 0 - {
    "read_file": {
        "file_path": "D:/Unity/Survaval\\Assets\\_MyAssets\\Data\\Talents\\001_法师学徒.asset"
    }
}
2024-11-03 07:51:38,925 - INFO Retriever 0 - dict_keys(['read_file'])
2024-11-03 07:51:38,925 - INFO Retriever 0 - Agent主脑给出的行动：read_file
参数：{'file_path': 'D:/Unity/Survaval\\Assets\\_MyAssets\\Data\\Talents\\001_法师学徒.asset', 'top_path': 'D:/Unity/Survaval\\Assets', 'return_file_sum': <bound method TreeGenerationAction.return_file_sum of <Action.tree_gen_action.TreeGenerationAction object at 0x0000020AE93C4A60>>}
2024-11-03 07:51:38,934 - INFO Retriever 0 - Observer: 这是一个名为“001_法师学徒.asset”的文件，该文件里的内容为：
MonoBehaviour:
  m_ObjectHideFlags: 0
  m_CorrespondingSourceObject:
    fileID: 0
  m_PrefabInstance:
    fileID: 0
  m_PrefabAsset:
    fileID: 0
  m_GameObject:
    fileID: 0
  m_Enabled: 1
  m_EditorHideFlags: 0
  m_Script:
    fileID: 11500000
    guid: 00988c4b745993540a5be521ce28dbae
    type: 3
  m_Name: 001_法师学徒
  m_EditorClassIdentifier: None
  internalID: 617027903
  talentName: Apprentice Mage
  talentDescribe: Your movement speed is increased by 10% with Magic Missile.
  talentName_cn: 法师学徒
  talentDescription_cn: 你的移动速度+10%，使用魔法飞弹。
  weapon:
    fileID: 11400000
    guid: 0355b83425a13364dac451c84b425c8f
    type: 2
  passiveSkill:
    fileID: 11400000
    guid: 15e5fee4cfd7e4149958e027098f2115
    type: 2
  achivement:
    fileID: 0
  TalentIndex: 1
  talentNameLocal: Talent_Name_001_法师学徒
  talentDescLocal: Talent_Description_001_法师学徒
2024-11-03 07:51:38,935 - INFO Retriever 0 - 

————————————————————————————————————————————————————————————————
2024-11-03 07:51:38,935 - INFO Retriever 0 - 当前窗口总长度：15
2024-11-03 07:51:38,935 - INFO Retriever 0 - 当前更新窗口长度：6
2024-11-03 07:51:38,935 - INFO Retriever 0 - 当前更新窗口长度：6
2024-11-03 07:51:38,935 - INFO Retriever 0 - ————————————————————————————————————————————————————————————————


2024-11-03 07:51:44,487 - INFO Retriever 0 - Agent主脑给出的回答为：{
    "deep_think": {
        "thoughts": "通过读取'001_法师学徒.asset'文件的内容，我了解到这是一个Unity资产文件，它定义了一个名为'法师学徒'的天赋。文件中包含了天赋的名称、描述、关联的武器和被动技能等信息。然而，文件内容并没有直接提供关于如何修改初始天赋解锁状态的设置。我需要进一步查看其他相关文件，特别是那些可能包含游戏逻辑和配置的文件，例如游戏设置或玩家配置文件。我将继续使用'read_file'操作来读取'Talents'文件夹中的其他文件，以寻找可能的线索。"
    }
}
2024-11-03 07:51:44,487 - INFO Retriever 0 - 是否成功解析：True
2024-11-03 07:51:44,489 - INFO Retriever 0 - operation_type (__det_dir_action):
2024-11-03 07:51:44,489 - INFO Retriever 0 - deep_think
2024-11-03 07:51:44,489 - INFO Retriever 0 - 

——————————————————————————————————————————————————————————————————————————————————————————————————————————————————————————
2024-11-03 07:51:44,490 - INFO Retriever 0 - Assistant:
2024-11-03 07:51:44,490 - INFO Retriever 0 - {
    "deep_think": {
        "thoughts": "通过读取'001_法师学徒.asset'文件的内容，我了解到这是一个Unity资产文件，它定义了一个名为'法师学徒'的天赋。文件中包含了天赋的名称、描述、关联的武器和被动技能等信息。然而，文件内容并没有直接提供关于如何修改初始天赋解锁状态的设置。我需要进一步查看其他相关文件，特别是那些可能包含游戏逻辑和配置的文件，例如游戏设置或玩家配置文件。我将继续使用'read_file'操作来读取'Talents'文件夹中的其他文件，以寻找可能的线索。"
    }
}
2024-11-03 07:51:44,490 - INFO Retriever 0 - dict_keys(['deep_think'])
2024-11-03 07:51:44,490 - INFO Retriever 0 - Agent主脑给出的行动：deep_think
参数：{'thoughts': "通过读取'001_法师学徒.asset'文件的内容，我了解到这是一个Unity资产文件，它定义了一个名为'法师学徒'的天赋。文件中包含了天赋的名称、描述、关联的武器和被动技能等信息。然而，文件内容并没有直接提供关于如何修改初始天赋解锁状态的设置。我需要进一步查看其他相关文件，特别是那些可能包含游戏逻辑和配置的文件，例如游戏设置或玩家配置文件。我将继续使用'read_file'操作来读取'Talents'文件夹中的其他文件，以寻找可能的线索。", 'repeat_counter': 1, 'continue_think_counter': 1}
2024-11-03 07:51:44,490 - INFO Retriever 0 - Observer: 好的，请继续你的下一步行动或思考。
2024-11-03 07:51:44,493 - INFO Retriever 0 - 

————————————————————————————————————————————————————————————————
2024-11-03 07:51:44,493 - INFO Retriever 0 - 当前窗口总长度：17
2024-11-03 07:51:44,493 - INFO Retriever 0 - 当前更新窗口长度：8
2024-11-03 07:51:44,493 - INFO Retriever 0 - 当前更新窗口长度：8
2024-11-03 07:51:44,493 - INFO Retriever 0 - ————————————————————————————————————————————————————————————————


2024-11-03 07:51:46,231 - INFO Retriever 0 - Agent主脑给出的回答为：{
    "read_file": {
        "file_path": "D:/Unity/Survaval\\Assets\\_MyAssets\\Data\\Talents\\002_大魔导士.asset"
    }
}
2024-11-03 07:51:46,233 - INFO Retriever 0 - 是否成功解析：True
2024-11-03 07:51:46,233 - INFO Retriever 0 - operation_type (__det_dir_action):
2024-11-03 07:51:46,233 - INFO Retriever 0 - read_file
2024-11-03 07:51:46,233 - INFO Retriever 0 - 

——————————————————————————————————————————————————————————————————————————————————————————————————————————————————————————
2024-11-03 07:51:46,233 - INFO Retriever 0 - Assistant:
2024-11-03 07:51:46,233 - INFO Retriever 0 - {
    "read_file": {
        "file_path": "D:/Unity/Survaval\\Assets\\_MyAssets\\Data\\Talents\\002_大魔导士.asset"
    }
}
2024-11-03 07:51:46,233 - INFO Retriever 0 - dict_keys(['read_file'])
2024-11-03 07:51:46,235 - INFO Retriever 0 - Agent主脑给出的行动：read_file
参数：{'file_path': 'D:/Unity/Survaval\\Assets\\_MyAssets\\Data\\Talents\\002_大魔导士.asset', 'top_path': 'D:/Unity/Survaval\\Assets', 'return_file_sum': <bound method TreeGenerationAction.return_file_sum of <Action.tree_gen_action.TreeGenerationAction object at 0x0000020AE93C4A60>>}
2024-11-03 07:51:46,239 - INFO Retriever 0 - Observer: 这是一个名为“002_大魔导士.asset”的文件，该文件里的内容为：
MonoBehaviour:
  m_ObjectHideFlags: 0
  m_CorrespondingSourceObject:
    fileID: 0
  m_PrefabInstance:
    fileID: 0
  m_PrefabAsset:
    fileID: 0
  m_GameObject:
    fileID: 0
  m_Enabled: 1
  m_EditorHideFlags: 0
  m_Script:
    fileID: 11500000
    guid: 00988c4b745993540a5be521ce28dbae
    type: 3
  m_Name: 002_大魔导士
  m_EditorClassIdentifier: None
  internalID: 2118588281
  talentName: Archmagician
  talentDescribe: Fires one more bullet with Starfall
  talentName_cn: 大魔导士
  talentDescription_cn: 发射的子弹数量+1，使用星落
  weapon:
    fileID: 11400000
    guid: 60a27e861426c56478bc0e9764ee3421
    type: 2
  passiveSkill:
    fileID: 11400000
    guid: 7b960de28324acd48afb0d2fb16eddee
    type: 2
  achivement:
    fileID: 11400000
    guid: ac075e10dec750041ae1419895e1b2bb
    type: 2
  TalentIndex: 2
  talentNameLocal: Talent_Name_002_大魔导士
  talentDescLocal: Talent_Description_002_大魔导士
2024-11-03 07:51:46,240 - INFO Retriever 0 - 

————————————————————————————————————————————————————————————————
2024-11-03 07:51:46,240 - INFO Retriever 0 - 当前窗口总长度：19
2024-11-03 07:51:46,240 - INFO Retriever 0 - 当前更新窗口长度：10
2024-11-03 07:51:46,241 - INFO Retriever 0 - 当前更新窗口长度：10
2024-11-03 07:51:46,241 - INFO Retriever 0 - ————————————————————————————————————————————————————————————————


2024-11-03 07:51:52,315 - INFO Retriever 0 - Agent主脑给出的回答为：{
    "deep_think": {
        "thoughts": "读取了'002_大魔导士.asset'文件后，我发现它也是一个Unity资产文件，定义了名为'大魔导士'的天赋，并包含了天赋的名称、描述、关联的武器、被动技能和成就等信息。然而，这些信息并没有提供关于如何修改初始天赋解锁状态的直接线索。我将继续检查'Talents'文件夹中的其他文件，以寻找可能的配置文件或脚本，这些文件可能包含修改初始天赋解锁状态的逻辑。"
    }
}
2024-11-03 07:51:52,316 - INFO Retriever 0 - 是否成功解析：True
2024-11-03 07:51:52,316 - INFO Retriever 0 - operation_type (__det_dir_action):
2024-11-03 07:51:52,316 - INFO Retriever 0 - deep_think
2024-11-03 07:51:52,316 - INFO Retriever 0 - 

——————————————————————————————————————————————————————————————————————————————————————————————————————————————————————————
2024-11-03 07:51:52,316 - INFO Retriever 0 - Assistant:
2024-11-03 07:51:52,316 - INFO Retriever 0 - {
    "deep_think": {
        "thoughts": "读取了'002_大魔导士.asset'文件后，我发现它也是一个Unity资产文件，定义了名为'大魔导士'的天赋，并包含了天赋的名称、描述、关联的武器、被动技能和成就等信息。然而，这些信息并没有提供关于如何修改初始天赋解锁状态的直接线索。我将继续检查'Talents'文件夹中的其他文件，以寻找可能的配置文件或脚本，这些文件可能包含修改初始天赋解锁状态的逻辑。"
    }
}
2024-11-03 07:51:52,316 - INFO Retriever 0 - dict_keys(['deep_think'])
2024-11-03 07:51:52,316 - INFO Retriever 0 - Agent主脑给出的行动：deep_think
参数：{'thoughts': "读取了'002_大魔导士.asset'文件后，我发现它也是一个Unity资产文件，定义了名为'大魔导士'的天赋，并包含了天赋的名称、描述、关联的武器、被动技能和成就等信息。然而，这些信息并没有提供关于如何修改初始天赋解锁状态的直接线索。我将继续检查'Talents'文件夹中的其他文件，以寻找可能的配置文件或脚本，这些文件可能包含修改初始天赋解锁状态的逻辑。", 'repeat_counter': 1, 'continue_think_counter': 1}
2024-11-03 07:51:52,319 - INFO Retriever 0 - Observer: 好的，请继续你的下一步行动或思考。
2024-11-03 07:51:52,319 - INFO Retriever 0 - 

————————————————————————————————————————————————————————————————
2024-11-03 07:51:52,319 - INFO Retriever 0 - 当前窗口总长度：21
2024-11-03 07:51:52,319 - INFO Retriever 0 - 当前更新窗口长度：12
2024-11-03 07:51:52,321 - INFO Retriever 0 - 当前更新窗口长度：12
2024-11-03 07:51:52,321 - INFO Retriever 0 - ————————————————————————————————————————————————————————————————


2024-11-03 07:53:55,024 - INFO Retriever 0 - Agent主脑给出的回答为：{
    "read_file": {
        "file_path": "D:/Unity/Survaval\\Assets\\_MyAssets\\Data\\Talents\\003_操纵雷电.asset"
    }
}
2024-11-03 07:53:55,025 - INFO Retriever 0 - 是否成功解析：True
2024-11-03 07:53:55,026 - INFO Retriever 0 - operation_type (__det_dir_action):
2024-11-03 07:53:55,026 - INFO Retriever 0 - read_file
2024-11-03 07:53:55,026 - INFO Retriever 0 - 

——————————————————————————————————————————————————————————————————————————————————————————————————————————————————————————
2024-11-03 07:53:55,026 - INFO Retriever 0 - Assistant:
2024-11-03 07:53:55,026 - INFO Retriever 0 - {
    "read_file": {
        "file_path": "D:/Unity/Survaval\\Assets\\_MyAssets\\Data\\Talents\\003_操纵雷电.asset"
    }
}
2024-11-03 07:53:55,027 - INFO Retriever 0 - dict_keys(['read_file'])
2024-11-03 07:53:55,027 - INFO Retriever 0 - Agent主脑给出的行动：read_file
参数：{'file_path': 'D:/Unity/Survaval\\Assets\\_MyAssets\\Data\\Talents\\003_操纵雷电.asset', 'top_path': 'D:/Unity/Survaval\\Assets', 'return_file_sum': <bound method TreeGenerationAction.return_file_sum of <Action.tree_gen_action.TreeGenerationAction object at 0x0000020AE93C4A60>>}
2024-11-03 07:53:55,033 - INFO Retriever 0 - Observer: 这是一个名为“003_操纵雷电.asset”的文件，该文件里的内容为：
MonoBehaviour:
  m_ObjectHideFlags: 0
  m_CorrespondingSourceObject:
    fileID: 0
  m_PrefabInstance:
    fileID: 0
  m_PrefabAsset:
    fileID: 0
  m_GameObject:
    fileID: 0
  m_Enabled: 1
  m_EditorHideFlags: 0
  m_Script:
    fileID: 11500000
    guid: 00988c4b745993540a5be521ce28dbae
    type: 3
  m_Name: 003_操纵雷电
  m_EditorClassIdentifier: None
  internalID: 2043831565
  talentName: Lord of Thunder
  talentDescribe: Both skill and effect range inceases by 10% with Lightning Chain
  talentName_cn: 操纵雷电
  talentDescription_cn: 你的技能和效果范围+10%。你使用闪电链
  weapon:
    fileID: 11400000
    guid: 889c1007891e32648b64ef8127155acc
    type: 2
  passiveSkill:
    fileID: 11400000
    guid: 08eb0c565ac1cae4d9cb5f86a6b5f34c
    type: 2
  achivement:
    fileID: 11400000
    guid: ea7ef3727558d9f4684dc3c25be870ca
    type: 2
  TalentIndex: 3
  talentNameLocal: Talent_Name_003_操纵雷电
  talentDescLocal: Talent_Description_003_操纵雷电
2024-11-03 07:53:55,035 - INFO Retriever 0 - 

————————————————————————————————————————————————————————————————
2024-11-03 07:53:55,035 - INFO Retriever 0 - 当前窗口总长度：23
2024-11-03 07:53:55,035 - INFO Retriever 0 - 当前更新窗口长度：14
2024-11-03 07:53:55,035 - INFO Retriever 0 - 当前更新窗口长度：14
2024-11-03 07:53:55,035 - INFO Retriever 0 - ————————————————————————————————————————————————————————————————


2024-11-03 07:54:01,658 - INFO Retriever 0 - Agent主脑给出的回答为：{
    "deep_think": {
        "thoughts": "通过阅读'003_操纵雷电.asset'文件的内容，我了解到这是一个Unity资产文件，它定义了一个名为'操纵雷电'的天赋。文件中包含了天赋的名称、描述、关联的武器和被动技能等信息。然而，文件内容并没有直接提供关于如何修改初始天赋解锁状态的设置。我需要继续查看'Talents'文件夹中的其他文件，特别是那些可能包含游戏逻辑和配置的文件，例如游戏设置或玩家配置文件。我将继续使用'read_file'操作来读取'Talents'文件夹中的其他文件，以寻找可能的线索。"
    }
}
2024-11-03 07:54:01,658 - INFO Retriever 0 - 是否成功解析：True
2024-11-03 07:54:01,658 - INFO Retriever 0 - operation_type (__det_dir_action):
2024-11-03 07:54:01,659 - INFO Retriever 0 - deep_think
2024-11-03 07:54:01,659 - INFO Retriever 0 - 

——————————————————————————————————————————————————————————————————————————————————————————————————————————————————————————
2024-11-03 07:54:01,659 - INFO Retriever 0 - Assistant:
2024-11-03 07:54:01,659 - INFO Retriever 0 - {
    "deep_think": {
        "thoughts": "通过阅读'003_操纵雷电.asset'文件的内容，我了解到这是一个Unity资产文件，它定义了一个名为'操纵雷电'的天赋。文件中包含了天赋的名称、描述、关联的武器和被动技能等信息。然而，文件内容并没有直接提供关于如何修改初始天赋解锁状态的设置。我需要继续查看'Talents'文件夹中的其他文件，特别是那些可能包含游戏逻辑和配置的文件，例如游戏设置或玩家配置文件。我将继续使用'read_file'操作来读取'Talents'文件夹中的其他文件，以寻找可能的线索。"
    }
}
2024-11-03 07:54:01,659 - INFO Retriever 0 - dict_keys(['deep_think'])
2024-11-03 07:54:01,659 - INFO Retriever 0 - Agent主脑给出的行动：deep_think
参数：{'thoughts': "通过阅读'003_操纵雷电.asset'文件的内容，我了解到这是一个Unity资产文件，它定义了一个名为'操纵雷电'的天赋。文件中包含了天赋的名称、描述、关联的武器和被动技能等信息。然而，文件内容并没有直接提供关于如何修改初始天赋解锁状态的设置。我需要继续查看'Talents'文件夹中的其他文件，特别是那些可能包含游戏逻辑和配置的文件，例如游戏设置或玩家配置文件。我将继续使用'read_file'操作来读取'Talents'文件夹中的其他文件，以寻找可能的线索。", 'repeat_counter': 1, 'continue_think_counter': 1}
2024-11-03 07:54:01,659 - INFO Retriever 0 - Observer: 好的，请继续你的下一步行动或思考。
2024-11-03 07:54:01,661 - INFO Retriever 0 - 

————————————————————————————————————————————————————————————————
2024-11-03 07:54:01,661 - INFO Retriever 0 - 当前窗口总长度：25
2024-11-03 07:54:01,663 - INFO Retriever 0 - 当前更新窗口长度：16
2024-11-03 07:54:01,663 - INFO Retriever 0 - 当前更新窗口长度：16
2024-11-03 07:54:01,663 - INFO Retriever 0 - ————————————————————————————————————————————————————————————————


2024-11-03 07:54:36,818 - INFO Retriever 0 - Agent主脑给出的回答为：{
    "read_file": {
        "file_path": "D:/Unity/Survaval\\Assets\\_MyAssets\\Data\\Talents\\004_毁灭射线.asset"
    }
}
2024-11-03 07:54:36,819 - INFO Retriever 0 - 是否成功解析：True
2024-11-03 07:54:36,819 - INFO Retriever 0 - operation_type (__det_dir_action):
2024-11-03 07:54:36,819 - INFO Retriever 0 - read_file
2024-11-03 07:54:36,819 - INFO Retriever 0 - 

——————————————————————————————————————————————————————————————————————————————————————————————————————————————————————————
2024-11-03 07:54:36,820 - INFO Retriever 0 - Assistant:
2024-11-03 07:54:36,820 - INFO Retriever 0 - {
    "read_file": {
        "file_path": "D:/Unity/Survaval\\Assets\\_MyAssets\\Data\\Talents\\004_毁灭射线.asset"
    }
}
2024-11-03 07:54:36,820 - INFO Retriever 0 - dict_keys(['read_file'])
2024-11-03 07:54:36,820 - INFO Retriever 0 - Agent主脑给出的行动：read_file
参数：{'file_path': 'D:/Unity/Survaval\\Assets\\_MyAssets\\Data\\Talents\\004_毁灭射线.asset', 'top_path': 'D:/Unity/Survaval\\Assets', 'return_file_sum': <bound method TreeGenerationAction.return_file_sum of <Action.tree_gen_action.TreeGenerationAction object at 0x0000020AE93C4A60>>}
2024-11-03 07:54:36,827 - INFO Retriever 0 - Observer: 这是一个名为“004_毁灭射线.asset”的文件，该文件里的内容为：
MonoBehaviour:
  m_ObjectHideFlags: 0
  m_CorrespondingSourceObject:
    fileID: 0
  m_PrefabInstance:
    fileID: 0
  m_PrefabAsset:
    fileID: 0
  m_GameObject:
    fileID: 0
  m_Enabled: 1
  m_EditorHideFlags: 0
  m_Script:
    fileID: 11500000
    guid: 00988c4b745993540a5be521ce28dbae
    type: 3
  m_Name: 004_毁灭射线
  m_EditorClassIdentifier: None
  internalID: 1652375263
  talentName: Destruction Ray
  talentDescribe: Your damage dealt is increased by 30% with Flame Ray.
  talentName_cn: 毁灭射线
  talentDescription_cn: 你的伤害提高30%，使用火焰射线。
  weapon:
    fileID: 11400000
    guid: b33efda7b6e341e4dbbc33977ef0e977
    type: 2
  passiveSkill:
    fileID: 11400000
    guid: 7950355f33418984d92e2337e5aefa69
    type: 2
  achivement:
    fileID: 11400000
    guid: 72e1eee9b0fab45499b23d88f46a4b39
    type: 2
  TalentIndex: 4
  talentNameLocal: Talent_Name_004_毁灭射线
  talentDescLocal: Talent_Description_004_毁灭射线
2024-11-03 07:54:36,829 - INFO Retriever 0 - 

————————————————————————————————————————————————————————————————
2024-11-03 07:54:36,829 - INFO Retriever 0 - 当前窗口总长度：27
2024-11-03 07:54:36,829 - INFO Retriever 0 - 当前更新窗口长度：18
2024-11-03 07:54:36,829 - INFO Retriever 0 - 当前更新窗口长度：18
2024-11-03 07:54:36,830 - INFO Retriever 0 - ————————————————————————————————————————————————————————————————


2024-11-03 07:55:12,647 - INFO Retriever 0 - 

————————————————————————————————————STOP IN POS 2————————————————————————————————————


