2024-11-03 07:45:01,869 - INFO Retriever 0 - Init Retriever.
2024-11-03 07:47:03,752 - INFO Retriever 0 - keywords:“天赋”，“innate talent”，“assignment”，“初始天赋”，“unseal”，“特定任务”，“particular”，“natural gift”，“specific assignment”，“Commencement”，“initial”，“解锁”，“任务”，“choice”，“task”，“gift”，“特定”，“开始”，“talent”，“初始”，“specific”，“select”，“unlock”，“选择”，“specific task”
2024-11-03 07:47:03,791 - INFO Retriever 0 - deep_think_conent
:在获取了项目文件的顶层结构后，我还需要结合待查询的问题描述，对于项目中的文件和目录进行一些深度关键词检索。根据任务描述：“请在D:/Unity/Survaval\Assets下各级目录中寻找：如果要让目前游戏所有的初始天赋选择，在游戏一开始全部解锁，不需要完成特定任务解锁，我应该修改什么文件？”，我总结出如下可能会出现在各个文件名或者文件内容中的关键词：“天赋”，“innate talent”，“assignment”，“初始天赋”，“unseal”，“特定任务”，“particular”，“natural gift”，“specific assignment”，“Commencement”，“initial”，“解锁”，“任务”，“choice”，“task”，“gift”，“特定”，“开始”，“talent”，“初始”，“specific”，“select”，“unlock”，“选择”，“specific task”。
接下来，我将使用retrieve_keywords操作，在项目顶层路径“D:/Unity/Survaval\Assets”下检索这些关键词，从而大致把握可能与问题描述相关的文件或目录的路径。
2024-11-03 07:47:03,917 - INFO Retriever 0 - ——————————————————————————————————————————————————————————————————————————————————————————————————————————————————————————
2024-11-03 07:47:03,918 - INFO Retriever 0 - Assistant:
2024-11-03 07:47:03,959 - INFO Retriever 0 - {
    "deep_think": {
        "thoughts": "好的，接下来我将通过深度思考、仔细计划以及逐步执行的方式，来完成该任务。\n\n首先，在阅读详细的代码细节之前，应该先整体把握整个项目。\n\n在提供的可选的action中，可以通过get_folder_info操作，通过将项目顶层路径作为target_folder_path参数进行传入，来获取获取项目中主要文件夹和主要文件的描述，从而能够先大致把握项目文件的主要文件的文件树结构、基本内容、主要代码概述以及大致功能板块的分布。"
    }
}
2024-11-03 07:47:03,965 - INFO Retriever 0 - 
Observer:
2024-11-03 07:47:03,966 - INFO Retriever 0 - 好的，请继续你的下一步行动或思考。
2024-11-03 07:47:03,970 - INFO Retriever 0 - 
2024-11-03 07:47:04,241 - INFO Retriever 0 - ——————————————————————————————————————————————————————————————————————————————————————————————————————————————————————————
2024-11-03 07:47:04,243 - INFO Retriever 0 - Assistant:
2024-11-03 07:47:04,249 - INFO Retriever 0 - {
    "get_folder_info": {
        "target_folder_path": "D:/Unity/Survaval\\Assets"
    }
}
2024-11-03 07:47:04,250 - INFO Retriever 0 - 
Observer:
2024-11-03 07:47:04,251 - INFO Retriever 0 - 目标文件夹路径：D:/Unity/Survaval\Assets
文件结构树（该结构树可能不完整，仅返回深度小于等于1层的子文件以及文件夹）：
├── AddressableAssetsData
│   ├── AddressableAssetSettings.asset
│   ├── Android
│   ├── AssetGroupTemplates
│   ├── AssetGroups
│   ├── DataBuilders
│   ├── DefaultObject.asset
│   ├── iOS
├── AmplifyShaderEditor
│   ├── AmplifyShaderEditor.asmdef
│   ├── ChangeLog.txt
│   ├── CreatingTerrainsWithASE.txt
│   ├── Plugins
│   ├── Readme.txt
├── BlobHashMaps
│   ├── BlobBuilderExtensions.cs
│   ├── BlobHashMap.cs
│   ├── BlobHashMapIntInt.cs
│   ├── BlobHashMaps.asmdef
│   ├── BlobMultiHashMap.cs
│   ├── Data
├── BuildReport
│   ├── CustomBuildScriptExample.txt
│   ├── GUI
│   ├── README.txt
│   ├── Scripts
│   ├── VERSION.txt
│   ├── license.txt
├── CapturePath
├── DamageNumbersPro
│   ├── DamageNumbersPro.asmdef
│   ├── Documentation.url
│   ├── Editor
│   ├── Fonts
│   ├── Materials
│   ├── Scripts
├── Editor
│   ├── ChannelSetting.cs
│   ├── OrbiteExtenedEditor.cs
│   ├── Resources
│   ├── ShaderStripSettings
├── Editor Default Resources
│   ├── MasterAudio
├── EnhancedScroller v2
│   ├── ChangeLog.txt
│   ├── Documentation
│   ├── Plugins
│   ├── Tutorials
│   ├── readme.txt
│   ├── upgrading from 1.x to 2.x.txt
├── FlockBox
│   ├── Classic
│   ├── DOTS
│   ├── Flock Box Manual.pdf
├── Gizmos
│   ├── MasterAudio
├── Magic Spells Sound Effects V2.0
│   ├── Casting Loops
│   ├── Element Scholls
│   ├── General Spell
│   ├── Medieval Combat Sounds BONUS
│   ├── Special Attack
├── Pixel Arsenal
│   ├── Demo
│   ├── Materials
│   ...
│   ├── Textures
├── Plugins
│   ├── Android
│   ├── DarkTonic
│   ├── Demigiant
│   ├── Editor
│   ├── RelationsInspector
│   ├── Sirenix
│   ├── iOS
├── RPG Icons Pixel Art
│   ├── Aeromancer
│   ├── Alchemy1
│   ...
│   ├── Сrossbowman
├── Resources
│   ├── DOTweenSettings.asset
│   ├── MasterAudio
├── SPUM
│   ├── MonsterOrc_Prefabs
│   ├── MonsterUndeadPrefabs
│   ...
│   ├── Sprite_SheetExporter(Beta)
├── StreamingAssets
├── TextMesh Pro
│   ├── Documentation
│   ├── Fonts
│   ├── Resources
│   ├── Shaders
│   ├── Sprites
├── UniversalRenderPipelineGlobalSettings.asset
├── VirtualButtonsForUnity
│   ├── VirtualButtonsForUnity
├── YouLoftSDK
│   ├── PottingMobileSDK
│   ├── PottingMobileServices
│   ...
│   ├── YouloftTemp.cs
├── ZTools
│   ├── GlobalStringBuilder.cs
│   ├── Localization
│   ├── ZTools.asmdef
├── _MyAssets
│   ├── Animations
│   ├── ArtAssets
│   ...
│   ├── URPSettings


其中，部分主要文件及文件夹的信息如下：
1. Assets
# 路径:D:\\Unity\\Survaval\Assets
# 内容概述:“UniversalRenderPipelineGlobalSettings.asset”文件是Unity项目中用于配置通用渲染管道（URP）全局设置的资产。它涵盖了光照模式、阴影质量、后处理效果以及性能优化等关键设置，如光照层配置、阴影质量选择和后处理效果启用，旨在平衡视觉效果与性能表现，以适应不同游戏的需求。

2. AddressableAssetsData
# 路径:D:\\Unity\\Survaval\Assets\AddressableAssetsData
# 内容概述:### 文件夹内容简述

“AddressableAssetsData”文件夹汇集了Unity游戏开发所需的资源管理和配置文件。其中，Android和iOS子文件夹分别管理针对各自平台的资源状态。AssetGroups和AssetGroupTemplates子文件夹则专注于资源打包和内容更新配置，而DataBuilders子文件夹提供了资源管理和场景加载的脚本配置。此外，AddressableAssetSettings.asset文件负责资源加载和优化全局设置，而DefaultObject.asset则定义了Unity脚本组件的配置。整体而言，这些文件共同构成了游戏资源高效管理和优化的框架。

3. AmplifyShaderEditor
# 路径:D:\\Unity\\Survaval\Assets\AmplifyShaderEditor
# 内容概述:“AmplifyShaderEditor”文件夹汇集了Unity游戏开发中Amplify Shader Editor插件的核心组件与资源，包括编辑器脚本、界面资源、版本更新日志和使用指南。其中，“Editor”子文件夹承载着插件的核心逻辑和操作界面，而“EditorResources”则提供了图形用户界面和渲染资源。更新日志“ChangeLog.txt”详细记录了插件的功能迭代和问题修复，而“CreatingTerrainsWithASE.txt”则指导用户如何利用ASE创建地形着色器。遗憾的是，“Readme.txt”因编码错误无法读取，但预计包含插件的基本使用说明。

4. BlobHashMaps
# 路径:D:\\Unity\\Survaval\Assets\BlobHashMaps
# 内容概述:“BlobHashMaps”文件夹汇集了针对Unity游戏引擎优化的数据结构脚本，包括BlobHashMap和BlobMultiHashMap的实现。核心文件如BlobBuilderHashMapData.cs和BlobHashMapData.cs定义了HashMap和只读哈希表，BlobBuilderExtensions.cs扩展了BlobHashMap功能，BlobHashMap.cs和BlobHashMapIntInt.cs则提供了更丰富的操作和构建器功能。BlobHashMaps.asmdef文件定义了模块依赖，而BlobMultiHashMap.cs引入了多哈希映射支持，共同构成了一个高效的数据管理工具集。

5. BuildReport
# 路径:D:\\Unity\\Survaval\Assets\BuildReport
# 内容概述:“BuildReport”文件夹汇集了Unity游戏引擎的构建报告工具及相关资源，包括UI设计资源（如BRTSkin、NativeSkin和NativeSkinExtraIcons）、自动化构建脚本（如CustomBuildScriptExample.txt）和编辑器脚本（位于Scripts/Editor）。此外，它还包含定义特定窗口样式的皮肤文件（BuildReportWindow.guiskin和BuildReportWindowDark.guiskin），以及工具的许可证信息（license.txt）和使用说明（README.txt）。VERSION.txt文件记录了工具的版本更新历史，突出了新增功能和错误修复。

6. CapturePath
# 路径:D:\\Unity\\Survaval\Assets\CapturePath
# 内容概述:该文件夹内容为空。

7. DamageNumbersPro
# 路径:D:\\Unity\\Survaval\Assets\DamageNumbersPro
# 内容概述:“DamageNumbersPro”文件夹汇集了Unity游戏开发所需的资源，包括编辑器脚本、多种风格的字体、材质和游戏逻辑脚本。其中，编辑器脚本用于资源配置，字体和材质丰富了游戏视觉元素，而脚本集合则支撑了游戏的核心逻辑和交互。此外，汇编定义文件和文档链接文件提供了模块化开发和项目文档的便捷访问。

8. Editor
# 路径:D:\\Unity\\Survaval\Assets\Editor
# 内容概述:### 文件夹内容总结

“Editor”文件夹汇集了Unity项目开发所需的资源与工具。其中，**Resources**子文件夹提供游戏与动画设计的视觉素材，包括角色、场景元素和预制游戏单元。**ShaderStripSettings**包含提升渲染质量的Unity脚本组件，而**ChannelSetting.cs**脚本则用于管理不同渠道的SDK和项目配置。此外，**OrbiteExtenedEditor.cs**编辑器扩展脚本增强了文本编辑和屏幕截图功能，辅助设计和开发流程。整体上，这些资源与工具相互关联，共同服务于Unity项目的开发与优化。

9. Editor Default Resources
# 路径:D:\\Unity\\Survaval\Assets\Editor Default Resources
# 内容概述:“Editor Default Resources”文件夹汇集了多种音频处理相关的图标，包括播放、暂停、停止等控制图标，以及复制、删除、保存等操作图标，还有LED灯状态指示和扬声器图标等。这些图标共同服务于音频编辑和界面设计，为用户提供了直观的操作和状态指示。

10. EnhancedScroller v2
# 路径:D:\\Unity\\Survaval\Assets\EnhancedScroller v2
# 内容概述:该“EnhancedScroller v2”文件夹汇集了Unity游戏开发中EnhancedScroller插件的全面资源，包括用户手册、插件代码、教程和更新日志。用户手册详细介绍了插件的使用方法，插件代码则由组件、单元格视图和动画系统等组成，旨在提升UI开发效率。教程资源帮助开发者快速上手，而更新日志和升级指南则提供了插件版本间的变化和升级指导。

11. FlockBox
# 路径:D:\\Unity\\Survaval\Assets\FlockBox
# 内容概述:### 文件夹内容精简总结

“Flock Box”文件夹是Unity游戏开发项目，集成了视觉资源、游戏逻辑脚本和DOTS架构相关资源。其中，**Classic**子文件夹提供游戏场景、预制体和艺术资源，**DOTS**子文件夹则专注于DOTS架构的脚本和材料。项目手册“Flock Box Manual.pdf”详细介绍了项目结构、资源使用和开发指南，为开发者提供了全面的项目操作指导。

12. Gizmos
# 路径:D:\\Unity\\Survaval\Assets\Gizmos
# 内容概述:“Gizmos”文件夹汇集了音频处理相关的图标设计，包括“MasterAudio”品牌标识和“PlaylistController”播放列表控制功能的图标，旨在为音频软件界面提供视觉元素。

13. Magic Spells Sound Effects V2.0
# 路径:D:\\Unity\\Survaval\Assets\Magic Spells Sound Effects V2.0
# 内容概述:“Magic Spells Sound Effects V2.0”文件夹汇集了丰富的音效资源，包括循环施法音效、元素相关施法音效、通用魔法效果、中世纪战斗声音以及特定攻击音效。这些音效覆盖了从增益攻击到治疗，从施法到战斗动作，适用于游戏、影视等多媒体项目，且文件命名清晰，便于快速查找和使用。

14. Pixel Arsenal
# 路径:D:\\Unity\\Survaval\Assets\Pixel Arsenal
# 内容概述:“Pixel Arsenal”文件夹汇集了丰富的游戏开发资源，包括视觉素材（如天空盒和纹理）、预制体（如界面元素和特效）、场景素材、Unity脚本（用于游戏逻辑）和音频效果。这些资源相互关联，共同构建了游戏和视觉效果的基础，适用于Unity等游戏引擎。文件夹内的“ReadMe.txt”文件提供了资源使用指南和潜在的技术支持信息。

15. Plugins
# 路径:D:\\Unity\\Survaval\Assets\Plugins
# 内容概述:“Plugins”文件夹汇集了多平台游戏开发资源，包括Android应用开发工具、Unity游戏资源包如音频和网络同步插件，以及编辑器扩展和iOS应用开发组件。其中，Android子文件夹提供项目配置和第三方库；Unity相关资源如DarkTonic和Demigiant则专注于音频和网络同步，以及动画处理；Editor子文件夹增强Unity编辑器功能；iOS子文件夹涵盖性能监控和广告集成等iOS特有功能。这些资源相互关联，共同构建了一个全面的游戏开发环境。

16. Resources
# 路径:D:\\Unity\\Survaval\Assets\Resources
# 内容概述:### 文件夹内容总结

“Resources”文件夹汇集了Unity游戏项目的关键配置资源，包括“MasterAudioSettings.asset”用于音频处理和插件配置，以及“DOTweenSettings.asset”用于动画和缓动库的详细设置，两者共同确保游戏音效和动画的优化与流畅。

17. RPG Icons Pixel Art
# 路径:D:\\Unity\\Survaval\Assets\RPG Icons Pixel Art
# 内容概述:当然可以。以下是融合后的简短内容：

“Support contact.pdf”文件提供客户支持联系信息，包括电话、电子邮件和在线支持服务，并附有服务时间表、常见问题解答以及用户反馈表单，旨在为用户提供便捷的咨询与支持服务。

18. SPUM
# 路径:D:\\Unity\\Survaval\Assets\SPUM
# 内容概述:“SPUM”文件夹汇集了丰富的游戏开发资源，包括怪物与角色预制体、动画素材、图像资源、字体、材质以及Unity脚本等。它涵盖了从角色模型和动画到编辑器扩展和场景设置的全方位内容，旨在支持游戏开发、3D建模和动画制作项目。文件夹内不同子目录紧密关联，共同构成了一个完整的项目资源库。

19. StreamingAssets
# 路径:D:\\Unity\\Survaval\Assets\StreamingAssets
# 内容概述:“StreamingAssets”文件夹主要存储流媒体应用所需的资源，包括视频、音频和图像文件，以及相关的配置和脚本文件。该文件夹内部分为视频、音频、图像、配置和脚本等子文件夹，各自管理不同类型的媒体资源和播放逻辑配置，以确保资源的高效加载和流式传输。

20. TextMesh Pro
# 路径:D:\\Unity\\Survaval\Assets\TextMesh Pro
# 内容概述:该“TextMesh Pro”文件夹汇集了TextMesh Pro软件的用户指南、Liberation Sans字体资源、Unity项目资源包以及表情符号素材。其中，用户指南详细介绍了软件操作，Liberation Sans字体提供多种样式，Unity资源包包括字体、材质和精灵资产，着色器文件则专注于图形渲染，而表情符号资源则便于集成到项目中。这些内容相互关联，共同服务于游戏开发与图形设计的需求。

21. VirtualButtonsForUnity
# 路径:D:\\Unity\\Survaval\Assets\VirtualButtonsForUnity
# 内容概述:### 文件夹内容概览

“VirtualButtonsForUnity”文件夹是Unity游戏开发资源，集成了虚拟按钮、方向垫和摇杆预制体及脚本，旨在增强游戏交互体验。内含示例项目、预制体、脚本、图像资源和详细文档，方便开发者快速集成和使用。

22. YouLoftSDK
# 路径:D:\\Unity\\Survaval\Assets\YouLoftSDK
# 内容概述:### 文件夹内容总结

“YouLoftSDK”文件夹是Unity游戏开发者的综合工具包，集成了广告管理、支付、用户管理、数据同步等功能模块。其中，**PottingMobileSDK** 提供了Android和iOS平台的插件和脚本，**PottingMobileServices** 则包含了跨平台服务接口和功能脚本。广告管理、支付、礼包兑换等具体功能由 **YouLoftAd.cs**、**YouLoftPay.cs** 和 **YouLoftRedeemcode.cs** 等文件实现，而 **YouLoftSDKManager.cs** 负责管理这些模块，确保它们协同工作。此外，**YouLoftLogin.cs** 处理用户登录，**YouLoftEvent.cs** 和 **YouloftTemp.cs** 分别提供事件跟踪和配置同步功能，共同支撑游戏的整体运行。

23. ZTools
# 路径:D:\\Unity\\Survaval\Assets\ZTools
# 内容概述:### 文件夹内容总结
“ZTools”文件夹汇集了Unity游戏开发中本地化和字符串操作的工具。其中，包含用于本地化文本管理的脚本，如`StaticLocalizedText.cs`和`StaticLocalizedText_UGUI.cs`，以及`Strings.cs`用于管理本地化字符串。此外，`GlobalStringBuilder.cs`提供了全局字符串构建功能，优化了字符串操作性能。而“ZTools.asmdef”文件则定义了项目中的“ZTools”程序集，管理着相关脚本文件的引用和编译。这些工具共同构成了一个高效且模块化的开发环境。

24. _MyAssets
# 路径:D:\\Unity\\Survaval\Assets\_MyAssets
# 内容概述:“_MyAssets”文件夹是游戏开发的核心资源库，汇集了动画、艺术资产、音频、数据配置、编辑器资源、字体、图标、脚本、着色器等关键文件，以及预制体和场景设计。它为游戏提供了丰富的视觉和音频效果，并通过详细的配置文件和脚本实现了复杂的游戏逻辑和交互。文件夹内资源相互关联，共同支撑起游戏的整体架构和功能实现。

25. UniversalRenderPipelineGlobalSettings.asset
# 路径:D:\\Unity\\Survaval\Assets\UniversalRenderPipelineGlobalSettings.asset
# 内容概述:### 简化总结

该文件是Unity的通用渲染管道全局设置配置，定义了8个光照层（如Light Layer default至Light Layer 7）。它还包含了性能优化设置，如移除调试变体和未使用变体，以及不支持运行时调试显示。


2024-11-03 07:47:04,258 - INFO Retriever 0 - 
2024-11-03 07:47:04,259 - INFO Retriever 0 - ——————————————————————————————————————————————————————————————————————————————————————————————————————————————————————————
2024-11-03 07:47:04,267 - INFO Retriever 0 - Assistant:
2024-11-03 07:47:04,270 - INFO Retriever 0 - {
    "deep_think": {
        "thoughts": "在获取了项目文件的顶层结构后，我还需要结合待查询的问题描述，对于项目中的文件和目录进行一些深度关键词检索。根据任务描述：“请在D:/Unity/Survaval\\Assets下各级目录中寻找：如果要让目前游戏所有的初始天赋选择，在游戏一开始全部解锁，不需要完成特定任务解锁，我应该修改什么文件？”，我总结出如下可能会出现在各个文件名或者文件内容中的关键词：“天赋”，“innate talent”，“assignment”，“初始天赋”，“unseal”，“特定任务”，“particular”，“natural gift”，“specific assignment”，“Commencement”，“initial”，“解锁”，“任务”，“choice”，“task”，“gift”，“特定”，“开始”，“talent”，“初始”，“specific”，“select”，“unlock”，“选择”，“specific task”。\n接下来，我将使用retrieve_keywords操作，在项目顶层路径“D:/Unity/Survaval\\Assets”下检索这些关键词，从而大致把握可能与问题描述相关的文件或目录的路径。"
    }
}
2024-11-03 07:47:04,271 - INFO Retriever 0 - 
Observer:
2024-11-03 07:47:04,275 - INFO Retriever 0 - 好的，请继续你的下一步行动或思考。
2024-11-03 07:47:04,275 - INFO Retriever 0 - 
2024-11-03 07:47:06,142 - INFO Retriever 0 - ——————————————————————————————————————————————————————————————————————————————————————————————————————————————————————————
2024-11-03 07:47:06,147 - INFO Retriever 0 - Assistant:
2024-11-03 07:47:06,148 - INFO Retriever 0 - {
    "retrieve_keywords": {
        "keyword_list": [
            "天赋",
            "innate talent",
            "assignment",
            "初始天赋",
            "unseal",
            "特定任务",
            "particular",
            "natural gift",
            "specific assignment",
            "Commencement",
            "initial",
            "解锁",
            "任务",
            "choice",
            "task",
            "gift",
            "特定",
            "开始",
            "talent",
            "初始",
            "specific",
            "select",
            "unlock",
            "选择",
            "specific task"
        ]
    }
}
2024-11-03 07:47:06,148 - INFO Retriever 0 - 
Observer:
2024-11-03 07:47:06,148 - INFO Retriever 0 - 根据你提供的关键词，我检索到以下目录或文件，它们的绝对路径如下：


1. D:\\Unity\\Survaval\Assets\_MyAssets\FontPixel\unifont gift.mat
这是一个名为“unifont gift.mat”的文件。

2. D:\\Unity\\Survaval\Assets\_MyAssets\Texture\Textures\random-unlock-role.png
这是一个名为“random-unlock-role.png”的文件。

3. D:\\Unity\\Survaval\Library\PackageCache\com.unity.render-pipelines.universal@12.1.7\Documentation~\Images\rp-converter\select-converters.png
这是一个名为“select-converters.png”的文件。

4. D:\\Unity\\Survaval\Library\PackageCache\com.unity.render-pipelines.universal@12.1.7\Documentation~\Images\post-proc\ssao\ssao-select-renderer.png
这是一个名为“ssao-select-renderer.png”的文件。

5. D:\\Unity\\Survaval\Library\PackageCache\com.unity.timeline@1.6.4\Documentation~\images\timeline_clips_select_first.png
这是一个名为“timeline_clips_select_first.png”的文件。

6. D:\\Unity\\Survaval\Library\PackageCache\com.unity.timeline@1.6.4\Documentation~\images\timeline_curves_view_select_key.png
这是一个名为“timeline_curves_view_select_key.png”的文件。

7. D:\\Unity\\Survaval\Assets\_MyAssets\Data\Achivements\任意天赋在第五关达到10级_解锁迅雷项链.asset
该文件定义了一个Unity游戏成就，名为“任意天赋在第五关达到10级_解锁迅雷项链”，描述玩家需在第五关使用任意天赋升级至10级以解锁迅雷项链。成就类型为2，具体奖励类型未详，但涉及解锁物品。

8. D:\\Unity\\Survaval\Assets\_MyAssets\Data\DailyTask
### 文件夹内容简述

“DailyTask”文件夹汇集了Unity游戏引擎中的多个任务配置文件，旨在构建一个全面的游戏任务系统。文件包括“doneallTask.asset”定义的全面任务配置，以及“killenemyTask.asset”和“passTask.asset”等针对特定行为的任务脚本。此外，如“startlevelTask.asset”和“upLevelTask.asset”等文件则专注于特定游戏事件，如等级提升和广告观看任务。这些文件共同构成了游戏任务框架，涵盖了任务定义、奖励机制和玩家互动等多个方面。


请注意，这些目录或文件可能不全都和你的任务目标相关，仅供参考。请你基于具体的文件内容概述，结合你的任务目标，认真思考分析后，优先选择最有可能与任务相关的目录或文件进行进一步的检查。
2024-11-03 07:47:06,153 - INFO Retriever 0 - 
2024-11-03 07:47:08,870 - INFO Retriever 0 - Agent主脑给出的回答为：{
    "deep_think": {
        "thoughts": "根据检索结果，我注意到有几个文件和文件夹可能和任务相关。首先，文件“任意天赋在第五关达到10级_解锁迅雷项链.asset”似乎与成就和任务相关，但不是直接与天赋解锁相关。其次，“DailyTask”文件夹可能包含任务配置，但同样不是直接解决天赋解锁的问题。最后，我注意到“unifont gift.mat”和“random-unlock-role.png”这两个文件可能和视觉资源相关，但它们也不太可能是直接控制天赋解锁的文件。\n考虑到这些信息，我认为下一步应该检查“DailyTask”文件夹中的文件，看看是否有任何文件与天赋解锁逻辑相关。"
    }
}
2024-11-03 07:47:08,872 - INFO Retriever 0 - 是否成功解析：True
2024-11-03 07:47:08,873 - INFO Retriever 0 - operation_type (__det_dir_action):
2024-11-03 07:47:08,873 - INFO Retriever 0 - deep_think
2024-11-03 07:47:08,876 - INFO Retriever 0 - 

——————————————————————————————————————————————————————————————————————————————————————————————————————————————————————————
2024-11-03 07:47:08,878 - INFO Retriever 0 - Assistant:
2024-11-03 07:47:08,881 - INFO Retriever 0 - {
    "deep_think": {
        "thoughts": "根据检索结果，我注意到有几个文件和文件夹可能和任务相关。首先，文件“任意天赋在第五关达到10级_解锁迅雷项链.asset”似乎与成就和任务相关，但不是直接与天赋解锁相关。其次，“DailyTask”文件夹可能包含任务配置，但同样不是直接解决天赋解锁的问题。最后，我注意到“unifont gift.mat”和“random-unlock-role.png”这两个文件可能和视觉资源相关，但它们也不太可能是直接控制天赋解锁的文件。\n考虑到这些信息，我认为下一步应该检查“DailyTask”文件夹中的文件，看看是否有任何文件与天赋解锁逻辑相关。"
    }
}
2024-11-03 07:47:08,884 - INFO Retriever 0 - dict_keys(['deep_think'])
2024-11-03 07:47:08,887 - INFO Retriever 0 - Agent主脑给出的行动：deep_think
参数：{'thoughts': '根据检索结果，我注意到有几个文件和文件夹可能和任务相关。首先，文件“任意天赋在第五关达到10级_解锁迅雷项链.asset”似乎与成就和任务相关，但不是直接与天赋解锁相关。其次，“DailyTask”文件夹可能包含任务配置，但同样不是直接解决天赋解锁的问题。最后，我注意到“unifont gift.mat”和“random-unlock-role.png”这两个文件可能和视觉资源相关，但它们也不太可能是直接控制天赋解锁的文件。\n考虑到这些信息，我认为下一步应该检查“DailyTask”文件夹中的文件，看看是否有任何文件与天赋解锁逻辑相关。', 'repeat_counter': 1, 'continue_think_counter': 1}
2024-11-03 07:47:08,890 - INFO Retriever 0 - Observer: 好的，请继续你的下一步行动或思考。
2024-11-03 07:47:08,903 - INFO Retriever 0 - 

————————————————————————————————————————————————————————————————
2024-11-03 07:47:08,903 - INFO Retriever 0 - 当前窗口总长度：11
2024-11-03 07:47:08,903 - INFO Retriever 0 - 当前更新窗口长度：2
2024-11-03 07:47:08,909 - INFO Retriever 0 - 当前更新窗口长度：2
2024-11-03 07:47:08,916 - INFO Retriever 0 - ————————————————————————————————————————————————————————————————


2024-11-03 07:47:10,414 - INFO Retriever 0 - Agent主脑给出的回答为：{
    "get_folder_info": {
        "target_folder_path": "D:\\Unity\\Survaval\\Assets\\_MyAssets\\Data\\DailyTask"
    }
}
2024-11-03 07:47:10,457 - INFO Retriever 0 - 是否成功解析：True
2024-11-03 07:47:10,484 - INFO Retriever 0 - operation_type (__det_dir_action):
2024-11-03 07:47:10,516 - INFO Retriever 0 - get_folder_info
2024-11-03 07:47:10,561 - INFO Retriever 0 - 

——————————————————————————————————————————————————————————————————————————————————————————————————————————————————————————
2024-11-03 07:47:10,603 - INFO Retriever 0 - Assistant:
2024-11-03 07:47:10,659 - INFO Retriever 0 - {
    "get_folder_info": {
        "target_folder_path": "D:\\Unity\\Survaval\\Assets\\_MyAssets\\Data\\DailyTask"
    }
}
2024-11-03 07:47:10,686 - INFO Retriever 0 - dict_keys(['get_folder_info'])
2024-11-03 07:47:10,752 - INFO Retriever 0 - Agent主脑给出的行动：get_folder_info
参数：{'target_folder_path': 'D:\\Unity\\Survaval\\Assets\\_MyAssets\\Data\\DailyTask'}
2024-11-03 07:47:11,327 - INFO Retriever 0 - Observer: 目标文件夹路径：D:\Unity\Survaval\Assets\_MyAssets\Data\DailyTask
文件结构树（该结构树可能不完整，仅返回深度小于等于1层的子文件以及文件夹）：
├── doneallTask.asset
├── killenemyTask.asset
├── passTask.asset
├── startlevelTask.asset
├── upLevelTask.asset
├── watchADTask.asset


其中，部分主要文件及文件夹的信息如下：
1. DailyTask
# 路径:D:\\Unity\\Survaval\Assets\_MyAssets\Data\DailyTask
# 内容概述:### 文件夹内容简述

“DailyTask”文件夹汇集了Unity游戏引擎中的多个任务配置文件，旨在构建一个全面的游戏任务系统。文件包括“doneallTask.asset”定义的全面任务配置，以及“killenemyTask.asset”和“passTask.asset”等针对特定行为的任务脚本。此外，如“startlevelTask.asset”和“upLevelTask.asset”等文件则专注于特定游戏事件，如等级提升和广告观看任务。这些文件共同构成了游戏任务框架，涵盖了任务定义、奖励机制和玩家互动等多个方面。

2. doneallTask.asset
# 路径:D:\\Unity\\Survaval\Assets\_MyAssets\Data\DailyTask\doneallTask.asset
# 内容概述:### 简化总结

该文件是Unity游戏脚本配置，定义了一个名为“doneallTask”的任务，包含任务名称、描述、类型、奖励（包括经验值）等属性。任务配置详尽，涉及奖励类型、目标、以及本地化字符串。

3. killenemyTask.asset
# 路径:D:\\Unity\\Survaval\Assets\_MyAssets\Data\DailyTask\killenemyTask.asset
# 内容概述:### 简要总结

该文件定义了Unity游戏中的“killenemyTask”任务脚本，设定为一个目标导向的日常任务，要求玩家击杀特定数量的敌人。任务提供1000点奖励，并可能包括其他奖励物品或属性。任务名称和描述均提供英文和中文版本，以支持多语言环境。

4. passTask.asset
# 路径:D:\\Unity\\Survaval\Assets\_MyAssets\Data\DailyTask\passTask.asset
# 内容概述:### 简要总结

该文件定义了一个Unity游戏中的任务对象“passTask”，包括其本地化名称“passTask_Name_001”和描述“passTask_Description_001”。任务类型为3，目标设定为2，提供2000奖励值，并增加1000战斗通行证经验。

5. startlevelTask.asset
# 路径:D:\\Unity\\Survaval\Assets\_MyAssets\Data\DailyTask\startlevelTask.asset
# 内容概述:### 简要总结

该文件描述了Unity游戏中的一个名为“startlevelTask”的任务脚本。脚本配置了任务的基本属性，包括未指定的任务名称、描述和奖励类型，以及任务类型为4、目标值为10、奖励值为1000等。此外，还定义了本地化的任务名称和描述，以及战斗通行证经验奖励为1000点。

6. upLevelTask.asset
# 路径:D:\\Unity\\Survaval\Assets\_MyAssets\Data\DailyTask\upLevelTask.asset
# 内容概述:### 简要总结

该文件定义了Unity游戏中的“upLevelTask”脚本，包含任务名称、描述、类型、目标值等配置。任务类型为一般类型，目标值为20，奖励类型为1，奖励值为800。此外，脚本还指定了战斗通行证经验奖励为1000，并提供了本地化的任务名称和描述。奖励项的具体内容尚未指定。

7. watchADTask.asset
# 路径:D:\\Unity\\Survaval\Assets\_MyAssets\Data\DailyTask\watchADTask.asset
# 内容概述:该文件描述了一个Unity游戏中的广告观看任务脚本`watchADTask`，包含任务名称、描述、奖励类型（如经验值）和数值。任务配置支持本地化，适用于多语言环境。


2024-11-03 07:47:11,390 - INFO Retriever 0 - 

————————————————————————————————————————————————————————————————
2024-11-03 07:47:11,398 - INFO Retriever 0 - 当前窗口总长度：13
2024-11-03 07:47:11,406 - INFO Retriever 0 - 当前更新窗口长度：4
2024-11-03 07:47:11,418 - INFO Retriever 0 - 当前更新窗口长度：4
2024-11-03 07:47:11,452 - INFO Retriever 0 - ————————————————————————————————————————————————————————————————


2024-11-03 07:47:13,702 - INFO Retriever 0 - Agent主脑给出的回答为：{
    "deep_think": {
        "thoughts": "根据对“DailyTask”文件夹内容的分析，这些文件主要与日常任务相关，而不是直接与天赋解锁相关。然而，考虑到游戏中的天赋解锁可能被设计为一种特殊类型的任务，我需要进一步检查这些文件的内容，以确定是否有任何文件包含与天赋解锁相关的逻辑。我将开始阅读这些文件中的内容，特别是那些与任务执行和奖励相关的文件。"
    }
}
2024-11-03 07:47:13,758 - INFO Retriever 0 - 是否成功解析：True
2024-11-03 07:47:13,772 - INFO Retriever 0 - operation_type (__det_dir_action):
2024-11-03 07:47:13,825 - INFO Retriever 0 - deep_think
2024-11-03 07:47:13,913 - INFO Retriever 0 - 

——————————————————————————————————————————————————————————————————————————————————————————————————————————————————————————
2024-11-03 07:47:13,914 - INFO Retriever 0 - Assistant:
2024-11-03 07:47:13,926 - INFO Retriever 0 - {
    "deep_think": {
        "thoughts": "根据对“DailyTask”文件夹内容的分析，这些文件主要与日常任务相关，而不是直接与天赋解锁相关。然而，考虑到游戏中的天赋解锁可能被设计为一种特殊类型的任务，我需要进一步检查这些文件的内容，以确定是否有任何文件包含与天赋解锁相关的逻辑。我将开始阅读这些文件中的内容，特别是那些与任务执行和奖励相关的文件。"
    }
}
2024-11-03 07:47:14,003 - INFO Retriever 0 - dict_keys(['deep_think'])
2024-11-03 07:47:14,098 - INFO Retriever 0 - Agent主脑给出的行动：deep_think
参数：{'thoughts': '根据对“DailyTask”文件夹内容的分析，这些文件主要与日常任务相关，而不是直接与天赋解锁相关。然而，考虑到游戏中的天赋解锁可能被设计为一种特殊类型的任务，我需要进一步检查这些文件的内容，以确定是否有任何文件包含与天赋解锁相关的逻辑。我将开始阅读这些文件中的内容，特别是那些与任务执行和奖励相关的文件。', 'repeat_counter': 1, 'continue_think_counter': 1}
2024-11-03 07:47:14,124 - INFO Retriever 0 - Observer: 好的，请继续你的下一步行动或思考。
2024-11-03 07:47:14,363 - INFO Retriever 0 - 

————————————————————————————————————————————————————————————————
2024-11-03 07:47:14,375 - INFO Retriever 0 - 当前窗口总长度：15
2024-11-03 07:47:14,405 - INFO Retriever 0 - 当前更新窗口长度：6
2024-11-03 07:47:14,437 - INFO Retriever 0 - 当前更新窗口长度：6
2024-11-03 07:47:14,464 - INFO Retriever 0 - ————————————————————————————————————————————————————————————————


2024-11-03 07:47:17,807 - INFO Retriever 0 - Agent主脑给出的回答为：{
    "read_file": {
        "file_path": "D:\\Unity\\Survaval\\Assets\\_MyAssets\\Data\\DailyTask\\doneallTask.asset"
    }
}
2024-11-03 07:47:17,822 - INFO Retriever 0 - 是否成功解析：True
2024-11-03 07:47:17,853 - INFO Retriever 0 - operation_type (__det_dir_action):
2024-11-03 07:47:17,854 - INFO Retriever 0 - read_file
2024-11-03 07:47:17,879 - INFO Retriever 0 - 

——————————————————————————————————————————————————————————————————————————————————————————————————————————————————————————
2024-11-03 07:47:17,961 - INFO Retriever 0 - Assistant:
2024-11-03 07:47:17,969 - INFO Retriever 0 - {
    "read_file": {
        "file_path": "D:\\Unity\\Survaval\\Assets\\_MyAssets\\Data\\DailyTask\\doneallTask.asset"
    }
}
2024-11-03 07:47:18,019 - INFO Retriever 0 - dict_keys(['read_file'])
2024-11-03 07:47:18,041 - INFO Retriever 0 - Agent主脑给出的行动：read_file
参数：{'file_path': 'D:\\Unity\\Survaval\\Assets\\_MyAssets\\Data\\DailyTask\\doneallTask.asset', 'top_path': 'D:/Unity/Survaval\\Assets', 'return_file_sum': <bound method TreeGenerationAction.return_file_sum of <Action.tree_gen_action.TreeGenerationAction object at 0x0000020AC64AF0D0>>}
2024-11-03 07:47:18,057 - INFO Retriever 0 - Observer: 这是一个名为“doneallTask.asset”的文件，该文件里的内容为：
MonoBehaviour:
  m_ObjectHideFlags: 0
  m_CorrespondingSourceObject:
    fileID: 0
  m_PrefabInstance:
    fileID: 0
  m_PrefabAsset:
    fileID: 0
  m_GameObject:
    fileID: 0
  m_Enabled: 1
  m_EditorHideFlags: 0
  m_Script:
    fileID: 11500000
    guid: 83c19108955c8bd489d94501302fa688
    type: 3
  m_Name: doneallTask
  m_EditorClassIdentifier: None
  internalID: 619981177
  dailyTaskName: None
  dailyTaskName_cn: None
  dailyTaskDescribe: None
  dailyTaskDescribe_cn: None
  dailyTaskType: 5
  taskTarget: 5
  rewardType: 7
  rewardValue: 5
  rewardItem:
    fileID: 0
  rewardProperty:
    fileID: 0
  rewardRole:
    fileID: 0
  rewardTalent:
    fileID: 0
  rewardMap:
    fileID: 0
  battlePassExp: 1000
  dailyTaskNameLocal: doneallTask_Name_001
  dailyTaskDescLocal: doneallTask_Description_001
  AssetName: None
2024-11-03 07:47:18,085 - INFO Retriever 0 - 

————————————————————————————————————————————————————————————————
2024-11-03 07:47:18,090 - INFO Retriever 0 - 当前窗口总长度：17
2024-11-03 07:47:18,095 - INFO Retriever 0 - 当前更新窗口长度：8
2024-11-03 07:47:18,100 - INFO Retriever 0 - 当前更新窗口长度：8
2024-11-03 07:47:18,105 - INFO Retriever 0 - ————————————————————————————————————————————————————————————————


2024-11-03 07:47:20,174 - INFO Retriever 0 - Agent主脑给出的回答为：{
    "read_file": {
        "file_path": "D:\\Unity\\Survaval\\Assets\\_MyAssets\\Data\\DailyTask\\killenemyTask.asset"
    }
}
2024-11-03 07:47:20,385 - INFO Retriever 0 - 是否成功解析：True
2024-11-03 07:47:20,429 - INFO Retriever 0 - operation_type (__det_dir_action):
2024-11-03 07:47:20,490 - INFO Retriever 0 - read_file
2024-11-03 07:47:21,023 - INFO Retriever 0 - 

——————————————————————————————————————————————————————————————————————————————————————————————————————————————————————————
2024-11-03 07:47:21,062 - INFO Retriever 0 - Assistant:
2024-11-03 07:47:21,141 - INFO Retriever 0 - {
    "read_file": {
        "file_path": "D:\\Unity\\Survaval\\Assets\\_MyAssets\\Data\\DailyTask\\killenemyTask.asset"
    }
}
2024-11-03 07:47:21,352 - INFO Retriever 0 - dict_keys(['read_file'])
2024-11-03 07:47:21,624 - INFO Retriever 0 - Agent主脑给出的行动：read_file
参数：{'file_path': 'D:\\Unity\\Survaval\\Assets\\_MyAssets\\Data\\DailyTask\\killenemyTask.asset', 'top_path': 'D:/Unity/Survaval\\Assets', 'return_file_sum': <bound method TreeGenerationAction.return_file_sum of <Action.tree_gen_action.TreeGenerationAction object at 0x0000020AC64AF0D0>>}
2024-11-03 07:47:22,447 - INFO Retriever 0 - Observer: 这是一个名为“killenemyTask.asset”的文件，该文件里的内容为：
MonoBehaviour:
  m_ObjectHideFlags: 0
  m_CorrespondingSourceObject:
    fileID: 0
  m_PrefabInstance:
    fileID: 0
  m_PrefabAsset:
    fileID: 0
  m_GameObject:
    fileID: 0
  m_Enabled: 1
  m_EditorHideFlags: 0
  m_Script:
    fileID: 11500000
    guid: 83c19108955c8bd489d94501302fa688
    type: 3
  m_Name: killenemyTask
  m_EditorClassIdentifier: None
  internalID: 453419955
  dailyTaskName: None
  dailyTaskName_cn: None
  dailyTaskDescribe: None
  dailyTaskDescribe_cn: None
  dailyTaskType: 1
  taskTarget: 10000
  rewardType: 1
  rewardValue: 1000
  rewardItem:
    fileID: 0
  rewardProperty:
    fileID: 0
  rewardRole:
    fileID: 0
  rewardTalent:
    fileID: 0
  rewardMap:
    fileID: 0
  battlePassExp: 1000
  dailyTaskNameLocal: killenemyTask_Name_001
  dailyTaskDescLocal: killenemyTask_Description_001
  AssetName: None
2024-11-03 07:47:22,452 - INFO Retriever 0 - 

————————————————————————————————————————————————————————————————
2024-11-03 07:47:22,452 - INFO Retriever 0 - 当前窗口总长度：19
2024-11-03 07:47:22,452 - INFO Retriever 0 - 当前更新窗口长度：10
2024-11-03 07:47:22,452 - INFO Retriever 0 - 当前更新窗口长度：10
2024-11-03 07:47:22,457 - INFO Retriever 0 - ————————————————————————————————————————————————————————————————


2024-11-03 07:47:29,008 - INFO Retriever 0 - Agent主脑给出的回答为：{
    "read_file": {
        "file_path": "D:\\Unity\\Survaval\\Assets\\_MyAssets\\Data\\DailyTask\\passTask.asset"
    }
}
2024-11-03 07:47:29,035 - INFO Retriever 0 - 是否成功解析：True
2024-11-03 07:47:29,064 - INFO Retriever 0 - operation_type (__det_dir_action):
2024-11-03 07:47:29,091 - INFO Retriever 0 - read_file
2024-11-03 07:47:29,108 - INFO Retriever 0 - 

——————————————————————————————————————————————————————————————————————————————————————————————————————————————————————————
2024-11-03 07:47:29,123 - INFO Retriever 0 - Assistant:
2024-11-03 07:47:29,177 - INFO Retriever 0 - {
    "read_file": {
        "file_path": "D:\\Unity\\Survaval\\Assets\\_MyAssets\\Data\\DailyTask\\passTask.asset"
    }
}
2024-11-03 07:47:29,214 - INFO Retriever 0 - dict_keys(['read_file'])
2024-11-03 07:47:29,297 - INFO Retriever 0 - Agent主脑给出的行动：read_file
参数：{'file_path': 'D:\\Unity\\Survaval\\Assets\\_MyAssets\\Data\\DailyTask\\passTask.asset', 'top_path': 'D:/Unity/Survaval\\Assets', 'return_file_sum': <bound method TreeGenerationAction.return_file_sum of <Action.tree_gen_action.TreeGenerationAction object at 0x0000020AC64AF0D0>>}
2024-11-03 07:47:29,486 - INFO Retriever 0 - Observer: 这是一个名为“passTask.asset”的文件，该文件里的内容为：
MonoBehaviour:
  m_ObjectHideFlags: 0
  m_CorrespondingSourceObject:
    fileID: 0
  m_PrefabInstance:
    fileID: 0
  m_PrefabAsset:
    fileID: 0
  m_GameObject:
    fileID: 0
  m_Enabled: 1
  m_EditorHideFlags: 0
  m_Script:
    fileID: 11500000
    guid: 83c19108955c8bd489d94501302fa688
    type: 3
  m_Name: passTask
  m_EditorClassIdentifier: None
  internalID: 446096473
  dailyTaskName: None
  dailyTaskName_cn: None
  dailyTaskDescribe: None
  dailyTaskDescribe_cn: None
  dailyTaskType: 3
  taskTarget: 2
  rewardType: 1
  rewardValue: 2000
  rewardItem:
    fileID: 0
  rewardProperty:
    fileID: 0
  rewardRole:
    fileID: 0
  rewardTalent:
    fileID: 0
  rewardMap:
    fileID: 0
  battlePassExp: 1000
  dailyTaskNameLocal: passTask_Name_001
  dailyTaskDescLocal: passTask_Description_001
  AssetName: None
2024-11-03 07:47:29,612 - INFO Retriever 0 - 

————————————————————————————————————————————————————————————————
2024-11-03 07:47:29,635 - INFO Retriever 0 - 当前窗口总长度：21
2024-11-03 07:47:29,647 - INFO Retriever 0 - 当前更新窗口长度：12
2024-11-03 07:47:29,674 - INFO Retriever 0 - 当前更新窗口长度：12
2024-11-03 07:47:29,697 - INFO Retriever 0 - ————————————————————————————————————————————————————————————————


2024-11-03 07:47:32,581 - INFO Retriever 0 - Agent主脑给出的回答为：{
    "read_file": {
        "file_path": "D:\\Unity\\Survaval\\Assets\\_MyAssets\\Data\\DailyTask\\startlevelTask.asset"
    }
}
2024-11-03 07:47:32,608 - INFO Retriever 0 - 是否成功解析：True
2024-11-03 07:47:32,651 - INFO Retriever 0 - operation_type (__det_dir_action):
2024-11-03 07:47:32,707 - INFO Retriever 0 - read_file
2024-11-03 07:47:32,853 - INFO Retriever 0 - 

——————————————————————————————————————————————————————————————————————————————————————————————————————————————————————————
2024-11-03 07:47:32,912 - INFO Retriever 0 - Assistant:
2024-11-03 07:47:32,986 - INFO Retriever 0 - {
    "read_file": {
        "file_path": "D:\\Unity\\Survaval\\Assets\\_MyAssets\\Data\\DailyTask\\startlevelTask.asset"
    }
}
2024-11-03 07:47:33,086 - INFO Retriever 0 - dict_keys(['read_file'])
2024-11-03 07:47:33,208 - INFO Retriever 0 - Agent主脑给出的行动：read_file
参数：{'file_path': 'D:\\Unity\\Survaval\\Assets\\_MyAssets\\Data\\DailyTask\\startlevelTask.asset', 'top_path': 'D:/Unity/Survaval\\Assets', 'return_file_sum': <bound method TreeGenerationAction.return_file_sum of <Action.tree_gen_action.TreeGenerationAction object at 0x0000020AC64AF0D0>>}
2024-11-03 07:47:33,550 - INFO Retriever 0 - Observer: 这是一个名为“startlevelTask.asset”的文件，该文件里的内容为：
MonoBehaviour:
  m_ObjectHideFlags: 0
  m_CorrespondingSourceObject:
    fileID: 0
  m_PrefabInstance:
    fileID: 0
  m_PrefabAsset:
    fileID: 0
  m_GameObject:
    fileID: 0
  m_Enabled: 1
  m_EditorHideFlags: 0
  m_Script:
    fileID: 11500000
    guid: 83c19108955c8bd489d94501302fa688
    type: 3
  m_Name: startlevelTask
  m_EditorClassIdentifier: None
  internalID: 1219494437
  dailyTaskName: None
  dailyTaskName_cn: None
  dailyTaskDescribe: None
  dailyTaskDescribe_cn: None
  dailyTaskType: 4
  taskTarget: 10
  rewardType: 1
  rewardValue: 1000
  rewardItem:
    fileID: 0
  rewardProperty:
    fileID: 0
  rewardRole:
    fileID: 0
  rewardTalent:
    fileID: 0
  rewardMap:
    fileID: 0
  battlePassExp: 1000
  dailyTaskNameLocal: startlevelTask_Name_001
  dailyTaskDescLocal: startlevelTask_Description_001
  AssetName: None
2024-11-03 07:47:33,585 - INFO Retriever 0 - 

————————————————————————————————————————————————————————————————
2024-11-03 07:47:33,585 - INFO Retriever 0 - 当前窗口总长度：23
2024-11-03 07:47:33,585 - INFO Retriever 0 - 当前更新窗口长度：14
2024-11-03 07:47:33,585 - INFO Retriever 0 - 当前更新窗口长度：14
2024-11-03 07:47:33,589 - INFO Retriever 0 - ————————————————————————————————————————————————————————————————


2024-11-03 07:47:35,209 - INFO Retriever 0 - Agent主脑给出的回答为：{
    "read_file": {
        "file_path": "D:\\Unity\\Survaval\\Assets\\_MyAssets\\Data\\DailyTask\\upLevelTask.asset"
    }
}
2024-11-03 07:47:35,209 - INFO Retriever 0 - 是否成功解析：True
2024-11-03 07:47:35,209 - INFO Retriever 0 - operation_type (__det_dir_action):
2024-11-03 07:47:35,213 - INFO Retriever 0 - read_file
2024-11-03 07:47:35,213 - INFO Retriever 0 - 

——————————————————————————————————————————————————————————————————————————————————————————————————————————————————————————
2024-11-03 07:47:35,213 - INFO Retriever 0 - Assistant:
2024-11-03 07:47:35,213 - INFO Retriever 0 - {
    "read_file": {
        "file_path": "D:\\Unity\\Survaval\\Assets\\_MyAssets\\Data\\DailyTask\\upLevelTask.asset"
    }
}
2024-11-03 07:47:35,214 - INFO Retriever 0 - dict_keys(['read_file'])
2024-11-03 07:47:35,214 - INFO Retriever 0 - Agent主脑给出的行动：read_file
参数：{'file_path': 'D:\\Unity\\Survaval\\Assets\\_MyAssets\\Data\\DailyTask\\upLevelTask.asset', 'top_path': 'D:/Unity/Survaval\\Assets', 'return_file_sum': <bound method TreeGenerationAction.return_file_sum of <Action.tree_gen_action.TreeGenerationAction object at 0x0000020AC64AF0D0>>}
2024-11-03 07:47:35,221 - INFO Retriever 0 - Observer: 这是一个名为“upLevelTask.asset”的文件，该文件里的内容为：
MonoBehaviour:
  m_ObjectHideFlags: 0
  m_CorrespondingSourceObject:
    fileID: 0
  m_PrefabInstance:
    fileID: 0
  m_PrefabAsset:
    fileID: 0
  m_GameObject:
    fileID: 0
  m_Enabled: 1
  m_EditorHideFlags: 0
  m_Script:
    fileID: 11500000
    guid: 83c19108955c8bd489d94501302fa688
    type: 3
  m_Name: upLevelTask
  m_EditorClassIdentifier: None
  internalID: 1711616932
  dailyTaskName: None
  dailyTaskName_cn: None
  dailyTaskDescribe: None
  dailyTaskDescribe_cn: None
  dailyTaskType: 0
  taskTarget: 20
  rewardType: 1
  rewardValue: 800
  rewardItem:
    fileID: 0
  rewardProperty:
    fileID: 0
  rewardRole:
    fileID: 0
  rewardTalent:
    fileID: 0
  rewardMap:
    fileID: 0
  battlePassExp: 1000
  dailyTaskNameLocal: upLevelTask_Name_001
  dailyTaskDescLocal: upLevelTask_Description_001
  AssetName: None
2024-11-03 07:47:35,223 - INFO Retriever 0 - 

————————————————————————————————————————————————————————————————
2024-11-03 07:47:35,223 - INFO Retriever 0 - 当前窗口总长度：25
2024-11-03 07:47:35,223 - INFO Retriever 0 - 当前更新窗口长度：16
2024-11-03 07:47:35,224 - INFO Retriever 0 - 当前更新窗口长度：16
2024-11-03 07:47:35,224 - INFO Retriever 0 - ————————————————————————————————————————————————————————————————


2024-11-03 07:47:37,749 - INFO Retriever 0 - Agent主脑给出的回答为：{
    "read_file": {
        "file_path": "D:\\Unity\\Survaval\\Assets\\_MyAssets\\Data\\DailyTask\\watchADTask.asset"
    }
}
2024-11-03 07:47:37,749 - INFO Retriever 0 - 是否成功解析：True
2024-11-03 07:47:37,752 - INFO Retriever 0 - operation_type (__det_dir_action):
2024-11-03 07:47:37,752 - INFO Retriever 0 - read_file
2024-11-03 07:47:37,752 - INFO Retriever 0 - 

——————————————————————————————————————————————————————————————————————————————————————————————————————————————————————————
2024-11-03 07:47:37,752 - INFO Retriever 0 - Assistant:
2024-11-03 07:47:37,753 - INFO Retriever 0 - {
    "read_file": {
        "file_path": "D:\\Unity\\Survaval\\Assets\\_MyAssets\\Data\\DailyTask\\watchADTask.asset"
    }
}
2024-11-03 07:47:37,753 - INFO Retriever 0 - dict_keys(['read_file'])
2024-11-03 07:47:37,753 - INFO Retriever 0 - Agent主脑给出的行动：read_file
参数：{'file_path': 'D:\\Unity\\Survaval\\Assets\\_MyAssets\\Data\\DailyTask\\watchADTask.asset', 'top_path': 'D:/Unity/Survaval\\Assets', 'return_file_sum': <bound method TreeGenerationAction.return_file_sum of <Action.tree_gen_action.TreeGenerationAction object at 0x0000020AC64AF0D0>>}
2024-11-03 07:47:37,758 - INFO Retriever 0 - Observer: 这是一个名为“watchADTask.asset”的文件，该文件里的内容为：
MonoBehaviour:
  m_ObjectHideFlags: 0
  m_CorrespondingSourceObject:
    fileID: 0
  m_PrefabInstance:
    fileID: 0
  m_PrefabAsset:
    fileID: 0
  m_GameObject:
    fileID: 0
  m_Enabled: 1
  m_EditorHideFlags: 0
  m_Script:
    fileID: 11500000
    guid: 83c19108955c8bd489d94501302fa688
    type: 3
  m_Name: watchADTask
  m_EditorClassIdentifier: None
  internalID: 423193026
  dailyTaskName: None
  dailyTaskName_cn: None
  dailyTaskDescribe: None
  dailyTaskDescribe_cn: None
  dailyTaskType: 2
  taskTarget: 5
  rewardType: 7
  rewardValue: 2
  rewardItem:
    fileID: 0
  rewardProperty:
    fileID: 0
  rewardRole:
    fileID: 0
  rewardTalent:
    fileID: 0
  rewardMap:
    fileID: 0
  battlePassExp: 1000
  dailyTaskNameLocal: watchADTask_Name_001
  dailyTaskDescLocal: watchADTask_Description_001
  AssetName: None
2024-11-03 07:47:37,758 - INFO Retriever 0 - 

————————————————————————————————————————————————————————————————
2024-11-03 07:47:37,758 - INFO Retriever 0 - 当前窗口总长度：27
2024-11-03 07:47:37,758 - INFO Retriever 0 - 当前更新窗口长度：18
2024-11-03 07:47:37,762 - INFO Retriever 0 - 当前更新窗口长度：18
2024-11-03 07:47:37,762 - INFO Retriever 0 - ————————————————————————————————————————————————————————————————


2024-11-03 07:47:40,229 - INFO Retriever 0 - Agent主脑给出的回答为：{
    "deep_think": {
        "thoughts": "经过阅读了“DailyTask”文件夹中的所有文件，我发现这些文件主要与日常任务和奖励相关，但它们并没有直接涉及到天赋解锁的逻辑。这些任务包括完成特定数量的敌人击杀、通过关卡、开始新关卡、升级等，以及观看广告的任务。然而，这些任务都没有提到天赋解锁作为奖励。因此，我需要进一步检查其他可能的文件或文件夹，以确定是否有其他文件与天赋解锁相关。"
    }
}
2024-11-03 07:47:40,230 - INFO Retriever 0 - 是否成功解析：True
2024-11-03 07:47:40,230 - INFO Retriever 0 - operation_type (__det_dir_action):
2024-11-03 07:47:40,230 - INFO Retriever 0 - deep_think
2024-11-03 07:47:40,230 - INFO Retriever 0 - 

——————————————————————————————————————————————————————————————————————————————————————————————————————————————————————————
2024-11-03 07:47:40,232 - INFO Retriever 0 - Assistant:
2024-11-03 07:47:40,232 - INFO Retriever 0 - {
    "deep_think": {
        "thoughts": "经过阅读了“DailyTask”文件夹中的所有文件，我发现这些文件主要与日常任务和奖励相关，但它们并没有直接涉及到天赋解锁的逻辑。这些任务包括完成特定数量的敌人击杀、通过关卡、开始新关卡、升级等，以及观看广告的任务。然而，这些任务都没有提到天赋解锁作为奖励。因此，我需要进一步检查其他可能的文件或文件夹，以确定是否有其他文件与天赋解锁相关。"
    }
}
2024-11-03 07:47:40,232 - INFO Retriever 0 - dict_keys(['deep_think'])
2024-11-03 07:47:40,233 - INFO Retriever 0 - Agent主脑给出的行动：deep_think
参数：{'thoughts': '经过阅读了“DailyTask”文件夹中的所有文件，我发现这些文件主要与日常任务和奖励相关，但它们并没有直接涉及到天赋解锁的逻辑。这些任务包括完成特定数量的敌人击杀、通过关卡、开始新关卡、升级等，以及观看广告的任务。然而，这些任务都没有提到天赋解锁作为奖励。因此，我需要进一步检查其他可能的文件或文件夹，以确定是否有其他文件与天赋解锁相关。', 'repeat_counter': 1, 'continue_think_counter': 1}
2024-11-03 07:47:40,233 - INFO Retriever 0 - Observer: 好的，请继续你的下一步行动或思考。
2024-11-03 07:47:40,234 - INFO Retriever 0 - 

————————————————————————————————————————————————————————————————
2024-11-03 07:47:40,234 - INFO Retriever 0 - 当前窗口总长度：29
2024-11-03 07:47:40,234 - INFO Retriever 0 - 当前更新窗口长度：20
2024-11-03 07:47:40,234 - INFO Retriever 0 - 当前更新窗口长度：20
2024-11-03 07:47:40,234 - INFO Retriever 0 - ————————————————————————————————————————————————————————————————


2024-11-03 07:47:43,200 - INFO Retriever 0 - Agent主脑给出的回答为：{
    "deep_think": {
        "thoughts": "考虑到天赋解锁可能不是通过日常任务来实现的，我需要考虑其他可能的文件或文件夹。在Unity项目中，天赋通常与游戏的角色属性或技能系统相关联。我需要检查与角色、属性或技能相关的文件和文件夹。我将使用retrieve_keywords操作，在项目顶层路径“D:/Unity/Survaval/Assets”下检索与“天赋”、“技能”和“角色”相关的关键词，以寻找可能包含天赋解锁逻辑的文件。"
    }
}
2024-11-03 07:47:43,200 - INFO Retriever 0 - 是否成功解析：True
2024-11-03 07:47:43,200 - INFO Retriever 0 - operation_type (__det_dir_action):
2024-11-03 07:47:43,200 - INFO Retriever 0 - deep_think
2024-11-03 07:47:43,201 - INFO Retriever 0 - 

——————————————————————————————————————————————————————————————————————————————————————————————————————————————————————————
2024-11-03 07:47:43,201 - INFO Retriever 0 - Assistant:
2024-11-03 07:47:43,201 - INFO Retriever 0 - {
    "deep_think": {
        "thoughts": "考虑到天赋解锁可能不是通过日常任务来实现的，我需要考虑其他可能的文件或文件夹。在Unity项目中，天赋通常与游戏的角色属性或技能系统相关联。我需要检查与角色、属性或技能相关的文件和文件夹。我将使用retrieve_keywords操作，在项目顶层路径“D:/Unity/Survaval/Assets”下检索与“天赋”、“技能”和“角色”相关的关键词，以寻找可能包含天赋解锁逻辑的文件。"
    }
}
2024-11-03 07:47:43,201 - INFO Retriever 0 - dict_keys(['deep_think'])
2024-11-03 07:47:43,202 - INFO Retriever 0 - Agent主脑给出的行动：deep_think
参数：{'thoughts': '考虑到天赋解锁可能不是通过日常任务来实现的，我需要考虑其他可能的文件或文件夹。在Unity项目中，天赋通常与游戏的角色属性或技能系统相关联。我需要检查与角色、属性或技能相关的文件和文件夹。我将使用retrieve_keywords操作，在项目顶层路径“D:/Unity/Survaval/Assets”下检索与“天赋”、“技能”和“角色”相关的关键词，以寻找可能包含天赋解锁逻辑的文件。', 'repeat_counter': 1, 'continue_think_counter': 1}
2024-11-03 07:47:43,202 - INFO Retriever 0 - Observer: 好的，请继续你的下一步行动或思考。
2024-11-03 07:47:43,204 - INFO Retriever 0 - 

————————————————————————————————————————————————————————————————
2024-11-03 07:47:43,204 - INFO Retriever 0 - 当前窗口总长度：31
2024-11-03 07:47:43,204 - INFO Retriever 0 - 当前更新窗口长度：22
2024-11-03 07:47:43,205 - INFO Retriever 0 - 当前更新窗口长度：22
2024-11-03 07:47:43,205 - INFO Retriever 0 - ————————————————————————————————————————————————————————————————


2024-11-03 07:47:45,281 - INFO Retriever 0 - Agent主脑给出的回答为：{
    "retrieve_keywords": {
        "keyword_list": [
            "天赋",
            "skill",
            "character",
            "ability",
            "attribute",
            "characteristics",
            "talent system",
            "skill tree",
            "character progression",
            "character development",
            "character stats"
        ]
    }
}
2024-11-03 07:47:45,281 - INFO Retriever 0 - 是否成功解析：True
2024-11-03 07:47:45,281 - INFO Retriever 0 - operation_type (__det_dir_action):
2024-11-03 07:47:45,282 - INFO Retriever 0 - retrieve_keywords
2024-11-03 07:47:45,282 - INFO Retriever 0 - 

——————————————————————————————————————————————————————————————————————————————————————————————————————————————————————————
2024-11-03 07:47:45,283 - INFO Retriever 0 - Assistant:
2024-11-03 07:47:45,283 - INFO Retriever 0 - {
    "retrieve_keywords": {
        "keyword_list": [
            "天赋",
            "skill",
            "character",
            "ability",
            "attribute",
            "characteristics",
            "talent system",
            "skill tree",
            "character progression",
            "character development",
            "character stats"
        ]
    }
}
2024-11-03 07:47:45,283 - INFO Retriever 0 - dict_keys(['retrieve_keywords'])
2024-11-03 07:47:45,283 - INFO Retriever 0 - Agent主脑给出的行动：retrieve_keywords
参数：{'keyword_list': ['天赋', 'skill', 'character', 'ability', 'attribute', 'characteristics', 'talent system', 'skill tree', 'character progression', 'character development', 'character stats']}
2024-11-03 07:47:45,947 - INFO Retriever 0 - Observer: 根据你提供的关键词，我检索到以下目录或文件，它们的绝对路径如下：


1. D:\\Unity\\Survaval\Library\PackageCache\com.unity.render-pipelines.universal@12.1.7\Documentation~\Images\how-to-render-objects\character.png
这是一个名为“character.png”的文件。

2. D:\\Unity\\Survaval\Library\PackageCache\com.unity.render-pipelines.universal@12.1.7\Documentation~\Images\how-to-render-objects\character-in-hierarchy.png
这是一个名为“character-in-hierarchy.png”的文件。

3. D:\\Unity\\Survaval\Library\PackageCache\com.unity.test-framework@1.1.31\Documentation~\reference-attribute-testmustexpectalllogs.md
这是一个名为“reference-attribute-testmustexpectalllogs.md”的文件。

4. D:\\Unity\\Survaval\Library\PackageCache\com.unity.render-pipelines.universal@12.1.7\Documentation~\Images\how-to-render-objects\rendobj-character-only-behind.png
这是一个名为“rendobj-character-only-behind.png”的文件。

5. D:\\Unity\\Survaval\Library\PackageCache\com.unity.render-pipelines.universal@12.1.7\Documentation~\Images\how-to-render-objects\rendobj-in-urp-asset-clear-character.png
这是一个名为“rendobj-in-urp-asset-clear-character.png”的文件。

6. D:\\Unity\\Survaval\Assets\StreamingAssets\skill_data.bytes
这是一个名为“skill_data.bytes”的文件。

7. D:\\Unity\\Survaval\Assets\_MyAssets\ArtAssets\UI\UI_Ash_skill.mat
这是一个名为“UI_Ash_skill.mat”的文件。

8. D:\\Unity\\Survaval\Assets\_MyAssets\Scripts\Data\TalentData.cs
该脚本定义了 `TalentData` 类，用于在Unity游戏中管理天赋数据。类中包含天赋的ID、名称、描述、关联武器和技能，以及解锁成就等信息。支持多语言本地化，包括中文，并提供编辑器功能以生成和编辑天赋资源。`TalentData` 类实现了 `IDataWithID` 和 `IOutputLocalization` 接口，具备获取本地化名称和描述、生成ID、输出本地化数据等功能，同时提供了编辑器中创建新天赋资源的工具。


请注意，这些目录或文件可能不全都和你的任务目标相关，仅供参考。请你基于具体的文件内容概述，结合你的任务目标，认真思考分析后，优先选择最有可能与任务相关的目录或文件进行进一步的检查。
2024-11-03 07:47:45,950 - INFO Retriever 0 - 

————————————————————————————————————————————————————————————————
2024-11-03 07:47:45,950 - INFO Retriever 0 - 当前窗口总长度：33
2024-11-03 07:47:45,950 - INFO Retriever 0 - 当前更新窗口长度：24
2024-11-03 07:47:45,951 - INFO Retriever 0 - 当前更新窗口长度：24
2024-11-03 07:47:45,951 - INFO Retriever 0 - ————————————————————————————————————————————————————————————————


2024-11-03 07:47:48,005 - INFO Retriever 0 - Agent主脑给出的回答为：{
    "read_file": {
        "file_path": "D:\\Unity\\Survaval\\Assets\\_MyAssets\\Scripts\\Data\\TalentData.cs"
    }
}
2024-11-03 07:47:48,005 - INFO Retriever 0 - 是否成功解析：True
2024-11-03 07:47:48,005 - INFO Retriever 0 - operation_type (__det_dir_action):
2024-11-03 07:47:48,005 - INFO Retriever 0 - read_file
2024-11-03 07:47:48,006 - INFO Retriever 0 - 

——————————————————————————————————————————————————————————————————————————————————————————————————————————————————————————
2024-11-03 07:47:48,006 - INFO Retriever 0 - Assistant:
2024-11-03 07:47:48,006 - INFO Retriever 0 - {
    "read_file": {
        "file_path": "D:\\Unity\\Survaval\\Assets\\_MyAssets\\Scripts\\Data\\TalentData.cs"
    }
}
2024-11-03 07:47:48,006 - INFO Retriever 0 - dict_keys(['read_file'])
2024-11-03 07:47:48,007 - INFO Retriever 0 - Agent主脑给出的行动：read_file
参数：{'file_path': 'D:\\Unity\\Survaval\\Assets\\_MyAssets\\Scripts\\Data\\TalentData.cs', 'top_path': 'D:/Unity/Survaval\\Assets', 'return_file_sum': <bound method TreeGenerationAction.return_file_sum of <Action.tree_gen_action.TreeGenerationAction object at 0x0000020AC64AF0D0>>}
2024-11-03 07:47:48,165 - INFO Retriever 0 - Observer: 这是一个名为“TalentData.cs”的文件，该文件里的内容为：
由于脚本文件内容过长，暂时仅给出该脚本文件的内容总结:
- ### 总体概述
- **框架和模块化结构**：该脚本定义了一个名为 `TalentData` 的类，该类继承自 `ScriptableObject`，并实现了 `IDataWithID` 和 `IOutputLocalization` 接口。类中包含多个属性和方法，用于存储和操作天赋数据。
- **主要功能和目标**：脚本的主要目标是提供一个用于存储和管理游戏天赋数据的结构，包括天赋的名称、描述、关联的武器和技能，以及本地化支持。

### 模块和功能
- **天赋数据存储**：存储天赋的内部ID、名称、描述、关联的武器和技能，以及解锁成就。
- **本地化支持**：支持多语言环境下的天赋名称和描述的本地化。
- **编辑器功能**：提供编辑器功能，允许用户创建新的天赋资源。

### 类和函数
- **TalentData 类**：主要类，用于表示天赋数据。
  - `internalID`：天赋的内部ID。
  - `talentName`、`talentDescribe`、`talentName_cn`、`talentDescription_cn`：天赋的名称和描述，包括中文版本。
  - `weapon`、`passiveSkill`：关联的武器和被动技能。
  - `achivement`：解锁成就。
  - `TalentIndex`：天赋排序。
  - `GetName`、`GetDescription`：获取本地化后的名称和描述。
  - `_odin_generateID`、`_odin_ForceGenerateID`：生成或强制生成天赋的内部ID。
  - `OutputLocalization`：输出本地化数据。
  - `UpdateText`：更新名称和描述的本地化内容。
- **编辑器方法**：
  - `CreateNewAsset`：在Unity编辑器中创建新的天赋资源。

### 实现逻辑
- `TalentData` 类通过属性和方法提供了对天赋数据的访问和操作。
- `GetName` 和 `GetDescription` 方法根据当前语言环境返回相应的本地化文本。
- `_odin_generateID` 和 `_odin_ForceGenerateID` 方法用于生成天赋的内部ID。
- `OutputLocalization` 方法用于输出本地化数据，以便在游戏中使用。
- `UpdateText` 方法允许更新本地化文本。
- `CreateNewAsset` 方法是Unity编辑器中创建新天赋资源的逻辑实现。
2024-11-03 07:47:48,169 - INFO Retriever 0 - 

————————————————————————————————————————————————————————————————
2024-11-03 07:47:48,169 - INFO Retriever 0 - 当前窗口总长度：35
2024-11-03 07:47:48,169 - INFO Retriever 0 - 当前更新窗口长度：26
2024-11-03 07:47:48,169 - INFO Retriever 0 - 当前更新窗口长度：26
2024-11-03 07:47:48,169 - INFO Retriever 0 - ————————————————————————————————————————————————————————————————


2024-11-03 07:47:49,980 - INFO Retriever 0 - Agent主脑给出的回答为：{
    "finish": "我已完成你所给出的任务需求，请你进行确认"
}
2024-11-03 07:47:49,981 - INFO Retriever 0 - 是否成功解析：True
2024-11-03 07:47:49,981 - INFO Retriever 0 - operation_type (__det_dir_action):
2024-11-03 07:47:49,981 - INFO Retriever 0 - finish
2024-11-03 07:47:49,982 - INFO Retriever 0 - 

——————————————————————————————————————————————————————————————————————————————————————————————————————————————————————————
2024-11-03 07:47:49,982 - INFO Retriever 0 - Assistant:
2024-11-03 07:47:49,982 - INFO Retriever 0 - {
    "finish": "我已完成你所给出的任务需求，请你进行确认"
}
2024-11-03 07:47:49,982 - INFO Retriever 0 - dict_keys(['finish'])
2024-11-03 07:47:49,982 - INFO Retriever 0 - ——————————————————————————————————— 任务结束 ———————————————————————————————————
2024-11-03 07:47:49,983 - INFO Retriever 0 - 

————————————————————————————————————————————————————————————————
2024-11-03 07:47:49,983 - INFO Retriever 0 - 当前窗口总长度：35
2024-11-03 07:47:49,983 - INFO Retriever 0 - 当前更新窗口长度：26
2024-11-03 07:47:49,983 - INFO Retriever 0 - 当前更新窗口长度：26
2024-11-03 07:47:49,985 - INFO Retriever 0 - ————————————————————————————————————————————————————————————————


2024-11-03 07:49:49,984 - INFO Retriever 0 - -------------------------Task Report-----------------------
2024-11-03 07:49:49,986 - INFO Retriever 0 - * 文件一：
    * 文件绝对路径：D:\\Unity\\Survaval\\Assets\\_MyAssets\\Data\\DailyTask\\doneallTask.asset
    * 文件内容概述：该文件定义了一个名为“doneallTask”的任务，包含任务名称、描述、类型、奖励（包括经验值）等属性。任务配置详尽，涉及奖励类型、目标、以及本地化字符串。
    * 该文件与问题目标之间的关联性：该文件与日常任务相关，但并未直接涉及天赋解锁的逻辑。

* 文件二：
    * 文件绝对路径：D:\\Unity\\Survaval\\Assets\\_MyAssets\\Data\\DailyTask\\killenemyTask.asset
    * 文件内容概述：该文件定义了Unity游戏中的“killenemyTask”任务脚本，设定为一个目标导向的日常任务，要求玩家击杀特定数量的敌人。任务提供1000点奖励，并可能包括其他奖励物品或属性。任务名称和描述均提供英文和中文版本，以支持多语言环境。
    * 该文件与问题目标之间的关联性：该文件定义了一个日常任务，但并未直接涉及天赋解锁的逻辑。

* 文件三：
    * 文件绝对路径：D:\\Unity\\Survaval\\Assets\\_MyAssets\\Data\\DailyTask\\passTask.asset
    * 文件内容概述：该文件定义了一个Unity游戏中的任务对象“passTask”，包括其本地化名称“passTask_Name_001”和描述“passTask_Description_001”。任务类型为3，目标设定为2，提供2000奖励值，并增加1000战斗通行证经验。
    * 该文件与问题目标之间的关联性：该文件定义了一个日常任务，但并未直接涉及天赋解锁的逻辑。

* 文件四：
    * 文件绝对路径：D:\\Unity\\Survaval\\Assets\\_MyAssets\\Data\\DailyTask\\startlevelTask.asset
    * 文件内容概述：该文件描述了Unity游戏中的一个名为“startlevelTask”的任务脚本。脚本配置了任务的基本属性，包括未指定的任务名称、描述和奖励类型，以及任务类型为4、目标值为10、奖励值为1000等。此外，还定义了本地化的任务名称和描述，以及战斗通行证经验奖励为1000点。
    * 该文件与问题目标之间的关联性：该文件定义了一个日常任务，但并未直接涉及天赋解锁的逻辑。

* 文件五：
    * 文件绝对路径：D:\\Unity\\Survaval\\Assets\\_MyAssets\\Data\\DailyTask\\upLevelTask.asset
    * 文件内容概述：该文件定义了Unity游戏中的“upLevelTask”脚本，包含任务名称、描述、类型、目标值等配置。任务类型为一般类型，目标值为20，奖励类型为1，奖励值为800。此外，脚本还指定了战斗通行证经验奖励为1000，并提供了本地化的任务名称和描述。奖励项的具体内容尚未指定。
    * 该文件与问题目标之间的关联性：该文件定义了一个日常任务，但并未直接涉及天赋解锁的逻辑。

* 文件六：
    * 文件绝对路径：D:\\Unity\\Survaval\\Assets\\_MyAssets\\Data\\DailyTask\\watchADTask.asset
    * 文件内容概述：该文件描述了一个Unity游戏中的广告观看任务脚本`watchADTask`，包含任务名称、描述、奖励类型（如经验值）和数值。任务配置支持本地化，适用于多语言环境。
    * 该文件与问题目标之间的关联性：该文件定义了一个日常任务，但并未直接涉及天赋解锁的逻辑。

* 文件七：
    * 文件绝对路径：D:\\Unity\\Survaval\\Assets\\_MyAssets\\Scripts\\Data\\TalentData.cs
    * 文件内容概述：该脚本定义了 `TalentData` 类，用于在Unity游戏中管理天赋数据。类中包含天赋的ID、名称、描述、关联武器和技能，以及解锁成就等信息。支持多语言本地化，包括中文，并提供编辑器功能以生成和编辑天赋资源。`TalentData` 类实现了 `IDataWithID` 和 `IOutputLocalization` 接口，具备获取本地化名称和描述、生成ID、输出本地化数据等功能，同时提供了编辑器中创建新天赋资源的工具。
    * 该文件与问题目标之间的关联性：该文件直接与问题目标相关，因为它定义了管理天赋数据的类，包括天赋的解锁成就等信息。这可能涉及到如何解锁天赋的逻辑。

* 文件八：
    * 文件绝对路径：D:\\Unity\\Survaval\\Assets\\StreamingAssets\\skill_data.bytes
    * 文件内容概述：这是一个名为“skill_data.bytes”的文件，可能是游戏中的技能数据文件。
    * 该文件与问题目标之间的关联性：该文件可能与技能相关，但并未直接涉及天赋解锁的逻辑。

* 文件九：
    * 文件绝对路径：D:\\Unity\\Survaval\\Assets\\_MyAssets\\ArtAssets\\UI\\UI_Ash_skill.mat
    * 文件内容概述：这是一个名为“UI_Ash_skill.mat”的文件，可能是与技能相关的材质文件。
    * 该文件与问题目标之间的关联性：该文件与技能相关，但并未直接涉及天赋解锁的逻辑。

请注意，以上报告仅基于文件名和内容概述，并未深入分析文件的具体实现细节。如果需要更深入的分析，可能需要进一步阅读文件的具体内容。
2024-11-03 07:49:49,987 - INFO Retriever 0 - 
Token Consuming:128989

2024-11-03 07:49:49,987 - INFO Retriever 0 - 
history rounds:18

