2024-12-15 11:22:53,807 - INFO Retriever 0 - Init Retriever.
2024-12-15 11:23:09,894 - INFO Retriever 0 - keywords:“['刷什么敌人', 'the first stage', '第一关', 'the first level', 'what enemy to brush', 'swipe', '刷', 'brush', 'adversary', 'renew', '刷新', 'refresh', '机制', 'enemy', 'what', '刷新机制', 'refresh mechanism', '敌人', '什么', 'whatever', 'mechanism', 'brush what enemy']”，“['刷什么敌人', 'enemy refresh mechanism', 'the first stage', '第一关', 'the first level', 'what enemy to brush', ' sweeps', '刷', 'brush', 'adversary', 'renew', '刷新', 'refresh', 'monster spawn system', '机制', 'enemy', 'what', '敌人', '什么', 'whatever', 'mechanism', 'brush what enemy', '敌人刷新机制']”，“['刷什么敌人', 'the first stage', '第一关', 'the first level', 'what enemy to brush', '刷', 'brush', 'Whatever', 'adversary', 'renew', '刷新', 'refresh', '机制', 'enemy', 'what', '刷新机制', 'refresh mechanism', '敌人', '什么', 'mechanism', 'brush what enemy']”
2024-12-15 11:23:09,895 - INFO Retriever 0 - deep_think_conent
:在获取了项目文件的顶层结构后，我还需要结合待查询的问题描述，对于项目中的文件和目录进行一些深度关键词检索。根据任务描述：“请在D:/Unity/Survaval\Assets下各级目录中寻找：如果我要修改第一关的敌人刷新机制，例如刷什么敌人，应该修改的是什么文件”，我总结出如下可能会出现在各个文件名或者文件内容中的关键词：“['刷什么敌人', 'the first stage', '第一关', 'the first level', 'what enemy to brush', 'swipe', '刷', 'brush', 'adversary', 'renew', '刷新', 'refresh', '机制', 'enemy', 'what', '刷新机制', 'refresh mechanism', '敌人', '什么', 'whatever', 'mechanism', 'brush what enemy']”，“['刷什么敌人', 'enemy refresh mechanism', 'the first stage', '第一关', 'the first level', 'what enemy to brush', ' sweeps', '刷', 'brush', 'adversary', 'renew', '刷新', 'refresh', 'monster spawn system', '机制', 'enemy', 'what', '敌人', '什么', 'whatever', 'mechanism', 'brush what enemy', '敌人刷新机制']”，“['刷什么敌人', 'the first stage', '第一关', 'the first level', 'what enemy to brush', '刷', 'brush', 'Whatever', 'adversary', 'renew', '刷新', 'refresh', '机制', 'enemy', 'what', '刷新机制', 'refresh mechanism', '敌人', '什么', 'mechanism', 'brush what enemy']”。
接下来，我将使用retrieve_keywords操作，在项目顶层路径“D:/Unity/Survaval\Assets”下检索这些关键词，从而大致把握可能与问题描述相关的文件或目录的路径。
2024-12-15 11:23:09,897 - INFO Retriever 0 - ——————————————————————————————————————————————————————————————————————————————————————————————————————————————————————————
2024-12-15 11:23:09,897 - INFO Retriever 0 - Assistant:
2024-12-15 11:23:09,897 - INFO Retriever 0 - {
    "deep_think": {
        "thoughts": "好的，接下来我将通过深度思考、仔细计划以及逐步执行的方式，来完成该任务。\n\n首先，在阅读详细的代码细节之前，应该先整体把握整个项目。\n\n在提供的可选的action中，可以通过get_folder_info操作，通过将项目顶层路径作为target_folder_path参数进行传入，来获取获取项目中主要文件夹和主要文件的描述，从而能够先大致把握项目文件的主要文件的文件树结构、基本内容、主要代码概述以及大致功能板块的分布。"
    }
}
2024-12-15 11:23:09,898 - INFO Retriever 0 - 
Observer:
2024-12-15 11:23:09,898 - INFO Retriever 0 - 好的，请继续你的下一步行动或思考。
2024-12-15 11:23:09,898 - INFO Retriever 0 - 
2024-12-15 11:23:09,937 - INFO Retriever 0 - ——————————————————————————————————————————————————————————————————————————————————————————————————————————————————————————
2024-12-15 11:23:09,938 - INFO Retriever 0 - Assistant:
2024-12-15 11:23:09,938 - INFO Retriever 0 - {
    "get_folder_info": {
        "target_folder_path": "D:/Unity/Survaval\\Assets"
    }
}
2024-12-15 11:23:09,938 - INFO Retriever 0 - 
Observer:
2024-12-15 11:23:09,938 - INFO Retriever 0 - 目标文件夹路径：D:/Unity/Survaval\Assets
文件结构树（该结构树可能不完整，仅返回深度小于等于1层的子文件以及文件夹）：
├── AddressableAssetsData
│   ├── AddressableAssetSettings.asset
│   ├── Android
│   ├── AssetGroupTemplates
│   ├── AssetGroups
│   ├── DataBuilders
│   ├── DefaultObject.asset
│   ├── iOS
├── AmplifyShaderEditor
│   ├── AmplifyShaderEditor.asmdef
│   ├── ChangeLog.txt
│   ├── CreatingTerrainsWithASE.txt
│   ├── Plugins
│   ├── Readme.txt
├── BlobHashMaps
│   ├── BlobBuilderExtensions.cs
│   ├── BlobHashMap.cs
│   ├── BlobHashMapIntInt.cs
│   ├── BlobHashMaps.asmdef
│   ├── BlobMultiHashMap.cs
│   ├── Data
├── BuildReport
│   ├── CustomBuildScriptExample.txt
│   ├── GUI
│   ├── README.txt
│   ├── Scripts
│   ├── VERSION.txt
│   ├── license.txt
├── CapturePath
├── DamageNumbersPro
│   ├── DamageNumbersPro.asmdef
│   ├── Documentation.url
│   ├── Editor
│   ├── Fonts
│   ├── Materials
│   ├── Scripts
├── Editor
│   ├── ChannelSetting.cs
│   ├── OrbiteExtenedEditor.cs
│   ├── Resources
│   ├── ShaderStripSettings
├── Editor Default Resources
│   ├── MasterAudio
├── EnhancedScroller v2
│   ├── ChangeLog.txt
│   ├── Documentation
│   ├── Plugins
│   ├── Tutorials
│   ├── readme.txt
│   ├── upgrading from 1.x to 2.x.txt
├── FlockBox
│   ├── Classic
│   ├── DOTS
│   ├── Flock Box Manual.pdf
├── Gizmos
│   ├── MasterAudio
├── Magic Spells Sound Effects V2.0
│   ├── Casting Loops
│   ├── Element Scholls
│   ├── General Spell
│   ├── Medieval Combat Sounds BONUS
│   ├── Special Attack
├── Pixel Arsenal
│   ├── Demo
│   ├── Materials
│   ...
│   ├── Textures
├── Plugins
│   ├── Android
│   ├── DarkTonic
│   ├── Demigiant
│   ├── Editor
│   ├── RelationsInspector
│   ├── Sirenix
│   ├── iOS
├── RPG Icons Pixel Art
│   ├── Aeromancer
│   ├── Alchemy1
│   ...
│   ├── Сrossbowman
├── Resources
│   ├── DOTweenSettings.asset
│   ├── MasterAudio
├── SPUM
│   ├── MonsterOrc_Prefabs
│   ├── MonsterUndeadPrefabs
│   ...
│   ├── Sprite_SheetExporter(Beta)
├── StreamingAssets
├── TextMesh Pro
│   ├── Documentation
│   ├── Fonts
│   ├── Resources
│   ├── Shaders
│   ├── Sprites
├── UniversalRenderPipelineGlobalSettings.asset
├── VirtualButtonsForUnity
│   ├── VirtualButtonsForUnity
├── YouLoftSDK
│   ├── PottingMobileSDK
│   ├── PottingMobileServices
│   ...
│   ├── YouloftTemp.cs
├── ZTools
│   ├── GlobalStringBuilder.cs
│   ├── Localization
│   ├── ZTools.asmdef
├── _MyAssets
│   ├── Animations
│   ├── ArtAssets
│   ...
│   ├── URPSettings


其中，部分主要文件及文件夹的信息如下：
1. AddressableAssetsData
# 路径:D:/Unity/Survaval/Assets\AddressableAssetsData
# 内容概述:“AddressableAssetsData”文件夹是Unity项目资源管理的核心，内含多个子文件夹和配置文件。其中，Android和iOS子文件夹分别针对不同平台管理资源状态，AssetGroups和AssetGroupTemplates则定义资源打包和更新策略，DataBuilders负责资源管理和场景加载配置。AddressableAssetSettings.asset文件提供资源加载和构建的详细设置，而DefaultObject.asset则具体描述了Unity脚本组件的配置。这些文件和文件夹协同工作，确保了资源的有效管理和游戏性能的优化。

2. AmplifyShaderEditor
# 路径:D:/Unity/Survaval/Assets\AmplifyShaderEditor
# 内容概述:### 文件夹内容总结

“Plugins”文件夹包含Amplify Shader Editor（ASE）插件的开发资源，分为“Editor”和“EditorResources”两个子文件夹。其中，“Editor”文件夹汇集了用于扩展Unity编辑器功能的脚本，如节点操作、自定义材质属性显示等，而“EditorResources”则提供了GUI皮肤、节点图标、Shader预览等资源。更新日志“ChangeLog.txt”详细记录了ASE的版本更新，包括新功能、改进、修复和已知问题。指南“CreatingTerrainsWithASE.txt”提供了创建自定义地形着色器的步骤，而“Readme.txt”文件则可能包含安装和配置ASE插件的说明，但当前无法解码具体内容。

3. BlobHashMaps
# 路径:D:/Unity/Survaval/Assets\BlobHashMaps
# 内容概述:### 总体概述
“BlobHashMaps”文件夹汇集了针对Unity游戏开发的C#脚本，专注于实现高效的HashMap数据结构和Blob存储操作，旨在优化性能和内存管理。

### 目录结构
- **BlobBuilderHashMapData.cs**: 实现高效的HashMap，利用BlobBuilder管理内存。
- **BlobHashMapData.cs**: 提供只读HashMap实现，基于BlobArray存储。
- **BlobBuilderExtensions.cs**: 扩展BlobBuilder，支持BlobHashMap创建和操作。
- **BlobHashMap.cs**: 定义BlobHashMap和BlobBuilderHashMap，提供HashMap基础操作。
- **BlobHashMapIntInt.cs**: 专为整数键值对设计的只读HashMap。
- **BlobHashMaps.asmdef**: 汇编定义文件，可能用于模块引用。
- **BlobMultiHashMap.cs**: 实现多哈希映射，支持存储多个值与单个键关联。

### 内容关联
文件夹中的脚本相互关联，共同构成了BlobHashMaps库，其中BlobBuilderExtensions扩展了BlobBuilder功能，BlobHashMaps和BlobHashMapIntInt提供了HashMap操作，BlobMultiHashMap则实现了多哈希映射。BlobHashMaps.asmdef可能用于模块引用，确保库的组件在Unity项目中正确使用。

4. BuildReport
# 路径:D:/Unity/Survaval/Assets\BuildReport
# 内容概述:“BuildReport”文件夹汇集了Unity编辑器插件开发资源，包括GUI设计元素如皮肤、图标和边框，以及用于资源管理和报告生成的脚本。其中，GUI资源支持界面定制，而脚本集则构成了插件的核心功能。此外，提供了自动化构建的脚本示例和用户指南，以及第三方库的许可证信息，确保了工具的易用性和合规性。版本更新历史文件则概述了工具的演进过程。

5. CapturePath
# 路径:D:/Unity/Survaval/Assets\CapturePath
# 内容概述:该文件夹内容为空。

6. DamageNumbersPro
# 路径:D:/Unity/Survaval/Assets\DamageNumbersPro
# 内容概述:“DamageNumbersPro”文件夹是Unity游戏开发的资源集，内含编辑器脚本、字体、材质、脚本文件等，旨在提升游戏视觉效果和交互体验。其中，编辑器脚本支持游戏对象行为和视觉效果调整，字体和材质丰富游戏视觉元素，而脚本文件则涵盖游戏逻辑和文本处理，确保项目高效开发。此外，包含的asmdef文件和Documentation.url文件分别用于模块定义和文档访问，方便开发者使用和管理。

7. Editor
# 路径:D:/Unity/Survaval/Assets\Editor
# 内容概述:### 文件夹内容概述
“Editor”文件夹汇集了Unity游戏开发资源与工具，包括视觉素材库（如SPUM_Sprites和SPUM_Units预制件）、着色器性能优化配置（ShaderStripSettings）以及编辑器插件（ChannelSetting.cs和OrbiteExtenedEditor.cs），旨在提升游戏开发效率和编辑器功能。

8. Editor Default Resources
# 路径:D:/Unity/Survaval/Assets\Editor Default Resources
# 内容概述:“Editor Default Resources”文件夹汇集了音频处理软件所需的图标资源，包括播放、暂停、静音等控制图标，以及编辑、搜索、设置等辅助功能图标，旨在为用户界面提供直观的操作元素，支持音频编辑、播放和管理操作。

9. EnhancedScroller v2
# 路径:D:/Unity/Survaval/Assets\EnhancedScroller v2
# 内容概述:“EnhancedScroller v2”文件夹汇集了Unity游戏开发所需的EnhancedScroller组件相关资源，包括详尽的用户手册、插件脚本、教程以及更新日志。文件夹内的插件脚本支持动态滚动列表，而教程和用户手册则指导开发者如何高效使用该组件。更新日志详细记录了插件从1.x到2.x版本的升级变化，帮助开发者了解新功能和改进。

10. FlockBox
# 路径:D:/Unity/Survaval/Assets\FlockBox
# 内容概述:### 文件夹内容简述

“Flock Box”文件夹汇集了游戏开发资源，包括艺术资源、脚本和场景配置，旨在支持同名项目的开发。其中，**Classic**子文件夹提供艺术和游戏逻辑资源，**DOTS**子文件夹专注于Unity的DOTS框架，而**Flock Box Manual.pdf**文件则详细介绍了项目操作和资源使用指南，为开发者提供了全面的技术支持与操作指导。

11. Gizmos
# 路径:D:/Unity/Survaval/Assets\Gizmos
# 内容概述:“Gizmos”文件夹汇集了音频处理相关的图标，包括“MasterAudio Icon.png”和“PlaylistController Icon.png”，这两者均服务于音频软件的不同功能模块，体现了它们在内容上的紧密关联。

12. Magic Spells Sound Effects V2.0
# 路径:D:/Unity/Survaval/Assets\Magic Spells Sound Effects V2.0
# 内容概述:“Magic Spells Sound Effects V2.0”文件夹汇集了丰富的音频素材，包括循环音效、咒语音效和战斗声音，适用于游戏和多媒体制作。文件夹内分为“Casting Loops”提供循环魔法音效，“Element Schools”包含自然元素相关的咒语，“General Spell”涵盖各种魔法效果，“Medieval Combat Sounds BONUS”收录中世纪战斗音效，以及“Special Attack”提供特殊攻击音效，便于用户根据项目需求快速定位和使用相关音效。

13. Pixel Arsenal
# 路径:D:/Unity/Survaval/Assets\Pixel Arsenal
# 内容概述:### 文件夹内容概述

“Pixel Arsenal”文件夹汇集了丰富的3D图形和虚拟现实项目资源，包括材质、模型、预制体、脚本、声音和纹理等。材质与纹理文件用于场景渲染，预制体和模型构建游戏元素，脚本控制游戏逻辑，声音文件提供音效支持。文件夹结构清晰，资源分类明确，旨在为游戏开发、动画制作和视觉特效提供一站式解决方案。然而，"Pixel Arsenal - ReadMe.txt"文件在解码时出现编码错误，可能需要调整编码格式以正确访问其内容。

14. Plugins
# 路径:D:/Unity/Survaval/Assets\Plugins
# 内容概述:### 文件夹内容概览

“Plugins”文件夹汇集了多平台应用开发工具，包括Android和iOS应用开发资源、Unity游戏开发插件如音频处理和编辑器扩展，以及性能监控和广告集成工具。其中，Android和iOS子文件夹专注于移动应用开发，Unity插件则强化了游戏开发的功能，如音频和网络处理。此外，编辑器工具和资源如DarkTonic音频插件和Sirenix编辑器扩展，旨在提升开发效率和编辑体验。整体而言，该文件夹提供了全面的多平台开发支持。

15. Resources
# 路径:D:/Unity/Survaval/Assets\Resources
# 内容概述:### 文件夹内容精简总结

“Resources”文件夹汇集了Unity游戏开发的关键配置文件，包括“MasterAudioSettings.asset”用于音频播放参数配置，以及“DOTweenSettings.asset”用于动画和缓动库DOTween的设置。这两个文件共同支撑游戏中的音频和动画系统，确保游戏体验的优化。

16. RPG Icons Pixel Art
# 路径:D:/Unity/Survaval/Assets\RPG Icons Pixel Art
# 内容概述:### 文件概述

“Support contact.pdf”是一份PDF格式的文档，主要提供客户支持联系信息，包括电话、电子邮件和在线聊天服务链接，以及服务时间和常见问题解答，旨在帮助用户获取及时的技术支持和服务。

17. SPUM
# 路径:D:/Unity/Survaval/Assets\SPUM
# 内容概述:“SPUM_Sprites”文件夹是游戏或动画项目的视觉资源库，内含角色设计元素如眼睛、物种特征、服装、武器和装饰，以及骑乘资源。它分为眼睛、物种、物品、主题包和骑乘源等子目录，旨在提供全面的角色和场景构建素材，确保视觉资源的丰富性和一致性。

18. StreamingAssets
# 路径:D:/Unity/Survaval/Assets\StreamingAssets
# 内容概述:“StreamingAssets”文件夹主要存储游戏或应用中的流式传输资源，包括音频、图像、视频和模型等，旨在优化性能和动态内容管理。其结构清晰，分为Audio、Textures、Movies、Characters和Scenes等子文件夹，各自包含对应类型的资源，如音频、纹理和场景文件，这些资源相互关联，共同构建游戏或应用的丰富体验。

19. TextMesh Pro
# 路径:D:/Unity/Survaval/Assets\TextMesh Pro
# 内容概述:“TextMesh Pro”文件夹汇集了Unity引擎中高级文本渲染所需的所有资源，包括详尽的用户指南、多种字体资源、丰富的游戏视觉和文本资源、定制Shader以实现复杂视觉效果，以及表情符号资源。这些内容相互关联，共同构成了一个全面支持Unity项目中文本显示和图形渲染的集成包。

20. VirtualButtonsForUnity
# 路径:D:/Unity/Survaval/Assets\VirtualButtonsForUnity
# 内容概述:“VirtualButtonsForUnity”文件夹汇集了Unity游戏开发所需的虚拟控制按钮资源，包括预制体、脚本、材质和图标等，以及示例配置和详细文档。文件夹内分为示例、预制体、脚本、图标资源等子目录，旨在简化虚拟控制器的创建和集成过程，辅助开发者构建直观的游戏交互界面。

21. YouLoftSDK
# 路径:D:/Unity/Survaval/Assets\YouLoftSDK
# 内容概述:### 文件夹内容总结

“YouLoftSDK”是一个全面的Unity游戏开发工具包，支持Android和iOS平台，旨在简化游戏开发流程。它包含广告管理、用户数据统计、支付处理、社交分享和游戏存档等功能。工具包的核心文件分布在多个子文件夹中，如**PottingMobileSDK**提供插件和配置，**PottingMobileServices**提供游戏服务接口，**YouLoftAd**管理广告加载和显示，**YouLoftLogin**处理用户登录和存档，**YouLoftPay**管理支付流程，以及**YouLoftSDKManager**作为SDK管理的中心。这些组件相互协作，确保游戏功能的集成和优化。

22. ZTools
# 路径:D:/Unity/Survaval/Assets\ZTools
# 内容概述:### 总体概述
“ZTools”文件夹汇集了Unity游戏开发的辅助工具，包括本地化文本管理和高效字符串构建器，旨在优化文本处理和性能，支持游戏的多语言切换和UI文本显示。

### 目录结构
- **Localization**：提供本地化文本管理脚本，支持多语言切换和UI文本本地化。
- **GlobalStringBuilder.cs**：实现全局字符串构建功能，提升文本处理效率。
- **ZTools.asmdef**：汇编定义文件，用于项目模块管理。

### 内容关联
“ZTools”中的本地化脚本和字符串构建器紧密协作，前者负责游戏文本的本地化，后者则优化了文本处理过程，而汇编定义文件则确保了工具集在项目中的有效组织和管理。

23. _MyAssets
# 路径:D:/Unity/Survaval/Assets\_MyAssets
# 内容概述:### 文件夹内容概要

“Scripts.rar”是一个包含Unity项目脚本的压缩文件，内含多种脚本资源，用于实现游戏逻辑、角色控制、UI交互等功能。具体文件和结构需解压后查看，以确定其与项目其他资源之间的关联和作用。

24. UniversalRenderPipelineGlobalSettings.asset
# 路径:D:/Unity/Survaval/Assets\UniversalRenderPipelineGlobalSettings.asset
# 内容概述:### 简化总结

该文件是Unity项目中的“UniversalRenderPipelineGlobalSettings.asset”配置，包含渲染层名称（如“Light Layer default”至“Light Layer 7”）和优化设置（如去除调试和未使用变体），旨在调整渲染性能和调试选项。



2024-12-15 11:23:09,942 - INFO Retriever 0 - 
2024-12-15 11:23:09,943 - INFO Retriever 0 - ——————————————————————————————————————————————————————————————————————————————————————————————————————————————————————————
2024-12-15 11:23:09,944 - INFO Retriever 0 - Assistant:
2024-12-15 11:23:09,944 - INFO Retriever 0 - {
    "deep_think": {
        "thoughts": "在获取了项目文件的顶层结构后，我还需要结合待查询的问题描述，对于项目中的文件和目录进行一些深度关键词检索。根据任务描述：“请在D:/Unity/Survaval\\Assets下各级目录中寻找：如果我要修改第一关的敌人刷新机制，例如刷什么敌人，应该修改的是什么文件”，我总结出如下可能会出现在各个文件名或者文件内容中的关键词：“['刷什么敌人', 'the first stage', '第一关', 'the first level', 'what enemy to brush', 'swipe', '刷', 'brush', 'adversary', 'renew', '刷新', 'refresh', '机制', 'enemy', 'what', '刷新机制', 'refresh mechanism', '敌人', '什么', 'whatever', 'mechanism', 'brush what enemy']”，“['刷什么敌人', 'enemy refresh mechanism', 'the first stage', '第一关', 'the first level', 'what enemy to brush', ' sweeps', '刷', 'brush', 'adversary', 'renew', '刷新', 'refresh', 'monster spawn system', '机制', 'enemy', 'what', '敌人', '什么', 'whatever', 'mechanism', 'brush what enemy', '敌人刷新机制']”，“['刷什么敌人', 'the first stage', '第一关', 'the first level', 'what enemy to brush', '刷', 'brush', 'Whatever', 'adversary', 'renew', '刷新', 'refresh', '机制', 'enemy', 'what', '刷新机制', 'refresh mechanism', '敌人', '什么', 'mechanism', 'brush what enemy']”。\n接下来，我将使用retrieve_keywords操作，在项目顶层路径“D:/Unity/Survaval\\Assets”下检索这些关键词，从而大致把握可能与问题描述相关的文件或目录的路径。"
    }
}
2024-12-15 11:23:09,944 - INFO Retriever 0 - 
Observer:
2024-12-15 11:23:09,944 - INFO Retriever 0 - 好的，请继续你的下一步行动或思考。
2024-12-15 11:23:09,944 - INFO Retriever 0 - 
2024-12-15 11:23:09,945 - INFO Retriever 0 - ——————————————————————————————————————————————————————————————————————————————————————————————————————————————————————————
2024-12-15 11:23:09,945 - INFO Retriever 0 - Assistant:
2024-12-15 11:23:09,945 - INFO Retriever 0 - {
    "retrieve_keywords": {
        "keyword_list": [
            [
                "刷什么敌人",
                "the first stage",
                "第一关",
                "the first level",
                "what enemy to brush",
                "swipe",
                "刷",
                "brush",
                "adversary",
                "renew",
                "刷新",
                "refresh",
                "机制",
                "enemy",
                "what",
                "刷新机制",
                "refresh mechanism",
                "敌人",
                "什么",
                "whatever",
                "mechanism",
                "brush what enemy"
            ],
            [
                "刷什么敌人",
                "enemy refresh mechanism",
                "the first stage",
                "第一关",
                "the first level",
                "what enemy to brush",
                " sweeps",
                "刷",
                "brush",
                "adversary",
                "renew",
                "刷新",
                "refresh",
                "monster spawn system",
                "机制",
                "enemy",
                "what",
                "敌人",
                "什么",
                "whatever",
                "mechanism",
                "brush what enemy",
                "敌人刷新机制"
            ],
            [
                "刷什么敌人",
                "the first stage",
                "第一关",
                "the first level",
                "what enemy to brush",
                "刷",
                "brush",
                "Whatever",
                "adversary",
                "renew",
                "刷新",
                "refresh",
                "机制",
                "enemy",
                "what",
                "刷新机制",
                "refresh mechanism",
                "敌人",
                "什么",
                "mechanism",
                "brush what enemy"
            ]
        ]
    }
}
2024-12-15 11:23:09,945 - INFO Retriever 0 - 
Observer:
2024-12-15 11:23:09,946 - INFO Retriever 0 - 文件一：
* 文件绝对路径：D:/Unity/Survaval/Assets/_MyAssets/Data/Spawns/enemy_spawn_teach.asset
* 文件内容概述：该文件描述了一个Unity脚本“enemy_spawn_teach”，用于管理游戏中的敌人生成。脚本内含多个敌人生成计划，指定了不同时间段的敌人生成频率和数量，以及特定敌人的类型。此外，还配置了游戏难度、提示时间、音乐播放时间等参数，以优化游戏体验。
* 是否与问题相关：是
* 具体分析：根据文件内容概述，该文件直接涉及到了游戏中的敌人生成机制，包括敌人类型、生成频率和数量等关键信息，因此与用户想要修改第一关敌人刷新机制的需求直接相关。

文件二：
* 文件绝对路径：D:/Unity/Survaval/Assets/_MyAssets/Data/Achivements/大魔导士在第一关获胜.asset
* 文件内容概述：该文件配置了一个名为“大魔导士在第一关获胜”的成就，描述了玩家需使用大魔导士天赋在第一关存活7秒以解锁。此成就类型为5，奖励为500点，并关联了大魔导士天赋作为奖励。
* 是否与问题相关：否
* 具体分析：虽然该文件涉及到了第一关的成就配置，但与用户想要修改的敌人刷新机制无直接关联，因此与问题无关。
2024-12-15 11:23:09,946 - INFO Retriever 0 - 
2024-12-15 11:23:20,346 - INFO Retriever 0 - Agent主脑给出的回答为：根据检索到的文件信息，我找到了一个与问题描述直接相关的文件：`D:/Unity/Survaval/Assets/_MyAssets/Data/Spawns/enemy_spawn_teach.asset`。这个文件描述了一个Unity脚本`enemy_spawn_teach`，用于管理游戏中的敌人生成，包括敌人类型、生成频率和数量等关键信息。因此，如果我要修改第一关的敌人刷新机制，例如刷什么敌人，我应该修改这个文件。

接下来，我将使用`read_file`操作来读取这个文件的内容，以便进一步确认和了解如何修改敌人刷新机制。
2024-12-15 11:23:20,346 - INFO Retriever 0 - 是否成功解析：True
2024-12-15 11:23:20,346 - INFO Retriever 0 - 

——————————————————————————————————————————————————————————————————————————————————————————————————————————————————————————
2024-12-15 11:23:20,346 - INFO Retriever 0 - Assistant:
2024-12-15 11:23:20,347 - INFO Retriever 0 - {
  "根据检索到的文件信息，我找到了一个与问题描述直接相关的文件": "D:/Unity/Survaval/Assets/_MyAssets/Data/Spawns/enemy_spawn_teach.asset",
  "这个文件描述了一个Unity脚本": "enemy_spawn_teach",
  "用于管理游戏中的敌人生成": {
    "包括敌人类型、生成频率和数量等关键信息": "描述内容"
  },
  "因此，如果我要修改第一关的敌人刷新机制，例如刷什么敌人，我应该修改这个文件": "修改建议",
  "接下来，我将使用read_file操作来读取这个文件的内容": "操作计划",
  "以便进一步确认和了解如何修改敌人刷新机制": "目的"
}
2024-12-15 11:23:20,347 - INFO Retriever 0 - dict_keys(['根据检索到的文件信息，我找到了一个与问题描述直接相关的文件', '这个文件描述了一个Unity脚本', '用于管理游戏中的敌人生成', '因此，如果我要修改第一关的敌人刷新机制，例如刷什么敌人，我应该修改这个文件', '接下来，我将使用read_file操作来读取这个文件的内容', '以便进一步确认和了解如何修改敌人刷新机制'])
2024-12-15 11:23:20,347 - WARNING Retriever 0 - Agent主脑给出的回答为：
2024-12-15 11:23:20,347 - WARNING Retriever 0 - {
  "根据检索到的文件信息，我找到了一个与问题描述直接相关的文件": "D:/Unity/Survaval/Assets/_MyAssets/Data/Spawns/enemy_spawn_teach.asset",
  "这个文件描述了一个Unity脚本": "enemy_spawn_teach",
  "用于管理游戏中的敌人生成": {
    "包括敌人类型、生成频率和数量等关键信息": "描述内容"
  },
  "因此，如果我要修改第一关的敌人刷新机制，例如刷什么敌人，我应该修改这个文件": "修改建议",
  "接下来，我将使用read_file操作来读取这个文件的内容": "操作计划",
  "以便进一步确认和了解如何修改敌人刷新机制": "目的"
}
2024-12-15 11:23:20,347 - WARNING Retriever 0 - 该回答不符合格式要求，需重新生成。
2024-12-15 11:23:20,349 - INFO Retriever 0 - 

————————————————————————————————————————————————————————————————
2024-12-15 11:23:20,349 - INFO Retriever 0 - 当前窗口总长度：11
2024-12-15 11:23:20,349 - INFO Retriever 0 - 当前更新窗口长度：2
2024-12-15 11:23:20,349 - INFO Retriever 0 - 当前更新窗口长度：2
2024-12-15 11:23:20,349 - INFO Retriever 0 - ————————————————————————————————————————————————————————————————


2024-12-15 11:23:25,200 - INFO Retriever 0 - Agent主脑给出的回答为：{
    "read_file": {
        "file_path": "D:/Unity/Survaval/Assets/_MyAssets/Data/Spawns/enemy_spawn_teach.asset"
    }
}
2024-12-15 11:23:25,201 - INFO Retriever 0 - 是否成功解析：True
2024-12-15 11:23:25,201 - INFO Retriever 0 - operation_type (__det_dir_action):
2024-12-15 11:23:25,201 - INFO Retriever 0 - read_file
2024-12-15 11:23:25,201 - INFO Retriever 0 - 

——————————————————————————————————————————————————————————————————————————————————————————————————————————————————————————
2024-12-15 11:23:25,202 - INFO Retriever 0 - Assistant:
2024-12-15 11:23:25,202 - INFO Retriever 0 - {
    "read_file": {
        "file_path": "D:/Unity/Survaval/Assets/_MyAssets/Data/Spawns/enemy_spawn_teach.asset"
    }
}
2024-12-15 11:23:25,202 - INFO Retriever 0 - dict_keys(['read_file'])
2024-12-15 11:23:25,203 - INFO Retriever 0 - Agent主脑给出的行动：read_file
参数：{'file_path': 'D:/Unity/Survaval/Assets/_MyAssets/Data/Spawns/enemy_spawn_teach.asset', 'top_path': 'D:/Unity/Survaval\\Assets', 'return_file_sum': <bound method TreeGenerationAction.return_file_sum of <Action.tree_gen_action.TreeGenerationAction object at 0x0000025A0CC3DD90>>}
2024-12-15 11:23:25,230 - INFO Retriever 0 - Observer: 这是一个名为“D:/Unity/Survaval/Assets/_MyAssets/Data/Spawns/enemy_spawn_teach.asset”的文件，该文件里的内容为：
MonoBehaviour:
  m_ObjectHideFlags: 0
  m_CorrespondingSourceObject:
    fileID: 0
  m_PrefabInstance:
    fileID: 0
  m_PrefabAsset:
    fileID: 0
  m_GameObject:
    fileID: 0
  m_Enabled: 1
  m_EditorHideFlags: 0
  m_Script:
    fileID: 11500000
    guid: 215b4c399e744b91bee34e5507a6f432
    type: 3
  m_Name: enemy_spawn_teach
  m_EditorClassIdentifier: None
  schedules: 这是一个包含16个字典元素的列表，该列表中每个字典元素包含如下key：enemyRange,importantTipStage,specialTip,warningTipType,debugId,warningTip,specialTipType,timeDuration,cdRange,isSuperBossDieSpawner,countPerCd,referringEnemy,randomEnemy,isSuperBoss,important，由于列表内容太长因此省略，目前不会影响你的任务。
  difficulty: 1
  warningTipSpaceTime: 10
  luckTipSpaceTime: 420
  boss1MusicTime: 290
  boss2MusicTime: 330
  boss3Musictime: -1
  isHaveRewardSpawn: 1
  rewardSpawnDuration: 20
2024-12-15 11:23:25,232 - INFO Retriever 0 - 

————————————————————————————————————————————————————————————————
2024-12-15 11:23:25,232 - INFO Retriever 0 - 当前窗口总长度：13
2024-12-15 11:23:25,232 - INFO Retriever 0 - 当前更新窗口长度：4
2024-12-15 11:23:25,232 - INFO Retriever 0 - 当前更新窗口长度：4
2024-12-15 11:23:25,232 - INFO Retriever 0 - ————————————————————————————————————————————————————————————————


2024-12-15 11:23:37,434 - INFO Retriever 0 - Agent主脑给出的回答为：根据文件内容，`enemy_spawn_teach.asset` 文件似乎是一个 Unity 资产文件，其中包含了名为 `enemy_spawn_teach` 的 MonoBehaviour 类的配置信息。这个类看起来是用来管理敌人生成的，因为它包含了 `schedules` 列表，该列表包含了敌人生成的计划，包括敌人范围、提示阶段、特殊提示、警告提示类型、调试ID、警告提示、特殊提示类型、时间持续时间、冷却时间范围、是否为超级Boss死亡生成器、每个冷却时间内的数量、引用敌人、随机敌人、是否为超级Boss、重要提示等。

为了进一步确认如何修改第一关的敌人刷新机制，例如刷什么敌人，我们需要查看 `schedules` 列表中的具体内容。由于列表内容太长，我们可以使用 `read_long_details` 操作来获取更多细节。

接下来，我将使用 `read_long_details` 操作来读取 `schedules` 列表中的内容。
2024-12-15 11:23:37,434 - INFO Retriever 0 - 是否成功解析：True
2024-12-15 11:23:37,435 - INFO Retriever 0 - operation_type (__det_dir_action):
2024-12-15 11:23:37,435 - INFO Retriever 0 - 根据文件内容，`enemy_spawn_teach.asset` 文件似乎是一个 Unity 资产文件，其中包含了名为 `enemy_spawn_teach` 的 MonoBehaviour 类的配置信息。这个类看起来是用来管理敌人生成的，因为它包含了 `schedules` 列表，该列表包含了敌人生成的计划，包括敌人范围、提示阶段、特殊提示、警告提示类型、调试ID、警告提示、特殊提示类型、时间持续时间、冷却时间范围、是否为超级Boss死亡生成器、每个冷却时间内的数量、引用敌人、随机敌人、是否为超级Boss、重要提示等。为了进一步确认如何修改第一关的敌人刷新机制，例如刷什么敌人，我们需要查看 `schedules` 列表中的具体内容。由于列表内容太长，我们可以使用 `read_long_details` 操作来获取更多细节。接下来，我将使用 `read_long_details` 操作来读取 `schedules` 列表中的内容。
2024-12-15 11:23:37,435 - INFO Retriever 0 - 

——————————————————————————————————————————————————————————————————————————————————————————————————————————————————————————
2024-12-15 11:23:37,435 - INFO Retriever 0 - Assistant:
2024-12-15 11:23:37,435 - INFO Retriever 0 - {
  "根据文件内容，`enemy_spawn_teach.asset` 文件似乎是一个 Unity 资产文件，其中包含了名为 `enemy_spawn_teach` 的 MonoBehaviour 类的配置信息。这个类看起来是用来管理敌人生成的，因为它包含了 `schedules` 列表，该列表包含了敌人生成的计划，包括敌人范围、提示阶段、特殊提示、警告提示类型、调试ID、警告提示、特殊提示类型、时间持续时间、冷却时间范围、是否为超级Boss死亡生成器、每个冷却时间内的数量、引用敌人、随机敌人、是否为超级Boss、重要提示等。为了进一步确认如何修改第一关的敌人刷新机制，例如刷什么敌人，我们需要查看 `schedules` 列表中的具体内容。由于列表内容太长，我们可以使用 `read_long_details` 操作来获取更多细节。接下来，我将使用 `read_long_details` 操作来读取 `schedules` 列表中的内容。": ""
}
2024-12-15 11:23:37,436 - INFO Retriever 0 - dict_keys(['根据文件内容，`enemy_spawn_teach.asset` 文件似乎是一个 Unity 资产文件，其中包含了名为 `enemy_spawn_teach` 的 MonoBehaviour 类的配置信息。这个类看起来是用来管理敌人生成的，因为它包含了 `schedules` 列表，该列表包含了敌人生成的计划，包括敌人范围、提示阶段、特殊提示、警告提示类型、调试ID、警告提示、特殊提示类型、时间持续时间、冷却时间范围、是否为超级Boss死亡生成器、每个冷却时间内的数量、引用敌人、随机敌人、是否为超级Boss、重要提示等。为了进一步确认如何修改第一关的敌人刷新机制，例如刷什么敌人，我们需要查看 `schedules` 列表中的具体内容。由于列表内容太长，我们可以使用 `read_long_details` 操作来获取更多细节。接下来，我将使用 `read_long_details` 操作来读取 `schedules` 列表中的内容。'])
2024-12-15 11:23:37,436 - WARNING Retriever 0 - 你给出的操作类型不属于指定的操作类型。可以进行的操作类型有：['get_folder_info', 'read_file', 'read_long_details', 'retrieve_keywords', 'deep_think']，请重新给出你的操作。
2024-12-15 11:23:37,438 - INFO Retriever 0 - 

————————————————————————————————————————————————————————————————
2024-12-15 11:23:37,438 - INFO Retriever 0 - 当前窗口总长度：15
2024-12-15 11:23:37,438 - INFO Retriever 0 - 当前更新窗口长度：6
2024-12-15 11:23:37,439 - INFO Retriever 0 - 当前更新窗口长度：6
2024-12-15 11:23:37,439 - INFO Retriever 0 - ————————————————————————————————————————————————————————————————


2024-12-15 11:23:40,765 - INFO Retriever 0 - Agent主脑给出的回答为：{
    "read_long_details": {
        "file_path": "D:/Unity/Survaval/Assets/_MyAssets/Data/Spawns/enemy_spawn_teach.asset"
    }
}
2024-12-15 11:23:40,765 - INFO Retriever 0 - 是否成功解析：True
2024-12-15 11:23:40,766 - INFO Retriever 0 - operation_type (__det_dir_action):
2024-12-15 11:23:40,766 - INFO Retriever 0 - read_long_details
2024-12-15 11:23:40,766 - INFO Retriever 0 - 

——————————————————————————————————————————————————————————————————————————————————————————————————————————————————————————
2024-12-15 11:23:40,766 - INFO Retriever 0 - Assistant:
2024-12-15 11:23:40,767 - INFO Retriever 0 - {
    "read_long_details": {
        "file_path": "D:/Unity/Survaval/Assets/_MyAssets/Data/Spawns/enemy_spawn_teach.asset"
    }
}
2024-12-15 11:23:40,767 - INFO Retriever 0 - dict_keys(['read_long_details'])
2024-12-15 11:23:40,767 - INFO Retriever 0 - Agent主脑给出的行动：read_long_details
参数：{'file_path': 'D:/Unity/Survaval/Assets/_MyAssets/Data/Spawns/enemy_spawn_teach.asset', 'top_path': 'D:/Unity/Survaval\\Assets', 'return_file_sum': <bound method TreeGenerationAction.return_file_sum of <Action.tree_gen_action.TreeGenerationAction object at 0x0000025A0CC3DD90>>}
2024-12-15 11:23:40,795 - INFO Retriever 0 - Observer: 这是一个名为“D:/Unity/Survaval/Assets/_MyAssets/Data/Spawns/enemy_spawn_teach.asset”的文件，该文件里的内容为：
MonoBehaviour:
  m_ObjectHideFlags: 0
  m_CorrespondingSourceObject:
    fileID: 0
  m_PrefabInstance:
    fileID: 0
  m_PrefabAsset:
    fileID: 0
  m_GameObject:
    fileID: 0
  m_Enabled: 1
  m_EditorHideFlags: 0
  m_Script:
    fileID: 11500000
    guid: 215b4c399e744b91bee34e5507a6f432
    type: 3
  m_Name: enemy_spawn_teach
  m_EditorClassIdentifier: None
  schedules: 这是一个包含16个字典元素的列表，该列表中每个字典元素包含如下key：enemyRange,importantTipStage,specialTip,warningTipType,debugId,warningTip,specialTipType,timeDuration,cdRange,isSuperBossDieSpawner,countPerCd,referringEnemy,randomEnemy,isSuperBoss,important，由于列表内容太长因此省略，目前不会影响你的任务。
  difficulty: 1
  warningTipSpaceTime: 10
  luckTipSpaceTime: 420
  boss1MusicTime: 290
  boss2MusicTime: 330
  boss3Musictime: -1
  isHaveRewardSpawn: 1
  rewardSpawnDuration: 20
2024-12-15 11:23:40,797 - INFO Retriever 0 - 

————————————————————————————————————————————————————————————————
2024-12-15 11:23:40,797 - INFO Retriever 0 - 当前窗口总长度：17
2024-12-15 11:23:40,797 - INFO Retriever 0 - 当前更新窗口长度：8
2024-12-15 11:23:40,798 - INFO Retriever 0 - 当前更新窗口长度：8
2024-12-15 11:23:40,798 - INFO Retriever 0 - ————————————————————————————————————————————————————————————————


2024-12-15 11:23:52,939 - INFO Retriever 0 - Agent主脑给出的回答为：根据文件内容，`enemy_spawn_teach.asset` 文件似乎是一个 Unity 资产文件，其中包含了名为 `enemy_spawn_teach` 的 MonoBehaviour 类的配置信息。这个类看起来是用来管理敌人生成的，因为它包含了 `schedules` 列表，该列表包含了敌人生成的计划，包括敌人范围、提示阶段、特殊提示、警告提示类型、调试ID、警告提示、特殊提示类型、时间持续时间、冷却时间范围、是否为超级Boss死亡生成器、每个冷却时间内的数量、引用敌人、随机敌人、是否为超级Boss、重要提示等。为了进一步确认如何修改第一关的敌人刷新机制，例如刷什么敌人，我们需要查看 `schedules` 列表中的具体内容。由于列表内容太长，我们可以使用 `read_long_details` 操作来获取更多细节。接下来，我将使用 `read_long_details` 操作来读取 `schedules` 列表中的内容。
2024-12-15 11:23:52,939 - INFO Retriever 0 - 是否成功解析：True
2024-12-15 11:23:52,939 - INFO Retriever 0 - operation_type (__det_dir_action):
2024-12-15 11:23:52,939 - INFO Retriever 0 - 根据文件内容，`enemy_spawn_teach.asset` 文件似乎是一个 Unity 资产文件，其中包含了名为 `enemy_spawn_teach` 的 MonoBehaviour 类的配置信息。这个类看起来是用来管理敌人生成的，因为它包含了 `schedules` 列表，该列表包含了敌人生成的计划，包括敌人范围、提示阶段、特殊提示、警告提示类型、调试ID、警告提示、特殊提示类型、时间持续时间、冷却时间范围、是否为超级Boss死亡生成器、每个冷却时间内的数量、引用敌人、随机敌人、是否为超级Boss、重要提示等。为了进一步确认如何修改第一关的敌人刷新机制，例如刷什么敌人，我们需要查看 `schedules` 列表中的具体内容。由于列表内容太长，我们可以使用 `read_long_details` 操作来获取更多细节。接下来，我将使用 `read_long_details` 操作来读取 `schedules` 列表中的内容。
2024-12-15 11:23:52,940 - INFO Retriever 0 - 

——————————————————————————————————————————————————————————————————————————————————————————————————————————————————————————
2024-12-15 11:23:52,940 - INFO Retriever 0 - Assistant:
2024-12-15 11:23:52,940 - INFO Retriever 0 - {
  "根据文件内容，`enemy_spawn_teach.asset` 文件似乎是一个 Unity 资产文件，其中包含了名为 `enemy_spawn_teach` 的 MonoBehaviour 类的配置信息。这个类看起来是用来管理敌人生成的，因为它包含了 `schedules` 列表，该列表包含了敌人生成的计划，包括敌人范围、提示阶段、特殊提示、警告提示类型、调试ID、警告提示、特殊提示类型、时间持续时间、冷却时间范围、是否为超级Boss死亡生成器、每个冷却时间内的数量、引用敌人、随机敌人、是否为超级Boss、重要提示等。为了进一步确认如何修改第一关的敌人刷新机制，例如刷什么敌人，我们需要查看 `schedules` 列表中的具体内容。由于列表内容太长，我们可以使用 `read_long_details` 操作来获取更多细节。接下来，我将使用 `read_long_details` 操作来读取 `schedules` 列表中的内容。": ""
}
2024-12-15 11:23:52,940 - INFO Retriever 0 - dict_keys(['根据文件内容，`enemy_spawn_teach.asset` 文件似乎是一个 Unity 资产文件，其中包含了名为 `enemy_spawn_teach` 的 MonoBehaviour 类的配置信息。这个类看起来是用来管理敌人生成的，因为它包含了 `schedules` 列表，该列表包含了敌人生成的计划，包括敌人范围、提示阶段、特殊提示、警告提示类型、调试ID、警告提示、特殊提示类型、时间持续时间、冷却时间范围、是否为超级Boss死亡生成器、每个冷却时间内的数量、引用敌人、随机敌人、是否为超级Boss、重要提示等。为了进一步确认如何修改第一关的敌人刷新机制，例如刷什么敌人，我们需要查看 `schedules` 列表中的具体内容。由于列表内容太长，我们可以使用 `read_long_details` 操作来获取更多细节。接下来，我将使用 `read_long_details` 操作来读取 `schedules` 列表中的内容。'])
2024-12-15 11:23:52,941 - WARNING Retriever 0 - 你给出的操作类型不属于指定的操作类型。可以进行的操作类型有：['get_folder_info', 'read_file', 'read_long_details', 'retrieve_keywords', 'deep_think']，请重新给出你的操作。
2024-12-15 11:23:52,942 - INFO Retriever 0 - 

————————————————————————————————————————————————————————————————
2024-12-15 11:23:52,942 - INFO Retriever 0 - 当前窗口总长度：19
2024-12-15 11:23:52,942 - INFO Retriever 0 - 当前更新窗口长度：10
2024-12-15 11:23:52,943 - INFO Retriever 0 - 当前更新窗口长度：10
2024-12-15 11:23:52,943 - INFO Retriever 0 - ————————————————————————————————————————————————————————————————


2024-12-15 11:23:56,001 - INFO Retriever 0 - Agent主脑给出的回答为：```json
{
    "finish": "我已完成你所给出的任务需求，请你进行确认"
}
```
2024-12-15 11:23:56,001 - INFO Retriever 0 - 是否成功解析：True
2024-12-15 11:23:56,001 - INFO Retriever 0 - operation_type (__det_dir_action):
2024-12-15 11:23:56,002 - INFO Retriever 0 - finish
2024-12-15 11:23:56,002 - INFO Retriever 0 - 

——————————————————————————————————————————————————————————————————————————————————————————————————————————————————————————
2024-12-15 11:23:56,002 - INFO Retriever 0 - Assistant:
2024-12-15 11:23:56,002 - INFO Retriever 0 - {
    "finish": "我已完成你所给出的任务需求，请你进行确认"
}
2024-12-15 11:23:56,002 - INFO Retriever 0 - dict_keys(['finish'])
2024-12-15 11:23:56,003 - INFO Retriever 0 - ——————————————————————————————————— 任务结束 ———————————————————————————————————
2024-12-15 11:23:56,003 - INFO Retriever 0 - 

————————————————————————————————————————————————————————————————
2024-12-15 11:23:56,003 - INFO Retriever 0 - 当前窗口总长度：19
2024-12-15 11:23:56,003 - INFO Retriever 0 - 当前更新窗口长度：10
2024-12-15 11:23:56,003 - INFO Retriever 0 - 当前更新窗口长度：10
2024-12-15 11:23:56,004 - INFO Retriever 0 - ————————————————————————————————————————————————————————————————


2024-12-15 11:24:02,465 - INFO Retriever 0 - -------------------------Task Report-------------------------
2024-12-15 11:24:02,466 - INFO Retriever 0 - * 文件一：
    * 文件绝对路径：D:/Unity/Survaval/Assets/_MyAssets/Data/Spawns/enemy_spawn_teach.asset
    * 文件内容概述：该文件描述了一个Unity脚本“enemy_spawn_teach”，用于管理游戏中的敌人生成。脚本内含多个敌人生成计划，指定了不同时间段的敌人生成频率和数量，以及特定敌人的类型。此外，还配置了游戏难度、提示时间、音乐播放时间等参数，以优化游戏体验。
    * 该文件与问题目标之间的关联性：该文件直接涉及到了游戏中的敌人生成机制，包括敌人类型、生成频率和数量等关键信息，因此与用户想要修改第一关敌人刷新机制的需求直接相关。
2024-12-15 11:24:02,466 - INFO Retriever 0 - 
Token Consuming:50541

2024-12-15 11:24:02,466 - INFO Retriever 0 - 
history rounds:10

