2024-11-03 02:58:48,312 - INFO Retriever 0 - Init Retriever.
2024-11-03 03:00:51,600 - INFO Retriever 0 - keywords:“敌人”，“system”，“what enemy to brush”，“brush what enemy”，“brush”，“the first level”，“the first stage”，“刷新”，“enemy”，“adversary”，“刷”，“refresh mechanism”，“什么”，“mechanism”，“刷新机制”，“renew”，“第一关”，“whatever”，“刷什么敌人”，“what”，“swipe”，“refresh”，“update mechanism”，“机制”
2024-11-03 03:00:51,602 - INFO Retriever 0 - deep_think_conent
:在获取了项目文件的顶层结构后，我还需要结合待查询的问题描述，对于项目中的文件和目录进行一些深度关键词检索。根据任务描述：“请在D:/Unity/Survaval\Assets下各级目录中寻找：如果我要修改第一关的敌人刷新机制，例如刷什么敌人，应该修改的是什么文件”，我总结出如下可能会出现在各个文件名或者文件内容中的关键词：“敌人”，“system”，“what enemy to brush”，“brush what enemy”，“brush”，“the first level”，“the first stage”，“刷新”，“enemy”，“adversary”，“刷”，“refresh mechanism”，“什么”，“mechanism”，“刷新机制”，“renew”，“第一关”，“whatever”，“刷什么敌人”，“what”，“swipe”，“refresh”，“update mechanism”，“机制”。
接下来，我将使用retrieve_keywords操作，在项目顶层路径“D:/Unity/Survaval\Assets”下检索这些关键词，从而大致把握可能与问题描述相关的文件或目录的路径。
2024-11-03 03:00:51,616 - INFO Retriever 0 - ——————————————————————————————————————————————————————————————————————————————————————————————————————————————————————————
2024-11-03 03:00:51,619 - INFO Retriever 0 - Assistant:
2024-11-03 03:00:51,622 - INFO Retriever 0 - {
    "deep_think": {
        "thoughts": "好的，接下来我将通过深度思考、仔细计划以及逐步执行的方式，来完成该任务。\n\n首先，在阅读详细的代码细节之前，应该先整体把握整个项目。\n\n在提供的可选的action中，可以通过get_folder_info操作，通过将项目顶层路径作为target_folder_path参数进行传入，来获取获取项目中主要文件夹和主要文件的描述，从而能够先大致把握项目文件的主要文件的文件树结构、基本内容、主要代码概述以及大致功能板块的分布。"
    }
}
2024-11-03 03:00:51,622 - INFO Retriever 0 - 
Observer:
2024-11-03 03:00:51,629 - INFO Retriever 0 - 好的，请继续你的下一步行动或思考。
2024-11-03 03:00:51,634 - INFO Retriever 0 - 
2024-11-03 03:00:52,062 - INFO Retriever 0 - ——————————————————————————————————————————————————————————————————————————————————————————————————————————————————————————
2024-11-03 03:00:52,067 - INFO Retriever 0 - Assistant:
2024-11-03 03:00:52,068 - INFO Retriever 0 - {
    "get_folder_info": {
        "target_folder_path": "D:/Unity/Survaval\\Assets"
    }
}
2024-11-03 03:00:52,078 - INFO Retriever 0 - 
Observer:
2024-11-03 03:00:52,078 - INFO Retriever 0 - 目标文件夹路径：D:/Unity/Survaval\Assets
文件结构树（该结构树可能不完整，仅返回深度小于等于1层的子文件以及文件夹）：
├── AddressableAssetsData
│   ├── AddressableAssetSettings.asset
│   ├── Android
│   ├── AssetGroupTemplates
│   ├── AssetGroups
│   ├── DataBuilders
│   ├── DefaultObject.asset
│   ├── iOS
├── AmplifyShaderEditor
│   ├── AmplifyShaderEditor.asmdef
│   ├── ChangeLog.txt
│   ├── CreatingTerrainsWithASE.txt
│   ├── Plugins
│   ├── Readme.txt
├── BlobHashMaps
│   ├── BlobBuilderExtensions.cs
│   ├── BlobHashMap.cs
│   ├── BlobHashMapIntInt.cs
│   ├── BlobHashMaps.asmdef
│   ├── BlobMultiHashMap.cs
│   ├── Data
├── BuildReport
│   ├── CustomBuildScriptExample.txt
│   ├── GUI
│   ├── README.txt
│   ├── Scripts
│   ├── VERSION.txt
│   ├── license.txt
├── CapturePath
├── DamageNumbersPro
│   ├── DamageNumbersPro.asmdef
│   ├── Documentation.url
│   ├── Editor
│   ├── Fonts
│   ├── Materials
│   ├── Scripts
├── Editor
│   ├── ChannelSetting.cs
│   ├── OrbiteExtenedEditor.cs
│   ├── Resources
│   ├── ShaderStripSettings
├── Editor Default Resources
│   ├── MasterAudio
├── EnhancedScroller v2
│   ├── ChangeLog.txt
│   ├── Documentation
│   ├── Plugins
│   ├── Tutorials
│   ├── readme.txt
│   ├── upgrading from 1.x to 2.x.txt
├── FlockBox
│   ├── Classic
│   ├── DOTS
│   ├── Flock Box Manual.pdf
├── Gizmos
│   ├── MasterAudio
├── Magic Spells Sound Effects V2.0
│   ├── Casting Loops
│   ├── Element Scholls
│   ├── General Spell
│   ├── Medieval Combat Sounds BONUS
│   ├── Special Attack
├── Pixel Arsenal
│   ├── Demo
│   ├── Materials
│   ...
│   ├── Textures
├── Plugins
│   ├── Android
│   ├── DarkTonic
│   ├── Demigiant
│   ├── Editor
│   ├── RelationsInspector
│   ├── Sirenix
│   ├── iOS
├── RPG Icons Pixel Art
│   ├── Aeromancer
│   ├── Alchemy1
│   ...
│   ├── Сrossbowman
├── Resources
│   ├── DOTweenSettings.asset
│   ├── MasterAudio
├── SPUM
│   ├── MonsterOrc_Prefabs
│   ├── MonsterUndeadPrefabs
│   ...
│   ├── Sprite_SheetExporter(Beta)
├── StreamingAssets
├── TextMesh Pro
│   ├── Documentation
│   ├── Fonts
│   ├── Resources
│   ├── Shaders
│   ├── Sprites
├── UniversalRenderPipelineGlobalSettings.asset
├── VirtualButtonsForUnity
│   ├── VirtualButtonsForUnity
├── YouLoftSDK
│   ├── PottingMobileSDK
│   ├── PottingMobileServices
│   ...
│   ├── YouloftTemp.cs
├── ZTools
│   ├── GlobalStringBuilder.cs
│   ├── Localization
│   ├── ZTools.asmdef
├── _MyAssets
│   ├── Animations
│   ├── ArtAssets
│   ...
│   ├── URPSettings


其中，部分主要文件及文件夹的信息如下：
1. Assets
# 路径:D:\\Unity\\Survaval\Assets
# 内容概述:“UniversalRenderPipelineGlobalSettings.asset”文件是Unity项目中用于配置通用渲染管道（URP）全局设置的资产。它涵盖了光照模式、阴影质量、后处理效果以及性能优化等关键设置，如光照层配置、阴影质量选择和后处理效果启用，旨在平衡视觉效果与性能表现，以适应不同游戏的需求。

2. AddressableAssetsData
# 路径:D:\\Unity\\Survaval\Assets\AddressableAssetsData
# 内容概述:### 文件夹内容简述

“AddressableAssetsData”文件夹汇集了Unity游戏开发所需的资源管理和配置文件。其中，Android和iOS子文件夹分别管理针对各自平台的资源状态。AssetGroups和AssetGroupTemplates子文件夹则专注于资源打包和内容更新配置，而DataBuilders子文件夹提供了资源管理和场景加载的脚本配置。此外，AddressableAssetSettings.asset文件负责资源加载和优化全局设置，而DefaultObject.asset则定义了Unity脚本组件的配置。整体而言，这些文件共同构成了游戏资源高效管理和优化的框架。

3. AmplifyShaderEditor
# 路径:D:\\Unity\\Survaval\Assets\AmplifyShaderEditor
# 内容概述:“AmplifyShaderEditor”文件夹汇集了Unity游戏开发中Amplify Shader Editor插件的核心组件与资源，包括编辑器脚本、界面资源、版本更新日志和使用指南。其中，“Editor”子文件夹承载着插件的核心逻辑和操作界面，而“EditorResources”则提供了图形用户界面和渲染资源。更新日志“ChangeLog.txt”详细记录了插件的功能迭代和问题修复，而“CreatingTerrainsWithASE.txt”则指导用户如何利用ASE创建地形着色器。遗憾的是，“Readme.txt”因编码错误无法读取，但预计包含插件的基本使用说明。

4. BlobHashMaps
# 路径:D:\\Unity\\Survaval\Assets\BlobHashMaps
# 内容概述:“BlobHashMaps”文件夹汇集了针对Unity游戏引擎优化的数据结构脚本，包括BlobHashMap和BlobMultiHashMap的实现。核心文件如BlobBuilderHashMapData.cs和BlobHashMapData.cs定义了HashMap和只读哈希表，BlobBuilderExtensions.cs扩展了BlobHashMap功能，BlobHashMap.cs和BlobHashMapIntInt.cs则提供了更丰富的操作和构建器功能。BlobHashMaps.asmdef文件定义了模块依赖，而BlobMultiHashMap.cs引入了多哈希映射支持，共同构成了一个高效的数据管理工具集。

5. BuildReport
# 路径:D:\\Unity\\Survaval\Assets\BuildReport
# 内容概述:“BuildReport”文件夹汇集了Unity游戏引擎的构建报告工具及相关资源，包括UI设计资源（如BRTSkin、NativeSkin和NativeSkinExtraIcons）、自动化构建脚本（如CustomBuildScriptExample.txt）和编辑器脚本（位于Scripts/Editor）。此外，它还包含定义特定窗口样式的皮肤文件（BuildReportWindow.guiskin和BuildReportWindowDark.guiskin），以及工具的许可证信息（license.txt）和使用说明（README.txt）。VERSION.txt文件记录了工具的版本更新历史，突出了新增功能和错误修复。

6. CapturePath
# 路径:D:\\Unity\\Survaval\Assets\CapturePath
# 内容概述:该文件夹内容为空。

7. DamageNumbersPro
# 路径:D:\\Unity\\Survaval\Assets\DamageNumbersPro
# 内容概述:“DamageNumbersPro”文件夹汇集了Unity游戏开发所需的资源，包括编辑器脚本、多种风格的字体、材质和游戏逻辑脚本。其中，编辑器脚本用于资源配置，字体和材质丰富了游戏视觉元素，而脚本集合则支撑了游戏的核心逻辑和交互。此外，汇编定义文件和文档链接文件提供了模块化开发和项目文档的便捷访问。

8. Editor
# 路径:D:\\Unity\\Survaval\Assets\Editor
# 内容概述:### 文件夹内容总结

“Editor”文件夹汇集了Unity项目开发所需的资源与工具。其中，**Resources**子文件夹提供游戏与动画设计的视觉素材，包括角色、场景元素和预制游戏单元。**ShaderStripSettings**包含提升渲染质量的Unity脚本组件，而**ChannelSetting.cs**脚本则用于管理不同渠道的SDK和项目配置。此外，**OrbiteExtenedEditor.cs**编辑器扩展脚本增强了文本编辑和屏幕截图功能，辅助设计和开发流程。整体上，这些资源与工具相互关联，共同服务于Unity项目的开发与优化。

9. Editor Default Resources
# 路径:D:\\Unity\\Survaval\Assets\Editor Default Resources
# 内容概述:“Editor Default Resources”文件夹汇集了多种音频处理相关的图标，包括播放、暂停、停止等控制图标，以及复制、删除、保存等操作图标，还有LED灯状态指示和扬声器图标等。这些图标共同服务于音频编辑和界面设计，为用户提供了直观的操作和状态指示。

10. EnhancedScroller v2
# 路径:D:\\Unity\\Survaval\Assets\EnhancedScroller v2
# 内容概述:该“EnhancedScroller v2”文件夹汇集了Unity游戏开发中EnhancedScroller插件的全面资源，包括用户手册、插件代码、教程和更新日志。用户手册详细介绍了插件的使用方法，插件代码则由组件、单元格视图和动画系统等组成，旨在提升UI开发效率。教程资源帮助开发者快速上手，而更新日志和升级指南则提供了插件版本间的变化和升级指导。

11. FlockBox
# 路径:D:\\Unity\\Survaval\Assets\FlockBox
# 内容概述:### 文件夹内容精简总结

“Flock Box”文件夹是Unity游戏开发项目，集成了视觉资源、游戏逻辑脚本和DOTS架构相关资源。其中，**Classic**子文件夹提供游戏场景、预制体和艺术资源，**DOTS**子文件夹则专注于DOTS架构的脚本和材料。项目手册“Flock Box Manual.pdf”详细介绍了项目结构、资源使用和开发指南，为开发者提供了全面的项目操作指导。

12. Gizmos
# 路径:D:\\Unity\\Survaval\Assets\Gizmos
# 内容概述:“Gizmos”文件夹汇集了音频处理相关的图标设计，包括“MasterAudio”品牌标识和“PlaylistController”播放列表控制功能的图标，旨在为音频软件界面提供视觉元素。

13. Magic Spells Sound Effects V2.0
# 路径:D:\\Unity\\Survaval\Assets\Magic Spells Sound Effects V2.0
# 内容概述:“Magic Spells Sound Effects V2.0”文件夹汇集了丰富的音效资源，包括循环施法音效、元素相关施法音效、通用魔法效果、中世纪战斗声音以及特定攻击音效。这些音效覆盖了从增益攻击到治疗，从施法到战斗动作，适用于游戏、影视等多媒体项目，且文件命名清晰，便于快速查找和使用。

14. Pixel Arsenal
# 路径:D:\\Unity\\Survaval\Assets\Pixel Arsenal
# 内容概述:“Pixel Arsenal”文件夹汇集了丰富的游戏开发资源，包括视觉素材（如天空盒和纹理）、预制体（如界面元素和特效）、场景素材、Unity脚本（用于游戏逻辑）和音频效果。这些资源相互关联，共同构建了游戏和视觉效果的基础，适用于Unity等游戏引擎。文件夹内的“ReadMe.txt”文件提供了资源使用指南和潜在的技术支持信息。

15. Plugins
# 路径:D:\\Unity\\Survaval\Assets\Plugins
# 内容概述:“Plugins”文件夹汇集了多平台游戏开发资源，包括Android应用开发工具、Unity游戏资源包如音频和网络同步插件，以及编辑器扩展和iOS应用开发组件。其中，Android子文件夹提供项目配置和第三方库；Unity相关资源如DarkTonic和Demigiant则专注于音频和网络同步，以及动画处理；Editor子文件夹增强Unity编辑器功能；iOS子文件夹涵盖性能监控和广告集成等iOS特有功能。这些资源相互关联，共同构建了一个全面的游戏开发环境。

16. Resources
# 路径:D:\\Unity\\Survaval\Assets\Resources
# 内容概述:### 文件夹内容总结

“Resources”文件夹汇集了Unity游戏项目的关键配置资源，包括“MasterAudioSettings.asset”用于音频处理和插件配置，以及“DOTweenSettings.asset”用于动画和缓动库的详细设置，两者共同确保游戏音效和动画的优化与流畅。

17. RPG Icons Pixel Art
# 路径:D:\\Unity\\Survaval\Assets\RPG Icons Pixel Art
# 内容概述:当然可以。以下是融合后的简短内容：

“Support contact.pdf”文件提供客户支持联系信息，包括电话、电子邮件和在线支持服务，并附有服务时间表、常见问题解答以及用户反馈表单，旨在为用户提供便捷的咨询与支持服务。

18. SPUM
# 路径:D:\\Unity\\Survaval\Assets\SPUM
# 内容概述:“SPUM”文件夹汇集了丰富的游戏开发资源，包括怪物与角色预制体、动画素材、图像资源、字体、材质以及Unity脚本等。它涵盖了从角色模型和动画到编辑器扩展和场景设置的全方位内容，旨在支持游戏开发、3D建模和动画制作项目。文件夹内不同子目录紧密关联，共同构成了一个完整的项目资源库。

19. StreamingAssets
# 路径:D:\\Unity\\Survaval\Assets\StreamingAssets
# 内容概述:“StreamingAssets”文件夹主要存储流媒体应用所需的资源，包括视频、音频和图像文件，以及相关的配置和脚本文件。该文件夹内部分为视频、音频、图像、配置和脚本等子文件夹，各自管理不同类型的媒体资源和播放逻辑配置，以确保资源的高效加载和流式传输。

20. TextMesh Pro
# 路径:D:\\Unity\\Survaval\Assets\TextMesh Pro
# 内容概述:该“TextMesh Pro”文件夹汇集了TextMesh Pro软件的用户指南、Liberation Sans字体资源、Unity项目资源包以及表情符号素材。其中，用户指南详细介绍了软件操作，Liberation Sans字体提供多种样式，Unity资源包包括字体、材质和精灵资产，着色器文件则专注于图形渲染，而表情符号资源则便于集成到项目中。这些内容相互关联，共同服务于游戏开发与图形设计的需求。

21. VirtualButtonsForUnity
# 路径:D:\\Unity\\Survaval\Assets\VirtualButtonsForUnity
# 内容概述:### 文件夹内容概览

“VirtualButtonsForUnity”文件夹是Unity游戏开发资源，集成了虚拟按钮、方向垫和摇杆预制体及脚本，旨在增强游戏交互体验。内含示例项目、预制体、脚本、图像资源和详细文档，方便开发者快速集成和使用。

22. YouLoftSDK
# 路径:D:\\Unity\\Survaval\Assets\YouLoftSDK
# 内容概述:### 文件夹内容总结

“YouLoftSDK”文件夹是Unity游戏开发者的综合工具包，集成了广告管理、支付、用户管理、数据同步等功能模块。其中，**PottingMobileSDK** 提供了Android和iOS平台的插件和脚本，**PottingMobileServices** 则包含了跨平台服务接口和功能脚本。广告管理、支付、礼包兑换等具体功能由 **YouLoftAd.cs**、**YouLoftPay.cs** 和 **YouLoftRedeemcode.cs** 等文件实现，而 **YouLoftSDKManager.cs** 负责管理这些模块，确保它们协同工作。此外，**YouLoftLogin.cs** 处理用户登录，**YouLoftEvent.cs** 和 **YouloftTemp.cs** 分别提供事件跟踪和配置同步功能，共同支撑游戏的整体运行。

23. ZTools
# 路径:D:\\Unity\\Survaval\Assets\ZTools
# 内容概述:### 文件夹内容总结
“ZTools”文件夹汇集了Unity游戏开发中本地化和字符串操作的工具。其中，包含用于本地化文本管理的脚本，如`StaticLocalizedText.cs`和`StaticLocalizedText_UGUI.cs`，以及`Strings.cs`用于管理本地化字符串。此外，`GlobalStringBuilder.cs`提供了全局字符串构建功能，优化了字符串操作性能。而“ZTools.asmdef”文件则定义了项目中的“ZTools”程序集，管理着相关脚本文件的引用和编译。这些工具共同构成了一个高效且模块化的开发环境。

24. _MyAssets
# 路径:D:\\Unity\\Survaval\Assets\_MyAssets
# 内容概述:“_MyAssets”文件夹是游戏开发的核心资源库，汇集了动画、艺术资产、音频、数据配置、编辑器资源、字体、图标、脚本、着色器等关键文件，以及预制体和场景设计。它为游戏提供了丰富的视觉和音频效果，并通过详细的配置文件和脚本实现了复杂的游戏逻辑和交互。文件夹内资源相互关联，共同支撑起游戏的整体架构和功能实现。

25. UniversalRenderPipelineGlobalSettings.asset
# 路径:D:\\Unity\\Survaval\Assets\UniversalRenderPipelineGlobalSettings.asset
# 内容概述:### 简化总结

该文件是Unity的通用渲染管道全局设置配置，定义了8个光照层（如Light Layer default至Light Layer 7）。它还包含了性能优化设置，如移除调试变体和未使用变体，以及不支持运行时调试显示。


2024-11-03 03:00:52,085 - INFO Retriever 0 - 
2024-11-03 03:00:52,092 - INFO Retriever 0 - ——————————————————————————————————————————————————————————————————————————————————————————————————————————————————————————
2024-11-03 03:00:52,092 - INFO Retriever 0 - Assistant:
2024-11-03 03:00:52,095 - INFO Retriever 0 - {
    "deep_think": {
        "thoughts": "在获取了项目文件的顶层结构后，我还需要结合待查询的问题描述，对于项目中的文件和目录进行一些深度关键词检索。根据任务描述：“请在D:/Unity/Survaval\\Assets下各级目录中寻找：如果我要修改第一关的敌人刷新机制，例如刷什么敌人，应该修改的是什么文件”，我总结出如下可能会出现在各个文件名或者文件内容中的关键词：“敌人”，“system”，“what enemy to brush”，“brush what enemy”，“brush”，“the first level”，“the first stage”，“刷新”，“enemy”，“adversary”，“刷”，“refresh mechanism”，“什么”，“mechanism”，“刷新机制”，“renew”，“第一关”，“whatever”，“刷什么敌人”，“what”，“swipe”，“refresh”，“update mechanism”，“机制”。\n接下来，我将使用retrieve_keywords操作，在项目顶层路径“D:/Unity/Survaval\\Assets”下检索这些关键词，从而大致把握可能与问题描述相关的文件或目录的路径。"
    }
}
2024-11-03 03:00:52,095 - INFO Retriever 0 - 
Observer:
2024-11-03 03:00:52,097 - INFO Retriever 0 - 好的，请继续你的下一步行动或思考。
2024-11-03 03:00:52,099 - INFO Retriever 0 - 
2024-11-03 03:00:53,606 - INFO Retriever 0 - ——————————————————————————————————————————————————————————————————————————————————————————————————————————————————————————
2024-11-03 03:00:53,610 - INFO Retriever 0 - Assistant:
2024-11-03 03:00:53,611 - INFO Retriever 0 - {
    "retrieve_keywords": {
        "keyword_list": [
            "敌人",
            "system",
            "what enemy to brush",
            "brush what enemy",
            "brush",
            "the first level",
            "the first stage",
            "刷新",
            "enemy",
            "adversary",
            "刷",
            "refresh mechanism",
            "什么",
            "mechanism",
            "刷新机制",
            "renew",
            "第一关",
            "whatever",
            "刷什么敌人",
            "what",
            "swipe",
            "refresh",
            "update mechanism",
            "机制"
        ]
    }
}
2024-11-03 03:00:53,613 - INFO Retriever 0 - 
Observer:
2024-11-03 03:00:53,623 - INFO Retriever 0 - 根据你提供的关键词，我检索到以下目录或文件，它们的绝对路径如下：


1. D:\\Unity\\Survaval\Library\PackageCache\com.unity.collab-proxy@1.17.1\Editor\PlasticSCM\Assets\Images\refresh.png
这是一个名为“refresh.png”的文件。

2. D:\\Unity\\Survaval\Library\PackageCache\com.unity.collab-proxy@1.17.1\Editor\PlasticSCM\Assets\Images\refresh@2x.png
这是一个名为“refresh@2x.png”的文件。

3. D:\\Unity\\Survaval\Library\PackageCache\com.unity.collab-proxy@1.17.1\Editor\PlasticSCM\Assets\Images\d_refresh@2x.png
这是一个名为“d_refresh@2x.png”的文件。

4. D:\\Unity\\Survaval\Library\PackageCache\com.unity.render-pipelines.core@12.1.7\Documentation~\rthandle-system.md
这是一个名为“rthandle-system.md”的文件。

5. D:\\Unity\\Survaval\Library\PackageCache\com.unity.render-pipelines.core@12.1.7\Documentation~\render-graph-system.md
这是一个名为“render-graph-system.md”的文件。

6. D:\\Unity\\Survaval\Assets\_MyAssets\Data\Achivements\分裂冰锥在第一关获胜.asset
该文件记录了Unity游戏中的一个成就配置，名为“分裂冰锥在第一关获胜”，要求玩家在天梯第一关使用分裂冰锥存活7秒即可解锁，成功后可获得500点奖励。

7. D:\\Unity\\Survaval\Assets\_MyAssets\Data\Achivements\毁灭射线在第一关获胜.asset
该文件定义了一个Unity游戏成就，名为“毁灭射线在第一关获胜”，要求玩家在第一关使用毁灭射线技能存活7秒即可解锁，成功后可获得500经验值奖励。

8. D:\\Unity\\Survaval\Assets\_MyAssets\Data\Achivements\操纵雷电在第一关获胜.asset
该文件定义了一个Unity游戏成就，名为“操纵雷电在第一关获胜”，描述了玩家需在第一关使用操纵雷电技能获胜以解锁。成就类型未明，但玩家完成后将获得500点经验值奖励。


请注意，这些目录或文件可能不全都和你的任务目标相关，仅供参考。请你基于具体的文件内容概述，结合你的任务目标，认真思考分析后，优先选择最有可能与任务相关的目录或文件进行进一步的检查。
2024-11-03 03:00:53,629 - INFO Retriever 0 - 
2024-11-03 03:00:59,609 - INFO Retriever 0 - Agent主脑给出的回答为：{
    "deep_think": {
        "thoughts": "根据检索到的结果，我注意到一些文件和目录可能与敌人刷新机制相关，例如“refresh.png”和“refresh@2x.png”，它们可能与UI元素或图标相关，而“rthandle-system.md”和“render-graph-system.md”可能与渲染系统相关。然而，最有可能与任务相关的文件是位于“MyAssets”目录下的三个成就配置文件，它们分别描述了在第一关中获胜时解锁的成就。这些文件可能包含了与第一关游戏逻辑相关的代码，因此我需要进一步检查这些文件的内容。"
    }
}
2024-11-03 03:00:59,633 - INFO Retriever 0 - 是否成功解析：True
2024-11-03 03:00:59,655 - INFO Retriever 0 - operation_type (__det_dir_action):
2024-11-03 03:00:59,679 - INFO Retriever 0 - deep_think
2024-11-03 03:00:59,712 - INFO Retriever 0 - 

——————————————————————————————————————————————————————————————————————————————————————————————————————————————————————————
2024-11-03 03:00:59,739 - INFO Retriever 0 - Assistant:
2024-11-03 03:00:59,773 - INFO Retriever 0 - {
    "deep_think": {
        "thoughts": "根据检索到的结果，我注意到一些文件和目录可能与敌人刷新机制相关，例如“refresh.png”和“refresh@2x.png”，它们可能与UI元素或图标相关，而“rthandle-system.md”和“render-graph-system.md”可能与渲染系统相关。然而，最有可能与任务相关的文件是位于“MyAssets”目录下的三个成就配置文件，它们分别描述了在第一关中获胜时解锁的成就。这些文件可能包含了与第一关游戏逻辑相关的代码，因此我需要进一步检查这些文件的内容。"
    }
}
2024-11-03 03:00:59,789 - INFO Retriever 0 - dict_keys(['deep_think'])
2024-11-03 03:00:59,855 - INFO Retriever 0 - Agent主脑给出的行动：deep_think
参数：{'thoughts': '根据检索到的结果，我注意到一些文件和目录可能与敌人刷新机制相关，例如“refresh.png”和“refresh@2x.png”，它们可能与UI元素或图标相关，而“rthandle-system.md”和“render-graph-system.md”可能与渲染系统相关。然而，最有可能与任务相关的文件是位于“MyAssets”目录下的三个成就配置文件，它们分别描述了在第一关中获胜时解锁的成就。这些文件可能包含了与第一关游戏逻辑相关的代码，因此我需要进一步检查这些文件的内容。', 'repeat_counter': 1, 'continue_think_counter': 1}
2024-11-03 03:00:59,871 - INFO Retriever 0 - Observer: 好的，请继续你的下一步行动或思考。
2024-11-03 03:00:59,971 - INFO Retriever 0 - 

————————————————————————————————————————————————————————————————
2024-11-03 03:00:59,998 - INFO Retriever 0 - 当前窗口总长度：11
2024-11-03 03:01:00,065 - INFO Retriever 0 - 当前更新窗口长度：2
2024-11-03 03:01:00,082 - INFO Retriever 0 - 当前更新窗口长度：2
2024-11-03 03:01:00,167 - INFO Retriever 0 - ————————————————————————————————————————————————————————————————


2024-11-03 03:01:16,242 - INFO Retriever 0 - Agent主脑给出的回答为：{
    "read_file": {
        "file_path": "D:\\Unity\\Survaval\\Assets\\_MyAssets\\Data\\Achivements\\分裂冰锥在第一关获胜.asset"
    }
}
2024-11-03 03:01:16,242 - INFO Retriever 0 - 是否成功解析：True
2024-11-03 03:01:16,242 - INFO Retriever 0 - operation_type (__det_dir_action):
2024-11-03 03:01:16,242 - INFO Retriever 0 - read_file
2024-11-03 03:01:16,242 - INFO Retriever 0 - 

——————————————————————————————————————————————————————————————————————————————————————————————————————————————————————————
2024-11-03 03:01:16,244 - INFO Retriever 0 - Assistant:
2024-11-03 03:01:16,244 - INFO Retriever 0 - {
    "read_file": {
        "file_path": "D:\\Unity\\Survaval\\Assets\\_MyAssets\\Data\\Achivements\\分裂冰锥在第一关获胜.asset"
    }
}
2024-11-03 03:01:16,244 - INFO Retriever 0 - dict_keys(['read_file'])
2024-11-03 03:01:16,245 - INFO Retriever 0 - Agent主脑给出的行动：read_file
参数：{'file_path': 'D:\\Unity\\Survaval\\Assets\\_MyAssets\\Data\\Achivements\\分裂冰锥在第一关获胜.asset', 'top_path': 'D:/Unity/Survaval\\Assets', 'return_file_sum': <bound method TreeGenerationAction.return_file_sum of <Action.tree_gen_action.TreeGenerationAction object at 0x0000012F7261CD60>>}
2024-11-03 03:01:16,249 - INFO Retriever 0 - Observer: 这是一个名为“分裂冰锥在第一关获胜.asset”的文件，该文件里的内容为：
MonoBehaviour:
  m_ObjectHideFlags: 0
  m_CorrespondingSourceObject:
    fileID: 0
  m_PrefabInstance:
    fileID: 0
  m_PrefabAsset:
    fileID: 0
  m_GameObject:
    fileID: 0
  m_Enabled: 1
  m_EditorHideFlags: 0
  m_Script:
    fileID: 11500000
    guid: 2309f803b9ce00d408ce807b1277eb9d
    type: 3
  m_Name: 分裂冰锥在第一关获胜
  m_EditorClassIdentifier: None
  internalID: 622730306
  icon:
    fileID: 21300000
    guid: 84518df18786a104ea8ab97fc425ca59
    type: 3
  description: 使用分裂冰锥天赋在荒野关卡存活到7分钟
  achivementType: 5
  item:
    fileID: 0
  talent:
    fileID: 11400000
    guid: 946479372656f4843b94e9d05aa812c3
    type: 2
  map:
    fileID: 11400000
    guid: 5223da32096cc224781fafdbc195cbe9
    type: 2
  value: 7
  rewardType: 1
  rewardValue: 500
  rewardItem:
    fileID: 0
  rewardProperty:
    fileID: 0
  rewardRole:
    fileID: 0
  rewardTalent:
    fileID: 11400000
    guid: fee13a6369578f84a92655f346a63a16
    type: 2
  rewardMap:
    fileID: 0
  equpData:
    fileID: 0
  itemDataData:
    fileID: 0
  skillPos: 0
2024-11-03 03:01:16,251 - INFO Retriever 0 - 

————————————————————————————————————————————————————————————————
2024-11-03 03:01:16,251 - INFO Retriever 0 - 当前窗口总长度：13
2024-11-03 03:01:16,251 - INFO Retriever 0 - 当前更新窗口长度：4
2024-11-03 03:01:16,251 - INFO Retriever 0 - 当前更新窗口长度：4
2024-11-03 03:01:16,251 - INFO Retriever 0 - ————————————————————————————————————————————————————————————————


2024-11-03 03:01:19,338 - INFO Retriever 0 - Agent主脑给出的回答为：{
    "read_file": {
        "file_path": "D:\\Unity\\Survaval\\Assets\\_MyAssets\\Data\\Achivements\\毁灭射线在第一关获胜.asset"
    }
}
2024-11-03 03:01:19,339 - INFO Retriever 0 - 是否成功解析：True
2024-11-03 03:01:19,339 - INFO Retriever 0 - operation_type (__det_dir_action):
2024-11-03 03:01:19,339 - INFO Retriever 0 - read_file
2024-11-03 03:01:19,339 - INFO Retriever 0 - 

——————————————————————————————————————————————————————————————————————————————————————————————————————————————————————————
2024-11-03 03:01:19,340 - INFO Retriever 0 - Assistant:
2024-11-03 03:01:19,340 - INFO Retriever 0 - {
    "read_file": {
        "file_path": "D:\\Unity\\Survaval\\Assets\\_MyAssets\\Data\\Achivements\\毁灭射线在第一关获胜.asset"
    }
}
2024-11-03 03:01:19,340 - INFO Retriever 0 - dict_keys(['read_file'])
2024-11-03 03:01:19,340 - INFO Retriever 0 - Agent主脑给出的行动：read_file
参数：{'file_path': 'D:\\Unity\\Survaval\\Assets\\_MyAssets\\Data\\Achivements\\毁灭射线在第一关获胜.asset', 'top_path': 'D:/Unity/Survaval\\Assets', 'return_file_sum': <bound method TreeGenerationAction.return_file_sum of <Action.tree_gen_action.TreeGenerationAction object at 0x0000012F7261CD60>>}
2024-11-03 03:01:19,346 - INFO Retriever 0 - Observer: 这是一个名为“毁灭射线在第一关获胜.asset”的文件，该文件里的内容为：
MonoBehaviour:
  m_ObjectHideFlags: 0
  m_CorrespondingSourceObject:
    fileID: 0
  m_PrefabInstance:
    fileID: 0
  m_PrefabAsset:
    fileID: 0
  m_GameObject:
    fileID: 0
  m_Enabled: 1
  m_EditorHideFlags: 0
  m_Script:
    fileID: 11500000
    guid: 2309f803b9ce00d408ce807b1277eb9d
    type: 3
  m_Name: 毁灭射线在第一关获胜
  m_EditorClassIdentifier: None
  internalID: 2097700395
  icon:
    fileID: 21300000
    guid: 84518df18786a104ea8ab97fc425ca59
    type: 3
  description: 使用毁灭射线天赋在荒野关卡存活到7分钟
  achivementType: 5
  item:
    fileID: 0
  talent:
    fileID: 11400000
    guid: 0d978d094ed008141b4eaf89389fcbab
    type: 2
  map:
    fileID: 11400000
    guid: 5223da32096cc224781fafdbc195cbe9
    type: 2
  value: 7
  rewardType: 1
  rewardValue: 500
  rewardItem:
    fileID: 0
  rewardProperty:
    fileID: 0
  rewardRole:
    fileID: 0
  rewardTalent:
    fileID: 11400000
    guid: fee13a6369578f84a92655f346a63a16
    type: 2
  rewardMap:
    fileID: 0
  equpData:
    fileID: 0
  itemDataData:
    fileID: 0
  skillPos: 0
2024-11-03 03:01:19,347 - INFO Retriever 0 - 

————————————————————————————————————————————————————————————————
2024-11-03 03:01:19,347 - INFO Retriever 0 - 当前窗口总长度：15
2024-11-03 03:01:19,347 - INFO Retriever 0 - 当前更新窗口长度：6
2024-11-03 03:01:19,347 - INFO Retriever 0 - 当前更新窗口长度：6
2024-11-03 03:01:19,349 - INFO Retriever 0 - ————————————————————————————————————————————————————————————————


2024-11-03 03:01:25,911 - INFO Retriever 0 - Agent主脑给出的回答为：{
    "read_file": {
        "file_path": "D:\\Unity\\Survaval\\Assets\\_MyAssets\\Data\\Achivements\\操纵雷电在第一关获胜.asset"
    }
}
2024-11-03 03:01:25,915 - INFO Retriever 0 - 是否成功解析：True
2024-11-03 03:01:25,916 - INFO Retriever 0 - operation_type (__det_dir_action):
2024-11-03 03:01:25,916 - INFO Retriever 0 - read_file
2024-11-03 03:01:25,916 - INFO Retriever 0 - 

——————————————————————————————————————————————————————————————————————————————————————————————————————————————————————————
2024-11-03 03:01:25,916 - INFO Retriever 0 - Assistant:
2024-11-03 03:01:25,917 - INFO Retriever 0 - {
    "read_file": {
        "file_path": "D:\\Unity\\Survaval\\Assets\\_MyAssets\\Data\\Achivements\\操纵雷电在第一关获胜.asset"
    }
}
2024-11-03 03:01:25,917 - INFO Retriever 0 - dict_keys(['read_file'])
2024-11-03 03:01:25,917 - INFO Retriever 0 - Agent主脑给出的行动：read_file
参数：{'file_path': 'D:\\Unity\\Survaval\\Assets\\_MyAssets\\Data\\Achivements\\操纵雷电在第一关获胜.asset', 'top_path': 'D:/Unity/Survaval\\Assets', 'return_file_sum': <bound method TreeGenerationAction.return_file_sum of <Action.tree_gen_action.TreeGenerationAction object at 0x0000012F7261CD60>>}
2024-11-03 03:01:25,924 - INFO Retriever 0 - Observer: 这是一个名为“操纵雷电在第一关获胜.asset”的文件，该文件里的内容为：
MonoBehaviour:
  m_ObjectHideFlags: 0
  m_CorrespondingSourceObject:
    fileID: 0
  m_PrefabInstance:
    fileID: 0
  m_PrefabAsset:
    fileID: 0
  m_GameObject:
    fileID: 0
  m_Enabled: 1
  m_EditorHideFlags: 0
  m_Script:
    fileID: 11500000
    guid: 2309f803b9ce00d408ce807b1277eb9d
    type: 3
  m_Name: 操纵雷电在第一关获胜
  m_EditorClassIdentifier: None
  internalID: 587629957
  icon:
    fileID: 21300000
    guid: 84518df18786a104ea8ab97fc425ca59
    type: 3
  description: 使用操纵雷电天赋在荒野关卡存活到7分钟
  achivementType: 5
  item:
    fileID: 0
  talent:
    fileID: 11400000
    guid: 590079b3c3319c3499e011511a84e268
    type: 2
  map:
    fileID: 11400000
    guid: 5223da32096cc224781fafdbc195cbe9
    type: 2
  value: 7
  rewardType: 1
  rewardValue: 500
  rewardItem:
    fileID: 0
  rewardProperty:
    fileID: 0
  rewardRole:
    fileID: 0
  rewardTalent:
    fileID: 11400000
    guid: fee13a6369578f84a92655f346a63a16
    type: 2
  rewardMap:
    fileID: 0
  equpData:
    fileID: 0
  itemDataData:
    fileID: 0
  skillPos: 0
2024-11-03 03:01:25,930 - INFO Retriever 0 - 

————————————————————————————————————————————————————————————————
2024-11-03 03:01:25,930 - INFO Retriever 0 - 当前窗口总长度：17
2024-11-03 03:01:25,930 - INFO Retriever 0 - 当前更新窗口长度：8
2024-11-03 03:01:25,930 - INFO Retriever 0 - 当前更新窗口长度：8
2024-11-03 03:01:25,930 - INFO Retriever 0 - ————————————————————————————————————————————————————————————————


2024-11-03 03:01:29,926 - INFO Retriever 0 - Agent主脑给出的回答为：{
    "deep_think": {
        "thoughts": "我已经阅读了三个成就配置文件的内容，它们描述了在第一关中获胜时解锁的成就。然而，这些文件似乎并不包含关于敌人刷新机制的代码。它们主要描述了成就的条件和奖励，但没有提到敌人刷新的具体逻辑。因此，我需要继续搜索其他可能与敌人刷新机制相关的文件。"
    }
}
2024-11-03 03:01:29,926 - INFO Retriever 0 - 是否成功解析：True
2024-11-03 03:01:29,926 - INFO Retriever 0 - operation_type (__det_dir_action):
2024-11-03 03:01:29,926 - INFO Retriever 0 - deep_think
2024-11-03 03:01:29,926 - INFO Retriever 0 - 

——————————————————————————————————————————————————————————————————————————————————————————————————————————————————————————
2024-11-03 03:01:29,926 - INFO Retriever 0 - Assistant:
2024-11-03 03:01:29,926 - INFO Retriever 0 - {
    "deep_think": {
        "thoughts": "我已经阅读了三个成就配置文件的内容，它们描述了在第一关中获胜时解锁的成就。然而，这些文件似乎并不包含关于敌人刷新机制的代码。它们主要描述了成就的条件和奖励，但没有提到敌人刷新的具体逻辑。因此，我需要继续搜索其他可能与敌人刷新机制相关的文件。"
    }
}
2024-11-03 03:01:29,926 - INFO Retriever 0 - dict_keys(['deep_think'])
2024-11-03 03:01:29,930 - INFO Retriever 0 - Agent主脑给出的行动：deep_think
参数：{'thoughts': '我已经阅读了三个成就配置文件的内容，它们描述了在第一关中获胜时解锁的成就。然而，这些文件似乎并不包含关于敌人刷新机制的代码。它们主要描述了成就的条件和奖励，但没有提到敌人刷新的具体逻辑。因此，我需要继续搜索其他可能与敌人刷新机制相关的文件。', 'repeat_counter': 1, 'continue_think_counter': 1}
2024-11-03 03:01:29,932 - INFO Retriever 0 - Observer: 好的，请继续你的下一步行动或思考。
2024-11-03 03:01:29,933 - INFO Retriever 0 - 

————————————————————————————————————————————————————————————————
2024-11-03 03:01:29,933 - INFO Retriever 0 - 当前窗口总长度：19
2024-11-03 03:01:29,933 - INFO Retriever 0 - 当前更新窗口长度：10
2024-11-03 03:01:29,933 - INFO Retriever 0 - 当前更新窗口长度：10
2024-11-03 03:01:29,933 - INFO Retriever 0 - ————————————————————————————————————————————————————————————————


2024-11-03 03:01:35,195 - INFO Retriever 0 - Agent主脑给出的回答为：{
    "deep_think": {
        "thoughts": "在当前的搜索路径中，我没有找到直接与敌人刷新机制相关的文件。我需要重新考虑我的搜索策略。可能敌人刷新机制被封装在一个单独的脚本中，或者它可能是一个配置文件，比如一个.asset文件。我需要进一步搜索这些可能的文件。"
    }
}
2024-11-03 03:01:35,195 - INFO Retriever 0 - 是否成功解析：True
2024-11-03 03:01:35,195 - INFO Retriever 0 - operation_type (__det_dir_action):
2024-11-03 03:01:35,196 - INFO Retriever 0 - deep_think
2024-11-03 03:01:35,196 - INFO Retriever 0 - 

——————————————————————————————————————————————————————————————————————————————————————————————————————————————————————————
2024-11-03 03:01:35,196 - INFO Retriever 0 - Assistant:
2024-11-03 03:01:35,196 - INFO Retriever 0 - {
    "deep_think": {
        "thoughts": "在当前的搜索路径中，我没有找到直接与敌人刷新机制相关的文件。我需要重新考虑我的搜索策略。可能敌人刷新机制被封装在一个单独的脚本中，或者它可能是一个配置文件，比如一个.asset文件。我需要进一步搜索这些可能的文件。"
    }
}
2024-11-03 03:01:35,196 - INFO Retriever 0 - dict_keys(['deep_think'])
2024-11-03 03:01:35,197 - INFO Retriever 0 - Agent主脑给出的行动：deep_think
参数：{'thoughts': '在当前的搜索路径中，我没有找到直接与敌人刷新机制相关的文件。我需要重新考虑我的搜索策略。可能敌人刷新机制被封装在一个单独的脚本中，或者它可能是一个配置文件，比如一个.asset文件。我需要进一步搜索这些可能的文件。', 'repeat_counter': 1, 'continue_think_counter': 1}
2024-11-03 03:01:35,197 - INFO Retriever 0 - Observer: 好的，请继续你的下一步行动或思考。
2024-11-03 03:01:35,198 - INFO Retriever 0 - 

————————————————————————————————————————————————————————————————
2024-11-03 03:01:35,198 - INFO Retriever 0 - 当前窗口总长度：21
2024-11-03 03:01:35,198 - INFO Retriever 0 - 当前更新窗口长度：12
2024-11-03 03:01:35,199 - INFO Retriever 0 - 当前更新窗口长度：12
2024-11-03 03:01:35,199 - INFO Retriever 0 - ————————————————————————————————————————————————————————————————


2024-11-03 03:01:39,515 - INFO Retriever 0 - Agent主脑给出的回答为：{
    "deep_think": {
        "thoughts": "考虑到敌人刷新机制可能被封装在一个单独的脚本中，我需要搜索项目中的所有.cs文件，因为这些文件通常包含Unity项目的脚本代码。我可以通过`get_folder_info`行动来获取所有.cs文件的信息，然后进一步分析这些文件的内容。"
    }
}
2024-11-03 03:01:39,515 - INFO Retriever 0 - 是否成功解析：True
2024-11-03 03:01:39,515 - INFO Retriever 0 - operation_type (__det_dir_action):
2024-11-03 03:01:39,517 - INFO Retriever 0 - deep_think
2024-11-03 03:01:39,517 - INFO Retriever 0 - 

——————————————————————————————————————————————————————————————————————————————————————————————————————————————————————————
2024-11-03 03:01:39,517 - INFO Retriever 0 - Assistant:
2024-11-03 03:01:39,517 - INFO Retriever 0 - {
    "deep_think": {
        "thoughts": "考虑到敌人刷新机制可能被封装在一个单独的脚本中，我需要搜索项目中的所有.cs文件，因为这些文件通常包含Unity项目的脚本代码。我可以通过`get_folder_info`行动来获取所有.cs文件的信息，然后进一步分析这些文件的内容。"
    }
}
2024-11-03 03:01:39,518 - INFO Retriever 0 - dict_keys(['deep_think'])
2024-11-03 03:01:39,518 - INFO Retriever 0 - Agent主脑给出的行动：deep_think
参数：{'thoughts': '考虑到敌人刷新机制可能被封装在一个单独的脚本中，我需要搜索项目中的所有.cs文件，因为这些文件通常包含Unity项目的脚本代码。我可以通过`get_folder_info`行动来获取所有.cs文件的信息，然后进一步分析这些文件的内容。', 'repeat_counter': 1, 'continue_think_counter': 2}
2024-11-03 03:01:39,518 - INFO Retriever 0 - Observer: 好的，请继续你的下一步行动或思考。
2024-11-03 03:01:39,520 - INFO Retriever 0 - 

————————————————————————————————————————————————————————————————
2024-11-03 03:01:39,520 - INFO Retriever 0 - 当前窗口总长度：23
2024-11-03 03:01:39,520 - INFO Retriever 0 - 当前更新窗口长度：14
2024-11-03 03:01:39,520 - INFO Retriever 0 - 当前更新窗口长度：14
2024-11-03 03:01:39,520 - INFO Retriever 0 - ————————————————————————————————————————————————————————————————


2024-11-03 03:01:41,855 - INFO Retriever 0 - Agent主脑给出的回答为：{
    "get_folder_info": {
        "target_folder_path": "D:/Unity/Survaval\\Assets"
    }
}
2024-11-03 03:01:41,858 - INFO Retriever 0 - 是否成功解析：True
2024-11-03 03:01:41,858 - INFO Retriever 0 - operation_type (__det_dir_action):
2024-11-03 03:01:41,858 - INFO Retriever 0 - get_folder_info
2024-11-03 03:01:41,858 - INFO Retriever 0 - 

——————————————————————————————————————————————————————————————————————————————————————————————————————————————————————————
2024-11-03 03:01:41,858 - INFO Retriever 0 - Assistant:
2024-11-03 03:01:41,858 - INFO Retriever 0 - {
    "get_folder_info": {
        "target_folder_path": "D:/Unity/Survaval\\Assets"
    }
}
2024-11-03 03:01:41,858 - INFO Retriever 0 - dict_keys(['get_folder_info'])
2024-11-03 03:01:41,858 - INFO Retriever 0 - Agent主脑给出的行动：get_folder_info
参数：{'target_folder_path': 'D:/Unity/Survaval\\Assets'}
2024-11-03 03:01:41,910 - INFO Retriever 0 - Observer: 目标文件夹路径：D:/Unity/Survaval\Assets
文件结构树（该结构树可能不完整，仅返回深度小于等于1层的子文件以及文件夹）：
├── AddressableAssetsData
│   ├── AddressableAssetSettings.asset
│   ├── Android
│   ├── AssetGroupTemplates
│   ├── AssetGroups
│   ├── DataBuilders
│   ├── DefaultObject.asset
│   ├── iOS
├── AmplifyShaderEditor
│   ├── AmplifyShaderEditor.asmdef
│   ├── ChangeLog.txt
│   ├── CreatingTerrainsWithASE.txt
│   ├── Plugins
│   ├── Readme.txt
├── BlobHashMaps
│   ├── BlobBuilderExtensions.cs
│   ├── BlobHashMap.cs
│   ├── BlobHashMapIntInt.cs
│   ├── BlobHashMaps.asmdef
│   ├── BlobMultiHashMap.cs
│   ├── Data
├── BuildReport
│   ├── CustomBuildScriptExample.txt
│   ├── GUI
│   ├── README.txt
│   ├── Scripts
│   ├── VERSION.txt
│   ├── license.txt
├── CapturePath
├── DamageNumbersPro
│   ├── DamageNumbersPro.asmdef
│   ├── Documentation.url
│   ├── Editor
│   ├── Fonts
│   ├── Materials
│   ├── Scripts
├── Editor
│   ├── ChannelSetting.cs
│   ├── OrbiteExtenedEditor.cs
│   ├── Resources
│   ├── ShaderStripSettings
├── Editor Default Resources
│   ├── MasterAudio
├── EnhancedScroller v2
│   ├── ChangeLog.txt
│   ├── Documentation
│   ├── Plugins
│   ├── Tutorials
│   ├── readme.txt
│   ├── upgrading from 1.x to 2.x.txt
├── FlockBox
│   ├── Classic
│   ├── DOTS
│   ├── Flock Box Manual.pdf
├── Gizmos
│   ├── MasterAudio
├── Magic Spells Sound Effects V2.0
│   ├── Casting Loops
│   ├── Element Scholls
│   ├── General Spell
│   ├── Medieval Combat Sounds BONUS
│   ├── Special Attack
├── Pixel Arsenal
│   ├── Demo
│   ├── Materials
│   ...
│   ├── Textures
├── Plugins
│   ├── Android
│   ├── DarkTonic
│   ├── Demigiant
│   ├── Editor
│   ├── RelationsInspector
│   ├── Sirenix
│   ├── iOS
├── RPG Icons Pixel Art
│   ├── Aeromancer
│   ├── Alchemy1
│   ...
│   ├── Сrossbowman
├── Resources
│   ├── DOTweenSettings.asset
│   ├── MasterAudio
├── SPUM
│   ├── MonsterOrc_Prefabs
│   ├── MonsterUndeadPrefabs
│   ...
│   ├── Sprite_SheetExporter(Beta)
├── StreamingAssets
├── TextMesh Pro
│   ├── Documentation
│   ├── Fonts
│   ├── Resources
│   ├── Shaders
│   ├── Sprites
├── UniversalRenderPipelineGlobalSettings.asset
├── VirtualButtonsForUnity
│   ├── VirtualButtonsForUnity
├── YouLoftSDK
│   ├── PottingMobileSDK
│   ├── PottingMobileServices
│   ...
│   ├── YouloftTemp.cs
├── ZTools
│   ├── GlobalStringBuilder.cs
│   ├── Localization
│   ├── ZTools.asmdef
├── _MyAssets
│   ├── Animations
│   ├── ArtAssets
│   ...
│   ├── URPSettings


其中，部分主要文件及文件夹的信息如下：
1. Assets
# 路径:D:\\Unity\\Survaval\Assets
# 内容概述:“UniversalRenderPipelineGlobalSettings.asset”文件是Unity项目中用于配置通用渲染管道（URP）全局设置的资产。它涵盖了光照模式、阴影质量、后处理效果以及性能优化等关键设置，如光照层配置、阴影质量选择和后处理效果启用，旨在平衡视觉效果与性能表现，以适应不同游戏的需求。

2. AddressableAssetsData
# 路径:D:\\Unity\\Survaval\Assets\AddressableAssetsData
# 内容概述:### 文件夹内容简述

“AddressableAssetsData”文件夹汇集了Unity游戏开发所需的资源管理和配置文件。其中，Android和iOS子文件夹分别管理针对各自平台的资源状态。AssetGroups和AssetGroupTemplates子文件夹则专注于资源打包和内容更新配置，而DataBuilders子文件夹提供了资源管理和场景加载的脚本配置。此外，AddressableAssetSettings.asset文件负责资源加载和优化全局设置，而DefaultObject.asset则定义了Unity脚本组件的配置。整体而言，这些文件共同构成了游戏资源高效管理和优化的框架。

3. AmplifyShaderEditor
# 路径:D:\\Unity\\Survaval\Assets\AmplifyShaderEditor
# 内容概述:“AmplifyShaderEditor”文件夹汇集了Unity游戏开发中Amplify Shader Editor插件的核心组件与资源，包括编辑器脚本、界面资源、版本更新日志和使用指南。其中，“Editor”子文件夹承载着插件的核心逻辑和操作界面，而“EditorResources”则提供了图形用户界面和渲染资源。更新日志“ChangeLog.txt”详细记录了插件的功能迭代和问题修复，而“CreatingTerrainsWithASE.txt”则指导用户如何利用ASE创建地形着色器。遗憾的是，“Readme.txt”因编码错误无法读取，但预计包含插件的基本使用说明。

4. BlobHashMaps
# 路径:D:\\Unity\\Survaval\Assets\BlobHashMaps
# 内容概述:“BlobHashMaps”文件夹汇集了针对Unity游戏引擎优化的数据结构脚本，包括BlobHashMap和BlobMultiHashMap的实现。核心文件如BlobBuilderHashMapData.cs和BlobHashMapData.cs定义了HashMap和只读哈希表，BlobBuilderExtensions.cs扩展了BlobHashMap功能，BlobHashMap.cs和BlobHashMapIntInt.cs则提供了更丰富的操作和构建器功能。BlobHashMaps.asmdef文件定义了模块依赖，而BlobMultiHashMap.cs引入了多哈希映射支持，共同构成了一个高效的数据管理工具集。

5. BuildReport
# 路径:D:\\Unity\\Survaval\Assets\BuildReport
# 内容概述:“BuildReport”文件夹汇集了Unity游戏引擎的构建报告工具及相关资源，包括UI设计资源（如BRTSkin、NativeSkin和NativeSkinExtraIcons）、自动化构建脚本（如CustomBuildScriptExample.txt）和编辑器脚本（位于Scripts/Editor）。此外，它还包含定义特定窗口样式的皮肤文件（BuildReportWindow.guiskin和BuildReportWindowDark.guiskin），以及工具的许可证信息（license.txt）和使用说明（README.txt）。VERSION.txt文件记录了工具的版本更新历史，突出了新增功能和错误修复。

6. CapturePath
# 路径:D:\\Unity\\Survaval\Assets\CapturePath
# 内容概述:该文件夹内容为空。

7. DamageNumbersPro
# 路径:D:\\Unity\\Survaval\Assets\DamageNumbersPro
# 内容概述:“DamageNumbersPro”文件夹汇集了Unity游戏开发所需的资源，包括编辑器脚本、多种风格的字体、材质和游戏逻辑脚本。其中，编辑器脚本用于资源配置，字体和材质丰富了游戏视觉元素，而脚本集合则支撑了游戏的核心逻辑和交互。此外，汇编定义文件和文档链接文件提供了模块化开发和项目文档的便捷访问。

8. Editor
# 路径:D:\\Unity\\Survaval\Assets\Editor
# 内容概述:### 文件夹内容总结

“Editor”文件夹汇集了Unity项目开发所需的资源与工具。其中，**Resources**子文件夹提供游戏与动画设计的视觉素材，包括角色、场景元素和预制游戏单元。**ShaderStripSettings**包含提升渲染质量的Unity脚本组件，而**ChannelSetting.cs**脚本则用于管理不同渠道的SDK和项目配置。此外，**OrbiteExtenedEditor.cs**编辑器扩展脚本增强了文本编辑和屏幕截图功能，辅助设计和开发流程。整体上，这些资源与工具相互关联，共同服务于Unity项目的开发与优化。

9. Editor Default Resources
# 路径:D:\\Unity\\Survaval\Assets\Editor Default Resources
# 内容概述:“Editor Default Resources”文件夹汇集了多种音频处理相关的图标，包括播放、暂停、停止等控制图标，以及复制、删除、保存等操作图标，还有LED灯状态指示和扬声器图标等。这些图标共同服务于音频编辑和界面设计，为用户提供了直观的操作和状态指示。

10. EnhancedScroller v2
# 路径:D:\\Unity\\Survaval\Assets\EnhancedScroller v2
# 内容概述:该“EnhancedScroller v2”文件夹汇集了Unity游戏开发中EnhancedScroller插件的全面资源，包括用户手册、插件代码、教程和更新日志。用户手册详细介绍了插件的使用方法，插件代码则由组件、单元格视图和动画系统等组成，旨在提升UI开发效率。教程资源帮助开发者快速上手，而更新日志和升级指南则提供了插件版本间的变化和升级指导。

11. FlockBox
# 路径:D:\\Unity\\Survaval\Assets\FlockBox
# 内容概述:### 文件夹内容精简总结

“Flock Box”文件夹是Unity游戏开发项目，集成了视觉资源、游戏逻辑脚本和DOTS架构相关资源。其中，**Classic**子文件夹提供游戏场景、预制体和艺术资源，**DOTS**子文件夹则专注于DOTS架构的脚本和材料。项目手册“Flock Box Manual.pdf”详细介绍了项目结构、资源使用和开发指南，为开发者提供了全面的项目操作指导。

12. Gizmos
# 路径:D:\\Unity\\Survaval\Assets\Gizmos
# 内容概述:“Gizmos”文件夹汇集了音频处理相关的图标设计，包括“MasterAudio”品牌标识和“PlaylistController”播放列表控制功能的图标，旨在为音频软件界面提供视觉元素。

13. Magic Spells Sound Effects V2.0
# 路径:D:\\Unity\\Survaval\Assets\Magic Spells Sound Effects V2.0
# 内容概述:“Magic Spells Sound Effects V2.0”文件夹汇集了丰富的音效资源，包括循环施法音效、元素相关施法音效、通用魔法效果、中世纪战斗声音以及特定攻击音效。这些音效覆盖了从增益攻击到治疗，从施法到战斗动作，适用于游戏、影视等多媒体项目，且文件命名清晰，便于快速查找和使用。

14. Pixel Arsenal
# 路径:D:\\Unity\\Survaval\Assets\Pixel Arsenal
# 内容概述:“Pixel Arsenal”文件夹汇集了丰富的游戏开发资源，包括视觉素材（如天空盒和纹理）、预制体（如界面元素和特效）、场景素材、Unity脚本（用于游戏逻辑）和音频效果。这些资源相互关联，共同构建了游戏和视觉效果的基础，适用于Unity等游戏引擎。文件夹内的“ReadMe.txt”文件提供了资源使用指南和潜在的技术支持信息。

15. Plugins
# 路径:D:\\Unity\\Survaval\Assets\Plugins
# 内容概述:“Plugins”文件夹汇集了多平台游戏开发资源，包括Android应用开发工具、Unity游戏资源包如音频和网络同步插件，以及编辑器扩展和iOS应用开发组件。其中，Android子文件夹提供项目配置和第三方库；Unity相关资源如DarkTonic和Demigiant则专注于音频和网络同步，以及动画处理；Editor子文件夹增强Unity编辑器功能；iOS子文件夹涵盖性能监控和广告集成等iOS特有功能。这些资源相互关联，共同构建了一个全面的游戏开发环境。

16. Resources
# 路径:D:\\Unity\\Survaval\Assets\Resources
# 内容概述:### 文件夹内容总结

“Resources”文件夹汇集了Unity游戏项目的关键配置资源，包括“MasterAudioSettings.asset”用于音频处理和插件配置，以及“DOTweenSettings.asset”用于动画和缓动库的详细设置，两者共同确保游戏音效和动画的优化与流畅。

17. RPG Icons Pixel Art
# 路径:D:\\Unity\\Survaval\Assets\RPG Icons Pixel Art
# 内容概述:当然可以。以下是融合后的简短内容：

“Support contact.pdf”文件提供客户支持联系信息，包括电话、电子邮件和在线支持服务，并附有服务时间表、常见问题解答以及用户反馈表单，旨在为用户提供便捷的咨询与支持服务。

18. SPUM
# 路径:D:\\Unity\\Survaval\Assets\SPUM
# 内容概述:“SPUM”文件夹汇集了丰富的游戏开发资源，包括怪物与角色预制体、动画素材、图像资源、字体、材质以及Unity脚本等。它涵盖了从角色模型和动画到编辑器扩展和场景设置的全方位内容，旨在支持游戏开发、3D建模和动画制作项目。文件夹内不同子目录紧密关联，共同构成了一个完整的项目资源库。

19. StreamingAssets
# 路径:D:\\Unity\\Survaval\Assets\StreamingAssets
# 内容概述:“StreamingAssets”文件夹主要存储流媒体应用所需的资源，包括视频、音频和图像文件，以及相关的配置和脚本文件。该文件夹内部分为视频、音频、图像、配置和脚本等子文件夹，各自管理不同类型的媒体资源和播放逻辑配置，以确保资源的高效加载和流式传输。

20. TextMesh Pro
# 路径:D:\\Unity\\Survaval\Assets\TextMesh Pro
# 内容概述:该“TextMesh Pro”文件夹汇集了TextMesh Pro软件的用户指南、Liberation Sans字体资源、Unity项目资源包以及表情符号素材。其中，用户指南详细介绍了软件操作，Liberation Sans字体提供多种样式，Unity资源包包括字体、材质和精灵资产，着色器文件则专注于图形渲染，而表情符号资源则便于集成到项目中。这些内容相互关联，共同服务于游戏开发与图形设计的需求。

21. VirtualButtonsForUnity
# 路径:D:\\Unity\\Survaval\Assets\VirtualButtonsForUnity
# 内容概述:### 文件夹内容概览

“VirtualButtonsForUnity”文件夹是Unity游戏开发资源，集成了虚拟按钮、方向垫和摇杆预制体及脚本，旨在增强游戏交互体验。内含示例项目、预制体、脚本、图像资源和详细文档，方便开发者快速集成和使用。

22. YouLoftSDK
# 路径:D:\\Unity\\Survaval\Assets\YouLoftSDK
# 内容概述:### 文件夹内容总结

“YouLoftSDK”文件夹是Unity游戏开发者的综合工具包，集成了广告管理、支付、用户管理、数据同步等功能模块。其中，**PottingMobileSDK** 提供了Android和iOS平台的插件和脚本，**PottingMobileServices** 则包含了跨平台服务接口和功能脚本。广告管理、支付、礼包兑换等具体功能由 **YouLoftAd.cs**、**YouLoftPay.cs** 和 **YouLoftRedeemcode.cs** 等文件实现，而 **YouLoftSDKManager.cs** 负责管理这些模块，确保它们协同工作。此外，**YouLoftLogin.cs** 处理用户登录，**YouLoftEvent.cs** 和 **YouloftTemp.cs** 分别提供事件跟踪和配置同步功能，共同支撑游戏的整体运行。

23. ZTools
# 路径:D:\\Unity\\Survaval\Assets\ZTools
# 内容概述:### 文件夹内容总结
“ZTools”文件夹汇集了Unity游戏开发中本地化和字符串操作的工具。其中，包含用于本地化文本管理的脚本，如`StaticLocalizedText.cs`和`StaticLocalizedText_UGUI.cs`，以及`Strings.cs`用于管理本地化字符串。此外，`GlobalStringBuilder.cs`提供了全局字符串构建功能，优化了字符串操作性能。而“ZTools.asmdef”文件则定义了项目中的“ZTools”程序集，管理着相关脚本文件的引用和编译。这些工具共同构成了一个高效且模块化的开发环境。

24. _MyAssets
# 路径:D:\\Unity\\Survaval\Assets\_MyAssets
# 内容概述:“_MyAssets”文件夹是游戏开发的核心资源库，汇集了动画、艺术资产、音频、数据配置、编辑器资源、字体、图标、脚本、着色器等关键文件，以及预制体和场景设计。它为游戏提供了丰富的视觉和音频效果，并通过详细的配置文件和脚本实现了复杂的游戏逻辑和交互。文件夹内资源相互关联，共同支撑起游戏的整体架构和功能实现。

25. UniversalRenderPipelineGlobalSettings.asset
# 路径:D:\\Unity\\Survaval\Assets\UniversalRenderPipelineGlobalSettings.asset
# 内容概述:### 简化总结

该文件是Unity的通用渲染管道全局设置配置，定义了8个光照层（如Light Layer default至Light Layer 7）。它还包含了性能优化设置，如移除调试变体和未使用变体，以及不支持运行时调试显示。


2024-11-03 03:01:41,914 - INFO Retriever 0 - 

————————————————————————————————————————————————————————————————
2024-11-03 03:01:41,914 - INFO Retriever 0 - 当前窗口总长度：25
2024-11-03 03:01:41,914 - INFO Retriever 0 - 当前更新窗口长度：16
2024-11-03 03:01:41,914 - INFO Retriever 0 - 当前更新窗口长度：16
2024-11-03 03:01:41,915 - INFO Retriever 0 - ————————————————————————————————————————————————————————————————


2024-11-03 03:01:46,346 - INFO Retriever 0 - Agent主脑给出的回答为：{
    "deep_think": {
        "thoughts": "在获取了项目文件的顶层结构后，我注意到在`_MyAssets`目录下有`Animations`、`ArtAssets`等子目录，这些目录可能包含了游戏中的动画和艺术资源，而敌人刷新机制可能与这些资源相关。因此，我需要进一步检查这些目录下的文件。"
    }
}
2024-11-03 03:01:46,346 - INFO Retriever 0 - 是否成功解析：True
2024-11-03 03:01:46,346 - INFO Retriever 0 - operation_type (__det_dir_action):
2024-11-03 03:01:46,347 - INFO Retriever 0 - deep_think
2024-11-03 03:01:46,347 - INFO Retriever 0 - 

——————————————————————————————————————————————————————————————————————————————————————————————————————————————————————————
2024-11-03 03:01:46,347 - INFO Retriever 0 - Assistant:
2024-11-03 03:01:46,348 - INFO Retriever 0 - {
    "deep_think": {
        "thoughts": "在获取了项目文件的顶层结构后，我注意到在`_MyAssets`目录下有`Animations`、`ArtAssets`等子目录，这些目录可能包含了游戏中的动画和艺术资源，而敌人刷新机制可能与这些资源相关。因此，我需要进一步检查这些目录下的文件。"
    }
}
2024-11-03 03:01:46,348 - INFO Retriever 0 - dict_keys(['deep_think'])
2024-11-03 03:01:46,348 - INFO Retriever 0 - Agent主脑给出的行动：deep_think
参数：{'thoughts': '在获取了项目文件的顶层结构后，我注意到在`_MyAssets`目录下有`Animations`、`ArtAssets`等子目录，这些目录可能包含了游戏中的动画和艺术资源，而敌人刷新机制可能与这些资源相关。因此，我需要进一步检查这些目录下的文件。', 'repeat_counter': 1, 'continue_think_counter': 1}
2024-11-03 03:01:46,349 - INFO Retriever 0 - Observer: 好的，请继续你的下一步行动或思考。
2024-11-03 03:01:46,351 - INFO Retriever 0 - 

————————————————————————————————————————————————————————————————
2024-11-03 03:01:46,351 - INFO Retriever 0 - 当前窗口总长度：27
2024-11-03 03:01:46,351 - INFO Retriever 0 - 当前更新窗口长度：18
2024-11-03 03:01:46,352 - INFO Retriever 0 - 当前更新窗口长度：18
2024-11-03 03:01:46,352 - INFO Retriever 0 - ————————————————————————————————————————————————————————————————


2024-11-03 03:01:49,653 - INFO Retriever 0 - Agent主脑给出的回答为：{
    "get_folder_info": {
        "target_folder_path": "D:/Unity/Survaval\\Assets\\_MyAssets"
    }
}
2024-11-03 03:01:49,658 - INFO Retriever 0 - 是否成功解析：True
2024-11-03 03:01:49,658 - INFO Retriever 0 - operation_type (__det_dir_action):
2024-11-03 03:01:49,658 - INFO Retriever 0 - get_folder_info
2024-11-03 03:01:49,658 - INFO Retriever 0 - 

——————————————————————————————————————————————————————————————————————————————————————————————————————————————————————————
2024-11-03 03:01:49,658 - INFO Retriever 0 - Assistant:
2024-11-03 03:01:49,658 - INFO Retriever 0 - {
    "get_folder_info": {
        "target_folder_path": "D:/Unity/Survaval\\Assets\\_MyAssets"
    }
}
2024-11-03 03:01:49,658 - INFO Retriever 0 - dict_keys(['get_folder_info'])
2024-11-03 03:01:49,658 - INFO Retriever 0 - Agent主脑给出的行动：get_folder_info
参数：{'target_folder_path': 'D:/Unity/Survaval\\Assets\\_MyAssets'}
2024-11-03 03:01:49,695 - INFO Retriever 0 - Observer: 目标文件夹路径：D:/Unity/Survaval\Assets\_MyAssets
文件结构树（该结构树可能不完整，仅返回深度小于等于1层的子文件以及文件夹）：
├── Animations
│   ├── PlayerAnimator.controller
│   ├── PlayerOnHorseAnimator.controller
│   ├── UIAnim
├── ArtAssets
│   ├── Enemies
│   ├── Items
│   ├── Terrains
│   ├── UI
├── Audio
│   ├── Music
│   ├── Sound
├── Data
│   ├── Achivements
│   ├── BattlePass
│   ...
│   ├── _GameData.asset
├── Editor_Reource
│   ├── Resources
├── FontPixel
│   ├── PixelMplus12.ttf
│   ├── unifont  Offset.mat
│   ...
│   ├── unifont.ttf
├── Icon
├── InputSettings
├── OutputData
│   ├── default_android_build.buildconfiguration
├── RuntimePrefabs
│   ├── Bullets
│   ├── DamageTexts
│   ...
│   ├── VFX
├── SceneTemplates
├── Scenes
├── Scripts
│   ├── Character
│   ├── DOTSSimpleRenderer
│   ...
│   ├── Utility
├── Shaders
│   ├── DOTSDropLight.shader
│   ├── DOTSSimpleParticle.shader
│   ├── DOTSSimpleSprite.shader
│   ├── UI_Light_Ase.shader
│   ├── UI_White_ASE.shader
│   ├── UI_guide_Ase.shader
│   ├── used_shaders.shadervariants
├── StaticPrefabs
│   ├── Sounds
│   ├── UI
│   ├── VFXTrails
│   ├── WeaponGunPoints
├── SteerSettings
│   ├── enemy_steer_speed_0.5.asset
│   ├── enemy_steer_speed_0.asset
│   ...
│   ├── enemy_steer_speed_5.asset
├── Test
│   ├── 01.png
│   ├── 02.png
│   ├── 03.png
│   ├── 04.png
├── Texture
│   ├── BattleTexture
│   ├── IconAtlas.spriteatlas
│   ├── Materials
│   ├── Textures
│   ├── TexturesIcon
│   ├── icon
├── URPSettings
│   ├── ForwardRenderer.asset
│   ├── UniversalRP-HighQuality.asset


其中，部分主要文件及文件夹的信息如下：
1. _MyAssets
# 路径:D:\\Unity\\Survaval\Assets\_MyAssets
# 内容概述:“_MyAssets”文件夹是游戏开发的核心资源库，汇集了动画、艺术资产、音频、数据配置、编辑器资源、字体、图标、脚本、着色器等关键文件，以及预制体和场景设计。它为游戏提供了丰富的视觉和音频效果，并通过详细的配置文件和脚本实现了复杂的游戏逻辑和交互。文件夹内资源相互关联，共同支撑起游戏的整体架构和功能实现。

2. Animations
# 路径:D:\\Unity\\Survaval\Assets\_MyAssets\Animations
# 内容概述:### 简化版文件夹内容分析总结

“Animations”文件夹汇集了针对游戏或应用UI元素的动画资源，包含多个子文件夹，如战斗界面、礼堂面板等，每个子文件夹内含特定动画和控制文件。控制器文件如`PlayerAnimator.controller`和`PlayerOnHorseAnimator.controller`负责协调玩家角色及其骑马状态下的动画逻辑，确保动画流畅且与用户交互紧密结合。

3. ArtAssets
# 路径:D:\\Unity\\Survaval\Assets\_MyAssets\ArtAssets
# 内容概述:“ArtAssets”文件夹汇集了游戏开发所需的视觉和交互资源，包括敌人角色和Boss的静态图像及材质（在“Enemies”文件夹中），游戏物品的材质（在“Items”文件夹中），以及地形和景观图像（在“Terrains”文件夹中）。此外，还包含用户界面配置数据（在“UI”文件夹中），这些资源共同支撑起游戏的角色、环境与交互界面设计。

4. Audio
# 路径:D:\\Unity\\Survaval\Assets\_MyAssets\Audio
# 内容概述:“Audio”文件夹内部分为“Music”和“Sound”两个子文件夹，前者收录了针对游戏不同场景设计的背景音乐，如Boss战和地图背景；后者则集成了游戏中的各种声音效果，包括活动声音和界面操作声音，共同构建了游戏的整体音效体验。

5. Data
# 路径:D:\\Unity\\Survaval\Assets\_MyAssets\Data
# 内容概述:“Data”文件夹是Unity游戏项目的核心，汇集了游戏配置和脚本资产，涵盖成就、战斗通行证、任务、物品掉落、角色装备、地图、技能、敌人生成等多个方面。文件夹内各子文件夹如Achivements、BattlePass和DailyTask等，分别管理成就解锁、奖励系统和日常任务等游戏机制；而Equip、Items和Map等则专注于角色、物品和地图的详细配置。这些文件和配置相互关联，共同构建了游戏的数据结构和功能框架。

6. Editor_Reource
# 路径:D:\\Unity\\Survaval\Assets\_MyAssets\Editor_Reource
# 内容概述:“Editor_Reource”文件夹汇集了游戏本地化资源，包含“Configs”子文件夹，内含多种语言的本地化文本文件，确保游戏在不同语言环境下的文本一致性和准确性。

7. FontPixel
# 路径:D:\\Unity\\Survaval\Assets\_MyAssets\FontPixel
# 内容概述:### 简化版文件夹内容总结

“FontPixel”文件夹汇集了多种字体文件，包括PixelMplus12.ttf和一系列以“unifont”开头的字体数据文件，如Offset、OutLine等，这些文件提供了不同风格和效果的字体资源，适用于字体设计和应用场景。

8. Icon
# 路径:D:\\Unity\\Survaval\Assets\_MyAssets\Icon
# 内容概述:该文件夹内容为空。

9. InputSettings
# 路径:D:\\Unity\\Survaval\Assets\_MyAssets\InputSettings
# 内容概述:该文件夹内容为空。

10. OutputData
# 路径:D:\\Unity\\Survaval\Assets\_MyAssets\OutputData
# 内容概述:在“OutputData”文件夹中，主要包含一个名为“default_android_build.buildconfiguration”的文件，该文件记录了Android应用的构建配置信息。

11. RuntimePrefabs
# 路径:D:\\Unity\\Survaval\Assets\_MyAssets\RuntimePrefabs
# 内容概述:“RuntimePrefabs”文件夹汇集了游戏开发所需的预制资源，包括多样化的子弹和攻击效果（如天使球、火球等），伤害显示配置，游戏内掉落物品（如宝箱、硬币），以及敌人、玩家角色和视觉效果（如技能效果、元素射线）。此外，还包含玩家角色预制文件和基础配置，以及空白的“Requirements”文件夹。视觉效果和用户界面元素，如技能和UI升级效果，丰富了游戏体验。

12. Scenes
# 路径:D:\\Unity\\Survaval\Assets\_MyAssets\Scenes
# 内容概述:“Scenes文件夹汇集了多种场景相关的文件，包含图片、文档和视频等，旨在展示不同环境下的视觉元素。其中，图片子文件夹展示了多样化的场景图像，文档子文件夹则收录了场景描述和设计理念，而视频子文件夹则提供了动态场景演示。这些文件相互关联，共同构成了一个全面展示各类场景的资料库。”

13. SceneTemplates
# 路径:D:\\Unity\\Survaval\Assets\_MyAssets\SceneTemplates
# 内容概述:该文件夹内容为空。

14. Scripts
# 路径:D:\\Unity\\Survaval\Assets\_MyAssets\Scripts
# 内容概述:“Scripts”文件夹是Unity游戏项目的核心脚本库，集成了角色管理、数据管理、渲染优化、声音处理、环境构建、游戏玩法、系统组件、UI设计和辅助工具等多种功能。它包含的角色脚本如动画和敌人管理，与游戏玩法和数据管理脚本紧密协作，共同构建了游戏的角色系统和核心逻辑。同时，渲染和声音优化脚本提升了性能，而UI脚本则负责交互界面。此外，通用工具和扩展功能脚本为游戏提供了额外的辅助和灵活性，确保了项目的整体流畅性和功能性。

15. Shaders
# 路径:D:\\Unity\\Survaval\Assets\_MyAssets\Shaders
# 内容概述:“Shaders”文件夹汇集了多种图形和UI着色器文件，包括实现点光源衰减、粒子效果、精灵渲染、UI引导照明等功能的DOTS系列和UI系列着色器，以及记录着色器变体信息的`used_shaders.shadervariants`文件，旨在提升游戏或应用的视觉效果。

16. StaticPrefabs
# 路径:D:\\Unity\\Survaval\Assets\_MyAssets\StaticPrefabs
# 内容概述:“StaticPrefabs”文件夹汇集了游戏开发所需的静态资源，包括音频管理、UI界面设计、视觉效果以及武器和枪械模型。音频资源如“Sounds”文件夹中的音效，与UI设计如“UI”文件夹中的战斗和主界面元素相辅相成，共同构建游戏交互体验。视觉效果“VFXTrails”则丰富了游戏场景，而“WeaponGunPoints”中的武器预制件则增强了游戏中的战斗元素。这些资源紧密关联，共同支撑起游戏的整体架构。

17. SteerSettings
# 路径:D:\\Unity\\Survaval\Assets\_MyAssets\SteerSettings
# 内容概述:### 文件夹内容总结
“SteerSettings”文件夹汇集了Unity游戏引擎中敌人AI的配置文件，旨在详细设定敌人的移动速度、转向行为、视野范围和搜索策略。文件夹内包含多个资产文件，如`enemy_steer_speed_0.5.asset`至`enemy_steer_speed_5.asset`，每个文件针对特定敌人的行为属性进行定制，包括速度、转向参数、视野角度和搜索目标等。这些配置文件共同构成了敌人AI的行为逻辑，确保它们在游戏中能够以不同的方式移动和交互，从而丰富游戏体验。

18. Test
# 路径:D:\\Unity\\Survaval\Assets\_MyAssets\Test
# 内容概述:该“Test”文件夹内包含四张PNG格式图片，分别为01.png、02.png、03.png和04.png，可能为同一主题或系列。

19. Texture
# 路径:D:\\Unity\\Survaval\Assets\_MyAssets\Texture
# 内容概述:“BattleTexture”文件夹汇集了与战斗相关的纹理图片，如奖励掉落效果，用于游戏视觉设计。在“icon”文件夹中，子文件夹和图片文件分类存储，涵盖游戏装备、角色属性、场景和界面元素，如技能图标和按钮。而“Materials”文件夹专注于材料设计数据，如“小光柱-白.mat”。此外，“Textures”和“TexturesIcon”文件夹则分别包含游戏界面元素和图标资源，通过纹理压缩优化游戏性能。最后，“IconAtlas.spriteatlas”文件整合了多个图标资源，提升游戏资源管理和加载效率。

20. URPSettings
# 路径:D:\\Unity\\Survaval\Assets\_MyAssets\URPSettings
# 内容概述:### 文件夹内容精简总结

“URPSettings”文件夹汇集了Unity游戏引擎的渲染优化配置，包括**ForwardRenderer.asset**文件，它针对视觉效果和伤害文本渲染进行细致配置，以及**UniversalRP-HighQuality.asset**，该文件通过调整多种渲染参数如阴影、抗锯齿和性能优化选项，旨在提升整体视觉效果和性能。这两个文件共同构成了游戏渲染的核心设置，确保了高质量的渲染效果和流畅的性能表现。


2024-11-03 03:01:49,699 - INFO Retriever 0 - 

————————————————————————————————————————————————————————————————
2024-11-03 03:01:49,699 - INFO Retriever 0 - 当前窗口总长度：29
2024-11-03 03:01:49,699 - INFO Retriever 0 - 当前更新窗口长度：20
2024-11-03 03:01:49,700 - INFO Retriever 0 - 当前更新窗口长度：20
2024-11-03 03:01:49,700 - INFO Retriever 0 - ————————————————————————————————————————————————————————————————


2024-11-03 03:01:57,556 - INFO Retriever 0 - Agent主脑给出的回答为：{
    "deep_think": {
        "thoughts": "在检查了_MyAssets目录下的文件结构后，我注意到ArtAssets目录下的Enemies文件夹可能包含了敌人的资源，而SteerSettings目录下的文件可能与敌人的行为和移动相关。敌人刷新机制可能涉及到敌人的生成和位置，因此我需要进一步检查这些目录下的文件。"
    }
}
2024-11-03 03:01:57,556 - INFO Retriever 0 - 是否成功解析：True
2024-11-03 03:01:57,556 - INFO Retriever 0 - operation_type (__det_dir_action):
2024-11-03 03:01:57,557 - INFO Retriever 0 - deep_think
2024-11-03 03:01:57,557 - INFO Retriever 0 - 

——————————————————————————————————————————————————————————————————————————————————————————————————————————————————————————
2024-11-03 03:01:57,557 - INFO Retriever 0 - Assistant:
2024-11-03 03:01:57,557 - INFO Retriever 0 - {
    "deep_think": {
        "thoughts": "在检查了_MyAssets目录下的文件结构后，我注意到ArtAssets目录下的Enemies文件夹可能包含了敌人的资源，而SteerSettings目录下的文件可能与敌人的行为和移动相关。敌人刷新机制可能涉及到敌人的生成和位置，因此我需要进一步检查这些目录下的文件。"
    }
}
2024-11-03 03:01:57,558 - INFO Retriever 0 - dict_keys(['deep_think'])
2024-11-03 03:01:57,558 - INFO Retriever 0 - Agent主脑给出的行动：deep_think
参数：{'thoughts': '在检查了_MyAssets目录下的文件结构后，我注意到ArtAssets目录下的Enemies文件夹可能包含了敌人的资源，而SteerSettings目录下的文件可能与敌人的行为和移动相关。敌人刷新机制可能涉及到敌人的生成和位置，因此我需要进一步检查这些目录下的文件。', 'repeat_counter': 1, 'continue_think_counter': 1}
2024-11-03 03:01:57,558 - INFO Retriever 0 - Observer: 好的，请继续你的下一步行动或思考。
2024-11-03 03:01:57,560 - INFO Retriever 0 - 

————————————————————————————————————————————————————————————————
2024-11-03 03:01:57,560 - INFO Retriever 0 - 当前窗口总长度：31
2024-11-03 03:01:57,560 - INFO Retriever 0 - 当前更新窗口长度：22
2024-11-03 03:01:57,561 - INFO Retriever 0 - 当前更新窗口长度：22
2024-11-03 03:01:57,561 - INFO Retriever 0 - ————————————————————————————————————————————————————————————————


2024-11-03 03:02:02,516 - INFO Retriever 0 - Agent主脑给出的回答为：{
    "get_folder_info": {
        "target_folder_path": "D:/Unity/Survaval\\Assets\\_MyAssets\\ArtAssets\\Enemies"
    }
}
2024-11-03 03:02:02,516 - INFO Retriever 0 - 是否成功解析：True
2024-11-03 03:02:02,516 - INFO Retriever 0 - operation_type (__det_dir_action):
2024-11-03 03:02:02,517 - INFO Retriever 0 - get_folder_info
2024-11-03 03:02:02,517 - INFO Retriever 0 - 

——————————————————————————————————————————————————————————————————————————————————————————————————————————————————————————
2024-11-03 03:02:02,517 - INFO Retriever 0 - Assistant:
2024-11-03 03:02:02,517 - INFO Retriever 0 - {
    "get_folder_info": {
        "target_folder_path": "D:/Unity/Survaval\\Assets\\_MyAssets\\ArtAssets\\Enemies"
    }
}
2024-11-03 03:02:02,518 - INFO Retriever 0 - dict_keys(['get_folder_info'])
2024-11-03 03:02:02,518 - INFO Retriever 0 - Agent主脑给出的行动：get_folder_info
参数：{'target_folder_path': 'D:/Unity/Survaval\\Assets\\_MyAssets\\ArtAssets\\Enemies'}
2024-11-03 03:02:02,697 - INFO Retriever 0 - Observer: 目标文件夹路径：D:/Unity/Survaval\Assets\_MyAssets\ArtAssets\Enemies
文件结构树（该结构树可能不完整，仅返回深度小于等于1层的子文件以及文件夹）：
├── Skeletons
│   ├── Boss1.png
│   ├── Boss2.png
│   ...
│   ├── enemy_still_0_mat.mat


其中，部分主要文件及文件夹的信息如下：
1. Enemies
# 路径:D:\\Unity\\Survaval\Assets\_MyAssets\ArtAssets\Enemies
# 内容概述:“Enemies”文件夹集中了游戏角色视觉资源，包括Boss、金币、敌人角色等静态图像，以及对应角色的材质文件，如金币材质、敌人皮肤和特殊效果纹理，旨在为游戏设计提供全面的视觉支持。文件夹内文件分为角色图像和材质文件，两者相互配合，共同塑造游戏角色的外观和状态。

2. Skeletons
# 路径:D:\\Unity\\Survaval\Assets\_MyAssets\ArtAssets\Enemies\Skeletons
# 内容概述:“Skeletons”文件夹汇集了游戏角色和元素的相关图像及材质文件，包括8个Boss、3种金币、40个敌人角色图像，以及多种敌人材质，如金币、无限循环、食物、幸运、魔法、特殊掉落和静止等，这些文件共同构成了游戏角色的视觉元素和外观细节。


2024-11-03 03:02:02,699 - INFO Retriever 0 - 

————————————————————————————————————————————————————————————————
2024-11-03 03:02:02,699 - INFO Retriever 0 - 当前窗口总长度：33
2024-11-03 03:02:02,699 - INFO Retriever 0 - 当前更新窗口长度：24
2024-11-03 03:02:02,700 - INFO Retriever 0 - 当前更新窗口长度：24
2024-11-03 03:02:02,700 - INFO Retriever 0 - ————————————————————————————————————————————————————————————————


2024-11-03 03:02:10,838 - INFO Retriever 0 - Agent主脑给出的回答为：{
    "deep_think": {
        "thoughts": "在检查了Enemies目录下的文件结构后，我发现该目录主要包含了敌人的静态图像和材质文件，这些文件可能用于敌人的外观设计，但并不直接涉及敌人刷新机制的代码。因此，我需要继续搜索其他可能与敌人刷新机制相关的文件。"
    }
}
2024-11-03 03:02:10,838 - INFO Retriever 0 - 是否成功解析：True
2024-11-03 03:02:10,838 - INFO Retriever 0 - operation_type (__det_dir_action):
2024-11-03 03:02:10,842 - INFO Retriever 0 - deep_think
2024-11-03 03:02:10,842 - INFO Retriever 0 - 

——————————————————————————————————————————————————————————————————————————————————————————————————————————————————————————
2024-11-03 03:02:10,842 - INFO Retriever 0 - Assistant:
2024-11-03 03:02:10,842 - INFO Retriever 0 - {
    "deep_think": {
        "thoughts": "在检查了Enemies目录下的文件结构后，我发现该目录主要包含了敌人的静态图像和材质文件，这些文件可能用于敌人的外观设计，但并不直接涉及敌人刷新机制的代码。因此，我需要继续搜索其他可能与敌人刷新机制相关的文件。"
    }
}
2024-11-03 03:02:10,842 - INFO Retriever 0 - dict_keys(['deep_think'])
2024-11-03 03:02:10,842 - INFO Retriever 0 - Agent主脑给出的行动：deep_think
参数：{'thoughts': '在检查了Enemies目录下的文件结构后，我发现该目录主要包含了敌人的静态图像和材质文件，这些文件可能用于敌人的外观设计，但并不直接涉及敌人刷新机制的代码。因此，我需要继续搜索其他可能与敌人刷新机制相关的文件。', 'repeat_counter': 1, 'continue_think_counter': 1}
2024-11-03 03:02:10,842 - INFO Retriever 0 - Observer: 好的，请继续你的下一步行动或思考。
2024-11-03 03:02:10,842 - INFO Retriever 0 - 

————————————————————————————————————————————————————————————————
2024-11-03 03:02:10,842 - INFO Retriever 0 - 当前窗口总长度：35
2024-11-03 03:02:10,842 - INFO Retriever 0 - 当前更新窗口长度：26
2024-11-03 03:02:10,842 - INFO Retriever 0 - 当前更新窗口长度：26
2024-11-03 03:02:10,842 - INFO Retriever 0 - ————————————————————————————————————————————————————————————————


2024-11-03 03:02:16,906 - INFO Retriever 0 - Agent主脑给出的回答为：{
    "get_folder_info": {
        "target_folder_path": "D:/Unity/Survaval\\Assets\\_MyAssets\\SteerSettings"
    }
}
2024-11-03 03:02:16,908 - INFO Retriever 0 - 是否成功解析：True
2024-11-03 03:02:16,908 - INFO Retriever 0 - operation_type (__det_dir_action):
2024-11-03 03:02:16,908 - INFO Retriever 0 - get_folder_info
2024-11-03 03:02:16,908 - INFO Retriever 0 - 

——————————————————————————————————————————————————————————————————————————————————————————————————————————————————————————
2024-11-03 03:02:16,908 - INFO Retriever 0 - Assistant:
2024-11-03 03:02:16,908 - INFO Retriever 0 - {
    "get_folder_info": {
        "target_folder_path": "D:/Unity/Survaval\\Assets\\_MyAssets\\SteerSettings"
    }
}
2024-11-03 03:02:16,908 - INFO Retriever 0 - dict_keys(['get_folder_info'])
2024-11-03 03:02:16,908 - INFO Retriever 0 - Agent主脑给出的行动：get_folder_info
参数：{'target_folder_path': 'D:/Unity/Survaval\\Assets\\_MyAssets\\SteerSettings'}
2024-11-03 03:02:17,058 - INFO Retriever 0 - Observer: 目标文件夹路径：D:/Unity/Survaval\Assets\_MyAssets\SteerSettings
文件结构树（该结构树可能不完整，仅返回深度小于等于1层的子文件以及文件夹）：
├── enemy_steer_speed_0.5.asset
├── enemy_steer_speed_0.asset
├── enemy_steer_speed_1.asset
├── enemy_steer_speed_10.asset
├── enemy_steer_speed_2.5.asset
├── enemy_steer_speed_2.asset
├── enemy_steer_speed_3.asset
├── enemy_steer_speed_5.asset


其中，部分主要文件及文件夹的信息如下：
1. SteerSettings
# 路径:D:\\Unity\\Survaval\Assets\_MyAssets\SteerSettings
# 内容概述:### 文件夹内容总结
“SteerSettings”文件夹汇集了Unity游戏引擎中敌人AI的配置文件，旨在详细设定敌人的移动速度、转向行为、视野范围和搜索策略。文件夹内包含多个资产文件，如`enemy_steer_speed_0.5.asset`至`enemy_steer_speed_5.asset`，每个文件针对特定敌人的行为属性进行定制，包括速度、转向参数、视野角度和搜索目标等。这些配置文件共同构成了敌人AI的行为逻辑，确保它们在游戏中能够以不同的方式移动和交互，从而丰富游戏体验。

2. enemy_steer_speed_0.5.asset
# 路径:D:\\Unity\\Survaval\Assets\_MyAssets\SteerSettings\enemy_steer_speed_0.5.asset
# 内容概述:该文件是Unity游戏中的敌人AI配置，名为“enemy_steer_speed_0.5.asset”。它定义了敌人的移动速度（0.5）和最大推力（100），并通过`containmentBehavior`和`behaviors`组件设置了行为，包括对玩家的检测和视野范围。这些配置确保敌人能够有效追踪玩家。

3. enemy_steer_speed_0.asset
# 路径:D:\\Unity\\Survaval\Assets\_MyAssets\SteerSettings\enemy_steer_speed_0.asset
# 内容概述:### 简要总结

该文件是Unity游戏资产配置，定义了名为“enemy_steer_speed_0”的敌人行为组件。配置包括组件属性如对象隐藏和脚本类型，以及行为设置如权重、过滤器和使用标签。敌人行为具有最大力量和速度限制，并引用了特定行为组件来控制其行为和运动。

4. enemy_steer_speed_1.asset
# 路径:D:\\Unity\\Survaval\Assets\_MyAssets\SteerSettings\enemy_steer_speed_1.asset
# 内容概述:### 简化总结

该文件是Unity游戏资源配置，定义了名为“enemy_steer_speed_1”的游戏对象，设定了其最大力量和速度。对象的行为包括转向和速度控制，通过引用不同的组件实现，如设置权重、调试可见性和视野范围。此外，对象的行为被配置为仅响应带有“Player”标签的对象。

5. enemy_steer_speed_10.asset
# 路径:D:\\Unity\\Survaval\Assets\_MyAssets\SteerSettings\enemy_steer_speed_10.asset
# 内容概述:### 简化总结

该文件定义了Unity游戏中的敌人AI脚本“enemy_steer_speed_10”，设定了其最大速度和推力。脚本引用了多个组件，包括用于追踪玩家和绘制视野的模块，以实现敌人的动态行为和视觉反馈。

6. enemy_steer_speed_2.5.asset
# 路径:D:\\Unity\\Survaval\Assets\_MyAssets\SteerSettings\enemy_steer_speed_2.5.asset
# 内容概述:### 简要总结
该文件为Unity游戏中的敌人行为脚本，设定了敌人的最大速度为2.5，并配置了搜索特定标签玩家的行为，有效半径达10000，视野覆盖360度，以实现高效追踪。

7. enemy_steer_speed_2.asset
# 路径:D:\\Unity\\Survaval\Assets\_MyAssets\SteerSettings\enemy_steer_speed_2.asset
# 内容概述:### 简化总结

该文件是Unity游戏脚本配置，定义了名为“enemy_steer_speed_2”的敌人AI脚本。脚本配置了敌人的最大力量和速度，并关联了两个行为：一个用于无限搜索玩家，另一个设定了有限半径和全视野。

8. enemy_steer_speed_3.asset
# 路径:D:\\Unity\\Survaval\Assets\_MyAssets\SteerSettings\enemy_steer_speed_3.asset
# 内容概述:### 简要总结
该文件是Unity游戏脚本配置，定义了一个名为“enemy_steer_speed_3”的敌人角色，设定了其最大速度和推力，并配置了包含行为和标签过滤器，以实现特定游戏逻辑。此外，还定义了敌人的视野范围和视角，以影响其感知和行动。

9. enemy_steer_speed_5.asset
# 路径:D:\\Unity\\Survaval\Assets\_MyAssets\SteerSettings\enemy_steer_speed_5.asset
# 内容概述:### 简化总结

该文件为Unity游戏中的敌人资产“enemy_steer_speed_5”，配置了敌人的最大力量和速度，并定义了包含行为和搜索玩家标签的行为配置，使敌人能够在360度视野内追踪玩家。


2024-11-03 03:02:17,060 - INFO Retriever 0 - 

————————————————————————————————————————————————————————————————
2024-11-03 03:02:17,064 - INFO Retriever 0 - 当前窗口总长度：37
2024-11-03 03:02:17,064 - INFO Retriever 0 - 当前更新窗口长度：28
2024-11-03 03:02:17,064 - INFO Retriever 0 - 当前更新窗口长度：28
2024-11-03 03:02:17,064 - INFO Retriever 0 - ————————————————————————————————————————————————————————————————


2024-11-03 03:02:24,248 - INFO Retriever 0 - Agent主脑给出的回答为：{
    "deep_think": {
        "thoughts": "在检查了SteerSettings目录下的文件结构后，我发现这些文件似乎是敌人AI的配置文件，它们定义了敌人的移动速度和转向行为。虽然这些文件可能不直接包含敌人刷新机制的代码，但它们提供了关于敌人行为的重要信息。我需要进一步检查这些文件的内容，以确定它们是否与敌人刷新机制有关联。"
    }
}
2024-11-03 03:02:24,249 - INFO Retriever 0 - 是否成功解析：True
2024-11-03 03:02:24,249 - INFO Retriever 0 - operation_type (__det_dir_action):
2024-11-03 03:02:24,251 - INFO Retriever 0 - deep_think
2024-11-03 03:02:24,251 - INFO Retriever 0 - 

——————————————————————————————————————————————————————————————————————————————————————————————————————————————————————————
2024-11-03 03:02:24,251 - INFO Retriever 0 - Assistant:
2024-11-03 03:02:24,251 - INFO Retriever 0 - {
    "deep_think": {
        "thoughts": "在检查了SteerSettings目录下的文件结构后，我发现这些文件似乎是敌人AI的配置文件，它们定义了敌人的移动速度和转向行为。虽然这些文件可能不直接包含敌人刷新机制的代码，但它们提供了关于敌人行为的重要信息。我需要进一步检查这些文件的内容，以确定它们是否与敌人刷新机制有关联。"
    }
}
2024-11-03 03:02:24,252 - INFO Retriever 0 - dict_keys(['deep_think'])
2024-11-03 03:02:24,252 - INFO Retriever 0 - Agent主脑给出的行动：deep_think
参数：{'thoughts': '在检查了SteerSettings目录下的文件结构后，我发现这些文件似乎是敌人AI的配置文件，它们定义了敌人的移动速度和转向行为。虽然这些文件可能不直接包含敌人刷新机制的代码，但它们提供了关于敌人行为的重要信息。我需要进一步检查这些文件的内容，以确定它们是否与敌人刷新机制有关联。', 'repeat_counter': 1, 'continue_think_counter': 1}
2024-11-03 03:02:24,252 - INFO Retriever 0 - Observer: 好的，请继续你的下一步行动或思考。
2024-11-03 03:02:24,254 - INFO Retriever 0 - 

————————————————————————————————————————————————————————————————
2024-11-03 03:02:24,254 - INFO Retriever 0 - 当前窗口总长度：39
2024-11-03 03:02:24,254 - INFO Retriever 0 - 当前更新窗口长度：30
2024-11-03 03:02:24,255 - INFO Retriever 0 - 当前更新窗口长度：30
2024-11-03 03:02:24,255 - INFO Retriever 0 - ————————————————————————————————————————————————————————————————


2024-11-03 03:02:31,181 - INFO Retriever 0 - Agent主脑给出的回答为：{
    "read_file": {
        "file_path": "D:\\Unity\\Survaval\\Assets\\_MyAssets\\SteerSettings\\enemy_steer_speed_0.5.asset"
    }
}
2024-11-03 03:02:31,181 - INFO Retriever 0 - 是否成功解析：True
2024-11-03 03:02:31,182 - INFO Retriever 0 - operation_type (__det_dir_action):
2024-11-03 03:02:31,182 - INFO Retriever 0 - read_file
2024-11-03 03:02:31,182 - INFO Retriever 0 - 

——————————————————————————————————————————————————————————————————————————————————————————————————————————————————————————
2024-11-03 03:02:31,182 - INFO Retriever 0 - Assistant:
2024-11-03 03:02:31,183 - INFO Retriever 0 - {
    "read_file": {
        "file_path": "D:\\Unity\\Survaval\\Assets\\_MyAssets\\SteerSettings\\enemy_steer_speed_0.5.asset"
    }
}
2024-11-03 03:02:31,183 - INFO Retriever 0 - dict_keys(['read_file'])
2024-11-03 03:02:31,183 - INFO Retriever 0 - Agent主脑给出的行动：read_file
参数：{'file_path': 'D:\\Unity\\Survaval\\Assets\\_MyAssets\\SteerSettings\\enemy_steer_speed_0.5.asset', 'top_path': 'D:/Unity/Survaval\\Assets', 'return_file_sum': <bound method TreeGenerationAction.return_file_sum of <Action.tree_gen_action.TreeGenerationAction object at 0x0000012F7261CD60>>}
2024-11-03 03:02:31,197 - INFO Retriever 0 - Observer: 这是一个名为“enemy_steer_speed_0.5.asset”的文件，该文件里的内容为：
这是一个包含6个字典元素的列表，该列表中每个字典元素包含如下key：MonoBehaviour，由于列表内容太长因此省略，目前不会影响你的任务。
2024-11-03 03:02:31,202 - INFO Retriever 0 - 

————————————————————————————————————————————————————————————————
2024-11-03 03:02:31,203 - INFO Retriever 0 - 当前窗口总长度：41
2024-11-03 03:02:31,203 - INFO Retriever 0 - 当前更新窗口长度：32
2024-11-03 03:02:31,204 - INFO Retriever 0 - 当前更新窗口长度：32
2024-11-03 03:02:31,204 - INFO Retriever 0 - ————————————————————————————————————————————————————————————————


2024-11-03 03:02:39,703 - INFO Retriever 0 - Agent主脑给出的回答为：{
    "deep_think": {
        "thoughts": "我已经阅读了“enemy_steer_speed_0.5.asset”文件的内容，它似乎是一个包含多个字典元素的列表，每个字典元素代表一个MonoBehaviour组件的配置。这些配置可能包括敌人的移动速度、转向行为、视野范围等。然而，由于列表内容太长，我无法直接从概述中判断是否包含敌人刷新机制的代码。我需要进一步检查其他SteerSettings目录下的文件内容，以确定它们是否与敌人刷新机制有关联。"
    }
}
2024-11-03 03:02:39,703 - INFO Retriever 0 - 是否成功解析：True
2024-11-03 03:02:39,703 - INFO Retriever 0 - operation_type (__det_dir_action):
2024-11-03 03:02:39,703 - INFO Retriever 0 - deep_think
2024-11-03 03:02:39,703 - INFO Retriever 0 - 

——————————————————————————————————————————————————————————————————————————————————————————————————————————————————————————
2024-11-03 03:02:39,703 - INFO Retriever 0 - Assistant:
2024-11-03 03:02:39,703 - INFO Retriever 0 - {
    "deep_think": {
        "thoughts": "我已经阅读了“enemy_steer_speed_0.5.asset”文件的内容，它似乎是一个包含多个字典元素的列表，每个字典元素代表一个MonoBehaviour组件的配置。这些配置可能包括敌人的移动速度、转向行为、视野范围等。然而，由于列表内容太长，我无法直接从概述中判断是否包含敌人刷新机制的代码。我需要进一步检查其他SteerSettings目录下的文件内容，以确定它们是否与敌人刷新机制有关联。"
    }
}
2024-11-03 03:02:39,703 - INFO Retriever 0 - dict_keys(['deep_think'])
2024-11-03 03:02:39,703 - INFO Retriever 0 - Agent主脑给出的行动：deep_think
参数：{'thoughts': '我已经阅读了“enemy_steer_speed_0.5.asset”文件的内容，它似乎是一个包含多个字典元素的列表，每个字典元素代表一个MonoBehaviour组件的配置。这些配置可能包括敌人的移动速度、转向行为、视野范围等。然而，由于列表内容太长，我无法直接从概述中判断是否包含敌人刷新机制的代码。我需要进一步检查其他SteerSettings目录下的文件内容，以确定它们是否与敌人刷新机制有关联。', 'repeat_counter': 1, 'continue_think_counter': 1}
2024-11-03 03:02:39,703 - INFO Retriever 0 - Observer: 好的，请继续你的下一步行动或思考。
2024-11-03 03:02:39,708 - INFO Retriever 0 - 

————————————————————————————————————————————————————————————————
2024-11-03 03:02:39,708 - INFO Retriever 0 - 当前窗口总长度：43
2024-11-03 03:02:39,708 - INFO Retriever 0 - 当前更新窗口长度：34
2024-11-03 03:02:39,708 - INFO Retriever 0 - 当前更新窗口长度：34
2024-11-03 03:02:39,708 - INFO Retriever 0 - ————————————————————————————————————————————————————————————————


