2024-11-03 02:58:48,313 - INFO Retriever 0 - Init Retriever.
2024-11-03 03:00:58,387 - INFO Retriever 0 - keywords:“敌人”，“system”，“what enemy to brush”，“brush what enemy”，“brush”，“the first level”，“the first stage”，“刷新”，“enemy”，“adversary”，“刷”，“refresh mechanism”，“什么”，“mechanism”，“刷新机制”，“renew”，“第一关”，“whatever”，“刷什么敌人”，“what”，“refresh”，“update mechanism”，“机制”
2024-11-03 03:00:58,398 - INFO Retriever 0 - deep_think_conent
:在获取了项目文件的顶层结构后，我还需要结合待查询的问题描述，对于项目中的文件和目录进行一些深度关键词检索。根据任务描述：“请在D:/Unity/Survaval\Assets下各级目录中寻找：如果我要修改第一关的敌人刷新机制，例如刷什么敌人，应该修改的是什么文件”，我总结出如下可能会出现在各个文件名或者文件内容中的关键词：“敌人”，“system”，“what enemy to brush”，“brush what enemy”，“brush”，“the first level”，“the first stage”，“刷新”，“enemy”，“adversary”，“刷”，“refresh mechanism”，“什么”，“mechanism”，“刷新机制”，“renew”，“第一关”，“whatever”，“刷什么敌人”，“what”，“refresh”，“update mechanism”，“机制”。
接下来，我将使用retrieve_keywords操作，在项目顶层路径“D:/Unity/Survaval\Assets”下检索这些关键词，从而大致把握可能与问题描述相关的文件或目录的路径。
2024-11-03 03:00:58,434 - INFO Retriever 0 - ——————————————————————————————————————————————————————————————————————————————————————————————————————————————————————————
2024-11-03 03:00:58,438 - INFO Retriever 0 - Assistant:
2024-11-03 03:00:58,444 - INFO Retriever 0 - {
    "deep_think": {
        "thoughts": "好的，接下来我将通过深度思考、仔细计划以及逐步执行的方式，来完成该任务。\n\n首先，在阅读详细的代码细节之前，应该先整体把握整个项目。\n\n在提供的可选的action中，可以通过get_folder_info操作，通过将项目顶层路径作为target_folder_path参数进行传入，来获取获取项目中主要文件夹和主要文件的描述，从而能够先大致把握项目文件的主要文件的文件树结构、基本内容、主要代码概述以及大致功能板块的分布。"
    }
}
2024-11-03 03:00:58,448 - INFO Retriever 0 - 
Observer:
2024-11-03 03:00:58,451 - INFO Retriever 0 - 好的，请继续你的下一步行动或思考。
2024-11-03 03:00:58,459 - INFO Retriever 0 - 
2024-11-03 03:00:59,372 - INFO Retriever 0 - ——————————————————————————————————————————————————————————————————————————————————————————————————————————————————————————
2024-11-03 03:00:59,372 - INFO Retriever 0 - Assistant:
2024-11-03 03:00:59,402 - INFO Retriever 0 - {
    "get_folder_info": {
        "target_folder_path": "D:/Unity/Survaval\\Assets"
    }
}
2024-11-03 03:00:59,439 - INFO Retriever 0 - 
Observer:
2024-11-03 03:00:59,554 - INFO Retriever 0 - 目标文件夹路径：D:/Unity/Survaval\Assets
文件结构树（该结构树可能不完整，仅返回深度小于等于1层的子文件以及文件夹）：
├── AddressableAssetsData
│   ├── AddressableAssetSettings.asset
│   ├── Android
│   ├── AssetGroupTemplates
│   ├── AssetGroups
│   ├── DataBuilders
│   ├── DefaultObject.asset
│   ├── iOS
├── AmplifyShaderEditor
│   ├── AmplifyShaderEditor.asmdef
│   ├── ChangeLog.txt
│   ├── CreatingTerrainsWithASE.txt
│   ├── Plugins
│   ├── Readme.txt
├── BlobHashMaps
│   ├── BlobBuilderExtensions.cs
│   ├── BlobHashMap.cs
│   ├── BlobHashMapIntInt.cs
│   ├── BlobHashMaps.asmdef
│   ├── BlobMultiHashMap.cs
│   ├── Data
├── BuildReport
│   ├── CustomBuildScriptExample.txt
│   ├── GUI
│   ├── README.txt
│   ├── Scripts
│   ├── VERSION.txt
│   ├── license.txt
├── CapturePath
├── DamageNumbersPro
│   ├── DamageNumbersPro.asmdef
│   ├── Documentation.url
│   ├── Editor
│   ├── Fonts
│   ├── Materials
│   ├── Scripts
├── Editor
│   ├── ChannelSetting.cs
│   ├── OrbiteExtenedEditor.cs
│   ├── Resources
│   ├── ShaderStripSettings
├── Editor Default Resources
│   ├── MasterAudio
├── EnhancedScroller v2
│   ├── ChangeLog.txt
│   ├── Documentation
│   ├── Plugins
│   ├── Tutorials
│   ├── readme.txt
│   ├── upgrading from 1.x to 2.x.txt
├── FlockBox
│   ├── Classic
│   ├── DOTS
│   ├── Flock Box Manual.pdf
├── Gizmos
│   ├── MasterAudio
├── Magic Spells Sound Effects V2.0
│   ├── Casting Loops
│   ├── Element Scholls
│   ├── General Spell
│   ├── Medieval Combat Sounds BONUS
│   ├── Special Attack
├── Pixel Arsenal
│   ├── Demo
│   ├── Materials
│   ...
│   ├── Textures
├── Plugins
│   ├── Android
│   ├── DarkTonic
│   ├── Demigiant
│   ├── Editor
│   ├── RelationsInspector
│   ├── Sirenix
│   ├── iOS
├── RPG Icons Pixel Art
│   ├── Aeromancer
│   ├── Alchemy1
│   ...
│   ├── Сrossbowman
├── Resources
│   ├── DOTweenSettings.asset
│   ├── MasterAudio
├── SPUM
│   ├── MonsterOrc_Prefabs
│   ├── MonsterUndeadPrefabs
│   ...
│   ├── Sprite_SheetExporter(Beta)
├── StreamingAssets
├── TextMesh Pro
│   ├── Documentation
│   ├── Fonts
│   ├── Resources
│   ├── Shaders
│   ├── Sprites
├── UniversalRenderPipelineGlobalSettings.asset
├── VirtualButtonsForUnity
│   ├── VirtualButtonsForUnity
├── YouLoftSDK
│   ├── PottingMobileSDK
│   ├── PottingMobileServices
│   ...
│   ├── YouloftTemp.cs
├── ZTools
│   ├── GlobalStringBuilder.cs
│   ├── Localization
│   ├── ZTools.asmdef
├── _MyAssets
│   ├── Animations
│   ├── ArtAssets
│   ...
│   ├── URPSettings


其中，部分主要文件及文件夹的信息如下：
1. Assets
# 路径:D:\\Unity\\Survaval\Assets
# 内容概述:“UniversalRenderPipelineGlobalSettings.asset”文件是Unity项目中用于配置通用渲染管道（URP）全局设置的资产。它涵盖了光照模式、阴影质量、后处理效果以及性能优化等关键设置，如光照层配置、阴影质量选择和后处理效果启用，旨在平衡视觉效果与性能表现，以适应不同游戏的需求。

2. AddressableAssetsData
# 路径:D:\\Unity\\Survaval\Assets\AddressableAssetsData
# 内容概述:### 文件夹内容简述

“AddressableAssetsData”文件夹汇集了Unity游戏开发所需的资源管理和配置文件。其中，Android和iOS子文件夹分别管理针对各自平台的资源状态。AssetGroups和AssetGroupTemplates子文件夹则专注于资源打包和内容更新配置，而DataBuilders子文件夹提供了资源管理和场景加载的脚本配置。此外，AddressableAssetSettings.asset文件负责资源加载和优化全局设置，而DefaultObject.asset则定义了Unity脚本组件的配置。整体而言，这些文件共同构成了游戏资源高效管理和优化的框架。

3. AmplifyShaderEditor
# 路径:D:\\Unity\\Survaval\Assets\AmplifyShaderEditor
# 内容概述:“AmplifyShaderEditor”文件夹汇集了Unity游戏开发中Amplify Shader Editor插件的核心组件与资源，包括编辑器脚本、界面资源、版本更新日志和使用指南。其中，“Editor”子文件夹承载着插件的核心逻辑和操作界面，而“EditorResources”则提供了图形用户界面和渲染资源。更新日志“ChangeLog.txt”详细记录了插件的功能迭代和问题修复，而“CreatingTerrainsWithASE.txt”则指导用户如何利用ASE创建地形着色器。遗憾的是，“Readme.txt”因编码错误无法读取，但预计包含插件的基本使用说明。

4. BlobHashMaps
# 路径:D:\\Unity\\Survaval\Assets\BlobHashMaps
# 内容概述:“BlobHashMaps”文件夹汇集了针对Unity游戏引擎优化的数据结构脚本，包括BlobHashMap和BlobMultiHashMap的实现。核心文件如BlobBuilderHashMapData.cs和BlobHashMapData.cs定义了HashMap和只读哈希表，BlobBuilderExtensions.cs扩展了BlobHashMap功能，BlobHashMap.cs和BlobHashMapIntInt.cs则提供了更丰富的操作和构建器功能。BlobHashMaps.asmdef文件定义了模块依赖，而BlobMultiHashMap.cs引入了多哈希映射支持，共同构成了一个高效的数据管理工具集。

5. BuildReport
# 路径:D:\\Unity\\Survaval\Assets\BuildReport
# 内容概述:“BuildReport”文件夹汇集了Unity游戏引擎的构建报告工具及相关资源，包括UI设计资源（如BRTSkin、NativeSkin和NativeSkinExtraIcons）、自动化构建脚本（如CustomBuildScriptExample.txt）和编辑器脚本（位于Scripts/Editor）。此外，它还包含定义特定窗口样式的皮肤文件（BuildReportWindow.guiskin和BuildReportWindowDark.guiskin），以及工具的许可证信息（license.txt）和使用说明（README.txt）。VERSION.txt文件记录了工具的版本更新历史，突出了新增功能和错误修复。

6. CapturePath
# 路径:D:\\Unity\\Survaval\Assets\CapturePath
# 内容概述:该文件夹内容为空。

7. DamageNumbersPro
# 路径:D:\\Unity\\Survaval\Assets\DamageNumbersPro
# 内容概述:“DamageNumbersPro”文件夹汇集了Unity游戏开发所需的资源，包括编辑器脚本、多种风格的字体、材质和游戏逻辑脚本。其中，编辑器脚本用于资源配置，字体和材质丰富了游戏视觉元素，而脚本集合则支撑了游戏的核心逻辑和交互。此外，汇编定义文件和文档链接文件提供了模块化开发和项目文档的便捷访问。

8. Editor
# 路径:D:\\Unity\\Survaval\Assets\Editor
# 内容概述:### 文件夹内容总结

“Editor”文件夹汇集了Unity项目开发所需的资源与工具。其中，**Resources**子文件夹提供游戏与动画设计的视觉素材，包括角色、场景元素和预制游戏单元。**ShaderStripSettings**包含提升渲染质量的Unity脚本组件，而**ChannelSetting.cs**脚本则用于管理不同渠道的SDK和项目配置。此外，**OrbiteExtenedEditor.cs**编辑器扩展脚本增强了文本编辑和屏幕截图功能，辅助设计和开发流程。整体上，这些资源与工具相互关联，共同服务于Unity项目的开发与优化。

9. Editor Default Resources
# 路径:D:\\Unity\\Survaval\Assets\Editor Default Resources
# 内容概述:“Editor Default Resources”文件夹汇集了多种音频处理相关的图标，包括播放、暂停、停止等控制图标，以及复制、删除、保存等操作图标，还有LED灯状态指示和扬声器图标等。这些图标共同服务于音频编辑和界面设计，为用户提供了直观的操作和状态指示。

10. EnhancedScroller v2
# 路径:D:\\Unity\\Survaval\Assets\EnhancedScroller v2
# 内容概述:该“EnhancedScroller v2”文件夹汇集了Unity游戏开发中EnhancedScroller插件的全面资源，包括用户手册、插件代码、教程和更新日志。用户手册详细介绍了插件的使用方法，插件代码则由组件、单元格视图和动画系统等组成，旨在提升UI开发效率。教程资源帮助开发者快速上手，而更新日志和升级指南则提供了插件版本间的变化和升级指导。

11. FlockBox
# 路径:D:\\Unity\\Survaval\Assets\FlockBox
# 内容概述:### 文件夹内容精简总结

“Flock Box”文件夹是Unity游戏开发项目，集成了视觉资源、游戏逻辑脚本和DOTS架构相关资源。其中，**Classic**子文件夹提供游戏场景、预制体和艺术资源，**DOTS**子文件夹则专注于DOTS架构的脚本和材料。项目手册“Flock Box Manual.pdf”详细介绍了项目结构、资源使用和开发指南，为开发者提供了全面的项目操作指导。

12. Gizmos
# 路径:D:\\Unity\\Survaval\Assets\Gizmos
# 内容概述:“Gizmos”文件夹汇集了音频处理相关的图标设计，包括“MasterAudio”品牌标识和“PlaylistController”播放列表控制功能的图标，旨在为音频软件界面提供视觉元素。

13. Magic Spells Sound Effects V2.0
# 路径:D:\\Unity\\Survaval\Assets\Magic Spells Sound Effects V2.0
# 内容概述:“Magic Spells Sound Effects V2.0”文件夹汇集了丰富的音效资源，包括循环施法音效、元素相关施法音效、通用魔法效果、中世纪战斗声音以及特定攻击音效。这些音效覆盖了从增益攻击到治疗，从施法到战斗动作，适用于游戏、影视等多媒体项目，且文件命名清晰，便于快速查找和使用。

14. Pixel Arsenal
# 路径:D:\\Unity\\Survaval\Assets\Pixel Arsenal
# 内容概述:“Pixel Arsenal”文件夹汇集了丰富的游戏开发资源，包括视觉素材（如天空盒和纹理）、预制体（如界面元素和特效）、场景素材、Unity脚本（用于游戏逻辑）和音频效果。这些资源相互关联，共同构建了游戏和视觉效果的基础，适用于Unity等游戏引擎。文件夹内的“ReadMe.txt”文件提供了资源使用指南和潜在的技术支持信息。

15. Plugins
# 路径:D:\\Unity\\Survaval\Assets\Plugins
# 内容概述:“Plugins”文件夹汇集了多平台游戏开发资源，包括Android应用开发工具、Unity游戏资源包如音频和网络同步插件，以及编辑器扩展和iOS应用开发组件。其中，Android子文件夹提供项目配置和第三方库；Unity相关资源如DarkTonic和Demigiant则专注于音频和网络同步，以及动画处理；Editor子文件夹增强Unity编辑器功能；iOS子文件夹涵盖性能监控和广告集成等iOS特有功能。这些资源相互关联，共同构建了一个全面的游戏开发环境。

16. Resources
# 路径:D:\\Unity\\Survaval\Assets\Resources
# 内容概述:### 文件夹内容总结

“Resources”文件夹汇集了Unity游戏项目的关键配置资源，包括“MasterAudioSettings.asset”用于音频处理和插件配置，以及“DOTweenSettings.asset”用于动画和缓动库的详细设置，两者共同确保游戏音效和动画的优化与流畅。

17. RPG Icons Pixel Art
# 路径:D:\\Unity\\Survaval\Assets\RPG Icons Pixel Art
# 内容概述:当然可以。以下是融合后的简短内容：

“Support contact.pdf”文件提供客户支持联系信息，包括电话、电子邮件和在线支持服务，并附有服务时间表、常见问题解答以及用户反馈表单，旨在为用户提供便捷的咨询与支持服务。

18. SPUM
# 路径:D:\\Unity\\Survaval\Assets\SPUM
# 内容概述:“SPUM”文件夹汇集了丰富的游戏开发资源，包括怪物与角色预制体、动画素材、图像资源、字体、材质以及Unity脚本等。它涵盖了从角色模型和动画到编辑器扩展和场景设置的全方位内容，旨在支持游戏开发、3D建模和动画制作项目。文件夹内不同子目录紧密关联，共同构成了一个完整的项目资源库。

19. StreamingAssets
# 路径:D:\\Unity\\Survaval\Assets\StreamingAssets
# 内容概述:“StreamingAssets”文件夹主要存储流媒体应用所需的资源，包括视频、音频和图像文件，以及相关的配置和脚本文件。该文件夹内部分为视频、音频、图像、配置和脚本等子文件夹，各自管理不同类型的媒体资源和播放逻辑配置，以确保资源的高效加载和流式传输。

20. TextMesh Pro
# 路径:D:\\Unity\\Survaval\Assets\TextMesh Pro
# 内容概述:该“TextMesh Pro”文件夹汇集了TextMesh Pro软件的用户指南、Liberation Sans字体资源、Unity项目资源包以及表情符号素材。其中，用户指南详细介绍了软件操作，Liberation Sans字体提供多种样式，Unity资源包包括字体、材质和精灵资产，着色器文件则专注于图形渲染，而表情符号资源则便于集成到项目中。这些内容相互关联，共同服务于游戏开发与图形设计的需求。

21. VirtualButtonsForUnity
# 路径:D:\\Unity\\Survaval\Assets\VirtualButtonsForUnity
# 内容概述:### 文件夹内容概览

“VirtualButtonsForUnity”文件夹是Unity游戏开发资源，集成了虚拟按钮、方向垫和摇杆预制体及脚本，旨在增强游戏交互体验。内含示例项目、预制体、脚本、图像资源和详细文档，方便开发者快速集成和使用。

22. YouLoftSDK
# 路径:D:\\Unity\\Survaval\Assets\YouLoftSDK
# 内容概述:### 文件夹内容总结

“YouLoftSDK”文件夹是Unity游戏开发者的综合工具包，集成了广告管理、支付、用户管理、数据同步等功能模块。其中，**PottingMobileSDK** 提供了Android和iOS平台的插件和脚本，**PottingMobileServices** 则包含了跨平台服务接口和功能脚本。广告管理、支付、礼包兑换等具体功能由 **YouLoftAd.cs**、**YouLoftPay.cs** 和 **YouLoftRedeemcode.cs** 等文件实现，而 **YouLoftSDKManager.cs** 负责管理这些模块，确保它们协同工作。此外，**YouLoftLogin.cs** 处理用户登录，**YouLoftEvent.cs** 和 **YouloftTemp.cs** 分别提供事件跟踪和配置同步功能，共同支撑游戏的整体运行。

23. ZTools
# 路径:D:\\Unity\\Survaval\Assets\ZTools
# 内容概述:### 文件夹内容总结
“ZTools”文件夹汇集了Unity游戏开发中本地化和字符串操作的工具。其中，包含用于本地化文本管理的脚本，如`StaticLocalizedText.cs`和`StaticLocalizedText_UGUI.cs`，以及`Strings.cs`用于管理本地化字符串。此外，`GlobalStringBuilder.cs`提供了全局字符串构建功能，优化了字符串操作性能。而“ZTools.asmdef”文件则定义了项目中的“ZTools”程序集，管理着相关脚本文件的引用和编译。这些工具共同构成了一个高效且模块化的开发环境。

24. _MyAssets
# 路径:D:\\Unity\\Survaval\Assets\_MyAssets
# 内容概述:“_MyAssets”文件夹是游戏开发的核心资源库，汇集了动画、艺术资产、音频、数据配置、编辑器资源、字体、图标、脚本、着色器等关键文件，以及预制体和场景设计。它为游戏提供了丰富的视觉和音频效果，并通过详细的配置文件和脚本实现了复杂的游戏逻辑和交互。文件夹内资源相互关联，共同支撑起游戏的整体架构和功能实现。

25. UniversalRenderPipelineGlobalSettings.asset
# 路径:D:\\Unity\\Survaval\Assets\UniversalRenderPipelineGlobalSettings.asset
# 内容概述:### 简化总结

该文件是Unity的通用渲染管道全局设置配置，定义了8个光照层（如Light Layer default至Light Layer 7）。它还包含了性能优化设置，如移除调试变体和未使用变体，以及不支持运行时调试显示。


2024-11-03 03:00:59,559 - INFO Retriever 0 - 
2024-11-03 03:00:59,582 - INFO Retriever 0 - ——————————————————————————————————————————————————————————————————————————————————————————————————————————————————————————
2024-11-03 03:00:59,600 - INFO Retriever 0 - Assistant:
2024-11-03 03:00:59,605 - INFO Retriever 0 - {
    "deep_think": {
        "thoughts": "在获取了项目文件的顶层结构后，我还需要结合待查询的问题描述，对于项目中的文件和目录进行一些深度关键词检索。根据任务描述：“请在D:/Unity/Survaval\\Assets下各级目录中寻找：如果我要修改第一关的敌人刷新机制，例如刷什么敌人，应该修改的是什么文件”，我总结出如下可能会出现在各个文件名或者文件内容中的关键词：“敌人”，“system”，“what enemy to brush”，“brush what enemy”，“brush”，“the first level”，“the first stage”，“刷新”，“enemy”，“adversary”，“刷”，“refresh mechanism”，“什么”，“mechanism”，“刷新机制”，“renew”，“第一关”，“whatever”，“刷什么敌人”，“what”，“refresh”，“update mechanism”，“机制”。\n接下来，我将使用retrieve_keywords操作，在项目顶层路径“D:/Unity/Survaval\\Assets”下检索这些关键词，从而大致把握可能与问题描述相关的文件或目录的路径。"
    }
}
2024-11-03 03:00:59,605 - INFO Retriever 0 - 
Observer:
2024-11-03 03:00:59,609 - INFO Retriever 0 - 好的，请继续你的下一步行动或思考。
2024-11-03 03:00:59,632 - INFO Retriever 0 - 
2024-11-03 03:01:01,309 - INFO Retriever 0 - ——————————————————————————————————————————————————————————————————————————————————————————————————————————————————————————
2024-11-03 03:01:01,312 - INFO Retriever 0 - Assistant:
2024-11-03 03:01:01,338 - INFO Retriever 0 - {
    "retrieve_keywords": {
        "keyword_list": [
            "敌人",
            "system",
            "what enemy to brush",
            "brush what enemy",
            "brush",
            "the first level",
            "the first stage",
            "刷新",
            "enemy",
            "adversary",
            "刷",
            "refresh mechanism",
            "什么",
            "mechanism",
            "刷新机制",
            "renew",
            "第一关",
            "whatever",
            "刷什么敌人",
            "what",
            "refresh",
            "update mechanism",
            "机制"
        ]
    }
}
2024-11-03 03:01:01,349 - INFO Retriever 0 - 
Observer:
2024-11-03 03:01:01,352 - INFO Retriever 0 - 根据你提供的关键词，我检索到以下目录或文件，它们的绝对路径如下：


1. D:\\Unity\\Survaval\Library\PackageCache\com.unity.collab-proxy@1.17.1\Editor\PlasticSCM\Assets\Images\refresh.png
这是一个名为“refresh.png”的文件。

2. D:\\Unity\\Survaval\Library\PackageCache\com.unity.collab-proxy@1.17.1\Editor\PlasticSCM\Assets\Images\refresh@2x.png
这是一个名为“refresh@2x.png”的文件。

3. D:\\Unity\\Survaval\Library\PackageCache\com.unity.collab-proxy@1.17.1\Editor\PlasticSCM\Assets\Images\d_refresh@2x.png
这是一个名为“d_refresh@2x.png”的文件。

4. D:\\Unity\\Survaval\Library\PackageCache\com.unity.render-pipelines.core@12.1.7\Documentation~\rthandle-system.md
这是一个名为“rthandle-system.md”的文件。

5. D:\\Unity\\Survaval\Library\PackageCache\com.unity.render-pipelines.core@12.1.7\Documentation~\render-graph-system.md
这是一个名为“render-graph-system.md”的文件。

6. D:\\Unity\\Survaval\Assets\_MyAssets\Data\Achivements\分裂冰锥在第一关获胜.asset
该文件记录了Unity游戏中的一个成就配置，名为“分裂冰锥在第一关获胜”，要求玩家在天梯第一关使用分裂冰锥存活7秒即可解锁，成功后可获得500点奖励。

7. D:\\Unity\\Survaval\Assets\_MyAssets\Data\Achivements\毁灭射线在第一关获胜.asset
该文件定义了一个Unity游戏成就，名为“毁灭射线在第一关获胜”，要求玩家在第一关使用毁灭射线技能存活7秒即可解锁，成功后可获得500经验值奖励。

8. D:\\Unity\\Survaval\Assets\_MyAssets\Data\Achivements\操纵雷电在第一关获胜.asset
该文件定义了一个Unity游戏成就，名为“操纵雷电在第一关获胜”，描述了玩家需在第一关使用操纵雷电技能获胜以解锁。成就类型未明，但玩家完成后将获得500点经验值奖励。


请注意，这些目录或文件可能不全都和你的任务目标相关，仅供参考。请你基于具体的文件内容概述，结合你的任务目标，认真思考分析后，优先选择最有可能与任务相关的目录或文件进行进一步的检查。
2024-11-03 03:01:01,354 - INFO Retriever 0 - 
2024-11-03 03:01:10,094 - INFO Retriever 0 - Agent主脑给出的回答为：{
    "deep_think": {
        "thoughts": "根据检索到的文件和目录，我们可以看到一些与“敌人”、“第一关”和“刷新机制”相关的文件。其中，D:\\Unity\\Survaval\_MyAssets\\Data\\Achivements目录下的文件似乎与成就相关，而不是敌人刷新机制。然而，由于这些文件是关于成就的配置，它们可能间接地与敌人刷新机制相关，因为成就通常与游戏关卡和敌人行为有关。为了进一步确认，我将检查这些文件的内容，看看它们是否包含有关敌人刷新机制的任何信息。"
    }
}
2024-11-03 03:01:10,094 - INFO Retriever 0 - 是否成功解析：True
2024-11-03 03:01:10,094 - INFO Retriever 0 - operation_type (__det_dir_action):
2024-11-03 03:01:10,094 - INFO Retriever 0 - deep_think
2024-11-03 03:01:10,094 - INFO Retriever 0 - 

——————————————————————————————————————————————————————————————————————————————————————————————————————————————————————————
2024-11-03 03:01:10,098 - INFO Retriever 0 - Assistant:
2024-11-03 03:01:10,098 - INFO Retriever 0 - {
    "deep_think": {
        "thoughts": "根据检索到的文件和目录，我们可以看到一些与“敌人”、“第一关”和“刷新机制”相关的文件。其中，D:\\Unity\\Survaval_MyAssets\\Data\\Achivements目录下的文件似乎与成就相关，而不是敌人刷新机制。然而，由于这些文件是关于成就的配置，它们可能间接地与敌人刷新机制相关，因为成就通常与游戏关卡和敌人行为有关。为了进一步确认，我将检查这些文件的内容，看看它们是否包含有关敌人刷新机制的任何信息。"
    }
}
2024-11-03 03:01:10,098 - INFO Retriever 0 - dict_keys(['deep_think'])
2024-11-03 03:01:10,098 - INFO Retriever 0 - Agent主脑给出的行动：deep_think
参数：{'thoughts': '根据检索到的文件和目录，我们可以看到一些与“敌人”、“第一关”和“刷新机制”相关的文件。其中，D:\\Unity\\Survaval_MyAssets\\Data\\Achivements目录下的文件似乎与成就相关，而不是敌人刷新机制。然而，由于这些文件是关于成就的配置，它们可能间接地与敌人刷新机制相关，因为成就通常与游戏关卡和敌人行为有关。为了进一步确认，我将检查这些文件的内容，看看它们是否包含有关敌人刷新机制的任何信息。', 'repeat_counter': 1, 'continue_think_counter': 1}
2024-11-03 03:01:10,099 - INFO Retriever 0 - Observer: 好的，请继续你的下一步行动或思考。
2024-11-03 03:01:10,100 - INFO Retriever 0 - 

————————————————————————————————————————————————————————————————
2024-11-03 03:01:10,101 - INFO Retriever 0 - 当前窗口总长度：11
2024-11-03 03:01:10,101 - INFO Retriever 0 - 当前更新窗口长度：2
2024-11-03 03:01:10,101 - INFO Retriever 0 - 当前更新窗口长度：2
2024-11-03 03:01:10,101 - INFO Retriever 0 - ————————————————————————————————————————————————————————————————


2024-11-03 03:01:15,932 - INFO Retriever 0 - Agent主脑给出的回答为：{
    "read_file": {
        "file_path": "D:/Unity/Survaval\\Assets\\_MyAssets\\Data\\Achivements\\分裂冰锥在第一关获胜.asset"
    }
}
2024-11-03 03:01:15,993 - INFO Retriever 0 - 是否成功解析：True
2024-11-03 03:01:15,994 - INFO Retriever 0 - operation_type (__det_dir_action):
2024-11-03 03:01:16,016 - INFO Retriever 0 - read_file
2024-11-03 03:01:16,016 - INFO Retriever 0 - 

——————————————————————————————————————————————————————————————————————————————————————————————————————————————————————————
2024-11-03 03:01:16,021 - INFO Retriever 0 - Assistant:
2024-11-03 03:01:16,021 - INFO Retriever 0 - {
    "read_file": {
        "file_path": "D:/Unity/Survaval\\Assets\\_MyAssets\\Data\\Achivements\\分裂冰锥在第一关获胜.asset"
    }
}
2024-11-03 03:01:16,023 - INFO Retriever 0 - dict_keys(['read_file'])
2024-11-03 03:01:16,024 - INFO Retriever 0 - Agent主脑给出的行动：read_file
参数：{'file_path': 'D:/Unity/Survaval\\Assets\\_MyAssets\\Data\\Achivements\\分裂冰锥在第一关获胜.asset', 'top_path': 'D:/Unity/Survaval\\Assets', 'return_file_sum': <bound method TreeGenerationAction.return_file_sum of <Action.tree_gen_action.TreeGenerationAction object at 0x0000012F7261C970>>}
2024-11-03 03:01:16,029 - INFO Retriever 0 - Observer: 这是一个名为“分裂冰锥在第一关获胜.asset”的文件，该文件里的内容为：
MonoBehaviour:
  m_ObjectHideFlags: 0
  m_CorrespondingSourceObject:
    fileID: 0
  m_PrefabInstance:
    fileID: 0
  m_PrefabAsset:
    fileID: 0
  m_GameObject:
    fileID: 0
  m_Enabled: 1
  m_EditorHideFlags: 0
  m_Script:
    fileID: 11500000
    guid: 2309f803b9ce00d408ce807b1277eb9d
    type: 3
  m_Name: 分裂冰锥在第一关获胜
  m_EditorClassIdentifier: None
  internalID: 622730306
  icon:
    fileID: 21300000
    guid: 84518df18786a104ea8ab97fc425ca59
    type: 3
  description: 使用分裂冰锥天赋在荒野关卡存活到7分钟
  achivementType: 5
  item:
    fileID: 0
  talent:
    fileID: 11400000
    guid: 946479372656f4843b94e9d05aa812c3
    type: 2
  map:
    fileID: 11400000
    guid: 5223da32096cc224781fafdbc195cbe9
    type: 2
  value: 7
  rewardType: 1
  rewardValue: 500
  rewardItem:
    fileID: 0
  rewardProperty:
    fileID: 0
  rewardRole:
    fileID: 0
  rewardTalent:
    fileID: 11400000
    guid: fee13a6369578f84a92655f346a63a16
    type: 2
  rewardMap:
    fileID: 0
  equpData:
    fileID: 0
  itemDataData:
    fileID: 0
  skillPos: 0
2024-11-03 03:01:16,032 - INFO Retriever 0 - 

————————————————————————————————————————————————————————————————
2024-11-03 03:01:16,032 - INFO Retriever 0 - 当前窗口总长度：13
2024-11-03 03:01:16,032 - INFO Retriever 0 - 当前更新窗口长度：4
2024-11-03 03:01:16,034 - INFO Retriever 0 - 当前更新窗口长度：4
2024-11-03 03:01:16,034 - INFO Retriever 0 - ————————————————————————————————————————————————————————————————


2024-11-03 03:01:20,994 - INFO Retriever 0 - Agent主脑给出的回答为：{
    "deep_think": {
        "thoughts": "从读取的“分裂冰锥在第一关获胜.asset”文件内容来看，它似乎是一个成就配置文件，描述了玩家在第一关使用分裂冰锥天赋存活7分钟可以获得500点奖励。这个文件并没有直接提到敌人刷新机制，但既然是第一关的成就，那么敌人刷新机制很可能是成就触发条件的一部分。因此，我需要进一步检查其他与第一关相关的成就配置文件，看看是否有更多关于敌人刷新机制的信息。"
    }
}
2024-11-03 03:01:20,994 - INFO Retriever 0 - 是否成功解析：True
2024-11-03 03:01:21,018 - INFO Retriever 0 - operation_type (__det_dir_action):
2024-11-03 03:01:21,019 - INFO Retriever 0 - deep_think
2024-11-03 03:01:21,019 - INFO Retriever 0 - 

——————————————————————————————————————————————————————————————————————————————————————————————————————————————————————————
2024-11-03 03:01:21,019 - INFO Retriever 0 - Assistant:
2024-11-03 03:01:21,019 - INFO Retriever 0 - {
    "deep_think": {
        "thoughts": "从读取的“分裂冰锥在第一关获胜.asset”文件内容来看，它似乎是一个成就配置文件，描述了玩家在第一关使用分裂冰锥天赋存活7分钟可以获得500点奖励。这个文件并没有直接提到敌人刷新机制，但既然是第一关的成就，那么敌人刷新机制很可能是成就触发条件的一部分。因此，我需要进一步检查其他与第一关相关的成就配置文件，看看是否有更多关于敌人刷新机制的信息。"
    }
}
2024-11-03 03:01:21,019 - INFO Retriever 0 - dict_keys(['deep_think'])
2024-11-03 03:01:21,023 - INFO Retriever 0 - Agent主脑给出的行动：deep_think
参数：{'thoughts': '从读取的“分裂冰锥在第一关获胜.asset”文件内容来看，它似乎是一个成就配置文件，描述了玩家在第一关使用分裂冰锥天赋存活7分钟可以获得500点奖励。这个文件并没有直接提到敌人刷新机制，但既然是第一关的成就，那么敌人刷新机制很可能是成就触发条件的一部分。因此，我需要进一步检查其他与第一关相关的成就配置文件，看看是否有更多关于敌人刷新机制的信息。', 'repeat_counter': 1, 'continue_think_counter': 1}
2024-11-03 03:01:21,023 - INFO Retriever 0 - Observer: 好的，请继续你的下一步行动或思考。
2024-11-03 03:01:21,025 - INFO Retriever 0 - 

————————————————————————————————————————————————————————————————
2024-11-03 03:01:21,025 - INFO Retriever 0 - 当前窗口总长度：15
2024-11-03 03:01:21,025 - INFO Retriever 0 - 当前更新窗口长度：6
2024-11-03 03:01:21,025 - INFO Retriever 0 - 当前更新窗口长度：6
2024-11-03 03:01:21,025 - INFO Retriever 0 - ————————————————————————————————————————————————————————————————


2024-11-03 03:01:25,984 - INFO Retriever 0 - Agent主脑给出的回答为：{
    "read_file": {
        "file_path": "D:/Unity/Survaval\\Assets\\_MyAssets\\Data\\Achivements\\毁灭射线在第一关获胜.asset"
    }
}
2024-11-03 03:01:25,984 - INFO Retriever 0 - 是否成功解析：True
2024-11-03 03:01:25,985 - INFO Retriever 0 - operation_type (__det_dir_action):
2024-11-03 03:01:25,985 - INFO Retriever 0 - read_file
2024-11-03 03:01:25,985 - INFO Retriever 0 - 

——————————————————————————————————————————————————————————————————————————————————————————————————————————————————————————
2024-11-03 03:01:25,985 - INFO Retriever 0 - Assistant:
2024-11-03 03:01:25,986 - INFO Retriever 0 - {
    "read_file": {
        "file_path": "D:/Unity/Survaval\\Assets\\_MyAssets\\Data\\Achivements\\毁灭射线在第一关获胜.asset"
    }
}
2024-11-03 03:01:25,986 - INFO Retriever 0 - dict_keys(['read_file'])
2024-11-03 03:01:25,986 - INFO Retriever 0 - Agent主脑给出的行动：read_file
参数：{'file_path': 'D:/Unity/Survaval\\Assets\\_MyAssets\\Data\\Achivements\\毁灭射线在第一关获胜.asset', 'top_path': 'D:/Unity/Survaval\\Assets', 'return_file_sum': <bound method TreeGenerationAction.return_file_sum of <Action.tree_gen_action.TreeGenerationAction object at 0x0000012F7261C970>>}
2024-11-03 03:01:25,991 - INFO Retriever 0 - Observer: 这是一个名为“毁灭射线在第一关获胜.asset”的文件，该文件里的内容为：
MonoBehaviour:
  m_ObjectHideFlags: 0
  m_CorrespondingSourceObject:
    fileID: 0
  m_PrefabInstance:
    fileID: 0
  m_PrefabAsset:
    fileID: 0
  m_GameObject:
    fileID: 0
  m_Enabled: 1
  m_EditorHideFlags: 0
  m_Script:
    fileID: 11500000
    guid: 2309f803b9ce00d408ce807b1277eb9d
    type: 3
  m_Name: 毁灭射线在第一关获胜
  m_EditorClassIdentifier: None
  internalID: 2097700395
  icon:
    fileID: 21300000
    guid: 84518df18786a104ea8ab97fc425ca59
    type: 3
  description: 使用毁灭射线天赋在荒野关卡存活到7分钟
  achivementType: 5
  item:
    fileID: 0
  talent:
    fileID: 11400000
    guid: 0d978d094ed008141b4eaf89389fcbab
    type: 2
  map:
    fileID: 11400000
    guid: 5223da32096cc224781fafdbc195cbe9
    type: 2
  value: 7
  rewardType: 1
  rewardValue: 500
  rewardItem:
    fileID: 0
  rewardProperty:
    fileID: 0
  rewardRole:
    fileID: 0
  rewardTalent:
    fileID: 11400000
    guid: fee13a6369578f84a92655f346a63a16
    type: 2
  rewardMap:
    fileID: 0
  equpData:
    fileID: 0
  itemDataData:
    fileID: 0
  skillPos: 0
2024-11-03 03:01:25,993 - INFO Retriever 0 - 

————————————————————————————————————————————————————————————————
2024-11-03 03:01:25,994 - INFO Retriever 0 - 当前窗口总长度：17
2024-11-03 03:01:25,994 - INFO Retriever 0 - 当前更新窗口长度：8
2024-11-03 03:01:25,994 - INFO Retriever 0 - 当前更新窗口长度：8
2024-11-03 03:01:25,994 - INFO Retriever 0 - ————————————————————————————————————————————————————————————————


2024-11-03 03:01:37,337 - INFO Retriever 0 - Agent主脑给出的回答为：{
    "deep_think": {
        "thoughts": "从读取的“毁灭射线在第一关获胜.asset”文件内容来看，它也是一个成就配置文件，描述了玩家在第一关使用毁灭射线天赋存活7分钟可以获得500经验值奖励。这个文件同样没有直接提到敌人刷新机制，但既然是第一关的成就，那么敌人刷新机制很可能是成就触发条件的一部分。由于我已经检查了两个成就配置文件，都没有找到直接关于敌人刷新机制的信息，我需要考虑其他可能的文件类型或位置。可能敌人刷新机制被定义在关卡配置文件中，或者是在游戏逻辑脚本中。因此，我需要进一步搜索与关卡配置或游戏逻辑相关的文件。"
    }
}
2024-11-03 03:01:37,337 - INFO Retriever 0 - 是否成功解析：True
2024-11-03 03:01:37,337 - INFO Retriever 0 - operation_type (__det_dir_action):
2024-11-03 03:01:37,337 - INFO Retriever 0 - deep_think
2024-11-03 03:01:37,337 - INFO Retriever 0 - 

——————————————————————————————————————————————————————————————————————————————————————————————————————————————————————————
2024-11-03 03:01:37,337 - INFO Retriever 0 - Assistant:
2024-11-03 03:01:37,337 - INFO Retriever 0 - {
    "deep_think": {
        "thoughts": "从读取的“毁灭射线在第一关获胜.asset”文件内容来看，它也是一个成就配置文件，描述了玩家在第一关使用毁灭射线天赋存活7分钟可以获得500经验值奖励。这个文件同样没有直接提到敌人刷新机制，但既然是第一关的成就，那么敌人刷新机制很可能是成就触发条件的一部分。由于我已经检查了两个成就配置文件，都没有找到直接关于敌人刷新机制的信息，我需要考虑其他可能的文件类型或位置。可能敌人刷新机制被定义在关卡配置文件中，或者是在游戏逻辑脚本中。因此，我需要进一步搜索与关卡配置或游戏逻辑相关的文件。"
    }
}
2024-11-03 03:01:37,337 - INFO Retriever 0 - dict_keys(['deep_think'])
2024-11-03 03:01:37,337 - INFO Retriever 0 - Agent主脑给出的行动：deep_think
参数：{'thoughts': '从读取的“毁灭射线在第一关获胜.asset”文件内容来看，它也是一个成就配置文件，描述了玩家在第一关使用毁灭射线天赋存活7分钟可以获得500经验值奖励。这个文件同样没有直接提到敌人刷新机制，但既然是第一关的成就，那么敌人刷新机制很可能是成就触发条件的一部分。由于我已经检查了两个成就配置文件，都没有找到直接关于敌人刷新机制的信息，我需要考虑其他可能的文件类型或位置。可能敌人刷新机制被定义在关卡配置文件中，或者是在游戏逻辑脚本中。因此，我需要进一步搜索与关卡配置或游戏逻辑相关的文件。', 'repeat_counter': 1, 'continue_think_counter': 1}
2024-11-03 03:01:37,337 - INFO Retriever 0 - Observer: 好的，请继续你的下一步行动或思考。
2024-11-03 03:01:37,341 - INFO Retriever 0 - 

————————————————————————————————————————————————————————————————
2024-11-03 03:01:37,341 - INFO Retriever 0 - 当前窗口总长度：19
2024-11-03 03:01:37,341 - INFO Retriever 0 - 当前更新窗口长度：10
2024-11-03 03:01:37,341 - INFO Retriever 0 - 当前更新窗口长度：10
2024-11-03 03:01:37,344 - INFO Retriever 0 - ————————————————————————————————————————————————————————————————


2024-11-03 03:01:42,646 - INFO Retriever 0 - Agent主脑给出的回答为：{
    "get_folder_info": {
        "target_folder_path": "D:/Unity/Survaval\\Assets\\_MyAssets\\Levels"
    }
}
2024-11-03 03:01:42,648 - INFO Retriever 0 - 是否成功解析：True
2024-11-03 03:01:42,648 - INFO Retriever 0 - operation_type (__det_dir_action):
2024-11-03 03:01:42,649 - INFO Retriever 0 - get_folder_info
2024-11-03 03:01:42,649 - INFO Retriever 0 - 

——————————————————————————————————————————————————————————————————————————————————————————————————————————————————————————
2024-11-03 03:01:42,649 - INFO Retriever 0 - Assistant:
2024-11-03 03:01:42,649 - INFO Retriever 0 - {
    "get_folder_info": {
        "target_folder_path": "D:/Unity/Survaval\\Assets\\_MyAssets\\Levels"
    }
}
2024-11-03 03:01:42,651 - INFO Retriever 0 - dict_keys(['get_folder_info'])
2024-11-03 03:01:42,651 - INFO Retriever 0 - Agent主脑给出的行动：get_folder_info
参数：{'target_folder_path': 'D:/Unity/Survaval\\Assets\\_MyAssets\\Levels'}
2024-11-03 03:01:43,172 - INFO Retriever 0 - Observer: 目标路径D:/Unity/Survaval\Assets\_MyAssets\Levels不存在。

2024-11-03 03:01:43,177 - INFO Retriever 0 - 

————————————————————————————————————————————————————————————————
2024-11-03 03:01:43,177 - INFO Retriever 0 - 当前窗口总长度：21
2024-11-03 03:01:43,177 - INFO Retriever 0 - 当前更新窗口长度：12
2024-11-03 03:01:43,178 - INFO Retriever 0 - 当前更新窗口长度：12
2024-11-03 03:01:43,178 - INFO Retriever 0 - ————————————————————————————————————————————————————————————————


2024-11-03 03:01:48,833 - INFO Retriever 0 - Agent主脑给出的回答为：{
    "deep_think": {
        "thoughts": "由于在预期的路径下没有找到Levels文件夹，我需要重新考虑可能的文件位置。敌人刷新机制可能被定义在关卡配置文件中，或者是在游戏逻辑脚本中。我需要进一步搜索与关卡配置或游戏逻辑相关的文件。考虑到敌人刷新机制可能涉及到游戏逻辑，我决定检查Scripts文件夹，因为游戏逻辑通常会被编写在脚本文件中。"
    }
}
2024-11-03 03:01:48,834 - INFO Retriever 0 - 是否成功解析：True
2024-11-03 03:01:48,834 - INFO Retriever 0 - operation_type (__det_dir_action):
2024-11-03 03:01:48,834 - INFO Retriever 0 - deep_think
2024-11-03 03:01:48,834 - INFO Retriever 0 - 

——————————————————————————————————————————————————————————————————————————————————————————————————————————————————————————
2024-11-03 03:01:48,834 - INFO Retriever 0 - Assistant:
2024-11-03 03:01:48,834 - INFO Retriever 0 - {
    "deep_think": {
        "thoughts": "由于在预期的路径下没有找到Levels文件夹，我需要重新考虑可能的文件位置。敌人刷新机制可能被定义在关卡配置文件中，或者是在游戏逻辑脚本中。我需要进一步搜索与关卡配置或游戏逻辑相关的文件。考虑到敌人刷新机制可能涉及到游戏逻辑，我决定检查Scripts文件夹，因为游戏逻辑通常会被编写在脚本文件中。"
    }
}
2024-11-03 03:01:48,834 - INFO Retriever 0 - dict_keys(['deep_think'])
2024-11-03 03:01:48,834 - INFO Retriever 0 - Agent主脑给出的行动：deep_think
参数：{'thoughts': '由于在预期的路径下没有找到Levels文件夹，我需要重新考虑可能的文件位置。敌人刷新机制可能被定义在关卡配置文件中，或者是在游戏逻辑脚本中。我需要进一步搜索与关卡配置或游戏逻辑相关的文件。考虑到敌人刷新机制可能涉及到游戏逻辑，我决定检查Scripts文件夹，因为游戏逻辑通常会被编写在脚本文件中。', 'repeat_counter': 1, 'continue_think_counter': 1}
2024-11-03 03:01:48,834 - INFO Retriever 0 - Observer: 好的，请继续你的下一步行动或思考。
2024-11-03 03:01:48,834 - INFO Retriever 0 - 

————————————————————————————————————————————————————————————————
2024-11-03 03:01:48,834 - INFO Retriever 0 - 当前窗口总长度：23
2024-11-03 03:01:48,834 - INFO Retriever 0 - 当前更新窗口长度：14
2024-11-03 03:01:48,834 - INFO Retriever 0 - 当前更新窗口长度：14
2024-11-03 03:01:48,838 - INFO Retriever 0 - ————————————————————————————————————————————————————————————————


2024-11-03 03:01:52,778 - INFO Retriever 0 - Agent主脑给出的回答为：{
    "get_folder_info": {
        "target_folder_path": "D:/Unity/Survaval\\Assets\\Scripts"
    }
}
2024-11-03 03:01:52,779 - INFO Retriever 0 - 是否成功解析：True
2024-11-03 03:01:52,779 - INFO Retriever 0 - operation_type (__det_dir_action):
2024-11-03 03:01:52,779 - INFO Retriever 0 - get_folder_info
2024-11-03 03:01:52,779 - INFO Retriever 0 - 

——————————————————————————————————————————————————————————————————————————————————————————————————————————————————————————
2024-11-03 03:01:52,779 - INFO Retriever 0 - Assistant:
2024-11-03 03:01:52,779 - INFO Retriever 0 - {
    "get_folder_info": {
        "target_folder_path": "D:/Unity/Survaval\\Assets\\Scripts"
    }
}
2024-11-03 03:01:52,779 - INFO Retriever 0 - dict_keys(['get_folder_info'])
2024-11-03 03:01:52,779 - INFO Retriever 0 - Agent主脑给出的行动：get_folder_info
参数：{'target_folder_path': 'D:/Unity/Survaval\\Assets\\Scripts'}
2024-11-03 03:01:53,254 - INFO Retriever 0 - Observer: 目标路径D:/Unity/Survaval\Assets\Scripts不存在。

2024-11-03 03:01:53,257 - INFO Retriever 0 - 

————————————————————————————————————————————————————————————————
2024-11-03 03:01:53,257 - INFO Retriever 0 - 当前窗口总长度：25
2024-11-03 03:01:53,257 - INFO Retriever 0 - 当前更新窗口长度：16
2024-11-03 03:01:53,257 - INFO Retriever 0 - 当前更新窗口长度：16
2024-11-03 03:01:53,257 - INFO Retriever 0 - ————————————————————————————————————————————————————————————————


2024-11-03 03:02:07,653 - INFO Retriever 0 - Agent主脑给出的回答为：{
    "deep_think": {
        "thoughts": "由于在预期的路径下没有找到Scripts文件夹，我需要重新考虑可能的文件位置。敌人刷新机制可能被定义在关卡配置文件中，或者是在游戏逻辑脚本中。我需要进一步搜索与关卡配置或游戏逻辑相关的文件。考虑到敌人刷新机制可能涉及到游戏逻辑，我决定检查Resources文件夹，因为Resources文件夹通常用于存放游戏资源，包括脚本和配置文件。"
    }
}
2024-11-03 03:02:07,658 - INFO Retriever 0 - 是否成功解析：True
2024-11-03 03:02:07,658 - INFO Retriever 0 - operation_type (__det_dir_action):
2024-11-03 03:02:07,658 - INFO Retriever 0 - deep_think
2024-11-03 03:02:07,658 - INFO Retriever 0 - 

——————————————————————————————————————————————————————————————————————————————————————————————————————————————————————————
2024-11-03 03:02:07,658 - INFO Retriever 0 - Assistant:
2024-11-03 03:02:07,658 - INFO Retriever 0 - {
    "deep_think": {
        "thoughts": "由于在预期的路径下没有找到Scripts文件夹，我需要重新考虑可能的文件位置。敌人刷新机制可能被定义在关卡配置文件中，或者是在游戏逻辑脚本中。我需要进一步搜索与关卡配置或游戏逻辑相关的文件。考虑到敌人刷新机制可能涉及到游戏逻辑，我决定检查Resources文件夹，因为Resources文件夹通常用于存放游戏资源，包括脚本和配置文件。"
    }
}
2024-11-03 03:02:07,658 - INFO Retriever 0 - dict_keys(['deep_think'])
2024-11-03 03:02:07,658 - INFO Retriever 0 - Agent主脑给出的行动：deep_think
参数：{'thoughts': '由于在预期的路径下没有找到Scripts文件夹，我需要重新考虑可能的文件位置。敌人刷新机制可能被定义在关卡配置文件中，或者是在游戏逻辑脚本中。我需要进一步搜索与关卡配置或游戏逻辑相关的文件。考虑到敌人刷新机制可能涉及到游戏逻辑，我决定检查Resources文件夹，因为Resources文件夹通常用于存放游戏资源，包括脚本和配置文件。', 'repeat_counter': 1, 'continue_think_counter': 1}
2024-11-03 03:02:07,658 - INFO Retriever 0 - Observer: 好的，请继续你的下一步行动或思考。
2024-11-03 03:02:07,658 - INFO Retriever 0 - 

————————————————————————————————————————————————————————————————
2024-11-03 03:02:07,658 - INFO Retriever 0 - 当前窗口总长度：27
2024-11-03 03:02:07,658 - INFO Retriever 0 - 当前更新窗口长度：18
2024-11-03 03:02:07,658 - INFO Retriever 0 - 当前更新窗口长度：18
2024-11-03 03:02:07,658 - INFO Retriever 0 - ————————————————————————————————————————————————————————————————


2024-11-03 03:02:10,788 - INFO Retriever 0 - Agent主脑给出的回答为：{
    "get_folder_info": {
        "target_folder_path": "D:/Unity/Survaval\\Assets\\Resources"
    }
}
2024-11-03 03:02:10,788 - INFO Retriever 0 - 是否成功解析：True
2024-11-03 03:02:10,789 - INFO Retriever 0 - operation_type (__det_dir_action):
2024-11-03 03:02:10,789 - INFO Retriever 0 - get_folder_info
2024-11-03 03:02:10,789 - INFO Retriever 0 - 

——————————————————————————————————————————————————————————————————————————————————————————————————————————————————————————
2024-11-03 03:02:10,789 - INFO Retriever 0 - Assistant:
2024-11-03 03:02:10,789 - INFO Retriever 0 - {
    "get_folder_info": {
        "target_folder_path": "D:/Unity/Survaval\\Assets\\Resources"
    }
}
2024-11-03 03:02:10,789 - INFO Retriever 0 - dict_keys(['get_folder_info'])
2024-11-03 03:02:10,790 - INFO Retriever 0 - Agent主脑给出的行动：get_folder_info
参数：{'target_folder_path': 'D:/Unity/Survaval\\Assets\\Resources'}
2024-11-03 03:02:10,805 - INFO Retriever 0 - Observer: 目标文件夹路径：D:/Unity/Survaval\Assets\Resources
文件结构树（该结构树可能不完整，仅返回深度小于等于1层的子文件以及文件夹）：
├── DOTweenSettings.asset
├── MasterAudio
│   ├── MasterAudioSettings.asset


其中，部分主要文件及文件夹的信息如下：
1. Resources
# 路径:D:\\Unity\\Survaval\Assets\Resources
# 内容概述:### 文件夹内容总结

“Resources”文件夹汇集了Unity游戏项目的关键配置资源，包括“MasterAudioSettings.asset”用于音频处理和插件配置，以及“DOTweenSettings.asset”用于动画和缓动库的详细设置，两者共同确保游戏音效和动画的优化与流畅。

2. MasterAudio
# 路径:D:\\Unity\\Survaval\Assets\Resources\MasterAudio
# 内容概述:## 文件夹内容精简总结

“MasterAudio”文件夹包含一个Unity音频配置文件“MasterAudioSettings.asset”，该文件以YAML格式存储音频设置，涵盖脚本信息、音频处理选项（如分贝缩放、音高调整）和插件路径等，旨在优化音频播放和游戏体验。

3. DOTweenSettings.asset
# 路径:D:\\Unity\\Survaval\Assets\Resources\DOTweenSettings.asset
# 内容概述:### 简要总结
该文件记录了Unity中DOTween动画插件的配置，包括安全模式、时间缩放、缓动类型以及模块启用情况（如音频、物理、UI等）。这些设置确保了动画的平滑执行和性能优化。


2024-11-03 03:02:10,805 - INFO Retriever 0 - 

————————————————————————————————————————————————————————————————
2024-11-03 03:02:10,807 - INFO Retriever 0 - 当前窗口总长度：29
2024-11-03 03:02:10,807 - INFO Retriever 0 - 当前更新窗口长度：20
2024-11-03 03:02:10,807 - INFO Retriever 0 - 当前更新窗口长度：20
2024-11-03 03:02:10,807 - INFO Retriever 0 - ————————————————————————————————————————————————————————————————


2024-11-03 03:02:18,714 - INFO Retriever 0 - Agent主脑给出的回答为：{
    "deep_think": {
        "thoughts": "在检查了Resources文件夹后，我找到了MasterAudioSettings.asset和DOTweenSettings.asset两个文件。这两个文件分别用于音频处理和动画缓动库的配置，与敌人刷新机制没有直接关系。由于在Resources文件夹中没有找到与敌人刷新机制相关的文件，我需要继续在其他可能的文件夹中搜索。考虑到敌人刷新机制可能涉及到游戏逻辑，我决定检查Plugins文件夹，因为Plugins文件夹通常用于存放第三方插件和脚本，这些插件和脚本可能包含游戏逻辑的实现。"
    }
}
2024-11-03 03:02:18,715 - INFO Retriever 0 - 是否成功解析：True
2024-11-03 03:02:18,715 - INFO Retriever 0 - operation_type (__det_dir_action):
2024-11-03 03:02:18,715 - INFO Retriever 0 - deep_think
2024-11-03 03:02:18,715 - INFO Retriever 0 - 

——————————————————————————————————————————————————————————————————————————————————————————————————————————————————————————
2024-11-03 03:02:18,715 - INFO Retriever 0 - Assistant:
2024-11-03 03:02:18,718 - INFO Retriever 0 - {
    "deep_think": {
        "thoughts": "在检查了Resources文件夹后，我找到了MasterAudioSettings.asset和DOTweenSettings.asset两个文件。这两个文件分别用于音频处理和动画缓动库的配置，与敌人刷新机制没有直接关系。由于在Resources文件夹中没有找到与敌人刷新机制相关的文件，我需要继续在其他可能的文件夹中搜索。考虑到敌人刷新机制可能涉及到游戏逻辑，我决定检查Plugins文件夹，因为Plugins文件夹通常用于存放第三方插件和脚本，这些插件和脚本可能包含游戏逻辑的实现。"
    }
}
2024-11-03 03:02:18,718 - INFO Retriever 0 - dict_keys(['deep_think'])
2024-11-03 03:02:18,718 - INFO Retriever 0 - Agent主脑给出的行动：deep_think
参数：{'thoughts': '在检查了Resources文件夹后，我找到了MasterAudioSettings.asset和DOTweenSettings.asset两个文件。这两个文件分别用于音频处理和动画缓动库的配置，与敌人刷新机制没有直接关系。由于在Resources文件夹中没有找到与敌人刷新机制相关的文件，我需要继续在其他可能的文件夹中搜索。考虑到敌人刷新机制可能涉及到游戏逻辑，我决定检查Plugins文件夹，因为Plugins文件夹通常用于存放第三方插件和脚本，这些插件和脚本可能包含游戏逻辑的实现。', 'repeat_counter': 1, 'continue_think_counter': 1}
2024-11-03 03:02:18,719 - INFO Retriever 0 - Observer: 好的，请继续你的下一步行动或思考。
2024-11-03 03:02:18,721 - INFO Retriever 0 - 

————————————————————————————————————————————————————————————————
2024-11-03 03:02:18,721 - INFO Retriever 0 - 当前窗口总长度：31
2024-11-03 03:02:18,721 - INFO Retriever 0 - 当前更新窗口长度：22
2024-11-03 03:02:18,721 - INFO Retriever 0 - 当前更新窗口长度：22
2024-11-03 03:02:18,721 - INFO Retriever 0 - ————————————————————————————————————————————————————————————————


2024-11-03 03:02:22,030 - INFO Retriever 0 - Agent主脑给出的回答为：{
    "get_folder_info": {
        "target_folder_path": "D:/Unity/Survaval\\Assets\\Plugins"
    }
}
2024-11-03 03:02:22,031 - INFO Retriever 0 - 是否成功解析：True
2024-11-03 03:02:22,032 - INFO Retriever 0 - operation_type (__det_dir_action):
2024-11-03 03:02:22,032 - INFO Retriever 0 - get_folder_info
2024-11-03 03:02:22,033 - INFO Retriever 0 - 

——————————————————————————————————————————————————————————————————————————————————————————————————————————————————————————
2024-11-03 03:02:22,033 - INFO Retriever 0 - Assistant:
2024-11-03 03:02:22,033 - INFO Retriever 0 - {
    "get_folder_info": {
        "target_folder_path": "D:/Unity/Survaval\\Assets\\Plugins"
    }
}
2024-11-03 03:02:22,033 - INFO Retriever 0 - dict_keys(['get_folder_info'])
2024-11-03 03:02:22,034 - INFO Retriever 0 - Agent主脑给出的行动：get_folder_info
参数：{'target_folder_path': 'D:/Unity/Survaval\\Assets\\Plugins'}
2024-11-03 03:02:22,115 - INFO Retriever 0 - Observer: 目标文件夹路径：D:/Unity/Survaval\Assets\Plugins
文件结构树（该结构树可能不完整，仅返回深度小于等于1层的子文件以及文件夹）：
├── Android
│   ├── Android.iml
│   ├── AndroidManifest.xml
│   ...
│   ├── youloft-notification-release.aar
├── DarkTonic
│   ├── MasterAudio
│   ├── MasterAudioMultiplayer
├── Demigiant
│   ├── DOTween
├── Editor
│   ├── DarkTonic
│   ├── RelationsInspector
├── RelationsInspector
│   ├── AutoBackendAttributes.cs
│   ├── RIEditor.asmdef
├── Sirenix
│   ├── Assemblies
│   ├── Demos
│   ├── Odin Inspector
│   ├── Readme.txt
├── iOS
│   ├── AdAdmobSDK.framework
│   ├── AdmobPottingMobileAppController.m
│   ├── AdmobSdkUnityAdapter.mm


其中，部分主要文件及文件夹的信息如下：
1. Plugins
# 路径:D:\\Unity\\Survaval\Assets\Plugins
# 内容概述:“Plugins”文件夹汇集了多平台游戏开发资源，包括Android应用开发工具、Unity游戏资源包如音频和网络同步插件，以及编辑器扩展和iOS应用开发组件。其中，Android子文件夹提供项目配置和第三方库；Unity相关资源如DarkTonic和Demigiant则专注于音频和网络同步，以及动画处理；Editor子文件夹增强Unity编辑器功能；iOS子文件夹涵盖性能监控和广告集成等iOS特有功能。这些资源相互关联，共同构建了一个全面的游戏开发环境。

2. Android
# 路径:D:\\Unity\\Survaval\Assets\Plugins\Android
# 内容概述:该“Android”文件夹汇集了Android应用开发所需的关键文件，包括项目配置（如AndroidManifest.xml、build.gradle）、构建脚本模板（如baseProjectTemplate.gradle、mainTemplate.gradle）以及第三方库的AAR文件（如youloft-ad-release.aar等），旨在构建和管理Android应用程序。

3. DarkTonic
# 路径:D:\\Unity\\Survaval\Assets\Plugins\DarkTonic
# 内容概述:“DarkTonic文件夹汇集了Unity游戏开发的音频和网络同步资源，包括MasterAudio子文件夹的音频管理工具和预制体，以及MasterAudioMultiplayer子文件夹的多玩家音频和网络插件。MasterAudio提供音频资源模板、预制体和脚本，而MasterAudioMultiplayer则集成了多种网络解决方案插件，如MAM_Mirror和MAM_Photon，以及专用的音频管理脚本，共同确保音频在多玩家环境中的同步与优化。”

4. Demigiant
# 路径:D:\\Unity\\Survaval\Assets\Plugins\Demigiant
# 内容概述:“Demigiant”文件夹汇集了Unity游戏开发插件DOTween的相关资源，包括编辑器工具、脚本模块和插件核心文件。其中，`Editor`子文件夹提供视觉资源和配置，`Modules`子文件夹包含动画脚本，而`DOTween.dll`则是插件的核心。此外，`readme.txt`为用户提供了安装指南。这些文件协同工作，为开发者提供了一套完整的动画解决方案。

5. Editor
# 路径:D:\\Unity\\Survaval\Assets\Plugins\Editor
# 内容概述:“Editor”文件夹汇集了Unity游戏开发中音频管理和编辑器扩展的脚本资源。其中，`DarkTonic`子文件夹专注于音频资源的持久化与事件配置，而`RelationsInspector`子文件夹则通过`RIScripts.asmdef`文件定义了编辑器脚本的组织结构，确保了脚本间的正确引用和加载，共同提升了音频配置和编辑的效率。

6. iOS
# 路径:D:\\Unity\\Survaval\Assets\Plugins\iOS
# 内容概述:该“iOS”文件夹汇集了iOS应用开发所需的多种资源，包括性能监控、广告集成、本地化支持等。其中，AdAdmobSDK框架和Admob相关控制器文件（如AdmobPottingMobileAppController.m和AdmobSdkUnityAdapter.mm）负责集成AdMob广告功能。同时，文件夹内还包含APMInsight性能监控、AppLovin和BUAdSDK广告展示、Facebook SDK本地化等模块，以及必要的接口定义和配置文件，共同支撑应用的全面开发。

7. RelationsInspector
# 路径:D:\\Unity\\Survaval\Assets\Plugins\RelationsInspector
# 内容概述:“RelationsInspector”文件夹汇集了用于关系检查器（RI）的C#脚本和项目配置，其中“AutoBackendAttributes.cs”定义了三个属性类，用于标记类和属性以实现后端自动化与关系关联，而“RIEditor.asmdef”则可能包含编辑器配置，两者协同支持关系检查器的自动化和编辑功能。

8. Sirenix
# 路径:D:\\Unity\\Survaval\Assets\Plugins\Sirenix
# 内容概述:“Sirenix”文件夹汇集了Unity游戏开发的丰富资源，包括Sirenix软件库与工具（如序列化库和Odin Inspector编辑器组件），以及一系列Unity编辑器扩展的示例（如自定义属性处理器和RPG编辑器）。这些资源通过模块化配置和编辑器脚本，旨在提升开发效率和项目质量，为Unity开发者提供全面的工具和配置支持。


2024-11-03 03:02:22,118 - INFO Retriever 0 - 

————————————————————————————————————————————————————————————————
2024-11-03 03:02:22,118 - INFO Retriever 0 - 当前窗口总长度：33
2024-11-03 03:02:22,118 - INFO Retriever 0 - 当前更新窗口长度：24
2024-11-03 03:02:22,119 - INFO Retriever 0 - 当前更新窗口长度：24
2024-11-03 03:02:22,119 - INFO Retriever 0 - ————————————————————————————————————————————————————————————————


2024-11-03 03:02:31,040 - INFO Retriever 0 - Agent主脑给出的回答为：{
    "deep_think": {
        "thoughts": "在检查了Plugins文件夹后，我找到了一些与音频处理、网络同步、动画处理和编辑器扩展相关的文件和文件夹。这些文件和文件夹似乎与敌人刷新机制没有直接关系。由于在Plugins文件夹中没有找到与敌人刷新机制相关的文件，我需要继续在其他可能的文件夹中搜索。考虑到敌人刷新机制可能涉及到游戏逻辑，我决定检查AddressableAssetsData文件夹，因为AddressableAssetsData文件夹通常用于存放可寻址资源，这些资源可能包括与游戏逻辑相关的脚本和配置文件。"
    }
}
2024-11-03 03:02:31,040 - INFO Retriever 0 - 是否成功解析：True
2024-11-03 03:02:31,041 - INFO Retriever 0 - operation_type (__det_dir_action):
2024-11-03 03:02:31,041 - INFO Retriever 0 - deep_think
2024-11-03 03:02:31,041 - INFO Retriever 0 - 

——————————————————————————————————————————————————————————————————————————————————————————————————————————————————————————
2024-11-03 03:02:31,041 - INFO Retriever 0 - Assistant:
2024-11-03 03:02:31,041 - INFO Retriever 0 - {
    "deep_think": {
        "thoughts": "在检查了Plugins文件夹后，我找到了一些与音频处理、网络同步、动画处理和编辑器扩展相关的文件和文件夹。这些文件和文件夹似乎与敌人刷新机制没有直接关系。由于在Plugins文件夹中没有找到与敌人刷新机制相关的文件，我需要继续在其他可能的文件夹中搜索。考虑到敌人刷新机制可能涉及到游戏逻辑，我决定检查AddressableAssetsData文件夹，因为AddressableAssetsData文件夹通常用于存放可寻址资源，这些资源可能包括与游戏逻辑相关的脚本和配置文件。"
    }
}
2024-11-03 03:02:31,042 - INFO Retriever 0 - dict_keys(['deep_think'])
2024-11-03 03:02:31,042 - INFO Retriever 0 - Agent主脑给出的行动：deep_think
参数：{'thoughts': '在检查了Plugins文件夹后，我找到了一些与音频处理、网络同步、动画处理和编辑器扩展相关的文件和文件夹。这些文件和文件夹似乎与敌人刷新机制没有直接关系。由于在Plugins文件夹中没有找到与敌人刷新机制相关的文件，我需要继续在其他可能的文件夹中搜索。考虑到敌人刷新机制可能涉及到游戏逻辑，我决定检查AddressableAssetsData文件夹，因为AddressableAssetsData文件夹通常用于存放可寻址资源，这些资源可能包括与游戏逻辑相关的脚本和配置文件。', 'repeat_counter': 1, 'continue_think_counter': 1}
2024-11-03 03:02:31,042 - INFO Retriever 0 - Observer: 好的，请继续你的下一步行动或思考。
2024-11-03 03:02:31,043 - INFO Retriever 0 - 

————————————————————————————————————————————————————————————————
2024-11-03 03:02:31,044 - INFO Retriever 0 - 当前窗口总长度：35
2024-11-03 03:02:31,044 - INFO Retriever 0 - 当前更新窗口长度：26
2024-11-03 03:02:31,044 - INFO Retriever 0 - 当前更新窗口长度：26
2024-11-03 03:02:31,044 - INFO Retriever 0 - ————————————————————————————————————————————————————————————————


2024-11-03 03:02:34,637 - INFO Retriever 0 - Agent主脑给出的回答为：{
    "get_folder_info": {
        "target_folder_path": "D:/Unity/Survaval\\Assets\\AddressableAssetsData"
    }
}
2024-11-03 03:02:34,637 - INFO Retriever 0 - 是否成功解析：True
2024-11-03 03:02:34,637 - INFO Retriever 0 - operation_type (__det_dir_action):
2024-11-03 03:02:34,639 - INFO Retriever 0 - get_folder_info
2024-11-03 03:02:34,639 - INFO Retriever 0 - 

——————————————————————————————————————————————————————————————————————————————————————————————————————————————————————————
2024-11-03 03:02:34,639 - INFO Retriever 0 - Assistant:
2024-11-03 03:02:34,639 - INFO Retriever 0 - {
    "get_folder_info": {
        "target_folder_path": "D:/Unity/Survaval\\Assets\\AddressableAssetsData"
    }
}
2024-11-03 03:02:34,639 - INFO Retriever 0 - dict_keys(['get_folder_info'])
2024-11-03 03:02:34,639 - INFO Retriever 0 - Agent主脑给出的行动：get_folder_info
参数：{'target_folder_path': 'D:/Unity/Survaval\\Assets\\AddressableAssetsData'}
2024-11-03 03:02:34,660 - INFO Retriever 0 - Observer: 目标文件夹路径：D:/Unity/Survaval\Assets\AddressableAssetsData
文件结构树（该结构树可能不完整，仅返回深度小于等于1层的子文件以及文件夹）：
├── AddressableAssetSettings.asset
├── Android
│   ├── addressables_content_state.bin
├── AssetGroupTemplates
│   ├── Packed Assets.asset
├── AssetGroups
│   ├── Audios.asset
│   ├── Built In Data.asset
│   ├── Default Local Group.asset
│   ├── Musics.asset
│   ├── Schemas
│   ├── Shaders.asset
│   ├── Terrains.asset
├── DataBuilders
│   ├── BuildScriptFastMode.asset
│   ├── BuildScriptPackedMode.asset
│   ├── BuildScriptPackedPlayMode.asset
│   ├── BuildScriptVirtualMode.asset
├── DefaultObject.asset
├── iOS
│   ├── addressables_content_state.bin


其中，部分主要文件及文件夹的信息如下：
1. AddressableAssetsData
# 路径:D:\\Unity\\Survaval\Assets\AddressableAssetsData
# 内容概述:### 文件夹内容简述

“AddressableAssetsData”文件夹汇集了Unity游戏开发所需的资源管理和配置文件。其中，Android和iOS子文件夹分别管理针对各自平台的资源状态。AssetGroups和AssetGroupTemplates子文件夹则专注于资源打包和内容更新配置，而DataBuilders子文件夹提供了资源管理和场景加载的脚本配置。此外，AddressableAssetSettings.asset文件负责资源加载和优化全局设置，而DefaultObject.asset则定义了Unity脚本组件的配置。整体而言，这些文件共同构成了游戏资源高效管理和优化的框架。

2. Android
# 路径:D:\\Unity\\Survaval\Assets\AddressableAssetsData\Android
# 内容概述:该“Android”文件夹包含一个名为“addressables_content_state.bin”的二进制文件，可能涉及Android应用资源状态管理。

3. AssetGroups
# 路径:D:\\Unity\\Survaval\Assets\AddressableAssetsData\AssetGroups
# 内容概述:### 简化版文件夹内容分析总结

“AssetGroups”文件夹汇集了Unity游戏资源的详细配置文件，包括音频、音乐、着色器、地形等资源的打包、加载和更新设置。文件夹内各配置文件如Audios_BundledAssetGroupSchema和Musics_ContentUpdateGroupSchema等，共同构成了资源管理的完整框架，确保游戏性能和用户体验的优化。

4. AssetGroupTemplates
# 路径:D:\\Unity\\Survaval\Assets\AddressableAssetsData\AssetGroupTemplates
# 内容概述:### 文件夹内容精简总结

“AssetGroupTemplates”文件夹汇集了Unity游戏开发中资源打包与更新的关键配置文件。其中，`Packed Assets.asset`负责资源打包成Asset Bundles，`BundledAssetGroupSchema`详细配置打包资源的相关参数，如压缩和缓存设置，而`ContentUpdateGroupSchema`则用于管理内容更新组的属性。这些文件协同作用，优化资源管理和更新流程。

5. DataBuilders
# 路径:D:\\Unity\\Survaval\Assets\AddressableAssetsData\DataBuilders
# 内容概述:### 文件夹内容精简总结

“DataBuilders”文件夹汇集了多个Unity引擎的脚本配置文件，专注于资源管理和场景加载。包含快速模式、打包模式和虚拟模式下的脚本组件配置，均涉及资源实例化和场景管理，通过配置不同的实例提供者和场景提供者实现优化，以集成到Unity项目中。

6. iOS
# 路径:D:\\Unity\\Survaval\Assets\AddressableAssetsData\iOS
# 内容概述:该“iOS”文件夹主要存储iOS应用相关资源，其中包含一个名为“addressables_content_state.bin”的二进制文件，可能用于管理应用内资源状态。

7. AddressableAssetSettings.asset
# 路径:D:\\Unity\\Survaval\Assets\AddressableAssetsData\AddressableAssetSettings.asset
# 内容概述:### 简要总结

该文件是Unity引擎的可寻址资产配置，定义了资源优化、构建路径、远程/本地目录设置和环境变量等关键参数。它包括优化目录大小、非递归构建、构建资源路径、远程目录路径、环境变量配置等设置，旨在提升资源管理和加载效率。

8. DefaultObject.asset
# 路径:D:\\Unity\\Survaval\Assets\AddressableAssetsData\DefaultObject.asset
# 内容概述:### 简化总结

该文件是Unity引擎中名为“DefaultObject”的脚本组件的配置，以YAML格式存储。它详细列出了组件的属性，如是否启用、关联的游戏对象、脚本信息等，以及编辑器中的可见性和隐藏状态。


2024-11-03 03:02:34,663 - INFO Retriever 0 - 

————————————————————————————————————————————————————————————————
2024-11-03 03:02:34,664 - INFO Retriever 0 - 当前窗口总长度：37
2024-11-03 03:02:34,664 - INFO Retriever 0 - 当前更新窗口长度：28
2024-11-03 03:02:34,664 - INFO Retriever 0 - 当前更新窗口长度：28
2024-11-03 03:02:34,664 - INFO Retriever 0 - ————————————————————————————————————————————————————————————————


