2024-11-28 21:40:44,481 - INFO Retriever 0 - Init Retriever.
2024-11-28 21:40:51,735 - INFO Retriever 0 - keywords:“['mark', '得分', 'player', '玩家', 'score']”，“['mark', '得分', 'player', '玩家', 'score']”，“['mark', '得分', 'player', '玩家', 'score']”
2024-11-28 21:40:51,735 - INFO Retriever 0 - deep_think_conent
:在获取了项目文件的顶层结构后，我还需要结合待查询的问题描述，对于项目中的文件和目录进行一些深度关键词检索。根据任务描述：“请在D:/my_file/MyFile/YunSi/Project/Games/Cocos/CocosCyberpunk_all/CocosCyberpunk\Assets下各级目录中寻找：游戏中统计玩家最终得分的逻辑是如何实现的？”，我总结出如下可能会出现在各个文件名或者文件内容中的关键词：“['mark', '得分', 'player', '玩家', 'score']”，“['mark', '得分', 'player', '玩家', 'score']”，“['mark', '得分', 'player', '玩家', 'score']”。
接下来，我将使用retrieve_keywords操作，在项目顶层路径“D:/my_file/MyFile/YunSi/Project/Games/Cocos/CocosCyberpunk_all/CocosCyberpunk\Assets”下检索这些关键词，从而大致把握可能与问题描述相关的文件或目录的路径。
2024-11-28 21:40:51,739 - INFO Retriever 0 - ——————————————————————————————————————————————————————————————————————————————————————————————————————————————————————————
2024-11-28 21:40:51,739 - INFO Retriever 0 - Assistant:
2024-11-28 21:40:51,740 - INFO Retriever 0 - {
    "deep_think": {
        "thoughts": "好的，接下来我将通过深度思考、仔细计划以及逐步执行的方式，来完成该任务。\n\n首先，在阅读详细的代码细节之前，应该先整体把握整个项目。\n\n在提供的可选的action中，可以通过get_folder_info操作，通过将项目顶层路径作为target_folder_path参数进行传入，来获取获取项目中主要文件夹和主要文件的描述，从而能够先大致把握项目文件的主要文件的文件树结构、基本内容、主要代码概述以及大致功能板块的分布。"
    }
}
2024-11-28 21:40:51,740 - INFO Retriever 0 - 
Observer:
2024-11-28 21:40:51,741 - INFO Retriever 0 - 好的，请继续你的下一步行动或思考。
2024-11-28 21:40:51,741 - INFO Retriever 0 - 
2024-11-28 21:40:51,936 - INFO Retriever 0 - ——————————————————————————————————————————————————————————————————————————————————————————————————————————————————————————
2024-11-28 21:40:51,936 - INFO Retriever 0 - Assistant:
2024-11-28 21:40:51,936 - INFO Retriever 0 - {
    "get_folder_info": {
        "target_folder_path": "D:/my_file/MyFile/YunSi/Project/Games/Cocos/CocosCyberpunk_all/CocosCyberpunk\\Assets"
    }
}
2024-11-28 21:40:51,936 - INFO Retriever 0 - 
Observer:
2024-11-28 21:40:51,937 - INFO Retriever 0 - 目标路径D:/my_file/MyFile/YunSi/Project/Games/Cocos/CocosCyberpunk_all/CocosCyberpunk\Assets不存在。

2024-11-28 21:40:51,937 - INFO Retriever 0 - 
2024-11-28 21:40:51,938 - INFO Retriever 0 - ——————————————————————————————————————————————————————————————————————————————————————————————————————————————————————————
2024-11-28 21:40:51,938 - INFO Retriever 0 - Assistant:
2024-11-28 21:40:51,939 - INFO Retriever 0 - {
    "deep_think": {
        "thoughts": "在获取了项目文件的顶层结构后，我还需要结合待查询的问题描述，对于项目中的文件和目录进行一些深度关键词检索。根据任务描述：“请在D:/my_file/MyFile/YunSi/Project/Games/Cocos/CocosCyberpunk_all/CocosCyberpunk\\Assets下各级目录中寻找：游戏中统计玩家最终得分的逻辑是如何实现的？”，我总结出如下可能会出现在各个文件名或者文件内容中的关键词：“['mark', '得分', 'player', '玩家', 'score']”，“['mark', '得分', 'player', '玩家', 'score']”，“['mark', '得分', 'player', '玩家', 'score']”。\n接下来，我将使用retrieve_keywords操作，在项目顶层路径“D:/my_file/MyFile/YunSi/Project/Games/Cocos/CocosCyberpunk_all/CocosCyberpunk\\Assets”下检索这些关键词，从而大致把握可能与问题描述相关的文件或目录的路径。"
    }
}
2024-11-28 21:40:51,939 - INFO Retriever 0 - 
Observer:
2024-11-28 21:40:51,941 - INFO Retriever 0 - 好的，请继续你的下一步行动或思考。
2024-11-28 21:40:51,942 - INFO Retriever 0 - 
2024-11-28 21:40:52,119 - INFO Retriever 0 - ——————————————————————————————————————————————————————————————————————————————————————————————————————————————————————————
2024-11-28 21:40:52,120 - INFO Retriever 0 - Assistant:
2024-11-28 21:40:52,120 - INFO Retriever 0 - {
    "retrieve_keywords": {
        "keyword_list": [
            [
                "mark",
                "得分",
                "player",
                "玩家",
                "score"
            ],
            [
                "mark",
                "得分",
                "player",
                "玩家",
                "score"
            ],
            [
                "mark",
                "得分",
                "player",
                "玩家",
                "score"
            ]
        ]
    }
}
2024-11-28 21:40:52,121 - INFO Retriever 0 - 
Observer:
2024-11-28 21:40:52,126 - INFO Retriever 0 - 文件一：
* 文件绝对路径：D:/my_file/MyFile/YunSi/Project/Games/Cocos/CocosCyberpunk_all/CocosCyberpunk/assets/scripts/logic/level/level.ts
* 文件内容概述：该脚本定义了一个名为`Level`的单例类，负责管理游戏关卡的生命周期，包括初始化、开始、暂停、恢复、重新开始和更新关卡状态的方法。类中包含了关卡数据、玩家、敌人、资源等关键属性，并能处理关卡开始、敌人添加、物品掉落等事件，在游戏结束时计算得分。
* 是否与问题相关：是
* 具体分析：该文件中定义的`Level`类直接涉及到游戏得分的计算，是管理游戏关卡的核心类，因此与问题“游戏中统计玩家最终得分的逻辑是如何实现的？”高度相关。

文件二：
* 文件绝对路径：D:/my_file/MyFile/YunSi/Project/Games/Cocos/CocosCyberpunk_all/CocosCyberpunk/assets/scripts/logic/data/save.ts
* 文件内容概述：该脚本定义了一个名为`Save`的单例类，用于管理游戏数据的保存与加载，包括创建、备份、加载和删除玩家档案的功能。`Save`类还支持数据统计，包括时间、次数和距离等，并在游戏结束时进行最终得分统计。
* 是否与问题相关：是
* 具体分析：虽然该文件的主要功能是数据的保存与加载，但它也包含了游戏结束时的得分统计，这与问题中关于统计玩家最终得分的逻辑实现有关联。

其他文件如"data-level.json"和"cb388741-806a-4bf9-8664-10e055a96b2c.json"提供了关于游戏场景和配置的信息，但它们并不直接涉及到玩家得分的计算逻辑，因此与问题关联性较小。而"player.prefab"文件是一个玩家预制体，与问题无关。
2024-11-28 21:40:52,244 - INFO Retriever 0 - 
2024-11-28 21:40:58,010 - INFO Retriever 0 - Agent主脑给出的回答为：{
    "read_file": {
        "file_path": "D:/my_file/MyFile/YunSi/Project/Games/Cocos/CocosCyberpunk_all/CocosCyberpunk/assets/scripts/logic/level/level.ts"
    }
}
2024-11-28 21:40:58,011 - INFO Retriever 0 - 是否成功解析：True
2024-11-28 21:40:58,011 - INFO Retriever 0 - operation_type (__det_dir_action):
2024-11-28 21:40:58,011 - INFO Retriever 0 - read_file
2024-11-28 21:40:58,011 - INFO Retriever 0 - 

——————————————————————————————————————————————————————————————————————————————————————————————————————————————————————————
2024-11-28 21:40:58,012 - INFO Retriever 0 - Assistant:
2024-11-28 21:40:58,012 - INFO Retriever 0 - {
    "read_file": {
        "file_path": "D:/my_file/MyFile/YunSi/Project/Games/Cocos/CocosCyberpunk_all/CocosCyberpunk/assets/scripts/logic/level/level.ts"
    }
}
2024-11-28 21:40:58,012 - INFO Retriever 0 - dict_keys(['read_file'])
2024-11-28 21:40:58,012 - INFO Retriever 0 - Agent主脑给出的行动：read_file
参数：{'file_path': 'D:/my_file/MyFile/YunSi/Project/Games/Cocos/CocosCyberpunk_all/CocosCyberpunk/assets/scripts/logic/level/level.ts', 'top_path': 'D:/my_file/MyFile/YunSi/Project/Games/Cocos/CocosCyberpunk_all/CocosCyberpunk\\Assets', 'return_file_sum': <bound method TreeGenerationAction.return_file_sum of <Action.tree_gen_action.TreeGenerationAction object at 0x00000215EAC2FCA0>>}
2024-11-28 21:40:58,066 - INFO Retriever 0 - Observer: 这是一个名为“D:/my_file/MyFile/YunSi/Project/Games/Cocos/CocosCyberpunk_all/CocosCyberpunk/assets/scripts/logic/level/level.ts”的文件，该文件里的内容为：
由于脚本文件内容过长，暂时仅给出该脚本文件的内容总结:
- ### 总体概述
- **框架和模块化结构**：该脚本是一个Cocos Creator游戏引擎中的Level类实现，使用了模块化设计，通过导入多个模块和类来管理游戏关卡的数据和逻辑。
- **主要功能和目标**：该脚本的主要功能是初始化和管理游戏关卡，包括加载关卡数据、初始化玩家和敌人、处理关卡事件、更新关卡状态以及计算和保存关卡得分。

### 模块和功能
- **数据管理**：通过`Save`类和`DataLevelInst`类管理关卡数据。
- **资源管理**：使用`Res`和`ResCache`类来加载和管理游戏资源，如预制体。
- **消息系统**：通过`Msg`类处理游戏中的消息事件。
- **导航系统**：使用`NavSystem`类来处理游戏中的导航逻辑。
- **行为管理**：通过`Action`类来管理关卡中的行为。

### 类和函数
- **类**：
  - `Level`：主要类，继承自`Singleton`，用于单例模式管理关卡。
- **函数**：
  - `init`：初始化关卡对象，加载关卡数据，设置行为对象，注册消息监听。
  - `do`：执行指定名称的函数。
  - `onLevelStart`：处理关卡开始逻辑。
  - `pause`：暂停关卡。
  - `resume`：恢复关卡。
  - `onReplay`：重新开始游戏。
  - `levelAction`：执行指定的行为。
  - `addPlayer`：添加玩家角色。
  - `addEnemy`：添加敌人。
  - `removeEnemy`：移除敌人。
  - `addDrop`：添加掉落物品。
  - `update`：更新关卡状态。
  - `upgradePlayerAttributes`：升级玩家属性。
  - `getUpgradeCardInfo`：获取升级卡信息。
  - `gameOver`：处理游戏结束逻辑。
  - `calculateScore`：计算关卡得分。
  - `getLevelScore`：获取最终得分。

### 实现逻辑
- **初始化**：通过`init`函数加载关卡数据，设置行为对象，并注册消息监听。
- **关卡开始**：`onLevelStart`函数设置关卡开始状态，初始化导航数据，并触发开始行为。
- **游戏循环**：`update`函数在游戏循环中被调用，更新关卡时间，执行行为更新，并处理地图更新消息。
- **事件处理**：通过消息系统处理各种游戏事件，如添加敌人、移除敌人、添加掉落物品等。
- **游戏结束**：`gameOver`函数处理游戏结束逻辑，包括保存得分和状态。
2024-11-28 21:40:58,067 - INFO Retriever 0 - 

————————————————————————————————————————————————————————————————
2024-11-28 21:40:58,068 - INFO Retriever 0 - 当前窗口总长度：11
2024-11-28 21:40:58,068 - INFO Retriever 0 - 当前更新窗口长度：2
2024-11-28 21:40:58,068 - INFO Retriever 0 - 当前更新窗口长度：2
2024-11-28 21:40:58,068 - INFO Retriever 0 - ————————————————————————————————————————————————————————————————


2024-11-28 21:41:00,740 - INFO Retriever 0 - Agent主脑给出的回答为：{
    "read_file": {
        "file_path": "D:/my_file/MyFile/YunSi/Project/Games/Cocos/CocosCyberpunk_all/CocosCyberpunk/assets/scripts/logic/data/save.ts"
    }
}
2024-11-28 21:41:00,740 - INFO Retriever 0 - 是否成功解析：True
2024-11-28 21:41:00,740 - INFO Retriever 0 - operation_type (__det_dir_action):
2024-11-28 21:41:00,740 - INFO Retriever 0 - read_file
2024-11-28 21:41:00,741 - INFO Retriever 0 - 

——————————————————————————————————————————————————————————————————————————————————————————————————————————————————————————
2024-11-28 21:41:00,741 - INFO Retriever 0 - Assistant:
2024-11-28 21:41:00,741 - INFO Retriever 0 - {
    "read_file": {
        "file_path": "D:/my_file/MyFile/YunSi/Project/Games/Cocos/CocosCyberpunk_all/CocosCyberpunk/assets/scripts/logic/data/save.ts"
    }
}
2024-11-28 21:41:00,742 - INFO Retriever 0 - dict_keys(['read_file'])
2024-11-28 21:41:00,742 - INFO Retriever 0 - Agent主脑给出的行动：read_file
参数：{'file_path': 'D:/my_file/MyFile/YunSi/Project/Games/Cocos/CocosCyberpunk_all/CocosCyberpunk/assets/scripts/logic/data/save.ts', 'top_path': 'D:/my_file/MyFile/YunSi/Project/Games/Cocos/CocosCyberpunk_all/CocosCyberpunk\\Assets', 'return_file_sum': <bound method TreeGenerationAction.return_file_sum of <Action.tree_gen_action.TreeGenerationAction object at 0x00000215EAC2FCA0>>}
2024-11-28 21:41:00,796 - INFO Retriever 0 - Observer: 这是一个名为“D:/my_file/MyFile/YunSi/Project/Games/Cocos/CocosCyberpunk_all/CocosCyberpunk/assets/scripts/logic/data/save.ts”的文件，该文件里的内容为：
由于脚本文件内容过长，暂时仅给出该脚本文件的内容总结:
- ### 脚本内容总结

#### 1. 总体概述
- **框架和模块化结构**：该脚本是一个TypeScript文件，定义了一个名为`Save`的类，该类实现了单例模式。脚本中包含了多个模块的导入，如`Singleton`、`GMath`、`IO`等，用于实现保存和加载游戏数据的功能。
- **主要功能和目标**：该脚本的主要功能是管理游戏数据的保存和加载，包括玩家档案的创建、保存、加载、备份和删除，以及统计数据和游戏结束时的最终得分统计。

#### 2. 模块和功能
- **模块**：脚本中导入了多个模块，包括单例模式、数学工具、输入输出操作、数组工具、JSON工具、消息处理和资源缓存。
- **功能**：提供了保存和加载游戏数据的功能，包括创建新档案、保存当前档案、加载档案、备份数据、删除档案、获取和设置游戏数据、统计数据和游戏结束时的最终得分统计。

#### 3. 类和函数
- **类**：`Save`类，实现了单例模式，用于管理游戏数据。
- **函数**：包括初始化、备份、保存档案、加载档案、创建新档案、删除档案、获取和设置数据、统计数据、保存游戏结束得分等。

#### 4. 实现逻辑
- **主要逻辑**：脚本通过`Save`类实现游戏数据的保存和加载。初始化时加载保存的JSON数据，并根据是否存在档案列表来决定是否创建新档案或加载现有档案。提供了数据备份、删除和统计功能，以及游戏结束时的最终得分统计。
2024-11-28 21:41:00,798 - INFO Retriever 0 - 

————————————————————————————————————————————————————————————————
2024-11-28 21:41:00,798 - INFO Retriever 0 - 当前窗口总长度：13
2024-11-28 21:41:00,799 - INFO Retriever 0 - 当前更新窗口长度：4
2024-11-28 21:41:00,799 - INFO Retriever 0 - 当前更新窗口长度：4
2024-11-28 21:41:00,799 - INFO Retriever 0 - ————————————————————————————————————————————————————————————————


2024-11-28 21:41:02,829 - INFO Retriever 0 - Agent主脑给出的回答为：{"finish": "我已完成你所给出的任务需求，请你进行确认"}
2024-11-28 21:41:02,830 - INFO Retriever 0 - 是否成功解析：True
2024-11-28 21:41:02,830 - INFO Retriever 0 - operation_type (__det_dir_action):
2024-11-28 21:41:02,830 - INFO Retriever 0 - finish
2024-11-28 21:41:02,830 - INFO Retriever 0 - 

——————————————————————————————————————————————————————————————————————————————————————————————————————————————————————————
2024-11-28 21:41:02,832 - INFO Retriever 0 - Assistant:
2024-11-28 21:41:02,832 - INFO Retriever 0 - {"finish": "我已完成你所给出的任务需求，请你进行确认"}
2024-11-28 21:41:02,832 - INFO Retriever 0 - dict_keys(['finish'])
2024-11-28 21:41:02,832 - INFO Retriever 0 - ——————————————————————————————————— 任务结束 ———————————————————————————————————
2024-11-28 21:41:02,833 - INFO Retriever 0 - 

————————————————————————————————————————————————————————————————
2024-11-28 21:41:02,833 - INFO Retriever 0 - 当前窗口总长度：13
2024-11-28 21:41:02,833 - INFO Retriever 0 - 当前更新窗口长度：4
2024-11-28 21:41:02,833 - INFO Retriever 0 - 当前更新窗口长度：4
2024-11-28 21:41:02,834 - INFO Retriever 0 - ————————————————————————————————————————————————————————————————


2024-11-28 21:41:15,983 - INFO Retriever 0 - -------------------------Task Report-----------------------
2024-11-28 21:41:15,983 - INFO Retriever 0 - * 文件一：
    * 文件绝对路径：D:/my_file/MyFile/YunSi/Project/Games/Cocos/CocosCyberpunk_all/CocosCyberpunk/assets/scripts/logic/level/level.ts
    * 文件内容概述：该文件包含了`Level`类的定义，该类负责管理游戏关卡的生命周期，包括初始化、开始、暂停、恢复、重新开始和更新关卡状态的方法。类中还包含了计算和保存关卡得分的方法。
    * 该文件与问题目标之间的关联性：由于`Level`类直接涉及到游戏得分的计算，并且包含了游戏结束时计算得分的方法`calculateScore`，因此该文件与问题目标“游戏中统计玩家最终得分的逻辑是如何实现的？”高度相关。

* 文件二：
    * 文件绝对路径：D:/my_file/MyFile/YunSi/Project/Games/Cocos/CocosCyberpunk_all/CocosCyberpunk/assets/scripts/logic/data/save.ts
    * 文件内容概述：该文件定义了`Save`类，用于管理游戏数据的保存和加载，包括创建、备份、加载和删除玩家档案的功能。`Save`类还包含了游戏结束时的得分统计方法。
    * 该文件与问题目标之间的关联性：虽然该文件的主要功能是数据的保存和加载，但它也包含了游戏结束时的得分统计，这与问题中关于统计玩家最终得分的逻辑实现有关联。因此，该文件也与问题目标相关。
2024-11-28 21:41:15,983 - INFO Retriever 0 - 
Token Consuming:11818

2024-11-28 21:41:15,983 - INFO Retriever 0 - 
history rounds:7

