2024-11-28 21:40:44,481 - INFO Retriever 0 - Init Retriever.
2024-11-28 21:40:51,941 - INFO Retriever 0 - keywords:“['mark', '得分', 'player', '玩家', 'score']”，“['mark', '得分', 'player', '玩家', 'score']”，“['mark', '得分', 'player', '玩家', 'score']”
2024-11-28 21:40:51,961 - INFO Retriever 0 - deep_think_conent
:在获取了项目文件的顶层结构后，我还需要结合待查询的问题描述，对于项目中的文件和目录进行一些深度关键词检索。根据任务描述：“请在D:/my_file/MyFile/YunSi/Project/Games/Cocos/CocosCyberpunk_all/CocosCyberpunk\Assets下各级目录中寻找：游戏中统计玩家最终得分的逻辑是如何实现的？”，我总结出如下可能会出现在各个文件名或者文件内容中的关键词：“['mark', '得分', 'player', '玩家', 'score']”，“['mark', '得分', 'player', '玩家', 'score']”，“['mark', '得分', 'player', '玩家', 'score']”。
接下来，我将使用retrieve_keywords操作，在项目顶层路径“D:/my_file/MyFile/YunSi/Project/Games/Cocos/CocosCyberpunk_all/CocosCyberpunk\Assets”下检索这些关键词，从而大致把握可能与问题描述相关的文件或目录的路径。
2024-11-28 21:40:52,120 - INFO Retriever 0 - ——————————————————————————————————————————————————————————————————————————————————————————————————————————————————————————
2024-11-28 21:40:52,121 - INFO Retriever 0 - Assistant:
2024-11-28 21:40:52,126 - INFO Retriever 0 - {
    "deep_think": {
        "thoughts": "好的，接下来我将通过深度思考、仔细计划以及逐步执行的方式，来完成该任务。\n\n首先，在阅读详细的代码细节之前，应该先整体把握整个项目。\n\n在提供的可选的action中，可以通过get_folder_info操作，通过将项目顶层路径作为target_folder_path参数进行传入，来获取获取项目中主要文件夹和主要文件的描述，从而能够先大致把握项目文件的主要文件的文件树结构、基本内容、主要代码概述以及大致功能板块的分布。"
    }
}
2024-11-28 21:40:52,283 - INFO Retriever 0 - 
Observer:
2024-11-28 21:40:52,285 - INFO Retriever 0 - 好的，请继续你的下一步行动或思考。
2024-11-28 21:40:52,285 - INFO Retriever 0 - 
2024-11-28 21:40:52,467 - INFO Retriever 0 - ——————————————————————————————————————————————————————————————————————————————————————————————————————————————————————————
2024-11-28 21:40:52,467 - INFO Retriever 0 - Assistant:
2024-11-28 21:40:52,525 - INFO Retriever 0 - {
    "get_folder_info": {
        "target_folder_path": "D:/my_file/MyFile/YunSi/Project/Games/Cocos/CocosCyberpunk_all/CocosCyberpunk\\Assets"
    }
}
2024-11-28 21:40:52,725 - INFO Retriever 0 - 
Observer:
2024-11-28 21:40:52,798 - INFO Retriever 0 - 目标路径D:/my_file/MyFile/YunSi/Project/Games/Cocos/CocosCyberpunk_all/CocosCyberpunk\Assets不存在。

2024-11-28 21:40:52,800 - INFO Retriever 0 - 
2024-11-28 21:40:52,801 - INFO Retriever 0 - ——————————————————————————————————————————————————————————————————————————————————————————————————————————————————————————
2024-11-28 21:40:52,802 - INFO Retriever 0 - Assistant:
2024-11-28 21:40:52,803 - INFO Retriever 0 - {
    "deep_think": {
        "thoughts": "在获取了项目文件的顶层结构后，我还需要结合待查询的问题描述，对于项目中的文件和目录进行一些深度关键词检索。根据任务描述：“请在D:/my_file/MyFile/YunSi/Project/Games/Cocos/CocosCyberpunk_all/CocosCyberpunk\\Assets下各级目录中寻找：游戏中统计玩家最终得分的逻辑是如何实现的？”，我总结出如下可能会出现在各个文件名或者文件内容中的关键词：“['mark', '得分', 'player', '玩家', 'score']”，“['mark', '得分', 'player', '玩家', 'score']”，“['mark', '得分', 'player', '玩家', 'score']”。\n接下来，我将使用retrieve_keywords操作，在项目顶层路径“D:/my_file/MyFile/YunSi/Project/Games/Cocos/CocosCyberpunk_all/CocosCyberpunk\\Assets”下检索这些关键词，从而大致把握可能与问题描述相关的文件或目录的路径。"
    }
}
2024-11-28 21:40:52,804 - INFO Retriever 0 - 
Observer:
2024-11-28 21:40:52,804 - INFO Retriever 0 - 好的，请继续你的下一步行动或思考。
2024-11-28 21:40:52,806 - INFO Retriever 0 - 
2024-11-28 21:40:52,807 - INFO Retriever 0 - ——————————————————————————————————————————————————————————————————————————————————————————————————————————————————————————
2024-11-28 21:40:52,808 - INFO Retriever 0 - Assistant:
2024-11-28 21:40:52,810 - INFO Retriever 0 - {
    "retrieve_keywords": {
        "keyword_list": [
            [
                "mark",
                "得分",
                "player",
                "玩家",
                "score"
            ],
            [
                "mark",
                "得分",
                "player",
                "玩家",
                "score"
            ],
            [
                "mark",
                "得分",
                "player",
                "玩家",
                "score"
            ]
        ]
    }
}
2024-11-28 21:40:52,811 - INFO Retriever 0 - 
Observer:
2024-11-28 21:40:52,812 - INFO Retriever 0 - 文件一：
* 文件绝对路径：D:/my_file/MyFile/YunSi/Project/Games/Cocos/CocosCyberpunk_all/CocosCyberpunk/assets/scripts/logic/level/level.ts
* 文件内容概述：该脚本定义了一个名为`Level`的单例类，负责管理游戏关卡的生命周期，包括初始化、开始、暂停、恢复、重新开始和更新关卡状态的方法。类中包含了关卡数据、玩家、敌人、资源等关键属性，并能处理关卡开始、敌人添加、物品掉落等事件，在游戏结束时计算得分。
* 是否与问题相关：是
* 具体分析：该文件中定义的`Level`类直接涉及到游戏得分的计算，是管理游戏关卡的核心类，因此与问题“游戏中统计玩家最终得分的逻辑是如何实现的？”高度相关。

文件二：
* 文件绝对路径：D:/my_file/MyFile/YunSi/Project/Games/Cocos/CocosCyberpunk_all/CocosCyberpunk/assets/scripts/logic/data/save.ts
* 文件内容概述：该脚本定义了一个名为`Save`的单例类，用于管理游戏数据的保存与加载，包括创建、备份、加载和删除玩家档案的功能。`Save`类还支持数据统计，包括时间、次数和距离等，并在游戏结束时进行最终得分统计。
* 是否与问题相关：是
* 具体分析：虽然该文件的主要功能是数据的保存与加载，但它也包含了游戏结束时的得分统计，这与问题中关于统计玩家最终得分的逻辑实现有关联。

其他文件如"data-level.json"和"cb388741-806a-4bf9-8664-10e055a96b2c.json"提供了关于游戏场景和配置的信息，但它们并不直接涉及到玩家得分的计算逻辑，因此与问题关联性较小。而"player.prefab"文件是一个玩家预制体，与问题无关。
2024-11-28 21:40:52,813 - INFO Retriever 0 - 
2024-11-28 21:40:55,721 - INFO Retriever 0 - Agent主脑给出的回答为：{
    "read_file": {
        "file_path": "D:/my_file/MyFile/YunSi/Project/Games/Cocos/CocosCyberpunk_all/CocosCyberpunk/assets/scripts/logic/level/level.ts"
    }
}
2024-11-28 21:40:55,722 - INFO Retriever 0 - 是否成功解析：True
2024-11-28 21:40:55,722 - INFO Retriever 0 - operation_type (__det_dir_action):
2024-11-28 21:40:55,722 - INFO Retriever 0 - read_file
2024-11-28 21:40:55,722 - INFO Retriever 0 - 

——————————————————————————————————————————————————————————————————————————————————————————————————————————————————————————
2024-11-28 21:40:55,723 - INFO Retriever 0 - Assistant:
2024-11-28 21:40:55,723 - INFO Retriever 0 - {
    "read_file": {
        "file_path": "D:/my_file/MyFile/YunSi/Project/Games/Cocos/CocosCyberpunk_all/CocosCyberpunk/assets/scripts/logic/level/level.ts"
    }
}
2024-11-28 21:40:55,723 - INFO Retriever 0 - dict_keys(['read_file'])
2024-11-28 21:40:55,723 - INFO Retriever 0 - Agent主脑给出的行动：read_file
参数：{'file_path': 'D:/my_file/MyFile/YunSi/Project/Games/Cocos/CocosCyberpunk_all/CocosCyberpunk/assets/scripts/logic/level/level.ts', 'top_path': 'D:/my_file/MyFile/YunSi/Project/Games/Cocos/CocosCyberpunk_all/CocosCyberpunk\\Assets', 'return_file_sum': <bound method TreeGenerationAction.return_file_sum of <Action.tree_gen_action.TreeGenerationAction object at 0x00000215F72030A0>>}
2024-11-28 21:40:55,777 - INFO Retriever 0 - Observer: 这是一个名为“D:/my_file/MyFile/YunSi/Project/Games/Cocos/CocosCyberpunk_all/CocosCyberpunk/assets/scripts/logic/level/level.ts”的文件，该文件里的内容为：
由于脚本文件内容过长，暂时仅给出该脚本文件的内容总结:
- ### 总体概述
- **框架和模块化结构**：该脚本是一个Cocos Creator游戏引擎中的Level类实现，使用了模块化设计，通过导入多个模块和类来管理游戏关卡的数据和逻辑。
- **主要功能和目标**：该脚本的主要功能是初始化和管理游戏关卡，包括加载关卡数据、初始化玩家和敌人、处理关卡事件、更新关卡状态以及计算和保存关卡得分。

### 模块和功能
- **数据管理**：通过`Save`类和`DataLevelInst`类管理关卡数据。
- **资源管理**：使用`Res`和`ResCache`类来加载和管理游戏资源，如预制体。
- **消息系统**：通过`Msg`类处理游戏中的消息事件。
- **导航系统**：使用`NavSystem`类来处理游戏中的导航逻辑。
- **行为管理**：通过`Action`类来管理关卡中的行为。

### 类和函数
- **类**：
  - `Level`：主要类，继承自`Singleton`，用于单例模式管理关卡。
- **函数**：
  - `init`：初始化关卡对象，加载关卡数据，设置行为对象，注册消息监听。
  - `do`：执行指定名称的函数。
  - `onLevelStart`：处理关卡开始逻辑。
  - `pause`：暂停关卡。
  - `resume`：恢复关卡。
  - `onReplay`：重新开始游戏。
  - `levelAction`：执行指定的行为。
  - `addPlayer`：添加玩家角色。
  - `addEnemy`：添加敌人。
  - `removeEnemy`：移除敌人。
  - `addDrop`：添加掉落物品。
  - `update`：更新关卡状态。
  - `upgradePlayerAttributes`：升级玩家属性。
  - `getUpgradeCardInfo`：获取升级卡信息。
  - `gameOver`：处理游戏结束逻辑。
  - `calculateScore`：计算关卡得分。
  - `getLevelScore`：获取最终得分。

### 实现逻辑
- **初始化**：通过`init`函数加载关卡数据，设置行为对象，并注册消息监听。
- **关卡开始**：`onLevelStart`函数设置关卡开始状态，初始化导航数据，并触发开始行为。
- **游戏循环**：`update`函数在游戏循环中被调用，更新关卡时间，执行行为更新，并处理地图更新消息。
- **事件处理**：通过消息系统处理各种游戏事件，如添加敌人、移除敌人、添加掉落物品等。
- **游戏结束**：`gameOver`函数处理游戏结束逻辑，包括保存得分和状态。
2024-11-28 21:40:55,778 - INFO Retriever 0 - 

————————————————————————————————————————————————————————————————
2024-11-28 21:40:55,779 - INFO Retriever 0 - 当前窗口总长度：11
2024-11-28 21:40:55,779 - INFO Retriever 0 - 当前更新窗口长度：2
2024-11-28 21:40:55,779 - INFO Retriever 0 - 当前更新窗口长度：2
2024-11-28 21:40:55,779 - INFO Retriever 0 - ————————————————————————————————————————————————————————————————


2024-11-28 21:41:00,797 - INFO Retriever 0 - Agent主脑给出的回答为：{
    "read_file": {
        "file_path": "D:/my_file/MyFile/YunSi/Project/Games/Cocos/CocosCyberpunk_all/CocosCyberpunk/assets/scripts/logic/data/save.ts"
    }
}
2024-11-28 21:41:00,798 - INFO Retriever 0 - 是否成功解析：True
2024-11-28 21:41:00,798 - INFO Retriever 0 - operation_type (__det_dir_action):
2024-11-28 21:41:00,798 - INFO Retriever 0 - read_file
2024-11-28 21:41:00,798 - INFO Retriever 0 - 

——————————————————————————————————————————————————————————————————————————————————————————————————————————————————————————
2024-11-28 21:41:00,799 - INFO Retriever 0 - Assistant:
2024-11-28 21:41:00,799 - INFO Retriever 0 - {
    "read_file": {
        "file_path": "D:/my_file/MyFile/YunSi/Project/Games/Cocos/CocosCyberpunk_all/CocosCyberpunk/assets/scripts/logic/data/save.ts"
    }
}
2024-11-28 21:41:00,799 - INFO Retriever 0 - dict_keys(['read_file'])
2024-11-28 21:41:00,800 - INFO Retriever 0 - Agent主脑给出的行动：read_file
参数：{'file_path': 'D:/my_file/MyFile/YunSi/Project/Games/Cocos/CocosCyberpunk_all/CocosCyberpunk/assets/scripts/logic/data/save.ts', 'top_path': 'D:/my_file/MyFile/YunSi/Project/Games/Cocos/CocosCyberpunk_all/CocosCyberpunk\\Assets', 'return_file_sum': <bound method TreeGenerationAction.return_file_sum of <Action.tree_gen_action.TreeGenerationAction object at 0x00000215F72030A0>>}
2024-11-28 21:41:00,853 - INFO Retriever 0 - Observer: 这是一个名为“D:/my_file/MyFile/YunSi/Project/Games/Cocos/CocosCyberpunk_all/CocosCyberpunk/assets/scripts/logic/data/save.ts”的文件，该文件里的内容为：
由于脚本文件内容过长，暂时仅给出该脚本文件的内容总结:
- ### 脚本内容总结

#### 1. 总体概述
- **框架和模块化结构**：该脚本是一个TypeScript文件，定义了一个名为`Save`的类，该类实现了单例模式。脚本中包含了多个模块的导入，如`Singleton`、`GMath`、`IO`等，用于实现保存和加载游戏数据的功能。
- **主要功能和目标**：该脚本的主要功能是管理游戏数据的保存和加载，包括玩家档案的创建、保存、加载、备份和删除，以及统计数据和游戏结束时的最终得分统计。

#### 2. 模块和功能
- **模块**：脚本中导入了多个模块，包括单例模式、数学工具、输入输出操作、数组工具、JSON工具、消息处理和资源缓存。
- **功能**：提供了保存和加载游戏数据的功能，包括创建新档案、保存当前档案、加载档案、备份数据、删除档案、获取和设置游戏数据、统计数据和游戏结束时的最终得分统计。

#### 3. 类和函数
- **类**：`Save`类，实现了单例模式，用于管理游戏数据。
- **函数**：包括初始化、备份、保存档案、加载档案、创建新档案、删除档案、获取和设置数据、统计数据、保存游戏结束得分等。

#### 4. 实现逻辑
- **主要逻辑**：脚本通过`Save`类实现游戏数据的保存和加载。初始化时加载保存的JSON数据，并根据是否存在档案列表来决定是否创建新档案或加载现有档案。提供了数据备份、删除和统计功能，以及游戏结束时的最终得分统计。
2024-11-28 21:41:00,855 - INFO Retriever 0 - 

————————————————————————————————————————————————————————————————
2024-11-28 21:41:00,855 - INFO Retriever 0 - 当前窗口总长度：13
2024-11-28 21:41:00,855 - INFO Retriever 0 - 当前更新窗口长度：4
2024-11-28 21:41:00,856 - INFO Retriever 0 - 当前更新窗口长度：4
2024-11-28 21:41:00,856 - INFO Retriever 0 - ————————————————————————————————————————————————————————————————


2024-11-28 21:41:22,777 - INFO Retriever 0 - Agent主脑给出的回答为：{
    "deep_think": {
        "thoughts": "D:/my_file/MyFile/YunSi/Project/Games/Cocos/CocosCyberpunk_all/CocosCyberpunk/assets/scripts/logic/level/level.ts" 和 "D:/my_file/MyFile/YunSi/Project/Games/Cocos/CocosCyberpunk_all/CocosCyberpunk/assets/scripts/logic/data/save.ts" 这两个文件中似乎包含了与问题相关的关键信息。\n\n在第一个文件中，有一个名为 `calculateScore` 的函数，这可能就是实现玩家得分计算逻辑的地方。而在第二个文件中，有一个关于统计数据和游戏结束时的最终得分统计的描述，这同样与问题紧密相关。\n\n接下来，我将仔细阅读这些文件中相关的部分，以确定游戏中统计玩家最终得分的逻辑是如何实现的。"
    }
}
2024-11-28 21:41:22,777 - INFO Retriever 0 - 是否成功解析：True
2024-11-28 21:41:22,777 - INFO Retriever 0 - operation_type (__det_dir_action):
2024-11-28 21:41:22,777 - INFO Retriever 0 - deep_think
2024-11-28 21:41:22,779 - INFO Retriever 0 - 

——————————————————————————————————————————————————————————————————————————————————————————————————————————————————————————
2024-11-28 21:41:22,779 - INFO Retriever 0 - Assistant:
2024-11-28 21:41:22,779 - INFO Retriever 0 - {
    "deep_think": {
        "thoughts": "D:/my_file/MyFile/YunSi/Project/Games/Cocos/CocosCyberpunk_all/CocosCyberpunk/assets/scripts/logic/level/level.ts 和 D:/my_file/MyFile/YunSi/Project/Games/Cocos/CocosCyberpunk_all/CocosCyberpunk/assets/scripts/logic/data/save.ts 这两个文件中似乎包含了与问题相关的关键信息。\\n\\n在第一个文件中，有一个名为 `calculateScore` 的函数，这可能就是实现玩家得分计算逻辑的地方。而在第二个文件中，有一个关于统计数据和游戏结束时的最终得分统计的描述，这同样与问题紧密相关。\\n\\n接下来，我将仔细阅读这些文件中相关的部分，以确定游戏中统计玩家最终得分的逻辑是如何实现的。"
    }
}
2024-11-28 21:41:22,779 - INFO Retriever 0 - dict_keys(['deep_think'])
2024-11-28 21:41:22,780 - INFO Retriever 0 - Agent主脑给出的行动：deep_think
参数：{'thoughts': 'D:/my_file/MyFile/YunSi/Project/Games/Cocos/CocosCyberpunk_all/CocosCyberpunk/assets/scripts/logic/level/level.ts 和 D:/my_file/MyFile/YunSi/Project/Games/Cocos/CocosCyberpunk_all/CocosCyberpunk/assets/scripts/logic/data/save.ts 这两个文件中似乎包含了与问题相关的关键信息。\\n\\n在第一个文件中，有一个名为 `calculateScore` 的函数，这可能就是实现玩家得分计算逻辑的地方。而在第二个文件中，有一个关于统计数据和游戏结束时的最终得分统计的描述，这同样与问题紧密相关。\\n\\n接下来，我将仔细阅读这些文件中相关的部分，以确定游戏中统计玩家最终得分的逻辑是如何实现的。', 'repeat_counter': 1, 'continue_think_counter': 1}
2024-11-28 21:41:22,780 - INFO Retriever 0 - Observer: 好的，请继续你的下一步行动或思考。
2024-11-28 21:41:22,781 - INFO Retriever 0 - 

————————————————————————————————————————————————————————————————
2024-11-28 21:41:22,782 - INFO Retriever 0 - 当前窗口总长度：15
2024-11-28 21:41:22,782 - INFO Retriever 0 - 当前更新窗口长度：6
2024-11-28 21:41:22,782 - INFO Retriever 0 - 当前更新窗口长度：6
2024-11-28 21:41:22,782 - INFO Retriever 0 - ————————————————————————————————————————————————————————————————


2024-11-28 21:41:25,838 - INFO Retriever 0 - Agent主脑给出的回答为：{
    "read_long_details": {
        "file_path": "D:/my_file/MyFile/YunSi/Project/Games/Cocos/CocosCyberpunk_all/CocosCyberpunk/assets/scripts/logic/level/level.ts"
    }
}
2024-11-28 21:41:25,839 - INFO Retriever 0 - 是否成功解析：True
2024-11-28 21:41:25,839 - INFO Retriever 0 - operation_type (__det_dir_action):
2024-11-28 21:41:25,839 - INFO Retriever 0 - read_long_details
2024-11-28 21:41:25,840 - INFO Retriever 0 - 

——————————————————————————————————————————————————————————————————————————————————————————————————————————————————————————
2024-11-28 21:41:25,840 - INFO Retriever 0 - Assistant:
2024-11-28 21:41:25,840 - INFO Retriever 0 - {
    "read_long_details": {
        "file_path": "D:/my_file/MyFile/YunSi/Project/Games/Cocos/CocosCyberpunk_all/CocosCyberpunk/assets/scripts/logic/level/level.ts"
    }
}
2024-11-28 21:41:25,840 - INFO Retriever 0 - dict_keys(['read_long_details'])
2024-11-28 21:41:25,841 - INFO Retriever 0 - Agent主脑给出的行动：read_long_details
参数：{'file_path': 'D:/my_file/MyFile/YunSi/Project/Games/Cocos/CocosCyberpunk_all/CocosCyberpunk/assets/scripts/logic/level/level.ts', 'top_path': 'D:/my_file/MyFile/YunSi/Project/Games/Cocos/CocosCyberpunk_all/CocosCyberpunk\\Assets', 'return_file_sum': <bound method TreeGenerationAction.return_file_sum of <Action.tree_gen_action.TreeGenerationAction object at 0x00000215F72030A0>>}
2024-11-28 21:41:25,842 - INFO Retriever 0 - Observer: 这是一个名为“D:/my_file/MyFile/YunSi/Project/Games/Cocos/CocosCyberpunk_all/CocosCyberpunk/assets/scripts/logic/level/level.ts”的文件，该文件里的内容为：
  1|/*
  2| Copyright (c) 2020-2023 Xiamen Yaji Software Co., Ltd.
  3|
  4| https://www.cocos.com/
  5|
  6| Permission is hereby granted, free of charge, to any person obtaining a copy
  7| of this software and associated documentation files (the "Software"), to deal
  8| in the Software without restriction, including without limitation the rights to
  9| use, copy, modify, merge, publish, distribute, sublicense, and/or sell copies
 10| of the Software, and to permit persons to whom the Software is furnished to do so,
 11| subject to the following conditions:
 12|
 13| The above copyright notice and this permission notice shall be included in
 14| all copies or substantial portions of the Software.
 15|
 16| THE SOFTWARE IS PROVIDED "AS IS", WITHOUT WARRANTY OF ANY KIND, EXPRESS OR
 17| IMPLIED, INCLUDING BUT NOT LIMITED TO THE WARRANTIES OF MERCHANTABILITY,
 18| FITNESS FOR A PARTICULAR PURPOSE AND NONINFRINGEMENT. IN NO EVENT SHALL THE
 19| AUTHORS OR COPYRIGHT HOLDERS BE LIABLE FOR ANY CLAIM, DAMAGES OR OTHER
 20| LIABILITY, WHETHER IN AN ACTION OF CONTRACT, TORT OR OTHERWISE, ARISING FROM,
 21| OUT OF OR IN CONNECTION WITH THE SOFTWARE OR THE USE OR OTHER DEALINGS IN
 22| THE SOFTWARE.
 23|*/
 24|
 25|import { _decorator, Node, find, Vec3, v3, game } from 'cc';
 26|import { Action } from '../../core/action/action';
 27|import { Save } from '../data/save';
 28|import { Msg } from '../../core/msg/msg';
 29|import { Singleton } from '../../core/pattern/singleton';
 30|import { Res } from '../../core/res/res';
 31|import { ResCache } from '../../core/res/res-cache';
 32|import { Actor } from '../actor/actor';
 33|import { DropItem } from '../item/drop-item';
 34|import { NavSystem } from '../navigation/navigation-system';
 35|import { DataEquipInst, DataLevelInst, DataNavigationInst } from '../data/data-core';
 36|import { fun } from '../../core/util/fun';
 37|import { ResPool } from '../../core/res/res-pool';
 38|import { Guide } from '../../core/guide/guide';
 39|
 40|const { ccclass, property } = _decorator;
 41|
 42|export class Level extends Singleton {
 43|
 44|    // Action objects are used to execute the current set of actions.
 45|    _action: Action | undefined;
 46|
 47|    // Level data object to store static game data.
 48|    _data: { [key: string]: any } = {};
 49|
 50|    // Level time.
 51|    _time: number = 0;
 52|
 53|    // The state at the beginning of the level.
 54|    _isStart = false;
 55|
 56|    // The spawn position of the player's level.
 57|    _spawn_pos = v3(0, 2, 0);
 58|
 59|    // The score rate of the level.
 60|    _scoreRate: number = 0;
 61|
 62|    // The player's game object.
 63|    _player: Actor | undefined;
 64|
 65|    // List of nodes of level enemies.
 66|    _enemies: Node[] = [];
 67|
 68|    // The root node of all objects at game runtime.
 69|    _objectNode: Node | null | undefined;
 70|
 71|    // Current upgrade cards.
 72|    currentCards: Array<{ name: string; info: any; }> = new Array(3);
 73|
 74|    /**
 75|     * Initialize the level object.
 76|     */
 77|    public init (): void {
 78|
 79|        // Get the level data and copy it for storage.
 80|        this._data = Object.assign(ResCache.Instance.getJson('data-level').json);
 81|
 82|        // Create an action object to manage the action of the level.
 83|        this._action = new Action('action-level');
 84|
 85|        // Find the root node of all objects.
 86|        this._objectNode = find('init')?.getChildByName('objects');
 87|
 88|        // Register external message access function mapping.
 89|        Msg.on('msg_level_start', this.onLevelStart.bind(this));
 90|        Msg.on('level_action', this.levelAction.bind(this));
 91|        Msg.on('level_do', this.do.bind(this));
 92|        Msg.on('msg_add_enemy', this.addEnemy.bind(this));
 93|        Msg.on('msg_remove_level_enemy', this.removeEnemy.bind(this));
 94|        Msg.on('msg_add_item', this.addDrop.bind(this));
 95|        Msg.on('msg_replay', this.onReplay.bind(this));
 96|
 97|    }
 98|
 99|    /**
100|     * Executes the function with the name specified by the current object.
101|     * @param fun Name of the function to be executed.
102|     */
103|    public do (fun: string) {
104|        this[fun]();
105|    }
106|
107|    /**
108|     * This function is used to set the behavior related to the start of the level.
109|     */
110|    public onLevelStart () {
111|
112|        // Set level stop is false.
113|        DataLevelInst.stop = false;
114|        this._isStart = true;
115|
116|        // Switch to the next statistic.
117|        Save.Instance.nextStatistics();
118|
119|        // Initialize the current path finding data.
120|        NavSystem.Init(DataNavigationInst._data);
121|
122|        this.levelAction('start');
123|    }
124|
125|    public pause () {
126|        DataLevelInst.stop = true;
127|    }
128|
129|    public resume () {
130|        DataLevelInst.stop = false;
131|    }
132|
133|    /**
134|     * This method is used to restart the game.
135|     */
136|    public onReplay () {
137|        fun.delay(() => {
138|            Msg.emit('push', 'level');
139|        }, 2);
140|    }
141|
142|    public levelAction (name: string) {
143|        this._action!.on(name);
144|    }
145|
146|    /**
147|     * Added level role method.
148|     * Used to initialize the character game object.
149|     */
150|    public addPlayer () {
151|
152|        // Get a random node from the navigation system.
153|        //const point = NavSystem.randomPoint();
154|
155|        // Get the player's prefab object from the resource cache.
156|        const prefab = ResCache.Instance.getPrefab(this._data.prefab_player);
157|
158|        // Instantiate player level game object.
159|        const resPlayer = Res.inst(prefab, this._objectNode!, this._data.spawn_pos);
160|
161|        // Get the Actor from the player level game object.
162|        this._player = resPlayer.getComponent(Actor)!;
163|
164|        // Detect if this actor exists
165|        if (this._player === null) {
166|            throw new Error(`Level add player can not bind Actor Component.`);
167|        }
168|
169|        this._player.bulletBox = 5;
170|
171|        // Set the player tag value of this actor to true.
172|        this._player.isPlayer = true;
173|
174|        // Initialize the player object.
175|        this._player.init('data-player');
176|
177|        // Update player hp.
178|        this._player.updateHP();
179|
180|    }
181|
182|    /**
183|     * Add level enemy method.
184|     * @param res Add enemy resource name.
185|     * @param groupID Enemy group id.
186|     * @returns Enemy game object.
187|     */
188|    public addEnemy (data: { res: string, groupID: number }) {
189|
190|        // Get a random node from the navigation system.
191|        const point = NavSystem.randomDropPoint();
192|
193|        // Get the enemy's prefab object from the resource cache.
194|        //var prefab = ResCache.Instance.getPrefab(data.res);
195|
196|        // Instantiate enemy level game object.
197|        const enemy = ResPool.Instance.pop(data.res, point.position); //Res.inst(prefab, this._objectNode!, point.position);
198|
199|        enemy.name = data.res;
200|        const actor = enemy.getComponent(Actor);
201|        if (!actor) {
202|            console.error('error inst enemy lose actor component. the name is :', data.res);
203|            return;
204|        }
205|        actor._groupIndex = data.groupID;
206|        actor.init(`data-${data.res}`);
207|        actor.bulletBox = 9999;
208|        actor.isReady = true;
209|
210|        ResPool.Instance.pop(actor._data.effect_born, point.position);
211|
212|        this._enemies.push(enemy);
213|        return enemy;
214|    }
215|
216|    public removeEnemy (node: Node) {
217|        for (let i = 0; i < this._enemies.length; i++) {
218|            if (this._enemies[i] === node) {
219|                this._enemies.splice(i, 1);
220|                break;
221|            }
222|        }
223|    }
224|
225|    public addDrop (_data: { res: string, pos: Vec3 | undefined, groupIndex: number }) {
226|        if (_data.pos === undefined) {
227|            const point = NavSystem.randomDropPoint();
228|            _data.pos = point.position;
229|        }
230|
231|        //const prefab = ResCache.Instance.getPrefab(this._data.prefab_drop_item);
232|        //const dropNode = Res.inst(prefab, this._objectNode!, _data.pos);
233|        //dropNode.name = _data.res;
234|
235|        const dropNode = ResPool.Instance.pop('drop_item', _data.pos, undefined);
236|        const drop = dropNode.getComponent(DropItem);
237|        const data = DataEquipInst.get(_data.res);
238|
239|        if (drop === null) {
240|            throw new Error(`Drop node can not add component Drop Item.`);
241|        }
242|
243|        drop.init(_data.res, data.drop_effect_index, _data.groupIndex);
244|
245|    }
246|
247|    public addObj (res: string) {
248|        const point = NavSystem.randomDropPoint();
249|        var prefab = ResCache.Instance.getPrefab(res);
250|        var objNode = Res.inst(prefab, this._objectNode!, point.position);
251|        return objNode;
252|    }
253|
254|    public update (deltaTime: number): void {
255|
256|        if (Guide.Instance.isGuide) return;
257|        if (!this._isStart) return;
258|        if (DataLevelInst.stop) return;
259|
260|        this._time += deltaTime;
261|        this._action!.update(deltaTime);
262|        Msg.emit('msg_update_map');
263|    }
264|
265|    /**
266|     * Select a skill card to update player attributes.
267|     * @param selectIndex Select upgrade card index.
268|     */
269|    public upgradePlayerAttributes (selectIndex: number) {
270|        // Get upgrade values.
271|        const upgradeValues = this.currentCards[selectIndex].info.values;
272|        // Upgrade player data.
273|        const length = upgradeValues.length;
274|        //Update all attributes of the card.
275|        for (let i = 0; i < length; i++) {
276|            console.log(upgradeValues[i]);
277|            const data = upgradeValues[i];
278|            this._player!._data[data.name] = data.value;
279|        }
280|
281|    }
282|
283|    public getUpgradeCardInfo (selectIndex: number) {
284|        return this.currentCards[selectIndex].info.describe;
285|    }
286|
287|    public gameOver () {
288|
289|        // Set level stop is true.
290|        DataLevelInst.stop = true;
291|        this._isStart = false;
292|        Msg.emit('msg_stat_time', { key: 'play', time: this._time });
293|        this.calculateScore();
294|        this._enemies = [];
295|        Save.Instance.saveGameOver(this._time, this._scoreRate);
296|        this._player = undefined;
297|
298|    }
299|
300|
301|    /**
302|     * Calculate level score.
303|     */
304|    public calculateScore () {
305|
306|        // Save day.
307|        let day = Save.Instance.get('day');
308|        if (day === undefined) day = 0;
309|        else day++;
310|        Save.Instance.setValue('day', day);
311|
312|        // Get killed number.
313|        const killedTimes = Save.Instance.getStatistics('killedTime');
314|
315|        // Calculate hit rate.
316|        const hitBodyTimes = Save.Instance.getStatistics('hit_bodyTimes');
317|        const hitHeadTimes = Save.Instance.getStatistics('hit_headTimes');
318|        let fireTimes = Save.Instance.getStatistics('fireTimes');
319|        const hitRate = fireTimes == 0 ? 0 : ((hitBodyTimes + hitHeadTimes) / fireTimes);
320|        Save.Instance.setStatistics('hit_rate', Number(hitRate.toFixed(4)));
321|
322|        // Calculate be hit times.
323|        const beHitBodyTimes = Save.Instance.getStatistics('be_hit_bodyTimes');
324|        const beHitHeadTimes = Save.Instance.getStatistics('be_hit_headTimes');
325|        const beHitTimes = beHitBodyTimes + beHitHeadTimes;
326|        Save.Instance.setStatistics('be_hit_times', beHitTimes);
327|
328|        // Calculate dodge rate.
329|        const enemyFireTimes = Math.max(beHitTimes, Save.Instance.getStatistics('enemy_fireTimes'));
330|        const dodgeRate = enemyFireTimes == 0 ? 0 : (1 - beHitTimes / enemyFireTimes);
331|        Save.Instance.setStatistics('dodge_rate', Number(dodgeRate.toFixed(4)));
332|
333|        // Calculate level score.
334|        // level score = killed * killed_to_score + hitRate * eachRateValue + dodgeRate * eachRateValue + survivalTime * survival_time_to_score
335|        const eachRateValue = this._data.each_rate_value;
336|        const level_score = Math.floor(killedTimes * this._data.killed_to_score + hitRate * eachRateValue + dodgeRate * eachRateValue + this._time * this._data.survival_time_to_score);
337|        Save.Instance.setStatistics('level_score', level_score);
338|
339|        // Calculate final score rate.
340|        const scoreLevels = this._data.score_level;
341|        let passLevel = true;
342|        this._scoreRate = scoreLevels.length - 1;
343|        for (let i = 0; i < scoreLevels.length; i++) {
344|            const infos = scoreLevels[i];
345|            passLevel = true;
346|            for (let k in infos) {
347|                if (k == 'score') continue;
348|                if (Save.Instance._currentStatistics[k] < infos[k]) {
349|                    passLevel = false;
350|                    break;
351|                }
352|            }
353|            if (passLevel) {
354|                this._scoreRate = i;
355|                break;
356|            }
357|        }
358|
359|        // Save score rate.
360|        Save.Instance.setStatistics('score_rate', this._scoreRate);
361|    }
362|
363|    /**
364|     * Get final score rating
365|     * @returns 
366|     */
367|    public getLevelScore () {
368|        return this._data.score_level[this._scoreRate].score;
369|    }
370|
371|}

2024-11-28 21:41:25,845 - INFO Retriever 0 - 

————————————————————————————————————————————————————————————————
2024-11-28 21:41:25,846 - INFO Retriever 0 - 当前窗口总长度：17
2024-11-28 21:41:25,846 - INFO Retriever 0 - 当前更新窗口长度：8
2024-11-28 21:41:25,846 - INFO Retriever 0 - 当前更新窗口长度：8
2024-11-28 21:41:25,846 - INFO Retriever 0 - ————————————————————————————————————————————————————————————————


2024-11-28 21:41:30,728 - INFO Retriever 0 - Agent主脑给出的回答为：{
    "read_long_details": {
        "file_path": "D:/my_file/MyFile/YunSi/Project/Games/Cocos/CocosCyberpunk_all/CocosCyberpunk/assets/scripts/logic/data/save.ts"
    }
}
2024-11-28 21:41:30,728 - INFO Retriever 0 - 是否成功解析：True
2024-11-28 21:41:30,728 - INFO Retriever 0 - operation_type (__det_dir_action):
2024-11-28 21:41:30,728 - INFO Retriever 0 - read_long_details
2024-11-28 21:41:30,729 - INFO Retriever 0 - 

——————————————————————————————————————————————————————————————————————————————————————————————————————————————————————————
2024-11-28 21:41:30,729 - INFO Retriever 0 - Assistant:
2024-11-28 21:41:30,729 - INFO Retriever 0 - {
    "read_long_details": {
        "file_path": "D:/my_file/MyFile/YunSi/Project/Games/Cocos/CocosCyberpunk_all/CocosCyberpunk/assets/scripts/logic/data/save.ts"
    }
}
2024-11-28 21:41:30,729 - INFO Retriever 0 - dict_keys(['read_long_details'])
2024-11-28 21:41:30,729 - INFO Retriever 0 - Agent主脑给出的行动：read_long_details
参数：{'file_path': 'D:/my_file/MyFile/YunSi/Project/Games/Cocos/CocosCyberpunk_all/CocosCyberpunk/assets/scripts/logic/data/save.ts', 'top_path': 'D:/my_file/MyFile/YunSi/Project/Games/Cocos/CocosCyberpunk_all/CocosCyberpunk\\Assets', 'return_file_sum': <bound method TreeGenerationAction.return_file_sum of <Action.tree_gen_action.TreeGenerationAction object at 0x00000215F72030A0>>}
2024-11-28 21:41:30,730 - INFO Retriever 0 - Observer: 这是一个名为“D:/my_file/MyFile/YunSi/Project/Games/Cocos/CocosCyberpunk_all/CocosCyberpunk/assets/scripts/logic/data/save.ts”的文件，该文件里的内容为：
  1|/*
  2| Copyright (c) 2020-2023 Xiamen Yaji Software Co., Ltd.
  3|
  4| https://www.cocos.com/
  5|
  6| Permission is hereby granted, free of charge, to any person obtaining a copy
  7| of this software and associated documentation files (the "Software"), to deal
  8| in the Software without restriction, including without limitation the rights to
  9| use, copy, modify, merge, publish, distribute, sublicense, and/or sell copies
 10| of the Software, and to permit persons to whom the Software is furnished to do so,
 11| subject to the following conditions:
 12|
 13| The above copyright notice and this permission notice shall be included in
 14| all copies or substantial portions of the Software.
 15|
 16| THE SOFTWARE IS PROVIDED "AS IS", WITHOUT WARRANTY OF ANY KIND, EXPRESS OR
 17| IMPLIED, INCLUDING BUT NOT LIMITED TO THE WARRANTIES OF MERCHANTABILITY,
 18| FITNESS FOR A PARTICULAR PURPOSE AND NONINFRINGEMENT. IN NO EVENT SHALL THE
 19| AUTHORS OR COPYRIGHT HOLDERS BE LIABLE FOR ANY CLAIM, DAMAGES OR OTHER
 20| LIABILITY, WHETHER IN AN ACTION OF CONTRACT, TORT OR OTHERWISE, ARISING FROM,
 21| OUT OF OR IN CONNECTION WITH THE SOFTWARE OR THE USE OR OTHER DEALINGS IN
 22| THE SOFTWARE.
 23|*/
 24|
 25|import { Singleton } from "../../core/pattern/singleton"
 26|import { GMath } from '../../core/util/g-math';
 27|import { IO } from "../../core/io/io";
 28|import { UtilArray } from "../../core/util/util";
 29|import { JsonTool } from "../../core/io/json-tool";
 30|import { Msg } from "../../core/msg/msg";
 31|import { ResCache } from "../../core/res/res-cache";
 32|
 33|const max_history_statistics = 30;
 34|
 35|interface key_any {
 36|    [key: string]: any
 37|}
 38|
 39|export class Save extends Singleton {
 40|
 41|    _uuid = '';
 42|    _cur: key_any = {};
 43|    _uuidKey = 'uuid';
 44|    _archiveKey = 'archive_list';
 45|    _archiveList: string[] | undefined;
 46|
 47|    _saveJson: any;
 48|    _backup_counter = 0;
 49|
 50|    _currentStatistics: key_any = {};
 51|
 52|    get PlayerID () {
 53|        if (this._cur.player_id === undefined) this._cur.player_id = 27;
 54|        return this._cur.player_id;
 55|    }
 56|
 57|    public init (): void {
 58|
 59|        this._saveJson = ResCache.Instance.getJson('data-save').json;
 60|        if (!IO.exist(this._archiveKey + '.json')) {
 61|            this._archiveList = [];
 62|            this.newArchive();
 63|        } else {
 64|            this._archiveList = JsonTool.toIOObject(this._archiveKey);
 65|            this._uuid = this._archiveList![0];
 66|            this.loadArchive(this._uuid);
 67|            this._uuid = IO.read(this._uuidKey + '.json');
 68|        }
 69|
 70|        Msg.on('msg_save_set', (data: { key: string, value: number }) => {
 71|            this.set(data.key, data.value);
 72|        });
 73|
 74|        Msg.on('msg_stat_times', this.statisticsTimes.bind(this));
 75|        Msg.on('msg_stat_time', this.statisticsTime.bind(this));
 76|        Msg.on('msg_stat_distance', this.statisticsDistance.bind(this));
 77|        Msg.on('msg_save_archive', this.saveArchive.bind(this));
 78|
 79|    }
 80|
 81|    public backup () {
 82|
 83|        this._backup_counter--;
 84|        if (this._backup_counter > 0) return;
 85|        this._backup_counter = 5;
 86|
 87|    }
 88|
 89|    public saveArchiveList () {
 90|        IO.write(this._archiveKey + '.json', JsonTool.toJson(this._archiveList));
 91|    }
 92|
 93|    public saveArchive () {
 94|        try {
 95|            //Achievement.Instance.updateData();
 96|            var data = JsonTool.toJson(this._cur);
 97|            IO.write(this._uuid + '.json', data);
 98|            this.backup();
 99|        } catch (error) {
100|            console.error('save archive error.');
101|        }
102|
103|    }
104|
105|    public hasArchive (): boolean {
106|        return this._archiveList!.length > 0;
107|    }
108|
109|    public newArchive () {
110|        this._cur = this._saveJson;
111|        this._uuid = GMath.uuid();
112|        this._archiveList!.push(this._uuid);
113|        IO.write(this._uuidKey + '.json', this._uuid);
114|        this.saveArchive();
115|        this.saveArchiveList();
116|    }
117|
118|    public loadArchive (name: string) {
119|        this._uuid = name;
120|        IO.write(this._uuidKey + '.json', this._uuid);
121|        let read_data = IO.read(name + '.json');
122|        //console.log(name, read_data);
123|        if (read_data === undefined) {
124|            console.error('can not read data uuid key:', this._uuid);
125|            this._cur = Object.assign(this._saveJson);
126|        } else {
127|            this._cur = JsonTool.toObject(read_data) as IArchive;
128|        }
129|
130|        // Add new data input index.
131|        if (this._cur.input_index === undefined) this._cur.input_index = 0;
132|    }
133|
134|    public loadBackup (name: string) {
135|        this._uuid = name;
136|        var data = IO.read(name + '_b0.json');
137|        this._cur = JsonTool.toObject(data) as IArchive;
138|    }
139|
140|    public deleteArchive (name: string) {
141|        UtilArray.remove(this._archiveList!, name);
142|        this.saveArchiveList();
143|        IO.delete(name + '.json');
144|    }
145|
146|    public deleteAllArchive () {
147|        if (this._archiveList) {
148|            this._archiveList.forEach(element => {
149|                IO.delete(element + '.json');
150|            });
151|            this._archiveList = undefined;
152|        }
153|        IO.delete(this._archiveKey + '.json');
154|        IO.delete(this._uuid + '.json');
155|    }
156|
157|    public get<T> (name: string): T {
158|        try {
159|            return this._cur[name];
160|        } catch {
161|            throw new Error(`Save not find key's value. The key is : ${name}`);
162|        }
163|
164|    }
165|
166|    public set<T> (name: string, value: T) {
167|        this._cur[name] = value;
168|        this.saveArchive();
169|    }
170|
171|    setValue (name: string, value: any) {
172|        this._cur[name] = value;
173|    }
174|
175|    public setStatistics (name: string, value: number) {
176|        this._currentStatistics[name] = value;
177|    }
178|
179|    public getStatistics (name: string) {
180|        const value = this._currentStatistics[name];
181|        return value === undefined ? 0 : value;
182|    }
183|
184|    public saveGameOver () {
185|        this.statisticsFinalScore();
186|    }
187|
188|    public clearByKey (key: string) {
189|        this._cur[key] = {};
190|        this.saveArchive();
191|    }
192|
193|    public statisticsTimes (key: string) {
194|        var statKey = key + 'Times'
195|        if (this._currentStatistics[statKey] === undefined) this._currentStatistics[statKey] = 0;
196|        this._currentStatistics[statKey] += 1;
197|    }
198|
199|    public statisticsTime (data: { key: string, time: number }) {
200|        var statKey = data.key + 'Time';
201|        if (this._currentStatistics[statKey] === undefined) this._currentStatistics[statKey] = 0;
202|        this._currentStatistics[statKey] += data.time;
203|    }
204|
205|    public statisticsDistance (data: { key: string, distance: number }) {
206|        var statKey = data.key + 'Distance';
207|        if (this._currentStatistics[statKey] === undefined) this._currentStatistics[statKey] = 0;
208|        this._currentStatistics[statKey] += data.distance;
209|    }
210|
211|    public statisticsValue (key: string): number {
212|        return this._currentStatistics[key];
213|    }
214|
215|    public statisticsFinalScore () {
216|        for (let k in this._currentStatistics) {
217|            this._cur.statistics[k] += this._currentStatistics[k];
218|        }
219|    }
220|
221|    public nextStatistics () {
222|        if (this._cur.history_index === undefined) this._cur.history_index = -1;
223|
224|        this._cur.history_index++;
225|
226|        if (this._cur.history_index > max_history_statistics)
227|            this._cur.history_index = 0;
228|
229|        if (this._cur.history === undefined) this._cur.history = [];
230|
231|        if (this._cur.history_index >= this._cur.history.length) {
232|            this._cur.history.push({});
233|        }
234|
235|        this._currentStatistics = this._cur.history[this._cur.history_index];
236|
237|    }
238|
239|}
240|
241|export interface IArchive {
242|
243|    totalTime: number;
244|    playTimes: 0;
245|    language: string;
246|    name: string;
247|    nickname: string;
248|    money: number;
249|    guideIndex: 0;
250|    mapAutoIndex: 10;
251|}
2024-11-28 21:41:30,733 - INFO Retriever 0 - 

————————————————————————————————————————————————————————————————
2024-11-28 21:41:30,733 - INFO Retriever 0 - 当前窗口总长度：19
2024-11-28 21:41:30,734 - INFO Retriever 0 - 当前更新窗口长度：10
2024-11-28 21:41:30,734 - INFO Retriever 0 - 当前更新窗口长度：10
2024-11-28 21:41:30,734 - INFO Retriever 0 - ————————————————————————————————————————————————————————————————


2024-11-28 21:41:41,687 - INFO Retriever 0 - Agent主脑给出的回答为：{
    "deep_think": {
        "thoughts": "通过阅读D:/my_file/MyFile/YunSi/Project/Games/Cocos/CocosCyberpunk_all/CocosCyberpunk/assets/scripts/logic/level/level.ts 和 D:/my_file/MyFile/YunSi/Project/Games/Cocos/CocosCyberpunk_all/CocosCyberpunk/assets/scripts/logic/data/save.ts 这两个文件的内容，我了解到游戏中统计玩家最终得分的逻辑是如何实现的。\\n\\n在level.ts文件中，`calculateScore`函数负责计算关卡得分，它通过读取玩家在关卡中的表现数据，如击杀数、命中率、闪避率以及生存时间等，根据预设的得分公式计算出最终的关卡得分。\\n\\n在save.ts文件中，`Save`类负责管理游戏数据的保存和加载，包括统计数据和游戏结束时的最终得分统计。`Save`类中的`statisticsFinalScore`函数会将当前统计的数据累加到历史统计数据中，以便于后续的得分统计和分析。\\n\\n综上所述，游戏中统计玩家最终得分的逻辑是通过在关卡结束时调用`calculateScore`函数来实现的，该函数会根据玩家的游戏表现计算出得分，并将得分保存到`Save`类中。"
    }
}
2024-11-28 21:41:41,688 - INFO Retriever 0 - 是否成功解析：True
2024-11-28 21:41:41,688 - INFO Retriever 0 - operation_type (__det_dir_action):
2024-11-28 21:41:41,688 - INFO Retriever 0 - deep_think
2024-11-28 21:41:41,688 - INFO Retriever 0 - 

——————————————————————————————————————————————————————————————————————————————————————————————————————————————————————————
2024-11-28 21:41:41,689 - INFO Retriever 0 - Assistant:
2024-11-28 21:41:41,689 - INFO Retriever 0 - {
    "deep_think": {
        "thoughts": "通过阅读D:/my_file/MyFile/YunSi/Project/Games/Cocos/CocosCyberpunk_all/CocosCyberpunk/assets/scripts/logic/level/level.ts 和 D:/my_file/MyFile/YunSi/Project/Games/Cocos/CocosCyberpunk_all/CocosCyberpunk/assets/scripts/logic/data/save.ts 这两个文件的内容，我了解到游戏中统计玩家最终得分的逻辑是如何实现的。\\n\\n在level.ts文件中，`calculateScore`函数负责计算关卡得分，它通过读取玩家在关卡中的表现数据，如击杀数、命中率、闪避率以及生存时间等，根据预设的得分公式计算出最终的关卡得分。\\n\\n在save.ts文件中，`Save`类负责管理游戏数据的保存和加载，包括统计数据和游戏结束时的最终得分统计。`Save`类中的`statisticsFinalScore`函数会将当前统计的数据累加到历史统计数据中，以便于后续的得分统计和分析。\\n\\n综上所述，游戏中统计玩家最终得分的逻辑是通过在关卡结束时调用`calculateScore`函数来实现的，该函数会根据玩家的游戏表现计算出得分，并将得分保存到`Save`类中。"
    }
}
2024-11-28 21:41:41,689 - INFO Retriever 0 - dict_keys(['deep_think'])
2024-11-28 21:41:41,689 - INFO Retriever 0 - Agent主脑给出的行动：deep_think
参数：{'thoughts': '通过阅读D:/my_file/MyFile/YunSi/Project/Games/Cocos/CocosCyberpunk_all/CocosCyberpunk/assets/scripts/logic/level/level.ts 和 D:/my_file/MyFile/YunSi/Project/Games/Cocos/CocosCyberpunk_all/CocosCyberpunk/assets/scripts/logic/data/save.ts 这两个文件的内容，我了解到游戏中统计玩家最终得分的逻辑是如何实现的。\\n\\n在level.ts文件中，`calculateScore`函数负责计算关卡得分，它通过读取玩家在关卡中的表现数据，如击杀数、命中率、闪避率以及生存时间等，根据预设的得分公式计算出最终的关卡得分。\\n\\n在save.ts文件中，`Save`类负责管理游戏数据的保存和加载，包括统计数据和游戏结束时的最终得分统计。`Save`类中的`statisticsFinalScore`函数会将当前统计的数据累加到历史统计数据中，以便于后续的得分统计和分析。\\n\\n综上所述，游戏中统计玩家最终得分的逻辑是通过在关卡结束时调用`calculateScore`函数来实现的，该函数会根据玩家的游戏表现计算出得分，并将得分保存到`Save`类中。', 'repeat_counter': 1, 'continue_think_counter': 1}
2024-11-28 21:41:41,689 - INFO Retriever 0 - Observer: 好的，请继续你的下一步行动或思考。
2024-11-28 21:41:41,691 - INFO Retriever 0 - 

————————————————————————————————————————————————————————————————
2024-11-28 21:41:41,692 - INFO Retriever 0 - 当前窗口总长度：21
2024-11-28 21:41:41,692 - INFO Retriever 0 - 当前更新窗口长度：12
2024-11-28 21:41:41,692 - INFO Retriever 0 - 当前更新窗口长度：12
2024-11-28 21:41:41,692 - INFO Retriever 0 - ————————————————————————————————————————————————————————————————


2024-11-28 21:41:45,245 - INFO Retriever 0 - Agent主脑给出的回答为：{
    "finish": "我已完成你所给出的任务需求，请你进行确认"
}
2024-11-28 21:41:45,246 - INFO Retriever 0 - 是否成功解析：True
2024-11-28 21:41:45,246 - INFO Retriever 0 - operation_type (__det_dir_action):
2024-11-28 21:41:45,246 - INFO Retriever 0 - finish
2024-11-28 21:41:45,246 - INFO Retriever 0 - 

——————————————————————————————————————————————————————————————————————————————————————————————————————————————————————————
2024-11-28 21:41:45,246 - INFO Retriever 0 - Assistant:
2024-11-28 21:41:45,247 - INFO Retriever 0 - {
    "finish": "我已完成你所给出的任务需求，请你进行确认"
}
2024-11-28 21:41:45,247 - INFO Retriever 0 - dict_keys(['finish'])
2024-11-28 21:41:45,247 - INFO Retriever 0 - ——————————————————————————————————— 任务结束 ———————————————————————————————————
2024-11-28 21:41:45,248 - INFO Retriever 0 - 

————————————————————————————————————————————————————————————————
2024-11-28 21:41:45,248 - INFO Retriever 0 - 当前窗口总长度：21
2024-11-28 21:41:45,248 - INFO Retriever 0 - 当前更新窗口长度：12
2024-11-28 21:41:45,248 - INFO Retriever 0 - 当前更新窗口长度：12
2024-11-28 21:41:45,248 - INFO Retriever 0 - ————————————————————————————————————————————————————————————————


2024-11-28 21:41:57,748 - INFO Retriever 0 - -------------------------Task Report-----------------------
2024-11-28 21:41:57,748 - INFO Retriever 0 - * 文件一：
    * 文件绝对路径：D:/my_file/MyFile/YunSi/Project/Games/Cocos/CocosCyberpunk_all/CocosCyberpunk/assets/scripts/logic/level/level.ts
    * 文件内容概述：该脚本定义了一个名为`Level`的单例类，负责管理游戏关卡的生命周期，包括初始化、开始、暂停、恢复、重新开始和更新关卡状态的方法。类中包含了关卡数据、玩家、敌人、资源等关键属性，并能处理关卡开始、敌人添加、物品掉落等事件，在游戏结束时计算得分。
    * 该文件与问题目标之间的关联性：高度相关。该文件中定义的`Level`类直接涉及到游戏得分的计算，是管理游戏关卡的核心类，其中包含的`calculateScore`函数负责计算玩家在关卡中的得分。

* 文件二：
    * 文件绝对路径：D:/my_file/MyFile/YunSi/Project/Games/Cocos/CocosCyberpunk_all/CocosCyberpunk/assets/scripts/logic/data/save.ts
    * 文件内容概述：该脚本定义了一个名为`Save`的单例类，用于管理游戏数据的保存与加载，包括创建、备份、加载和删除玩家档案的功能。`Save`类还支持数据统计，包括时间、次数和距离等，并在游戏结束时进行最终得分统计。
    * 该文件与问题目标之间的关联性：相关。虽然该文件的主要功能是数据的保存与加载，但它也包含了游戏结束时的得分统计，这与问题中关于统计玩家最终得分的逻辑实现有关联。

以上是本次项目文件搜索过程中所搜索到的所有与问题目标相关的文件绝对路径及其内容概述，以及它们与问题目标之间可能的关联性。
2024-11-28 21:41:57,749 - INFO Retriever 0 - 
Token Consuming:49861

2024-11-28 21:41:57,749 - INFO Retriever 0 - 
history rounds:11

