2024-11-02 22:30:04,584 - INFO Retriever 0 - Init Retriever.
2024-11-02 22:32:16,643 - INFO Retriever 0 - keywords:“actual”，“实际”，“Switch”，“开始按钮”，“Begin button”，“菜单”，“menu”，“current”，“bill of fare”，“开始”，“按钮”，“Button”，“主”，“master”，“主菜单”，“Commencement”
2024-11-02 22:32:16,643 - INFO Retriever 0 - deep_think_conent
:在获取了项目文件的顶层结构后，我还需要结合待查询的问题描述，对于项目中的文件和目录进行一些深度关键词检索。根据任务描述：“请在D:/Unity/Survaval\Assets下各级目录中寻找：从主菜单进入实际游戏的开始按钮的代码逻辑在什么地方实现的？”，我总结出如下可能会出现在各个文件名或者文件内容中的关键词：“actual”，“实际”，“Switch”，“开始按钮”，“Begin button”，“菜单”，“menu”，“current”，“bill of fare”，“开始”，“按钮”，“Button”，“主”，“master”，“主菜单”，“Commencement”。
接下来，我将使用retrieve_keywords操作，在项目顶层路径“D:/Unity/Survaval\Assets”下检索这些关键词，从而大致把握可能与问题描述相关的文件或目录的路径。
2024-11-02 22:32:16,643 - INFO Retriever 0 - ——————————————————————————————————————————————————————————————————————————————————————————————————————————————————————————
2024-11-02 22:32:16,643 - INFO Retriever 0 - Assistant:
2024-11-02 22:32:16,643 - INFO Retriever 0 - {
    "deep_think": {
        "thoughts": "好的，接下来我将通过深度思考、仔细计划以及逐步执行的方式，来完成该任务。\n\n首先，在阅读详细的代码细节之前，应该先整体把握整个项目。\n\n在提供的可选的action中，可以通过get_folder_info操作，通过将项目顶层路径作为target_folder_path参数进行传入，来获取获取项目中主要文件夹和主要文件的描述，从而能够先大致把握项目文件的主要文件的文件树结构、基本内容、主要代码概述以及大致功能板块的分布。"
    }
}
2024-11-02 22:32:16,643 - INFO Retriever 0 - 
Observer:
2024-11-02 22:32:16,643 - INFO Retriever 0 - 好的，请继续你的下一步行动或思考。
2024-11-02 22:32:16,643 - INFO Retriever 0 - 
2024-11-02 22:32:16,695 - INFO Retriever 0 - ——————————————————————————————————————————————————————————————————————————————————————————————————————————————————————————
2024-11-02 22:32:16,695 - INFO Retriever 0 - Assistant:
2024-11-02 22:32:16,695 - INFO Retriever 0 - {
    "get_folder_info": {
        "target_folder_path": "D:/Unity/Survaval\\Assets"
    }
}
2024-11-02 22:32:16,695 - INFO Retriever 0 - 
Observer:
2024-11-02 22:32:16,697 - INFO Retriever 0 - 目标文件夹路径：D:/Unity/Survaval\Assets
文件结构树（该结构树可能不完整，仅返回深度小于等于1层的子文件以及文件夹）：
├── AddressableAssetsData
│   ├── AddressableAssetSettings.asset
│   ├── Android
│   ├── AssetGroupTemplates
│   ├── AssetGroups
│   ├── DataBuilders
│   ├── DefaultObject.asset
│   ├── iOS
├── AmplifyShaderEditor
│   ├── AmplifyShaderEditor.asmdef
│   ├── ChangeLog.txt
│   ├── CreatingTerrainsWithASE.txt
│   ├── Plugins
│   ├── Readme.txt
├── BlobHashMaps
│   ├── BlobBuilderExtensions.cs
│   ├── BlobHashMap.cs
│   ├── BlobHashMapIntInt.cs
│   ├── BlobHashMaps.asmdef
│   ├── BlobMultiHashMap.cs
│   ├── Data
├── BuildReport
│   ├── CustomBuildScriptExample.txt
│   ├── GUI
│   ├── README.txt
│   ├── Scripts
│   ├── VERSION.txt
│   ├── license.txt
├── CapturePath
├── DamageNumbersPro
│   ├── DamageNumbersPro.asmdef
│   ├── Documentation.url
│   ├── Editor
│   ├── Fonts
│   ├── Materials
│   ├── Scripts
├── Editor
│   ├── ChannelSetting.cs
│   ├── OrbiteExtenedEditor.cs
│   ├── Resources
│   ├── ShaderStripSettings
├── Editor Default Resources
│   ├── MasterAudio
├── EnhancedScroller v2
│   ├── ChangeLog.txt
│   ├── Documentation
│   ├── Plugins
│   ├── Tutorials
│   ├── readme.txt
│   ├── upgrading from 1.x to 2.x.txt
├── FlockBox
│   ├── Classic
│   ├── DOTS
│   ├── Flock Box Manual.pdf
├── Gizmos
│   ├── MasterAudio
├── Magic Spells Sound Effects V2.0
│   ├── Casting Loops
│   ├── Element Scholls
│   ├── General Spell
│   ├── Medieval Combat Sounds BONUS
│   ├── Special Attack
├── Pixel Arsenal
│   ├── Demo
│   ├── Materials
│   ...
│   ├── Textures
├── Plugins
│   ├── Android
│   ├── DarkTonic
│   ├── Demigiant
│   ├── Editor
│   ├── RelationsInspector
│   ├── Sirenix
│   ├── iOS
├── RPG Icons Pixel Art
│   ├── Aeromancer
│   ├── Alchemy1
│   ...
│   ├── Сrossbowman
├── Resources
│   ├── DOTweenSettings.asset
│   ├── MasterAudio
├── SPUM
│   ├── MonsterOrc_Prefabs
│   ├── MonsterUndeadPrefabs
│   ...
│   ├── Sprite_SheetExporter(Beta)
├── StreamingAssets
├── TextMesh Pro
│   ├── Documentation
│   ├── Fonts
│   ├── Resources
│   ├── Shaders
│   ├── Sprites
├── UniversalRenderPipelineGlobalSettings.asset
├── VirtualButtonsForUnity
│   ├── VirtualButtonsForUnity
├── YouLoftSDK
│   ├── PottingMobileSDK
│   ├── PottingMobileServices
│   ...
│   ├── YouloftTemp.cs
├── ZTools
│   ├── GlobalStringBuilder.cs
│   ├── Localization
│   ├── ZTools.asmdef
├── _MyAssets
│   ├── Animations
│   ├── ArtAssets
│   ...
│   ├── URPSettings


其中，部分主要文件及文件夹的信息如下：
1. Assets
# 路径:D:\\Unity\\Survaval\Assets
# 内容概述:“UniversalRenderPipelineGlobalSettings.asset”文件是Unity项目中用于配置通用渲染管道（URP）全局设置的资产。它涵盖了光照模式、阴影质量、后处理效果以及性能优化等关键设置，如光照层配置、阴影质量选择和后处理效果启用，旨在平衡视觉效果与性能表现，以适应不同游戏的需求。

2. AddressableAssetsData
# 路径:D:\\Unity\\Survaval\Assets\AddressableAssetsData
# 内容概述:### 文件夹内容简述

“AddressableAssetsData”文件夹汇集了Unity游戏开发所需的资源管理和配置文件。其中，Android和iOS子文件夹分别管理针对各自平台的资源状态。AssetGroups和AssetGroupTemplates子文件夹则专注于资源打包和内容更新配置，而DataBuilders子文件夹提供了资源管理和场景加载的脚本配置。此外，AddressableAssetSettings.asset文件负责资源加载和优化全局设置，而DefaultObject.asset则定义了Unity脚本组件的配置。整体而言，这些文件共同构成了游戏资源高效管理和优化的框架。

3. AmplifyShaderEditor
# 路径:D:\\Unity\\Survaval\Assets\AmplifyShaderEditor
# 内容概述:“AmplifyShaderEditor”文件夹汇集了Unity游戏开发中Amplify Shader Editor插件的核心组件与资源，包括编辑器脚本、界面资源、版本更新日志和使用指南。其中，“Editor”子文件夹承载着插件的核心逻辑和操作界面，而“EditorResources”则提供了图形用户界面和渲染资源。更新日志“ChangeLog.txt”详细记录了插件的功能迭代和问题修复，而“CreatingTerrainsWithASE.txt”则指导用户如何利用ASE创建地形着色器。遗憾的是，“Readme.txt”因编码错误无法读取，但预计包含插件的基本使用说明。

4. BlobHashMaps
# 路径:D:\\Unity\\Survaval\Assets\BlobHashMaps
# 内容概述:“BlobHashMaps”文件夹汇集了针对Unity游戏引擎优化的数据结构脚本，包括BlobHashMap和BlobMultiHashMap的实现。核心文件如BlobBuilderHashMapData.cs和BlobHashMapData.cs定义了HashMap和只读哈希表，BlobBuilderExtensions.cs扩展了BlobHashMap功能，BlobHashMap.cs和BlobHashMapIntInt.cs则提供了更丰富的操作和构建器功能。BlobHashMaps.asmdef文件定义了模块依赖，而BlobMultiHashMap.cs引入了多哈希映射支持，共同构成了一个高效的数据管理工具集。

5. BuildReport
# 路径:D:\\Unity\\Survaval\Assets\BuildReport
# 内容概述:“BuildReport”文件夹汇集了Unity游戏引擎的构建报告工具及相关资源，包括UI设计资源（如BRTSkin、NativeSkin和NativeSkinExtraIcons）、自动化构建脚本（如CustomBuildScriptExample.txt）和编辑器脚本（位于Scripts/Editor）。此外，它还包含定义特定窗口样式的皮肤文件（BuildReportWindow.guiskin和BuildReportWindowDark.guiskin），以及工具的许可证信息（license.txt）和使用说明（README.txt）。VERSION.txt文件记录了工具的版本更新历史，突出了新增功能和错误修复。

6. CapturePath
# 路径:D:\\Unity\\Survaval\Assets\CapturePath
# 内容概述:该文件夹内容为空。

7. DamageNumbersPro
# 路径:D:\\Unity\\Survaval\Assets\DamageNumbersPro
# 内容概述:“DamageNumbersPro”文件夹汇集了Unity游戏开发所需的资源，包括编辑器脚本、多种风格的字体、材质和游戏逻辑脚本。其中，编辑器脚本用于资源配置，字体和材质丰富了游戏视觉元素，而脚本集合则支撑了游戏的核心逻辑和交互。此外，汇编定义文件和文档链接文件提供了模块化开发和项目文档的便捷访问。

8. Editor
# 路径:D:\\Unity\\Survaval\Assets\Editor
# 内容概述:### 文件夹内容总结

“Editor”文件夹汇集了Unity项目开发所需的资源与工具。其中，**Resources**子文件夹提供游戏与动画设计的视觉素材，包括角色、场景元素和预制游戏单元。**ShaderStripSettings**包含提升渲染质量的Unity脚本组件，而**ChannelSetting.cs**脚本则用于管理不同渠道的SDK和项目配置。此外，**OrbiteExtenedEditor.cs**编辑器扩展脚本增强了文本编辑和屏幕截图功能，辅助设计和开发流程。整体上，这些资源与工具相互关联，共同服务于Unity项目的开发与优化。

9. Editor Default Resources
# 路径:D:\\Unity\\Survaval\Assets\Editor Default Resources
# 内容概述:“Editor Default Resources”文件夹汇集了多种音频处理相关的图标，包括播放、暂停、停止等控制图标，以及复制、删除、保存等操作图标，还有LED灯状态指示和扬声器图标等。这些图标共同服务于音频编辑和界面设计，为用户提供了直观的操作和状态指示。

10. EnhancedScroller v2
# 路径:D:\\Unity\\Survaval\Assets\EnhancedScroller v2
# 内容概述:该“EnhancedScroller v2”文件夹汇集了Unity游戏开发中EnhancedScroller插件的全面资源，包括用户手册、插件代码、教程和更新日志。用户手册详细介绍了插件的使用方法，插件代码则由组件、单元格视图和动画系统等组成，旨在提升UI开发效率。教程资源帮助开发者快速上手，而更新日志和升级指南则提供了插件版本间的变化和升级指导。

11. FlockBox
# 路径:D:\\Unity\\Survaval\Assets\FlockBox
# 内容概述:### 文件夹内容精简总结

“Flock Box”文件夹是Unity游戏开发项目，集成了视觉资源、游戏逻辑脚本和DOTS架构相关资源。其中，**Classic**子文件夹提供游戏场景、预制体和艺术资源，**DOTS**子文件夹则专注于DOTS架构的脚本和材料。项目手册“Flock Box Manual.pdf”详细介绍了项目结构、资源使用和开发指南，为开发者提供了全面的项目操作指导。

12. Gizmos
# 路径:D:\\Unity\\Survaval\Assets\Gizmos
# 内容概述:“Gizmos”文件夹汇集了音频处理相关的图标设计，包括“MasterAudio”品牌标识和“PlaylistController”播放列表控制功能的图标，旨在为音频软件界面提供视觉元素。

13. Magic Spells Sound Effects V2.0
# 路径:D:\\Unity\\Survaval\Assets\Magic Spells Sound Effects V2.0
# 内容概述:“Magic Spells Sound Effects V2.0”文件夹汇集了丰富的音效资源，包括循环施法音效、元素相关施法音效、通用魔法效果、中世纪战斗声音以及特定攻击音效。这些音效覆盖了从增益攻击到治疗，从施法到战斗动作，适用于游戏、影视等多媒体项目，且文件命名清晰，便于快速查找和使用。

14. Pixel Arsenal
# 路径:D:\\Unity\\Survaval\Assets\Pixel Arsenal
# 内容概述:“Pixel Arsenal”文件夹汇集了丰富的游戏开发资源，包括视觉素材（如天空盒和纹理）、预制体（如界面元素和特效）、场景素材、Unity脚本（用于游戏逻辑）和音频效果。这些资源相互关联，共同构建了游戏和视觉效果的基础，适用于Unity等游戏引擎。文件夹内的“ReadMe.txt”文件提供了资源使用指南和潜在的技术支持信息。

15. Plugins
# 路径:D:\\Unity\\Survaval\Assets\Plugins
# 内容概述:“Plugins”文件夹汇集了多平台游戏开发资源，包括Android应用开发工具、Unity游戏资源包如音频和网络同步插件，以及编辑器扩展和iOS应用开发组件。其中，Android子文件夹提供项目配置和第三方库；Unity相关资源如DarkTonic和Demigiant则专注于音频和网络同步，以及动画处理；Editor子文件夹增强Unity编辑器功能；iOS子文件夹涵盖性能监控和广告集成等iOS特有功能。这些资源相互关联，共同构建了一个全面的游戏开发环境。

16. Resources
# 路径:D:\\Unity\\Survaval\Assets\Resources
# 内容概述:### 文件夹内容总结

“Resources”文件夹汇集了Unity游戏项目的关键配置资源，包括“MasterAudioSettings.asset”用于音频处理和插件配置，以及“DOTweenSettings.asset”用于动画和缓动库的详细设置，两者共同确保游戏音效和动画的优化与流畅。

17. RPG Icons Pixel Art
# 路径:D:\\Unity\\Survaval\Assets\RPG Icons Pixel Art
# 内容概述:当然可以。以下是融合后的简短内容：

“Support contact.pdf”文件提供客户支持联系信息，包括电话、电子邮件和在线支持服务，并附有服务时间表、常见问题解答以及用户反馈表单，旨在为用户提供便捷的咨询与支持服务。

18. SPUM
# 路径:D:\\Unity\\Survaval\Assets\SPUM
# 内容概述:“SPUM”文件夹汇集了丰富的游戏开发资源，包括怪物与角色预制体、动画素材、图像资源、字体、材质以及Unity脚本等。它涵盖了从角色模型和动画到编辑器扩展和场景设置的全方位内容，旨在支持游戏开发、3D建模和动画制作项目。文件夹内不同子目录紧密关联，共同构成了一个完整的项目资源库。

19. StreamingAssets
# 路径:D:\\Unity\\Survaval\Assets\StreamingAssets
# 内容概述:“StreamingAssets”文件夹主要存储流媒体应用所需的资源，包括视频、音频和图像文件，以及相关的配置和脚本文件。该文件夹内部分为视频、音频、图像、配置和脚本等子文件夹，各自管理不同类型的媒体资源和播放逻辑配置，以确保资源的高效加载和流式传输。

20. TextMesh Pro
# 路径:D:\\Unity\\Survaval\Assets\TextMesh Pro
# 内容概述:该“TextMesh Pro”文件夹汇集了TextMesh Pro软件的用户指南、Liberation Sans字体资源、Unity项目资源包以及表情符号素材。其中，用户指南详细介绍了软件操作，Liberation Sans字体提供多种样式，Unity资源包包括字体、材质和精灵资产，着色器文件则专注于图形渲染，而表情符号资源则便于集成到项目中。这些内容相互关联，共同服务于游戏开发与图形设计的需求。

21. VirtualButtonsForUnity
# 路径:D:\\Unity\\Survaval\Assets\VirtualButtonsForUnity
# 内容概述:### 文件夹内容概览

“VirtualButtonsForUnity”文件夹是Unity游戏开发资源，集成了虚拟按钮、方向垫和摇杆预制体及脚本，旨在增强游戏交互体验。内含示例项目、预制体、脚本、图像资源和详细文档，方便开发者快速集成和使用。

22. YouLoftSDK
# 路径:D:\\Unity\\Survaval\Assets\YouLoftSDK
# 内容概述:### 文件夹内容总结

“YouLoftSDK”文件夹是Unity游戏开发者的综合工具包，集成了广告管理、支付、用户管理、数据同步等功能模块。其中，**PottingMobileSDK** 提供了Android和iOS平台的插件和脚本，**PottingMobileServices** 则包含了跨平台服务接口和功能脚本。广告管理、支付、礼包兑换等具体功能由 **YouLoftAd.cs**、**YouLoftPay.cs** 和 **YouLoftRedeemcode.cs** 等文件实现，而 **YouLoftSDKManager.cs** 负责管理这些模块，确保它们协同工作。此外，**YouLoftLogin.cs** 处理用户登录，**YouLoftEvent.cs** 和 **YouloftTemp.cs** 分别提供事件跟踪和配置同步功能，共同支撑游戏的整体运行。

23. ZTools
# 路径:D:\\Unity\\Survaval\Assets\ZTools
# 内容概述:### 文件夹内容总结
“ZTools”文件夹汇集了Unity游戏开发中本地化和字符串操作的工具。其中，包含用于本地化文本管理的脚本，如`StaticLocalizedText.cs`和`StaticLocalizedText_UGUI.cs`，以及`Strings.cs`用于管理本地化字符串。此外，`GlobalStringBuilder.cs`提供了全局字符串构建功能，优化了字符串操作性能。而“ZTools.asmdef”文件则定义了项目中的“ZTools”程序集，管理着相关脚本文件的引用和编译。这些工具共同构成了一个高效且模块化的开发环境。

24. _MyAssets
# 路径:D:\\Unity\\Survaval\Assets\_MyAssets
# 内容概述:“_MyAssets”文件夹是游戏开发的核心资源库，汇集了动画、艺术资产、音频、数据配置、编辑器资源、字体、图标、脚本、着色器等关键文件，以及预制体和场景设计。它为游戏提供了丰富的视觉和音频效果，并通过详细的配置文件和脚本实现了复杂的游戏逻辑和交互。文件夹内资源相互关联，共同支撑起游戏的整体架构和功能实现。

25. UniversalRenderPipelineGlobalSettings.asset
# 路径:D:\\Unity\\Survaval\Assets\UniversalRenderPipelineGlobalSettings.asset
# 内容概述:### 简化总结

该文件是Unity的通用渲染管道全局设置配置，定义了8个光照层（如Light Layer default至Light Layer 7）。它还包含了性能优化设置，如移除调试变体和未使用变体，以及不支持运行时调试显示。


2024-11-02 22:32:16,699 - INFO Retriever 0 - 
2024-11-02 22:32:16,700 - INFO Retriever 0 - ——————————————————————————————————————————————————————————————————————————————————————————————————————————————————————————
2024-11-02 22:32:16,700 - INFO Retriever 0 - Assistant:
2024-11-02 22:32:16,700 - INFO Retriever 0 - {
    "deep_think": {
        "thoughts": "在获取了项目文件的顶层结构后，我还需要结合待查询的问题描述，对于项目中的文件和目录进行一些深度关键词检索。根据任务描述：“请在D:/Unity/Survaval\\Assets下各级目录中寻找：从主菜单进入实际游戏的开始按钮的代码逻辑在什么地方实现的？”，我总结出如下可能会出现在各个文件名或者文件内容中的关键词：“actual”，“实际”，“Switch”，“开始按钮”，“Begin button”，“菜单”，“menu”，“current”，“bill of fare”，“开始”，“按钮”，“Button”，“主”，“master”，“主菜单”，“Commencement”。\n接下来，我将使用retrieve_keywords操作，在项目顶层路径“D:/Unity/Survaval\\Assets”下检索这些关键词，从而大致把握可能与问题描述相关的文件或目录的路径。"
    }
}
2024-11-02 22:32:16,701 - INFO Retriever 0 - 
Observer:
2024-11-02 22:32:16,701 - INFO Retriever 0 - 好的，请继续你的下一步行动或思考。
2024-11-02 22:32:16,701 - INFO Retriever 0 - 
2024-11-02 22:32:17,631 - INFO Retriever 0 - ——————————————————————————————————————————————————————————————————————————————————————————————————————————————————————————
2024-11-02 22:32:17,631 - INFO Retriever 0 - Assistant:
2024-11-02 22:32:17,633 - INFO Retriever 0 - {
    "retrieve_keywords": {
        "keyword_list": [
            "actual",
            "实际",
            "Switch",
            "开始按钮",
            "Begin button",
            "菜单",
            "menu",
            "current",
            "bill of fare",
            "开始",
            "按钮",
            "Button",
            "主",
            "master",
            "主菜单",
            "Commencement"
        ]
    }
}
2024-11-02 22:32:17,633 - INFO Retriever 0 - 
Observer:
2024-11-02 22:32:17,633 - INFO Retriever 0 - 根据你提供的关键词，我检索到以下目录或文件，它们的绝对路径如下：


1. D:\\Unity\\Survaval\Library\PackageCache\com.unity.timeline@1.6.4\Documentation~\images\workflow_nesting_master.png
这是一个名为“workflow_nesting_master.png”的文件。

2. D:\\Unity\\Survaval\Assets\Editor Default Resources\MasterAudio\inspector_header_master_audio.png
这是一个名为“inspector_header_master_audio.png”的文件。

3. D:\\Unity\\Survaval\Assets\_MyAssets\Scenes\start_menu.unity
这是一个名为“start_menu.unity”的文件。

4. D:\\Unity\\Survaval\Library\PackageCache\com.unity.timeline@1.6.4\Documentation~\images\timeline_cog_menu.png
这是一个名为“timeline_cog_menu.png”的文件。

5. D:\\Unity\\Survaval\Library\PackageCache\com.unity.timeline@1.6.4\Documentation~\images\timeline_workflow_keyframing_menu.png
这是一个名为“timeline_workflow_keyframing_menu.png”的文件。

6. D:\\Unity\\Survaval\Library\PackageCache\com.unity.timeline@1.6.4\Documentation~\images\timeline_workflow_recorded_clip_track_menu.png
这是一个名为“timeline_workflow_recorded_clip_track_menu.png”的文件。

7. D:\\Unity\\Survaval\Library\PackageCache\com.unity.inputsystem@1.4.1\InputSystem\Plugins\Switch
这是一个名为“Switch”的文件夹。

8. D:\\Unity\\Survaval\Packages\com.unity.entities@0.17.0-preview.41\Unity.Entities\Stubs\Unity.Assertions\Assert.cs
该脚本定义了`Unity.Assertions.Assert`命名空间下的`Assert`静态类，提供了一系列断言方法，如`IsTrue`、`IsFalse`、`IsNull`、`IsNotNull`等，用于在Unity开发环境中验证条件、对象和值。这些方法首先进行本地检查，若条件不满足则调用Unity内置的断言方法，并可能附带错误消息。代码通过预处理器指令根据Unity运行时环境和断言启用状态，选择使用自定义或内置实现。


请注意，这些目录或文件可能不全都和你的任务目标相关，仅供参考。请你基于具体的文件内容概述，结合你的任务目标，认真思考分析后，优先选择最有可能与任务相关的目录或文件进行进一步的检查。
2024-11-02 22:32:17,633 - INFO Retriever 0 - 
2024-11-02 22:32:34,159 - INFO Retriever 0 - Agent主脑给出的回答为：{
    "deep_think": {
        "thoughts": "根据检索到的目录和文件，我们可以看到其中一些与任务相关的可能性较高。例如，路径D:\\Unity\\Survaval\\Assets\_MyAssets\\Scenes\\start_menu.unity可能包含与主菜单相关的场景设置，因此它是一个值得检查的潜在位置。此外，路径D:\\Unity\\Survaval\\Library\\PackageCache\\com.unity.inputsystem@1.4.1\InputSystem\\Plugins\\Switch可能包含与输入系统相关的代码，这也可能与开始按钮的逻辑有关。然而，由于这些文件和目录可能包含大量与任务无关的内容，我需要进一步检查这些文件以确定它们是否包含所需的代码逻辑。我将首先检查start_menu.unity文件，因为它直接与“主菜单”相关。"
    }
}
2024-11-02 22:32:34,275 - INFO Retriever 0 - 是否成功解析：True
2024-11-02 22:32:34,360 - INFO Retriever 0 - operation_type (__det_dir_action):
2024-11-02 22:32:34,457 - INFO Retriever 0 - deep_think
2024-11-02 22:32:34,494 - INFO Retriever 0 - 

——————————————————————————————————————————————————————————————————————————————————————————————————————————————————————————
2024-11-02 22:32:34,609 - INFO Retriever 0 - Assistant:
2024-11-02 22:32:34,756 - INFO Retriever 0 - {
    "deep_think": {
        "thoughts": "根据检索到的目录和文件，我们可以看到其中一些与任务相关的可能性较高。例如，路径D:\\Unity\\Survaval\\Assets_MyAssets\\Scenes\\start_menu.unity可能包含与主菜单相关的场景设置，因此它是一个值得检查的潜在位置。此外，路径D:\\Unity\\Survaval\\Library\\PackageCache\\com.unity.inputsystem@1.4.1\\InputSystem\\Plugins\\Switch可能包含与输入系统相关的代码，这也可能与开始按钮的逻辑有关。然而，由于这些文件和目录可能包含大量与任务无关的内容，我需要进一步检查这些文件以确定它们是否包含所需的代码逻辑。我将首先检查start_menu.unity文件，因为它直接与“主菜单”相关。"
    }
}
2024-11-02 22:32:34,827 - INFO Retriever 0 - dict_keys(['deep_think'])
2024-11-02 22:32:34,964 - INFO Retriever 0 - Agent主脑给出的行动：deep_think
参数：{'thoughts': '根据检索到的目录和文件，我们可以看到其中一些与任务相关的可能性较高。例如，路径D:\\Unity\\Survaval\\Assets_MyAssets\\Scenes\\start_menu.unity可能包含与主菜单相关的场景设置，因此它是一个值得检查的潜在位置。此外，路径D:\\Unity\\Survaval\\Library\\PackageCache\\com.unity.inputsystem@1.4.1\\InputSystem\\Plugins\\Switch可能包含与输入系统相关的代码，这也可能与开始按钮的逻辑有关。然而，由于这些文件和目录可能包含大量与任务无关的内容，我需要进一步检查这些文件以确定它们是否包含所需的代码逻辑。我将首先检查start_menu.unity文件，因为它直接与“主菜单”相关。', 'repeat_counter': 1, 'continue_think_counter': 1}
2024-11-02 22:32:35,048 - INFO Retriever 0 - Observer: 好的，请继续你的下一步行动或思考。
2024-11-02 22:32:35,084 - INFO Retriever 0 - 

————————————————————————————————————————————————————————————————
2024-11-02 22:32:35,084 - INFO Retriever 0 - 当前窗口总长度：11
2024-11-02 22:32:35,084 - INFO Retriever 0 - 当前更新窗口长度：2
2024-11-02 22:32:35,086 - INFO Retriever 0 - 当前更新窗口长度：2
2024-11-02 22:32:35,087 - INFO Retriever 0 - ————————————————————————————————————————————————————————————————


2024-11-02 22:32:37,153 - INFO Retriever 0 - Agent主脑给出的回答为：{
    "read_file": {
        "file_path": "D:\\Unity\\Survaval\\Assets_MyAssets\\Scenes\\start_menu.unity"
    }
}
2024-11-02 22:32:37,153 - INFO Retriever 0 - 是否成功解析：True
2024-11-02 22:32:37,154 - INFO Retriever 0 - operation_type (__det_dir_action):
2024-11-02 22:32:37,154 - INFO Retriever 0 - read_file
2024-11-02 22:32:37,154 - INFO Retriever 0 - 

——————————————————————————————————————————————————————————————————————————————————————————————————————————————————————————
2024-11-02 22:32:37,154 - INFO Retriever 0 - Assistant:
2024-11-02 22:32:37,154 - INFO Retriever 0 - {
    "read_file": {
        "file_path": "D:\\Unity\\Survaval\\Assets_MyAssets\\Scenes\\start_menu.unity"
    }
}
2024-11-02 22:32:37,155 - INFO Retriever 0 - dict_keys(['read_file'])
2024-11-02 22:32:37,155 - INFO Retriever 0 - Agent主脑给出的行动：read_file
参数：{'file_path': 'D:\\Unity\\Survaval\\Assets_MyAssets\\Scenes\\start_menu.unity', 'top_path': 'D:/Unity/Survaval\\Assets', 'return_file_sum': <bound method TreeGenerationAction.return_file_sum of <Action.tree_gen_action.TreeGenerationAction object at 0x000001E4E3450310>>}
2024-11-02 22:32:37,155 - INFO Retriever 0 - Observer: 这是一个名为“start_menu.unity”的文件。
2024-11-02 22:32:37,156 - INFO Retriever 0 - 

————————————————————————————————————————————————————————————————
2024-11-02 22:32:37,156 - INFO Retriever 0 - 当前窗口总长度：13
2024-11-02 22:32:37,156 - INFO Retriever 0 - 当前更新窗口长度：4
2024-11-02 22:32:37,158 - INFO Retriever 0 - 当前更新窗口长度：4
2024-11-02 22:32:37,158 - INFO Retriever 0 - ————————————————————————————————————————————————————————————————


2024-11-02 22:32:39,530 - INFO Retriever 0 - Agent主脑给出的回答为：{
    "deep_think": {
        "thoughts": "由于“start_menu.unity”是一个Unity场景文件，它主要包含场景的设置和对象，而不是代码逻辑。因此，这个文件不太可能包含从主菜单进入实际游戏的开始按钮的代码逻辑。接下来，我将检查路径D:\\Unity\\Survaval\\Library\\PackageCache\\com.unity.inputsystem@1.4.1\\InputSystem\\Plugins\\Switch，因为这个路径可能与输入系统相关，而开始按钮通常与输入事件相关联。"
    }
}
2024-11-02 22:32:39,530 - INFO Retriever 0 - 是否成功解析：True
2024-11-02 22:32:39,530 - INFO Retriever 0 - operation_type (__det_dir_action):
2024-11-02 22:32:39,530 - INFO Retriever 0 - deep_think
2024-11-02 22:32:39,530 - INFO Retriever 0 - 

——————————————————————————————————————————————————————————————————————————————————————————————————————————————————————————
2024-11-02 22:32:39,530 - INFO Retriever 0 - Assistant:
2024-11-02 22:32:39,530 - INFO Retriever 0 - {
    "deep_think": {
        "thoughts": "由于“start_menu.unity”是一个Unity场景文件，它主要包含场景的设置和对象，而不是代码逻辑。因此，这个文件不太可能包含从主菜单进入实际游戏的开始按钮的代码逻辑。接下来，我将检查路径D:\\Unity\\Survaval\\Library\\PackageCache\\com.unity.inputsystem@1.4.1\\InputSystem\\Plugins\\Switch，因为这个路径可能与输入系统相关，而开始按钮通常与输入事件相关联。"
    }
}
2024-11-02 22:32:39,530 - INFO Retriever 0 - dict_keys(['deep_think'])
2024-11-02 22:32:39,530 - INFO Retriever 0 - Agent主脑给出的行动：deep_think
参数：{'thoughts': '由于“start_menu.unity”是一个Unity场景文件，它主要包含场景的设置和对象，而不是代码逻辑。因此，这个文件不太可能包含从主菜单进入实际游戏的开始按钮的代码逻辑。接下来，我将检查路径D:\\Unity\\Survaval\\Library\\PackageCache\\com.unity.inputsystem@1.4.1\\InputSystem\\Plugins\\Switch，因为这个路径可能与输入系统相关，而开始按钮通常与输入事件相关联。', 'repeat_counter': 1, 'continue_think_counter': 1}
2024-11-02 22:32:39,535 - INFO Retriever 0 - Observer: 好的，请继续你的下一步行动或思考。
2024-11-02 22:32:39,535 - INFO Retriever 0 - 

————————————————————————————————————————————————————————————————
2024-11-02 22:32:39,536 - INFO Retriever 0 - 当前窗口总长度：15
2024-11-02 22:32:39,536 - INFO Retriever 0 - 当前更新窗口长度：6
2024-11-02 22:32:39,536 - INFO Retriever 0 - 当前更新窗口长度：6
2024-11-02 22:32:39,537 - INFO Retriever 0 - ————————————————————————————————————————————————————————————————


2024-11-02 22:32:41,472 - INFO Retriever 0 - Agent主脑给出的回答为：{
    "get_folder_info": {
        "target_folder_path": "D:\\Unity\\Survaval\\Library\\PackageCache\\com.unity.inputsystem@1.4.1\\InputSystem\\Plugins\\Switch"
    }
}
2024-11-02 22:32:41,472 - INFO Retriever 0 - 是否成功解析：True
2024-11-02 22:32:41,473 - INFO Retriever 0 - operation_type (__det_dir_action):
2024-11-02 22:32:41,473 - INFO Retriever 0 - get_folder_info
2024-11-02 22:32:41,473 - INFO Retriever 0 - 

——————————————————————————————————————————————————————————————————————————————————————————————————————————————————————————
2024-11-02 22:32:41,473 - INFO Retriever 0 - Assistant:
2024-11-02 22:32:41,474 - INFO Retriever 0 - {
    "get_folder_info": {
        "target_folder_path": "D:\\Unity\\Survaval\\Library\\PackageCache\\com.unity.inputsystem@1.4.1\\InputSystem\\Plugins\\Switch"
    }
}
2024-11-02 22:32:41,474 - INFO Retriever 0 - dict_keys(['get_folder_info'])
2024-11-02 22:32:41,474 - INFO Retriever 0 - Agent主脑给出的行动：get_folder_info
参数：{'target_folder_path': 'D:\\Unity\\Survaval\\Library\\PackageCache\\com.unity.inputsystem@1.4.1\\InputSystem\\Plugins\\Switch'}
2024-11-02 22:32:41,930 - INFO Retriever 0 - Observer: 目标文件夹路径：D:\Unity\Survaval\Library\PackageCache\com.unity.inputsystem@1.4.1\InputSystem\Plugins\Switch
文件结构树（该结构树可能不完整，仅返回深度小于等于1层的子文件以及文件夹）：
├── SwitchProControllerHID.cs
├── SwitchSupportHID.cs


其中，部分主要文件及文件夹的信息如下：
1. Switch
# 路径:D:\\Unity\\Survaval\Library\PackageCache\com.unity.inputsystem@1.4.1\InputSystem\Plugins\Switch
# 内容概述:这是一个名为“Switch”的文件夹。

2. SwitchProControllerHID.cs
# 路径:D:\\Unity\\Survaval\Library\PackageCache\com.unity.inputsystem@1.4.1\InputSystem\Plugins\Switch\SwitchProControllerHID.cs
# 内容概述:这是一个名为“SwitchProControllerHID.cs”的文件。

3. SwitchSupportHID.cs
# 路径:D:\\Unity\\Survaval\Library\PackageCache\com.unity.inputsystem@1.4.1\InputSystem\Plugins\Switch\SwitchSupportHID.cs
# 内容概述:这是一个名为“SwitchSupportHID.cs”的文件。


2024-11-02 22:32:41,931 - INFO Retriever 0 - 

————————————————————————————————————————————————————————————————
2024-11-02 22:32:41,932 - INFO Retriever 0 - 当前窗口总长度：17
2024-11-02 22:32:41,932 - INFO Retriever 0 - 当前更新窗口长度：8
2024-11-02 22:32:41,932 - INFO Retriever 0 - 当前更新窗口长度：8
2024-11-02 22:32:41,933 - INFO Retriever 0 - ————————————————————————————————————————————————————————————————


2024-11-02 22:33:03,485 - INFO Retriever 0 - Agent主脑给出的回答为：{
    "deep_think": {
        "thoughts": "根据获取到的文件夹信息，我们可以看到Switch文件夹下有两个文件：SwitchProControllerHID.cs和SwitchSupportHID.cs。这两个文件看起来与Nintendo Switch的控制器支持有关，而不是与从主菜单进入实际游戏的开始按钮的代码逻辑直接相关。因此，这两个文件不太可能包含所需的代码逻辑。接下来，我将考虑是否需要继续在其它目录中搜索，或者是否需要重新评估关键词列表，以便更准确地定位目标代码。"
    }
}
2024-11-02 22:33:03,485 - INFO Retriever 0 - 是否成功解析：True
2024-11-02 22:33:03,485 - INFO Retriever 0 - operation_type (__det_dir_action):
2024-11-02 22:33:03,485 - INFO Retriever 0 - deep_think
2024-11-02 22:33:03,485 - INFO Retriever 0 - 

——————————————————————————————————————————————————————————————————————————————————————————————————————————————————————————
2024-11-02 22:33:03,485 - INFO Retriever 0 - Assistant:
2024-11-02 22:33:03,485 - INFO Retriever 0 - {
    "deep_think": {
        "thoughts": "根据获取到的文件夹信息，我们可以看到Switch文件夹下有两个文件：SwitchProControllerHID.cs和SwitchSupportHID.cs。这两个文件看起来与Nintendo Switch的控制器支持有关，而不是与从主菜单进入实际游戏的开始按钮的代码逻辑直接相关。因此，这两个文件不太可能包含所需的代码逻辑。接下来，我将考虑是否需要继续在其它目录中搜索，或者是否需要重新评估关键词列表，以便更准确地定位目标代码。"
    }
}
2024-11-02 22:33:03,485 - INFO Retriever 0 - dict_keys(['deep_think'])
2024-11-02 22:33:03,488 - INFO Retriever 0 - Agent主脑给出的行动：deep_think
参数：{'thoughts': '根据获取到的文件夹信息，我们可以看到Switch文件夹下有两个文件：SwitchProControllerHID.cs和SwitchSupportHID.cs。这两个文件看起来与Nintendo Switch的控制器支持有关，而不是与从主菜单进入实际游戏的开始按钮的代码逻辑直接相关。因此，这两个文件不太可能包含所需的代码逻辑。接下来，我将考虑是否需要继续在其它目录中搜索，或者是否需要重新评估关键词列表，以便更准确地定位目标代码。', 'repeat_counter': 1, 'continue_think_counter': 1}
2024-11-02 22:33:03,488 - INFO Retriever 0 - Observer: 好的，请继续你的下一步行动或思考。
2024-11-02 22:33:03,489 - INFO Retriever 0 - 

————————————————————————————————————————————————————————————————
2024-11-02 22:33:03,489 - INFO Retriever 0 - 当前窗口总长度：19
2024-11-02 22:33:03,489 - INFO Retriever 0 - 当前更新窗口长度：10
2024-11-02 22:33:03,489 - INFO Retriever 0 - 当前更新窗口长度：10
2024-11-02 22:33:03,489 - INFO Retriever 0 - ————————————————————————————————————————————————————————————————


2024-11-02 22:33:40,859 - INFO Retriever 0 - Agent主脑给出的回答为：{
    "deep_think": {
        "thoughts": "由于在Switch文件夹下没有找到与任务相关的代码逻辑，我需要重新评估关键词列表，并考虑是否需要进一步扩展搜索范围。此外，我还需要思考是否有其他可能包含开始按钮代码逻辑的文件或目录。例如，可能存在一个名为“MainMenu”的脚本，或者一个名为“Gameplay”的文件夹，其中可能包含从主菜单进入实际游戏的逻辑。我需要进一步分析项目结构，以确定是否有其他潜在的相关文件或目录。"
    }
}
2024-11-02 22:33:40,859 - INFO Retriever 0 - 是否成功解析：True
2024-11-02 22:33:40,859 - INFO Retriever 0 - operation_type (__det_dir_action):
2024-11-02 22:33:40,859 - INFO Retriever 0 - deep_think
2024-11-02 22:33:40,860 - INFO Retriever 0 - 

——————————————————————————————————————————————————————————————————————————————————————————————————————————————————————————
2024-11-02 22:33:40,860 - INFO Retriever 0 - Assistant:
2024-11-02 22:33:40,860 - INFO Retriever 0 - {
    "deep_think": {
        "thoughts": "由于在Switch文件夹下没有找到与任务相关的代码逻辑，我需要重新评估关键词列表，并考虑是否需要进一步扩展搜索范围。此外，我还需要思考是否有其他可能包含开始按钮代码逻辑的文件或目录。例如，可能存在一个名为“MainMenu”的脚本，或者一个名为“Gameplay”的文件夹，其中可能包含从主菜单进入实际游戏的逻辑。我需要进一步分析项目结构，以确定是否有其他潜在的相关文件或目录。"
    }
}
2024-11-02 22:33:40,860 - INFO Retriever 0 - dict_keys(['deep_think'])
2024-11-02 22:33:40,861 - INFO Retriever 0 - Agent主脑给出的行动：deep_think
参数：{'thoughts': '由于在Switch文件夹下没有找到与任务相关的代码逻辑，我需要重新评估关键词列表，并考虑是否需要进一步扩展搜索范围。此外，我还需要思考是否有其他可能包含开始按钮代码逻辑的文件或目录。例如，可能存在一个名为“MainMenu”的脚本，或者一个名为“Gameplay”的文件夹，其中可能包含从主菜单进入实际游戏的逻辑。我需要进一步分析项目结构，以确定是否有其他潜在的相关文件或目录。', 'repeat_counter': 1, 'continue_think_counter': 1}
2024-11-02 22:33:40,861 - INFO Retriever 0 - Observer: 好的，请继续你的下一步行动或思考。
2024-11-02 22:33:40,862 - INFO Retriever 0 - 

————————————————————————————————————————————————————————————————
2024-11-02 22:33:40,863 - INFO Retriever 0 - 当前窗口总长度：21
2024-11-02 22:33:40,863 - INFO Retriever 0 - 当前更新窗口长度：12
2024-11-02 22:33:40,863 - INFO Retriever 0 - 当前更新窗口长度：12
2024-11-02 22:33:40,863 - INFO Retriever 0 - ————————————————————————————————————————————————————————————————


2024-11-02 22:33:44,859 - INFO Retriever 0 - Agent主脑给出的回答为：{
    "deep_think": {
        "thoughts": "考虑到项目结构中可能存在名为“MainMenu”的脚本或“Gameplay”的文件夹，我将重新使用get_folder_info操作来获取D:/Unity/Survaval\\Assets下名为“MainMenu”和“Gameplay”的文件夹信息，以确定是否存在这些文件夹。如果存在，我将进一步检查这些文件夹中的文件，以寻找可能的代码逻辑。"
    }
}
2024-11-02 22:33:44,861 - INFO Retriever 0 - 是否成功解析：True
2024-11-02 22:33:44,861 - INFO Retriever 0 - operation_type (__det_dir_action):
2024-11-02 22:33:44,861 - INFO Retriever 0 - deep_think
2024-11-02 22:33:44,861 - INFO Retriever 0 - 

——————————————————————————————————————————————————————————————————————————————————————————————————————————————————————————
2024-11-02 22:33:44,862 - INFO Retriever 0 - Assistant:
2024-11-02 22:33:44,862 - INFO Retriever 0 - {
    "deep_think": {
        "thoughts": "考虑到项目结构中可能存在名为“MainMenu”的脚本或“Gameplay”的文件夹，我将重新使用get_folder_info操作来获取D:/Unity/Survaval\\Assets下名为“MainMenu”和“Gameplay”的文件夹信息，以确定是否存在这些文件夹。如果存在，我将进一步检查这些文件夹中的文件，以寻找可能的代码逻辑。"
    }
}
2024-11-02 22:33:44,862 - INFO Retriever 0 - dict_keys(['deep_think'])
2024-11-02 22:33:44,863 - INFO Retriever 0 - Agent主脑给出的行动：deep_think
参数：{'thoughts': '考虑到项目结构中可能存在名为“MainMenu”的脚本或“Gameplay”的文件夹，我将重新使用get_folder_info操作来获取D:/Unity/Survaval\\Assets下名为“MainMenu”和“Gameplay”的文件夹信息，以确定是否存在这些文件夹。如果存在，我将进一步检查这些文件夹中的文件，以寻找可能的代码逻辑。', 'repeat_counter': 1, 'continue_think_counter': 2}
2024-11-02 22:33:44,863 - INFO Retriever 0 - Observer: 好的，请继续你的下一步行动或思考。
2024-11-02 22:33:44,864 - INFO Retriever 0 - 

————————————————————————————————————————————————————————————————
2024-11-02 22:33:44,865 - INFO Retriever 0 - 当前窗口总长度：23
2024-11-02 22:33:44,865 - INFO Retriever 0 - 当前更新窗口长度：14
2024-11-02 22:33:44,865 - INFO Retriever 0 - 当前更新窗口长度：14
2024-11-02 22:33:44,865 - INFO Retriever 0 - ————————————————————————————————————————————————————————————————


2024-11-02 22:33:47,026 - INFO Retriever 0 - Agent主脑给出的回答为：{
    "get_folder_info": {
        "target_folder_path": "D:\\Unity\\Survaval\\Assets\\MainMenu"
    }
}
2024-11-02 22:33:47,027 - INFO Retriever 0 - 是否成功解析：True
2024-11-02 22:33:47,027 - INFO Retriever 0 - operation_type (__det_dir_action):
2024-11-02 22:33:47,027 - INFO Retriever 0 - get_folder_info
2024-11-02 22:33:47,027 - INFO Retriever 0 - 

——————————————————————————————————————————————————————————————————————————————————————————————————————————————————————————
2024-11-02 22:33:47,028 - INFO Retriever 0 - Assistant:
2024-11-02 22:33:47,028 - INFO Retriever 0 - {
    "get_folder_info": {
        "target_folder_path": "D:\\Unity\\Survaval\\Assets\\MainMenu"
    }
}
2024-11-02 22:33:47,028 - INFO Retriever 0 - dict_keys(['get_folder_info'])
2024-11-02 22:33:47,029 - INFO Retriever 0 - Agent主脑给出的行动：get_folder_info
参数：{'target_folder_path': 'D:\\Unity\\Survaval\\Assets\\MainMenu'}
2024-11-02 22:33:47,486 - INFO Retriever 0 - Observer: 目标路径D:\Unity\Survaval\Assets\MainMenu不存在。

2024-11-02 22:33:47,486 - INFO Retriever 0 - 

————————————————————————————————————————————————————————————————
2024-11-02 22:33:47,486 - INFO Retriever 0 - 当前窗口总长度：25
2024-11-02 22:33:47,486 - INFO Retriever 0 - 当前更新窗口长度：16
2024-11-02 22:33:47,486 - INFO Retriever 0 - 当前更新窗口长度：16
2024-11-02 22:33:47,486 - INFO Retriever 0 - ————————————————————————————————————————————————————————————————


2024-11-02 22:33:48,811 - INFO Retriever 0 - Agent主脑给出的回答为：{
    "get_folder_info": {
        "target_folder_path": "D:\\Unity\\Survaval\\Assets\\Gameplay"
    }
}
2024-11-02 22:33:48,812 - INFO Retriever 0 - 是否成功解析：True
2024-11-02 22:33:48,812 - INFO Retriever 0 - operation_type (__det_dir_action):
2024-11-02 22:33:48,813 - INFO Retriever 0 - get_folder_info
2024-11-02 22:33:48,813 - INFO Retriever 0 - 

——————————————————————————————————————————————————————————————————————————————————————————————————————————————————————————
2024-11-02 22:33:48,814 - INFO Retriever 0 - Assistant:
2024-11-02 22:33:48,814 - INFO Retriever 0 - {
    "get_folder_info": {
        "target_folder_path": "D:\\Unity\\Survaval\\Assets\\Gameplay"
    }
}
2024-11-02 22:33:48,814 - INFO Retriever 0 - dict_keys(['get_folder_info'])
2024-11-02 22:33:48,815 - INFO Retriever 0 - Agent主脑给出的行动：get_folder_info
参数：{'target_folder_path': 'D:\\Unity\\Survaval\\Assets\\Gameplay'}
2024-11-02 22:33:49,208 - INFO Retriever 0 - Observer: 目标路径D:\Unity\Survaval\Assets\Gameplay不存在。

2024-11-02 22:33:49,211 - INFO Retriever 0 - 

————————————————————————————————————————————————————————————————
2024-11-02 22:33:49,212 - INFO Retriever 0 - 当前窗口总长度：27
2024-11-02 22:33:49,212 - INFO Retriever 0 - 当前更新窗口长度：18
2024-11-02 22:33:49,213 - INFO Retriever 0 - 当前更新窗口长度：18
2024-11-02 22:33:49,213 - INFO Retriever 0 - ————————————————————————————————————————————————————————————————


2024-11-02 22:33:57,867 - INFO Retriever 0 - Agent主脑给出的回答为：{
    "deep_think": {
        "thoughts": "在尝试获取“MainMenu”和“Gameplay”文件夹的信息时，发现这两个路径不存在。这意味着这些文件夹可能并不包含在项目中，或者它们可能被重命名或者移动了。在这种情况下，我需要考虑其他可能的文件夹名称，或者尝试从项目中的其他脚本文件中寻找线索。例如，可能存在一个名为“GameManager”的脚本，它负责处理游戏的主要逻辑，包括从主菜单进入游戏的开始按钮。我将尝试获取“GameManager”文件夹的信息。"
    }
}
2024-11-02 22:33:57,867 - INFO Retriever 0 - 是否成功解析：True
2024-11-02 22:33:57,869 - INFO Retriever 0 - operation_type (__det_dir_action):
2024-11-02 22:33:57,869 - INFO Retriever 0 - deep_think
2024-11-02 22:33:57,869 - INFO Retriever 0 - 

——————————————————————————————————————————————————————————————————————————————————————————————————————————————————————————
2024-11-02 22:33:57,869 - INFO Retriever 0 - Assistant:
2024-11-02 22:33:57,869 - INFO Retriever 0 - {
    "deep_think": {
        "thoughts": "在尝试获取“MainMenu”和“Gameplay”文件夹的信息时，发现这两个路径不存在。这意味着这些文件夹可能并不包含在项目中，或者它们可能被重命名或者移动了。在这种情况下，我需要考虑其他可能的文件夹名称，或者尝试从项目中的其他脚本文件中寻找线索。例如，可能存在一个名为“GameManager”的脚本，它负责处理游戏的主要逻辑，包括从主菜单进入游戏的开始按钮。我将尝试获取“GameManager”文件夹的信息。"
    }
}
2024-11-02 22:33:57,870 - INFO Retriever 0 - dict_keys(['deep_think'])
2024-11-02 22:33:57,871 - INFO Retriever 0 - Agent主脑给出的行动：deep_think
参数：{'thoughts': '在尝试获取“MainMenu”和“Gameplay”文件夹的信息时，发现这两个路径不存在。这意味着这些文件夹可能并不包含在项目中，或者它们可能被重命名或者移动了。在这种情况下，我需要考虑其他可能的文件夹名称，或者尝试从项目中的其他脚本文件中寻找线索。例如，可能存在一个名为“GameManager”的脚本，它负责处理游戏的主要逻辑，包括从主菜单进入游戏的开始按钮。我将尝试获取“GameManager”文件夹的信息。', 'repeat_counter': 1, 'continue_think_counter': 1}
2024-11-02 22:33:57,871 - INFO Retriever 0 - Observer: 好的，请继续你的下一步行动或思考。
2024-11-02 22:33:57,872 - INFO Retriever 0 - 

————————————————————————————————————————————————————————————————
2024-11-02 22:33:57,872 - INFO Retriever 0 - 当前窗口总长度：29
2024-11-02 22:33:57,872 - INFO Retriever 0 - 当前更新窗口长度：20
2024-11-02 22:33:57,872 - INFO Retriever 0 - 当前更新窗口长度：20
2024-11-02 22:33:57,873 - INFO Retriever 0 - ————————————————————————————————————————————————————————————————


2024-11-02 22:34:01,811 - INFO Retriever 0 - Agent主脑给出的回答为：{
    "get_folder_info": {
        "target_folder_path": "D:\\Unity\\Survaval\\Assets\\GameManager"
    }
}
2024-11-02 22:34:01,812 - INFO Retriever 0 - 是否成功解析：True
2024-11-02 22:34:01,812 - INFO Retriever 0 - operation_type (__det_dir_action):
2024-11-02 22:34:01,813 - INFO Retriever 0 - get_folder_info
2024-11-02 22:34:01,813 - INFO Retriever 0 - 

——————————————————————————————————————————————————————————————————————————————————————————————————————————————————————————
2024-11-02 22:34:01,814 - INFO Retriever 0 - Assistant:
2024-11-02 22:34:01,814 - INFO Retriever 0 - {
    "get_folder_info": {
        "target_folder_path": "D:\\Unity\\Survaval\\Assets\\GameManager"
    }
}
2024-11-02 22:34:01,814 - INFO Retriever 0 - dict_keys(['get_folder_info'])
2024-11-02 22:34:01,815 - INFO Retriever 0 - Agent主脑给出的行动：get_folder_info
参数：{'target_folder_path': 'D:\\Unity\\Survaval\\Assets\\GameManager'}
2024-11-02 22:34:02,196 - INFO Retriever 0 - Observer: 目标路径D:\Unity\Survaval\Assets\GameManager不存在。

2024-11-02 22:34:02,197 - INFO Retriever 0 - 

————————————————————————————————————————————————————————————————
2024-11-02 22:34:02,197 - INFO Retriever 0 - 当前窗口总长度：31
2024-11-02 22:34:02,197 - INFO Retriever 0 - 当前更新窗口长度：22
2024-11-02 22:34:02,197 - INFO Retriever 0 - 当前更新窗口长度：22
2024-11-02 22:34:02,198 - INFO Retriever 0 - ————————————————————————————————————————————————————————————————


2024-11-02 22:34:04,114 - INFO Retriever 0 - Agent主脑给出的回答为：{
    "deep_think": {
        "thoughts": "在尝试获取“GameManager”文件夹的信息时，发现该路径也不存在。这表明可能没有一个名为“GameManager”的文件夹。考虑到Unity项目中通常会有一个管理游戏状态的脚本，我可能会考虑检查“GameController”或“GameManager.cs”这样的文件。我将尝试获取包含这些关键词的文件信息。"
    }
}
2024-11-02 22:34:04,114 - INFO Retriever 0 - 是否成功解析：True
2024-11-02 22:34:04,114 - INFO Retriever 0 - operation_type (__det_dir_action):
2024-11-02 22:34:04,114 - INFO Retriever 0 - deep_think
2024-11-02 22:34:04,114 - INFO Retriever 0 - 

——————————————————————————————————————————————————————————————————————————————————————————————————————————————————————————
2024-11-02 22:34:04,114 - INFO Retriever 0 - Assistant:
2024-11-02 22:34:04,114 - INFO Retriever 0 - {
    "deep_think": {
        "thoughts": "在尝试获取“GameManager”文件夹的信息时，发现该路径也不存在。这表明可能没有一个名为“GameManager”的文件夹。考虑到Unity项目中通常会有一个管理游戏状态的脚本，我可能会考虑检查“GameController”或“GameManager.cs”这样的文件。我将尝试获取包含这些关键词的文件信息。"
    }
}
2024-11-02 22:34:04,114 - INFO Retriever 0 - dict_keys(['deep_think'])
2024-11-02 22:34:04,114 - INFO Retriever 0 - Agent主脑给出的行动：deep_think
参数：{'thoughts': '在尝试获取“GameManager”文件夹的信息时，发现该路径也不存在。这表明可能没有一个名为“GameManager”的文件夹。考虑到Unity项目中通常会有一个管理游戏状态的脚本，我可能会考虑检查“GameController”或“GameManager.cs”这样的文件。我将尝试获取包含这些关键词的文件信息。', 'repeat_counter': 1, 'continue_think_counter': 1}
2024-11-02 22:34:04,114 - INFO Retriever 0 - Observer: 好的，请继续你的下一步行动或思考。
2024-11-02 22:34:04,114 - INFO Retriever 0 - 

————————————————————————————————————————————————————————————————
2024-11-02 22:34:04,114 - INFO Retriever 0 - 当前窗口总长度：33
2024-11-02 22:34:04,114 - INFO Retriever 0 - 当前更新窗口长度：24
2024-11-02 22:34:04,114 - INFO Retriever 0 - 当前更新窗口长度：24
2024-11-02 22:34:04,114 - INFO Retriever 0 - ————————————————————————————————————————————————————————————————


2024-11-02 22:34:07,203 - INFO Retriever 0 - Agent主脑给出的回答为：{
    "retrieve_keywords": {
        "keyword_list": [
            "GameController",
            "GameManager.cs"
        ]
    }
}
2024-11-02 22:34:07,203 - INFO Retriever 0 - 是否成功解析：True
2024-11-02 22:34:07,203 - INFO Retriever 0 - operation_type (__det_dir_action):
2024-11-02 22:34:07,203 - INFO Retriever 0 - retrieve_keywords
2024-11-02 22:34:07,203 - INFO Retriever 0 - 

——————————————————————————————————————————————————————————————————————————————————————————————————————————————————————————
2024-11-02 22:34:07,203 - INFO Retriever 0 - Assistant:
2024-11-02 22:34:07,204 - INFO Retriever 0 - {
    "retrieve_keywords": {
        "keyword_list": [
            "GameController",
            "GameManager.cs"
        ]
    }
}
2024-11-02 22:34:07,204 - INFO Retriever 0 - dict_keys(['retrieve_keywords'])
2024-11-02 22:34:07,204 - INFO Retriever 0 - Agent主脑给出的行动：retrieve_keywords
参数：{'keyword_list': ['GameController', 'GameManager.cs']}
2024-11-02 22:34:07,693 - INFO Retriever 0 - Observer: 根据你提供的关键词，我未能检索到任何目录或文件中含有相应的关键词。你可以尝试提供别的关键词进行检索。
2024-11-02 22:34:07,696 - INFO Retriever 0 - 

————————————————————————————————————————————————————————————————
2024-11-02 22:34:07,696 - INFO Retriever 0 - 当前窗口总长度：35
2024-11-02 22:34:07,696 - INFO Retriever 0 - 当前更新窗口长度：26
2024-11-02 22:34:07,696 - INFO Retriever 0 - 当前更新窗口长度：26
2024-11-02 22:34:07,697 - INFO Retriever 0 - ————————————————————————————————————————————————————————————————


2024-11-02 22:34:12,133 - INFO Retriever 0 - Agent主脑给出的回答为：{
    "deep_think": {
        "thoughts": "由于未能检索到包含“GameController”或“GameManager.cs”关键词的文件或目录，我需要考虑其他可能的文件名或文件夹名称。在Unity项目中，开始按钮的代码逻辑可能被封装在一个名为“StartButton”的脚本中，或者可能被分散在多个脚本中。我将尝试使用关键词“StartButton”进行检索，以寻找可能的代码逻辑。"
    }
}
2024-11-02 22:34:12,133 - INFO Retriever 0 - 是否成功解析：True
2024-11-02 22:34:12,134 - INFO Retriever 0 - operation_type (__det_dir_action):
2024-11-02 22:34:12,134 - INFO Retriever 0 - deep_think
2024-11-02 22:34:12,134 - INFO Retriever 0 - 

——————————————————————————————————————————————————————————————————————————————————————————————————————————————————————————
2024-11-02 22:34:12,134 - INFO Retriever 0 - Assistant:
2024-11-02 22:34:12,134 - INFO Retriever 0 - {
    "deep_think": {
        "thoughts": "由于未能检索到包含“GameController”或“GameManager.cs”关键词的文件或目录，我需要考虑其他可能的文件名或文件夹名称。在Unity项目中，开始按钮的代码逻辑可能被封装在一个名为“StartButton”的脚本中，或者可能被分散在多个脚本中。我将尝试使用关键词“StartButton”进行检索，以寻找可能的代码逻辑。"
    }
}
2024-11-02 22:34:12,134 - INFO Retriever 0 - dict_keys(['deep_think'])
2024-11-02 22:34:12,134 - INFO Retriever 0 - Agent主脑给出的行动：deep_think
参数：{'thoughts': '由于未能检索到包含“GameController”或“GameManager.cs”关键词的文件或目录，我需要考虑其他可能的文件名或文件夹名称。在Unity项目中，开始按钮的代码逻辑可能被封装在一个名为“StartButton”的脚本中，或者可能被分散在多个脚本中。我将尝试使用关键词“StartButton”进行检索，以寻找可能的代码逻辑。', 'repeat_counter': 1, 'continue_think_counter': 1}
2024-11-02 22:34:12,135 - INFO Retriever 0 - Observer: 好的，请继续你的下一步行动或思考。
2024-11-02 22:34:12,136 - INFO Retriever 0 - 

————————————————————————————————————————————————————————————————
2024-11-02 22:34:12,136 - INFO Retriever 0 - 当前窗口总长度：37
2024-11-02 22:34:12,136 - INFO Retriever 0 - 当前更新窗口长度：28
2024-11-02 22:34:12,136 - INFO Retriever 0 - 当前更新窗口长度：28
2024-11-02 22:34:12,136 - INFO Retriever 0 - ————————————————————————————————————————————————————————————————


2024-11-02 22:34:13,495 - INFO Retriever 0 - Agent主脑给出的回答为：{
    "retrieve_keywords": {
        "keyword_list": [
            "StartButton"
        ]
    }
}
2024-11-02 22:34:13,495 - INFO Retriever 0 - 是否成功解析：True
2024-11-02 22:34:13,495 - INFO Retriever 0 - operation_type (__det_dir_action):
2024-11-02 22:34:13,495 - INFO Retriever 0 - retrieve_keywords
2024-11-02 22:34:13,495 - INFO Retriever 0 - 

——————————————————————————————————————————————————————————————————————————————————————————————————————————————————————————
2024-11-02 22:34:13,495 - INFO Retriever 0 - Assistant:
2024-11-02 22:34:13,495 - INFO Retriever 0 - {
    "retrieve_keywords": {
        "keyword_list": [
            "StartButton"
        ]
    }
}
2024-11-02 22:34:13,495 - INFO Retriever 0 - dict_keys(['retrieve_keywords'])
2024-11-02 22:34:13,495 - INFO Retriever 0 - Agent主脑给出的行动：retrieve_keywords
参数：{'keyword_list': ['StartButton']}
2024-11-02 22:34:13,645 - INFO Retriever 0 - Observer: 根据你提供的关键词，我未能检索到任何目录或文件中含有相应的关键词。你可以尝试提供别的关键词进行检索。
2024-11-02 22:34:13,647 - INFO Retriever 0 - 

————————————————————————————————————————————————————————————————
2024-11-02 22:34:13,647 - INFO Retriever 0 - 当前窗口总长度：39
2024-11-02 22:34:13,649 - INFO Retriever 0 - 当前更新窗口长度：30
2024-11-02 22:34:13,649 - INFO Retriever 0 - 当前更新窗口长度：30
2024-11-02 22:34:13,649 - INFO Retriever 0 - ————————————————————————————————————————————————————————————————


2024-11-02 22:34:15,978 - INFO Retriever 0 - Agent主脑给出的回答为：{
    "deep_think": {
        "thoughts": "由于未能检索到包含“StartButton”关键词的文件或目录，我需要考虑其他可能的文件名或文件夹名称。在Unity项目中，开始按钮的代码逻辑可能被封装在一个名为“GameController”或“MainController”的脚本中。我将尝试使用关键词“GameController”和“MainController”进行检索，以寻找可能的代码逻辑。"
    }
}
2024-11-02 22:34:16,009 - INFO Retriever 0 - 是否成功解析：True
2024-11-02 22:34:16,050 - INFO Retriever 0 - operation_type (__det_dir_action):
2024-11-02 22:34:16,090 - INFO Retriever 0 - deep_think
2024-11-02 22:34:16,114 - INFO Retriever 0 - 

——————————————————————————————————————————————————————————————————————————————————————————————————————————————————————————
2024-11-02 22:34:16,146 - INFO Retriever 0 - Assistant:
2024-11-02 22:34:16,161 - INFO Retriever 0 - {
    "deep_think": {
        "thoughts": "由于未能检索到包含“StartButton”关键词的文件或目录，我需要考虑其他可能的文件名或文件夹名称。在Unity项目中，开始按钮的代码逻辑可能被封装在一个名为“GameController”或“MainController”的脚本中。我将尝试使用关键词“GameController”和“MainController”进行检索，以寻找可能的代码逻辑。"
    }
}
2024-11-02 22:34:16,186 - INFO Retriever 0 - dict_keys(['deep_think'])
2024-11-02 22:34:16,258 - INFO Retriever 0 - Agent主脑给出的行动：deep_think
参数：{'thoughts': '由于未能检索到包含“StartButton”关键词的文件或目录，我需要考虑其他可能的文件名或文件夹名称。在Unity项目中，开始按钮的代码逻辑可能被封装在一个名为“GameController”或“MainController”的脚本中。我将尝试使用关键词“GameController”和“MainController”进行检索，以寻找可能的代码逻辑。', 'repeat_counter': 1, 'continue_think_counter': 1}
2024-11-02 22:34:16,308 - INFO Retriever 0 - Observer: 好的，请继续你的下一步行动或思考。
2024-11-02 22:34:16,327 - INFO Retriever 0 - 

————————————————————————————————————————————————————————————————
2024-11-02 22:34:16,327 - INFO Retriever 0 - 当前窗口总长度：41
2024-11-02 22:34:16,327 - INFO Retriever 0 - 当前更新窗口长度：32
2024-11-02 22:34:16,327 - INFO Retriever 0 - 当前更新窗口长度：32
2024-11-02 22:34:16,327 - INFO Retriever 0 - ————————————————————————————————————————————————————————————————


2024-11-02 22:34:19,956 - INFO Retriever 0 - Agent主脑给出的回答为：{
    "retrieve_keywords": {
        "keyword_list": [
            "GameController",
            "MainController"
        ]
    }
}
2024-11-02 22:34:19,958 - INFO Retriever 0 - 是否成功解析：True
2024-11-02 22:34:19,958 - INFO Retriever 0 - operation_type (__det_dir_action):
2024-11-02 22:34:19,958 - INFO Retriever 0 - retrieve_keywords
2024-11-02 22:34:19,958 - INFO Retriever 0 - 

——————————————————————————————————————————————————————————————————————————————————————————————————————————————————————————
2024-11-02 22:34:19,958 - INFO Retriever 0 - Assistant:
2024-11-02 22:34:19,959 - INFO Retriever 0 - {
    "retrieve_keywords": {
        "keyword_list": [
            "GameController",
            "MainController"
        ]
    }
}
2024-11-02 22:34:19,959 - INFO Retriever 0 - dict_keys(['retrieve_keywords'])
2024-11-02 22:34:19,959 - INFO Retriever 0 - Agent主脑给出的行动：retrieve_keywords
参数：{'keyword_list': ['GameController', 'MainController']}
2024-11-02 22:34:20,168 - INFO Retriever 0 - Observer: 根据你提供的关键词，我未能检索到任何目录或文件中含有相应的关键词。你可以尝试提供别的关键词进行检索。
2024-11-02 22:34:20,170 - INFO Retriever 0 - 

————————————————————————————————————————————————————————————————
2024-11-02 22:34:20,171 - INFO Retriever 0 - 当前窗口总长度：43
2024-11-02 22:34:20,171 - INFO Retriever 0 - 当前更新窗口长度：34
2024-11-02 22:34:20,171 - INFO Retriever 0 - 当前更新窗口长度：34
2024-11-02 22:34:20,171 - INFO Retriever 0 - ————————————————————————————————————————————————————————————————


2024-11-02 22:34:25,467 - INFO Retriever 0 - Agent主脑给出的回答为：{
    "deep_think": {
        "thoughts": "由于未能检索到包含“GameController”或“MainController”关键词的文件或目录，我需要考虑其他可能的文件名或文件夹名称。在Unity项目中，开始按钮的代码逻辑可能被封装在一个名为“UIManager”或“MenuManager”的脚本中。我将尝试使用关键词“UIManager”和“MenuManager”进行检索，以寻找可能的代码逻辑。"
    }
}
2024-11-02 22:34:25,467 - INFO Retriever 0 - 是否成功解析：True
2024-11-02 22:34:25,468 - INFO Retriever 0 - operation_type (__det_dir_action):
2024-11-02 22:34:25,468 - INFO Retriever 0 - deep_think
2024-11-02 22:34:25,468 - INFO Retriever 0 - 

——————————————————————————————————————————————————————————————————————————————————————————————————————————————————————————
2024-11-02 22:34:25,468 - INFO Retriever 0 - Assistant:
2024-11-02 22:34:25,468 - INFO Retriever 0 - {
    "deep_think": {
        "thoughts": "由于未能检索到包含“GameController”或“MainController”关键词的文件或目录，我需要考虑其他可能的文件名或文件夹名称。在Unity项目中，开始按钮的代码逻辑可能被封装在一个名为“UIManager”或“MenuManager”的脚本中。我将尝试使用关键词“UIManager”和“MenuManager”进行检索，以寻找可能的代码逻辑。"
    }
}
2024-11-02 22:34:25,469 - INFO Retriever 0 - dict_keys(['deep_think'])
2024-11-02 22:34:25,469 - INFO Retriever 0 - Agent主脑给出的行动：deep_think
参数：{'thoughts': '由于未能检索到包含“GameController”或“MainController”关键词的文件或目录，我需要考虑其他可能的文件名或文件夹名称。在Unity项目中，开始按钮的代码逻辑可能被封装在一个名为“UIManager”或“MenuManager”的脚本中。我将尝试使用关键词“UIManager”和“MenuManager”进行检索，以寻找可能的代码逻辑。', 'repeat_counter': 1, 'continue_think_counter': 1}
2024-11-02 22:34:25,469 - INFO Retriever 0 - Observer: 好的，请继续你的下一步行动或思考。
2024-11-02 22:34:25,470 - INFO Retriever 0 - 

————————————————————————————————————————————————————————————————
2024-11-02 22:34:25,470 - INFO Retriever 0 - 当前窗口总长度：45
2024-11-02 22:34:25,471 - INFO Retriever 0 - 当前更新窗口长度：36
2024-11-02 22:34:25,471 - INFO Retriever 0 - 当前更新窗口长度：36
2024-11-02 22:34:25,471 - INFO Retriever 0 - ————————————————————————————————————————————————————————————————


2024-11-02 22:34:28,009 - INFO Retriever 0 - Agent主脑给出的回答为：{
    "retrieve_keywords": {
        "keyword_list": [
            "UIManager",
            "MenuManager"
        ]
    }
}
2024-11-02 22:34:28,010 - INFO Retriever 0 - 是否成功解析：True
2024-11-02 22:34:28,010 - INFO Retriever 0 - operation_type (__det_dir_action):
2024-11-02 22:34:28,010 - INFO Retriever 0 - retrieve_keywords
2024-11-02 22:34:28,010 - INFO Retriever 0 - 

——————————————————————————————————————————————————————————————————————————————————————————————————————————————————————————
2024-11-02 22:34:28,010 - INFO Retriever 0 - Assistant:
2024-11-02 22:34:28,010 - INFO Retriever 0 - {
    "retrieve_keywords": {
        "keyword_list": [
            "UIManager",
            "MenuManager"
        ]
    }
}
2024-11-02 22:34:28,010 - INFO Retriever 0 - dict_keys(['retrieve_keywords'])
2024-11-02 22:34:28,012 - INFO Retriever 0 - Agent主脑给出的行动：retrieve_keywords
参数：{'keyword_list': ['UIManager', 'MenuManager']}
2024-11-02 22:34:28,145 - INFO Retriever 0 - Observer: 根据你提供的关键词，我检索到以下目录或文件，它们的绝对路径如下：


1. D:\\Unity\\Survaval\Library\PackageCache\com.unity.render-pipelines.core@12.1.7\Editor\MenuManager.cs
这是一个名为“MenuManager.cs”的文件。


请注意，这些目录或文件可能不全都和你的任务目标相关，仅供参考。请你基于具体的文件内容概述，结合你的任务目标，认真思考分析后，优先选择最有可能与任务相关的目录或文件进行进一步的检查。
2024-11-02 22:34:28,148 - INFO Retriever 0 - 

————————————————————————————————————————————————————————————————
2024-11-02 22:34:28,148 - INFO Retriever 0 - 当前窗口总长度：47
2024-11-02 22:34:28,149 - INFO Retriever 0 - 当前更新窗口长度：38
2024-11-02 22:34:28,149 - INFO Retriever 0 - 当前更新窗口长度：38
2024-11-02 22:34:28,149 - INFO Retriever 0 - ————————————————————————————————————————————————————————————————


2024-11-02 22:34:33,246 - INFO Retriever 0 - Agent主脑给出的回答为：{
    "deep_think": {
        "thoughts": "根据检索到的结果，我找到了一个名为“MenuManager.cs”的文件，它位于Unity的渲染管线核心包中。虽然这个文件可能与菜单管理相关，但它可能不是项目特定的代码，而是Unity渲染管线的一部分。因此，我需要进一步检查这个文件的内容，以确定它是否包含从主菜单进入实际游戏的开始按钮的代码逻辑。"
    }
}
2024-11-02 22:34:33,246 - INFO Retriever 0 - 是否成功解析：True
2024-11-02 22:34:33,247 - INFO Retriever 0 - operation_type (__det_dir_action):
2024-11-02 22:34:33,247 - INFO Retriever 0 - deep_think
2024-11-02 22:34:33,247 - INFO Retriever 0 - 

——————————————————————————————————————————————————————————————————————————————————————————————————————————————————————————
2024-11-02 22:34:33,247 - INFO Retriever 0 - Assistant:
2024-11-02 22:34:33,247 - INFO Retriever 0 - {
    "deep_think": {
        "thoughts": "根据检索到的结果，我找到了一个名为“MenuManager.cs”的文件，它位于Unity的渲染管线核心包中。虽然这个文件可能与菜单管理相关，但它可能不是项目特定的代码，而是Unity渲染管线的一部分。因此，我需要进一步检查这个文件的内容，以确定它是否包含从主菜单进入实际游戏的开始按钮的代码逻辑。"
    }
}
2024-11-02 22:34:33,247 - INFO Retriever 0 - dict_keys(['deep_think'])
2024-11-02 22:34:33,248 - INFO Retriever 0 - Agent主脑给出的行动：deep_think
参数：{'thoughts': '根据检索到的结果，我找到了一个名为“MenuManager.cs”的文件，它位于Unity的渲染管线核心包中。虽然这个文件可能与菜单管理相关，但它可能不是项目特定的代码，而是Unity渲染管线的一部分。因此，我需要进一步检查这个文件的内容，以确定它是否包含从主菜单进入实际游戏的开始按钮的代码逻辑。', 'repeat_counter': 1, 'continue_think_counter': 1}
2024-11-02 22:34:33,248 - INFO Retriever 0 - Observer: 好的，请继续你的下一步行动或思考。
2024-11-02 22:34:33,249 - INFO Retriever 0 - 

————————————————————————————————————————————————————————————————
2024-11-02 22:34:33,249 - INFO Retriever 0 - 当前窗口总长度：49
2024-11-02 22:34:33,249 - INFO Retriever 0 - 当前更新窗口长度：40
2024-11-02 22:34:33,249 - INFO Retriever 0 - 当前更新窗口长度：40
2024-11-02 22:34:33,250 - INFO Retriever 0 - -- updated_window_size >= self._compress_window_size --
2024-11-02 22:34:33,250 - INFO Retriever 0 - 进行窗口压缩
2024-11-02 22:36:07,122 - INFO Retriever 0 - window report:
* 文件一：
    * 文件绝对路径：D:\\Unity\\Survaval\\Assets_MyAssets\\Scenes\\start_menu.unity
    * 文件内容概述：这是一个Unity场景文件，包含场景的设置和对象。
    * 是否与问题相关：否
    * 具体分析：该文件是Unity场景文件，主要包含场景的设置和对象，不包含代码逻辑。

* 文件二：
    * 文件绝对路径：D:\\Unity\\Survaval\\Library\\PackageCache\\com.unity.inputsystem@1.4.1\\InputSystem\\Plugins\\Switch\\SwitchProControllerHID.cs
    * 文件内容概述：这是一个名为“SwitchProControllerHID.cs”的文件，与Nintendo Switch的控制器支持有关。
    * 是否与问题相关：否
    * 具体分析：该文件与Nintendo Switch的控制器支持有关，不包含从主菜单进入实际游戏的开始按钮的代码逻辑。

* 文件三：
    * 文件绝对路径：D:\\Unity\\Survaval\\Library\\PackageCache\\com.unity.inputsystem@1.4.1\\InputSystem\\Plugins\\Switch\\SwitchSupportHID.cs
    * 文件内容概述：这是一个名为“SwitchSupportHID.cs”的文件，与Nintendo Switch的控制器支持有关。
    * 是否与问题相关：否
    * 具体分析：该文件与Nintendo Switch的控制器支持有关，不包含从主菜单进入实际游戏的开始按钮的代码逻辑。

* 文件四：
    * 文件绝对路径：D:\\Unity\\Survaval\\Library\\PackageCache\\com.unity.render-pipelines.core@12.1.7\\Editor\\MenuManager.cs
    * 文件内容概述：这是一个名为“MenuManager.cs”的文件，位于Unity的渲染管线核心包中。
    * 是否与问题相关：不确定
    * 具体分析：该文件可能与菜单管理相关，但需要进一步检查其内容以确定是否包含从主菜单进入实际游戏的开始按钮的代码逻辑。
2024-11-02 22:36:07,124 - INFO Retriever 0 - 





——————————————————————————————Log compressed history list—————————————————————————————————
2024-11-02 22:36:07,124 - INFO Retriever 0 - ——————————————————————————————————————————order 1————————————————————————————————————————————




2024-11-02 22:36:07,124 - INFO Retriever 0 - user:
请在D:/Unity/Survaval\Assets下各级目录中寻找：从主菜单进入实际游戏的开始按钮的代码逻辑在什么地方实现的？
2024-11-02 22:36:07,124 - INFO Retriever 0 - assistant:
{
    "deep_think": {
        "thoughts": "好的，接下来我将通过深度思考、仔细计划以及逐步执行的方式，来完成该任务。\n\n首先，在阅读详细的代码细节之前，应该先整体把握整个项目。\n\n在提供的可选的action中，可以通过get_folder_info操作，通过将项目顶层路径作为target_folder_path参数进行传入，来获取获取项目中主要文件夹和主要文件的描述，从而能够先大致把握项目文件的主要文件的文件树结构、基本内容、主要代码概述以及大致功能板块的分布。"
    }
}
2024-11-02 22:36:07,125 - INFO Retriever 0 - user:
好的，请继续你的下一步行动或思考。
2024-11-02 22:36:07,125 - INFO Retriever 0 - assistant:
{
    "get_folder_info": {
        "target_folder_path": "D:/Unity/Survaval\\Assets"
    }
}
2024-11-02 22:36:07,125 - INFO Retriever 0 - user:
目标文件夹路径：D:/Unity/Survaval\Assets
文件结构树（该结构树可能不完整，仅返回深度小于等于1层的子文件以及文件夹）：
├── AddressableAssetsData
│   ├── AddressableAssetSettings.asset
│   ├── Android
│   ├── AssetGroupTemplates
│   ├── AssetGroups
│   ├── DataBuilders
│   ├── DefaultObject.asset
│   ├── iOS
├── AmplifyShaderEditor
│   ├── AmplifyShaderEditor.asmdef
│   ├── ChangeLog.txt
│   ├── CreatingTerrainsWithASE.txt
│   ├── Plugins
│   ├── Readme.txt
├── BlobHashMaps
│   ├── BlobBuilderExtensions.cs
│   ├── BlobHashMap.cs
│   ├── BlobHashMapIntInt.cs
│   ├── BlobHashMaps.asmdef
│   ├── BlobMultiHashMap.cs
│   ├── Data
├── BuildReport
│   ├── CustomBuildScriptExample.txt
│   ├── GUI
│   ├── README.txt
│   ├── Scripts
│   ├── VERSION.txt
│   ├── license.txt
├── CapturePath
├── DamageNumbersPro
│   ├── DamageNumbersPro.asmdef
│   ├── Documentation.url
│   ├── Editor
│   ├── Fonts
│   ├── Materials
│   ├── Scripts
├── Editor
│   ├── ChannelSetting.cs
│   ├── OrbiteExtenedEditor.cs
│   ├── Resources
│   ├── ShaderStripSettings
├── Editor Default Resources
│   ├── MasterAudio
├── EnhancedScroller v2
│   ├── ChangeLog.txt
│   ├── Documentation
│   ├── Plugins
│   ├── Tutorials
│   ├── readme.txt
│   ├── upgrading from 1.x to 2.x.txt
├── FlockBox
│   ├── Classic
│   ├── DOTS
│   ├── Flock Box Manual.pdf
├── Gizmos
│   ├── MasterAudio
├── Magic Spells Sound Effects V2.0
│   ├── Casting Loops
│   ├── Element Scholls
│   ├── General Spell
│   ├── Medieval Combat Sounds BONUS
│   ├── Special Attack
├── Pixel Arsenal
│   ├── Demo
│   ├── Materials
│   ...
│   ├── Textures
├── Plugins
│   ├── Android
│   ├── DarkTonic
│   ├── Demigiant
│   ├── Editor
│   ├── RelationsInspector
│   ├── Sirenix
│   ├── iOS
├── RPG Icons Pixel Art
│   ├── Aeromancer
│   ├── Alchemy1
│   ...
│   ├── Сrossbowman
├── Resources
│   ├── DOTweenSettings.asset
│   ├── MasterAudio
├── SPUM
│   ├── MonsterOrc_Prefabs
│   ├── MonsterUndeadPrefabs
│   ...
│   ├── Sprite_SheetExporter(Beta)
├── StreamingAssets
├── TextMesh Pro
│   ├── Documentation
│   ├── Fonts
│   ├── Resources
│   ├── Shaders
│   ├── Sprites
├── UniversalRenderPipelineGlobalSettings.asset
├── VirtualButtonsForUnity
│   ├── VirtualButtonsForUnity
├── YouLoftSDK
│   ├── PottingMobileSDK
│   ├── PottingMobileServices
│   ...
│   ├── YouloftTemp.cs
├── ZTools
│   ├── GlobalStringBuilder.cs
│   ├── Localization
│   ├── ZTools.asmdef
├── _MyAssets
│   ├── Animations
│   ├── ArtAssets
│   ...
│   ├── URPSettings


其中，部分主要文件及文件夹的信息如下：
1. Assets
# 路径:D:\\Unity\\Survaval\Assets
# 内容概述:“UniversalRenderPipelineGlobalSettings.asset”文件是Unity项目中用于配置通用渲染管道（URP）全局设置的资产。它涵盖了光照模式、阴影质量、后处理效果以及性能优化等关键设置，如光照层配置、阴影质量选择和后处理效果启用，旨在平衡视觉效果与性能表现，以适应不同游戏的需求。

2. AddressableAssetsData
# 路径:D:\\Unity\\Survaval\Assets\AddressableAssetsData
# 内容概述:### 文件夹内容简述

“AddressableAssetsData”文件夹汇集了Unity游戏开发所需的资源管理和配置文件。其中，Android和iOS子文件夹分别管理针对各自平台的资源状态。AssetGroups和AssetGroupTemplates子文件夹则专注于资源打包和内容更新配置，而DataBuilders子文件夹提供了资源管理和场景加载的脚本配置。此外，AddressableAssetSettings.asset文件负责资源加载和优化全局设置，而DefaultObject.asset则定义了Unity脚本组件的配置。整体而言，这些文件共同构成了游戏资源高效管理和优化的框架。

3. AmplifyShaderEditor
# 路径:D:\\Unity\\Survaval\Assets\AmplifyShaderEditor
# 内容概述:“AmplifyShaderEditor”文件夹汇集了Unity游戏开发中Amplify Shader Editor插件的核心组件与资源，包括编辑器脚本、界面资源、版本更新日志和使用指南。其中，“Editor”子文件夹承载着插件的核心逻辑和操作界面，而“EditorResources”则提供了图形用户界面和渲染资源。更新日志“ChangeLog.txt”详细记录了插件的功能迭代和问题修复，而“CreatingTerrainsWithASE.txt”则指导用户如何利用ASE创建地形着色器。遗憾的是，“Readme.txt”因编码错误无法读取，但预计包含插件的基本使用说明。

4. BlobHashMaps
# 路径:D:\\Unity\\Survaval\Assets\BlobHashMaps
# 内容概述:“BlobHashMaps”文件夹汇集了针对Unity游戏引擎优化的数据结构脚本，包括BlobHashMap和BlobMultiHashMap的实现。核心文件如BlobBuilderHashMapData.cs和BlobHashMapData.cs定义了HashMap和只读哈希表，BlobBuilderExtensions.cs扩展了BlobHashMap功能，BlobHashMap.cs和BlobHashMapIntInt.cs则提供了更丰富的操作和构建器功能。BlobHashMaps.asmdef文件定义了模块依赖，而BlobMultiHashMap.cs引入了多哈希映射支持，共同构成了一个高效的数据管理工具集。

5. BuildReport
# 路径:D:\\Unity\\Survaval\Assets\BuildReport
# 内容概述:“BuildReport”文件夹汇集了Unity游戏引擎的构建报告工具及相关资源，包括UI设计资源（如BRTSkin、NativeSkin和NativeSkinExtraIcons）、自动化构建脚本（如CustomBuildScriptExample.txt）和编辑器脚本（位于Scripts/Editor）。此外，它还包含定义特定窗口样式的皮肤文件（BuildReportWindow.guiskin和BuildReportWindowDark.guiskin），以及工具的许可证信息（license.txt）和使用说明（README.txt）。VERSION.txt文件记录了工具的版本更新历史，突出了新增功能和错误修复。

6. CapturePath
# 路径:D:\\Unity\\Survaval\Assets\CapturePath
# 内容概述:该文件夹内容为空。

7. DamageNumbersPro
# 路径:D:\\Unity\\Survaval\Assets\DamageNumbersPro
# 内容概述:“DamageNumbersPro”文件夹汇集了Unity游戏开发所需的资源，包括编辑器脚本、多种风格的字体、材质和游戏逻辑脚本。其中，编辑器脚本用于资源配置，字体和材质丰富了游戏视觉元素，而脚本集合则支撑了游戏的核心逻辑和交互。此外，汇编定义文件和文档链接文件提供了模块化开发和项目文档的便捷访问。

8. Editor
# 路径:D:\\Unity\\Survaval\Assets\Editor
# 内容概述:### 文件夹内容总结

“Editor”文件夹汇集了Unity项目开发所需的资源与工具。其中，**Resources**子文件夹提供游戏与动画设计的视觉素材，包括角色、场景元素和预制游戏单元。**ShaderStripSettings**包含提升渲染质量的Unity脚本组件，而**ChannelSetting.cs**脚本则用于管理不同渠道的SDK和项目配置。此外，**OrbiteExtenedEditor.cs**编辑器扩展脚本增强了文本编辑和屏幕截图功能，辅助设计和开发流程。整体上，这些资源与工具相互关联，共同服务于Unity项目的开发与优化。

9. Editor Default Resources
# 路径:D:\\Unity\\Survaval\Assets\Editor Default Resources
# 内容概述:“Editor Default Resources”文件夹汇集了多种音频处理相关的图标，包括播放、暂停、停止等控制图标，以及复制、删除、保存等操作图标，还有LED灯状态指示和扬声器图标等。这些图标共同服务于音频编辑和界面设计，为用户提供了直观的操作和状态指示。

10. EnhancedScroller v2
# 路径:D:\\Unity\\Survaval\Assets\EnhancedScroller v2
# 内容概述:该“EnhancedScroller v2”文件夹汇集了Unity游戏开发中EnhancedScroller插件的全面资源，包括用户手册、插件代码、教程和更新日志。用户手册详细介绍了插件的使用方法，插件代码则由组件、单元格视图和动画系统等组成，旨在提升UI开发效率。教程资源帮助开发者快速上手，而更新日志和升级指南则提供了插件版本间的变化和升级指导。

11. FlockBox
# 路径:D:\\Unity\\Survaval\Assets\FlockBox
# 内容概述:### 文件夹内容精简总结

“Flock Box”文件夹是Unity游戏开发项目，集成了视觉资源、游戏逻辑脚本和DOTS架构相关资源。其中，**Classic**子文件夹提供游戏场景、预制体和艺术资源，**DOTS**子文件夹则专注于DOTS架构的脚本和材料。项目手册“Flock Box Manual.pdf”详细介绍了项目结构、资源使用和开发指南，为开发者提供了全面的项目操作指导。

12. Gizmos
# 路径:D:\\Unity\\Survaval\Assets\Gizmos
# 内容概述:“Gizmos”文件夹汇集了音频处理相关的图标设计，包括“MasterAudio”品牌标识和“PlaylistController”播放列表控制功能的图标，旨在为音频软件界面提供视觉元素。

13. Magic Spells Sound Effects V2.0
# 路径:D:\\Unity\\Survaval\Assets\Magic Spells Sound Effects V2.0
# 内容概述:“Magic Spells Sound Effects V2.0”文件夹汇集了丰富的音效资源，包括循环施法音效、元素相关施法音效、通用魔法效果、中世纪战斗声音以及特定攻击音效。这些音效覆盖了从增益攻击到治疗，从施法到战斗动作，适用于游戏、影视等多媒体项目，且文件命名清晰，便于快速查找和使用。

14. Pixel Arsenal
# 路径:D:\\Unity\\Survaval\Assets\Pixel Arsenal
# 内容概述:“Pixel Arsenal”文件夹汇集了丰富的游戏开发资源，包括视觉素材（如天空盒和纹理）、预制体（如界面元素和特效）、场景素材、Unity脚本（用于游戏逻辑）和音频效果。这些资源相互关联，共同构建了游戏和视觉效果的基础，适用于Unity等游戏引擎。文件夹内的“ReadMe.txt”文件提供了资源使用指南和潜在的技术支持信息。

15. Plugins
# 路径:D:\\Unity\\Survaval\Assets\Plugins
# 内容概述:“Plugins”文件夹汇集了多平台游戏开发资源，包括Android应用开发工具、Unity游戏资源包如音频和网络同步插件，以及编辑器扩展和iOS应用开发组件。其中，Android子文件夹提供项目配置和第三方库；Unity相关资源如DarkTonic和Demigiant则专注于音频和网络同步，以及动画处理；Editor子文件夹增强Unity编辑器功能；iOS子文件夹涵盖性能监控和广告集成等iOS特有功能。这些资源相互关联，共同构建了一个全面的游戏开发环境。

16. Resources
# 路径:D:\\Unity\\Survaval\Assets\Resources
# 内容概述:### 文件夹内容总结

“Resources”文件夹汇集了Unity游戏项目的关键配置资源，包括“MasterAudioSettings.asset”用于音频处理和插件配置，以及“DOTweenSettings.asset”用于动画和缓动库的详细设置，两者共同确保游戏音效和动画的优化与流畅。

17. RPG Icons Pixel Art
# 路径:D:\\Unity\\Survaval\Assets\RPG Icons Pixel Art
# 内容概述:当然可以。以下是融合后的简短内容：

“Support contact.pdf”文件提供客户支持联系信息，包括电话、电子邮件和在线支持服务，并附有服务时间表、常见问题解答以及用户反馈表单，旨在为用户提供便捷的咨询与支持服务。

18. SPUM
# 路径:D:\\Unity\\Survaval\Assets\SPUM
# 内容概述:“SPUM”文件夹汇集了丰富的游戏开发资源，包括怪物与角色预制体、动画素材、图像资源、字体、材质以及Unity脚本等。它涵盖了从角色模型和动画到编辑器扩展和场景设置的全方位内容，旨在支持游戏开发、3D建模和动画制作项目。文件夹内不同子目录紧密关联，共同构成了一个完整的项目资源库。

19. StreamingAssets
# 路径:D:\\Unity\\Survaval\Assets\StreamingAssets
# 内容概述:“StreamingAssets”文件夹主要存储流媒体应用所需的资源，包括视频、音频和图像文件，以及相关的配置和脚本文件。该文件夹内部分为视频、音频、图像、配置和脚本等子文件夹，各自管理不同类型的媒体资源和播放逻辑配置，以确保资源的高效加载和流式传输。

20. TextMesh Pro
# 路径:D:\\Unity\\Survaval\Assets\TextMesh Pro
# 内容概述:该“TextMesh Pro”文件夹汇集了TextMesh Pro软件的用户指南、Liberation Sans字体资源、Unity项目资源包以及表情符号素材。其中，用户指南详细介绍了软件操作，Liberation Sans字体提供多种样式，Unity资源包包括字体、材质和精灵资产，着色器文件则专注于图形渲染，而表情符号资源则便于集成到项目中。这些内容相互关联，共同服务于游戏开发与图形设计的需求。

21. VirtualButtonsForUnity
# 路径:D:\\Unity\\Survaval\Assets\VirtualButtonsForUnity
# 内容概述:### 文件夹内容概览

“VirtualButtonsForUnity”文件夹是Unity游戏开发资源，集成了虚拟按钮、方向垫和摇杆预制体及脚本，旨在增强游戏交互体验。内含示例项目、预制体、脚本、图像资源和详细文档，方便开发者快速集成和使用。

22. YouLoftSDK
# 路径:D:\\Unity\\Survaval\Assets\YouLoftSDK
# 内容概述:### 文件夹内容总结

“YouLoftSDK”文件夹是Unity游戏开发者的综合工具包，集成了广告管理、支付、用户管理、数据同步等功能模块。其中，**PottingMobileSDK** 提供了Android和iOS平台的插件和脚本，**PottingMobileServices** 则包含了跨平台服务接口和功能脚本。广告管理、支付、礼包兑换等具体功能由 **YouLoftAd.cs**、**YouLoftPay.cs** 和 **YouLoftRedeemcode.cs** 等文件实现，而 **YouLoftSDKManager.cs** 负责管理这些模块，确保它们协同工作。此外，**YouLoftLogin.cs** 处理用户登录，**YouLoftEvent.cs** 和 **YouloftTemp.cs** 分别提供事件跟踪和配置同步功能，共同支撑游戏的整体运行。

23. ZTools
# 路径:D:\\Unity\\Survaval\Assets\ZTools
# 内容概述:### 文件夹内容总结
“ZTools”文件夹汇集了Unity游戏开发中本地化和字符串操作的工具。其中，包含用于本地化文本管理的脚本，如`StaticLocalizedText.cs`和`StaticLocalizedText_UGUI.cs`，以及`Strings.cs`用于管理本地化字符串。此外，`GlobalStringBuilder.cs`提供了全局字符串构建功能，优化了字符串操作性能。而“ZTools.asmdef”文件则定义了项目中的“ZTools”程序集，管理着相关脚本文件的引用和编译。这些工具共同构成了一个高效且模块化的开发环境。

24. _MyAssets
# 路径:D:\\Unity\\Survaval\Assets\_MyAssets
# 内容概述:“_MyAssets”文件夹是游戏开发的核心资源库，汇集了动画、艺术资产、音频、数据配置、编辑器资源、字体、图标、脚本、着色器等关键文件，以及预制体和场景设计。它为游戏提供了丰富的视觉和音频效果，并通过详细的配置文件和脚本实现了复杂的游戏逻辑和交互。文件夹内资源相互关联，共同支撑起游戏的整体架构和功能实现。

25. UniversalRenderPipelineGlobalSettings.asset
# 路径:D:\\Unity\\Survaval\Assets\UniversalRenderPipelineGlobalSettings.asset
# 内容概述:### 简化总结

该文件是Unity的通用渲染管道全局设置配置，定义了8个光照层（如Light Layer default至Light Layer 7）。它还包含了性能优化设置，如移除调试变体和未使用变体，以及不支持运行时调试显示。


2024-11-02 22:36:07,128 - INFO Retriever 0 - assistant:
{
    "deep_think": {
        "thoughts": "在获取了项目文件的顶层结构后，我还需要结合待查询的问题描述，对于项目中的文件和目录进行一些深度关键词检索。根据任务描述：“请在D:/Unity/Survaval\\Assets下各级目录中寻找：从主菜单进入实际游戏的开始按钮的代码逻辑在什么地方实现的？”，我总结出如下可能会出现在各个文件名或者文件内容中的关键词：“actual”，“实际”，“Switch”，“开始按钮”，“Begin button”，“菜单”，“menu”，“current”，“bill of fare”，“开始”，“按钮”，“Button”，“主”，“master”，“主菜单”，“Commencement”。\n接下来，我将使用retrieve_keywords操作，在项目顶层路径“D:/Unity/Survaval\\Assets”下检索这些关键词，从而大致把握可能与问题描述相关的文件或目录的路径。"
    }
}
2024-11-02 22:36:07,128 - INFO Retriever 0 - user:
好的，请继续你的下一步行动或思考。
2024-11-02 22:36:07,128 - INFO Retriever 0 - assistant:
{
    "retrieve_keywords": {
        "keyword_list": [
            "actual",
            "实际",
            "Switch",
            "开始按钮",
            "Begin button",
            "菜单",
            "menu",
            "current",
            "bill of fare",
            "开始",
            "按钮",
            "Button",
            "主",
            "master",
            "主菜单",
            "Commencement"
        ]
    }
}
2024-11-02 22:36:07,132 - INFO Retriever 0 - user:
根据你提供的关键词，我检索到以下目录或文件，它们的绝对路径如下：


1. D:\\Unity\\Survaval\Library\PackageCache\com.unity.timeline@1.6.4\Documentation~\images\workflow_nesting_master.png
这是一个名为“workflow_nesting_master.png”的文件。

2. D:\\Unity\\Survaval\Assets\Editor Default Resources\MasterAudio\inspector_header_master_audio.png
这是一个名为“inspector_header_master_audio.png”的文件。

3. D:\\Unity\\Survaval\Assets\_MyAssets\Scenes\start_menu.unity
这是一个名为“start_menu.unity”的文件。

4. D:\\Unity\\Survaval\Library\PackageCache\com.unity.timeline@1.6.4\Documentation~\images\timeline_cog_menu.png
这是一个名为“timeline_cog_menu.png”的文件。

5. D:\\Unity\\Survaval\Library\PackageCache\com.unity.timeline@1.6.4\Documentation~\images\timeline_workflow_keyframing_menu.png
这是一个名为“timeline_workflow_keyframing_menu.png”的文件。

6. D:\\Unity\\Survaval\Library\PackageCache\com.unity.timeline@1.6.4\Documentation~\images\timeline_workflow_recorded_clip_track_menu.png
这是一个名为“timeline_workflow_recorded_clip_track_menu.png”的文件。

7. D:\\Unity\\Survaval\Library\PackageCache\com.unity.inputsystem@1.4.1\InputSystem\Plugins\Switch
这是一个名为“Switch”的文件夹。

8. D:\\Unity\\Survaval\Packages\com.unity.entities@0.17.0-preview.41\Unity.Entities\Stubs\Unity.Assertions\Assert.cs
该脚本定义了`Unity.Assertions.Assert`命名空间下的`Assert`静态类，提供了一系列断言方法，如`IsTrue`、`IsFalse`、`IsNull`、`IsNotNull`等，用于在Unity开发环境中验证条件、对象和值。这些方法首先进行本地检查，若条件不满足则调用Unity内置的断言方法，并可能附带错误消息。代码通过预处理器指令根据Unity运行时环境和断言启用状态，选择使用自定义或内置实现。


请注意，这些目录或文件可能不全都和你的任务目标相关，仅供参考。请你基于具体的文件内容概述，结合你的任务目标，认真思考分析后，优先选择最有可能与任务相关的目录或文件进行进一步的检查。
2024-11-02 22:36:07,133 - INFO Retriever 0 - assistant:
好的。在我进行下一步行动或思考前，我又回顾了一下，以下是之前已经遍历过的文件信息：

* 文件一：
    * 文件绝对路径：D:\\Unity\\Survaval\\Assets_MyAssets\\Scenes\\start_menu.unity
    * 文件内容概述：这是一个Unity场景文件，包含场景的设置和对象。
    * 是否与问题相关：否
    * 具体分析：该文件是Unity场景文件，主要包含场景的设置和对象，不包含代码逻辑。

* 文件二：
    * 文件绝对路径：D:\\Unity\\Survaval\\Library\\PackageCache\\com.unity.inputsystem@1.4.1\\InputSystem\\Plugins\\Switch\\SwitchProControllerHID.cs
    * 文件内容概述：这是一个名为“SwitchProControllerHID.cs”的文件，与Nintendo Switch的控制器支持有关。
    * 是否与问题相关：否
    * 具体分析：该文件与Nintendo Switch的控制器支持有关，不包含从主菜单进入实际游戏的开始按钮的代码逻辑。

* 文件三：
    * 文件绝对路径：D:\\Unity\\Survaval\\Library\\PackageCache\\com.unity.inputsystem@1.4.1\\InputSystem\\Plugins\\Switch\\SwitchSupportHID.cs
    * 文件内容概述：这是一个名为“SwitchSupportHID.cs”的文件，与Nintendo Switch的控制器支持有关。
    * 是否与问题相关：否
    * 具体分析：该文件与Nintendo Switch的控制器支持有关，不包含从主菜单进入实际游戏的开始按钮的代码逻辑。

* 文件四：
    * 文件绝对路径：D:\\Unity\\Survaval\\Library\\PackageCache\\com.unity.render-pipelines.core@12.1.7\\Editor\\MenuManager.cs
    * 文件内容概述：这是一个名为“MenuManager.cs”的文件，位于Unity的渲染管线核心包中。
    * 是否与问题相关：不确定
    * 具体分析：该文件可能与菜单管理相关，但需要进一步检查其内容以确定是否包含从主菜单进入实际游戏的开始按钮的代码逻辑。

以上是我回顾的之前已经遍历过的文件信息。接下来，我将基于上述的进度，继续进行任务。
2024-11-02 22:36:07,133 - INFO Retriever 0 - user:
好的，请继续你的下一步行动或思考。
2024-11-02 22:36:07,133 - INFO Retriever 0 - 

——————————————————————————————————————————————————————————————————————————————————————————
2024-11-02 22:36:07,133 - INFO Retriever 0 - ——————————————————————————————————————————————————————————————————————————————————————————
2024-11-02 22:36:07,134 - INFO Retriever 0 - ————————————————————————————————————————————————————————————————


2024-11-02 22:36:07,134 - INFO Retriever 0 - 

————————————————————————————————————STOP IN POS 1————————————————————————————————————


