2024-12-15 16:32:28,243 - INFO Retriever 0 - Init Retriever.
2024-12-15 16:32:59,094 - INFO Retriever 0 - keywords:“['not', '技能', 'special effect', 'special effects', 'right', '指向不正确', 'refer to', 'baseball拳', 'no', 'visual effects', 'skill', '不', '技能特效', '野球拳', 'correct', 'incorrect', '特效', '正确', '战斗', 'talent', 'battle', 'warfare', 'skill effect', '指向']”，“['not', '技能', 'special effect', 'special effects', 'right', '指向不正确', 'refer to', 'baseball拳', 'no', 'visual effects', 'mistaken', 'skill', '不', '野球拳', '技能特效', 'correct', 'incorrect', '特效', '正确', '战斗', 'talent', 'battle', 'warfare', 'skill effect', '指向']”，“['not', '技能', 'special effect', 'special effects', 'right', '指向不正确', 'refer to', 'baseball拳', 'no', 'visual effects', 'skill', '不', '技能特效', '野球拳', 'correct', 'incorrect', '特效', '正确', '战斗', 'talent', 'battle', 'warfare', 'skill effect', '指向']”
2024-12-15 16:32:59,094 - INFO Retriever 0 - deep_think_conent
:在获取了项目文件的顶层结构后，我还需要结合待查询的问题描述，对于项目中的文件和目录进行一些深度关键词检索。根据任务描述：“请在D:/Unity/jyx2\Assets下各级目录中寻找：修复战斗时野球拳技能特效指向不正确的问题是通过哪个脚本”，我总结出如下可能会出现在各个文件名或者文件内容中的关键词：“['not', '技能', 'special effect', 'special effects', 'right', '指向不正确', 'refer to', 'baseball拳', 'no', 'visual effects', 'skill', '不', '技能特效', '野球拳', 'correct', 'incorrect', '特效', '正确', '战斗', 'talent', 'battle', 'warfare', 'skill effect', '指向']”，“['not', '技能', 'special effect', 'special effects', 'right', '指向不正确', 'refer to', 'baseball拳', 'no', 'visual effects', 'mistaken', 'skill', '不', '野球拳', '技能特效', 'correct', 'incorrect', '特效', '正确', '战斗', 'talent', 'battle', 'warfare', 'skill effect', '指向']”，“['not', '技能', 'special effect', 'special effects', 'right', '指向不正确', 'refer to', 'baseball拳', 'no', 'visual effects', 'skill', '不', '技能特效', '野球拳', 'correct', 'incorrect', '特效', '正确', '战斗', 'talent', 'battle', 'warfare', 'skill effect', '指向']”。
接下来，我将使用retrieve_keywords操作，在项目顶层路径“D:/Unity/jyx2\Assets”下检索这些关键词，从而大致把握可能与问题描述相关的文件或目录的路径。
2024-12-15 16:32:59,095 - INFO Retriever 0 - ——————————————————————————————————————————————————————————————————————————————————————————————————————————————————————————
2024-12-15 16:32:59,096 - INFO Retriever 0 - Assistant:
2024-12-15 16:32:59,096 - INFO Retriever 0 - {
    "deep_think": {
        "thoughts": "好的，接下来我将通过深度思考、仔细计划以及逐步执行的方式，来完成该任务。\n\n首先，在阅读详细的代码细节之前，应该先整体把握整个项目。\n\n在提供的可选的action中，可以通过get_folder_info操作，通过将项目顶层路径作为target_folder_path参数进行传入，来获取获取项目中主要文件夹和主要文件的描述，从而能够先大致把握项目文件的主要文件的文件树结构、基本内容、主要代码概述以及大致功能板块的分布。"
    }
}
2024-12-15 16:32:59,096 - INFO Retriever 0 - 
Observer:
2024-12-15 16:32:59,096 - INFO Retriever 0 - 好的，请继续你的下一步行动或思考。
2024-12-15 16:32:59,096 - INFO Retriever 0 - 
2024-12-15 16:32:59,144 - INFO Retriever 0 - ——————————————————————————————————————————————————————————————————————————————————————————————————————————————————————————
2024-12-15 16:32:59,145 - INFO Retriever 0 - Assistant:
2024-12-15 16:32:59,145 - INFO Retriever 0 - {
    "get_folder_info": {
        "target_folder_path": "D:/Unity/jyx2\\Assets"
    }
}
2024-12-15 16:32:59,145 - INFO Retriever 0 - 
Observer:
2024-12-15 16:32:59,145 - INFO Retriever 0 - 目标文件夹路径：D:/Unity/jyx2\Assets
文件结构树（该结构树可能不完整，仅返回深度小于等于1层的子文件以及文件夹）：
├── 3D
│   ├── Animal pack deluxe
│   ...
│   ├── juese2
├── 3DScene
│   ├── Animation
│   ├── COMMUNITY_LICENSE_FOR_JYX2.md
│   ...
│   ├── timg.jpg
├── 3rd
│   ├── AmplifyShaderEditor
│   ├── Animancer
│   ...
│   ├── xNode-1.8.0
├── BuildSource
│   ├── AnimationControllers
│   ├── Animations
│   ...
│   ├── sound
├── Easy Save 3
│   ├── Types
├── Editor
│   ├── .DS_Store
│   ├── AddScenesToBuild.cs
│   ...
│   ├── ToolbarExtender
├── Gizmos
├── IFix
│   ├── Editor
├── Jyx2Tools
├── Jyx2UI
│   ├── Res
│   ├── gameicon1.png
│   ...
│   ├── theend.png
├── LuaScripts
│   ├── InitLuaScripts.lua
│   ├── Jyx2Battle
│   ...
│   ├── testLua.lua
├── Mods
│   ├── .gitignore
│   ├── JYX2
│   ├── README.txt
│   ├── SAMPLE
│   ├── xiastart_roguelike
├── Plugins
│   ├── 3rd
│   ├── Android
│   ...
│   ├── xlua.bundle
├── Prefabs
│   ├── BattleRole.prefab
│   ├── BattleboxBlock.prefab
│   ...
│   ├── StorySelectionItem.prefab
├── Resources
│   ├── ABMD5.txt
│   ├── BattleboxBlock.prefab
│   ...
│   ├── icon.jpg
├── Scripts
│   ├── AudioManager.cs
│   ├── BattleBlockData.cs
│   ...
│   ├── VCamManage
├── StaticBakeObj.shader
├── StreamingAssets
│   ├── build_info
├── TapTap
├── TapTapSlogan.png
├── Terrain
│   ├── Terrain Mat.mat
│   ├── Terrain_0_0-20210221-192230.asset
│   ├── Terrain_Copy.asset
├── Terrain2Mesh
│   ├── NewMeshTerrain2
│   ├── NewMeshTerrain3
│   ...
│   ├── Terrain_LOD_2.obj
├── VFX
│   ├── DragonVFX
│   ├── EffectsPackage
│   ├── Hovl Studio
│   ├── JMO Assets
│   ├── Jyx2Effect
│   ├── Toon_Explosion_V1
│   ├── UNAUTH_ASSETS_FOR_JYX2.md
├── XLua
│   ├── CHANGELOG.txt
│   ├── Doc
│   ...
│   ├── util
├── _TerrainAutoUpgrade
│   ├── layer_119f68b03b8b7e8e.terrainlayer
│   ├── layer_793646612c42751.terrainlayer
│   ...
│   ├── layer_stone3d3aba195e4d26ee.terrainlayer
├── csc.rsp
├── icon.jpg
├── link.xml
├── mcs.rsp


其中，部分主要文件及文件夹的信息如下：
1. 3D
# 路径:D:/Unity/jyx2/Assets\3D
# 内容概述:### 文件夹内容概览

“3D”文件夹汇集了丰富的游戏和动画开发资源，包括3D模型、动画、脚本和图片等。其中，**Animation**、**ImportedRoleModels**、**Jyx2RoleModels**等子文件夹提供了角色和动画资源，**Model**则专注于武器和乐器模型。此外，**Editor**文件夹包含编辑和设计用图，**Script**文件夹提供Unity脚本支持特效，而**COMMUNITY_LICENSE_FOR_JYX2.md**文件则明确了资源的使用授权。整体资源库旨在支持游戏开发与动画制作项目。

2. 3DScene
# 路径:D:/Unity/jyx2/Assets\3DScene
# 内容概述:### 文件夹内容总结

“3DScene”文件夹汇集了丰富的资源，专为游戏开发与视觉效果设计。它包含动画与控制文件，如“Animation”和“camera.anim”，用于UI元素和相机运动；3D建模与Unity预制件，如“Model”和“TileWorldCreator”，用于构建游戏场景；视觉效果资源，包括Shader、天空盒和后处理效果，如“Shader”、“SkyBox”和“Post_Processing”；以及风格化纹理和材质，如“Stylized Ground Textures”和“New Material”。此外，文件夹中还包含授权声明文件“COMMUNITY_LICENSE_FOR_JYX2.md”，确保了所有资源的合法使用。

3. 3rd
# 路径:D:/Unity/jyx2/Assets\3rd
# 内容概述:该文件“UNAUTH_ASSETS_FOR_JYX2.md”是金庸群侠传3D重制版项目的版权声明，明确指出项目内部分素材未经授权，并鼓励用户在发现版权问题时应联系项目方。文件同时强调，此声明仅限于项目本身，其他使用场景不受影响，并要求用户在使用时遵守版权规范。

4. BuildSource
# 路径:D:/Unity/jyx2/Assets\BuildSource
# 内容概述:“BuildSource”文件夹是金庸群侠传3D重制版项目的核心资源库，汇集了动画控制器配置、角色与武器模型、动画资源、音效、音乐、用户界面设计等文件。其中，动画控制器和动画资源支持游戏中的角色动作，音效和音乐文件为游戏增色添彩，用户界面设计则优化了玩家交互体验。此外，文件夹还包含了Lua脚本文件，用于游戏逻辑开发，以及授权声明和技能动画标准文档，确保项目合规与开发质量。

5. Easy Save 3
# 路径:D:/Unity/jyx2/Assets\Easy Save 3
# 内容概述:### 文件夹内容总结

“Easy Save 3”文件夹汇集了Unity游戏开发中的数据序列化脚本，包含针对角色、技能、地图等游戏对象的序列化和反序列化类，旨在实现游戏数据的持久化管理。文件夹内各文件如`ES3UserType_CsRoleItem.cs`等，均专注于特定对象的序列化逻辑，共同构建了一个高效的数据保存与恢复系统。

6. Editor
# 路径:D:/Unity/jyx2/Assets\Editor
# 内容概述:“Editor”文件夹汇集了多种Unity编辑器扩展工具，旨在提升项目开发效率。它包含动画配置工具、贴图格式检查器、构建自动化工具、热更新配置脚本、资源引用查找器、工具栏扩展、场景切换工具等，每个工具都针对特定需求设计，如优化动画、管理资源、简化构建流程等。此外，还包含一些辅助脚本，如添加场景到构建、修复MOD问题、自定义菜单项等，共同构成了一个功能丰富的编辑器工具集合。

7. Gizmos
# 路径:D:/Unity/jyx2/Assets\Gizmos
# 内容概述:该文件夹内容为空。

8. IFix
# 路径:D:/Unity/jyx2/Assets\IFix
# 内容概述:“IFix”文件夹汇集了Unity编辑器脚本，专注于热修复功能。其中，`Configure.cs`负责通过反射管理配置信息，而`ILFixEditor.cs`作为编辑器插件，利用这些配置信息执行版本选择、注入、备份等热修复操作。

9. Jyx2Tools
# 路径:D:/Unity/jyx2/Assets\Jyx2Tools
# 内容概述:“Jyx2Tools”文件夹汇集了一系列工具和资源，旨在提升工作效率和辅助特定项目。该文件夹内包含如配置文件、用户手册等子文件，以及示例代码、测试数据和更新日志等子文件夹，各部分内容相互关联，共同构成了一个结构化的工具集，便于用户快速定位和使用所需资源。

10. Jyx2UI
# 路径:D:/Unity/jyx2/Assets\Jyx2UI
# 内容概述:### 文件夹内容总结

“Jyx2UI”文件夹汇集了游戏或应用UI设计的视觉资源，包括“Decal”子文件夹中的游戏贴图和预制体，以及“Textures”子文件夹中的颜色纹理图像。此外，文件夹内还包含多个图标文件，如游戏图标、主菜单和结束界面图像，这些图标用于界面中的不同功能展示，与UI设计紧密相关。整体上，这些资源共同构成了项目的视觉元素库。

11. LuaScripts
# 路径:D:/Unity/jyx2/Assets\LuaScripts
# 内容概述:### 文件夹内容概述
“LuaScripts”文件夹是金庸群侠传3D重制版游戏开发的核心，内含多个子目录，分别针对战斗逻辑、配置管理、辅助工具等游戏功能。其中，**Jyx2Battle**负责战斗AI和伤害计算，**Jyx2Configs**管理游戏配置和地图信息，**Jyx2RuntimeData**暂无内容。**InitLuaScripts.lua**初始化脚本模块，**Jyx2Coroutine.lua**和**Jyx2Utils.lua**提供开发辅助，**LuaClass.lua**和**LuaModuleList.lua**支持面向对象编程和模块管理。此外，**LuaTestStarter.asset**和**README.md**分别用于测试和文档说明。

12. Mods
# 路径:D:/Unity/jyx2/Assets\Mods
# 内容概述:### 文件夹内容概要
“Mods”文件夹是游戏开发资源库，包含更新日志、配置文件、Lua脚本、地图、模型、预制件、技能设置等，旨在支持游戏功能实现和用户体验优化。它结构清晰，涵盖游戏开发所需的各种资源，如“SAMPLE”和“xiastart_roguelike”子文件夹提供额外资源，而“.gitignore”和“README.txt”则分别管理文件跟踪和提供开发指南。

13. Plugins
# 路径:D:/Unity/jyx2/Assets\Plugins
# 内容概述:“IFix.Core.dll”和“protobuf-net.dll”均为.dll文件，分别用于实现IFix数据交换标准和Google Protocol Buffers的序列化功能。这两个文件可能共同集成于应用程序中，以支持高效的数据通信和格式化处理，适用于工业自动化和通用数据管理场景。

14. Prefabs
# 路径:D:/Unity/jyx2/Assets\Prefabs
# 内容概述:### 文件夹内容概要

“BattleboxBlock”文件夹汇集了多种游戏开发资源，包括用于战斗场景和角色设计的预制体文件，如“BattleboxBlock.prefab”和“BattleRole.prefab”，以及UI组件如“Jyx2ItemUI.prefab”和“Jyx2RoleHeadUI.prefab”。此外，文件夹还包含调试工具和动画文件，如“DebugPanel.prefab”和“CurrentBattleRoleTag.anim”。特别需要注意的是，“LICENSE_FOR_JYX2.txt”文件规定了文件夹内容的授权使用范围。

15. Resources
# 路径:D:/Unity/jyx2/Assets\Resources
# 内容概述:“RewiredInputManager.prefab”是Unity中用于集成Rewired插件的关键预制体，内置了Rewired输入管理器组件，便于开发者实现自定义输入配置和映射，从而增强游戏的输入控制灵活性。

16. Scripts
# 路径:D:/Unity/jyx2/Assets\Scripts
# 内容概述:当然可以。以下是对上述文件夹内容的融合总结：

该文件夹集合了多个Unity游戏开发脚本，涵盖了游戏的核心功能，包括战斗区域管理（Battlebox）、地图交互（MapInteract）、战斗逻辑（BattleField、BattleManager）、资源管理（ResourceManagement）、用户界面（Jyx2UIScripts、UIComponents）、音频管理（AudioManager）、存档管理（GameSave）、视角控制（VCamManage）以及辅助工具（Tools、Helpers）。这些脚本共同构成了游戏的基础架构，实现了角色控制、战斗系统、UI交互、资源加载、音效处理和存档保存等功能，确保了游戏的流畅运行和玩家体验。

17. StreamingAssets
# 路径:D:/Unity/jyx2/Assets\StreamingAssets
# 内容概述:“StreamingAssets”文件夹主要存放流媒体资源，其中包含的“build_info”文件记录了资源的构建信息，用于管理和分发相关内容。

18. TapTap
# 路径:D:/Unity/jyx2/Assets\TapTap
# 内容概述:该文件夹内容为空。

19. Terrain
# 路径:D:/Unity/jyx2/Assets\Terrain
# 内容概述:“Terrain”文件夹汇集了与地形相关的文件，主要用于存储地形数据。其中包含两个Asset文件“Terrain_0_0-20210221-192230.asset”和“Terrain_Copy.asset”，均涉及地形数据但解码时出现编码错误，而“Terrain Mat.mat”文件的具体内容不明。

20. Terrain2Mesh
# 路径:D:/Unity/jyx2/Assets\Terrain2Mesh
# 内容概述:### 文件夹内容总结

“Terrain2Mesh”文件夹汇集了与3D地形设计相关的资源，包括OBJ格式的地形基础几何数据（如NewMeshTerrain2.obj），Unity预制体文件（如NewMeshTerrain2.prefab），用于不同细节级别的LOD地形文件（如TerrainLOD.FBX），以及相关材质文件（如Terrain2Mesh.mat）。这些文件共同构成了一个完整的地形资源包，适用于游戏开发或3D动画制作。

21. VFX
# 路径:D:/Unity/jyx2/Assets\VFX
# 内容概述:### 文件夹内容概览

“VFX”文件夹汇集了多样化的游戏和视觉效果资源，包括3D模型、动画、特效素材、Unity插件和音效等，旨在支持动画、游戏开发及视觉效果制作。其中，**DragonVFX**和**Hovl Studio**等子文件夹提供了详细的3D模型、动画和场景资源，而**JMO Assets**和**Jyx2Effect**则专注于视觉效果和Unity开发工具。此外，文件夹内还包含版权声明文件，提醒用户注意授权和使用规范。

22. XLua
# 路径:D:/Unity/jyx2/Assets\XLua
# 内容概述:“XLua”文件夹是Unity游戏开发中C#与Lua集成的重要资源库，内含详细的使用指南、配置文件、示例代码、工具库和教程，涵盖了从基础配置到高级功能如热修复的全面内容。其中，`Doc`提供配置指南，`Examples`展示实践案例，`Tutorial`提供集成教程，`Src`和`Gen`包含核心代码，`Resources`提供辅助工具，而`util`则提供了加密支持。此外，`CHANGELOG.txt`记录了库的更新历史，帮助开发者跟踪库的演变。这些资源共同构成了一个完整的学习和使用xLua库的生态系统。

23. _TerrainAutoUpgrade
# 路径:D:/Unity/jyx2/Assets\_TerrainAutoUpgrade
# 内容概述:该“_TerrainAutoUpgrade”文件夹汇集了多种地形层文件，用于地形编辑和升级。文件名如“layer_119f68b03b8b7e8e.terrainlayer”等，揭示了不同地形类型（如草地、山地、石质、沙质）和纹理细节，共同构建一个全面的地形环境，适用于游戏或虚拟现实项目。

24. 0_GameStart.unity
# 路径:D:/Unity/jyx2/Assets\0_GameStart.unity
# 内容概述:这是一个名为“0_GameStart.unity”的文件。

25. 0_Init.unity
# 路径:D:/Unity/jyx2/Assets\0_Init.unity
# 内容概述:这是一个名为“0_Init.unity”的文件。

26. 0_MainMenu.unity
# 路径:D:/Unity/jyx2/Assets\0_MainMenu.unity
# 内容概述:这是一个名为“0_MainMenu.unity”的文件。

27. 0_MODLoaderScene.unity
# 路径:D:/Unity/jyx2/Assets\0_MODLoaderScene.unity
# 内容概述:这是一个名为“0_MODLoaderScene.unity”的文件。

28. csc.rsp
# 路径:D:/Unity/jyx2/Assets\csc.rsp
# 内容概述:这是一个名为“csc.rsp”的文件。

29. icon.jpg
# 路径:D:/Unity/jyx2/Assets\icon.jpg
# 内容概述:这是一个名为“icon.jpg”的文件。

30. link.xml
# 路径:D:/Unity/jyx2/Assets\link.xml
# 内容概述:这是一个名为“link.xml”的文件。

31. mcs.rsp
# 路径:D:/Unity/jyx2/Assets\mcs.rsp
# 内容概述:这是一个名为“mcs.rsp”的文件。

32. StaticBakeObj.shader
# 路径:D:/Unity/jyx2/Assets\StaticBakeObj.shader
# 内容概述:该Shader文件“StaticBakeObj.shader”为Unity游戏引擎中的材质提供定制化渲染效果。它定义了多个属性，如轮廓颜色、纹理和光照参数，并通过多个SubShader实现不同的渲染策略。每个SubShader包含属性设置、细节级别、剔除方向和着色器代码，后者通过Cg语言定义了顶点和片元处理逻辑，包括轮廓效果和光照计算。整体上，该Shader旨在为物体提供丰富的视觉效果，如轮廓边框、动态光照和纹理映射。


33. TapTapSlogan.png
# 路径:D:/Unity/jyx2/Assets\TapTapSlogan.png
# 内容概述:这是一个名为“TapTapSlogan.png”的文件。


2024-12-15 16:32:59,148 - INFO Retriever 0 - 
2024-12-15 16:32:59,148 - INFO Retriever 0 - ——————————————————————————————————————————————————————————————————————————————————————————————————————————————————————————
2024-12-15 16:32:59,149 - INFO Retriever 0 - Assistant:
2024-12-15 16:32:59,149 - INFO Retriever 0 - {
    "deep_think": {
        "thoughts": "在获取了项目文件的顶层结构后，我还需要结合待查询的问题描述，对于项目中的文件和目录进行一些深度关键词检索。根据任务描述：“请在D:/Unity/jyx2\\Assets下各级目录中寻找：修复战斗时野球拳技能特效指向不正确的问题是通过哪个脚本”，我总结出如下可能会出现在各个文件名或者文件内容中的关键词：“['not', '技能', 'special effect', 'special effects', 'right', '指向不正确', 'refer to', 'baseball拳', 'no', 'visual effects', 'skill', '不', '技能特效', '野球拳', 'correct', 'incorrect', '特效', '正确', '战斗', 'talent', 'battle', 'warfare', 'skill effect', '指向']”，“['not', '技能', 'special effect', 'special effects', 'right', '指向不正确', 'refer to', 'baseball拳', 'no', 'visual effects', 'mistaken', 'skill', '不', '野球拳', '技能特效', 'correct', 'incorrect', '特效', '正确', '战斗', 'talent', 'battle', 'warfare', 'skill effect', '指向']”，“['not', '技能', 'special effect', 'special effects', 'right', '指向不正确', 'refer to', 'baseball拳', 'no', 'visual effects', 'skill', '不', '技能特效', '野球拳', 'correct', 'incorrect', '特效', '正确', '战斗', 'talent', 'battle', 'warfare', 'skill effect', '指向']”。\n接下来，我将使用retrieve_keywords操作，在项目顶层路径“D:/Unity/jyx2\\Assets”下检索这些关键词，从而大致把握可能与问题描述相关的文件或目录的路径。"
    }
}
2024-12-15 16:32:59,149 - INFO Retriever 0 - 
Observer:
2024-12-15 16:32:59,150 - INFO Retriever 0 - 好的，请继续你的下一步行动或思考。
2024-12-15 16:32:59,150 - INFO Retriever 0 - 
2024-12-15 16:32:59,150 - INFO Retriever 0 - ——————————————————————————————————————————————————————————————————————————————————————————————————————————————————————————
2024-12-15 16:32:59,152 - INFO Retriever 0 - Assistant:
2024-12-15 16:32:59,152 - INFO Retriever 0 - {
    "retrieve_keywords": {
        "keyword_list": [
            [
                "not",
                "技能",
                "special effect",
                "special effects",
                "right",
                "指向不正确",
                "refer to",
                "baseball拳",
                "no",
                "visual effects",
                "skill",
                "不",
                "技能特效",
                "野球拳",
                "correct",
                "incorrect",
                "特效",
                "正确",
                "战斗",
                "talent",
                "battle",
                "warfare",
                "skill effect",
                "指向"
            ],
            [
                "not",
                "技能",
                "special effect",
                "special effects",
                "right",
                "指向不正确",
                "refer to",
                "baseball拳",
                "no",
                "visual effects",
                "mistaken",
                "skill",
                "不",
                "野球拳",
                "技能特效",
                "correct",
                "incorrect",
                "特效",
                "正确",
                "战斗",
                "talent",
                "battle",
                "warfare",
                "skill effect",
                "指向"
            ],
            [
                "not",
                "技能",
                "special effect",
                "special effects",
                "right",
                "指向不正确",
                "refer to",
                "baseball拳",
                "no",
                "visual effects",
                "skill",
                "不",
                "技能特效",
                "野球拳",
                "correct",
                "incorrect",
                "特效",
                "正确",
                "战斗",
                "talent",
                "battle",
                "warfare",
                "skill effect",
                "指向"
            ]
        ]
    }
}
2024-12-15 16:32:59,152 - INFO Retriever 0 - 
Observer:
2024-12-15 16:32:59,153 - INFO Retriever 0 - 文件一：
    * 文件绝对路径：D:\Unity\jyx2\Assets\Mods\JYX2\Skills\野球拳.asset
    * 文件内容概述：该文件是Unity游戏对象“野球拳”的脚本配置，涵盖了动画、粒子效果和音频设置。脚本定义了游戏对象的空闲、攻击和被击中动画，并指定了相应的粒子效果和音频文件。此外，还包括了控制器配置和幽灵阴影的启用与颜色设定。
    * 是否与问题相关：是
    * 具体分析：根据文件内容概述，该文件与“修复战斗时野球拳技能特效指向不正确的问题”相关，因为它包含了野球拳技能的动画、粒子效果和音频设置，可能涉及到特效指向的问题。

文件二：
    * 文件绝对路径：D:\Unity\jyx2\Assets\Mods\xiastart_roguelike\Skills\野球拳.asset
    * 文件内容概述：该文件详细配置了Unity3D游戏“野球拳”中角色的动画和音效。包含多种动画剪辑（如空闲和攻击状态），粒子效果（包括普通和阻挡粒子），以及两个音频文件。此外，还设定了幽灵阴影效果和其颜色，以及动画播放的相关参数。
    * 是否与问题相关：是
    * 具体分析：根据文件内容概述，该文件与“修复战斗时野球拳技能特效指向不正确的问题”相关，因为它包含了野球拳技能的动画和粒子效果设置，可能涉及到特效指向的问题。
2024-12-15 16:32:59,153 - INFO Retriever 0 - 
2024-12-15 16:33:10,146 - INFO Retriever 0 - Agent主脑给出的回答为：根据检索到的文件信息，我找到了两个与问题描述相关的文件，它们都包含了野球拳技能的动画和粒子效果设置，这可能是导致特效指向不正确的原因。接下来，我将读取这两个文件的内容，以确定是否包含修复该问题的代码。

下一步行动：
```json
{
    "read_file": {
        "file_path": "D:\\Unity\\jyx2\\Assets\\Mods\\JYX2\\Skills\\野球拳.asset"
    }
}
```
2024-12-15 16:33:10,146 - INFO Retriever 0 - 是否成功解析：True
2024-12-15 16:33:10,146 - INFO Retriever 0 - operation_type (__det_dir_action):
2024-12-15 16:33:10,146 - INFO Retriever 0 - read_file
2024-12-15 16:33:10,148 - INFO Retriever 0 - 

——————————————————————————————————————————————————————————————————————————————————————————————————————————————————————————
2024-12-15 16:33:10,148 - INFO Retriever 0 - Assistant:
2024-12-15 16:33:10,148 - INFO Retriever 0 - {
    "read_file": {
        "file_path": "D:\\Unity\\jyx2\\Assets\\Mods\\JYX2\\Skills\\野球拳.asset"
    }
}
2024-12-15 16:33:10,148 - INFO Retriever 0 - dict_keys(['read_file'])
2024-12-15 16:33:10,149 - INFO Retriever 0 - Agent主脑给出的行动：read_file
参数：{'file_path': 'D:\\Unity\\jyx2\\Assets\\Mods\\JYX2\\Skills\\野球拳.asset', 'top_path': 'D:/Unity/jyx2\\Assets', 'return_file_sum': <bound method TreeGenerationAction.return_file_sum of <Action.tree_gen_action.TreeGenerationAction object at 0x00000212C204E650>>}
2024-12-15 16:33:10,155 - INFO Retriever 0 - Observer: 这是一个名为“野球拳.asset”的文件，该文件里的内容为：
MonoBehaviour:
  m_ObjectHideFlags: 0
  m_CorrespondingSourceObject:
    fileID: 0
  m_PrefabInstance:
    fileID: 0
  m_PrefabAsset:
    fileID: 0
  m_GameObject:
    fileID: 0
  m_Enabled: 1
  m_EditorHideFlags: 0
  m_Script:
    fileID: 11500000
    guid: 7198f6f3a0b460847b34dadf568f5246
    type: 3
  m_Name: 野球拳
  m_EditorClassIdentifier: None
  weaponCode: 0
  behitClip:
    fileID: 0
  moveClip:
    fileID: 0
  idleClip:
    fileID: 7400000
    guid: 013955a9295d22f4f8aa23814b95f6be
    type: 2
  attackClip:
    fileID: 7400000
    guid: b5e41fa9ddc054c48b16ea41ac4cf263
    type: 2
  stunClip:
    fileID: 0
  animationDelay: 0
  duration: 3.01
  behitDelay: 1.4
  partilePrefab:
    fileID: 1805913159257822
    guid: cb5ed39e43e81d541b39efe7f0f6428e
    type: 3
  particleDelay: 0
  partileOffset:
    x: 0
    y: 0
    z: 0
  particleScale: 1
  blockPartilePrefab:
    fileID: 1557633139781050
    guid: e3cb7e5d2d753394cb186aba3067ba6a
    type: 3
  blockParticleDelay: 1.4
  blockPartileOffset:
    x: 0
    y: 0
    z: 0
  blockParticleScale: 1
  blockPartilePrefabAdd:
    fileID: 0
  blockParticleDelayAdd: 0.5
  bloackParticleAddDuration: 0
  blockPartileOffsetAdd:
    x: 0
    y: 0
    z: 0
  blockParticleScaleAdd: 1
  audio:
    fileID: 8300000
    guid: ad0587337f4de4840913ec2fa39a9470
    type: 3
  audioDelay: 1.4
  audio2:
    fileID: 8300000
    guid: 94ece23980e785c448eddb1dea4995ee
    type: 3
  audioDelay2: 0.25
  controller:
    fileID: 0
  isGhostShadowOn: 1
  ghostShadowColor:
    r: 1
    g: 0.9225849
    b: 0
    a: 1
2024-12-15 16:33:10,158 - INFO Retriever 0 - 

————————————————————————————————————————————————————————————————
2024-12-15 16:33:10,158 - INFO Retriever 0 - 当前窗口总长度：11
2024-12-15 16:33:10,158 - INFO Retriever 0 - 当前更新窗口长度：2
2024-12-15 16:33:10,158 - INFO Retriever 0 - 当前更新窗口长度：2
2024-12-15 16:33:10,159 - INFO Retriever 0 - ————————————————————————————————————————————————————————————————


2024-12-15 16:33:24,029 - INFO Retriever 0 - Agent主脑给出的回答为：根据文件内容，"野球拳.asset" 文件包含了野球拳技能的动画、粒子效果和音频设置。文件中定义了野球拳的空闲、攻击和被击中动画，并指定了相应的粒子效果和音频文件。此外，还包括了控制器配置和幽灵阴影的启用与颜色设定。

文件中的 "partilePrefab" 和 "blockPartilePrefab" 字段可能涉及到粒子效果的设置，这些设置可能影响特效的指向。因此，这个文件很可能是修复战斗时野球拳技能特效指向不正确问题的关键所在。

下一步，我将检查另一个相关的文件，以确认是否有更多的信息可以帮助解决问题。
2024-12-15 16:33:24,029 - INFO Retriever 0 - 是否成功解析：True
2024-12-15 16:33:24,029 - INFO Retriever 0 - 

——————————————————————————————————————————————————————————————————————————————————————————————————————————————————————————
2024-12-15 16:33:24,029 - INFO Retriever 0 - Assistant:
2024-12-15 16:33:24,030 - INFO Retriever 0 - {
  "根据文件内容": "野球拳.asset 文件包含了野球拳技能的动画、粒子效果和音频设置。文件中定义了野球拳的空闲、攻击和被击中动画，并指定了相应的粒子效果和音频文件。此外，还包括了控制器配置和幽灵阴影的启用与颜色设定。",
  "文件中的 \"partilePrefab\" 和 \"blockPartilePrefab\" 字段": "可能涉及到粒子效果的设置，这些设置可能影响特效的指向。因此，这个文件很可能是修复战斗时野球拳技能特效指向不正确问题的关键所在。",
  "下一步": "我将检查另一个相关的文件，以确认是否有更多的信息可以帮助解决问题。"
}
2024-12-15 16:33:24,030 - INFO Retriever 0 - dict_keys(['根据文件内容', '文件中的 "partilePrefab" 和 "blockPartilePrefab" 字段', '下一步'])
2024-12-15 16:33:24,030 - WARNING Retriever 0 - Agent主脑给出的回答为：
2024-12-15 16:33:24,030 - WARNING Retriever 0 - {
  "根据文件内容": "野球拳.asset 文件包含了野球拳技能的动画、粒子效果和音频设置。文件中定义了野球拳的空闲、攻击和被击中动画，并指定了相应的粒子效果和音频文件。此外，还包括了控制器配置和幽灵阴影的启用与颜色设定。",
  "文件中的 \"partilePrefab\" 和 \"blockPartilePrefab\" 字段": "可能涉及到粒子效果的设置，这些设置可能影响特效的指向。因此，这个文件很可能是修复战斗时野球拳技能特效指向不正确问题的关键所在。",
  "下一步": "我将检查另一个相关的文件，以确认是否有更多的信息可以帮助解决问题。"
}
2024-12-15 16:33:24,030 - WARNING Retriever 0 - 该回答不符合格式要求，需重新生成。
2024-12-15 16:33:24,032 - INFO Retriever 0 - 

————————————————————————————————————————————————————————————————
2024-12-15 16:33:24,032 - INFO Retriever 0 - 当前窗口总长度：13
2024-12-15 16:33:24,032 - INFO Retriever 0 - 当前更新窗口长度：4
2024-12-15 16:33:24,032 - INFO Retriever 0 - 当前更新窗口长度：4
2024-12-15 16:33:24,032 - INFO Retriever 0 - ————————————————————————————————————————————————————————————————


2024-12-15 16:33:29,796 - INFO Retriever 0 - Agent主脑给出的回答为：{
    "read_file": {
        "file_path": "D:\\Unity\\jyx2\\Assets\\Mods\\xiastart_roguelike\\Skills\\野球拳.asset"
    }
}
2024-12-15 16:33:29,796 - INFO Retriever 0 - 是否成功解析：True
2024-12-15 16:33:29,796 - INFO Retriever 0 - operation_type (__det_dir_action):
2024-12-15 16:33:29,796 - INFO Retriever 0 - read_file
2024-12-15 16:33:29,796 - INFO Retriever 0 - 

——————————————————————————————————————————————————————————————————————————————————————————————————————————————————————————
2024-12-15 16:33:29,796 - INFO Retriever 0 - Assistant:
2024-12-15 16:33:29,797 - INFO Retriever 0 - {
    "read_file": {
        "file_path": "D:\\Unity\\jyx2\\Assets\\Mods\\xiastart_roguelike\\Skills\\野球拳.asset"
    }
}
2024-12-15 16:33:29,797 - INFO Retriever 0 - dict_keys(['read_file'])
2024-12-15 16:33:29,797 - INFO Retriever 0 - Agent主脑给出的行动：read_file
参数：{'file_path': 'D:\\Unity\\jyx2\\Assets\\Mods\\xiastart_roguelike\\Skills\\野球拳.asset', 'top_path': 'D:/Unity/jyx2\\Assets', 'return_file_sum': <bound method TreeGenerationAction.return_file_sum of <Action.tree_gen_action.TreeGenerationAction object at 0x00000212C204E650>>}
2024-12-15 16:33:29,804 - INFO Retriever 0 - Observer: 这是一个名为“野球拳.asset”的文件，该文件里的内容为：
MonoBehaviour:
  m_ObjectHideFlags: 0
  m_CorrespondingSourceObject:
    fileID: 0
  m_PrefabInstance:
    fileID: 0
  m_PrefabAsset:
    fileID: 0
  m_GameObject:
    fileID: 0
  m_Enabled: 1
  m_EditorHideFlags: 0
  m_Script:
    fileID: 11500000
    guid: 7198f6f3a0b460847b34dadf568f5246
    type: 3
  m_Name: 野球拳
  m_EditorClassIdentifier: None
  weaponCode: 0
  behitClip:
    fileID: 0
  moveClip:
    fileID: 0
  idleClip:
    fileID: 7400000
    guid: 013955a9295d22f4f8aa23814b95f6be
    type: 2
  attackClip:
    fileID: 7400000
    guid: b5e41fa9ddc054c48b16ea41ac4cf263
    type: 2
  stunClip:
    fileID: 0
  animationDelay: 0
  duration: 3.01
  behitDelay: 1.4
  partilePrefab:
    fileID: 1805913159257822
    guid: cb5ed39e43e81d541b39efe7f0f6428e
    type: 3
  particleDelay: 0
  partileOffset:
    x: 0
    y: 0
    z: 0
  particleScale: 1
  blockPartilePrefab:
    fileID: 1557633139781050
    guid: e3cb7e5d2d753394cb186aba3067ba6a
    type: 3
  blockParticleDelay: 1.4
  blockPartileOffset:
    x: 0
    y: 0
    z: 0
  blockParticleScale: 1
  blockPartilePrefabAdd:
    fileID: 0
  blockParticleDelayAdd: 0.5
  bloackParticleAddDuration: 0
  blockPartileOffsetAdd:
    x: 0
    y: 0
    z: 0
  blockParticleScaleAdd: 1
  audio:
    fileID: 8300000
    guid: ad0587337f4de4840913ec2fa39a9470
    type: 3
  audioDelay: 1.4
  audio2:
    fileID: 8300000
    guid: 94ece23980e785c448eddb1dea4995ee
    type: 3
  audioDelay2: 0.25
  controller:
    fileID: 0
  isGhostShadowOn: 1
  ghostShadowColor:
    r: 1
    g: 0.9225849
    b: 0
    a: 1
2024-12-15 16:33:29,808 - INFO Retriever 0 - 

————————————————————————————————————————————————————————————————
2024-12-15 16:33:29,808 - INFO Retriever 0 - 当前窗口总长度：15
2024-12-15 16:33:29,808 - INFO Retriever 0 - 当前更新窗口长度：6
2024-12-15 16:33:29,809 - INFO Retriever 0 - 当前更新窗口长度：6
2024-12-15 16:33:29,809 - INFO Retriever 0 - ————————————————————————————————————————————————————————————————


2024-12-15 16:33:39,649 - INFO Retriever 0 - Agent主脑给出的回答为：根据文件内容，野球拳.asset 文件包含了野球拳技能的动画、粒子效果和音频设置。文件中定义了野球拳的空闲、攻击和被击中动画，并指定了相应的粒子效果和音频文件。此外，还包括了控制器配置和幽灵阴影的启用与颜色设定。文件中的 "partilePrefab" 和 "blockPartilePrefab" 字段可能涉及到粒子效果的设置，这些设置可能影响特效的指向。因此，这个文件很可能是修复战斗时野球拳技能特效指向不正确问题的关键所在。下一步，我将检查另一个相关的文件，以确认是否有更多的信息可以帮助解决问题。
2024-12-15 16:33:39,649 - INFO Retriever 0 - 是否成功解析：True
2024-12-15 16:33:39,649 - INFO Retriever 0 - operation_type (__det_dir_action):
2024-12-15 16:33:39,649 - INFO Retriever 0 - 根据文件内容，野球拳.asset
2024-12-15 16:33:39,650 - INFO Retriever 0 - 

——————————————————————————————————————————————————————————————————————————————————————————————————————————————————————————
2024-12-15 16:33:39,650 - INFO Retriever 0 - Assistant:
2024-12-15 16:33:39,650 - INFO Retriever 0 - {
  "根据文件内容，野球拳.asset": "文件包含了野球拳技能的动画、粒子效果和音频设置。文件中定义了野球拳的空闲、攻击和被击中动画，并指定了相应的粒子效果和音频文件。此外，还包括了控制器配置和幽灵阴影的启用与颜色设定。文件中的 \"partilePrefab\" 和 \"blockPartilePrefab\" 字段可能涉及到粒子效果的设置，这些设置可能影响特效的指向。因此，这个文件很可能是修复战斗时野球拳技能特效指向不正确问题的关键所在。下一步，我将检查另一个相关的文件，以确认是否有更多的信息可以帮助解决问题。"
}
2024-12-15 16:33:39,650 - INFO Retriever 0 - dict_keys(['根据文件内容，野球拳.asset'])
2024-12-15 16:33:39,650 - WARNING Retriever 0 - 你给出的操作类型不属于指定的操作类型。可以进行的操作类型有：['get_folder_info', 'read_file', 'read_long_details', 'retrieve_keywords', 'deep_think']，请重新给出你的操作。
2024-12-15 16:33:39,652 - INFO Retriever 0 - 

————————————————————————————————————————————————————————————————
2024-12-15 16:33:39,652 - INFO Retriever 0 - 当前窗口总长度：17
2024-12-15 16:33:39,652 - INFO Retriever 0 - 当前更新窗口长度：8
2024-12-15 16:33:39,652 - INFO Retriever 0 - 当前更新窗口长度：8
2024-12-15 16:33:39,652 - INFO Retriever 0 - ————————————————————————————————————————————————————————————————


2024-12-15 16:33:46,062 - INFO Retriever 0 - Agent主脑给出的回答为：{
    "deep_think": {
        "thoughts": "我已经读取了两个与野球拳技能相关的文件，它们都包含了技能的动画、粒子效果和音频设置。文件中的 'partilePrefab' 和 'blockPartilePrefab' 字段可能涉及到粒子效果的设置，这些设置可能影响特效的指向。因此，这两个文件很可能是修复战斗时野球拳技能特效指向不正确问题的关键所在。接下来，我将检查这两个文件中与粒子效果相关的设置，以确认是否有更多的信息可以帮助解决问题。"
    }
}
2024-12-15 16:33:46,063 - INFO Retriever 0 - 是否成功解析：True
2024-12-15 16:33:46,063 - INFO Retriever 0 - operation_type (__det_dir_action):
2024-12-15 16:33:46,063 - INFO Retriever 0 - deep_think
2024-12-15 16:33:46,063 - INFO Retriever 0 - 

——————————————————————————————————————————————————————————————————————————————————————————————————————————————————————————
2024-12-15 16:33:46,064 - INFO Retriever 0 - Assistant:
2024-12-15 16:33:46,064 - INFO Retriever 0 - {
    "deep_think": {
        "thoughts": "我已经读取了两个与野球拳技能相关的文件，它们都包含了技能的动画、粒子效果和音频设置。文件中的 'partilePrefab' 和 'blockPartilePrefab' 字段可能涉及到粒子效果的设置，这些设置可能影响特效的指向。因此，这两个文件很可能是修复战斗时野球拳技能特效指向不正确问题的关键所在。接下来，我将检查这两个文件中与粒子效果相关的设置，以确认是否有更多的信息可以帮助解决问题。"
    }
}
2024-12-15 16:33:46,064 - INFO Retriever 0 - dict_keys(['deep_think'])
2024-12-15 16:33:46,064 - INFO Retriever 0 - Agent主脑给出的行动：deep_think
参数：{'thoughts': "我已经读取了两个与野球拳技能相关的文件，它们都包含了技能的动画、粒子效果和音频设置。文件中的 'partilePrefab' 和 'blockPartilePrefab' 字段可能涉及到粒子效果的设置，这些设置可能影响特效的指向。因此，这两个文件很可能是修复战斗时野球拳技能特效指向不正确问题的关键所在。接下来，我将检查这两个文件中与粒子效果相关的设置，以确认是否有更多的信息可以帮助解决问题。", 'repeat_counter': 1, 'continue_think_counter': 1}
2024-12-15 16:33:46,065 - INFO Retriever 0 - Observer: 好的，请继续你的下一步行动或思考。
2024-12-15 16:33:46,066 - INFO Retriever 0 - 

————————————————————————————————————————————————————————————————
2024-12-15 16:33:46,068 - INFO Retriever 0 - 当前窗口总长度：19
2024-12-15 16:33:46,068 - INFO Retriever 0 - 当前更新窗口长度：10
2024-12-15 16:33:46,068 - INFO Retriever 0 - 当前更新窗口长度：10
2024-12-15 16:33:46,068 - INFO Retriever 0 - ————————————————————————————————————————————————————————————————


2024-12-15 16:33:51,658 - INFO Retriever 0 - Agent主脑给出的回答为：{
    "deep_think": {
        "thoughts": "我已经读取了两个与野球拳技能相关的文件，它们都包含了技能的动画、粒子效果和音频设置。文件中的 'partilePrefab' 和 'blockPartilePrefab' 字段可能涉及到粒子效果的设置，这些设置可能影响特效的指向。因此，这两个文件很可能是修复战斗时野球拳技能特效指向不正确问题的关键所在。接下来，我将检查这两个文件中与粒子效果相关的设置，以确认是否有更多的信息可以帮助解决问题。"
    }
}
2024-12-15 16:33:51,658 - INFO Retriever 0 - 是否成功解析：True
2024-12-15 16:33:51,658 - INFO Retriever 0 - operation_type (__det_dir_action):
2024-12-15 16:33:51,658 - INFO Retriever 0 - deep_think
2024-12-15 16:33:51,659 - INFO Retriever 0 - 

——————————————————————————————————————————————————————————————————————————————————————————————————————————————————————————
2024-12-15 16:33:51,659 - INFO Retriever 0 - Assistant:
2024-12-15 16:33:51,659 - INFO Retriever 0 - {
    "deep_think": {
        "thoughts": "我已经读取了两个与野球拳技能相关的文件，它们都包含了技能的动画、粒子效果和音频设置。文件中的 'partilePrefab' 和 'blockPartilePrefab' 字段可能涉及到粒子效果的设置，这些设置可能影响特效的指向。因此，这两个文件很可能是修复战斗时野球拳技能特效指向不正确问题的关键所在。接下来，我将检查这两个文件中与粒子效果相关的设置，以确认是否有更多的信息可以帮助解决问题。"
    }
}
2024-12-15 16:33:51,659 - INFO Retriever 0 - dict_keys(['deep_think'])
2024-12-15 16:33:51,659 - INFO Retriever 0 - Agent主脑给出的行动：deep_think
参数：{'thoughts': "我已经读取了两个与野球拳技能相关的文件，它们都包含了技能的动画、粒子效果和音频设置。文件中的 'partilePrefab' 和 'blockPartilePrefab' 字段可能涉及到粒子效果的设置，这些设置可能影响特效的指向。因此，这两个文件很可能是修复战斗时野球拳技能特效指向不正确问题的关键所在。接下来，我将检查这两个文件中与粒子效果相关的设置，以确认是否有更多的信息可以帮助解决问题。", 'repeat_counter': 2, 'continue_think_counter': 1}
2024-12-15 16:33:51,661 - INFO Retriever 0 - Observer: 好的，请继续你的下一步行动或思考。
2024-12-15 16:33:51,662 - INFO Retriever 0 - 

————————————————————————————————————————————————————————————————
2024-12-15 16:33:51,662 - INFO Retriever 0 - 当前窗口总长度：21
2024-12-15 16:33:51,663 - INFO Retriever 0 - 当前更新窗口长度：12
2024-12-15 16:33:51,663 - INFO Retriever 0 - 当前更新窗口长度：12
2024-12-15 16:33:51,663 - INFO Retriever 0 - ————————————————————————————————————————————————————————————————


2024-12-15 16:33:57,176 - INFO Retriever 0 - Agent主脑给出的回答为：{
    "deep_think": {
        "thoughts": "我已经读取了两个与野球拳技能相关的文件，它们都包含了技能的动画、粒子效果和音频设置。文件中的 'partilePrefab' 和 'blockPartilePrefab' 字段可能涉及到粒子效果的设置，这些设置可能影响特效的指向。因此，这两个文件很可能是修复战斗时野球拳技能特效指向不正确问题的关键所在。接下来，我将检查这两个文件中与粒子效果相关的设置，以确认是否有更多的信息可以帮助解决问题。"
    }
}
2024-12-15 16:33:57,177 - INFO Retriever 0 - 是否成功解析：True
2024-12-15 16:33:57,177 - INFO Retriever 0 - operation_type (__det_dir_action):
2024-12-15 16:33:57,177 - INFO Retriever 0 - deep_think
2024-12-15 16:33:57,177 - INFO Retriever 0 - 

——————————————————————————————————————————————————————————————————————————————————————————————————————————————————————————
2024-12-15 16:33:57,178 - INFO Retriever 0 - Assistant:
2024-12-15 16:33:57,178 - INFO Retriever 0 - {
    "deep_think": {
        "thoughts": "我已经读取了两个与野球拳技能相关的文件，它们都包含了技能的动画、粒子效果和音频设置。文件中的 'partilePrefab' 和 'blockPartilePrefab' 字段可能涉及到粒子效果的设置，这些设置可能影响特效的指向。因此，这两个文件很可能是修复战斗时野球拳技能特效指向不正确问题的关键所在。接下来，我将检查这两个文件中与粒子效果相关的设置，以确认是否有更多的信息可以帮助解决问题。"
    }
}
2024-12-15 16:33:57,178 - INFO Retriever 0 - dict_keys(['deep_think'])
2024-12-15 16:33:57,178 - INFO Retriever 0 - Agent主脑给出的行动：deep_think
参数：{'thoughts': "我已经读取了两个与野球拳技能相关的文件，它们都包含了技能的动画、粒子效果和音频设置。文件中的 'partilePrefab' 和 'blockPartilePrefab' 字段可能涉及到粒子效果的设置，这些设置可能影响特效的指向。因此，这两个文件很可能是修复战斗时野球拳技能特效指向不正确问题的关键所在。接下来，我将检查这两个文件中与粒子效果相关的设置，以确认是否有更多的信息可以帮助解决问题。", 'repeat_counter': 3, 'continue_think_counter': 2}
2024-12-15 16:33:57,179 - INFO Retriever 0 - Observer: 请注意，你已经连续多次进行了内容完全相同的`deep_think`，请立即停止这样的无意义重复。
2024-12-15 16:33:57,180 - INFO Retriever 0 - 

————————————————————————————————————————————————————————————————
2024-12-15 16:33:57,180 - INFO Retriever 0 - 当前窗口总长度：23
2024-12-15 16:33:57,180 - INFO Retriever 0 - 当前更新窗口长度：14
2024-12-15 16:33:57,181 - INFO Retriever 0 - 当前更新窗口长度：14
2024-12-15 16:33:57,181 - INFO Retriever 0 - ————————————————————————————————————————————————————————————————


2024-12-15 16:34:00,874 - INFO Retriever 0 - Agent主脑给出的回答为：{
    "read_long_details": {
        "file_path": "D:\\Unity\\jyx2\\Assets\\Mods\\JYX2\\Skills\\野球拳.asset"
    }
}
2024-12-15 16:34:00,875 - INFO Retriever 0 - 是否成功解析：True
2024-12-15 16:34:00,875 - INFO Retriever 0 - operation_type (__det_dir_action):
2024-12-15 16:34:00,875 - INFO Retriever 0 - read_long_details
2024-12-15 16:34:00,875 - INFO Retriever 0 - 

——————————————————————————————————————————————————————————————————————————————————————————————————————————————————————————
2024-12-15 16:34:00,877 - INFO Retriever 0 - Assistant:
2024-12-15 16:34:00,877 - INFO Retriever 0 - {
    "read_long_details": {
        "file_path": "D:\\Unity\\jyx2\\Assets\\Mods\\JYX2\\Skills\\野球拳.asset"
    }
}
2024-12-15 16:34:00,877 - INFO Retriever 0 - dict_keys(['read_long_details'])
2024-12-15 16:34:00,878 - INFO Retriever 0 - Agent主脑给出的行动：read_long_details
参数：{'file_path': 'D:\\Unity\\jyx2\\Assets\\Mods\\JYX2\\Skills\\野球拳.asset', 'top_path': 'D:/Unity/jyx2\\Assets', 'return_file_sum': <bound method TreeGenerationAction.return_file_sum of <Action.tree_gen_action.TreeGenerationAction object at 0x00000212C204E650>>}
2024-12-15 16:34:00,883 - INFO Retriever 0 - Observer: 这是一个名为“野球拳.asset”的文件，该文件里的内容为：
MonoBehaviour:
  m_ObjectHideFlags: 0
  m_CorrespondingSourceObject:
    fileID: 0
  m_PrefabInstance:
    fileID: 0
  m_PrefabAsset:
    fileID: 0
  m_GameObject:
    fileID: 0
  m_Enabled: 1
  m_EditorHideFlags: 0
  m_Script:
    fileID: 11500000
    guid: 7198f6f3a0b460847b34dadf568f5246
    type: 3
  m_Name: 野球拳
  m_EditorClassIdentifier: None
  weaponCode: 0
  behitClip:
    fileID: 0
  moveClip:
    fileID: 0
  idleClip:
    fileID: 7400000
    guid: 013955a9295d22f4f8aa23814b95f6be
    type: 2
  attackClip:
    fileID: 7400000
    guid: b5e41fa9ddc054c48b16ea41ac4cf263
    type: 2
  stunClip:
    fileID: 0
  animationDelay: 0
  duration: 3.01
  behitDelay: 1.4
  partilePrefab:
    fileID: 1805913159257822
    guid: cb5ed39e43e81d541b39efe7f0f6428e
    type: 3
  particleDelay: 0
  partileOffset:
    x: 0
    y: 0
    z: 0
  particleScale: 1
  blockPartilePrefab:
    fileID: 1557633139781050
    guid: e3cb7e5d2d753394cb186aba3067ba6a
    type: 3
  blockParticleDelay: 1.4
  blockPartileOffset:
    x: 0
    y: 0
    z: 0
  blockParticleScale: 1
  blockPartilePrefabAdd:
    fileID: 0
  blockParticleDelayAdd: 0.5
  bloackParticleAddDuration: 0
  blockPartileOffsetAdd:
    x: 0
    y: 0
    z: 0
  blockParticleScaleAdd: 1
  audio:
    fileID: 8300000
    guid: ad0587337f4de4840913ec2fa39a9470
    type: 3
  audioDelay: 1.4
  audio2:
    fileID: 8300000
    guid: 94ece23980e785c448eddb1dea4995ee
    type: 3
  audioDelay2: 0.25
  controller:
    fileID: 0
  isGhostShadowOn: 1
  ghostShadowColor:
    r: 1
    g: 0.9225849
    b: 0
    a: 1
2024-12-15 16:34:00,885 - INFO Retriever 0 - 

————————————————————————————————————————————————————————————————
2024-12-15 16:34:00,886 - INFO Retriever 0 - 当前窗口总长度：25
2024-12-15 16:34:00,886 - INFO Retriever 0 - 当前更新窗口长度：16
2024-12-15 16:34:00,886 - INFO Retriever 0 - 当前更新窗口长度：16
2024-12-15 16:34:00,886 - INFO Retriever 0 - ————————————————————————————————————————————————————————————————


2024-12-15 16:34:15,903 - INFO Retriever 0 - Agent主脑给出的回答为：我已经仔细阅读了“野球拳.asset”文件的内容，该文件详细描述了野球拳技能的动画、粒子效果和音频设置。文件中的 'partilePrefab' 和 'blockPartilePrefab' 字段可能涉及到粒子效果的设置，这些设置可能影响特效的指向。因此，这个文件很可能是修复战斗时野球拳技能特效指向不正确问题的关键所在。接下来，我将检查另一个相关的文件，以确认是否有更多的信息可以帮助解决问题。
2024-12-15 16:34:15,903 - INFO Retriever 0 - 是否成功解析：True
2024-12-15 16:34:15,904 - INFO Retriever 0 - operation_type (__det_dir_action):
2024-12-15 16:34:15,904 - INFO Retriever 0 - 我已经仔细阅读了“野球拳.asset”文件的内容，该文件详细描述了野球拳技能的动画、粒子效果和音频设置。文件中的 'partilePrefab' 和 'blockPartilePrefab' 字段可能涉及到粒子效果的设置，这些设置可能影响特效的指向。因此，这个文件很可能是修复战斗时野球拳技能特效指向不正确问题的关键所在。接下来，我将检查另一个相关的文件，以确认是否有更多的信息可以帮助解决问题。
2024-12-15 16:34:15,904 - INFO Retriever 0 - 

——————————————————————————————————————————————————————————————————————————————————————————————————————————————————————————
2024-12-15 16:34:15,904 - INFO Retriever 0 - Assistant:
2024-12-15 16:34:15,904 - INFO Retriever 0 - {
  "我已经仔细阅读了“野球拳.asset”文件的内容，该文件详细描述了野球拳技能的动画、粒子效果和音频设置。文件中的 'partilePrefab' 和 'blockPartilePrefab' 字段可能涉及到粒子效果的设置，这些设置可能影响特效的指向。因此，这个文件很可能是修复战斗时野球拳技能特效指向不正确问题的关键所在。接下来，我将检查另一个相关的文件，以确认是否有更多的信息可以帮助解决问题。": ""
}
2024-12-15 16:34:15,904 - INFO Retriever 0 - dict_keys(["我已经仔细阅读了“野球拳.asset”文件的内容，该文件详细描述了野球拳技能的动画、粒子效果和音频设置。文件中的 'partilePrefab' 和 'blockPartilePrefab' 字段可能涉及到粒子效果的设置，这些设置可能影响特效的指向。因此，这个文件很可能是修复战斗时野球拳技能特效指向不正确问题的关键所在。接下来，我将检查另一个相关的文件，以确认是否有更多的信息可以帮助解决问题。"])
2024-12-15 16:34:15,906 - WARNING Retriever 0 - 你给出的操作类型不属于指定的操作类型。可以进行的操作类型有：['get_folder_info', 'read_file', 'read_long_details', 'retrieve_keywords', 'deep_think']，请重新给出你的操作。
2024-12-15 16:34:15,907 - INFO Retriever 0 - 

————————————————————————————————————————————————————————————————
2024-12-15 16:34:15,907 - INFO Retriever 0 - 当前窗口总长度：27
2024-12-15 16:34:15,907 - INFO Retriever 0 - 当前更新窗口长度：18
2024-12-15 16:34:15,907 - INFO Retriever 0 - 当前更新窗口长度：18
2024-12-15 16:34:15,908 - INFO Retriever 0 - ————————————————————————————————————————————————————————————————


2024-12-15 16:34:20,118 - INFO Retriever 0 - Agent主脑给出的回答为：{
    "read_long_details": {
        "file_path": "D:\\Unity\\jyx2\\Assets\\Mods\\xiastart_roguelike\\Skills\\野球拳.asset"
    }
}
2024-12-15 16:34:20,118 - INFO Retriever 0 - 是否成功解析：True
2024-12-15 16:34:20,118 - INFO Retriever 0 - operation_type (__det_dir_action):
2024-12-15 16:34:20,118 - INFO Retriever 0 - read_long_details
2024-12-15 16:34:20,118 - INFO Retriever 0 - 

——————————————————————————————————————————————————————————————————————————————————————————————————————————————————————————
2024-12-15 16:34:20,118 - INFO Retriever 0 - Assistant:
2024-12-15 16:34:20,120 - INFO Retriever 0 - {
    "read_long_details": {
        "file_path": "D:\\Unity\\jyx2\\Assets\\Mods\\xiastart_roguelike\\Skills\\野球拳.asset"
    }
}
2024-12-15 16:34:20,120 - INFO Retriever 0 - dict_keys(['read_long_details'])
2024-12-15 16:34:20,120 - INFO Retriever 0 - Agent主脑给出的行动：read_long_details
参数：{'file_path': 'D:\\Unity\\jyx2\\Assets\\Mods\\xiastart_roguelike\\Skills\\野球拳.asset', 'top_path': 'D:/Unity/jyx2\\Assets', 'return_file_sum': <bound method TreeGenerationAction.return_file_sum of <Action.tree_gen_action.TreeGenerationAction object at 0x00000212C204E650>>}
2024-12-15 16:34:20,126 - INFO Retriever 0 - Observer: 这是一个名为“野球拳.asset”的文件，该文件里的内容为：
MonoBehaviour:
  m_ObjectHideFlags: 0
  m_CorrespondingSourceObject:
    fileID: 0
  m_PrefabInstance:
    fileID: 0
  m_PrefabAsset:
    fileID: 0
  m_GameObject:
    fileID: 0
  m_Enabled: 1
  m_EditorHideFlags: 0
  m_Script:
    fileID: 11500000
    guid: 7198f6f3a0b460847b34dadf568f5246
    type: 3
  m_Name: 野球拳
  m_EditorClassIdentifier: None
  weaponCode: 0
  behitClip:
    fileID: 0
  moveClip:
    fileID: 0
  idleClip:
    fileID: 7400000
    guid: 013955a9295d22f4f8aa23814b95f6be
    type: 2
  attackClip:
    fileID: 7400000
    guid: b5e41fa9ddc054c48b16ea41ac4cf263
    type: 2
  stunClip:
    fileID: 0
  animationDelay: 0
  duration: 3.01
  behitDelay: 1.4
  partilePrefab:
    fileID: 1805913159257822
    guid: cb5ed39e43e81d541b39efe7f0f6428e
    type: 3
  particleDelay: 0
  partileOffset:
    x: 0
    y: 0
    z: 0
  particleScale: 1
  blockPartilePrefab:
    fileID: 1557633139781050
    guid: e3cb7e5d2d753394cb186aba3067ba6a
    type: 3
  blockParticleDelay: 1.4
  blockPartileOffset:
    x: 0
    y: 0
    z: 0
  blockParticleScale: 1
  blockPartilePrefabAdd:
    fileID: 0
  blockParticleDelayAdd: 0.5
  bloackParticleAddDuration: 0
  blockPartileOffsetAdd:
    x: 0
    y: 0
    z: 0
  blockParticleScaleAdd: 1
  audio:
    fileID: 8300000
    guid: ad0587337f4de4840913ec2fa39a9470
    type: 3
  audioDelay: 1.4
  audio2:
    fileID: 8300000
    guid: 94ece23980e785c448eddb1dea4995ee
    type: 3
  audioDelay2: 0.25
  controller:
    fileID: 0
  isGhostShadowOn: 1
  ghostShadowColor:
    r: 1
    g: 0.9225849
    b: 0
    a: 1
2024-12-15 16:34:20,129 - INFO Retriever 0 - 

————————————————————————————————————————————————————————————————
2024-12-15 16:34:20,129 - INFO Retriever 0 - 当前窗口总长度：29
2024-12-15 16:34:20,129 - INFO Retriever 0 - 当前更新窗口长度：20
2024-12-15 16:34:20,129 - INFO Retriever 0 - 当前更新窗口长度：20
2024-12-15 16:34:20,129 - INFO Retriever 0 - ————————————————————————————————————————————————————————————————


2024-12-15 16:34:29,717 - INFO Retriever 0 - Agent主脑给出的回答为：我已经仔细阅读了“野球拳.asset”文件的内容，该文件详细描述了野球拳技能的动画、粒子效果和音频设置。文件中的 'partilePrefab' 和 'blockPartilePrefab' 字段可能涉及到粒子效果的设置，这些设置可能影响特效的指向。因此，这个文件很可能是修复战斗时野球拳技能特效指向不正确问题的关键所在。接下来，我将检查另一个相关的文件，以确认是否有更多的信息可以帮助解决问题。
2024-12-15 16:34:29,717 - INFO Retriever 0 - 是否成功解析：True
2024-12-15 16:34:29,718 - INFO Retriever 0 - operation_type (__det_dir_action):
2024-12-15 16:34:29,718 - INFO Retriever 0 - 我已经仔细阅读了“野球拳.asset”文件的内容，该文件详细描述了野球拳技能的动画、粒子效果和音频设置。文件中的 'partilePrefab' 和 'blockPartilePrefab' 字段可能涉及到粒子效果的设置，这些设置可能影响特效的指向。因此，这个文件很可能是修复战斗时野球拳技能特效指向不正确问题的关键所在。接下来，我将检查另一个相关的文件，以确认是否有更多的信息可以帮助解决问题。
2024-12-15 16:34:29,718 - INFO Retriever 0 - 

——————————————————————————————————————————————————————————————————————————————————————————————————————————————————————————
2024-12-15 16:34:29,718 - INFO Retriever 0 - Assistant:
2024-12-15 16:34:29,718 - INFO Retriever 0 - {
  "我已经仔细阅读了“野球拳.asset”文件的内容，该文件详细描述了野球拳技能的动画、粒子效果和音频设置。文件中的 'partilePrefab' 和 'blockPartilePrefab' 字段可能涉及到粒子效果的设置，这些设置可能影响特效的指向。因此，这个文件很可能是修复战斗时野球拳技能特效指向不正确问题的关键所在。接下来，我将检查另一个相关的文件，以确认是否有更多的信息可以帮助解决问题。": ""
}
2024-12-15 16:34:29,719 - INFO Retriever 0 - dict_keys(["我已经仔细阅读了“野球拳.asset”文件的内容，该文件详细描述了野球拳技能的动画、粒子效果和音频设置。文件中的 'partilePrefab' 和 'blockPartilePrefab' 字段可能涉及到粒子效果的设置，这些设置可能影响特效的指向。因此，这个文件很可能是修复战斗时野球拳技能特效指向不正确问题的关键所在。接下来，我将检查另一个相关的文件，以确认是否有更多的信息可以帮助解决问题。"])
2024-12-15 16:34:29,719 - WARNING Retriever 0 - 你给出的操作类型不属于指定的操作类型。可以进行的操作类型有：['get_folder_info', 'read_file', 'read_long_details', 'retrieve_keywords', 'deep_think']，请重新给出你的操作。
2024-12-15 16:34:29,721 - INFO Retriever 0 - 

————————————————————————————————————————————————————————————————
2024-12-15 16:34:29,721 - INFO Retriever 0 - 当前窗口总长度：31
2024-12-15 16:34:29,721 - INFO Retriever 0 - 当前更新窗口长度：22
2024-12-15 16:34:29,721 - INFO Retriever 0 - 当前更新窗口长度：22
2024-12-15 16:34:29,722 - INFO Retriever 0 - ————————————————————————————————————————————————————————————————


2024-12-15 16:34:33,276 - INFO Retriever 0 - Agent主脑给出的回答为：```json
{"finish": "我已完成你所给出的任务需求，请你进行确认"}
```
2024-12-15 16:34:33,276 - INFO Retriever 0 - 是否成功解析：True
2024-12-15 16:34:33,277 - INFO Retriever 0 - operation_type (__det_dir_action):
2024-12-15 16:34:33,277 - INFO Retriever 0 - finish
2024-12-15 16:34:33,277 - INFO Retriever 0 - 

——————————————————————————————————————————————————————————————————————————————————————————————————————————————————————————
2024-12-15 16:34:33,277 - INFO Retriever 0 - Assistant:
2024-12-15 16:34:33,277 - INFO Retriever 0 - {"finish": "我已完成你所给出的任务需求，请你进行确认"}
2024-12-15 16:34:33,278 - INFO Retriever 0 - dict_keys(['finish'])
2024-12-15 16:34:33,278 - INFO Retriever 0 - ——————————————————————————————————— 任务结束 ———————————————————————————————————
2024-12-15 16:34:33,278 - INFO Retriever 0 - 

————————————————————————————————————————————————————————————————
2024-12-15 16:34:33,278 - INFO Retriever 0 - 当前窗口总长度：31
2024-12-15 16:34:33,278 - INFO Retriever 0 - 当前更新窗口长度：22
2024-12-15 16:34:33,279 - INFO Retriever 0 - 当前更新窗口长度：22
2024-12-15 16:34:33,279 - INFO Retriever 0 - ————————————————————————————————————————————————————————————————


2024-12-15 16:34:47,457 - INFO Retriever 0 - -------------------------Task Report-------------------------
2024-12-15 16:34:47,458 - INFO Retriever 0 - * 文件一：
    * 文件绝对路径：D:\Unity\jyx2\Assets\Mods\JYX2\Skills\野球拳.asset
    * 文件内容概述：该文件是Unity游戏对象“野球拳”的脚本配置，涵盖了动画、粒子效果和音频设置。脚本定义了游戏对象的空闲、攻击和被击中动画，并指定了相应的粒子效果和音频文件。此外，还包括了控制器配置和幽灵阴影的启用与颜色设定。
    * 该文件与问题目标之间的关联性：根据文件内容概述，该文件与“修复战斗时野球拳技能特效指向不正确的问题”相关，因为它包含了野球拳技能的动画、粒子效果和音频设置，可能涉及到特效指向的问题。

* 文件二：
    * 文件绝对路径：D:\Unity\jyx2\Assets\Mods\xiastart_roguelike\Skills\野球拳.asset
    * 文件内容概述：该文件详细配置了Unity3D游戏“野球拳”中角色的动画和音效。包含多种动画剪辑（如空闲和攻击状态），粒子效果（包括普通和阻挡粒子），以及两个音频文件。此外，还设定了幽灵阴影效果和其颜色，以及动画播放的相关参数。
    * 该文件与问题目标之间的关联性：根据文件内容概述，该文件与“修复战斗时野球拳技能特效指向不正确的问题”相关，因为它包含了野球拳技能的动画和粒子效果设置，可能涉及到特效指向的问题。
2024-12-15 16:34:47,458 - INFO Retriever 0 - 
Token Consuming:117162

2024-12-15 16:34:47,459 - INFO Retriever 0 - 
history rounds:16

