2024-10-08 22:57:33,956 - INFO Retriever 0 - Init Retriever.
2024-10-08 22:57:56,144 - INFO Retriever 0 - keywords:“content”，“含量”，“dialog”，“对话框”，“内容”，“非玩家控制角色”，“非玩家角色”，“player”，“玩家”，“NPC”，“dialogue box”
2024-10-08 22:57:56,145 - INFO Retriever 0 - deep_think_conent
:在获取了项目文件的顶层结构后，我还需要结合待查询的问题描述，对于项目中的文件和目录进行一些深度关键词检索。根据任务描述：“请在D:\Unity\open-project-1-main\UOP1_Project\Assets下各级目录中寻找：修改玩家和NPC对话框的内容是在什么地方”，我总结出如下可能会出现在各个文件名或者文件内容中的关键词：“content”，“含量”，“dialog”，“对话框”，“内容”，“非玩家控制角色”，“非玩家角色”，“player”，“玩家”，“NPC”，“dialogue box”。
接下来，我将使用retrieve_keywords操作，在项目顶层路径“D:\Unity\open-project-1-main\UOP1_Project\Assets”下检索这些关键词，从而大致把握可能与问题描述相关的文件或目录的路径。
2024-10-08 22:57:56,194 - INFO Retriever 0 - ——————————————————————————————————————————————————————————————————————————————————————————————————————————————————————————
2024-10-08 22:57:56,194 - INFO Retriever 0 - Assistant:
2024-10-08 22:57:56,195 - INFO Retriever 0 - {
    "deep_think": {
        "thoughts": "好的，接下来我将通过深度思考、仔细计划以及逐步执行的方式，来完成该任务。\n\n首先，在阅读详细的代码细节之前，应该先整体把握整个项目。\n\n在提供的可选的action中，可以通过get_folder_info操作，通过将项目顶层路径作为target_folder_path参数进行传入，来获取获取项目中主要文件夹和主要文件的描述，从而能够先大致把握项目文件的主要文件的文件树结构、基本内容、主要代码概述以及大致功能板块的分布。"
    }
}
2024-10-08 22:57:56,195 - INFO Retriever 0 - 
Observer:
2024-10-08 22:57:56,196 - INFO Retriever 0 - 好的，请继续你的下一步行动或思考。
2024-10-08 22:57:56,196 - INFO Retriever 0 - 
2024-10-08 22:57:56,274 - INFO Retriever 0 - ——————————————————————————————————————————————————————————————————————————————————————————————————————————————————————————
2024-10-08 22:57:56,274 - INFO Retriever 0 - Assistant:
2024-10-08 22:57:56,276 - INFO Retriever 0 - {
    "get_folder_info": {
        "target_folder_path": "D:\\Unity\\open-project-1-main\\UOP1_Project\\Assets"
    }
}
2024-10-08 22:57:56,276 - INFO Retriever 0 - 
Observer:
2024-10-08 22:57:56,278 - INFO Retriever 0 - 目标文件夹路径：D:\Unity\open-project-1-main\UOP1_Project\Assets
文件结构树（该结构树可能不完整，仅返回深度小于等于1层的子文件以及文件夹）：
├── .DS_Store
├── Addons
│   ├── DOTween
│   ├── TextMeshPro
├── AddressableAssetsData
│   ├── AddressableAssetSettings.asset
│   ├── AssetGroupTemplates
│   ├── AssetGroups
│   ├── DataBuilders
│   ├── DefaultObject.asset
│   ├── Windows
├── Art
│   ├── Accessories
│   ├── Characters
│   ...
│   ├── UI
├── Audio
│   ├── Music
│   ├── SFX
├── Cutscenes
│   ├── AudioTests.playable
│   ├── BeachCandyCutscene.playable
│   ...
│   ├── TownCutscene.playable
├── LocalizationFiles
│   ├── .DS_Store
│   ├── AssetTables
│   ├── GoogleSheetService_ChopChop.asset
│   ├── Locales
│   ├── LocalizationSettings.asset
├── Prefabs
│   ├── Accessories
│   ├── Audio
│   ...
│   ├── _SceneChunks
├── ProBuilder Data
│   ├── Default Color Palette.asset
│   ├── Default Material Palette.asset
├── Scenes
│   ├── Examples
│   ├── Locations
│   ├── Managers
│   ├── Menus
│   ├── WIP
│   ├── Whiteboxing
├── ScriptableObjects
│   ├── Audio
│   ├── Configs
│   ...
│   ├── StateMachine
├── Scripts
│   ├── Animation
│   ├── Audio
│   ...
│   ├── UI
├── Settings
│   ├── Audio
│   ├── Graphics
│   ├── Input
│   ├── LightBakingSettings
│   ├── Presets
├── Shaders
│   ├── AggroEffect.shadergraph
│   ├── CustomHLSL
│   ...
│   ├── Water_Sea.shadergraph
├── TextData
│   ├── ContributorsList.txt
├── Tutorials
│   ├── Icons
│   ├── Images
│   ├── TutorialProjectSettings.asset
│   ├── TutorialWelcomePage.asset
│   ├── Tutorials.asset
├── WIP
│   ├── Materials
│   ├── Prefabs
│   ├── SourceFiles
│   ├── Textures


其中，部分主要文件及文件夹的信息如下：
1. Assets
# 路径:D:/Unity/open-project-1-main/UOP1_Project\Assets
# 内容概述:“Assets”文件夹汇集了Unity游戏开发所需的多种资源，包括动画、文本处理、音频、艺术资产、场景和脚本等。其中，“Addons”子文件夹提供了DOTween和TextMeshPro等插件，分别用于动画和文本渲染；“AddressableAssetsData”则专注于资源管理和配置；“Art”包含3D模型、动画和视觉效果等创意资源；“Audio”提供背景音乐和声音效果；“Cutscenes”包含剧情相关文件；“LocalizationFiles”支持多语言本地化；“Prefabs”提供可复用的游戏对象；“Scenes”涉及场景设计和导航；“ScriptableObjects”存储游戏配置；“Scripts”包含脚本文件；“Settings”管理音频、图形和输入设置；“Shaders”提供自定义着色器；“TextData”记录项目贡献者；“Tutorials”提供开发指导；“WIP”存放开发中的资源。整体上，这些文件夹和文件协同工作，构成了一个完整且功能丰富的游戏开发环境。

2. Addons
# 路径:D:/Unity/open-project-1-main/UOP1_Project\Assets\Addons
# 内容概述:“Addons”文件夹汇集了两个Unity插件：DOTween和TextMeshPro。DOTween提供全面的动画和缓动解决方案，包含编辑器工具和模块化脚本，旨在增强Unity中的动画效果。TextMeshPro则专注于文本渲染和视觉效果，提供丰富的字体资源、样式表和表情符号，以丰富游戏中的文本显示。两个插件均附有详细的使用说明和许可协议，旨在为Unity开发者提供高效的内容创作工具。

3. AddressableAssetsData
# 路径:D:/Unity/open-project-1-main/UOP1_Project\Assets\AddressableAssetsData
# 内容概述:### 简化版文件夹内容总结

“AddressableAssetsData”文件夹是Unity游戏开发的核心资源管理区域，汇集了资源打包模板、详细配置文件、脚本组件以及操作系统相关状态文件。它包括资源管理模板（AssetGroupTemplates）、资源与场景管理配置（AssetGroups）、脚本配置（DataBuilders）、操作系统资源状态文件（Windows和OSX），以及可寻址资源设置（AddressableAssetSettings.asset）和默认对象配置（DefaultObject.asset）。这些文件和文件夹协同工作，确保了游戏资源的有效管理和优化。

4. Art
# 路径:D:/Unity/open-project-1-main/UOP1_Project\Assets\Art
# 内容概述:“Art”文件夹汇集了丰富多样的创意资源，包括3D模型、动画、字体、视觉效果和用户界面设计等，适用于游戏开发、动画制作和视觉设计。其中，**Accessories** 和 **Characters** 提供了丰富的角色和道具模型，**Effects** 包含了用于特效制作的资源，**Font** 提供了字体设计和智能合约代码，**Items** 和 **Nature** 则专注于游戏和动画中的物品和自然景观设计。此外，**Materials**、**Skybox**、**Textures** 和 **UI** 分别提供了材质、环境纹理、用户界面元素等，共同构成了一个全面的艺术资源库。

5. Audio
# 路径:D:/Unity/open-project-1-main/UOP1_Project\Assets\Audio
# 内容概述:“Audio”文件夹汇集了音乐与声音效果两大类资源。其中，“Music”子文件夹专注于为游戏或多媒体项目中的不同场景提供定制背景音乐，包括海滩、森林、城镇等，以及一系列主题音乐和暂停菜单音乐。而“SFX”子文件夹则包含了丰富的声音效果，涵盖角色动作、厨房环境以及界面交互等，旨在增强多媒体项目的沉浸感和互动性。这两个子文件夹的资源相互配合，共同构建了项目的音频环境。

6. Cutscenes
# 路径:D:/Unity/open-project-1-main/UOP1_Project\Assets\Cutscenes
# 内容概述:### 文件夹内容总结

“Cutscenes”文件夹汇集了多种游戏剧情相关的可播放文件，包括海滩、镇子等场景的剧情片段，如开场、游戏结束等。这些文件与“Signals”文件夹中的信号文件协同工作，共同构建游戏的故事情节和动态事件。

7. LocalizationFiles
# 路径:D:/Unity/open-project-1-main/UOP1_Project\Assets\LocalizationFiles
# 内容概述:### 文件夹内容总结

“LocalizationFiles”文件夹汇集了Unity游戏开发所需的本地化资源和配置文件。其中，.DS_Store文件负责Mac系统文件夹个性化设置，而“Locales”子文件夹内包含多语言本地化资产，如英文、法语和意大利语设置。此外，GoogleSheetService_ChopChop.asset脚本组件用于与Google Sheets服务集成，而LocalizationSettings.asset则定义了游戏的本地化设置和格式化规则，确保游戏在不同语言环境下的正确显示。这些文件共同支撑起游戏的多语言功能和数据管理。

8. Prefabs
# 路径:D:/Unity/open-project-1-main/UOP1_Project\Assets\Prefabs
# 内容概述:“Prefabs”文件夹汇集了多样化的预制资源，专为游戏和虚拟现实项目设计。它包含角色装饰、音频管理、NPC与场景构建、动画场景、可收集物品、编辑器工具、视觉效果、食物与家具模型、UI界面、独特场景元素等预制件，旨在加速游戏开发流程，丰富游戏世界和角色设定，同时确保视觉和交互体验的丰富性。

9. ProBuilder Data
# 路径:D:/Unity/open-project-1-main/UOP1_Project\Assets\ProBuilder Data
# 内容概述:“ProBuilder Data”文件夹汇集了两个Unity游戏引擎相关资产文件：一个是“Default Color Palette.asset”，定义了15种默认颜色调色板，供游戏界面和视觉效果使用；另一个是“Default Material Palette.asset”，包含一个Unity材质调色板脚本组件，可能用于存储和应用颜色配置。这两个文件共同服务于游戏视觉设计。

10. Scenes
# 路径:D:/Unity/open-project-1-main/UOP1_Project\Assets\Scenes
# 内容概述:“Scenes”文件夹是Unity游戏开发的核心资源库，汇集了多样化的场景设计元素。其中，“Examples”展示了场景导航网络示例，“Locations”提供了多种场景的光照、反射和导航数据，“Menus”则专注于游戏菜单的光照效果。此外，“WIP”包含正在开发中的场景照明和导航设置，而“Whiteboxing”则涵盖了城镇景观和地图构建资源。整体上，这些文件夹相互关联，共同构建了游戏世界的视觉和功能框架。遗憾的是，“Managers”文件夹的具体内容尚未明确，其关联性分析有待进一步信息。

11. ScriptableObjects
# 路径:D:/Unity/open-project-1-main/UOP1_Project\Assets\ScriptableObjects
# 内容概述:“ScriptableObjects”文件夹是Unity游戏项目的核心配置中心，汇集了音频、游戏机制、对话、事件通道、游戏状态、输入管理、交互、库存、物品类型、路径、任务、运行时锚点、保存系统、场景数据和状态机等关键组件的配置文件。这些文件相互关联，共同支撑起游戏的基本机制和玩家体验，确保了从音效到游戏逻辑的每一部分都能无缝协作，为玩家提供连贯且丰富的游戏体验。

12. Scripts
# 路径:D:/Unity/open-project-1-main/UOP1_Project\Assets\Scripts
# 内容概述:“Scripts”文件夹是Unity游戏开发的核心，汇集了动画控制、音频管理、角色行为、摄像机操作、场景管理等关键脚本，旨在构建流畅的游戏体验。它还包含了对话系统、库存管理、用户界面、输入处理、交互逻辑等脚本，确保游戏交互丰富且直观。此外，文件夹内还涵盖了保存系统、状态机、系统设置、本地化工具以及编辑器辅助工具，以支持高效的游戏开发和资源管理。这些脚本相互协作，共同构成了一个功能全面、结构清晰的游戏开发框架。

13. Settings
# 路径:D:/Unity/open-project-1-main/UOP1_Project\Assets\Settings
# 内容概述:“Settings”文件夹汇集了游戏开发的关键配置文件，包括音频混合器设置、图形渲染和视觉效果配置、输入系统定义、光照烘焙参数以及预设导入设置。这些子文件夹（Audio、Graphics、Input、LightBakingSettings、Presets）分别针对音频处理、视觉效果、玩家交互、光照效果优化和文件导入优化，确保游戏在音效、视觉、操作和性能上的高质量体验。

14. Shaders
# 路径:D:/Unity/open-project-1-main/UOP1_Project\Assets\Shaders
# 内容概述:“Shaders”文件夹汇集了多种图形渲染和视觉效果资源，包括自定义着色器代码（如CustomHLSL中的自定义光照效果）、调试工具（如Debug文件夹中的顶点着色器调试）、以及一系列子图文件（如SubGraphs中的多种视觉效果子图）。此外，Unused文件夹包含了未使用的Unity项目资源，如自定义渲染脚本、水效果和ShaderGraph编辑文件。这些资源共同服务于图形渲染和视觉效果的开发，适用于游戏和视觉效果制作。

15. TextData
# 路径:D:/Unity/open-project-1-main/UOP1_Project\Assets\TextData
# 内容概述:“TextData”文件夹专注于存储项目贡献者信息，其中包含一个名为“ContributorsList.txt”的文件，记录了项目开发者和艺术家的名单及其角色。

16. Tutorials
# 路径:D:/Unity/open-project-1-main/UOP1_Project\Assets\Tutorials
# 内容概述:“Tutorials”文件夹汇集了Unity游戏开发的丰富资源，包括图标和图像设计文件，用于界面视觉元素。其中，**TutorialProjectSettings.asset** 配置了教程项目的初始场景和相机设置，而**TutorialWelcomePage.asset** 则创建了项目欢迎页面，介绍“Chop Chop”游戏并引导用户。此外，**Tutorials.asset** 提供了教程页面的详细配置，涵盖项目资源获取、讨论论坛、开发日志等，为开发者提供了全面的学习和参与途径。这些文件共同构成了一个完整的教学和资源支持体系，旨在辅助开发者深入学习和实践Unity游戏开发。

17. WIP
# 路径:D:/Unity/open-project-1-main/UOP1_Project\Assets\WIP
# 内容概述:“WIP”文件夹汇集了游戏开发所需的多媒体资源，包括用于场景设计的材质（如草地、天空盒等），预制体组件（如菜单、物体），以及图像素材和纹理（如国旗、地图纹理）。这些资源相互关联，共同构成了游戏世界的视觉和交互基础。

18. .DS_Store
# 路径:D:/Unity/open-project-1-main/UOP1_Project\Assets\.DS_Store
# 内容概述:这是一个名为“.DS_Store”的文件。


2024-10-08 22:57:56,283 - INFO Retriever 0 - 
2024-10-08 22:57:56,283 - INFO Retriever 0 - ——————————————————————————————————————————————————————————————————————————————————————————————————————————————————————————
2024-10-08 22:57:56,284 - INFO Retriever 0 - Assistant:
2024-10-08 22:57:56,284 - INFO Retriever 0 - {
    "deep_think": {
        "thoughts": "在获取了项目文件的顶层结构后，我还需要结合待查询的问题描述，对于项目中的文件和目录进行一些深度关键词检索。根据任务描述：“请在D:\\Unity\\open-project-1-main\\UOP1_Project\\Assets下各级目录中寻找：修改玩家和NPC对话框的内容是在什么地方”，我总结出如下可能会出现在各个文件名或者文件内容中的关键词：“content”，“含量”，“dialog”，“对话框”，“内容”，“非玩家控制角色”，“非玩家角色”，“player”，“玩家”，“NPC”，“dialogue box”。\n接下来，我将使用retrieve_keywords操作，在项目顶层路径“D:\\Unity\\open-project-1-main\\UOP1_Project\\Assets”下检索这些关键词，从而大致把握可能与问题描述相关的文件或目录的路径。"
    }
}
2024-10-08 22:57:56,285 - INFO Retriever 0 - 
Observer:
2024-10-08 22:57:56,286 - INFO Retriever 0 - 好的，请继续你的下一步行动或思考。
2024-10-08 22:57:56,286 - INFO Retriever 0 - 
2024-10-08 22:58:05,981 - INFO Retriever 0 - ——————————————————————————————————————————————————————————————————————————————————————————————————————————————————————————
2024-10-08 22:58:05,981 - INFO Retriever 0 - Assistant:
2024-10-08 22:58:05,982 - INFO Retriever 0 - {
    "retrieve_keywords": {
        "top_path": "D:\\Unity\\open-project-1-main\\UOP1_Project\\Assets",
        "key_word_list": [
            "content",
            "含量",
            "dialog",
            "对话框",
            "内容",
            "非玩家控制角色",
            "非玩家角色",
            "player",
            "玩家",
            "NPC",
            "dialogue box"
        ]
    }
}
2024-10-08 22:58:05,982 - INFO Retriever 0 - 
Observer:
2024-10-08 22:58:05,982 - INFO Retriever 0 - 根据你提供的关键词，我检索到以下目录或文件，它们的绝对路径如下：
1. D:\Unity\open-project-1-main\UOP1_Project\Assets\Scripts\Quests
### 文件夹内容概览
“Quests”文件夹是Unity游戏开发的核心资源集，专注于任务和对话系统的设计。它包含角色图像、UI布局文件、编辑器脚本和可序列化对象，如任务、任务线和步骤的数据结构。文件夹内分为资源管理、编辑器配置、脚本对象和任务管理器，确保了从资源编辑到任务流程控制的连贯性。关键文件如“QuestManagerSO.cs”和“StepController.cs”负责任务流程和对话步骤的管理，而“Resources”和“ScriptableObjects”则提供了必要的配置和数据支持。

2. D:\Unity\open-project-1-main\UOP1_Project\Assets\Scripts\Characters
“Characters”文件夹汇集了Unity游戏开发中角色相关的脚本资源，包括角色配置（如攻击、奖励、效果和NPC移动）、状态机逻辑、音频处理以及角色行为控制。文件夹内分为多个子目录，如Config存储角色配置脚本，StateMachine包含构建游戏逻辑的脚本，Audio则专注于角色音效。此外，Attack、Attacker、Critter等脚本负责角色具体行为，而NPC、Protagonist等则涉及角色状态和交互。整体上，这些脚本相互协作，共同构成了游戏中的角色系统。

3. D:\Unity\open-project-1-main\UOP1_Project\Assets\Scripts\Dialogues
“Dialogues”文件夹汇集了Unity对话系统的核心组件，包括扩展Locale系统的CustomMetadata.cs脚本，用于创建和管理角色的ActorSO.cs，定义对话数据的DialogueDataSO.cs，负责对话逻辑的DialogueManager.cs，以及触发对话的DialogueTrigger.cs。这些文件协同工作，为游戏提供丰富且动态的对话体验。

4. D:\Unity\open-project-1-main\UOP1_Project\Assets\Scripts\Cutscenes
“Cutscenes”文件夹汇集了Unity游戏开发中用于管理和控制场景播放的脚本。它包含对话控制脚本，如`DialogueBehaviour`、`DialogueClip`和`DialogueTrack`，负责对话的显示和播放；音频配置脚本`CutsceneAudioConfigSetter`，用于调整场景中的音量；场景管理脚本`CutsceneManager`，负责场景的播放、暂停和对话显示；场景加载脚本`CutsceneSceneLoader`，用于加载特定场景；触发脚本`CutsceneTrigger`，用于触发场景播放；以及时间轴绑定脚本`TimelineBinder`，确保游戏对象与时间轴同步。这些脚本相互协作，共同构建了游戏中的场景系统。

5. D:\Unity\open-project-1-main\UOP1_Project\Assets\Scripts\Input
## 文件夹内容精简总结
该“Input”文件夹汇集了游戏输入管理脚本，包含`GameInput.cs`和`InputReader.cs`两个关键文件。`GameInput.cs`定义了`@GameInput`类，负责处理游戏输入，包括玩法、菜单、对话和作弊等模块，并实现了资源管理。`InputReader.cs`则继承自`DescriptionBaseSO`，实现了对游戏输入事件的管理，如跳跃、攻击等，并通过事件和回调函数将输入事件传递给相应系统。两者协同工作，确保游戏输入的模块化和高效处理。

6. D:\Unity\open-project-1-main\UOP1_Project\Assets\AddressableAssetsData
### 简化版文件夹内容总结
“AddressableAssetsData”文件夹是Unity游戏开发的核心资源管理区域，汇集了资源打包模板、详细配置文件、脚本组件以及操作系统相关状态文件。它包括资源管理模板（AssetGroupTemplates）、资源与场景管理配置（AssetGroups）、脚本配置（DataBuilders）、操作系统资源状态文件（Windows和OSX），以及可寻址资源设置（AddressableAssetSettings.asset）和默认对象配置（DefaultObject.asset）。这些文件和文件夹协同工作，确保了游戏资源的有效管理和优化。

7. D:\Unity\open-project-1-main\UOP1_Project\Assets\Scripts\UI
“UI”文件夹汇集了Unity游戏开发中用于构建和管理用户界面的关键脚本。它涵盖了对话系统、库存管理、设置界面、加载界面、信用屏幕、通用按钮、健康条、心形显示、交互面板、主菜单、暂停界面、弹窗以及旋转动画等多个方面。这些脚本通过事件和函数调用相互协作，确保了游戏UI的完整性和交互性，共同构成了游戏流程中的关键用户界面元素。

8. D:\Unity\open-project-1-main\UOP1_Project\Assets\Scripts\StateMachine\Editor
### 文件夹内容概览
“Editor”文件夹汇集了Unity游戏开发中状态机设计和编辑所需的资源，包括脚本模板、工具和编辑器扩展。主要文件包括：
- **Templates**：提供状态机脚本模板，如动作和条件框架，辅助快速开发。
- **Utilities**：集成了编辑器扩展，如过渡项管理、GUI样式配置和属性编辑器，增强状态机编辑体验。
- **StateEditor.cs**：扩展StateSO编辑器界面，允许编辑动作列表。
- **TransitionTableEditor.cs**：管理过渡表，支持添加、删除和排序过渡。
- **TransitionTableEditorWindow.cs**：创建独立编辑器窗口，用于转换表的编辑和管理。
- **样式和布局文件**：定义了编辑器窗口的外观和布局。
- **Assembly Definition文件**：可能用于组织编辑器模块的编译和依赖。
这些资源共同构成了一个全面的状态机开发工具集，旨在简化Unity状态机的创建和管理流程。

9. D:\Unity\open-project-1-main\UOP1_Project\Assets\ScriptableObjects\Dialogue\Cutscenes
“Cutscenes”文件夹汇集了Unity游戏引擎的脚本配置文件，涵盖对话逻辑、事件处理和脚本组件配置。其中，文件如“CUT-CANDY.asset”定义了“CUT-CANDY”脚本，涉及属性配置；“CUT-LOSE.asset”和“CUT-WIN.asset”则专注于游戏对话序列，用于特定剧情节点；“CUT-OPEN.asset”和“CUT-SLIME.asset”则分别配置了游戏中的脚本组件和“CUT-SLIME”组件的属性。这些文件共同支撑起游戏的剧情和交互体验。

10. D:\Unity\open-project-1-main\UOP1_Project\Assets\Scripts\Events
“Events”文件夹汇集了Unity游戏开发中用于构建交互式游戏体验的关键脚本。它包含多种事件处理脚本，如对话选择、屏幕淡入淡出、NPC移动等，通过事件通道机制实现模块化交互。文件夹内脚本如`DialogueChoiceChannelSO`、`NPCMovementEventChannelSO`等，共同构建了一个灵活的事件驱动系统，支持游戏逻辑与UI的紧密集成。

请注意，这些目录或文件可能不全都和你的任务目标相关，仅供参考。请你基于具体的文件内容概述，结合你的任务目标，认真思考分析后，优先选择最有可能与任务相关的目录或文件进行进一步的检查。
2024-10-08 22:58:05,985 - INFO Retriever 0 - 
2024-10-08 22:58:08,686 - INFO Retriever 0 - Agent主脑给出的回答为：{
    "read_file": {
        "file_path": "D:\\Unity\\open-project-1-main\\UOP1_Project\\Assets\\Scripts\\Dialogues\\DialogueManager.cs"
    }
}
2024-10-08 22:58:08,686 - INFO Retriever 0 - 是否成功解析：True
2024-10-08 22:58:08,686 - INFO Retriever 0 - operation_type (__det_dir_action):
2024-10-08 22:58:08,686 - INFO Retriever 0 - read_file
2024-10-08 22:58:08,686 - INFO Retriever 0 - 

——————————————————————————————————————————————————————————————————————————————————————————————————————————————————————————
2024-10-08 22:58:08,686 - INFO Retriever 0 - Assistant:
2024-10-08 22:58:08,686 - INFO Retriever 0 - {
    "read_file": {
        "file_path": "D:\\Unity\\open-project-1-main\\UOP1_Project\\Assets\\Scripts\\Dialogues\\DialogueManager.cs"
    }
}
2024-10-08 22:58:08,686 - INFO Retriever 0 - dict_keys(['read_file'])
2024-10-08 22:58:08,686 - INFO Retriever 0 - Agent主脑给出的行动：read_file
参数：{'file_path': 'D:\\Unity\\open-project-1-main\\UOP1_Project\\Assets\\Scripts\\Dialogues\\DialogueManager.cs', 'top_path': 'D:\\Unity\\open-project-1-main\\UOP1_Project\\Assets', 'return_file_sum': <bound method TreeGenerationAction.return_file_sum of <Action.tree_gen_action.TreeGenerationAction object at 0x000002B94FBBA940>>}
2024-10-08 22:58:08,729 - INFO Retriever 0 - Observer: 这是一个名为“DialogueManager.cs”的文件，该文件里的内容为：
由于脚本文件内容过长，暂时仅给出该脚本文件的内容总结:
- ### 总体概述
- **框架和模块化结构**：该脚本是一个Unity C#组件，主要处理游戏中的对话逻辑，包括对话的开始、显示、选择和结束。
- **主要功能和目标**：管理对话流程，跟踪对话中的选择，并在适当的时候将控制权交还给游戏。

### 模块和功能
- **对话数据管理**：处理对话数据，包括演员列表、对话线和选择。
- **UI交互**：与UI交互，显示对话文本和选择。
- **事件监听和广播**：监听和广播对话事件，如开始对话、显示选择、结束对话等。

### 类和函数
- **类**：`DialogueManager`
  - **作用**：管理游戏中的对话流程。
  - **关键功能**：显示对话、处理对话选择、结束对话。
- **函数**：
  - `DisplayDialogueData`：显示对话数据。
  - `DisplayDialogueLine`：显示对话行。
  - `OnAdvance`：处理对话进度的更新。
  - `DisplayChoices`：显示对话选择。
  - `MakeDialogueChoice`：处理对话选择。
  - `DialogueEndedAndCloseDialogueUI`：结束对话并关闭UI。

### 实现逻辑
- **初始化**：在`Start`方法中设置事件监听器。
- **显示对话**：通过`DisplayDialogueData`函数开始显示对话，并初始化对话计数器。
- **对话行显示**：通过`DisplayDialogueLine`函数显示单个对话行。
- **对话进度更新**：在`OnAdvance`函数中更新对话进度，包括行和对话的计数器。
- **处理选择**：在`MakeDialogueChoice`函数中根据选择执行相应的动作。
- **结束对话**：在`DialogueEndedAndCloseDialogueUI`函数中结束对话，并恢复游戏状态。
2024-10-08 22:58:12,813 - INFO Retriever 0 - Agent主脑给出的回答为：{
    "deep_think": {
        "thoughts": "根据对DialogueManager.cs文件的阅读，我了解到这个脚本负责管理游戏中的对话流程，包括显示对话文本、处理对话选择以及结束对话。这个脚本看起来是处理玩家和NPC对话框内容的关键部分。接下来，我将检查其他可能相关的文件，例如DialogueDataSO.cs，以获取更多关于对话数据结构的信息。"
    }
}
2024-10-08 22:58:12,813 - INFO Retriever 0 - 是否成功解析：True
2024-10-08 22:58:12,814 - INFO Retriever 0 - operation_type (__det_dir_action):
2024-10-08 22:58:12,814 - INFO Retriever 0 - deep_think
2024-10-08 22:58:12,814 - INFO Retriever 0 - 

——————————————————————————————————————————————————————————————————————————————————————————————————————————————————————————
2024-10-08 22:58:12,814 - INFO Retriever 0 - Assistant:
2024-10-08 22:58:12,816 - INFO Retriever 0 - {
    "deep_think": {
        "thoughts": "根据对DialogueManager.cs文件的阅读，我了解到这个脚本负责管理游戏中的对话流程，包括显示对话文本、处理对话选择以及结束对话。这个脚本看起来是处理玩家和NPC对话框内容的关键部分。接下来，我将检查其他可能相关的文件，例如DialogueDataSO.cs，以获取更多关于对话数据结构的信息。"
    }
}
2024-10-08 22:58:12,817 - INFO Retriever 0 - dict_keys(['deep_think'])
2024-10-08 22:58:12,817 - INFO Retriever 0 - Agent主脑给出的行动：deep_think
参数：{'thoughts': '根据对DialogueManager.cs文件的阅读，我了解到这个脚本负责管理游戏中的对话流程，包括显示对话文本、处理对话选择以及结束对话。这个脚本看起来是处理玩家和NPC对话框内容的关键部分。接下来，我将检查其他可能相关的文件，例如DialogueDataSO.cs，以获取更多关于对话数据结构的信息。', 'repeat_counter': 1, 'continue_think_counter': 1}
2024-10-08 22:58:12,817 - INFO Retriever 0 - Observer: 好的，请继续你的下一步行动或思考。
2024-10-08 22:58:17,864 - INFO Retriever 0 - Agent主脑给出的回答为：{
    "read_file": {
        "file_path": "D:\\Unity\\open-project-1-main\\UOP1_Project\\Assets\\Scripts\\Dialogues\\DialogueDataSO.cs"
    }
}
2024-10-08 22:58:17,866 - INFO Retriever 0 - 是否成功解析：True
2024-10-08 22:58:17,866 - INFO Retriever 0 - operation_type (__det_dir_action):
2024-10-08 22:58:17,866 - INFO Retriever 0 - read_file
2024-10-08 22:58:17,866 - INFO Retriever 0 - 

——————————————————————————————————————————————————————————————————————————————————————————————————————————————————————————
2024-10-08 22:58:17,866 - INFO Retriever 0 - Assistant:
2024-10-08 22:58:17,867 - INFO Retriever 0 - {
    "read_file": {
        "file_path": "D:\\Unity\\open-project-1-main\\UOP1_Project\\Assets\\Scripts\\Dialogues\\DialogueDataSO.cs"
    }
}
2024-10-08 22:58:17,867 - INFO Retriever 0 - dict_keys(['read_file'])
2024-10-08 22:58:17,867 - INFO Retriever 0 - Agent主脑给出的行动：read_file
参数：{'file_path': 'D:\\Unity\\open-project-1-main\\UOP1_Project\\Assets\\Scripts\\Dialogues\\DialogueDataSO.cs', 'top_path': 'D:\\Unity\\open-project-1-main\\UOP1_Project\\Assets', 'return_file_sum': <bound method TreeGenerationAction.return_file_sum of <Action.tree_gen_action.TreeGenerationAction object at 0x000002B94FBBA940>>}
2024-10-08 22:58:17,928 - INFO Retriever 0 - Observer: 这是一个名为“DialogueDataSO.cs”的文件，该文件里的内容为：
由于脚本文件内容过长，暂时仅给出该脚本文件的内容总结:
- ### 总体概述
该脚本名为“DialogueDataSO.cs”，是一个Unity项目中的脚本文件，用于定义和管理对话数据。它提供了对话的框架，包括对话类型、对话行、选择和动作类型等。

### 模块和功能
- **DialogueType**: 定义了对话的不同类型，如开始对话、完成对话等。
- **ChoiceActionType**: 定义了选择动作的类型，如无操作、继续、胜利、失败等。
- **DialogueDataSO**: 主要类，用于存储对话数据，包括对话行列表、对话类型和结束事件。
- **Choice**: 用于存储选择的数据，包括响应、下一个对话和动作类型。
- **Line**: 用于存储对话行的数据，包括演员ID、文本列表和选择列表。

### 类和函数
- **DialogueType**: 枚举，定义对话类型。
- **ChoiceActionType**: 枚举，定义选择动作类型。
- **DialogueDataSO**: 类，包含对话数据，提供设置和获取对话行、对话类型和结束事件的方法。
- **Choice**: 类，包含选择数据，提供设置和获取响应、下一个对话和动作类型的方法。
- **Line**: 类，包含对话行数据，提供设置和获取演员ID、文本列表和选择列表的方法。
- **FinishDialogue**: 方法，当对话结束时触发事件。
- **SetDialogueLines**: 方法，用于设置对话行的内容。
- **GetPath**: 方法，获取资产路径。

### 实现逻辑
- `DialogueDataSO` 类负责管理对话数据，包括对话行、对话类型和结束事件。
- `Choice` 类用于定义对话中的选择，包括响应、下一个对话和动作类型。
- `Line` 类用于定义对话行，包括演员ID、文本列表和选择列表。
- `FinishDialogue` 方法在对话结束时触发事件。
- `SetDialogueLines` 方法用于初始化对话行。
- 在Unity编辑器中，`SetDialogueLines` 方法会从字符串表中加载对话行和选择数据。
2024-10-08 22:58:20,732 - INFO Retriever 0 - Agent主脑给出的回答为：{
    "finish": "我已完成你所给出的任务需求，请你进行确认"
}
2024-10-08 22:58:20,733 - INFO Retriever 0 - 是否成功解析：True
2024-10-08 22:58:20,733 - INFO Retriever 0 - operation_type (__det_dir_action):
2024-10-08 22:58:20,733 - INFO Retriever 0 - finish
2024-10-08 22:58:20,734 - INFO Retriever 0 - 

——————————————————————————————————————————————————————————————————————————————————————————————————————————————————————————
2024-10-08 22:58:20,734 - INFO Retriever 0 - Assistant:
2024-10-08 22:58:20,734 - INFO Retriever 0 - {
    "finish": "我已完成你所给出的任务需求，请你进行确认"
}
2024-10-08 22:58:20,734 - INFO Retriever 0 - dict_keys(['finish'])
2024-10-08 22:58:20,734 - INFO Retriever 0 - ——————————————————————————————————— 任务结束 ———————————————————————————————————
2024-10-08 22:58:29,745 - INFO Retriever 0 - -------------------------Task Report-----------------------
2024-10-08 22:58:29,745 - INFO Retriever 0 - * 文件一：
    * 文件绝对路径：D:\Unity\open-project-1-main\UOP1_Project\Assets\Scripts\Dialogues\DialogueManager.cs
    * 文件内容概述：这是一个Unity C#组件，主要处理游戏中的对话逻辑，包括对话的开始、显示、选择和结束。它管理对话流程，跟踪对话中的选择，并在适当的时候将控制权交还给游戏。
    * 该文件与问题目标之间的关联性：DialogueManager.cs文件是处理玩家和NPC对话框内容的关键部分，它负责显示对话、处理对话选择以及结束对话，与修改玩家和NPC对话框内容直接相关。

* 文件二：
    * 文件绝对路径：D:\Unity\open-project-1-main\UOP1_Project\Assets\Scripts\Dialogues\DialogueDataSO.cs
    * 文件内容概述：这是一个Unity项目中的脚本文件，用于定义和管理对话数据。它提供了对话的框架，包括对话类型、对话行、选择和动作类型等。
    * 该文件与问题目标之间的关联性：DialogueDataSO.cs文件定义了对话数据结构，包括对话行、选择和动作类型，为DialogueManager.cs文件提供对话数据，与修改玩家和NPC对话框内容紧密相关。

* 文件三：
    * 文件绝对路径：D:\Unity\open-project-1-main\UOP1_Project\Assets\Scripts\Quests
    * 文件内容概述：这是一个Unity游戏开发的核心资源集，专注于任务和对话系统的设计。它包含角色图像、UI布局文件、编辑器脚本和可序列化对象，如任务、任务线和步骤的数据结构。
    * 该文件与问题目标之间的关联性：虽然这个文件夹包含任务和对话系统的资源，但没有直接找到与修改玩家和NPC对话框内容相关的具体文件。

* 文件四：
    * 文件绝对路径：D:\Unity\open-project-1-main\UOP1_Project\Assets\Scripts\Characters
    * 文件内容概述：这是一个Unity游戏开发中角色相关的脚本资源，包括角色配置、状态机逻辑、音频处理以及角色行为控制。
    * 该文件与问题目标之间的关联性：这个文件夹包含角色相关的脚本资源，但没有直接找到与修改玩家和NPC对话框内容相关的具体文件。

* 文件五：
    * 文件绝对路径：D:\Unity\open-project-1-main\UOP1_Project\Assets\Scripts\UI
    * 文件内容概述：这是一个Unity游戏开发中用于构建和管理用户界面的关键脚本，涵盖了对话系统、库存管理、设置界面等多个方面。
    * 该文件与问题目标之间的关联性：这个文件夹包含用户界面脚本，但没有直接找到与修改玩家和NPC对话框内容相关的具体文件。
2024-10-08 22:58:29,746 - INFO Retriever 0 - 
Token Consuming:33451

2024-10-08 22:58:29,746 - INFO Retriever 0 - 
history rounds:8

