2024-10-08 22:57:33,955 - INFO Retriever 0 - Init Retriever.
2024-10-08 22:57:57,615 - INFO Retriever 0 - keywords:“content”，“含量”，“dialog”，“对话框”，“内容”，“中立型玩家”，“非玩家角色”，“player”，“玩家”，“NPC”，“dialogue box”
2024-10-08 22:57:57,617 - INFO Retriever 0 - deep_think_conent
:在获取了项目文件的顶层结构后，我还需要结合待查询的问题描述，对于项目中的文件和目录进行一些深度关键词检索。根据任务描述：“请在D:\Unity\open-project-1-main\UOP1_Project\Assets下各级目录中寻找：修改玩家和NPC对话框的内容是在什么地方”，我总结出如下可能会出现在各个文件名或者文件内容中的关键词：“content”，“含量”，“dialog”，“对话框”，“内容”，“中立型玩家”，“非玩家角色”，“player”，“玩家”，“NPC”，“dialogue box”。
接下来，我将使用retrieve_keywords操作，在项目顶层路径“D:\Unity\open-project-1-main\UOP1_Project\Assets”下检索这些关键词，从而大致把握可能与问题描述相关的文件或目录的路径。
2024-10-08 22:57:57,680 - INFO Retriever 0 - ——————————————————————————————————————————————————————————————————————————————————————————————————————————————————————————
2024-10-08 22:57:57,691 - INFO Retriever 0 - Assistant:
2024-10-08 22:57:57,692 - INFO Retriever 0 - {
    "deep_think": {
        "thoughts": "好的，接下来我将通过深度思考、仔细计划以及逐步执行的方式，来完成该任务。\n\n首先，在阅读详细的代码细节之前，应该先整体把握整个项目。\n\n在提供的可选的action中，可以通过get_folder_info操作，通过将项目顶层路径作为target_folder_path参数进行传入，来获取获取项目中主要文件夹和主要文件的描述，从而能够先大致把握项目文件的主要文件的文件树结构、基本内容、主要代码概述以及大致功能板块的分布。"
    }
}
2024-10-08 22:57:57,692 - INFO Retriever 0 - 
Observer:
2024-10-08 22:57:57,693 - INFO Retriever 0 - 好的，请继续你的下一步行动或思考。
2024-10-08 22:57:57,694 - INFO Retriever 0 - 
2024-10-08 22:57:58,958 - INFO Retriever 0 - ——————————————————————————————————————————————————————————————————————————————————————————————————————————————————————————
2024-10-08 22:57:58,959 - INFO Retriever 0 - Assistant:
2024-10-08 22:57:58,959 - INFO Retriever 0 - {
    "get_folder_info": {
        "target_folder_path": "D:\\Unity\\open-project-1-main\\UOP1_Project\\Assets"
    }
}
2024-10-08 22:57:58,960 - INFO Retriever 0 - 
Observer:
2024-10-08 22:57:58,960 - INFO Retriever 0 - 目标文件夹路径：D:\Unity\open-project-1-main\UOP1_Project\Assets
文件结构树（该结构树可能不完整，仅返回深度小于等于1层的子文件以及文件夹）：
├── .DS_Store
├── Addons
│   ├── DOTween
│   ├── TextMeshPro
├── AddressableAssetsData
│   ├── AddressableAssetSettings.asset
│   ├── AssetGroupTemplates
│   ├── AssetGroups
│   ├── DataBuilders
│   ├── DefaultObject.asset
│   ├── Windows
├── Art
│   ├── Accessories
│   ├── Characters
│   ...
│   ├── UI
├── Audio
│   ├── Music
│   ├── SFX
├── Cutscenes
│   ├── AudioTests.playable
│   ├── BeachCandyCutscene.playable
│   ...
│   ├── TownCutscene.playable
├── LocalizationFiles
│   ├── .DS_Store
│   ├── AssetTables
│   ├── GoogleSheetService_ChopChop.asset
│   ├── Locales
│   ├── LocalizationSettings.asset
├── Prefabs
│   ├── Accessories
│   ├── Audio
│   ...
│   ├── _SceneChunks
├── ProBuilder Data
│   ├── Default Color Palette.asset
│   ├── Default Material Palette.asset
├── Scenes
│   ├── Examples
│   ├── Locations
│   ├── Managers
│   ├── Menus
│   ├── WIP
│   ├── Whiteboxing
├── ScriptableObjects
│   ├── Audio
│   ├── Configs
│   ...
│   ├── StateMachine
├── Scripts
│   ├── Animation
│   ├── Audio
│   ...
│   ├── UI
├── Settings
│   ├── Audio
│   ├── Graphics
│   ├── Input
│   ├── LightBakingSettings
│   ├── Presets
├── Shaders
│   ├── AggroEffect.shadergraph
│   ├── CustomHLSL
│   ...
│   ├── Water_Sea.shadergraph
├── TextData
│   ├── ContributorsList.txt
├── Tutorials
│   ├── Icons
│   ├── Images
│   ├── TutorialProjectSettings.asset
│   ├── TutorialWelcomePage.asset
│   ├── Tutorials.asset
├── WIP
│   ├── Materials
│   ├── Prefabs
│   ├── SourceFiles
│   ├── Textures


其中，部分主要文件及文件夹的信息如下：
1. Assets
# 路径:D:/Unity/open-project-1-main/UOP1_Project\Assets
# 内容概述:“Assets”文件夹汇集了Unity游戏开发所需的多种资源，包括动画、文本处理、音频、艺术资产、场景和脚本等。其中，“Addons”子文件夹提供了DOTween和TextMeshPro等插件，分别用于动画和文本渲染；“AddressableAssetsData”则专注于资源管理和配置；“Art”包含3D模型、动画和视觉效果等创意资源；“Audio”提供背景音乐和声音效果；“Cutscenes”包含剧情相关文件；“LocalizationFiles”支持多语言本地化；“Prefabs”提供可复用的游戏对象；“Scenes”涉及场景设计和导航；“ScriptableObjects”存储游戏配置；“Scripts”包含脚本文件；“Settings”管理音频、图形和输入设置；“Shaders”提供自定义着色器；“TextData”记录项目贡献者；“Tutorials”提供开发指导；“WIP”存放开发中的资源。整体上，这些文件夹和文件协同工作，构成了一个完整且功能丰富的游戏开发环境。

2. Addons
# 路径:D:/Unity/open-project-1-main/UOP1_Project\Assets\Addons
# 内容概述:“Addons”文件夹汇集了两个Unity插件：DOTween和TextMeshPro。DOTween提供全面的动画和缓动解决方案，包含编辑器工具和模块化脚本，旨在增强Unity中的动画效果。TextMeshPro则专注于文本渲染和视觉效果，提供丰富的字体资源、样式表和表情符号，以丰富游戏中的文本显示。两个插件均附有详细的使用说明和许可协议，旨在为Unity开发者提供高效的内容创作工具。

3. AddressableAssetsData
# 路径:D:/Unity/open-project-1-main/UOP1_Project\Assets\AddressableAssetsData
# 内容概述:### 简化版文件夹内容总结

“AddressableAssetsData”文件夹是Unity游戏开发的核心资源管理区域，汇集了资源打包模板、详细配置文件、脚本组件以及操作系统相关状态文件。它包括资源管理模板（AssetGroupTemplates）、资源与场景管理配置（AssetGroups）、脚本配置（DataBuilders）、操作系统资源状态文件（Windows和OSX），以及可寻址资源设置（AddressableAssetSettings.asset）和默认对象配置（DefaultObject.asset）。这些文件和文件夹协同工作，确保了游戏资源的有效管理和优化。

4. Art
# 路径:D:/Unity/open-project-1-main/UOP1_Project\Assets\Art
# 内容概述:“Art”文件夹汇集了丰富多样的创意资源，包括3D模型、动画、字体、视觉效果和用户界面设计等，适用于游戏开发、动画制作和视觉设计。其中，**Accessories** 和 **Characters** 提供了丰富的角色和道具模型，**Effects** 包含了用于特效制作的资源，**Font** 提供了字体设计和智能合约代码，**Items** 和 **Nature** 则专注于游戏和动画中的物品和自然景观设计。此外，**Materials**、**Skybox**、**Textures** 和 **UI** 分别提供了材质、环境纹理、用户界面元素等，共同构成了一个全面的艺术资源库。

5. Audio
# 路径:D:/Unity/open-project-1-main/UOP1_Project\Assets\Audio
# 内容概述:“Audio”文件夹汇集了音乐与声音效果两大类资源。其中，“Music”子文件夹专注于为游戏或多媒体项目中的不同场景提供定制背景音乐，包括海滩、森林、城镇等，以及一系列主题音乐和暂停菜单音乐。而“SFX”子文件夹则包含了丰富的声音效果，涵盖角色动作、厨房环境以及界面交互等，旨在增强多媒体项目的沉浸感和互动性。这两个子文件夹的资源相互配合，共同构建了项目的音频环境。

6. Cutscenes
# 路径:D:/Unity/open-project-1-main/UOP1_Project\Assets\Cutscenes
# 内容概述:### 文件夹内容总结

“Cutscenes”文件夹汇集了多种游戏剧情相关的可播放文件，包括海滩、镇子等场景的剧情片段，如开场、游戏结束等。这些文件与“Signals”文件夹中的信号文件协同工作，共同构建游戏的故事情节和动态事件。

7. LocalizationFiles
# 路径:D:/Unity/open-project-1-main/UOP1_Project\Assets\LocalizationFiles
# 内容概述:### 文件夹内容总结

“LocalizationFiles”文件夹汇集了Unity游戏开发所需的本地化资源和配置文件。其中，.DS_Store文件负责Mac系统文件夹个性化设置，而“Locales”子文件夹内包含多语言本地化资产，如英文、法语和意大利语设置。此外，GoogleSheetService_ChopChop.asset脚本组件用于与Google Sheets服务集成，而LocalizationSettings.asset则定义了游戏的本地化设置和格式化规则，确保游戏在不同语言环境下的正确显示。这些文件共同支撑起游戏的多语言功能和数据管理。

8. Prefabs
# 路径:D:/Unity/open-project-1-main/UOP1_Project\Assets\Prefabs
# 内容概述:“Prefabs”文件夹汇集了多样化的预制资源，专为游戏和虚拟现实项目设计。它包含角色装饰、音频管理、NPC与场景构建、动画场景、可收集物品、编辑器工具、视觉效果、食物与家具模型、UI界面、独特场景元素等预制件，旨在加速游戏开发流程，丰富游戏世界和角色设定，同时确保视觉和交互体验的丰富性。

9. ProBuilder Data
# 路径:D:/Unity/open-project-1-main/UOP1_Project\Assets\ProBuilder Data
# 内容概述:“ProBuilder Data”文件夹汇集了两个Unity游戏引擎相关资产文件：一个是“Default Color Palette.asset”，定义了15种默认颜色调色板，供游戏界面和视觉效果使用；另一个是“Default Material Palette.asset”，包含一个Unity材质调色板脚本组件，可能用于存储和应用颜色配置。这两个文件共同服务于游戏视觉设计。

10. Scenes
# 路径:D:/Unity/open-project-1-main/UOP1_Project\Assets\Scenes
# 内容概述:“Scenes”文件夹是Unity游戏开发的核心资源库，汇集了多样化的场景设计元素。其中，“Examples”展示了场景导航网络示例，“Locations”提供了多种场景的光照、反射和导航数据，“Menus”则专注于游戏菜单的光照效果。此外，“WIP”包含正在开发中的场景照明和导航设置，而“Whiteboxing”则涵盖了城镇景观和地图构建资源。整体上，这些文件夹相互关联，共同构建了游戏世界的视觉和功能框架。遗憾的是，“Managers”文件夹的具体内容尚未明确，其关联性分析有待进一步信息。

11. ScriptableObjects
# 路径:D:/Unity/open-project-1-main/UOP1_Project\Assets\ScriptableObjects
# 内容概述:“ScriptableObjects”文件夹是Unity游戏项目的核心配置中心，汇集了音频、游戏机制、对话、事件通道、游戏状态、输入管理、交互、库存、物品类型、路径、任务、运行时锚点、保存系统、场景数据和状态机等关键组件的配置文件。这些文件相互关联，共同支撑起游戏的基本机制和玩家体验，确保了从音效到游戏逻辑的每一部分都能无缝协作，为玩家提供连贯且丰富的游戏体验。

12. Scripts
# 路径:D:/Unity/open-project-1-main/UOP1_Project\Assets\Scripts
# 内容概述:“Scripts”文件夹是Unity游戏开发的核心，汇集了动画控制、音频管理、角色行为、摄像机操作、场景管理等关键脚本，旨在构建流畅的游戏体验。它还包含了对话系统、库存管理、用户界面、输入处理、交互逻辑等脚本，确保游戏交互丰富且直观。此外，文件夹内还涵盖了保存系统、状态机、系统设置、本地化工具以及编辑器辅助工具，以支持高效的游戏开发和资源管理。这些脚本相互协作，共同构成了一个功能全面、结构清晰的游戏开发框架。

13. Settings
# 路径:D:/Unity/open-project-1-main/UOP1_Project\Assets\Settings
# 内容概述:“Settings”文件夹汇集了游戏开发的关键配置文件，包括音频混合器设置、图形渲染和视觉效果配置、输入系统定义、光照烘焙参数以及预设导入设置。这些子文件夹（Audio、Graphics、Input、LightBakingSettings、Presets）分别针对音频处理、视觉效果、玩家交互、光照效果优化和文件导入优化，确保游戏在音效、视觉、操作和性能上的高质量体验。

14. Shaders
# 路径:D:/Unity/open-project-1-main/UOP1_Project\Assets\Shaders
# 内容概述:“Shaders”文件夹汇集了多种图形渲染和视觉效果资源，包括自定义着色器代码（如CustomHLSL中的自定义光照效果）、调试工具（如Debug文件夹中的顶点着色器调试）、以及一系列子图文件（如SubGraphs中的多种视觉效果子图）。此外，Unused文件夹包含了未使用的Unity项目资源，如自定义渲染脚本、水效果和ShaderGraph编辑文件。这些资源共同服务于图形渲染和视觉效果的开发，适用于游戏和视觉效果制作。

15. TextData
# 路径:D:/Unity/open-project-1-main/UOP1_Project\Assets\TextData
# 内容概述:“TextData”文件夹专注于存储项目贡献者信息，其中包含一个名为“ContributorsList.txt”的文件，记录了项目开发者和艺术家的名单及其角色。

16. Tutorials
# 路径:D:/Unity/open-project-1-main/UOP1_Project\Assets\Tutorials
# 内容概述:“Tutorials”文件夹汇集了Unity游戏开发的丰富资源，包括图标和图像设计文件，用于界面视觉元素。其中，**TutorialProjectSettings.asset** 配置了教程项目的初始场景和相机设置，而**TutorialWelcomePage.asset** 则创建了项目欢迎页面，介绍“Chop Chop”游戏并引导用户。此外，**Tutorials.asset** 提供了教程页面的详细配置，涵盖项目资源获取、讨论论坛、开发日志等，为开发者提供了全面的学习和参与途径。这些文件共同构成了一个完整的教学和资源支持体系，旨在辅助开发者深入学习和实践Unity游戏开发。

17. WIP
# 路径:D:/Unity/open-project-1-main/UOP1_Project\Assets\WIP
# 内容概述:“WIP”文件夹汇集了游戏开发所需的多媒体资源，包括用于场景设计的材质（如草地、天空盒等），预制体组件（如菜单、物体），以及图像素材和纹理（如国旗、地图纹理）。这些资源相互关联，共同构成了游戏世界的视觉和交互基础。

18. .DS_Store
# 路径:D:/Unity/open-project-1-main/UOP1_Project\Assets\.DS_Store
# 内容概述:这是一个名为“.DS_Store”的文件。


2024-10-08 22:57:58,985 - INFO Retriever 0 - 
2024-10-08 22:57:59,068 - INFO Retriever 0 - ——————————————————————————————————————————————————————————————————————————————————————————————————————————————————————————
2024-10-08 22:57:59,069 - INFO Retriever 0 - Assistant:
2024-10-08 22:57:59,069 - INFO Retriever 0 - {
    "deep_think": {
        "thoughts": "在获取了项目文件的顶层结构后，我还需要结合待查询的问题描述，对于项目中的文件和目录进行一些深度关键词检索。根据任务描述：“请在D:\\Unity\\open-project-1-main\\UOP1_Project\\Assets下各级目录中寻找：修改玩家和NPC对话框的内容是在什么地方”，我总结出如下可能会出现在各个文件名或者文件内容中的关键词：“content”，“含量”，“dialog”，“对话框”，“内容”，“中立型玩家”，“非玩家角色”，“player”，“玩家”，“NPC”，“dialogue box”。\n接下来，我将使用retrieve_keywords操作，在项目顶层路径“D:\\Unity\\open-project-1-main\\UOP1_Project\\Assets”下检索这些关键词，从而大致把握可能与问题描述相关的文件或目录的路径。"
    }
}
2024-10-08 22:57:59,070 - INFO Retriever 0 - 
Observer:
2024-10-08 22:57:59,071 - INFO Retriever 0 - 好的，请继续你的下一步行动或思考。
2024-10-08 22:57:59,071 - INFO Retriever 0 - 
2024-10-08 22:58:07,632 - INFO Retriever 0 - ——————————————————————————————————————————————————————————————————————————————————————————————————————————————————————————
2024-10-08 22:58:07,632 - INFO Retriever 0 - Assistant:
2024-10-08 22:58:07,632 - INFO Retriever 0 - {
    "retrieve_keywords": {
        "top_path": "D:\\Unity\\open-project-1-main\\UOP1_Project\\Assets",
        "key_word_list": [
            "content",
            "含量",
            "dialog",
            "对话框",
            "内容",
            "中立型玩家",
            "非玩家角色",
            "player",
            "玩家",
            "NPC",
            "dialogue box"
        ]
    }
}
2024-10-08 22:58:07,637 - INFO Retriever 0 - 
Observer:
2024-10-08 22:58:07,638 - INFO Retriever 0 - 根据你提供的关键词，我检索到以下目录或文件，它们的绝对路径如下：
1. D:\Unity\open-project-1-main\UOP1_Project\Assets\Scripts\Quests
### 文件夹内容概览
“Quests”文件夹是Unity游戏开发的核心资源集，专注于任务和对话系统的设计。它包含角色图像、UI布局文件、编辑器脚本和可序列化对象，如任务、任务线和步骤的数据结构。文件夹内分为资源管理、编辑器配置、脚本对象和任务管理器，确保了从资源编辑到任务流程控制的连贯性。关键文件如“QuestManagerSO.cs”和“StepController.cs”负责任务流程和对话步骤的管理，而“Resources”和“ScriptableObjects”则提供了必要的配置和数据支持。

2. D:\Unity\open-project-1-main\UOP1_Project\Assets\Scripts\Characters
“Characters”文件夹汇集了Unity游戏开发中角色相关的脚本资源，包括角色配置（如攻击、奖励、效果和NPC移动）、状态机逻辑、音频处理以及角色行为控制。文件夹内分为多个子目录，如Config存储角色配置脚本，StateMachine包含构建游戏逻辑的脚本，Audio则专注于角色音效。此外，Attack、Attacker、Critter等脚本负责角色具体行为，而NPC、Protagonist等则涉及角色状态和交互。整体上，这些脚本相互协作，共同构成了游戏中的角色系统。

3. D:\Unity\open-project-1-main\UOP1_Project\Assets\Scripts\Dialogues
“Dialogues”文件夹汇集了Unity对话系统的核心组件，包括扩展Locale系统的CustomMetadata.cs脚本，用于创建和管理角色的ActorSO.cs，定义对话数据的DialogueDataSO.cs，负责对话逻辑的DialogueManager.cs，以及触发对话的DialogueTrigger.cs。这些文件协同工作，为游戏提供丰富且动态的对话体验。

4. D:\Unity\open-project-1-main\UOP1_Project\Assets\Scripts\Cutscenes
“Cutscenes”文件夹汇集了Unity游戏开发中用于管理和控制场景播放的脚本。它包含对话控制脚本，如`DialogueBehaviour`、`DialogueClip`和`DialogueTrack`，负责对话的显示和播放；音频配置脚本`CutsceneAudioConfigSetter`，用于调整场景中的音量；场景管理脚本`CutsceneManager`，负责场景的播放、暂停和对话显示；场景加载脚本`CutsceneSceneLoader`，用于加载特定场景；触发脚本`CutsceneTrigger`，用于触发场景播放；以及时间轴绑定脚本`TimelineBinder`，确保游戏对象与时间轴同步。这些脚本相互协作，共同构建了游戏中的场景系统。

5. D:\Unity\open-project-1-main\UOP1_Project\Assets\Scripts\Input
## 文件夹内容精简总结
该“Input”文件夹汇集了游戏输入管理脚本，包含`GameInput.cs`和`InputReader.cs`两个关键文件。`GameInput.cs`定义了`@GameInput`类，负责处理游戏输入，包括玩法、菜单、对话和作弊等模块，并实现了资源管理。`InputReader.cs`则继承自`DescriptionBaseSO`，实现了对游戏输入事件的管理，如跳跃、攻击等，并通过事件和回调函数将输入事件传递给相应系统。两者协同工作，确保游戏输入的模块化和高效处理。

6. D:\Unity\open-project-1-main\UOP1_Project\Assets\AddressableAssetsData
### 简化版文件夹内容总结
“AddressableAssetsData”文件夹是Unity游戏开发的核心资源管理区域，汇集了资源打包模板、详细配置文件、脚本组件以及操作系统相关状态文件。它包括资源管理模板（AssetGroupTemplates）、资源与场景管理配置（AssetGroups）、脚本配置（DataBuilders）、操作系统资源状态文件（Windows和OSX），以及可寻址资源设置（AddressableAssetSettings.asset）和默认对象配置（DefaultObject.asset）。这些文件和文件夹协同工作，确保了游戏资源的有效管理和优化。

7. D:\Unity\open-project-1-main\UOP1_Project\Assets\Scripts\UI
“UI”文件夹汇集了Unity游戏开发中用于构建和管理用户界面的关键脚本。它涵盖了对话系统、库存管理、设置界面、加载界面、信用屏幕、通用按钮、健康条、心形显示、交互面板、主菜单、暂停界面、弹窗以及旋转动画等多个方面。这些脚本通过事件和函数调用相互协作，确保了游戏UI的完整性和交互性，共同构成了游戏流程中的关键用户界面元素。

8. D:\Unity\open-project-1-main\UOP1_Project\Assets\Scripts\StateMachine\Editor
### 文件夹内容概览
“Editor”文件夹汇集了Unity游戏开发中状态机设计和编辑所需的资源，包括脚本模板、工具和编辑器扩展。主要文件包括：
- **Templates**：提供状态机脚本模板，如动作和条件框架，辅助快速开发。
- **Utilities**：集成了编辑器扩展，如过渡项管理、GUI样式配置和属性编辑器，增强状态机编辑体验。
- **StateEditor.cs**：扩展StateSO编辑器界面，允许编辑动作列表。
- **TransitionTableEditor.cs**：管理过渡表，支持添加、删除和排序过渡。
- **TransitionTableEditorWindow.cs**：创建独立编辑器窗口，用于转换表的编辑和管理。
- **样式和布局文件**：定义了编辑器窗口的外观和布局。
- **Assembly Definition文件**：可能用于组织编辑器模块的编译和依赖。
这些资源共同构成了一个全面的状态机开发工具集，旨在简化Unity状态机的创建和管理流程。

9. D:\Unity\open-project-1-main\UOP1_Project\Assets\ScriptableObjects\Dialogue\Cutscenes
“Cutscenes”文件夹汇集了Unity游戏引擎的脚本配置文件，涵盖对话逻辑、事件处理和脚本组件配置。其中，文件如“CUT-CANDY.asset”定义了“CUT-CANDY”脚本，涉及属性配置；“CUT-LOSE.asset”和“CUT-WIN.asset”则专注于游戏对话序列，用于特定剧情节点；“CUT-OPEN.asset”和“CUT-SLIME.asset”则分别配置了游戏中的脚本组件和“CUT-SLIME”组件的属性。这些文件共同支撑起游戏的剧情和交互体验。

10. D:\Unity\open-project-1-main\UOP1_Project\Assets\Scripts\Events
“Events”文件夹汇集了Unity游戏开发中用于构建交互式游戏体验的关键脚本。它包含多种事件处理脚本，如对话选择、屏幕淡入淡出、NPC移动等，通过事件通道机制实现模块化交互。文件夹内脚本如`DialogueChoiceChannelSO`、`NPCMovementEventChannelSO`等，共同构建了一个灵活的事件驱动系统，支持游戏逻辑与UI的紧密集成。

请注意，这些目录或文件可能不全都和你的任务目标相关，仅供参考。请你基于具体的文件内容概述，结合你的任务目标，认真思考分析后，优先选择最有可能与任务相关的目录或文件进行进一步的检查。
2024-10-08 22:58:07,639 - INFO Retriever 0 - 
2024-10-08 22:58:10,677 - INFO Retriever 0 - Agent主脑给出的回答为：{
    "read_file": {
        "file_path": "D:\\Unity\\open-project-1-main\\UOP1_Project\\Assets\\Scripts\\Dialogues\\DialogueDataSO.cs"
    }
}
2024-10-08 22:58:10,678 - INFO Retriever 0 - 是否成功解析：True
2024-10-08 22:58:10,678 - INFO Retriever 0 - operation_type (__det_dir_action):
2024-10-08 22:58:10,678 - INFO Retriever 0 - read_file
2024-10-08 22:58:10,678 - INFO Retriever 0 - 

——————————————————————————————————————————————————————————————————————————————————————————————————————————————————————————
2024-10-08 22:58:10,678 - INFO Retriever 0 - Assistant:
2024-10-08 22:58:10,678 - INFO Retriever 0 - {
    "read_file": {
        "file_path": "D:\\Unity\\open-project-1-main\\UOP1_Project\\Assets\\Scripts\\Dialogues\\DialogueDataSO.cs"
    }
}
2024-10-08 22:58:10,678 - INFO Retriever 0 - dict_keys(['read_file'])
2024-10-08 22:58:10,679 - INFO Retriever 0 - Agent主脑给出的行动：read_file
参数：{'file_path': 'D:\\Unity\\open-project-1-main\\UOP1_Project\\Assets\\Scripts\\Dialogues\\DialogueDataSO.cs', 'top_path': 'D:\\Unity\\open-project-1-main\\UOP1_Project\\Assets', 'return_file_sum': <bound method TreeGenerationAction.return_file_sum of <Action.tree_gen_action.TreeGenerationAction object at 0x000002B94FBD1D00>>}
2024-10-08 22:58:10,719 - INFO Retriever 0 - Observer: 这是一个名为“DialogueDataSO.cs”的文件，该文件里的内容为：
由于脚本文件内容过长，暂时仅给出该脚本文件的内容总结:
- ### 总体概述
该脚本名为“DialogueDataSO.cs”，是一个Unity项目中的脚本文件，用于定义和管理对话数据。它提供了对话的框架，包括对话类型、对话行、选择和动作类型等。

### 模块和功能
- **DialogueType**: 定义了对话的不同类型，如开始对话、完成对话等。
- **ChoiceActionType**: 定义了选择动作的类型，如无操作、继续、胜利、失败等。
- **DialogueDataSO**: 主要类，用于存储对话数据，包括对话行列表、对话类型和结束事件。
- **Choice**: 用于存储选择的数据，包括响应、下一个对话和动作类型。
- **Line**: 用于存储对话行的数据，包括演员ID、文本列表和选择列表。

### 类和函数
- **DialogueType**: 枚举，定义对话类型。
- **ChoiceActionType**: 枚举，定义选择动作类型。
- **DialogueDataSO**: 类，包含对话数据，提供设置和获取对话行、对话类型和结束事件的方法。
- **Choice**: 类，包含选择数据，提供设置和获取响应、下一个对话和动作类型的方法。
- **Line**: 类，包含对话行数据，提供设置和获取演员ID、文本列表和选择列表的方法。
- **FinishDialogue**: 方法，当对话结束时触发事件。
- **SetDialogueLines**: 方法，用于设置对话行的内容。
- **GetPath**: 方法，获取资产路径。

### 实现逻辑
- `DialogueDataSO` 类负责管理对话数据，包括对话行、对话类型和结束事件。
- `Choice` 类用于定义对话中的选择，包括响应、下一个对话和动作类型。
- `Line` 类用于定义对话行，包括演员ID、文本列表和选择列表。
- `FinishDialogue` 方法在对话结束时触发事件。
- `SetDialogueLines` 方法用于初始化对话行。
- 在Unity编辑器中，`SetDialogueLines` 方法会从字符串表中加载对话行和选择数据。
2024-10-08 22:58:12,751 - INFO Retriever 0 - Agent主脑给出的回答为：{
    "read_file": {
        "file_path": "D:\\Unity\\open-project-1-main\\UOP1_Project\\Assets\\Scripts\\Dialogues\\DialogueManager.cs"
    }
}
2024-10-08 22:58:12,752 - INFO Retriever 0 - 是否成功解析：True
2024-10-08 22:58:12,752 - INFO Retriever 0 - operation_type (__det_dir_action):
2024-10-08 22:58:12,752 - INFO Retriever 0 - read_file
2024-10-08 22:58:12,752 - INFO Retriever 0 - 

——————————————————————————————————————————————————————————————————————————————————————————————————————————————————————————
2024-10-08 22:58:12,752 - INFO Retriever 0 - Assistant:
2024-10-08 22:58:12,753 - INFO Retriever 0 - {
    "read_file": {
        "file_path": "D:\\Unity\\open-project-1-main\\UOP1_Project\\Assets\\Scripts\\Dialogues\\DialogueManager.cs"
    }
}
2024-10-08 22:58:12,753 - INFO Retriever 0 - dict_keys(['read_file'])
2024-10-08 22:58:12,754 - INFO Retriever 0 - Agent主脑给出的行动：read_file
参数：{'file_path': 'D:\\Unity\\open-project-1-main\\UOP1_Project\\Assets\\Scripts\\Dialogues\\DialogueManager.cs', 'top_path': 'D:\\Unity\\open-project-1-main\\UOP1_Project\\Assets', 'return_file_sum': <bound method TreeGenerationAction.return_file_sum of <Action.tree_gen_action.TreeGenerationAction object at 0x000002B94FBD1D00>>}
2024-10-08 22:58:12,804 - INFO Retriever 0 - Observer: 这是一个名为“DialogueManager.cs”的文件，该文件里的内容为：
由于脚本文件内容过长，暂时仅给出该脚本文件的内容总结:
- ### 总体概述
- **框架和模块化结构**：该脚本是一个Unity C#组件，主要处理游戏中的对话逻辑，包括对话的开始、显示、选择和结束。
- **主要功能和目标**：管理对话流程，跟踪对话中的选择，并在适当的时候将控制权交还给游戏。

### 模块和功能
- **对话数据管理**：处理对话数据，包括演员列表、对话线和选择。
- **UI交互**：与UI交互，显示对话文本和选择。
- **事件监听和广播**：监听和广播对话事件，如开始对话、显示选择、结束对话等。

### 类和函数
- **类**：`DialogueManager`
  - **作用**：管理游戏中的对话流程。
  - **关键功能**：显示对话、处理对话选择、结束对话。
- **函数**：
  - `DisplayDialogueData`：显示对话数据。
  - `DisplayDialogueLine`：显示对话行。
  - `OnAdvance`：处理对话进度的更新。
  - `DisplayChoices`：显示对话选择。
  - `MakeDialogueChoice`：处理对话选择。
  - `DialogueEndedAndCloseDialogueUI`：结束对话并关闭UI。

### 实现逻辑
- **初始化**：在`Start`方法中设置事件监听器。
- **显示对话**：通过`DisplayDialogueData`函数开始显示对话，并初始化对话计数器。
- **对话行显示**：通过`DisplayDialogueLine`函数显示单个对话行。
- **对话进度更新**：在`OnAdvance`函数中更新对话进度，包括行和对话的计数器。
- **处理选择**：在`MakeDialogueChoice`函数中根据选择执行相应的动作。
- **结束对话**：在`DialogueEndedAndCloseDialogueUI`函数中结束对话，并恢复游戏状态。
2024-10-08 22:58:25,485 - INFO Retriever 0 - Agent主脑给出的回答为：{
    "deep_think": {
        "thoughts": "通过阅读DialogueDataSO.cs和DialogueManager.cs两个文件的内容，我了解到DialogueDataSO.cs文件定义了对话数据，包括对话类型、对话行、选择和动作类型等。而DialogueManager.cs文件则负责管理游戏中的对话逻辑，包括对话的开始、显示、选择和结束。这两个文件的内容都与修改玩家和NPC对话框的内容直接相关。\n\n根据DialogueManager.cs文件的内容，对话的显示和选择处理是通过UI交互来实现的。因此，我推测修改玩家和NPC对话框的内容可能涉及到UI相关的文件。接下来，我将使用get_folder_info操作，获取Scripts/UI文件夹下的文件信息，以便进一步查找与UI交互相关的文件。"
    }
}
2024-10-08 22:58:25,485 - INFO Retriever 0 - 是否成功解析：True
2024-10-08 22:58:25,485 - INFO Retriever 0 - operation_type (__det_dir_action):
2024-10-08 22:58:25,485 - INFO Retriever 0 - deep_think
2024-10-08 22:58:25,485 - INFO Retriever 0 - 

——————————————————————————————————————————————————————————————————————————————————————————————————————————————————————————
2024-10-08 22:58:25,493 - INFO Retriever 0 - Assistant:
2024-10-08 22:58:25,493 - INFO Retriever 0 - {
    "deep_think": {
        "thoughts": "通过阅读DialogueDataSO.cs和DialogueManager.cs两个文件的内容，我了解到DialogueDataSO.cs文件定义了对话数据，包括对话类型、对话行、选择和动作类型等。而DialogueManager.cs文件则负责管理游戏中的对话逻辑，包括对话的开始、显示、选择和结束。这两个文件的内容都与修改玩家和NPC对话框的内容直接相关。\n\n根据DialogueManager.cs文件的内容，对话的显示和选择处理是通过UI交互来实现的。因此，我推测修改玩家和NPC对话框的内容可能涉及到UI相关的文件。接下来，我将使用get_folder_info操作，获取Scripts/UI文件夹下的文件信息，以便进一步查找与UI交互相关的文件。"
    }
}
2024-10-08 22:58:25,493 - INFO Retriever 0 - dict_keys(['deep_think'])
2024-10-08 22:58:25,493 - INFO Retriever 0 - Agent主脑给出的行动：deep_think
参数：{'thoughts': '通过阅读DialogueDataSO.cs和DialogueManager.cs两个文件的内容，我了解到DialogueDataSO.cs文件定义了对话数据，包括对话类型、对话行、选择和动作类型等。而DialogueManager.cs文件则负责管理游戏中的对话逻辑，包括对话的开始、显示、选择和结束。这两个文件的内容都与修改玩家和NPC对话框的内容直接相关。\n\n根据DialogueManager.cs文件的内容，对话的显示和选择处理是通过UI交互来实现的。因此，我推测修改玩家和NPC对话框的内容可能涉及到UI相关的文件。接下来，我将使用get_folder_info操作，获取Scripts/UI文件夹下的文件信息，以便进一步查找与UI交互相关的文件。', 'repeat_counter': 1, 'continue_think_counter': 1}
2024-10-08 22:58:25,493 - INFO Retriever 0 - Observer: 好的，请继续你的下一步行动或思考。
2024-10-08 22:58:28,848 - INFO Retriever 0 - Agent主脑给出的回答为：{
    "get_folder_info": {
        "target_folder_path": "D:\\Unity\\open-project-1-main\\UOP1_Project\\Assets\\Scripts\\UI"
    }
}
2024-10-08 22:58:28,848 - INFO Retriever 0 - 是否成功解析：True
2024-10-08 22:58:28,849 - INFO Retriever 0 - operation_type (__det_dir_action):
2024-10-08 22:58:28,849 - INFO Retriever 0 - get_folder_info
2024-10-08 22:58:28,849 - INFO Retriever 0 - 

——————————————————————————————————————————————————————————————————————————————————————————————————————————————————————————
2024-10-08 22:58:28,849 - INFO Retriever 0 - Assistant:
2024-10-08 22:58:28,850 - INFO Retriever 0 - {
    "get_folder_info": {
        "target_folder_path": "D:\\Unity\\open-project-1-main\\UOP1_Project\\Assets\\Scripts\\UI"
    }
}
2024-10-08 22:58:28,850 - INFO Retriever 0 - dict_keys(['get_folder_info'])
2024-10-08 22:58:28,851 - INFO Retriever 0 - Agent主脑给出的行动：get_folder_info
参数：{'target_folder_path': 'D:\\Unity\\open-project-1-main\\UOP1_Project\\Assets\\Scripts\\UI'}
2024-10-08 22:58:28,916 - INFO Retriever 0 - Observer: 目标文件夹路径：D:\Unity\open-project-1-main\UOP1_Project\Assets\Scripts\UI
文件结构树（该结构树可能不完整，仅返回深度小于等于1层的子文件以及文件夹）：
├── Dialogue
│   ├── UIDialogueChoiceFiller.cs
│   ├── UIDialogueChoicesManager.cs
│   ├── UIDialogueManager.cs
├── FadeController.cs
├── Inventory
│   ├── UIActionButton.cs
│   ├── UIInspectorDescription.cs
│   ...
│   ├── UIItemForAnimation.cs
├── LoadingInterfaceController.cs
├── ScriptableObject
│   ├── InteractionSO.cs
├── Settings
│   ├── UIPaginationFiller.cs
│   ├── UISetButtonNavigation.cs
│   ├── UISettingFieldsFiller.cs
│   ├── UISettingItemFiller.cs
│   ├── UISettingTabFiller.cs
│   ├── UISettingTabsFiller.cs
│   ├── UISettingsController.cs
├── UIButtonPrompt.cs
├── UICredits.cs
├── UICreditsRoller.cs
├── UIGenericButton.cs
├── UIHealthBarManager.cs
├── UIHeartDisplay.cs
├── UIInteraction.cs
├── UIMainMenu.cs
├── UIManager.cs
├── UIMenuManager.cs
├── UIPause.cs
├── UIPopup.cs
├── UISpinner.cs


其中，部分主要文件及文件夹的信息如下：
1. UI
# 路径:D:/Unity/open-project-1-main/UOP1_Project\Assets\Scripts\UI
# 内容概述:“UI”文件夹汇集了Unity游戏开发中用于构建和管理用户界面的关键脚本。它涵盖了对话系统、库存管理、设置界面、加载界面、信用屏幕、通用按钮、健康条、心形显示、交互面板、主菜单、暂停界面、弹窗以及旋转动画等多个方面。这些脚本通过事件和函数调用相互协作，确保了游戏UI的完整性和交互性，共同构成了游戏流程中的关键用户界面元素。

2. Dialogue
# 路径:D:/Unity/open-project-1-main/UOP1_Project\Assets\Scripts\UI\Dialogue
# 内容概述:“Dialogue”文件夹汇集了Unity游戏对话系统的关键脚本，包括UIDialogueChoiceFiller.cs用于填充和响应用户对话选择，UIDialogueChoicesManager.cs负责管理对话选项的UI显示和错误处理，以及UIDialogueManager.cs作为对话流程的核心，负责对话文本和角色名称的显示以及选项的管理。这些脚本协同工作，确保了游戏对话的流畅和互动性。

3. Inventory
# 路径:D:/Unity/open-project-1-main/UOP1_Project\Assets\Scripts\UI\Inventory
# 内容概述:该“Inventory”文件夹汇集了Unity游戏开发中库存系统相关的多个C#脚本，旨在构建和管理玩家库存的UI界面。主要脚本包括处理UI按钮交互的`UIActionButton.cs`，显示物品描述和生命值的`UIInspectorDescription.cs`，以及管理食材信息和预览的`UIInspectorIngredientFiller.cs`和`UIInspectorIngredients.cs`。此外，`UIInventory.cs`负责库存的显示和交互，而`UIInventoryTab.cs`和`UIInventoryTabs.cs`则控制库存标签页的切换。这些脚本相互协作，共同构成了一个功能完备且交互丰富的库存系统UI。

4. ScriptableObject
# 路径:D:/Unity/open-project-1-main/UOP1_Project\Assets\Scripts\UI\ScriptableObject
# 内容概述:该“ScriptableObject”文件夹中的“InteractionSO.cs”文件定义了一个继承自`ScriptableObject`的`InteractionSO`类，旨在Unity中创建可重用的交互资源。该类存储并提供了交互名称、图标和类型的访问，便于在编辑器中配置和运行时使用。

5. Settings
# 路径:D:/Unity/open-project-1-main/UOP1_Project\Assets\Scripts\UI\Settings
# 内容概述:### 文件夹内容总结
“Settings”文件夹汇集了Unity游戏设置界面的关键脚本，包括管理分页指示器、设置字段填充、按钮导航、标签页交互以及整体设置界面控制的脚本。其中，`UIPaginationFiller.cs`负责分页指示器的显示和交互，`UISetButtonNavigation.cs`处理按钮导航，`UISettingFieldsFiller.cs`和`UISettingItemFiller.cs`负责填充和更新设置字段，`UISettingTabFiller.cs`和`UISettingTabsFiller.cs`管理标签页的显示和交互，而`UISettingsController.cs`作为核心控制器，整合并协调这些脚本的功能，确保设置界面的流畅操作和用户交互。

6. FadeController.cs
# 路径:D:/Unity/open-project-1-main/UOP1_Project\Assets\Scripts\UI\FadeController.cs
# 内容概述:该脚本“FadeController.cs”是Unity中用于管理屏幕淡入淡出效果的组件。它通过订阅`FadeChannelSO`事件来响应淡入或淡出指令，并使用Image组件实现视觉效果。脚本在启用时订阅事件，在禁用时取消订阅，核心函数`InitiateFade`接受淡入/淡出标志、持续时间和目标颜色参数，通过DOTween库的`DOBlendableColor`方法平滑过渡颜色，实现屏幕的淡入淡出效果。

7. LoadingInterfaceController.cs
# 路径:D:/Unity/open-project-1-main/UOP1_Project\Assets\Scripts\UI\LoadingInterfaceController.cs
# 内容概述:该脚本“LoadingInterfaceController.cs”是Unity项目中的组件，负责控制加载界面的显示与隐藏。它通过`BoolEventChannelSO`事件通道接收布尔值，以激活或禁用加载界面GameObject。脚本在启用时订阅事件，并在事件触发时切换加载界面的可见性，同时在禁用脚本时取消订阅，确保资源管理。主要包含`ToggleLoadingScreen`函数，用于根据事件状态控制加载界面的激活状态。

8. UIButtonPrompt.cs
# 路径:D:/Unity/open-project-1-main/UOP1_Project\Assets\Scripts\UI\UIButtonPrompt.cs
# 内容概述:该脚本是一个Unity组件，名为`UIButtonPrompt`，负责根据用户输入设备（键盘或控制器）切换按钮提示的图标和文本。脚本中定义了几个序列化字段，用于存储背景图、文本组件以及对应的图标和键码。主要方法`SetButtonPrompt`根据输入参数`isKeyboard`来更新提示信息，显示相应的图标和键码。

9. UICredits.cs
# 路径:D:/Unity/open-project-1-main/UOP1_Project\Assets\Scripts\UI\UICredits.cs
# 内容概述:该脚本“UICredits.cs”是Unity游戏开发中用于管理信用屏幕的C#代码。它定义了`CreditsList`和`ContributerProfile`类来存储和格式化贡献者信息。`UICredits`类负责在游戏结束时显示信用屏幕，包括从JSON资产加载贡献者列表、设置文本显示和响应关闭事件。脚本通过事件监听和状态管理来控制信用屏幕的显示和隐藏流程。

10. UICreditsRoller.cs
# 路径:D:/Unity/open-project-1-main/UOP1_Project\Assets\Scripts\UI\UICreditsRoller.cs
# 内容概述:UICreditsRoller.cs 是一个Unity脚本，用于控制UI文本的滚动效果。脚本中定义了滚动速度、输入响应和滚动结束逻辑。主要类UICreditsRoller包含开始滚动、处理输入、设置初始偏移和滚动结束的方法。脚本通过协程InitialOffset初始化文本位置，并在Update中持续更新文本位置以实现滚动。用户输入通过OnMove函数响应，可调整滚动速度。当滚动完成时，RollingEnd函数将触发事件或重置文本位置以重新开始滚动。

11. UIGenericButton.cs
# 路径:D:/Unity/open-project-1-main/UOP1_Project\Assets\Scripts\UI\UIGenericButton.cs
# 内容概述:该脚本“UIGenericButton.cs”是Unity中用于管理UI按钮的C#脚本。它通过`LocalizeStringEvent`支持按钮文本的本地化，并允许设置按钮的选择状态。脚本定义了`Clicked`事件以处理点击动作。主要功能包括：在禁用脚本时重置按钮状态，通过`SetButton`方法设置按钮的选择和文本，以及通过`SelectButton`和`Click`方法控制按钮的选择和触发点击事件。

12. UIHealthBarManager.cs
# 路径:D:/Unity/open-project-1-main/UOP1_Project\Assets\Scripts\UI\UIHealthBarManager.cs
# 内容概述:该脚本“UIHealthBarManager.cs”是Unity中用于管理玩家生命值UI显示的核心组件。它通过`UIHeartDisplay`数组来表示心跳图像，并监听`_UIUpdateNeeded`事件以响应生命值变化。脚本在启用时初始化健康条，并在生命值更新时通过`UpdateHeartImages`函数动态调整心跳图像的填充状态，确保玩家生命值在UI上实时反映。

13. UIHeartDisplay.cs
# 路径:D:/Unity/open-project-1-main/UOP1_Project\Assets\Scripts\UI\UIHeartDisplay.cs
# 内容概述:该脚本“UIHeartDisplay.cs”是Unity中用于控制心形UI显示的组件。它包含一个心形图像的填充控制以及背景透明度调整功能，以反映战斗状态。脚本通过`SetImage`方法根据传入的百分比调整心形图像的填充量，并相应调整背景透明度。同时，它监听战斗状态事件，通过`OnCombatState`方法控制背景图像的显示。脚本在启用时订阅事件，并在禁用时取消订阅，确保资源管理。

14. UIInteraction.cs
# 路径:D:/Unity/open-project-1-main/UOP1_Project\Assets\Scripts\UI\UIInteraction.cs
# 内容概述:该脚本定义了Unity组件`UIInteraction`，负责根据交互类型填充UI面板图标。主要方法`FillInteractionPanel`检查指定类型的交互是否存在，并相应地更新图标。脚本包含一个交互列表`_listInteractions`和一个用于显示图标的`_interactionIcon`。

15. UIMainMenu.cs
# 路径:D:/Unity/open-project-1-main/UOP1_Project\Assets\Scripts\UI\UIMainMenu.cs
# 内容概述:该脚本定义了`UIMainMenu`类，用于管理Unity游戏主菜单的按钮交互。它包含按钮引用和事件响应机制，允许根据游戏状态启用或禁用“继续游戏”按钮。主要功能模块包括按钮管理和事件触发，通过`SetMenuScreen`方法调整按钮状态，并通过一系列方法如`NewGameButton`等触发预设的UnityAction事件。

16. UIManager.cs
# 路径:D:/Unity/open-project-1-main/UOP1_Project\Assets\Scripts\UI\UIManager.cs
# 内容概述:### 脚本概述
`UIManager.cs` 是一个管理游戏UI元素的核心脚本，负责初始化和更新用户界面，包括菜单、对话框、库存和交互面板。它通过监听事件如场景准备、对话交互、库存操作等，来控制UI元素的显示和隐藏，并管理游戏状态。

### 关键模块与功能
- **UI元素管理**：脚本管理多个UI组件，如菜单选择处理器、弹出面板、对话管理器等。
- **事件响应**：脚本订阅并响应游戏事件，如打开/关闭对话框、库存操作、交互设置等。
- **状态控制**：脚本处理游戏状态变化，如暂停、设置、返回主菜单等。

### 主要类与函数
- **UIManager类**：包含管理UI和响应事件的方法，如`ResetUI`、`OpenUIDialogue`、`OpenUIPause`等。
- **事件处理函数**：如`OnEnable`和`OnDisable`用于事件订阅和取消订阅，确保资源有效管理。

17. UIMenuManager.cs
# 路径:D:/Unity/open-project-1-main/UOP1_Project\Assets\Scripts\UI\UIMenuManager.cs
# 内容概述:该脚本定义了 `UIMenuManager` 类，负责管理游戏菜单系统，包括初始化菜单界面、处理用户输入和事件广播。它通过配置和管理不同UI面板（如主菜单、设置、信用和弹出面板）以及保存系统来提供游戏菜单功能。脚本在 `Start()` 方法中初始化输入读取和菜单屏幕，并根据保存数据状态配置主菜单。此外，脚本还处理了开始新游戏、继续游戏、打开设置和信用屏幕等用户交互事件。

18. UIPause.cs
# 路径:D:/Unity/open-project-1-main/UOP1_Project\Assets\Scripts\UI\UIPause.cs
# 内容概述:该脚本“UIPause.cs”是Unity中用于管理游戏暂停界面的组件。它通过序列化字段与游戏对象关联，并通过事件系统与其他脚本通信。脚本包含暂停界面的打开/关闭逻辑，以及处理用户操作（如恢复游戏、打开设置、返回菜单）的功能。主要类为`UIPause`，其中`OnEnable`和`OnDisable`方法分别用于初始化和清理事件监听器，而`Resume`、`OpenSettingsScreen`和`BackToMainMenuConfirmation`方法分别响应恢复游戏、打开设置屏幕和返回主菜单的请求。

19. UIPopup.cs
# 路径:D:/Unity/open-project-1-main/UOP1_Project\Assets\Scripts\UI\UIPopup.cs
# 内容概述:该脚本定义了`UIPopup`类，用于在Unity中管理不同类型的弹窗，如退出、新游戏或菜单返回。它通过`PopupType`和`PopupButtonType`枚举来定义弹窗和按钮的行为。`UIPopup`类负责设置弹窗的标题和描述，控制按钮的显示和响应，支持确认和取消操作，并提供关闭弹窗的机制。类中包含了事件处理，如确认和取消按钮的点击事件，以及关闭弹窗的事件。在弹窗关闭或用户作出选择时，会触发相应的UnityAction事件。

20. UISpinner.cs
# 路径:D:/Unity/open-project-1-main/UOP1_Project\Assets\Scripts\UI\UISpinner.cs
# 内容概述:UISpinner.cs 是一个Unity脚本，用于控制UI元素的旋转动画。脚本继承自 MonoBehaviour，包含一个公共变量 `_rotateSpeed` 用于设置旋转速度，并在 Start 方法中初始化 UI 元素的 RectTransform 组件。在 Update 方法中，脚本根据 `_rotateSpeed` 和当前帧的时间差来更新 UI 元素的旋转角度，实现连续的旋转效果。


2024-10-08 22:58:34,518 - INFO Retriever 0 - Agent主脑给出的回答为：{
    "deep_think": {
        "thoughts": "在获取了Scripts/UI文件夹下的文件信息后，我注意到Dialogue子文件夹下的UIDialogueChoiceFiller.cs、UIDialogueChoicesManager.cs和UIDialogueManager.cs三个文件与对话UI直接相关。这些文件可能包含了修改玩家和NPC对话框内容的代码。接下来，我将使用read_file操作，读取UIDialogueManager.cs文件的内容，以获取更多关于对话UI管理的细节。"
    }
}
2024-10-08 22:58:34,519 - INFO Retriever 0 - 是否成功解析：True
2024-10-08 22:58:34,519 - INFO Retriever 0 - operation_type (__det_dir_action):
2024-10-08 22:58:34,519 - INFO Retriever 0 - deep_think
2024-10-08 22:58:34,519 - INFO Retriever 0 - 

——————————————————————————————————————————————————————————————————————————————————————————————————————————————————————————
2024-10-08 22:58:34,520 - INFO Retriever 0 - Assistant:
2024-10-08 22:58:34,520 - INFO Retriever 0 - {
    "deep_think": {
        "thoughts": "在获取了Scripts/UI文件夹下的文件信息后，我注意到Dialogue子文件夹下的UIDialogueChoiceFiller.cs、UIDialogueChoicesManager.cs和UIDialogueManager.cs三个文件与对话UI直接相关。这些文件可能包含了修改玩家和NPC对话框内容的代码。接下来，我将使用read_file操作，读取UIDialogueManager.cs文件的内容，以获取更多关于对话UI管理的细节。"
    }
}
2024-10-08 22:58:34,520 - INFO Retriever 0 - dict_keys(['deep_think'])
2024-10-08 22:58:34,520 - INFO Retriever 0 - Agent主脑给出的行动：deep_think
参数：{'thoughts': '在获取了Scripts/UI文件夹下的文件信息后，我注意到Dialogue子文件夹下的UIDialogueChoiceFiller.cs、UIDialogueChoicesManager.cs和UIDialogueManager.cs三个文件与对话UI直接相关。这些文件可能包含了修改玩家和NPC对话框内容的代码。接下来，我将使用read_file操作，读取UIDialogueManager.cs文件的内容，以获取更多关于对话UI管理的细节。', 'repeat_counter': 1, 'continue_think_counter': 1}
2024-10-08 22:58:34,522 - INFO Retriever 0 - Observer: 好的，请继续你的下一步行动或思考。
2024-10-08 22:58:40,525 - INFO Retriever 0 - Agent主脑给出的回答为：{
    "read_file": {
        "file_path": "D:\\Unity\\open-project-1-main\\UOP1_Project\\Assets\\Scripts\\UI\\Dialogue\\UIDialogueManager.cs"
    }
}
2024-10-08 22:58:40,525 - INFO Retriever 0 - 是否成功解析：True
2024-10-08 22:58:40,525 - INFO Retriever 0 - operation_type (__det_dir_action):
2024-10-08 22:58:40,525 - INFO Retriever 0 - read_file
2024-10-08 22:58:40,526 - INFO Retriever 0 - 

——————————————————————————————————————————————————————————————————————————————————————————————————————————————————————————
2024-10-08 22:58:40,526 - INFO Retriever 0 - Assistant:
2024-10-08 22:58:40,526 - INFO Retriever 0 - {
    "read_file": {
        "file_path": "D:\\Unity\\open-project-1-main\\UOP1_Project\\Assets\\Scripts\\UI\\Dialogue\\UIDialogueManager.cs"
    }
}
2024-10-08 22:58:40,526 - INFO Retriever 0 - dict_keys(['read_file'])
2024-10-08 22:58:40,527 - INFO Retriever 0 - Agent主脑给出的行动：read_file
参数：{'file_path': 'D:\\Unity\\open-project-1-main\\UOP1_Project\\Assets\\Scripts\\UI\\Dialogue\\UIDialogueManager.cs', 'top_path': 'D:\\Unity\\open-project-1-main\\UOP1_Project\\Assets', 'return_file_sum': <bound method TreeGenerationAction.return_file_sum of <Action.tree_gen_action.TreeGenerationAction object at 0x000002B94FBD1D00>>}
2024-10-08 22:58:40,586 - INFO Retriever 0 - Observer: 这是一个名为“UIDialogueManager.cs”的文件，该文件里的内容为：
由于脚本文件内容过长，暂时仅给出该脚本文件的内容总结:
- ### 总体概述
该脚本名为“UIDialogueManager.cs”，是一个Unity游戏开发中的组件，用于管理用户界面(UI)中的对话流程。它负责显示对话文本和角色名称，以及处理对话选项。

### 模块和功能
- **对话文本和角色名称显示**：管理对话文本和角色名称的显示。
- **对话选项管理**：处理和显示对话选项，允许玩家做出选择。

### 类和函数
- **UIDialogueManager**：主要类，负责对话管理。
  - **_lineText**：用于显示对话文本的本地化字符串事件。
  - **_actorNameText**：用于显示对话中角色名称的本地化字符串事件。
  - **_actorNamePanel**：显示非主角角色名称的UI元素。
  - **_mainProtagonistNamePanel**：显示主角角色名称的UI元素。
  - **_choicesManager**：管理对话选项的UI管理器。
  - **_showChoicesEvent**：监听显示对话选项的事件。
  - **SetDialogue**：设置对话文本和角色名称。
  - **ShowChoices**：显示对话选项。
  - **HideChoices**：隐藏对话选项。

### 实现逻辑
1. **初始化**：通过Unity编辑器序列化字段初始化UI元素和事件监听。
2. **启用和禁用监听**：在组件启用时添加事件监听，在组件禁用时移除事件监听。
3. **设置对话**：接收对话行、角色和是否为主角的标记，更新UI以显示对话和角色名称。
4. **显示选项**：接收选项列表，更新UI以显示对话选项。
5. **隐藏选项**：隐藏对话选项UI。
2024-10-08 22:58:45,523 - INFO Retriever 0 - Agent主脑给出的回答为：{
    "deep_think": {
        "thoughts": "通过阅读UIDialogueManager.cs文件的内容，我了解到该脚本负责管理UI中的对话流程，包括显示对话文本和角色名称，以及处理对话选项。这个脚本与修改玩家和NPC对话框的内容直接相关，因为它直接控制了对话在UI中的显示。接下来，我将使用read_file操作，读取UIDialogueChoiceFiller.cs文件的内容，以获取更多关于填充和响应用户对话选择的细节。"
    }
}
2024-10-08 22:58:45,524 - INFO Retriever 0 - 是否成功解析：True
2024-10-08 22:58:45,524 - INFO Retriever 0 - operation_type (__det_dir_action):
2024-10-08 22:58:45,524 - INFO Retriever 0 - deep_think
2024-10-08 22:58:45,524 - INFO Retriever 0 - 

——————————————————————————————————————————————————————————————————————————————————————————————————————————————————————————
2024-10-08 22:58:45,524 - INFO Retriever 0 - Assistant:
2024-10-08 22:58:45,524 - INFO Retriever 0 - {
    "deep_think": {
        "thoughts": "通过阅读UIDialogueManager.cs文件的内容，我了解到该脚本负责管理UI中的对话流程，包括显示对话文本和角色名称，以及处理对话选项。这个脚本与修改玩家和NPC对话框的内容直接相关，因为它直接控制了对话在UI中的显示。接下来，我将使用read_file操作，读取UIDialogueChoiceFiller.cs文件的内容，以获取更多关于填充和响应用户对话选择的细节。"
    }
}
2024-10-08 22:58:45,525 - INFO Retriever 0 - dict_keys(['deep_think'])
2024-10-08 22:58:45,525 - INFO Retriever 0 - Agent主脑给出的行动：deep_think
参数：{'thoughts': '通过阅读UIDialogueManager.cs文件的内容，我了解到该脚本负责管理UI中的对话流程，包括显示对话文本和角色名称，以及处理对话选项。这个脚本与修改玩家和NPC对话框的内容直接相关，因为它直接控制了对话在UI中的显示。接下来，我将使用read_file操作，读取UIDialogueChoiceFiller.cs文件的内容，以获取更多关于填充和响应用户对话选择的细节。', 'repeat_counter': 1, 'continue_think_counter': 1}
2024-10-08 22:58:45,525 - INFO Retriever 0 - Observer: 好的，请继续你的下一步行动或思考。
2024-10-08 22:58:50,286 - INFO Retriever 0 - Agent主脑给出的回答为：{
    "read_file": {
        "file_path": "D:\\Unity\\open-project-1-main\\UOP1_Project\\Assets\\Scripts\\UI\\Dialogue\\UIDialogueChoiceFiller.cs"
    }
}
2024-10-08 22:58:50,287 - INFO Retriever 0 - 是否成功解析：True
2024-10-08 22:58:50,287 - INFO Retriever 0 - operation_type (__det_dir_action):
2024-10-08 22:58:50,287 - INFO Retriever 0 - read_file
2024-10-08 22:58:50,287 - INFO Retriever 0 - 

——————————————————————————————————————————————————————————————————————————————————————————————————————————————————————————
2024-10-08 22:58:50,288 - INFO Retriever 0 - Assistant:
2024-10-08 22:58:50,288 - INFO Retriever 0 - {
    "read_file": {
        "file_path": "D:\\Unity\\open-project-1-main\\UOP1_Project\\Assets\\Scripts\\UI\\Dialogue\\UIDialogueChoiceFiller.cs"
    }
}
2024-10-08 22:58:50,288 - INFO Retriever 0 - dict_keys(['read_file'])
2024-10-08 22:58:50,288 - INFO Retriever 0 - Agent主脑给出的行动：read_file
参数：{'file_path': 'D:\\Unity\\open-project-1-main\\UOP1_Project\\Assets\\Scripts\\UI\\Dialogue\\UIDialogueChoiceFiller.cs', 'top_path': 'D:\\Unity\\open-project-1-main\\UOP1_Project\\Assets', 'return_file_sum': <bound method TreeGenerationAction.return_file_sum of <Action.tree_gen_action.TreeGenerationAction object at 0x000002B94FBD1D00>>}
2024-10-08 22:58:50,349 - INFO Retriever 0 - Observer: 这是一个名为“UIDialogueChoiceFiller.cs”的文件，该文件里的内容为：
由于脚本文件内容过长，暂时仅给出该脚本文件的内容总结:
- ### 总体概述
该脚本“UIDialogueChoiceFiller.cs”是一个Unity C#脚本，用于填充和响应用户在对话中选择选项的功能。它主要与Unity的Localization系统以及事件系统集成，用于在游戏中的对话界面显示选项并处理用户的选择。

### 模块和功能
- **Localization支持**：通过`LocalizeStringEvent`组件来支持本地化文本。
- **用户交互**：通过`MultiInputButton`组件来处理用户的选择动作。
- **事件广播**：使用`DialogueChoiceChannelSO`来广播用户的选择事件。

### 类和函数
- **UIDialogueChoiceFiller**：主要类，负责管理对话选项的填充和用户选择的响应。
  - **_choiceText**：`LocalizeStringEvent`，用于显示对话选项的文本。
  - **_actionButton**：`MultiInputButton`，用于处理用户的选择动作。
  - **_onChoiceMade**：`DialogueChoiceChannelSO`，用于广播用户的选择事件。
  - **FillChoice**：公共方法，用于填充对话选项并设置按钮状态。
  - **ButtonClicked**：公共方法，当用户点击按钮时触发，用于广播用户的选择。

### 实现逻辑
1. 通过`FillChoice`方法，将对话选项的文本设置到`_choiceText`中，并启用`_actionButton`。
2. 如果选项被选中，更新`_actionButton`的状态。
3. 当用户点击按钮时，`ButtonClicked`方法被调用，通过`_onChoiceMade`广播用户的选择事件。
2024-10-08 22:59:02,265 - INFO Retriever 0 - Agent主脑给出的回答为：{
    "deep_think": {
        "thoughts": "通过阅读UIDialogueChoiceFiller.cs文件的内容，我了解到该脚本负责填充和响应用户在对话中选择选项的功能。它通过`LocalizeStringEvent`组件来支持本地化文本，并使用`MultiInputButton`组件来处理用户的选择动作。当用户点击按钮时，`ButtonClicked`方法被调用，通过`DialogueChoiceChannelSO`来广播用户的选择事件。\n\n结合之前阅读的DialogueDataSO.cs和DialogueManager.cs文件，以及现在阅读的UIDialogueManager.cs和UIDialogueChoiceFiller.cs文件，我推断出修改玩家和NPC对话框的内容可能涉及到以下几个文件：\n\n1. DialogueDataSO.cs - 定义了对话数据，包括对话行、选择和动作类型。\n2. DialogueManager.cs - 管理游戏中的对话逻辑，包括对话的开始、显示、选择和结束。\n3. UIDialogueManager.cs - 管理UI中的对话流程，包括显示对话文本和角色名称，以及处理对话选项。\n4. UIDialogueChoiceFiller.cs - 填充和响应用户在对话中选择选项的功能。\n\n这些文件共同构成了对话系统的核心，修改玩家和NPC对话框的内容可能需要在这些文件中进行。接下来，我将使用read_long_details操作，读取UIDialogueManager.cs文件的细节内容，以便更深入地了解对话UI管理的实现细节。"
    }
}
2024-10-08 22:59:02,265 - INFO Retriever 0 - 是否成功解析：True
2024-10-08 22:59:02,265 - INFO Retriever 0 - operation_type (__det_dir_action):
2024-10-08 22:59:02,265 - INFO Retriever 0 - deep_think
2024-10-08 22:59:02,265 - INFO Retriever 0 - 

——————————————————————————————————————————————————————————————————————————————————————————————————————————————————————————
2024-10-08 22:59:02,265 - INFO Retriever 0 - Assistant:
2024-10-08 22:59:02,265 - INFO Retriever 0 - {
    "deep_think": {
        "thoughts": "通过阅读UIDialogueChoiceFiller.cs文件的内容，我了解到该脚本负责填充和响应用户在对话中选择选项的功能。它通过`LocalizeStringEvent`组件来支持本地化文本，并使用`MultiInputButton`组件来处理用户的选择动作。当用户点击按钮时，`ButtonClicked`方法被调用，通过`DialogueChoiceChannelSO`来广播用户的选择事件。\n\n结合之前阅读的DialogueDataSO.cs和DialogueManager.cs文件，以及现在阅读的UIDialogueManager.cs和UIDialogueChoiceFiller.cs文件，我推断出修改玩家和NPC对话框的内容可能涉及到以下几个文件：\n\n1. DialogueDataSO.cs - 定义了对话数据，包括对话行、选择和动作类型。\n2. DialogueManager.cs - 管理游戏中的对话逻辑，包括对话的开始、显示、选择和结束。\n3. UIDialogueManager.cs - 管理UI中的对话流程，包括显示对话文本和角色名称，以及处理对话选项。\n4. UIDialogueChoiceFiller.cs - 填充和响应用户在对话中选择选项的功能。\n\n这些文件共同构成了对话系统的核心，修改玩家和NPC对话框的内容可能需要在这些文件中进行。接下来，我将使用read_long_details操作，读取UIDialogueManager.cs文件的细节内容，以便更深入地了解对话UI管理的实现细节。"
    }
}
2024-10-08 22:59:02,265 - INFO Retriever 0 - dict_keys(['deep_think'])
2024-10-08 22:59:02,271 - INFO Retriever 0 - Agent主脑给出的行动：deep_think
参数：{'thoughts': '通过阅读UIDialogueChoiceFiller.cs文件的内容，我了解到该脚本负责填充和响应用户在对话中选择选项的功能。它通过`LocalizeStringEvent`组件来支持本地化文本，并使用`MultiInputButton`组件来处理用户的选择动作。当用户点击按钮时，`ButtonClicked`方法被调用，通过`DialogueChoiceChannelSO`来广播用户的选择事件。\n\n结合之前阅读的DialogueDataSO.cs和DialogueManager.cs文件，以及现在阅读的UIDialogueManager.cs和UIDialogueChoiceFiller.cs文件，我推断出修改玩家和NPC对话框的内容可能涉及到以下几个文件：\n\n1. DialogueDataSO.cs - 定义了对话数据，包括对话行、选择和动作类型。\n2. DialogueManager.cs - 管理游戏中的对话逻辑，包括对话的开始、显示、选择和结束。\n3. UIDialogueManager.cs - 管理UI中的对话流程，包括显示对话文本和角色名称，以及处理对话选项。\n4. UIDialogueChoiceFiller.cs - 填充和响应用户在对话中选择选项的功能。\n\n这些文件共同构成了对话系统的核心，修改玩家和NPC对话框的内容可能需要在这些文件中进行。接下来，我将使用read_long_details操作，读取UIDialogueManager.cs文件的细节内容，以便更深入地了解对话UI管理的实现细节。', 'repeat_counter': 1, 'continue_think_counter': 1}
2024-10-08 22:59:02,271 - INFO Retriever 0 - Observer: 好的，请继续你的下一步行动或思考。
2024-10-08 22:59:06,834 - INFO Retriever 0 - Agent主脑给出的回答为：{
    "read_long_details": {
        "file_path": "D:\\Unity\\open-project-1-main\\UOP1_Project\\Assets\\Scripts\\UI\\Dialogue\\UIDialogueManager.cs"
    }
}
2024-10-08 22:59:06,837 - INFO Retriever 0 - 是否成功解析：True
2024-10-08 22:59:06,837 - INFO Retriever 0 - operation_type (__det_dir_action):
2024-10-08 22:59:06,837 - INFO Retriever 0 - read_long_details
2024-10-08 22:59:06,837 - INFO Retriever 0 - 

——————————————————————————————————————————————————————————————————————————————————————————————————————————————————————————
2024-10-08 22:59:06,837 - INFO Retriever 0 - Assistant:
2024-10-08 22:59:06,837 - INFO Retriever 0 - {
    "read_long_details": {
        "file_path": "D:\\Unity\\open-project-1-main\\UOP1_Project\\Assets\\Scripts\\UI\\Dialogue\\UIDialogueManager.cs"
    }
}
2024-10-08 22:59:06,837 - INFO Retriever 0 - dict_keys(['read_long_details'])
2024-10-08 22:59:06,839 - INFO Retriever 0 - Agent主脑给出的行动：read_long_details
参数：{'file_path': 'D:\\Unity\\open-project-1-main\\UOP1_Project\\Assets\\Scripts\\UI\\Dialogue\\UIDialogueManager.cs', 'top_path': 'D:\\Unity\\open-project-1-main\\UOP1_Project\\Assets', 'return_file_sum': <bound method TreeGenerationAction.return_file_sum of <Action.tree_gen_action.TreeGenerationAction object at 0x000002B94FBD1D00>>}
2024-10-08 22:59:06,839 - INFO Retriever 0 - Observer: 这是一个名为“UIDialogueManager.cs”的文件，该文件里的内容为：
 1|﻿using System.Collections.Generic;
 2|using UnityEngine;
 3|using UnityEngine.Localization.Components;
 4|using UnityEngine.Localization;
 5|
 6|public class UIDialogueManager : MonoBehaviour
 7|{
 8|	[SerializeField] private LocalizeStringEvent _lineText = default;
 9|	[SerializeField] private LocalizeStringEvent _actorNameText = default;
10|	[SerializeField] private GameObject _actorNamePanel = default;
11|	[SerializeField] private GameObject _mainProtagonistNamePanel = default;
12|	[SerializeField] private UIDialogueChoicesManager _choicesManager = default;
13|
14|	[Header("Listening to")]
15|	[SerializeField] private DialogueChoicesChannelSO _showChoicesEvent = default;
16|
17|	private void OnEnable()
18|	{
19|		_showChoicesEvent.OnEventRaised += ShowChoices;
20|	}
21|
22|	private void OnDisable()
23|	{
24|		_showChoicesEvent.OnEventRaised -= ShowChoices;
25|	}
26|
27|	public void SetDialogue(LocalizedString dialogueLine, ActorSO actor, bool isMainProtagonist)
28|	{
29|		_choicesManager.gameObject.SetActive(false);
30|		_lineText.StringReference = dialogueLine;
31|
32|		_actorNamePanel.SetActive(!isMainProtagonist);
33|		_mainProtagonistNamePanel.SetActive(isMainProtagonist);
34|
35|		if (!isMainProtagonist)
36|		{
37|			_actorNameText.StringReference = actor.ActorName;
38|		}
39|		//Protagonist's LocalisedString is provided on the GameObject already
40|	}
41|
42|	private void ShowChoices(List<Choice> choices)
43|	{
44|		_choicesManager.FillChoices(choices);
45|		_choicesManager.gameObject.SetActive(true);
46|	}
47|
48|	private void HideChoices()
49|	{
50|		_choicesManager.gameObject.SetActive(false);
51|	}
52|}

2024-10-08 22:59:10,642 - INFO Retriever 0 - Agent主脑给出的回答为：{
    "finish": "我已完成你所给出的任务需求，请你进行确认"
}
2024-10-08 22:59:10,642 - INFO Retriever 0 - 是否成功解析：True
2024-10-08 22:59:10,643 - INFO Retriever 0 - operation_type (__det_dir_action):
2024-10-08 22:59:10,643 - INFO Retriever 0 - finish
2024-10-08 22:59:10,643 - INFO Retriever 0 - 

——————————————————————————————————————————————————————————————————————————————————————————————————————————————————————————
2024-10-08 22:59:10,643 - INFO Retriever 0 - Assistant:
2024-10-08 22:59:10,643 - INFO Retriever 0 - {
    "finish": "我已完成你所给出的任务需求，请你进行确认"
}
2024-10-08 22:59:10,643 - INFO Retriever 0 - dict_keys(['finish'])
2024-10-08 22:59:10,644 - INFO Retriever 0 - ——————————————————————————————————— 任务结束 ———————————————————————————————————
2024-10-08 22:59:28,635 - INFO Retriever 0 - -------------------------Task Report-----------------------
2024-10-08 22:59:28,636 - INFO Retriever 0 - * 文件一：
    * 文件绝对路径：D:\Unity\open-project-1-main\UOP1_Project\Assets\Scripts\Dialogues\DialogueDataSO.cs
    * 文件内容概述：该脚本定义了对话数据，包括对话类型、对话行、选择和动作类型等。它提供了对话的框架，包括对话类型、对话行、选择和动作类型等。
    * 该文件与问题目标之间的关联性：DialogueDataSO.cs定义了对话数据，包括对话行和选择，这些数据直接关系到玩家和NPC对话框的内容。

* 文件二：
    * 文件绝对路径：D:\Unity\open-project-1-main\UOP1_Project\Assets\Scripts\Dialogues\DialogueManager.cs
    * 文件内容概述：该脚本负责管理游戏中的对话逻辑，包括对话的开始、显示、选择和结束。它处理对话数据，包括演员列表、对话线和选择，并与UI交互，显示对话文本和选择。
    * 该文件与问题目标之间的关联性：DialogueManager.cs负责管理对话流程，包括显示对话和选择，这些功能直接影响到玩家和NPC对话框的内容。

* 文件三：
    * 文件绝对路径：D:\Unity\open-project-1-main\UOP1_Project\Assets\Scripts\UI\Dialogue\UIDialogueManager.cs
    * 文件内容概述：该脚本负责管理UI中的对话流程，包括显示对话文本和角色名称，以及处理对话选项。它控制对话文本和角色名称的显示，以及对话选项的显示和隐藏。
    * 该文件与问题目标之间的关联性：UIDialogueManager.cs直接控制对话在UI中的显示，包括对话文本和角色名称，以及对话选项，因此与修改玩家和NPC对话框的内容直接相关。

* 文件四：
    * 文件绝对路径：D:\Unity\open-project-1-main\UOP1_Project\Assets\Scripts\UI\Dialogue\UIDialogueChoiceFiller.cs
    * 文件内容概述：该脚本负责填充和响应用户在对话中选择选项的功能。它通过`LocalizeStringEvent`组件来支持本地化文本，并使用`MultiInputButton`组件来处理用户的选择动作。
    * 该文件与问题目标之间的关联性：UIDialogueChoiceFiller.cs负责填充和响应用户在对话中选择选项的功能，这些选项直接影响到玩家和NPC对话框的内容。
2024-10-08 22:59:28,637 - INFO Retriever 0 - 
Token Consuming:117440

2024-10-08 22:59:28,637 - INFO Retriever 0 - 
history rounds:15

