2024-10-09 01:05:52,515 - INFO Retriever 0 - Init Retriever.
2024-10-09 01:06:05,613 - INFO Retriever 0 - keywords:“revival”，“rebirth location”，“location”，“重生”，“初始”，“开始”，“initial position”，“player dying”，“玩家死亡”，“ UIControl”，“control”，“player death”，“初始位置”，“控制”，“玩家”，“death”，“dying”，“player”，“position”，“死亡”，“reincarnation”，“重生位置”，“initial”，“位置”
2024-10-09 01:06:05,615 - INFO Retriever 0 - deep_think_conent
:在获取了项目文件的顶层结构后，我还需要结合待查询的问题描述，对于项目中的文件和目录进行一些深度关键词检索。根据任务描述：“请在D:\Unity\open-project-1-main\UOP1_Project\Assets下各级目录中寻找：游戏中玩家死亡后重生的位置以及玩家开局时的初始位置控制在那里？”，我总结出如下可能会出现在各个文件名或者文件内容中的关键词：“revival”，“rebirth location”，“location”，“重生”，“初始”，“开始”，“initial position”，“player dying”，“玩家死亡”，“ UIControl”，“control”，“player death”，“初始位置”，“控制”，“玩家”，“death”，“dying”，“player”，“position”，“死亡”，“reincarnation”，“重生位置”，“initial”，“位置”。
接下来，我将使用retrieve_keywords操作，在项目顶层路径“D:\Unity\open-project-1-main\UOP1_Project\Assets”下检索这些关键词，从而大致把握可能与问题描述相关的文件或目录的路径。
2024-10-09 01:06:05,655 - INFO Retriever 0 - ——————————————————————————————————————————————————————————————————————————————————————————————————————————————————————————
2024-10-09 01:06:05,658 - INFO Retriever 0 - Assistant:
2024-10-09 01:06:05,665 - INFO Retriever 0 - {
    "deep_think": {
        "thoughts": "好的，接下来我将通过深度思考、仔细计划以及逐步执行的方式，来完成该任务。\n\n首先，在阅读详细的代码细节之前，应该先整体把握整个项目。\n\n在提供的可选的action中，可以通过get_folder_info操作，通过将项目顶层路径作为target_folder_path参数进行传入，来获取获取项目中主要文件夹和主要文件的描述，从而能够先大致把握项目文件的主要文件的文件树结构、基本内容、主要代码概述以及大致功能板块的分布。"
    }
}
2024-10-09 01:06:05,674 - INFO Retriever 0 - 
Observer:
2024-10-09 01:06:05,676 - INFO Retriever 0 - 好的，请继续你的下一步行动或思考。
2024-10-09 01:06:05,676 - INFO Retriever 0 - 
2024-10-09 01:06:05,747 - INFO Retriever 0 - ——————————————————————————————————————————————————————————————————————————————————————————————————————————————————————————
2024-10-09 01:06:05,750 - INFO Retriever 0 - Assistant:
2024-10-09 01:06:05,815 - INFO Retriever 0 - {
    "get_folder_info": {
        "target_folder_path": "D:\\Unity\\open-project-1-main\\UOP1_Project\\Assets"
    }
}
2024-10-09 01:06:05,837 - INFO Retriever 0 - 
Observer:
2024-10-09 01:06:05,899 - INFO Retriever 0 - 目标文件夹路径：D:\Unity\open-project-1-main\UOP1_Project\Assets
文件结构树（该结构树可能不完整，仅返回深度小于等于1层的子文件以及文件夹）：
├── .DS_Store
├── Addons
│   ├── DOTween
│   ├── TextMeshPro
├── AddressableAssetsData
│   ├── AddressableAssetSettings.asset
│   ├── AssetGroupTemplates
│   ├── AssetGroups
│   ├── DataBuilders
│   ├── DefaultObject.asset
│   ├── Windows
├── Art
│   ├── Accessories
│   ├── Characters
│   ...
│   ├── UI
├── Audio
│   ├── Music
│   ├── SFX
├── Cutscenes
│   ├── AudioTests.playable
│   ├── BeachCandyCutscene.playable
│   ...
│   ├── TownCutscene.playable
├── LocalizationFiles
│   ├── .DS_Store
│   ├── AssetTables
│   ├── GoogleSheetService_ChopChop.asset
│   ├── Locales
│   ├── LocalizationSettings.asset
├── Prefabs
│   ├── Accessories
│   ├── Audio
│   ...
│   ├── _SceneChunks
├── ProBuilder Data
│   ├── Default Color Palette.asset
│   ├── Default Material Palette.asset
├── Scenes
│   ├── Examples
│   ├── Locations
│   ├── Managers
│   ├── Menus
│   ├── WIP
│   ├── Whiteboxing
├── ScriptableObjects
│   ├── Audio
│   ├── Configs
│   ...
│   ├── StateMachine
├── Scripts
│   ├── Animation
│   ├── Audio
│   ...
│   ├── UI
├── Settings
│   ├── Audio
│   ├── Graphics
│   ├── Input
│   ├── LightBakingSettings
│   ├── Presets
├── Shaders
│   ├── AggroEffect.shadergraph
│   ├── CustomHLSL
│   ...
│   ├── Water_Sea.shadergraph
├── TextData
│   ├── ContributorsList.txt
├── Tutorials
│   ├── Icons
│   ├── Images
│   ├── TutorialProjectSettings.asset
│   ├── TutorialWelcomePage.asset
│   ├── Tutorials.asset
├── WIP
│   ├── Materials
│   ├── Prefabs
│   ├── SourceFiles
│   ├── Textures


其中，部分主要文件及文件夹的信息如下：
1. Assets
# 路径:D:/Unity/open-project-1-main/UOP1_Project\Assets
# 内容概述:“Assets”文件夹汇集了Unity游戏开发所需的多种资源，包括动画、文本处理、音频、艺术资产、场景和脚本等。其中，“Addons”子文件夹提供了DOTween和TextMeshPro等插件，分别用于动画和文本渲染；“AddressableAssetsData”则专注于资源管理和配置；“Art”包含3D模型、动画和视觉效果等创意资源；“Audio”提供背景音乐和声音效果；“Cutscenes”包含剧情相关文件；“LocalizationFiles”支持多语言本地化；“Prefabs”提供可复用的游戏对象；“Scenes”涉及场景设计和导航；“ScriptableObjects”存储游戏配置；“Scripts”包含脚本文件；“Settings”管理音频、图形和输入设置；“Shaders”提供自定义着色器；“TextData”记录项目贡献者；“Tutorials”提供开发指导；“WIP”存放开发中的资源。整体上，这些文件夹和文件协同工作，构成了一个完整且功能丰富的游戏开发环境。

2. Addons
# 路径:D:/Unity/open-project-1-main/UOP1_Project\Assets\Addons
# 内容概述:“Addons”文件夹汇集了两个Unity插件：DOTween和TextMeshPro。DOTween提供全面的动画和缓动解决方案，包含编辑器工具和模块化脚本，旨在增强Unity中的动画效果。TextMeshPro则专注于文本渲染和视觉效果，提供丰富的字体资源、样式表和表情符号，以丰富游戏中的文本显示。两个插件均附有详细的使用说明和许可协议，旨在为Unity开发者提供高效的内容创作工具。

3. AddressableAssetsData
# 路径:D:/Unity/open-project-1-main/UOP1_Project\Assets\AddressableAssetsData
# 内容概述:### 简化版文件夹内容总结

“AddressableAssetsData”文件夹是Unity游戏开发的核心资源管理区域，汇集了资源打包模板、详细配置文件、脚本组件以及操作系统相关状态文件。它包括资源管理模板（AssetGroupTemplates）、资源与场景管理配置（AssetGroups）、脚本配置（DataBuilders）、操作系统资源状态文件（Windows和OSX），以及可寻址资源设置（AddressableAssetSettings.asset）和默认对象配置（DefaultObject.asset）。这些文件和文件夹协同工作，确保了游戏资源的有效管理和优化。

4. Art
# 路径:D:/Unity/open-project-1-main/UOP1_Project\Assets\Art
# 内容概述:“Art”文件夹汇集了丰富多样的创意资源，包括3D模型、动画、字体、视觉效果和用户界面设计等，适用于游戏开发、动画制作和视觉设计。其中，**Accessories** 和 **Characters** 提供了丰富的角色和道具模型，**Effects** 包含了用于特效制作的资源，**Font** 提供了字体设计和智能合约代码，**Items** 和 **Nature** 则专注于游戏和动画中的物品和自然景观设计。此外，**Materials**、**Skybox**、**Textures** 和 **UI** 分别提供了材质、环境纹理、用户界面元素等，共同构成了一个全面的艺术资源库。

5. Audio
# 路径:D:/Unity/open-project-1-main/UOP1_Project\Assets\Audio
# 内容概述:“Audio”文件夹汇集了音乐与声音效果两大类资源。其中，“Music”子文件夹专注于为游戏或多媒体项目中的不同场景提供定制背景音乐，包括海滩、森林、城镇等，以及一系列主题音乐和暂停菜单音乐。而“SFX”子文件夹则包含了丰富的声音效果，涵盖角色动作、厨房环境以及界面交互等，旨在增强多媒体项目的沉浸感和互动性。这两个子文件夹的资源相互配合，共同构建了项目的音频环境。

6. Cutscenes
# 路径:D:/Unity/open-project-1-main/UOP1_Project\Assets\Cutscenes
# 内容概述:### 文件夹内容总结

“Cutscenes”文件夹汇集了多种游戏剧情相关的可播放文件，包括海滩、镇子等场景的剧情片段，如开场、游戏结束等。这些文件与“Signals”文件夹中的信号文件协同工作，共同构建游戏的故事情节和动态事件。

7. LocalizationFiles
# 路径:D:/Unity/open-project-1-main/UOP1_Project\Assets\LocalizationFiles
# 内容概述:### 文件夹内容总结

“LocalizationFiles”文件夹汇集了Unity游戏开发所需的本地化资源和配置文件。其中，.DS_Store文件负责Mac系统文件夹个性化设置，而“Locales”子文件夹内包含多语言本地化资产，如英文、法语和意大利语设置。此外，GoogleSheetService_ChopChop.asset脚本组件用于与Google Sheets服务集成，而LocalizationSettings.asset则定义了游戏的本地化设置和格式化规则，确保游戏在不同语言环境下的正确显示。这些文件共同支撑起游戏的多语言功能和数据管理。

8. Prefabs
# 路径:D:/Unity/open-project-1-main/UOP1_Project\Assets\Prefabs
# 内容概述:“Prefabs”文件夹汇集了多样化的预制资源，专为游戏和虚拟现实项目设计。它包含角色装饰、音频管理、NPC与场景构建、动画场景、可收集物品、编辑器工具、视觉效果、食物与家具模型、UI界面、独特场景元素等预制件，旨在加速游戏开发流程，丰富游戏世界和角色设定，同时确保视觉和交互体验的丰富性。

9. ProBuilder Data
# 路径:D:/Unity/open-project-1-main/UOP1_Project\Assets\ProBuilder Data
# 内容概述:“ProBuilder Data”文件夹汇集了两个Unity游戏引擎相关资产文件：一个是“Default Color Palette.asset”，定义了15种默认颜色调色板，供游戏界面和视觉效果使用；另一个是“Default Material Palette.asset”，包含一个Unity材质调色板脚本组件，可能用于存储和应用颜色配置。这两个文件共同服务于游戏视觉设计。

10. Scenes
# 路径:D:/Unity/open-project-1-main/UOP1_Project\Assets\Scenes
# 内容概述:“Scenes”文件夹是Unity游戏开发的核心资源库，汇集了多样化的场景设计元素。其中，“Examples”展示了场景导航网络示例，“Locations”提供了多种场景的光照、反射和导航数据，“Menus”则专注于游戏菜单的光照效果。此外，“WIP”包含正在开发中的场景照明和导航设置，而“Whiteboxing”则涵盖了城镇景观和地图构建资源。整体上，这些文件夹相互关联，共同构建了游戏世界的视觉和功能框架。遗憾的是，“Managers”文件夹的具体内容尚未明确，其关联性分析有待进一步信息。

11. ScriptableObjects
# 路径:D:/Unity/open-project-1-main/UOP1_Project\Assets\ScriptableObjects
# 内容概述:“ScriptableObjects”文件夹是Unity游戏项目的核心配置中心，汇集了音频、游戏机制、对话、事件通道、游戏状态、输入管理、交互、库存、物品类型、路径、任务、运行时锚点、保存系统、场景数据和状态机等关键组件的配置文件。这些文件相互关联，共同支撑起游戏的基本机制和玩家体验，确保了从音效到游戏逻辑的每一部分都能无缝协作，为玩家提供连贯且丰富的游戏体验。

12. Scripts
# 路径:D:/Unity/open-project-1-main/UOP1_Project\Assets\Scripts
# 内容概述:“Scripts”文件夹是Unity游戏开发的核心，汇集了动画控制、音频管理、角色行为、摄像机操作、场景管理等关键脚本，旨在构建流畅的游戏体验。它还包含了对话系统、库存管理、用户界面、输入处理、交互逻辑等脚本，确保游戏交互丰富且直观。此外，文件夹内还涵盖了保存系统、状态机、系统设置、本地化工具以及编辑器辅助工具，以支持高效的游戏开发和资源管理。这些脚本相互协作，共同构成了一个功能全面、结构清晰的游戏开发框架。

13. Settings
# 路径:D:/Unity/open-project-1-main/UOP1_Project\Assets\Settings
# 内容概述:“Settings”文件夹汇集了游戏开发的关键配置文件，包括音频混合器设置、图形渲染和视觉效果配置、输入系统定义、光照烘焙参数以及预设导入设置。这些子文件夹（Audio、Graphics、Input、LightBakingSettings、Presets）分别针对音频处理、视觉效果、玩家交互、光照效果优化和文件导入优化，确保游戏在音效、视觉、操作和性能上的高质量体验。

14. Shaders
# 路径:D:/Unity/open-project-1-main/UOP1_Project\Assets\Shaders
# 内容概述:“Shaders”文件夹汇集了多种图形渲染和视觉效果资源，包括自定义着色器代码（如CustomHLSL中的自定义光照效果）、调试工具（如Debug文件夹中的顶点着色器调试）、以及一系列子图文件（如SubGraphs中的多种视觉效果子图）。此外，Unused文件夹包含了未使用的Unity项目资源，如自定义渲染脚本、水效果和ShaderGraph编辑文件。这些资源共同服务于图形渲染和视觉效果的开发，适用于游戏和视觉效果制作。

15. TextData
# 路径:D:/Unity/open-project-1-main/UOP1_Project\Assets\TextData
# 内容概述:“TextData”文件夹专注于存储项目贡献者信息，其中包含一个名为“ContributorsList.txt”的文件，记录了项目开发者和艺术家的名单及其角色。

16. Tutorials
# 路径:D:/Unity/open-project-1-main/UOP1_Project\Assets\Tutorials
# 内容概述:“Tutorials”文件夹汇集了Unity游戏开发的丰富资源，包括图标和图像设计文件，用于界面视觉元素。其中，**TutorialProjectSettings.asset** 配置了教程项目的初始场景和相机设置，而**TutorialWelcomePage.asset** 则创建了项目欢迎页面，介绍“Chop Chop”游戏并引导用户。此外，**Tutorials.asset** 提供了教程页面的详细配置，涵盖项目资源获取、讨论论坛、开发日志等，为开发者提供了全面的学习和参与途径。这些文件共同构成了一个完整的教学和资源支持体系，旨在辅助开发者深入学习和实践Unity游戏开发。

17. WIP
# 路径:D:/Unity/open-project-1-main/UOP1_Project\Assets\WIP
# 内容概述:“WIP”文件夹汇集了游戏开发所需的多媒体资源，包括用于场景设计的材质（如草地、天空盒等），预制体组件（如菜单、物体），以及图像素材和纹理（如国旗、地图纹理）。这些资源相互关联，共同构成了游戏世界的视觉和交互基础。

18. .DS_Store
# 路径:D:/Unity/open-project-1-main/UOP1_Project\Assets\.DS_Store
# 内容概述:这是一个名为“.DS_Store”的文件。


2024-10-09 01:06:05,905 - INFO Retriever 0 - 
2024-10-09 01:06:05,907 - INFO Retriever 0 - ——————————————————————————————————————————————————————————————————————————————————————————————————————————————————————————
2024-10-09 01:06:05,920 - INFO Retriever 0 - Assistant:
2024-10-09 01:06:05,921 - INFO Retriever 0 - {
    "deep_think": {
        "thoughts": "在获取了项目文件的顶层结构后，我还需要结合待查询的问题描述，对于项目中的文件和目录进行一些深度关键词检索。根据任务描述：“请在D:\\Unity\\open-project-1-main\\UOP1_Project\\Assets下各级目录中寻找：游戏中玩家死亡后重生的位置以及玩家开局时的初始位置控制在那里？”，我总结出如下可能会出现在各个文件名或者文件内容中的关键词：“revival”，“rebirth location”，“location”，“重生”，“初始”，“开始”，“initial position”，“player dying”，“玩家死亡”，“ UIControl”，“control”，“player death”，“初始位置”，“控制”，“玩家”，“death”，“dying”，“player”，“position”，“死亡”，“reincarnation”，“重生位置”，“initial”，“位置”。\n接下来，我将使用retrieve_keywords操作，在项目顶层路径“D:\\Unity\\open-project-1-main\\UOP1_Project\\Assets”下检索这些关键词，从而大致把握可能与问题描述相关的文件或目录的路径。"
    }
}
2024-10-09 01:06:05,925 - INFO Retriever 0 - 
Observer:
2024-10-09 01:06:05,930 - INFO Retriever 0 - 好的，请继续你的下一步行动或思考。
2024-10-09 01:06:05,930 - INFO Retriever 0 - 
2024-10-09 01:06:13,697 - INFO Retriever 0 - ——————————————————————————————————————————————————————————————————————————————————————————————————————————————————————————
2024-10-09 01:06:13,867 - INFO Retriever 0 - Assistant:
2024-10-09 01:06:14,042 - INFO Retriever 0 - {
    "retrieve_keywords": {
        "top_path": "D:\\Unity\\open-project-1-main\\UOP1_Project\\Assets",
        "key_word_list": [
            "revival",
            "rebirth location",
            "location",
            "重生",
            "初始",
            "开始",
            "initial position",
            "player dying",
            "玩家死亡",
            " UIControl",
            "control",
            "player death",
            "初始位置",
            "控制",
            "玩家",
            "death",
            "dying",
            "player",
            "position",
            "死亡",
            "reincarnation",
            "重生位置",
            "initial",
            "位置"
        ]
    }
}
2024-10-09 01:06:14,046 - INFO Retriever 0 - 
Observer:
2024-10-09 01:06:14,047 - INFO Retriever 0 - 根据你提供的关键词，我检索到以下目录或文件，它们的绝对路径如下：
1. D:\Unity\open-project-1-main\UOP1_Project\Assets\Scripts\Characters
“Characters”文件夹汇集了Unity游戏开发中角色相关的脚本资源，包括角色配置（如攻击、奖励、效果和NPC移动）、状态机逻辑、音频处理以及角色行为控制。文件夹内分为多个子目录，如Config存储角色配置脚本，StateMachine包含构建游戏逻辑的脚本，Audio则专注于角色音效。此外，Attack、Attacker、Critter等脚本负责角色具体行为，而NPC、Protagonist等则涉及角色状态和交互。整体上，这些脚本相互协作，共同构成了游戏中的角色系统。

2. D:\Unity\open-project-1-main\UOP1_Project\Assets\Addons\DOTween\Modules
“Modules”文件夹汇集了DOTween插件的核心脚本，旨在为Unity游戏开发提供丰富的动画功能。包含的脚本如`DOTweenModuleAudio.cs`专注于音频动画处理，`DOTweenModulePhysics.cs`和`DOTweenModulePhysics2D.cs`分别针对2D和3D物理对象的动画，而`DOTweenModuleSprite.cs`和`DOTweenModuleUI.cs`则分别处理SpriteRenderer和UI组件的动画。此外，`DOTweenModuleUnityVersion.cs`适配不同Unity版本，提供材质和自定义YieldInstructions动画，`DOTweenModuleUtils.cs`则提供模块初始化和配置工具。这些脚本相互协作，共同构成了DOTween动画库的强大功能体系。

3. D:\Unity\open-project-1-main\UOP1_Project\Assets\Scripts\SceneManagement
“SceneManagement”文件夹汇集了Unity游戏开发的核心脚本，旨在高效管理游戏场景与设置。其中，ScriptableObjects子文件夹封装了游戏场景、位置、菜单等数据，通过继承基类实现通用场景管理功能。FallCatcher、InitializationLoader、LocationEntrance、LocationExit等脚本分别处理玩家碰撞、游戏初始化、位置入口与出口逻辑。SceneLoader负责场景的异步加载与卸载，而StartGame则管理游戏开始流程，包括新游戏和继续游戏选项。整体上，这些脚本协同工作，确保游戏场景的流畅切换和玩家交互的顺畅进行。

4. D:\Unity\open-project-1-main\UOP1_Project\Assets\Scripts\Input
## 文件夹内容精简总结
该“Input”文件夹汇集了游戏输入管理脚本，包含`GameInput.cs`和`InputReader.cs`两个关键文件。`GameInput.cs`定义了`@GameInput`类，负责处理游戏输入，包括玩法、菜单、对话和作弊等模块，并实现了资源管理。`InputReader.cs`则继承自`DescriptionBaseSO`，实现了对游戏输入事件的管理，如跳跃、攻击等，并通过事件和回调函数将输入事件传递给相应系统。两者协同工作，确保游戏输入的模块化和高效处理。

5. D:\Unity\open-project-1-main\UOP1_Project\Assets\Scripts\StateMachine\Editor
### 文件夹内容概览
“Editor”文件夹汇集了Unity游戏开发中状态机设计和编辑所需的资源，包括脚本模板、工具和编辑器扩展。主要文件包括：
- **Templates**：提供状态机脚本模板，如动作和条件框架，辅助快速开发。
- **Utilities**：集成了编辑器扩展，如过渡项管理、GUI样式配置和属性编辑器，增强状态机编辑体验。
- **StateEditor.cs**：扩展StateSO编辑器界面，允许编辑动作列表。
- **TransitionTableEditor.cs**：管理过渡表，支持添加、删除和排序过渡。
- **TransitionTableEditorWindow.cs**：创建独立编辑器窗口，用于转换表的编辑和管理。
- **样式和布局文件**：定义了编辑器窗口的外观和布局。
- **Assembly Definition文件**：可能用于组织编辑器模块的编译和依赖。
这些资源共同构成了一个全面的状态机开发工具集，旨在简化Unity状态机的创建和管理流程。

6. D:\Unity\open-project-1-main\UOP1_Project\Assets\Scripts\UI
“UI”文件夹汇集了Unity游戏开发中用于构建和管理用户界面的关键脚本。它涵盖了对话系统、库存管理、设置界面、加载界面、信用屏幕、通用按钮、健康条、心形显示、交互面板、主菜单、暂停界面、弹窗以及旋转动画等多个方面。这些脚本通过事件和函数调用相互协作，确保了游戏UI的完整性和交互性，共同构成了游戏流程中的关键用户界面元素。

7. D:\Unity\open-project-1-main\UOP1_Project\Assets\Scripts\Gameplay
## 文件夹内容精简总结
“Gameplay”文件夹汇集了Unity游戏开发的核心脚本，包括`GameManager.cs`用于管理游戏状态和事件，`GameStateSO.cs`负责跟踪和管理游戏状态变化，以及`SpawnSystem.cs`负责玩家的生成逻辑。这些脚本相互协作，共同构成了游戏的核心功能框架。

8. D:\Unity\open-project-1-main\UOP1_Project\Assets\Scripts\EditorTools\MonoBehaviours
“MonoBehaviours”文件夹汇集了Unity编辑器增强工具，包括交互式游戏对象放置（ClickToPlace）、冷启动初始化（EditorColdStartup）、传送功能（EditorTeleporter和LocationTeleporterButton）以及光贴图缩放自动调整（LightmapScaleSetter）。这些脚本协同工作，丰富了Unity编辑器的功能和用户体验。

9. D:\Unity\open-project-1-main\UOP1_Project\Assets\ScriptableObjects\StateMachine\Protagonist\Actions
“Actions”文件夹汇集了Unity游戏开发所需的多种脚本资源，包括用于动画状态控制的AnimatorParameters、角色移动逻辑的MovementVector、粒子效果的Particles、声音效果的SFX，以及交互和视觉效果的脚本如ClearInputCache_OnEnter、DestroyPlayer、GetHitFlashingEffect、ResetGetHitState、RespawnPlayer和ShakeCam。这些资源协同工作，为游戏角色动作、视觉效果和交互体验提供全面支持。

10. D:\Unity\open-project-1-main\UOP1_Project\Assets\Scripts\Audio
“Audio”文件夹汇集了Unity游戏音频开发的关键脚本，包括音频配置管理（如`AudioConfigurationSO.cs`）、音频剪辑播放控制（`AudioCueSO.cs`）、以及音频效果的管理和播放（`SoundEmitters`子文件夹）。其中，`AudioManager.cs`负责全面音频控制，而`MusicPlayer.cs`专注于音乐播放。此外，`AudioConfigApplier.cs`确保音频配置的即时应用，`AudioCue.cs`和`AudioCueOnTriggerEnter.cs`则处理音频事件和触发器逻辑，而`OrientListener.cs`则同步游戏对象与相机方向。这些脚本协同工作，为游戏提供丰富且高效的音频体验。

请注意，这些目录或文件可能不全都和你的任务目标相关，仅供参考。请你基于具体的文件内容概述，结合你的任务目标，认真思考分析后，优先选择最有可能与任务相关的目录或文件进行进一步的检查。
2024-10-09 01:06:14,050 - INFO Retriever 0 - 
2024-10-09 01:06:24,248 - INFO Retriever 0 - Agent主脑给出的回答为：{
    "deep_think": {
        "thoughts": "根据检索到的目录和文件信息，我注意到`Scripts`文件夹下的`SceneManagement`和`Gameplay`子文件夹可能与玩家死亡后重生位置和初始位置控制相关。`SceneManagement`可能包含场景加载和管理的脚本，而`Gameplay`可能包含游戏逻辑和玩家控制的脚本。`ScriptableObjects`文件夹下的`StateMachine`和`Protagonist`子文件夹也可能包含与玩家状态和位置相关的脚本。`Scripts`文件夹下的`Audio`和`UI`子文件夹可能包含与玩家死亡和重生相关的音效和用户界面脚本。`Scripts`文件夹下的`EditorTools`子文件夹可能包含与编辑器相关的工具脚本，这些工具可能用于设置玩家重生位置和初始位置。接下来，我将优先检查这些目录和文件，以确定玩家死亡后重生位置和初始位置控制的具体位置。"
    }
}
2024-10-09 01:06:24,248 - INFO Retriever 0 - 是否成功解析：True
2024-10-09 01:06:24,249 - INFO Retriever 0 - operation_type (__det_dir_action):
2024-10-09 01:06:24,249 - INFO Retriever 0 - deep_think
2024-10-09 01:06:24,250 - INFO Retriever 0 - 

——————————————————————————————————————————————————————————————————————————————————————————————————————————————————————————
2024-10-09 01:06:24,250 - INFO Retriever 0 - Assistant:
2024-10-09 01:06:24,251 - INFO Retriever 0 - {
    "deep_think": {
        "thoughts": "根据检索到的目录和文件信息，我注意到`Scripts`文件夹下的`SceneManagement`和`Gameplay`子文件夹可能与玩家死亡后重生位置和初始位置控制相关。`SceneManagement`可能包含场景加载和管理的脚本，而`Gameplay`可能包含游戏逻辑和玩家控制的脚本。`ScriptableObjects`文件夹下的`StateMachine`和`Protagonist`子文件夹也可能包含与玩家状态和位置相关的脚本。`Scripts`文件夹下的`Audio`和`UI`子文件夹可能包含与玩家死亡和重生相关的音效和用户界面脚本。`Scripts`文件夹下的`EditorTools`子文件夹可能包含与编辑器相关的工具脚本，这些工具可能用于设置玩家重生位置和初始位置。接下来，我将优先检查这些目录和文件，以确定玩家死亡后重生位置和初始位置控制的具体位置。"
    }
}
2024-10-09 01:06:24,251 - INFO Retriever 0 - dict_keys(['deep_think'])
2024-10-09 01:06:24,253 - INFO Retriever 0 - Agent主脑给出的行动：deep_think
参数：{'thoughts': '根据检索到的目录和文件信息，我注意到`Scripts`文件夹下的`SceneManagement`和`Gameplay`子文件夹可能与玩家死亡后重生位置和初始位置控制相关。`SceneManagement`可能包含场景加载和管理的脚本，而`Gameplay`可能包含游戏逻辑和玩家控制的脚本。`ScriptableObjects`文件夹下的`StateMachine`和`Protagonist`子文件夹也可能包含与玩家状态和位置相关的脚本。`Scripts`文件夹下的`Audio`和`UI`子文件夹可能包含与玩家死亡和重生相关的音效和用户界面脚本。`Scripts`文件夹下的`EditorTools`子文件夹可能包含与编辑器相关的工具脚本，这些工具可能用于设置玩家重生位置和初始位置。接下来，我将优先检查这些目录和文件，以确定玩家死亡后重生位置和初始位置控制的具体位置。', 'repeat_counter': 1, 'continue_think_counter': 1}
2024-10-09 01:06:24,265 - INFO Retriever 0 - Observer: 好的，请继续你的下一步行动或思考。
2024-10-09 01:06:26,788 - INFO Retriever 0 - Agent主脑给出的回答为：{
    "get_folder_info": {
        "target_folder_path": "D:\\Unity\\open-project-1-main\\UOP1_Project\\Assets\\Scripts\\SceneManagement"
    }
}
2024-10-09 01:06:26,792 - INFO Retriever 0 - 是否成功解析：True
2024-10-09 01:06:26,792 - INFO Retriever 0 - operation_type (__det_dir_action):
2024-10-09 01:06:26,793 - INFO Retriever 0 - get_folder_info
2024-10-09 01:06:26,793 - INFO Retriever 0 - 

——————————————————————————————————————————————————————————————————————————————————————————————————————————————————————————
2024-10-09 01:06:26,794 - INFO Retriever 0 - Assistant:
2024-10-09 01:06:26,795 - INFO Retriever 0 - {
    "get_folder_info": {
        "target_folder_path": "D:\\Unity\\open-project-1-main\\UOP1_Project\\Assets\\Scripts\\SceneManagement"
    }
}
2024-10-09 01:06:26,797 - INFO Retriever 0 - dict_keys(['get_folder_info'])
2024-10-09 01:06:26,808 - INFO Retriever 0 - Agent主脑给出的行动：get_folder_info
参数：{'target_folder_path': 'D:\\Unity\\open-project-1-main\\UOP1_Project\\Assets\\Scripts\\SceneManagement'}
2024-10-09 01:06:26,945 - INFO Retriever 0 - Observer: 目标文件夹路径：D:\Unity\open-project-1-main\UOP1_Project\Assets\Scripts\SceneManagement
文件结构树（该结构树可能不完整，仅返回深度小于等于1层的子文件以及文件夹）：
├── FallCatcher.cs
├── InitializationLoader.cs
├── LocationEntrance.cs
├── LocationExit.cs
├── SceneLoader.cs
├── ScriptableObjects
│   ├── GameSceneSO.cs
│   ├── GameplaySO.cs
│   ├── LocationSO.cs
│   ├── MenuSO.cs
│   ├── PathSO.cs
│   ├── PersistentManagersSO.cs
├── StartGame.cs


其中，部分主要文件及文件夹的信息如下：
1. SceneManagement
# 路径:D:/Unity/open-project-1-main/UOP1_Project\Assets\Scripts\SceneManagement
# 内容概述:“SceneManagement”文件夹汇集了Unity游戏开发的核心脚本，旨在高效管理游戏场景与设置。其中，ScriptableObjects子文件夹封装了游戏场景、位置、菜单等数据，通过继承基类实现通用场景管理功能。FallCatcher、InitializationLoader、LocationEntrance、LocationExit等脚本分别处理玩家碰撞、游戏初始化、位置入口与出口逻辑。SceneLoader负责场景的异步加载与卸载，而StartGame则管理游戏开始流程，包括新游戏和继续游戏选项。整体上，这些脚本协同工作，确保游戏场景的流畅切换和玩家交互的顺畅进行。

2. ScriptableObjects
# 路径:D:/Unity/open-project-1-main/UOP1_Project\Assets\Scripts\SceneManagement\ScriptableObjects
# 内容概述:该“ScriptableObjects”文件夹汇集了Unity游戏开发中用于场景和设置管理的C#脚本，包括基类`GameSceneSO`及其派生类如`GameplaySO`、`LocationSO`、`MenuSO`、`PathSO`和`PersistentManagersSO`。这些脚本继承自`GameSceneSO`，共享场景数据管理功能，并通过`CreateAssetMenu`在Unity编辑器中创建资产。`GameplaySO`、`LocationSO`、`MenuSO`和`PathSO`分别封装了游戏玩法、位置、菜单和路径的特定设置，而`PersistentManagersSO`则专注于持久化数据管理。

3. FallCatcher.cs
# 路径:D:/Unity/open-project-1-main/UOP1_Project\Assets\Scripts\SceneManagement\FallCatcher.cs
# 内容概述:该脚本`FallCatcher`是Unity中用于处理玩家触发事件的组件。它记录玩家最后走过的路径，并在玩家进入时触发其死亡。主要功能模块包括路径记录和玩家死亡处理。脚本定义了`OnTriggerEnter`函数，用于检测玩家碰撞，并更新路径存储和调用玩家的死亡逻辑。

4. InitializationLoader.cs
# 路径:D:/Unity/open-project-1-main/UOP1_Project\Assets\Scripts\SceneManagement\InitializationLoader.cs
# 内容概述:该脚本“InitializationLoader.cs”是Unity游戏初始化的关键组件。它负责加载持久管理器场景，并通过事件通道触发主菜单的加载。脚本中定义了`InitializationLoader`类，包含序列化字段用于引用场景和事件通道。`Start`方法启动加载流程，`LoadEventChannel`和`LoadMainMenu`方法分别处理场景加载和事件触发，最终卸载初始化场景以完成初始化过程。

5. LocationEntrance.cs
# 路径:D:/Unity/open-project-1-main/UOP1_Project\Assets\Scripts\SceneManagement\LocationEntrance.cs
# 内容概述:该脚本“LocationEntrance.cs”是Unity中用于管理场景入口过渡的组件。它通过检查玩家是否从特定路径进入，来调整虚拟摄像机的优先级。当检测到玩家从指定路径返回时，脚本会提升虚拟摄像机的优先级并订阅场景准备事件。场景准备就绪后，通过一个短暂的等待，脚本将降低虚拟摄像机的优先级，并移除事件订阅，从而实现摄像机从入口视角过渡到游戏主视角的逻辑。

6. LocationExit.cs
# 路径:D:/Unity/open-project-1-main/UOP1_Project\Assets\Scripts\SceneManagement\LocationExit.cs
# 内容概述:该脚本`LocationExit`是Unity中用于触发器组件的脚本，主要功能是当玩家进入触发器时，自动将玩家传送到指定位置，并更新路径记录。脚本通过`OnTriggerEnter`函数检测玩家触发事件，更新路径存储，并通过事件通道`_locationExitLoadChannel`触发加载新场景的动作。

7. SceneLoader.cs
# 路径:D:/Unity/open-project-1-main/UOP1_Project\Assets\Scripts\SceneManagement\SceneLoader.cs
# 内容概述:### 脚本内容精简总结

`SceneLoader.cs` 是一个Unity脚本，负责管理游戏场景的加载与卸载。脚本通过模块化设计，包括加载位置和菜单场景的功能，并控制加载屏幕的显示与隐藏。它使用事件通道响应加载请求，并在场景加载完成后触发相应事件。主要功能包括场景加载、卸载、加载屏幕控制以及输入读取器的管理。

8. StartGame.cs
# 路径:D:/Unity/open-project-1-main/UOP1_Project\Assets\Scripts\SceneManagement\StartGame.cs
# 内容概述:该脚本定义了Unity游戏中的`StartGame`类，负责处理游戏开始时的逻辑。类中包含新游戏和继续游戏的功能，通过序列化对象和事件通道与保存系统交互。`Start()`方法初始化事件监听，`StartNewGame()`用于启动新游戏流程，创建新保存文件并加载场景。`ContinuePreviousGame()`则通过协程加载保存的游戏数据，并触发加载事件。类中还定义了`OnDestroy()`清理事件监听，以及`OnResetSaveDataPress()`重置保存数据的辅助方法。


2024-10-09 01:06:28,522 - INFO Retriever 0 - Agent主脑给出的回答为：{
    "get_folder_info": {
        "target_folder_path": "D:\\Unity\\open-project-1-main\\UOP1_Project\\Assets\\Scripts\\Gameplay"
    }
}
2024-10-09 01:06:28,522 - INFO Retriever 0 - 是否成功解析：True
2024-10-09 01:06:28,523 - INFO Retriever 0 - operation_type (__det_dir_action):
2024-10-09 01:06:28,523 - INFO Retriever 0 - get_folder_info
2024-10-09 01:06:28,523 - INFO Retriever 0 - 

——————————————————————————————————————————————————————————————————————————————————————————————————————————————————————————
2024-10-09 01:06:28,523 - INFO Retriever 0 - Assistant:
2024-10-09 01:06:28,524 - INFO Retriever 0 - {
    "get_folder_info": {
        "target_folder_path": "D:\\Unity\\open-project-1-main\\UOP1_Project\\Assets\\Scripts\\Gameplay"
    }
}
2024-10-09 01:06:28,524 - INFO Retriever 0 - dict_keys(['get_folder_info'])
2024-10-09 01:06:28,524 - INFO Retriever 0 - Agent主脑给出的行动：get_folder_info
参数：{'target_folder_path': 'D:\\Unity\\open-project-1-main\\UOP1_Project\\Assets\\Scripts\\Gameplay'}
2024-10-09 01:06:28,569 - INFO Retriever 0 - Observer: 目标文件夹路径：D:\Unity\open-project-1-main\UOP1_Project\Assets\Scripts\Gameplay
文件结构树（该结构树可能不完整，仅返回深度小于等于1层的子文件以及文件夹）：
├── GameManager.cs
├── GameStateSO.cs
├── SpawnSystem.cs


其中，部分主要文件及文件夹的信息如下：
1. Gameplay
# 路径:D:/Unity/open-project-1-main/UOP1_Project\Assets\Scripts\Gameplay
# 内容概述:## 文件夹内容精简总结

“Gameplay”文件夹汇集了Unity游戏开发的核心脚本，包括`GameManager.cs`用于管理游戏状态和事件，`GameStateSO.cs`负责跟踪和管理游戏状态变化，以及`SpawnSystem.cs`负责玩家的生成逻辑。这些脚本相互协作，共同构成了游戏的核心功能框架。

2. GameManager.cs
# 路径:D:/Unity/open-project-1-main/UOP1_Project\Assets\Scripts\Gameplay\GameManager.cs
# 内容概述:`GameManager.cs` 是一个Unity游戏组件，负责游戏初始化和状态管理。它初始化游戏状态，注册事件监听器以响应特定事件（如添加配方到库存），并在游戏开始时启动游戏。主要功能模块包括初始化、事件处理和游戏启动。它定义了`StartGame`来启动游戏，以及`AddRockCandyRecipe`、`AddSweetDoughRecipe`和`AddFinalRecipes`来分别添加特定物品到库存。此外，`OnEnable`和`OnDisable`方法用于管理事件监听器的注册和注销。

3. GameStateSO.cs
# 路径:D:/Unity/open-project-1-main/UOP1_Project\Assets\Scripts\Gameplay\GameStateSO.cs
# 内容概述:该脚本定义了`GameStateSO`类，用于管理Unity游戏中的状态转换。它包含游戏状态枚举，支持如游戏进行、暂停、库存等状态，并能够处理战斗状态的触发。类中实现了添加和移除警告敌人的功能，以及更新和重置游戏状态的方法，确保在状态变化时能够触发相应的事件，从而实现状态间的平滑过渡。

4. SpawnSystem.cs
# 路径:D:/Unity/open-project-1-main/UOP1_Project\Assets\Scripts\Gameplay\SpawnSystem.cs
# 内容概述:该脚本定义了 `SpawnSystem` 类，负责管理玩家在游戏场景中的生成逻辑。它通过引用输入读取器、玩家预制体、变换锚点等资源，并在场景准备就绪时触发玩家的生成。`SpawnSystem` 在初始化时收集所有可能的生成点，并在场景激活时根据玩家的路径选择合适的生成位置来实例化玩家。此外，它还处理了事件订阅和取消订阅，确保在启用和禁用时的正确行为。


2024-10-09 01:06:30,330 - INFO Retriever 0 - Agent主脑给出的回答为：{
    "get_folder_info": {
        "target_folder_path": "D:\\Unity\\open-project-1-main\\UOP1_Project\\Assets\\ScriptableObjects\\StateMachine\\Protagonist\\Actions"
    }
}
2024-10-09 01:06:30,331 - INFO Retriever 0 - 是否成功解析：True
2024-10-09 01:06:30,331 - INFO Retriever 0 - operation_type (__det_dir_action):
2024-10-09 01:06:30,331 - INFO Retriever 0 - get_folder_info
2024-10-09 01:06:30,331 - INFO Retriever 0 - 

——————————————————————————————————————————————————————————————————————————————————————————————————————————————————————————
2024-10-09 01:06:30,331 - INFO Retriever 0 - Assistant:
2024-10-09 01:06:30,332 - INFO Retriever 0 - {
    "get_folder_info": {
        "target_folder_path": "D:\\Unity\\open-project-1-main\\UOP1_Project\\Assets\\ScriptableObjects\\StateMachine\\Protagonist\\Actions"
    }
}
2024-10-09 01:06:30,332 - INFO Retriever 0 - dict_keys(['get_folder_info'])
2024-10-09 01:06:30,332 - INFO Retriever 0 - Agent主脑给出的行动：get_folder_info
参数：{'target_folder_path': 'D:\\Unity\\open-project-1-main\\UOP1_Project\\Assets\\ScriptableObjects\\StateMachine\\Protagonist\\Actions'}
2024-10-09 01:06:30,387 - INFO Retriever 0 - Observer: 目标文件夹路径：D:\Unity\open-project-1-main\UOP1_Project\Assets\ScriptableObjects\StateMachine\Protagonist\Actions
文件结构树（该结构树可能不完整，仅返回深度小于等于1层的子文件以及文件夹）：
├── AnimatorParameters
│   ├── AnimatorMoveSpeed.asset
│   ├── HasFainted_True_OnEnter.asset
│   ...
│   ├── ReceiveHitTrigger_OnEnter.asset
├── ClearInputCache_OnEnter.asset
├── DestroyPlayer.asset
├── GetHitFlashingEffect.asset
├── MovementVector
│   ├── AerialMovement.asset
│   ├── ApplyMovementVector.asset
│   ...
│   ├── StopMovement.asset
├── Particles
│   ├── ControlWalkingParticles.asset
│   ├── PlayJumpParticles.asset
│   ├── PlayLandParticles.asset
│   ├── PlayLiftoffJumpParticles.asset
├── ResetGetHitState.asset
├── RespawnPlayer.asset
├── SFX
│   ├── PlaySound_Jump.asset
│   ├── PlaySound_PickUp.asset
│   ├── PlaySound_SwingCane.asset
├── ShakeCam.asset


其中，部分主要文件及文件夹的信息如下：
1. Actions
# 路径:D:/Unity/open-project-1-main/UOP1_Project\Assets\ScriptableObjects\StateMachine\Protagonist\Actions
# 内容概述:“Actions”文件夹汇集了Unity游戏开发所需的多种脚本资源，包括用于动画状态控制的AnimatorParameters、角色移动逻辑的MovementVector、粒子效果的Particles、声音效果的SFX，以及交互和视觉效果的脚本如ClearInputCache_OnEnter、DestroyPlayer、GetHitFlashingEffect、ResetGetHitState、RespawnPlayer和ShakeCam。这些资源协同工作，为游戏角色动作、视觉效果和交互体验提供全面支持。

2. AnimatorParameters
# 路径:D:/Unity/open-project-1-main/UOP1_Project\Assets\ScriptableObjects\StateMachine\Protagonist\Actions\AnimatorParameters
# 内容概述:### 文件夹内容精简总结

“AnimatorParameters”文件夹汇集了多个Unity脚本资产，旨在通过设置动画控制器参数来管理游戏角色的不同状态。这些脚本包括控制移动速度、角色晕倒、空中状态、攻击、拾取、受到攻击等动作的动画触发。例如，"IsAttacking_True_OnEnter.asset"在角色进入攻击状态时激活攻击动画，而"IsWalking_False_OnEnter.asset"则用于角色开始行走。这些脚本资产通过在角色进入或离开特定区域时触发，共同构成了角色的动画状态管理机制。

3. MovementVector
# 路径:D:/Unity/open-project-1-main/UOP1_Project\Assets\ScriptableObjects\StateMachine\Protagonist\Actions\MovementVector
# 内容概述:“MovementVector”文件夹汇集了Unity游戏引擎中用于控制主角移动的核心脚本组件，包括处理空中移动、地面移动、垂直方向移动、旋转和滑行等功能的脚本。这些组件如“AerialMovement”和“ApplyMovementVector”协同工作，确保主角在空中和地面上的流畅移动；“Ascend”和“Descend”负责垂直方向的运动；“GravityGround”和“MoveOnTheGround”分别处理重力效果和地面移动速度；“Rotate”和“RotateFast”则负责主角的转向；“Slide”组件适应滑行表面，而“StopMovement”则允许在必要时停止移动。这些组件相互关联，共同构成了主角在游戏中的动态行为。

4. Particles
# 路径:D:/Unity/open-project-1-main/UOP1_Project\Assets\ScriptableObjects\StateMachine\Protagonist\Actions\Particles
# 内容概述:### 文件夹内容精简总结

“Particles”文件夹汇集了多个Unity游戏开发中的粒子效果脚本，包括控制行走、跳跃和起飞动作的粒子显示。这些脚本如`ControlWalkingParticles.asset`、`PlayJumpParticles.asset`、`PlayLandParticles.asset`和`PlayLiftoffJumpParticles.asset`，分别用于管理不同场景下的粒子效果，共同丰富了游戏的视觉效果。所有脚本均遵循Unity脚本规范，便于在Unity环境中集成和使用。

5. SFX
# 路径:D:/Unity/open-project-1-main/UOP1_Project\Assets\ScriptableObjects\StateMachine\Protagonist\Actions\SFX
# 内容概述:### 文件夹内容精简总结

“SFX”文件夹汇集了Unity游戏开发中用于特定游戏事件的音频脚本组件，包括跳跃、拾取物品和挥舞拐杖等动作的声音播放脚本。文件夹内包含的“PlaySound_Jump.asset”、“PlaySound_PickUp.asset”和“PlaySound_SwingCane.asset”三个文件分别对应不同动作的声音效果触发，共同为游戏提供丰富的听觉体验。

6. ClearInputCache_OnEnter.asset
# 路径:D:/Unity/open-project-1-main/UOP1_Project\Assets\ScriptableObjects\StateMachine\Protagonist\Actions\ClearInputCache_OnEnter.asset
# 内容概述:该文件描述了一个Unity脚本组件“ClearInputCache_OnEnter”，其主要功能是清除游戏主角的输入缓存，例如跳跃动作。脚本基于MonoBehaviour组件，并附有简要描述，指出其清除主角动作输入缓存的作用。

7. DestroyPlayer.asset
# 路径:D:/Unity/open-project-1-main/UOP1_Project\Assets\ScriptableObjects\StateMachine\Protagonist\Actions\DestroyPlayer.asset
# 内容概述:该文本描述了一个Unity脚本组件“DestroyPlayer”，属于`MonoBehaviour`类，专门用于销毁玩家角色游戏对象。该组件在Unity编辑器中标识为“Destroys the player character GO”，表明其主要功能是实现玩家角色的销毁。

8. GetHitFlashingEffect.asset
# 路径:D:/Unity/open-project-1-main/UOP1_Project\Assets\ScriptableObjects\StateMachine\Protagonist\Actions\GetHitFlashingEffect.asset
# 内容概述:### 简要总结
“GetHitFlashingEffect.asset”文件是Unity游戏引擎中的一个脚本，名为“GetHitFlashingEffect”，其功能是在角色受到攻击时触发闪烁效果，增强角色受击的视觉反馈。

9. ResetGetHitState.asset
# 路径:D:/Unity/open-project-1-main/UOP1_Project\Assets\ScriptableObjects\StateMachine\Protagonist\Actions\ResetGetHitState.asset
# 内容概述:### 简化总结

该文件是Unity引擎中的一个名为“ResetGetHitState”的脚本资产，用于重置“Damageable”脚本中的“GetHit”布尔值，以管理游戏中的伤害状态重置。

10. RespawnPlayer.asset
# 路径:D:/Unity/open-project-1-main/UOP1_Project\Assets\ScriptableObjects\StateMachine\Protagonist\Actions\RespawnPlayer.asset
# 内容概述:### 简要总结
“RespawnPlayer.asset”文件定义了一个Unity脚本，名为“RespawnPlayer”，其功能是在场景准备好时通过触发事件由SpawnSystem实例化玩家。脚本具备基本属性，如启用状态，并关联了一个名为voidEvent的事件以实现这一功能。

11. ShakeCam.asset
# 路径:D:/Unity/open-project-1-main/UOP1_Project\Assets\ScriptableObjects\StateMachine\Protagonist\Actions\ShakeCam.asset
# 内容概述:### 简要总结
“ShakeCam.asset”文件描述了一个Unity脚本组件，名为ShakeCam，其主要功能是触发相机震动事件，该事件由CameraManager组件识别并执行，从而实现相机震动效果。


2024-10-09 01:06:33,688 - INFO Retriever 0 - Agent主脑给出的回答为：{
    "get_folder_info": {
        "target_folder_path": "D:\\Unity\\open-project-1-main\\UOP1_Project\\Assets\\Scripts\\Audio"
    }
}
2024-10-09 01:06:33,688 - INFO Retriever 0 - 是否成功解析：True
2024-10-09 01:06:33,688 - INFO Retriever 0 - operation_type (__det_dir_action):
2024-10-09 01:06:33,688 - INFO Retriever 0 - get_folder_info
2024-10-09 01:06:33,688 - INFO Retriever 0 - 

——————————————————————————————————————————————————————————————————————————————————————————————————————————————————————————
2024-10-09 01:06:33,690 - INFO Retriever 0 - Assistant:
2024-10-09 01:06:33,690 - INFO Retriever 0 - {
    "get_folder_info": {
        "target_folder_path": "D:\\Unity\\open-project-1-main\\UOP1_Project\\Assets\\Scripts\\Audio"
    }
}
2024-10-09 01:06:33,690 - INFO Retriever 0 - dict_keys(['get_folder_info'])
2024-10-09 01:06:33,690 - INFO Retriever 0 - Agent主脑给出的行动：get_folder_info
参数：{'target_folder_path': 'D:\\Unity\\open-project-1-main\\UOP1_Project\\Assets\\Scripts\\Audio'}
2024-10-09 01:06:33,759 - INFO Retriever 0 - Observer: 目标文件夹路径：D:\Unity\open-project-1-main\UOP1_Project\Assets\Scripts\Audio
文件结构树（该结构树可能不完整，仅返回深度小于等于1层的子文件以及文件夹）：
├── AudioConfigApplier.cs
├── AudioCue.cs
├── AudioCueOnTriggerEnter.cs
├── AudioData
│   ├── AudioConfigurationSO.cs
│   ├── AudioCueKey.cs
│   ├── AudioCueSO.cs
├── AudioManager.cs
├── MusicPlayer.cs
├── OrientListener.cs
├── SoundEmitters
│   ├── SoundEmitter.cs
│   ├── SoundEmitterFactorySO.cs
│   ├── SoundEmitterPoolSO.cs
│   ├── SoundEmitterVault.cs


其中，部分主要文件及文件夹的信息如下：
1. Audio
# 路径:D:/Unity/open-project-1-main/UOP1_Project\Assets\Scripts\Audio
# 内容概述:“Audio”文件夹汇集了Unity游戏音频开发的关键脚本，包括音频配置管理（如`AudioConfigurationSO.cs`）、音频剪辑播放控制（`AudioCueSO.cs`）、以及音频效果的管理和播放（`SoundEmitters`子文件夹）。其中，`AudioManager.cs`负责全面音频控制，而`MusicPlayer.cs`专注于音乐播放。此外，`AudioConfigApplier.cs`确保音频配置的即时应用，`AudioCue.cs`和`AudioCueOnTriggerEnter.cs`则处理音频事件和触发器逻辑，而`OrientListener.cs`则同步游戏对象与相机方向。这些脚本协同工作，为游戏提供丰富且高效的音频体验。

2. AudioData
# 路径:D:/Unity/open-project-1-main/UOP1_Project\Assets\Scripts\Audio\AudioData
# 内容概述:## 文件夹内容简述

“AudioData”文件夹汇集了Unity游戏开发中音频处理的关键脚本。主要包含`AudioConfigurationSO.cs`，它定义了可复用的音频配置对象，用于设置和存储音频源属性，如音量、音调等。`AudioCueKey.cs`则定义了音频提示键的结构体，用于唯一标识和管理音频剪辑。而`AudioCueSO.cs`则管理音频剪辑的集合，支持随机和循环播放，与`AudioConfigurationSO`配合使用，共同构成了音频播放的核心逻辑。

3. SoundEmitters
# 路径:D:/Unity/open-project-1-main/UOP1_Project\Assets\Scripts\Audio\SoundEmitters
# 内容概述:该“SoundEmitters”文件夹汇集了Unity游戏音频管理的核心脚本。其中，`SoundEmitter.cs` 负责音频播放控制，如播放、暂停和淡入淡出，而 `SoundEmitterFactorySO.cs` 则作为声音发射器的工厂，用于创建和管理实例。`SoundEmitterPoolSO.cs` 通过池化技术优化了声音发射器的使用效率，而 `SoundEmitterVault.cs` 则管理音频发射器的键值对，确保了音频资源的有序管理。这些脚本相互协作，共同构成了一个高效且灵活的音频系统。

4. AudioConfigApplier.cs
# 路径:D:/Unity/open-project-1-main/UOP1_Project\Assets\Scripts\Audio\AudioConfigApplier.cs
# 内容概述:该脚本是一个Unity组件`AudioConfigApplier`，负责将`AudioConfigurationSO`的设置快速应用到`AudioSource`上。脚本通过`OnValidate`和`Start`方法在编辑器或游戏开始时触发配置应用。主要逻辑封装在`ConfigureAudioSource`函数中，它检查配置有效性并调用相应方法将配置同步至`AudioSource`组件。

5. AudioCue.cs
# 路径:D:/Unity/open-project-1-main/UOP1_Project\Assets\Scripts\Audio\AudioCue.cs
# 内容概述:该脚本定义了Unity中的`AudioCue`类，作为MonoBehaviour组件，负责通过`AudioManager`播放和管理音频。它支持在启动时自动播放音频，并提供了播放、停止和完成音频的方法。类中包含音频资源定义、播放事件通道配置和音频配置，通过协程实现音频的延迟播放，并在对象禁用时停止播放，确保音频播放的合理控制。

6. AudioCueOnTriggerEnter.cs
# 路径:D:/Unity/open-project-1-main/UOP1_Project\Assets\Scripts\Audio\AudioCueOnTriggerEnter.cs
# 内容概述:该脚本`AudioCueOnTriggerEnter.cs`是Unity中用于在特定GameObject上检测触发器事件并播放音频的组件。它位于`Assets.Scripts.Audio`命名空间，主要功能是当带有指定标签（默认为"Player"）的GameObject进入该组件所在的GameObject的触发器Collider时，自动激活音频提示。脚本的核心是`AudioCueOnTriggerEnter`类，其中包含`OnTriggerEnter`方法，负责检查进入的GameObject标签并触发音频播放。

7. AudioManager.cs
# 路径:D:/Unity/open-project-1-main/UOP1_Project\Assets\Scripts\Audio\AudioManager.cs
# 内容概述:`AudioManager.cs` 是一个Unity音频管理脚本，负责播放和管理游戏中的音效与音乐。它通过事件监听机制响应场景中对象的音频请求，包括音效和音乐的播放、停止和音量调整。脚本使用音效发射器池来管理音效资源，并提供了音量控制的接口。在游戏生命周期中，`AudioManager` 会初始化音频设置，并在对象启用时订阅事件，在对象销毁时取消订阅。此外，它还处理音效播放完成后的清理工作，确保资源得到有效管理。

8. MusicPlayer.cs
# 路径:D:/Unity/open-project-1-main/UOP1_Project\Assets\Scripts\Audio\MusicPlayer.cs
# 内容概述:该脚本“MusicPlayer.cs”是Unity中用于管理音乐播放的组件。它通过监听场景准备和暂停菜单打开的事件来控制音乐播放。脚本在启用时订阅相关事件，并在场景准备时播放指定场景的音乐，在暂停菜单打开时切换至暂停音乐。主要功能模块包括音乐播放控制和事件响应处理。

9. OrientListener.cs
# 路径:D:/Unity/open-project-1-main/UOP1_Project\Assets\Scripts\Audio\OrientListener.cs
# 内容概述:该脚本“OrientListener.cs”是Unity C#脚本，用于同步游戏对象方向与相机方向。它包含一个`OrientListener`类，该类在`LateUpdate`方法中根据相机变换更新游戏对象的方向，确保两者朝向一致。


2024-10-09 01:06:41,248 - INFO Retriever 0 - Agent主脑给出的回答为：{
    "get_folder_info": {
        "target_folder_path": "D:\\Unity\\open-project-1-main\\UOP1_Project\\Assets\\Scripts\\UI"
    }
}
2024-10-09 01:06:41,249 - INFO Retriever 0 - 是否成功解析：True
2024-10-09 01:06:41,249 - INFO Retriever 0 - operation_type (__det_dir_action):
2024-10-09 01:06:41,249 - INFO Retriever 0 - get_folder_info
2024-10-09 01:06:41,249 - INFO Retriever 0 - 

——————————————————————————————————————————————————————————————————————————————————————————————————————————————————————————
2024-10-09 01:06:41,250 - INFO Retriever 0 - Assistant:
2024-10-09 01:06:41,250 - INFO Retriever 0 - {
    "get_folder_info": {
        "target_folder_path": "D:\\Unity\\open-project-1-main\\UOP1_Project\\Assets\\Scripts\\UI"
    }
}
2024-10-09 01:06:41,250 - INFO Retriever 0 - dict_keys(['get_folder_info'])
2024-10-09 01:06:41,250 - INFO Retriever 0 - Agent主脑给出的行动：get_folder_info
参数：{'target_folder_path': 'D:\\Unity\\open-project-1-main\\UOP1_Project\\Assets\\Scripts\\UI'}
2024-10-09 01:06:41,310 - INFO Retriever 0 - Observer: 目标文件夹路径：D:\Unity\open-project-1-main\UOP1_Project\Assets\Scripts\UI
文件结构树（该结构树可能不完整，仅返回深度小于等于1层的子文件以及文件夹）：
├── Dialogue
│   ├── UIDialogueChoiceFiller.cs
│   ├── UIDialogueChoicesManager.cs
│   ├── UIDialogueManager.cs
├── FadeController.cs
├── Inventory
│   ├── UIActionButton.cs
│   ├── UIInspectorDescription.cs
│   ...
│   ├── UIItemForAnimation.cs
├── LoadingInterfaceController.cs
├── ScriptableObject
│   ├── InteractionSO.cs
├── Settings
│   ├── UIPaginationFiller.cs
│   ├── UISetButtonNavigation.cs
│   ├── UISettingFieldsFiller.cs
│   ├── UISettingItemFiller.cs
│   ├── UISettingTabFiller.cs
│   ├── UISettingTabsFiller.cs
│   ├── UISettingsController.cs
├── UIButtonPrompt.cs
├── UICredits.cs
├── UICreditsRoller.cs
├── UIGenericButton.cs
├── UIHealthBarManager.cs
├── UIHeartDisplay.cs
├── UIInteraction.cs
├── UIMainMenu.cs
├── UIManager.cs
├── UIMenuManager.cs
├── UIPause.cs
├── UIPopup.cs
├── UISpinner.cs


其中，部分主要文件及文件夹的信息如下：
1. UI
# 路径:D:/Unity/open-project-1-main/UOP1_Project\Assets\Scripts\UI
# 内容概述:“UI”文件夹汇集了Unity游戏开发中用于构建和管理用户界面的关键脚本。它涵盖了对话系统、库存管理、设置界面、加载界面、信用屏幕、通用按钮、健康条、心形显示、交互面板、主菜单、暂停界面、弹窗以及旋转动画等多个方面。这些脚本通过事件和函数调用相互协作，确保了游戏UI的完整性和交互性，共同构成了游戏流程中的关键用户界面元素。

2. Dialogue
# 路径:D:/Unity/open-project-1-main/UOP1_Project\Assets\Scripts\UI\Dialogue
# 内容概述:“Dialogue”文件夹汇集了Unity游戏对话系统的关键脚本，包括UIDialogueChoiceFiller.cs用于填充和响应用户对话选择，UIDialogueChoicesManager.cs负责管理对话选项的UI显示和错误处理，以及UIDialogueManager.cs作为对话流程的核心，负责对话文本和角色名称的显示以及选项的管理。这些脚本协同工作，确保了游戏对话的流畅和互动性。

3. Inventory
# 路径:D:/Unity/open-project-1-main/UOP1_Project\Assets\Scripts\UI\Inventory
# 内容概述:该“Inventory”文件夹汇集了Unity游戏开发中库存系统相关的多个C#脚本，旨在构建和管理玩家库存的UI界面。主要脚本包括处理UI按钮交互的`UIActionButton.cs`，显示物品描述和生命值的`UIInspectorDescription.cs`，以及管理食材信息和预览的`UIInspectorIngredientFiller.cs`和`UIInspectorIngredients.cs`。此外，`UIInventory.cs`负责库存的显示和交互，而`UIInventoryTab.cs`和`UIInventoryTabs.cs`则控制库存标签页的切换。这些脚本相互协作，共同构成了一个功能完备且交互丰富的库存系统UI。

4. ScriptableObject
# 路径:D:/Unity/open-project-1-main/UOP1_Project\Assets\Scripts\UI\ScriptableObject
# 内容概述:该“ScriptableObject”文件夹中的“InteractionSO.cs”文件定义了一个继承自`ScriptableObject`的`InteractionSO`类，旨在Unity中创建可重用的交互资源。该类存储并提供了交互名称、图标和类型的访问，便于在编辑器中配置和运行时使用。

5. Settings
# 路径:D:/Unity/open-project-1-main/UOP1_Project\Assets\Scripts\UI\Settings
# 内容概述:### 文件夹内容总结
“Settings”文件夹汇集了Unity游戏设置界面的关键脚本，包括管理分页指示器、设置字段填充、按钮导航、标签页交互以及整体设置界面控制的脚本。其中，`UIPaginationFiller.cs`负责分页指示器的显示和交互，`UISetButtonNavigation.cs`处理按钮导航，`UISettingFieldsFiller.cs`和`UISettingItemFiller.cs`负责填充和更新设置字段，`UISettingTabFiller.cs`和`UISettingTabsFiller.cs`管理标签页的显示和交互，而`UISettingsController.cs`作为核心控制器，整合并协调这些脚本的功能，确保设置界面的流畅操作和用户交互。

6. FadeController.cs
# 路径:D:/Unity/open-project-1-main/UOP1_Project\Assets\Scripts\UI\FadeController.cs
# 内容概述:该脚本“FadeController.cs”是Unity中用于管理屏幕淡入淡出效果的组件。它通过订阅`FadeChannelSO`事件来响应淡入或淡出指令，并使用Image组件实现视觉效果。脚本在启用时订阅事件，在禁用时取消订阅，核心函数`InitiateFade`接受淡入/淡出标志、持续时间和目标颜色参数，通过DOTween库的`DOBlendableColor`方法平滑过渡颜色，实现屏幕的淡入淡出效果。

7. LoadingInterfaceController.cs
# 路径:D:/Unity/open-project-1-main/UOP1_Project\Assets\Scripts\UI\LoadingInterfaceController.cs
# 内容概述:该脚本“LoadingInterfaceController.cs”是Unity项目中的组件，负责控制加载界面的显示与隐藏。它通过`BoolEventChannelSO`事件通道接收布尔值，以激活或禁用加载界面GameObject。脚本在启用时订阅事件，并在事件触发时切换加载界面的可见性，同时在禁用脚本时取消订阅，确保资源管理。主要包含`ToggleLoadingScreen`函数，用于根据事件状态控制加载界面的激活状态。

8. UIButtonPrompt.cs
# 路径:D:/Unity/open-project-1-main/UOP1_Project\Assets\Scripts\UI\UIButtonPrompt.cs
# 内容概述:该脚本是一个Unity组件，名为`UIButtonPrompt`，负责根据用户输入设备（键盘或控制器）切换按钮提示的图标和文本。脚本中定义了几个序列化字段，用于存储背景图、文本组件以及对应的图标和键码。主要方法`SetButtonPrompt`根据输入参数`isKeyboard`来更新提示信息，显示相应的图标和键码。

9. UICredits.cs
# 路径:D:/Unity/open-project-1-main/UOP1_Project\Assets\Scripts\UI\UICredits.cs
# 内容概述:该脚本“UICredits.cs”是Unity游戏开发中用于管理信用屏幕的C#代码。它定义了`CreditsList`和`ContributerProfile`类来存储和格式化贡献者信息。`UICredits`类负责在游戏结束时显示信用屏幕，包括从JSON资产加载贡献者列表、设置文本显示和响应关闭事件。脚本通过事件监听和状态管理来控制信用屏幕的显示和隐藏流程。

10. UICreditsRoller.cs
# 路径:D:/Unity/open-project-1-main/UOP1_Project\Assets\Scripts\UI\UICreditsRoller.cs
# 内容概述:UICreditsRoller.cs 是一个Unity脚本，用于控制UI文本的滚动效果。脚本中定义了滚动速度、输入响应和滚动结束逻辑。主要类UICreditsRoller包含开始滚动、处理输入、设置初始偏移和滚动结束的方法。脚本通过协程InitialOffset初始化文本位置，并在Update中持续更新文本位置以实现滚动。用户输入通过OnMove函数响应，可调整滚动速度。当滚动完成时，RollingEnd函数将触发事件或重置文本位置以重新开始滚动。

11. UIGenericButton.cs
# 路径:D:/Unity/open-project-1-main/UOP1_Project\Assets\Scripts\UI\UIGenericButton.cs
# 内容概述:该脚本“UIGenericButton.cs”是Unity中用于管理UI按钮的C#脚本。它通过`LocalizeStringEvent`支持按钮文本的本地化，并允许设置按钮的选择状态。脚本定义了`Clicked`事件以处理点击动作。主要功能包括：在禁用脚本时重置按钮状态，通过`SetButton`方法设置按钮的选择和文本，以及通过`SelectButton`和`Click`方法控制按钮的选择和触发点击事件。

12. UIHealthBarManager.cs
# 路径:D:/Unity/open-project-1-main/UOP1_Project\Assets\Scripts\UI\UIHealthBarManager.cs
# 内容概述:该脚本“UIHealthBarManager.cs”是Unity中用于管理玩家生命值UI显示的核心组件。它通过`UIHeartDisplay`数组来表示心跳图像，并监听`_UIUpdateNeeded`事件以响应生命值变化。脚本在启用时初始化健康条，并在生命值更新时通过`UpdateHeartImages`函数动态调整心跳图像的填充状态，确保玩家生命值在UI上实时反映。

13. UIHeartDisplay.cs
# 路径:D:/Unity/open-project-1-main/UOP1_Project\Assets\Scripts\UI\UIHeartDisplay.cs
# 内容概述:该脚本“UIHeartDisplay.cs”是Unity中用于控制心形UI显示的组件。它包含一个心形图像的填充控制以及背景透明度调整功能，以反映战斗状态。脚本通过`SetImage`方法根据传入的百分比调整心形图像的填充量，并相应调整背景透明度。同时，它监听战斗状态事件，通过`OnCombatState`方法控制背景图像的显示。脚本在启用时订阅事件，并在禁用时取消订阅，确保资源管理。

14. UIInteraction.cs
# 路径:D:/Unity/open-project-1-main/UOP1_Project\Assets\Scripts\UI\UIInteraction.cs
# 内容概述:该脚本定义了Unity组件`UIInteraction`，负责根据交互类型填充UI面板图标。主要方法`FillInteractionPanel`检查指定类型的交互是否存在，并相应地更新图标。脚本包含一个交互列表`_listInteractions`和一个用于显示图标的`_interactionIcon`。

15. UIMainMenu.cs
# 路径:D:/Unity/open-project-1-main/UOP1_Project\Assets\Scripts\UI\UIMainMenu.cs
# 内容概述:该脚本定义了`UIMainMenu`类，用于管理Unity游戏主菜单的按钮交互。它包含按钮引用和事件响应机制，允许根据游戏状态启用或禁用“继续游戏”按钮。主要功能模块包括按钮管理和事件触发，通过`SetMenuScreen`方法调整按钮状态，并通过一系列方法如`NewGameButton`等触发预设的UnityAction事件。

16. UIManager.cs
# 路径:D:/Unity/open-project-1-main/UOP1_Project\Assets\Scripts\UI\UIManager.cs
# 内容概述:### 脚本概述
`UIManager.cs` 是一个管理游戏UI元素的核心脚本，负责初始化和更新用户界面，包括菜单、对话框、库存和交互面板。它通过监听事件如场景准备、对话交互、库存操作等，来控制UI元素的显示和隐藏，并管理游戏状态。

### 关键模块与功能
- **UI元素管理**：脚本管理多个UI组件，如菜单选择处理器、弹出面板、对话管理器等。
- **事件响应**：脚本订阅并响应游戏事件，如打开/关闭对话框、库存操作、交互设置等。
- **状态控制**：脚本处理游戏状态变化，如暂停、设置、返回主菜单等。

### 主要类与函数
- **UIManager类**：包含管理UI和响应事件的方法，如`ResetUI`、`OpenUIDialogue`、`OpenUIPause`等。
- **事件处理函数**：如`OnEnable`和`OnDisable`用于事件订阅和取消订阅，确保资源有效管理。

17. UIMenuManager.cs
# 路径:D:/Unity/open-project-1-main/UOP1_Project\Assets\Scripts\UI\UIMenuManager.cs
# 内容概述:该脚本定义了 `UIMenuManager` 类，负责管理游戏菜单系统，包括初始化菜单界面、处理用户输入和事件广播。它通过配置和管理不同UI面板（如主菜单、设置、信用和弹出面板）以及保存系统来提供游戏菜单功能。脚本在 `Start()` 方法中初始化输入读取和菜单屏幕，并根据保存数据状态配置主菜单。此外，脚本还处理了开始新游戏、继续游戏、打开设置和信用屏幕等用户交互事件。

18. UIPause.cs
# 路径:D:/Unity/open-project-1-main/UOP1_Project\Assets\Scripts\UI\UIPause.cs
# 内容概述:该脚本“UIPause.cs”是Unity中用于管理游戏暂停界面的组件。它通过序列化字段与游戏对象关联，并通过事件系统与其他脚本通信。脚本包含暂停界面的打开/关闭逻辑，以及处理用户操作（如恢复游戏、打开设置、返回菜单）的功能。主要类为`UIPause`，其中`OnEnable`和`OnDisable`方法分别用于初始化和清理事件监听器，而`Resume`、`OpenSettingsScreen`和`BackToMainMenuConfirmation`方法分别响应恢复游戏、打开设置屏幕和返回主菜单的请求。

19. UIPopup.cs
# 路径:D:/Unity/open-project-1-main/UOP1_Project\Assets\Scripts\UI\UIPopup.cs
# 内容概述:该脚本定义了`UIPopup`类，用于在Unity中管理不同类型的弹窗，如退出、新游戏或菜单返回。它通过`PopupType`和`PopupButtonType`枚举来定义弹窗和按钮的行为。`UIPopup`类负责设置弹窗的标题和描述，控制按钮的显示和响应，支持确认和取消操作，并提供关闭弹窗的机制。类中包含了事件处理，如确认和取消按钮的点击事件，以及关闭弹窗的事件。在弹窗关闭或用户作出选择时，会触发相应的UnityAction事件。

20. UISpinner.cs
# 路径:D:/Unity/open-project-1-main/UOP1_Project\Assets\Scripts\UI\UISpinner.cs
# 内容概述:UISpinner.cs 是一个Unity脚本，用于控制UI元素的旋转动画。脚本继承自 MonoBehaviour，包含一个公共变量 `_rotateSpeed` 用于设置旋转速度，并在 Start 方法中初始化 UI 元素的 RectTransform 组件。在 Update 方法中，脚本根据 `_rotateSpeed` 和当前帧的时间差来更新 UI 元素的旋转角度，实现连续的旋转效果。


2024-10-09 01:06:48,107 - INFO Retriever 0 - Agent主脑给出的回答为：{
    "deep_think": {
        "thoughts": "根据对`SceneManagement`、`Gameplay`、`ScriptableObjects`、`Audio`和`UI`文件夹的检查，我未能直接找到关于玩家死亡后重生位置和玩家开局时初始位置控制的具体信息。然而，在`ScriptableObjects\StateMachine\Protagonist\Actions`文件夹中，我发现了一些与玩家重生相关的脚本，例如`RespawnPlayer.asset`。这可能意味着玩家重生位置的控制逻辑可能在这个文件夹中。接下来，我将进一步检查这个文件夹中的`RespawnPlayer.asset`文件，以确定它是否包含所需的信息。"
    }
}
2024-10-09 01:06:48,108 - INFO Retriever 0 - 是否成功解析：True
2024-10-09 01:06:48,108 - INFO Retriever 0 - operation_type (__det_dir_action):
2024-10-09 01:06:48,108 - INFO Retriever 0 - deep_think
2024-10-09 01:06:48,109 - INFO Retriever 0 - 

——————————————————————————————————————————————————————————————————————————————————————————————————————————————————————————
2024-10-09 01:06:48,109 - INFO Retriever 0 - Assistant:
2024-10-09 01:06:48,109 - INFO Retriever 0 - {
    "deep_think": {
        "thoughts": "根据对`SceneManagement`、`Gameplay`、`ScriptableObjects`、`Audio`和`UI`文件夹的检查，我未能直接找到关于玩家死亡后重生位置和玩家开局时初始位置控制的具体信息。然而，在`ScriptableObjects\\StateMachine\\Protagonist\\Actions`文件夹中，我发现了一些与玩家重生相关的脚本，例如`RespawnPlayer.asset`。这可能意味着玩家重生位置的控制逻辑可能在这个文件夹中。接下来，我将进一步检查这个文件夹中的`RespawnPlayer.asset`文件，以确定它是否包含所需的信息。"
    }
}
2024-10-09 01:06:48,109 - INFO Retriever 0 - dict_keys(['deep_think'])
2024-10-09 01:06:48,109 - INFO Retriever 0 - Agent主脑给出的行动：deep_think
参数：{'thoughts': '根据对`SceneManagement`、`Gameplay`、`ScriptableObjects`、`Audio`和`UI`文件夹的检查，我未能直接找到关于玩家死亡后重生位置和玩家开局时初始位置控制的具体信息。然而，在`ScriptableObjects\\StateMachine\\Protagonist\\Actions`文件夹中，我发现了一些与玩家重生相关的脚本，例如`RespawnPlayer.asset`。这可能意味着玩家重生位置的控制逻辑可能在这个文件夹中。接下来，我将进一步检查这个文件夹中的`RespawnPlayer.asset`文件，以确定它是否包含所需的信息。', 'repeat_counter': 1, 'continue_think_counter': 1}
2024-10-09 01:06:48,110 - INFO Retriever 0 - Observer: 好的，请继续你的下一步行动或思考。
2024-10-09 01:06:52,456 - INFO Retriever 0 - Agent主脑给出的回答为：{
    "read_file": {
        "file_path": "D:\\Unity\\open-project-1-main\\UOP1_Project\\Assets\\ScriptableObjects\\StateMachine\\Protagonist\\Actions\\RespawnPlayer.asset"
    }
}
2024-10-09 01:06:52,457 - INFO Retriever 0 - 是否成功解析：True
2024-10-09 01:06:52,457 - INFO Retriever 0 - operation_type (__det_dir_action):
2024-10-09 01:06:52,457 - INFO Retriever 0 - read_file
2024-10-09 01:06:52,457 - INFO Retriever 0 - 

——————————————————————————————————————————————————————————————————————————————————————————————————————————————————————————
2024-10-09 01:06:52,458 - INFO Retriever 0 - Assistant:
2024-10-09 01:06:52,458 - INFO Retriever 0 - {
    "read_file": {
        "file_path": "D:\\Unity\\open-project-1-main\\UOP1_Project\\Assets\\ScriptableObjects\\StateMachine\\Protagonist\\Actions\\RespawnPlayer.asset"
    }
}
2024-10-09 01:06:52,458 - INFO Retriever 0 - dict_keys(['read_file'])
2024-10-09 01:06:52,458 - INFO Retriever 0 - Agent主脑给出的行动：read_file
参数：{'file_path': 'D:\\Unity\\open-project-1-main\\UOP1_Project\\Assets\\ScriptableObjects\\StateMachine\\Protagonist\\Actions\\RespawnPlayer.asset', 'top_path': 'D:\\Unity\\open-project-1-main\\UOP1_Project\\Assets', 'return_file_sum': <bound method TreeGenerationAction.return_file_sum of <Action.tree_gen_action.TreeGenerationAction object at 0x00000172932C33A0>>}
2024-10-09 01:06:52,462 - INFO Retriever 0 - Observer: 这是一个名为“RespawnPlayer.asset”的文件，该文件里的内容为：
MonoBehaviour:
  m_ObjectHideFlags: 0
  m_CorrespondingSourceObject:
    fileID: 0
  m_PrefabInstance:
    fileID: 0
  m_PrefabAsset:
    fileID: 0
  m_GameObject:
    fileID: 0
  m_Enabled: 1
  m_EditorHideFlags: 0
  m_Script:
    fileID: 11500000
    guid: e8f810032e585a345baf668d3aff0bf5
    type: 3
  m_Name: RespawnPlayer
  m_EditorClassIdentifier: None
  description: Raises an OnSceneReady event to trigger the player instantiation by SpawnSystem
  voidEvent:
    fileID: 11400000
    guid: b729e40fc41dd8b4ea7aaf5c857f7186
    type: 2
2024-10-09 01:06:56,427 - INFO Retriever 0 - Agent主脑给出的回答为：{
    "deep_think": {
        "thoughts": "根据读取到的`RespawnPlayer.asset`文件内容，该脚本似乎是一个Unity MonoBehaviour组件，它通过触发一个名为`OnSceneReady`的事件来触发玩家实例化。这表明玩家重生位置的设置可能是由`SpawnSystem`脚本来控制的，而`RespawnPlayer`脚本则负责在场景准备就绪时调用重生逻辑。为了找到玩家开局时的初始位置控制信息，我需要进一步检查`SpawnSystem`脚本以及它可能引用的其他资源或脚本。"
    }
}
2024-10-09 01:06:56,427 - INFO Retriever 0 - 是否成功解析：True
2024-10-09 01:06:56,427 - INFO Retriever 0 - operation_type (__det_dir_action):
2024-10-09 01:06:56,427 - INFO Retriever 0 - deep_think
2024-10-09 01:06:56,428 - INFO Retriever 0 - 

——————————————————————————————————————————————————————————————————————————————————————————————————————————————————————————
2024-10-09 01:06:56,428 - INFO Retriever 0 - Assistant:
2024-10-09 01:06:56,428 - INFO Retriever 0 - {
    "deep_think": {
        "thoughts": "根据读取到的`RespawnPlayer.asset`文件内容，该脚本似乎是一个Unity MonoBehaviour组件，它通过触发一个名为`OnSceneReady`的事件来触发玩家实例化。这表明玩家重生位置的设置可能是由`SpawnSystem`脚本来控制的，而`RespawnPlayer`脚本则负责在场景准备就绪时调用重生逻辑。为了找到玩家开局时的初始位置控制信息，我需要进一步检查`SpawnSystem`脚本以及它可能引用的其他资源或脚本。"
    }
}
2024-10-09 01:06:56,428 - INFO Retriever 0 - dict_keys(['deep_think'])
2024-10-09 01:06:56,429 - INFO Retriever 0 - Agent主脑给出的行动：deep_think
参数：{'thoughts': '根据读取到的`RespawnPlayer.asset`文件内容，该脚本似乎是一个Unity MonoBehaviour组件，它通过触发一个名为`OnSceneReady`的事件来触发玩家实例化。这表明玩家重生位置的设置可能是由`SpawnSystem`脚本来控制的，而`RespawnPlayer`脚本则负责在场景准备就绪时调用重生逻辑。为了找到玩家开局时的初始位置控制信息，我需要进一步检查`SpawnSystem`脚本以及它可能引用的其他资源或脚本。', 'repeat_counter': 1, 'continue_think_counter': 1}
2024-10-09 01:06:56,429 - INFO Retriever 0 - Observer: 好的，请继续你的下一步行动或思考。
2024-10-09 01:06:59,381 - INFO Retriever 0 - Agent主脑给出的回答为：{
    "get_folder_info": {
        "target_folder_path": "D:\\Unity\\open-project-1-main\\UOP1_Project\\Assets\\Scripts\\Gameplay"
    }
}
2024-10-09 01:06:59,381 - INFO Retriever 0 - 是否成功解析：True
2024-10-09 01:06:59,381 - INFO Retriever 0 - operation_type (__det_dir_action):
2024-10-09 01:06:59,382 - INFO Retriever 0 - get_folder_info
2024-10-09 01:06:59,382 - INFO Retriever 0 - 

——————————————————————————————————————————————————————————————————————————————————————————————————————————————————————————
2024-10-09 01:06:59,382 - INFO Retriever 0 - Assistant:
2024-10-09 01:06:59,382 - INFO Retriever 0 - {
    "get_folder_info": {
        "target_folder_path": "D:\\Unity\\open-project-1-main\\UOP1_Project\\Assets\\Scripts\\Gameplay"
    }
}
2024-10-09 01:06:59,382 - INFO Retriever 0 - dict_keys(['get_folder_info'])
2024-10-09 01:06:59,383 - INFO Retriever 0 - Agent主脑给出的行动：get_folder_info
参数：{'target_folder_path': 'D:\\Unity\\open-project-1-main\\UOP1_Project\\Assets\\Scripts\\Gameplay'}
2024-10-09 01:06:59,438 - INFO Retriever 0 - Observer: 目标文件夹路径：D:\Unity\open-project-1-main\UOP1_Project\Assets\Scripts\Gameplay
文件结构树（该结构树可能不完整，仅返回深度小于等于1层的子文件以及文件夹）：
├── GameManager.cs
├── GameStateSO.cs
├── SpawnSystem.cs


其中，部分主要文件及文件夹的信息如下：
1. Gameplay
# 路径:D:/Unity/open-project-1-main/UOP1_Project\Assets\Scripts\Gameplay
# 内容概述:## 文件夹内容精简总结

“Gameplay”文件夹汇集了Unity游戏开发的核心脚本，包括`GameManager.cs`用于管理游戏状态和事件，`GameStateSO.cs`负责跟踪和管理游戏状态变化，以及`SpawnSystem.cs`负责玩家的生成逻辑。这些脚本相互协作，共同构成了游戏的核心功能框架。

2. GameManager.cs
# 路径:D:/Unity/open-project-1-main/UOP1_Project\Assets\Scripts\Gameplay\GameManager.cs
# 内容概述:`GameManager.cs` 是一个Unity游戏组件，负责游戏初始化和状态管理。它初始化游戏状态，注册事件监听器以响应特定事件（如添加配方到库存），并在游戏开始时启动游戏。主要功能模块包括初始化、事件处理和游戏启动。它定义了`StartGame`来启动游戏，以及`AddRockCandyRecipe`、`AddSweetDoughRecipe`和`AddFinalRecipes`来分别添加特定物品到库存。此外，`OnEnable`和`OnDisable`方法用于管理事件监听器的注册和注销。

3. GameStateSO.cs
# 路径:D:/Unity/open-project-1-main/UOP1_Project\Assets\Scripts\Gameplay\GameStateSO.cs
# 内容概述:该脚本定义了`GameStateSO`类，用于管理Unity游戏中的状态转换。它包含游戏状态枚举，支持如游戏进行、暂停、库存等状态，并能够处理战斗状态的触发。类中实现了添加和移除警告敌人的功能，以及更新和重置游戏状态的方法，确保在状态变化时能够触发相应的事件，从而实现状态间的平滑过渡。

4. SpawnSystem.cs
# 路径:D:/Unity/open-project-1-main/UOP1_Project\Assets\Scripts\Gameplay\SpawnSystem.cs
# 内容概述:该脚本定义了 `SpawnSystem` 类，负责管理玩家在游戏场景中的生成逻辑。它通过引用输入读取器、玩家预制体、变换锚点等资源，并在场景准备就绪时触发玩家的生成。`SpawnSystem` 在初始化时收集所有可能的生成点，并在场景激活时根据玩家的路径选择合适的生成位置来实例化玩家。此外，它还处理了事件订阅和取消订阅，确保在启用和禁用时的正确行为。


2024-10-09 01:07:02,466 - INFO Retriever 0 - Agent主脑给出的回答为：{
    "read_file": {
        "file_path": "D:\\Unity\\open-project-1-main\\UOP1_Project\\Assets\\Scripts\\Gameplay\\SpawnSystem.cs"
    }
}
2024-10-09 01:07:02,466 - INFO Retriever 0 - 是否成功解析：True
2024-10-09 01:07:02,467 - INFO Retriever 0 - operation_type (__det_dir_action):
2024-10-09 01:07:02,467 - INFO Retriever 0 - read_file
2024-10-09 01:07:02,467 - INFO Retriever 0 - 

——————————————————————————————————————————————————————————————————————————————————————————————————————————————————————————
2024-10-09 01:07:02,467 - INFO Retriever 0 - Assistant:
2024-10-09 01:07:02,467 - INFO Retriever 0 - {
    "read_file": {
        "file_path": "D:\\Unity\\open-project-1-main\\UOP1_Project\\Assets\\Scripts\\Gameplay\\SpawnSystem.cs"
    }
}
2024-10-09 01:07:02,468 - INFO Retriever 0 - dict_keys(['read_file'])
2024-10-09 01:07:02,468 - INFO Retriever 0 - Agent主脑给出的行动：read_file
参数：{'file_path': 'D:\\Unity\\open-project-1-main\\UOP1_Project\\Assets\\Scripts\\Gameplay\\SpawnSystem.cs', 'top_path': 'D:\\Unity\\open-project-1-main\\UOP1_Project\\Assets', 'return_file_sum': <bound method TreeGenerationAction.return_file_sum of <Action.tree_gen_action.TreeGenerationAction object at 0x00000172932C33A0>>}
2024-10-09 01:07:02,509 - INFO Retriever 0 - Observer: 这是一个名为“SpawnSystem.cs”的文件，该文件里的内容为：
由于脚本文件内容过长，暂时仅给出该脚本文件的内容总结:
- ### 脚本内容总结

#### 1. 总体概述
- **框架和模块化结构**：脚本定义了一个名为 `SpawnSystem` 的类，该类继承自 `MonoBehaviour`，用于管理玩家的生成逻辑。
- **主要功能和目标**：脚本的主要功能是在场景准备好时，根据玩家的路径选择合适的生成位置，并实例化玩家预制体。

#### 2. 模块和功能
- **模块**：
  - **Asset References**：引用输入读取器、玩家预制体、变换锚点、事件通道和路径存储。
  - **Scene Ready Event**：场景准备就绪事件。
  - **Spawn Logic**：生成玩家的逻辑。
- **功能**：
  - 查找场景中的生成点。
  - 根据玩家的路径选择生成位置。
  - 实例化玩家预制体。
  - 通知其他系统玩家已生成。

#### 3. 类和函数
- **类**：
  - `SpawnSystem`：管理玩家生成的类。
- **函数**：
  - `Awake()`：初始化时调用，查找所有 `LocationEntrance` 对象和默认生成点。
  - `OnEnable()`：启用时调用，订阅场景准备就绪事件。
  - `OnDisable()`：禁用时调用，取消订阅场景准备就绪事件并重置变换锚点。
  - `GetSpawnLocation()`：获取生成位置。
  - `SpawnPlayer()`：根据场景准备就绪事件生成玩家。

#### 4. 实现逻辑
- **逻辑流程**：
  1. 在 `Awake()` 中初始化生成点。
  2. 在 `OnEnable()` 中订阅场景准备就绪事件。
  3. 当场景准备就绪事件被触发时，`SpawnPlayer()` 被调用。
  4. `SpawnPlayer()` 获取生成位置，实例化玩家预制体，并通知其他系统。
  5. 在 `OnDisable()` 中取消订阅事件并重置变换锚点。
2024-10-09 01:07:16,417 - INFO Retriever 0 - Agent主脑给出的回答为：{
    "deep_think": {
        "thoughts": "根据对`SpawnSystem.cs`脚本的读取，我了解到该脚本负责管理玩家在游戏场景中的生成逻辑，包括查找生成点、选择生成位置以及实例化玩家预制体。虽然脚本内容较长，但根据内容总结，我们可以看出`SpawnSystem`类在`Awake()`方法中初始化生成点，并在`OnEnable()`方法中订阅场景准备就绪事件。当场景准备就绪事件被触发时，`SpawnPlayer()`方法会被调用，该方法会获取生成位置并实例化玩家预制体。这表明玩家开局时的初始位置和玩家死亡后的重生位置可能是由`SpawnSystem`脚本控制的。为了进一步确认，我需要检查`SpawnSystem`脚本中`GetSpawnLocation()`方法的实现细节，以确定玩家重生位置的具体设置。"
    }
}
2024-10-09 01:07:16,417 - INFO Retriever 0 - 是否成功解析：True
2024-10-09 01:07:16,417 - INFO Retriever 0 - operation_type (__det_dir_action):
2024-10-09 01:07:16,418 - INFO Retriever 0 - deep_think
2024-10-09 01:07:16,418 - INFO Retriever 0 - 

——————————————————————————————————————————————————————————————————————————————————————————————————————————————————————————
2024-10-09 01:07:16,418 - INFO Retriever 0 - Assistant:
2024-10-09 01:07:16,418 - INFO Retriever 0 - {
    "deep_think": {
        "thoughts": "根据对`SpawnSystem.cs`脚本的读取，我了解到该脚本负责管理玩家在游戏场景中的生成逻辑，包括查找生成点、选择生成位置以及实例化玩家预制体。虽然脚本内容较长，但根据内容总结，我们可以看出`SpawnSystem`类在`Awake()`方法中初始化生成点，并在`OnEnable()`方法中订阅场景准备就绪事件。当场景准备就绪事件被触发时，`SpawnPlayer()`方法会被调用，该方法会获取生成位置并实例化玩家预制体。这表明玩家开局时的初始位置和玩家死亡后的重生位置可能是由`SpawnSystem`脚本控制的。为了进一步确认，我需要检查`SpawnSystem`脚本中`GetSpawnLocation()`方法的实现细节，以确定玩家重生位置的具体设置。"
    }
}
2024-10-09 01:07:16,419 - INFO Retriever 0 - dict_keys(['deep_think'])
2024-10-09 01:07:16,419 - INFO Retriever 0 - Agent主脑给出的行动：deep_think
参数：{'thoughts': '根据对`SpawnSystem.cs`脚本的读取，我了解到该脚本负责管理玩家在游戏场景中的生成逻辑，包括查找生成点、选择生成位置以及实例化玩家预制体。虽然脚本内容较长，但根据内容总结，我们可以看出`SpawnSystem`类在`Awake()`方法中初始化生成点，并在`OnEnable()`方法中订阅场景准备就绪事件。当场景准备就绪事件被触发时，`SpawnPlayer()`方法会被调用，该方法会获取生成位置并实例化玩家预制体。这表明玩家开局时的初始位置和玩家死亡后的重生位置可能是由`SpawnSystem`脚本控制的。为了进一步确认，我需要检查`SpawnSystem`脚本中`GetSpawnLocation()`方法的实现细节，以确定玩家重生位置的具体设置。', 'repeat_counter': 1, 'continue_think_counter': 1}
2024-10-09 01:07:16,419 - INFO Retriever 0 - Observer: 好的，请继续你的下一步行动或思考。
2024-10-09 01:07:22,228 - INFO Retriever 0 - Agent主脑给出的回答为：{
    "read_long_details": {
        "file_path": "D:\\Unity\\open-project-1-main\\UOP1_Project\\Assets\\Scripts\\Gameplay\\SpawnSystem.cs"
    }
}
2024-10-09 01:07:22,228 - INFO Retriever 0 - 是否成功解析：True
2024-10-09 01:07:22,228 - INFO Retriever 0 - operation_type (__det_dir_action):
2024-10-09 01:07:22,229 - INFO Retriever 0 - read_long_details
2024-10-09 01:07:22,229 - INFO Retriever 0 - 

——————————————————————————————————————————————————————————————————————————————————————————————————————————————————————————
2024-10-09 01:07:22,229 - INFO Retriever 0 - Assistant:
2024-10-09 01:07:22,229 - INFO Retriever 0 - {
    "read_long_details": {
        "file_path": "D:\\Unity\\open-project-1-main\\UOP1_Project\\Assets\\Scripts\\Gameplay\\SpawnSystem.cs"
    }
}
2024-10-09 01:07:22,229 - INFO Retriever 0 - dict_keys(['read_long_details'])
2024-10-09 01:07:22,231 - INFO Retriever 0 - Agent主脑给出的行动：read_long_details
参数：{'file_path': 'D:\\Unity\\open-project-1-main\\UOP1_Project\\Assets\\Scripts\\Gameplay\\SpawnSystem.cs', 'top_path': 'D:\\Unity\\open-project-1-main\\UOP1_Project\\Assets', 'return_file_sum': <bound method TreeGenerationAction.return_file_sum of <Action.tree_gen_action.TreeGenerationAction object at 0x00000172932C33A0>>}
2024-10-09 01:07:22,231 - INFO Retriever 0 - Observer: 这是一个名为“SpawnSystem.cs”的文件，该文件里的内容为：
 1|﻿using System;
 2|using System.Linq;
 3|using UnityEngine;
 4|
 5|public class SpawnSystem : MonoBehaviour
 6|{
 7|	[Header("Asset References")]
 8|	[SerializeField] private InputReader _inputReader = default;
 9|	[SerializeField] private Protagonist _playerPrefab = default;
10|	[SerializeField] private TransformAnchor _playerTransformAnchor = default;
11|	[SerializeField] private TransformEventChannelSO _playerInstantiatedChannel = default;
12|	[SerializeField] private PathStorageSO _pathTaken = default;
13|
14|	[Header("Scene Ready Event")]
15|	[SerializeField] private VoidEventChannelSO _onSceneReady = default; //Raised by SceneLoader when the scene is set to active
16|
17|	private LocationEntrance[] _spawnLocations;
18|	private Transform _defaultSpawnPoint;
19|
20|	private void Awake()
21|	{
22|		_spawnLocations = GameObject.FindObjectsOfType<LocationEntrance>();
23|		_defaultSpawnPoint = transform.GetChild(0);
24|	}
25|
26|	private void OnEnable()
27|	{
28|		_onSceneReady.OnEventRaised += SpawnPlayer;
29|	}
30|
31|	private void OnDisable()
32|	{
33|		_onSceneReady.OnEventRaised -= SpawnPlayer;
34|
35|		_playerTransformAnchor.Unset();
36|	}
37|
38|	private Transform GetSpawnLocation()
39|	{
40|		if (_pathTaken == null)
41|			return _defaultSpawnPoint;
42|
43|		//Look for the element in the available LocationEntries that matches tha last PathSO taken
44|		int entranceIndex = Array.FindIndex(_spawnLocations, element =>
45|			element.EntrancePath == _pathTaken.lastPathTaken );
46|
47|		if (entranceIndex == -1)
48|		{
49|			Debug.LogWarning("The player tried to spawn in an LocationEntry that doesn't exist, returning the default one.");
50|			return _defaultSpawnPoint;
51|		}
52|		else
53|			return _spawnLocations[entranceIndex].transform;
54|	}
55|
56|	private void SpawnPlayer()
57|	{
58|		Transform spawnLocation = GetSpawnLocation();
59|		Protagonist playerInstance = Instantiate(_playerPrefab, spawnLocation.position, spawnLocation.rotation);
60|
61|		_playerInstantiatedChannel.RaiseEvent(playerInstance.transform);
62|		_playerTransformAnchor.Provide(playerInstance.transform); //the CameraSystem will pick this up to frame the player
63|
64|		//TODO: Probably move this to the GameManager once it's up and running
65|		_inputReader.EnableGameplayInput();
66|	}
67|}

2024-10-09 01:07:35,507 - INFO Retriever 0 - Agent主脑给出的回答为：{
    "deep_think": {
        "thoughts": "通过详细阅读`SpawnSystem.cs`脚本，我了解到`GetSpawnLocation()`方法负责获取玩家重生位置。如果`_pathTaken`变量不为空，它会查找与玩家最后走过的路径相匹配的`LocationEntrance`对象，并返回该对象的变换。如果找不到匹配的`LocationEntrance`，则返回默认的生成点。这表明玩家死亡后的重生位置是基于玩家最后走过的路径来确定的。如果玩家没有走过任何路径，或者最后走过的路径没有对应的`LocationEntrance`，则玩家会在默认位置重生。此外，`SpawnPlayer()`方法会在场景准备就绪时被调用，它使用`GetSpawnLocation()`方法获取重生位置，并实例化玩家预制体。因此，玩家开局时的初始位置和玩家死亡后的重生位置都是由`SpawnSystem`脚本控制的。"
    }
}
2024-10-09 01:07:35,507 - INFO Retriever 0 - 是否成功解析：True
2024-10-09 01:07:35,507 - INFO Retriever 0 - operation_type (__det_dir_action):
2024-10-09 01:07:35,508 - INFO Retriever 0 - deep_think
2024-10-09 01:07:35,508 - INFO Retriever 0 - 

——————————————————————————————————————————————————————————————————————————————————————————————————————————————————————————
2024-10-09 01:07:35,508 - INFO Retriever 0 - Assistant:
2024-10-09 01:07:35,508 - INFO Retriever 0 - {
    "deep_think": {
        "thoughts": "通过详细阅读`SpawnSystem.cs`脚本，我了解到`GetSpawnLocation()`方法负责获取玩家重生位置。如果`_pathTaken`变量不为空，它会查找与玩家最后走过的路径相匹配的`LocationEntrance`对象，并返回该对象的变换。如果找不到匹配的`LocationEntrance`，则返回默认的生成点。这表明玩家死亡后的重生位置是基于玩家最后走过的路径来确定的。如果玩家没有走过任何路径，或者最后走过的路径没有对应的`LocationEntrance`，则玩家会在默认位置重生。此外，`SpawnPlayer()`方法会在场景准备就绪时被调用，它使用`GetSpawnLocation()`方法获取重生位置，并实例化玩家预制体。因此，玩家开局时的初始位置和玩家死亡后的重生位置都是由`SpawnSystem`脚本控制的。"
    }
}
2024-10-09 01:07:35,508 - INFO Retriever 0 - dict_keys(['deep_think'])
2024-10-09 01:07:35,509 - INFO Retriever 0 - Agent主脑给出的行动：deep_think
参数：{'thoughts': '通过详细阅读`SpawnSystem.cs`脚本，我了解到`GetSpawnLocation()`方法负责获取玩家重生位置。如果`_pathTaken`变量不为空，它会查找与玩家最后走过的路径相匹配的`LocationEntrance`对象，并返回该对象的变换。如果找不到匹配的`LocationEntrance`，则返回默认的生成点。这表明玩家死亡后的重生位置是基于玩家最后走过的路径来确定的。如果玩家没有走过任何路径，或者最后走过的路径没有对应的`LocationEntrance`，则玩家会在默认位置重生。此外，`SpawnPlayer()`方法会在场景准备就绪时被调用，它使用`GetSpawnLocation()`方法获取重生位置，并实例化玩家预制体。因此，玩家开局时的初始位置和玩家死亡后的重生位置都是由`SpawnSystem`脚本控制的。', 'repeat_counter': 1, 'continue_think_counter': 1}
2024-10-09 01:07:35,509 - INFO Retriever 0 - Observer: 好的，请继续你的下一步行动或思考。
2024-10-09 01:07:38,680 - INFO Retriever 0 - Agent主脑给出的回答为：{
    "finish": "我已完成你所给出的任务需求，请你进行确认"
}
2024-10-09 01:07:38,681 - INFO Retriever 0 - 是否成功解析：True
2024-10-09 01:07:38,681 - INFO Retriever 0 - operation_type (__det_dir_action):
2024-10-09 01:07:38,681 - INFO Retriever 0 - finish
2024-10-09 01:07:38,681 - INFO Retriever 0 - 

——————————————————————————————————————————————————————————————————————————————————————————————————————————————————————————
2024-10-09 01:07:38,681 - INFO Retriever 0 - Assistant:
2024-10-09 01:07:38,682 - INFO Retriever 0 - {
    "finish": "我已完成你所给出的任务需求，请你进行确认"
}
2024-10-09 01:07:38,682 - INFO Retriever 0 - dict_keys(['finish'])
2024-10-09 01:07:38,682 - INFO Retriever 0 - ——————————————————————————————————— 任务结束 ———————————————————————————————————
2024-10-09 01:08:10,602 - INFO Retriever 0 - -------------------------Task Report-----------------------
2024-10-09 01:08:10,602 - INFO Retriever 0 - * 文件一：
    * 文件绝对路径：D:\Unity\open-project-1-main\UOP1_Project\Assets\Scripts\SceneManagement\SpawnSystem.cs
    * 文件内容概述：该脚本定义了`SpawnSystem`类，负责管理玩家在游戏场景中的生成逻辑。它通过引用输入读取器、玩家预制体、变换锚点等资源，并在场景准备就绪时触发玩家的生成。`SpawnSystem`在初始化时收集所有可能的生成点，并在场景激活时根据玩家的路径选择合适的生成位置来实例化玩家。此外，它还处理了事件订阅和取消订阅，确保在启用和禁用时的正确行为。
    * 该文件与问题目标之间的关联性：`SpawnSystem`脚本负责玩家的生成逻辑，包括玩家开局时的初始位置和玩家死亡后的重生位置。它通过`GetSpawnLocation()`方法确定重生位置，该方法会根据玩家最后走过的路径选择合适的生成位置。因此，该脚本直接关联到问题目标。

* 文件二：
    * 文件绝对路径：D:\Unity\open-project-1-main\UOP1_Project\Assets\Scripts\Gameplay\SpawnSystem.cs
    * 文件内容概述：该脚本定义了`SpawnSystem`类，负责管理玩家在游戏场景中的生成逻辑。它通过引用输入读取器、玩家预制体、变换锚点等资源，并在场景准备就绪时触发玩家的生成。`SpawnSystem`在初始化时收集所有可能的生成点，并在场景激活时根据玩家的路径选择合适的生成位置来实例化玩家。此外，它还处理了事件订阅和取消订阅，确保在启用和禁用时的正确行为。
    * 该文件与问题目标之间的关联性：与文件一相同，`SpawnSystem`脚本负责玩家的生成逻辑，包括玩家开局时的初始位置和玩家死亡后的重生位置。它通过`GetSpawnLocation()`方法确定重生位置，该方法会根据玩家最后走过的路径选择合适的生成位置。因此，该脚本直接关联到问题目标。

* 文件三：
    * 文件绝对路径：D:\Unity\open-project-1-main\UOP1_Project\Assets\ScriptableObjects\StateMachine\Protagonist\Actions\RespawnPlayer.asset
    * 文件内容概述：该文件定义了一个Unity脚本，名为“RespawnPlayer”，其功能是在场景准备好时通过触发事件由SpawnSystem实例化玩家。脚本具备基本属性，如启用状态，并关联了一个名为voidEvent的事件以实现这一功能。
    * 该文件与问题目标之间的关联性：`RespawnPlayer.asset`脚本负责在场景准备好时触发玩家实例化的事件，这表明它可能与玩家重生位置的控制逻辑相关。虽然该脚本本身不直接设置重生位置，但它触发了`SpawnSystem`脚本来执行重生逻辑，因此间接关联到问题目标。

以上是本次项目文件搜索过程中搜索到的所有与问题目标相关的文件及其内容概述，以及它们与问题目标之间可能的关联性。
2024-10-09 01:08:10,603 - INFO Retriever 0 - 
Token Consuming:210377

2024-10-09 01:08:10,603 - INFO Retriever 0 - 
history rounds:19

