2024-10-09 01:05:52,516 - INFO Retriever 0 - Init Retriever.
2024-10-09 01:06:04,737 - INFO Retriever 0 - keywords:“revival”，“location”，“重生”，“初始”，“开始”，“initial position”，“player dying”，“玩家死亡”，“ UIControl”，“control”，“player death”，“初始位置”，“控制”，“玩家”，“death”，“dying”，“player”，“position”，“死亡”，“reincarnation”，“重生位置”，“initial”，“位置”
2024-10-09 01:06:04,737 - INFO Retriever 0 - deep_think_conent
:在获取了项目文件的顶层结构后，我还需要结合待查询的问题描述，对于项目中的文件和目录进行一些深度关键词检索。根据任务描述：“请在D:\Unity\open-project-1-main\UOP1_Project\Assets下各级目录中寻找：游戏中玩家死亡后重生的位置以及玩家开局时的初始位置控制在那里？”，我总结出如下可能会出现在各个文件名或者文件内容中的关键词：“revival”，“location”，“重生”，“初始”，“开始”，“initial position”，“player dying”，“玩家死亡”，“ UIControl”，“control”，“player death”，“初始位置”，“控制”，“玩家”，“death”，“dying”，“player”，“position”，“死亡”，“reincarnation”，“重生位置”，“initial”，“位置”。
接下来，我将使用retrieve_keywords操作，在项目顶层路径“D:\Unity\open-project-1-main\UOP1_Project\Assets”下检索这些关键词，从而大致把握可能与问题描述相关的文件或目录的路径。
2024-10-09 01:06:04,741 - INFO Retriever 0 - ——————————————————————————————————————————————————————————————————————————————————————————————————————————————————————————
2024-10-09 01:06:04,742 - INFO Retriever 0 - Assistant:
2024-10-09 01:06:04,742 - INFO Retriever 0 - {
    "deep_think": {
        "thoughts": "好的，接下来我将通过深度思考、仔细计划以及逐步执行的方式，来完成该任务。\n\n首先，在阅读详细的代码细节之前，应该先整体把握整个项目。\n\n在提供的可选的action中，可以通过get_folder_info操作，通过将项目顶层路径作为target_folder_path参数进行传入，来获取获取项目中主要文件夹和主要文件的描述，从而能够先大致把握项目文件的主要文件的文件树结构、基本内容、主要代码概述以及大致功能板块的分布。"
    }
}
2024-10-09 01:06:04,742 - INFO Retriever 0 - 
Observer:
2024-10-09 01:06:04,742 - INFO Retriever 0 - 好的，请继续你的下一步行动或思考。
2024-10-09 01:06:04,742 - INFO Retriever 0 - 
2024-10-09 01:06:04,767 - INFO Retriever 0 - ——————————————————————————————————————————————————————————————————————————————————————————————————————————————————————————
2024-10-09 01:06:04,767 - INFO Retriever 0 - Assistant:
2024-10-09 01:06:04,768 - INFO Retriever 0 - {
    "get_folder_info": {
        "target_folder_path": "D:\\Unity\\open-project-1-main\\UOP1_Project\\Assets"
    }
}
2024-10-09 01:06:04,768 - INFO Retriever 0 - 
Observer:
2024-10-09 01:06:04,768 - INFO Retriever 0 - 目标文件夹路径：D:\Unity\open-project-1-main\UOP1_Project\Assets
文件结构树（该结构树可能不完整，仅返回深度小于等于1层的子文件以及文件夹）：
├── .DS_Store
├── Addons
│   ├── DOTween
│   ├── TextMeshPro
├── AddressableAssetsData
│   ├── AddressableAssetSettings.asset
│   ├── AssetGroupTemplates
│   ├── AssetGroups
│   ├── DataBuilders
│   ├── DefaultObject.asset
│   ├── Windows
├── Art
│   ├── Accessories
│   ├── Characters
│   ...
│   ├── UI
├── Audio
│   ├── Music
│   ├── SFX
├── Cutscenes
│   ├── AudioTests.playable
│   ├── BeachCandyCutscene.playable
│   ...
│   ├── TownCutscene.playable
├── LocalizationFiles
│   ├── .DS_Store
│   ├── AssetTables
│   ├── GoogleSheetService_ChopChop.asset
│   ├── Locales
│   ├── LocalizationSettings.asset
├── Prefabs
│   ├── Accessories
│   ├── Audio
│   ...
│   ├── _SceneChunks
├── ProBuilder Data
│   ├── Default Color Palette.asset
│   ├── Default Material Palette.asset
├── Scenes
│   ├── Examples
│   ├── Locations
│   ├── Managers
│   ├── Menus
│   ├── WIP
│   ├── Whiteboxing
├── ScriptableObjects
│   ├── Audio
│   ├── Configs
│   ...
│   ├── StateMachine
├── Scripts
│   ├── Animation
│   ├── Audio
│   ...
│   ├── UI
├── Settings
│   ├── Audio
│   ├── Graphics
│   ├── Input
│   ├── LightBakingSettings
│   ├── Presets
├── Shaders
│   ├── AggroEffect.shadergraph
│   ├── CustomHLSL
│   ...
│   ├── Water_Sea.shadergraph
├── TextData
│   ├── ContributorsList.txt
├── Tutorials
│   ├── Icons
│   ├── Images
│   ├── TutorialProjectSettings.asset
│   ├── TutorialWelcomePage.asset
│   ├── Tutorials.asset
├── WIP
│   ├── Materials
│   ├── Prefabs
│   ├── SourceFiles
│   ├── Textures


其中，部分主要文件及文件夹的信息如下：
1. Assets
# 路径:D:/Unity/open-project-1-main/UOP1_Project\Assets
# 内容概述:“Assets”文件夹汇集了Unity游戏开发所需的多种资源，包括动画、文本处理、音频、艺术资产、场景和脚本等。其中，“Addons”子文件夹提供了DOTween和TextMeshPro等插件，分别用于动画和文本渲染；“AddressableAssetsData”则专注于资源管理和配置；“Art”包含3D模型、动画和视觉效果等创意资源；“Audio”提供背景音乐和声音效果；“Cutscenes”包含剧情相关文件；“LocalizationFiles”支持多语言本地化；“Prefabs”提供可复用的游戏对象；“Scenes”涉及场景设计和导航；“ScriptableObjects”存储游戏配置；“Scripts”包含脚本文件；“Settings”管理音频、图形和输入设置；“Shaders”提供自定义着色器；“TextData”记录项目贡献者；“Tutorials”提供开发指导；“WIP”存放开发中的资源。整体上，这些文件夹和文件协同工作，构成了一个完整且功能丰富的游戏开发环境。

2. Addons
# 路径:D:/Unity/open-project-1-main/UOP1_Project\Assets\Addons
# 内容概述:“Addons”文件夹汇集了两个Unity插件：DOTween和TextMeshPro。DOTween提供全面的动画和缓动解决方案，包含编辑器工具和模块化脚本，旨在增强Unity中的动画效果。TextMeshPro则专注于文本渲染和视觉效果，提供丰富的字体资源、样式表和表情符号，以丰富游戏中的文本显示。两个插件均附有详细的使用说明和许可协议，旨在为Unity开发者提供高效的内容创作工具。

3. AddressableAssetsData
# 路径:D:/Unity/open-project-1-main/UOP1_Project\Assets\AddressableAssetsData
# 内容概述:### 简化版文件夹内容总结

“AddressableAssetsData”文件夹是Unity游戏开发的核心资源管理区域，汇集了资源打包模板、详细配置文件、脚本组件以及操作系统相关状态文件。它包括资源管理模板（AssetGroupTemplates）、资源与场景管理配置（AssetGroups）、脚本配置（DataBuilders）、操作系统资源状态文件（Windows和OSX），以及可寻址资源设置（AddressableAssetSettings.asset）和默认对象配置（DefaultObject.asset）。这些文件和文件夹协同工作，确保了游戏资源的有效管理和优化。

4. Art
# 路径:D:/Unity/open-project-1-main/UOP1_Project\Assets\Art
# 内容概述:“Art”文件夹汇集了丰富多样的创意资源，包括3D模型、动画、字体、视觉效果和用户界面设计等，适用于游戏开发、动画制作和视觉设计。其中，**Accessories** 和 **Characters** 提供了丰富的角色和道具模型，**Effects** 包含了用于特效制作的资源，**Font** 提供了字体设计和智能合约代码，**Items** 和 **Nature** 则专注于游戏和动画中的物品和自然景观设计。此外，**Materials**、**Skybox**、**Textures** 和 **UI** 分别提供了材质、环境纹理、用户界面元素等，共同构成了一个全面的艺术资源库。

5. Audio
# 路径:D:/Unity/open-project-1-main/UOP1_Project\Assets\Audio
# 内容概述:“Audio”文件夹汇集了音乐与声音效果两大类资源。其中，“Music”子文件夹专注于为游戏或多媒体项目中的不同场景提供定制背景音乐，包括海滩、森林、城镇等，以及一系列主题音乐和暂停菜单音乐。而“SFX”子文件夹则包含了丰富的声音效果，涵盖角色动作、厨房环境以及界面交互等，旨在增强多媒体项目的沉浸感和互动性。这两个子文件夹的资源相互配合，共同构建了项目的音频环境。

6. Cutscenes
# 路径:D:/Unity/open-project-1-main/UOP1_Project\Assets\Cutscenes
# 内容概述:### 文件夹内容总结

“Cutscenes”文件夹汇集了多种游戏剧情相关的可播放文件，包括海滩、镇子等场景的剧情片段，如开场、游戏结束等。这些文件与“Signals”文件夹中的信号文件协同工作，共同构建游戏的故事情节和动态事件。

7. LocalizationFiles
# 路径:D:/Unity/open-project-1-main/UOP1_Project\Assets\LocalizationFiles
# 内容概述:### 文件夹内容总结

“LocalizationFiles”文件夹汇集了Unity游戏开发所需的本地化资源和配置文件。其中，.DS_Store文件负责Mac系统文件夹个性化设置，而“Locales”子文件夹内包含多语言本地化资产，如英文、法语和意大利语设置。此外，GoogleSheetService_ChopChop.asset脚本组件用于与Google Sheets服务集成，而LocalizationSettings.asset则定义了游戏的本地化设置和格式化规则，确保游戏在不同语言环境下的正确显示。这些文件共同支撑起游戏的多语言功能和数据管理。

8. Prefabs
# 路径:D:/Unity/open-project-1-main/UOP1_Project\Assets\Prefabs
# 内容概述:“Prefabs”文件夹汇集了多样化的预制资源，专为游戏和虚拟现实项目设计。它包含角色装饰、音频管理、NPC与场景构建、动画场景、可收集物品、编辑器工具、视觉效果、食物与家具模型、UI界面、独特场景元素等预制件，旨在加速游戏开发流程，丰富游戏世界和角色设定，同时确保视觉和交互体验的丰富性。

9. ProBuilder Data
# 路径:D:/Unity/open-project-1-main/UOP1_Project\Assets\ProBuilder Data
# 内容概述:“ProBuilder Data”文件夹汇集了两个Unity游戏引擎相关资产文件：一个是“Default Color Palette.asset”，定义了15种默认颜色调色板，供游戏界面和视觉效果使用；另一个是“Default Material Palette.asset”，包含一个Unity材质调色板脚本组件，可能用于存储和应用颜色配置。这两个文件共同服务于游戏视觉设计。

10. Scenes
# 路径:D:/Unity/open-project-1-main/UOP1_Project\Assets\Scenes
# 内容概述:“Scenes”文件夹是Unity游戏开发的核心资源库，汇集了多样化的场景设计元素。其中，“Examples”展示了场景导航网络示例，“Locations”提供了多种场景的光照、反射和导航数据，“Menus”则专注于游戏菜单的光照效果。此外，“WIP”包含正在开发中的场景照明和导航设置，而“Whiteboxing”则涵盖了城镇景观和地图构建资源。整体上，这些文件夹相互关联，共同构建了游戏世界的视觉和功能框架。遗憾的是，“Managers”文件夹的具体内容尚未明确，其关联性分析有待进一步信息。

11. ScriptableObjects
# 路径:D:/Unity/open-project-1-main/UOP1_Project\Assets\ScriptableObjects
# 内容概述:“ScriptableObjects”文件夹是Unity游戏项目的核心配置中心，汇集了音频、游戏机制、对话、事件通道、游戏状态、输入管理、交互、库存、物品类型、路径、任务、运行时锚点、保存系统、场景数据和状态机等关键组件的配置文件。这些文件相互关联，共同支撑起游戏的基本机制和玩家体验，确保了从音效到游戏逻辑的每一部分都能无缝协作，为玩家提供连贯且丰富的游戏体验。

12. Scripts
# 路径:D:/Unity/open-project-1-main/UOP1_Project\Assets\Scripts
# 内容概述:“Scripts”文件夹是Unity游戏开发的核心，汇集了动画控制、音频管理、角色行为、摄像机操作、场景管理等关键脚本，旨在构建流畅的游戏体验。它还包含了对话系统、库存管理、用户界面、输入处理、交互逻辑等脚本，确保游戏交互丰富且直观。此外，文件夹内还涵盖了保存系统、状态机、系统设置、本地化工具以及编辑器辅助工具，以支持高效的游戏开发和资源管理。这些脚本相互协作，共同构成了一个功能全面、结构清晰的游戏开发框架。

13. Settings
# 路径:D:/Unity/open-project-1-main/UOP1_Project\Assets\Settings
# 内容概述:“Settings”文件夹汇集了游戏开发的关键配置文件，包括音频混合器设置、图形渲染和视觉效果配置、输入系统定义、光照烘焙参数以及预设导入设置。这些子文件夹（Audio、Graphics、Input、LightBakingSettings、Presets）分别针对音频处理、视觉效果、玩家交互、光照效果优化和文件导入优化，确保游戏在音效、视觉、操作和性能上的高质量体验。

14. Shaders
# 路径:D:/Unity/open-project-1-main/UOP1_Project\Assets\Shaders
# 内容概述:“Shaders”文件夹汇集了多种图形渲染和视觉效果资源，包括自定义着色器代码（如CustomHLSL中的自定义光照效果）、调试工具（如Debug文件夹中的顶点着色器调试）、以及一系列子图文件（如SubGraphs中的多种视觉效果子图）。此外，Unused文件夹包含了未使用的Unity项目资源，如自定义渲染脚本、水效果和ShaderGraph编辑文件。这些资源共同服务于图形渲染和视觉效果的开发，适用于游戏和视觉效果制作。

15. TextData
# 路径:D:/Unity/open-project-1-main/UOP1_Project\Assets\TextData
# 内容概述:“TextData”文件夹专注于存储项目贡献者信息，其中包含一个名为“ContributorsList.txt”的文件，记录了项目开发者和艺术家的名单及其角色。

16. Tutorials
# 路径:D:/Unity/open-project-1-main/UOP1_Project\Assets\Tutorials
# 内容概述:“Tutorials”文件夹汇集了Unity游戏开发的丰富资源，包括图标和图像设计文件，用于界面视觉元素。其中，**TutorialProjectSettings.asset** 配置了教程项目的初始场景和相机设置，而**TutorialWelcomePage.asset** 则创建了项目欢迎页面，介绍“Chop Chop”游戏并引导用户。此外，**Tutorials.asset** 提供了教程页面的详细配置，涵盖项目资源获取、讨论论坛、开发日志等，为开发者提供了全面的学习和参与途径。这些文件共同构成了一个完整的教学和资源支持体系，旨在辅助开发者深入学习和实践Unity游戏开发。

17. WIP
# 路径:D:/Unity/open-project-1-main/UOP1_Project\Assets\WIP
# 内容概述:“WIP”文件夹汇集了游戏开发所需的多媒体资源，包括用于场景设计的材质（如草地、天空盒等），预制体组件（如菜单、物体），以及图像素材和纹理（如国旗、地图纹理）。这些资源相互关联，共同构成了游戏世界的视觉和交互基础。

18. .DS_Store
# 路径:D:/Unity/open-project-1-main/UOP1_Project\Assets\.DS_Store
# 内容概述:这是一个名为“.DS_Store”的文件。


2024-10-09 01:06:04,771 - INFO Retriever 0 - 
2024-10-09 01:06:04,771 - INFO Retriever 0 - ——————————————————————————————————————————————————————————————————————————————————————————————————————————————————————————
2024-10-09 01:06:04,771 - INFO Retriever 0 - Assistant:
2024-10-09 01:06:04,771 - INFO Retriever 0 - {
    "deep_think": {
        "thoughts": "在获取了项目文件的顶层结构后，我还需要结合待查询的问题描述，对于项目中的文件和目录进行一些深度关键词检索。根据任务描述：“请在D:\\Unity\\open-project-1-main\\UOP1_Project\\Assets下各级目录中寻找：游戏中玩家死亡后重生的位置以及玩家开局时的初始位置控制在那里？”，我总结出如下可能会出现在各个文件名或者文件内容中的关键词：“revival”，“location”，“重生”，“初始”，“开始”，“initial position”，“player dying”，“玩家死亡”，“ UIControl”，“control”，“player death”，“初始位置”，“控制”，“玩家”，“death”，“dying”，“player”，“position”，“死亡”，“reincarnation”，“重生位置”，“initial”，“位置”。\n接下来，我将使用retrieve_keywords操作，在项目顶层路径“D:\\Unity\\open-project-1-main\\UOP1_Project\\Assets”下检索这些关键词，从而大致把握可能与问题描述相关的文件或目录的路径。"
    }
}
2024-10-09 01:06:04,772 - INFO Retriever 0 - 
Observer:
2024-10-09 01:06:04,772 - INFO Retriever 0 - 好的，请继续你的下一步行动或思考。
2024-10-09 01:06:04,772 - INFO Retriever 0 - 
2024-10-09 01:06:12,066 - INFO Retriever 0 - ——————————————————————————————————————————————————————————————————————————————————————————————————————————————————————————
2024-10-09 01:06:12,066 - INFO Retriever 0 - Assistant:
2024-10-09 01:06:12,067 - INFO Retriever 0 - {
    "retrieve_keywords": {
        "top_path": "D:\\Unity\\open-project-1-main\\UOP1_Project\\Assets",
        "key_word_list": [
            "revival",
            "location",
            "重生",
            "初始",
            "开始",
            "initial position",
            "player dying",
            "玩家死亡",
            " UIControl",
            "control",
            "player death",
            "初始位置",
            "控制",
            "玩家",
            "death",
            "dying",
            "player",
            "position",
            "死亡",
            "reincarnation",
            "重生位置",
            "initial",
            "位置"
        ]
    }
}
2024-10-09 01:06:12,067 - INFO Retriever 0 - 
Observer:
2024-10-09 01:06:12,067 - INFO Retriever 0 - 根据你提供的关键词，我检索到以下目录或文件，它们的绝对路径如下：
1. D:\Unity\open-project-1-main\UOP1_Project\Assets\Scripts\Characters
“Characters”文件夹汇集了Unity游戏开发中角色相关的脚本资源，包括角色配置（如攻击、奖励、效果和NPC移动）、状态机逻辑、音频处理以及角色行为控制。文件夹内分为多个子目录，如Config存储角色配置脚本，StateMachine包含构建游戏逻辑的脚本，Audio则专注于角色音效。此外，Attack、Attacker、Critter等脚本负责角色具体行为，而NPC、Protagonist等则涉及角色状态和交互。整体上，这些脚本相互协作，共同构成了游戏中的角色系统。

2. D:\Unity\open-project-1-main\UOP1_Project\Assets\Addons\DOTween\Modules
“Modules”文件夹汇集了DOTween插件的核心脚本，旨在为Unity游戏开发提供丰富的动画功能。包含的脚本如`DOTweenModuleAudio.cs`专注于音频动画处理，`DOTweenModulePhysics.cs`和`DOTweenModulePhysics2D.cs`分别针对2D和3D物理对象的动画，而`DOTweenModuleSprite.cs`和`DOTweenModuleUI.cs`则分别处理SpriteRenderer和UI组件的动画。此外，`DOTweenModuleUnityVersion.cs`适配不同Unity版本，提供材质和自定义YieldInstructions动画，`DOTweenModuleUtils.cs`则提供模块初始化和配置工具。这些脚本相互协作，共同构成了DOTween动画库的强大功能体系。

3. D:\Unity\open-project-1-main\UOP1_Project\Assets\Scripts\SceneManagement
“SceneManagement”文件夹汇集了Unity游戏开发的核心脚本，旨在高效管理游戏场景与设置。其中，ScriptableObjects子文件夹封装了游戏场景、位置、菜单等数据，通过继承基类实现通用场景管理功能。FallCatcher、InitializationLoader、LocationEntrance、LocationExit等脚本分别处理玩家碰撞、游戏初始化、位置入口与出口逻辑。SceneLoader负责场景的异步加载与卸载，而StartGame则管理游戏开始流程，包括新游戏和继续游戏选项。整体上，这些脚本协同工作，确保游戏场景的流畅切换和玩家交互的顺畅进行。

4. D:\Unity\open-project-1-main\UOP1_Project\Assets\Scripts\Input
## 文件夹内容精简总结
该“Input”文件夹汇集了游戏输入管理脚本，包含`GameInput.cs`和`InputReader.cs`两个关键文件。`GameInput.cs`定义了`@GameInput`类，负责处理游戏输入，包括玩法、菜单、对话和作弊等模块，并实现了资源管理。`InputReader.cs`则继承自`DescriptionBaseSO`，实现了对游戏输入事件的管理，如跳跃、攻击等，并通过事件和回调函数将输入事件传递给相应系统。两者协同工作，确保游戏输入的模块化和高效处理。

5. D:\Unity\open-project-1-main\UOP1_Project\Assets\Scripts\StateMachine\Editor
### 文件夹内容概览
“Editor”文件夹汇集了Unity游戏开发中状态机设计和编辑所需的资源，包括脚本模板、工具和编辑器扩展。主要文件包括：
- **Templates**：提供状态机脚本模板，如动作和条件框架，辅助快速开发。
- **Utilities**：集成了编辑器扩展，如过渡项管理、GUI样式配置和属性编辑器，增强状态机编辑体验。
- **StateEditor.cs**：扩展StateSO编辑器界面，允许编辑动作列表。
- **TransitionTableEditor.cs**：管理过渡表，支持添加、删除和排序过渡。
- **TransitionTableEditorWindow.cs**：创建独立编辑器窗口，用于转换表的编辑和管理。
- **样式和布局文件**：定义了编辑器窗口的外观和布局。
- **Assembly Definition文件**：可能用于组织编辑器模块的编译和依赖。
这些资源共同构成了一个全面的状态机开发工具集，旨在简化Unity状态机的创建和管理流程。

6. D:\Unity\open-project-1-main\UOP1_Project\Assets\Scripts\UI
“UI”文件夹汇集了Unity游戏开发中用于构建和管理用户界面的关键脚本。它涵盖了对话系统、库存管理、设置界面、加载界面、信用屏幕、通用按钮、健康条、心形显示、交互面板、主菜单、暂停界面、弹窗以及旋转动画等多个方面。这些脚本通过事件和函数调用相互协作，确保了游戏UI的完整性和交互性，共同构成了游戏流程中的关键用户界面元素。

7. D:\Unity\open-project-1-main\UOP1_Project\Assets\Scripts\Gameplay
## 文件夹内容精简总结
“Gameplay”文件夹汇集了Unity游戏开发的核心脚本，包括`GameManager.cs`用于管理游戏状态和事件，`GameStateSO.cs`负责跟踪和管理游戏状态变化，以及`SpawnSystem.cs`负责玩家的生成逻辑。这些脚本相互协作，共同构成了游戏的核心功能框架。

8. D:\Unity\open-project-1-main\UOP1_Project\Assets\Scripts\EditorTools\MonoBehaviours
“MonoBehaviours”文件夹汇集了Unity编辑器增强工具，包括交互式游戏对象放置（ClickToPlace）、冷启动初始化（EditorColdStartup）、传送功能（EditorTeleporter和LocationTeleporterButton）以及光贴图缩放自动调整（LightmapScaleSetter）。这些脚本协同工作，丰富了Unity编辑器的功能和用户体验。

9. D:\Unity\open-project-1-main\UOP1_Project\Assets\ScriptableObjects\StateMachine\Protagonist\Actions
“Actions”文件夹汇集了Unity游戏开发所需的多种脚本资源，包括用于动画状态控制的AnimatorParameters、角色移动逻辑的MovementVector、粒子效果的Particles、声音效果的SFX，以及交互和视觉效果的脚本如ClearInputCache_OnEnter、DestroyPlayer、GetHitFlashingEffect、ResetGetHitState、RespawnPlayer和ShakeCam。这些资源协同工作，为游戏角色动作、视觉效果和交互体验提供全面支持。

10. D:\Unity\open-project-1-main\UOP1_Project\Assets\Scripts\Audio
“Audio”文件夹汇集了Unity游戏音频开发的关键脚本，包括音频配置管理（如`AudioConfigurationSO.cs`）、音频剪辑播放控制（`AudioCueSO.cs`）、以及音频效果的管理和播放（`SoundEmitters`子文件夹）。其中，`AudioManager.cs`负责全面音频控制，而`MusicPlayer.cs`专注于音乐播放。此外，`AudioConfigApplier.cs`确保音频配置的即时应用，`AudioCue.cs`和`AudioCueOnTriggerEnter.cs`则处理音频事件和触发器逻辑，而`OrientListener.cs`则同步游戏对象与相机方向。这些脚本协同工作，为游戏提供丰富且高效的音频体验。

请注意，这些目录或文件可能不全都和你的任务目标相关，仅供参考。请你基于具体的文件内容概述，结合你的任务目标，认真思考分析后，优先选择最有可能与任务相关的目录或文件进行进一步的检查。
2024-10-09 01:06:12,067 - INFO Retriever 0 - 
2024-10-09 01:06:15,040 - INFO Retriever 0 - Agent主脑给出的回答为：{
    "deep_think": {
        "thoughts": "根据检索到的结果，我注意到多个可能包含玩家死亡后重生位置以及玩家开局时初始位置控制信息的文件和文件夹。考虑到这些信息可能存储在游戏逻辑或配置文件中，我需要进一步分析这些目录和文件的内容。\n\n首先，我将检查“Characters”文件夹，因为玩家重生和位置控制可能与角色相关。\n其次，我将检查“SceneManagement”文件夹，因为场景管理可能涉及到玩家重生位置的设置。\n然后，我将检查“StateMachine”文件夹，因为状态机可能包含玩家死亡和重生的逻辑。\n最后，我将检查“ScriptableObjects”文件夹，因为配置信息可能存储在ScriptableObjects中。\n\n我将首先检查“Characters”文件夹。"
    }
}
2024-10-09 01:06:15,041 - INFO Retriever 0 - 是否成功解析：True
2024-10-09 01:06:15,041 - INFO Retriever 0 - operation_type (__det_dir_action):
2024-10-09 01:06:15,041 - INFO Retriever 0 - deep_think
2024-10-09 01:06:15,041 - INFO Retriever 0 - 

——————————————————————————————————————————————————————————————————————————————————————————————————————————————————————————
2024-10-09 01:06:15,043 - INFO Retriever 0 - Assistant:
2024-10-09 01:06:15,043 - INFO Retriever 0 - {
    "deep_think": {
        "thoughts": "根据检索到的结果，我注意到多个可能包含玩家死亡后重生位置以及玩家开局时初始位置控制信息的文件和文件夹。考虑到这些信息可能存储在游戏逻辑或配置文件中，我需要进一步分析这些目录和文件的内容。\n\n首先，我将检查“Characters”文件夹，因为玩家重生和位置控制可能与角色相关。\n其次，我将检查“SceneManagement”文件夹，因为场景管理可能涉及到玩家重生位置的设置。\n然后，我将检查“StateMachine”文件夹，因为状态机可能包含玩家死亡和重生的逻辑。\n最后，我将检查“ScriptableObjects”文件夹，因为配置信息可能存储在ScriptableObjects中。\n\n我将首先检查“Characters”文件夹。"
    }
}
2024-10-09 01:06:15,043 - INFO Retriever 0 - dict_keys(['deep_think'])
2024-10-09 01:06:15,043 - INFO Retriever 0 - Agent主脑给出的行动：deep_think
参数：{'thoughts': '根据检索到的结果，我注意到多个可能包含玩家死亡后重生位置以及玩家开局时初始位置控制信息的文件和文件夹。考虑到这些信息可能存储在游戏逻辑或配置文件中，我需要进一步分析这些目录和文件的内容。\n\n首先，我将检查“Characters”文件夹，因为玩家重生和位置控制可能与角色相关。\n其次，我将检查“SceneManagement”文件夹，因为场景管理可能涉及到玩家重生位置的设置。\n然后，我将检查“StateMachine”文件夹，因为状态机可能包含玩家死亡和重生的逻辑。\n最后，我将检查“ScriptableObjects”文件夹，因为配置信息可能存储在ScriptableObjects中。\n\n我将首先检查“Characters”文件夹。', 'repeat_counter': 1, 'continue_think_counter': 1}
2024-10-09 01:06:15,044 - INFO Retriever 0 - Observer: 好的，请继续你的下一步行动或思考。
2024-10-09 01:06:16,511 - INFO Retriever 0 - Agent主脑给出的回答为：{
    "get_folder_info": {
        "target_folder_path": "D:\\Unity\\open-project-1-main\\UOP1_Project\\Assets\\Scripts\\Characters"
    }
}
2024-10-09 01:06:16,511 - INFO Retriever 0 - 是否成功解析：True
2024-10-09 01:06:16,512 - INFO Retriever 0 - operation_type (__det_dir_action):
2024-10-09 01:06:16,512 - INFO Retriever 0 - get_folder_info
2024-10-09 01:06:16,512 - INFO Retriever 0 - 

——————————————————————————————————————————————————————————————————————————————————————————————————————————————————————————
2024-10-09 01:06:16,512 - INFO Retriever 0 - Assistant:
2024-10-09 01:06:16,512 - INFO Retriever 0 - {
    "get_folder_info": {
        "target_folder_path": "D:\\Unity\\open-project-1-main\\UOP1_Project\\Assets\\Scripts\\Characters"
    }
}
2024-10-09 01:06:16,514 - INFO Retriever 0 - dict_keys(['get_folder_info'])
2024-10-09 01:06:16,514 - INFO Retriever 0 - Agent主脑给出的行动：get_folder_info
参数：{'target_folder_path': 'D:\\Unity\\open-project-1-main\\UOP1_Project\\Assets\\Scripts\\Characters'}
2024-10-09 01:06:16,567 - INFO Retriever 0 - Observer: 目标文件夹路径：D:\Unity\open-project-1-main\UOP1_Project\Assets\Scripts\Characters
文件结构树（该结构树可能不完整，仅返回深度小于等于1层的子文件以及文件夹）：
├── Attack.cs
├── Attacker.cs
├── CharacterAudio.cs
├── Config
│   ├── AttackConfigSO.cs
│   ├── DroppableRewardConfigSO.cs
│   ...
│   ├── SpecialDroppableRewardConfigSO.cs
├── Critter.cs
├── CritterAudio.cs
├── Damageable.cs
├── DropGroup.cs
├── DropItem.cs
├── HealthSO.cs
├── MovingCritterAttackController.cs
├── NPC.cs
├── NPCAudio.cs
├── NPCMovement.cs
├── Protagonist.cs
├── ProtagonistAudio.cs
├── StateMachine
│   ├── Actions
│   ├── Conditions
├── ZoneTriggerController.cs


其中，部分主要文件及文件夹的信息如下：
1. Characters
# 路径:D:/Unity/open-project-1-main/UOP1_Project\Assets\Scripts\Characters
# 内容概述:“Characters”文件夹汇集了Unity游戏开发中角色相关的脚本资源，包括角色配置（如攻击、奖励、效果和NPC移动）、状态机逻辑、音频处理以及角色行为控制。文件夹内分为多个子目录，如Config存储角色配置脚本，StateMachine包含构建游戏逻辑的脚本，Audio则专注于角色音效。此外，Attack、Attacker、Critter等脚本负责角色具体行为，而NPC、Protagonist等则涉及角色状态和交互。整体上，这些脚本相互协作，共同构成了游戏中的角色系统。

2. Config
# 路径:D:/Unity/open-project-1-main/UOP1_Project\Assets\Scripts\Characters\Config
# 内容概述:该“Config”文件夹汇集了Unity游戏开发中的关键配置类，包括`AttackConfigSO`用于攻击参数配置，`DroppableRewardConfigSO`与`SpecialDroppableRewardConfigSO`管理奖励掉落，`HealthConfigSO`设定实体健康值，`GetHitEffectConfigSO`定义玩家受击效果，`NPCMovementConfigSO`与`PathwayConfigSO`和`RoamingAroundCenterConfigSO`控制NPC移动。这些配置类均继承自`ScriptableObject`，便于在Unity编辑器中创建和管理，确保游戏配置的灵活性和可维护性。

3. StateMachine
# 路径:D:/Unity/open-project-1-main/UOP1_Project\Assets\Scripts\Characters\StateMachine
# 内容概述:“StateMachine”文件夹汇集了Unity游戏开发中用于构建角色行为和逻辑的关键资源，分为“Actions”和“Conditions”两大类。在“Actions”中，脚本如`NPCMovementAction`和`AnimatorParameterActionSO`定义了NPC的移动和动画控制等行为；而“Conditions”中的脚本如`HasHitHeadConditionSO`和`IsDeadConditionSO`则用于判断游戏对象的状态，两者协同工作，通过状态机实现丰富的游戏交互和动态行为。

4. Attack.cs
# 路径:D:/Unity/open-project-1-main/UOP1_Project\Assets\Scripts\Characters\Attack.cs
# 内容概述:“Attack.cs”脚本定义了一个Unity组件`Attack`，负责管理游戏对象的攻击行为。该组件在对象激活时默认隐藏，并在触发碰撞时检测目标是否为友军。若目标非友军且具有`Damageable`组件，则根据预设的攻击配置对目标造成伤害。主要功能模块包括攻击配置管理和碰撞检测，核心逻辑涉及游戏对象的激活状态和触发事件处理。

5. Attacker.cs
# 路径:D:/Unity/open-project-1-main/UOP1_Project\Assets\Scripts\Characters\Attacker.cs
# 内容概述:该脚本“Attacker.cs”是Unity游戏开发中用于控制游戏对象攻击状态的组件。它包含一个名为`Attacker`的类，该类继承自`MonoBehaviour`。类中定义了两个方法：`EnableWeapon()`和`DisableWeapon()`，分别用于启用和禁用攻击碰撞器（_attackCollider），以此控制游戏中的攻击功能。

6. CharacterAudio.cs
# 路径:D:/Unity/open-project-1-main/UOP1_Project\Assets\Scripts\Characters\CharacterAudio.cs
# 内容概述:该脚本“CharacterAudio.cs”是Unity中用于处理角色音频的组件脚本。它包含一个`PlayAudio`函数，用于在非“Cutscene”游戏状态下播放指定音频效果，通过序列化字段引用音频事件通道、配置和游戏状态。该函数根据当前游戏状态决定是否触发音频播放事件。

7. Critter.cs
# 路径:D:/Unity/open-project-1-main/UOP1_Project\Assets\Scripts\Characters\Critter.cs
# 内容概述:该脚本定义了Unity游戏中的Critter类，负责管理警报和攻击区域状态，并处理目标。Critter类包含两个公共变量`isPlayerInAlertZone`和`isPlayerInAttackZone`来追踪玩家位置，以及一个`currentTarget`变量用于存储当前目标。主要方法`OnAlertTriggerChange`和`OnAttackTriggerChange`分别处理玩家进入或离开警报和攻击区域，更新状态并可能设置当前目标。当目标死亡时，`OnTargetDead`方法被调用来清除目标并重置区域状态。

8. CritterAudio.cs
# 路径:D:/Unity/open-project-1-main/UOP1_Project\Assets\Scripts\Characters\CritterAudio.cs
# 内容概述:该脚本`CritterAudio`继承自`CharacterAudio`，负责为游戏中的Critter角色管理音频播放。它定义了五个音频剪辑，分别对应空闲、移动、攻击、受到攻击和死亡状态。脚本提供了五个方法，对应不同的动作状态，如`PlayIdleSound()`、`PlayMoveSound()`等，这些方法都调用了通用的`PlayAudio`函数来播放相应的音频剪辑，并考虑到了植物生物不播放移动音效的特殊情况。

9. Damageable.cs
# 路径:D:/Unity/open-project-1-main/UOP1_Project\Assets\Scripts\Characters\Damageable.cs
# 内容概述:"Damageable.cs" 是一个Unity C#脚本，负责管理游戏对象的健康状态。它定义了生命值、攻击响应和死亡事件，并支持生命恢复。脚本通过`HealthSO`对象跟踪生命值，允许对象接收攻击并减少生命值，当生命值降至零时触发死亡事件。此外，它还支持通过事件恢复生命值，并在对象复活或生命值变化时更新UI。脚本通过事件通道广播生命状态变化，便于其他系统监听和处理。

10. DropGroup.cs
# 路径:D:/Unity/open-project-1-main/UOP1_Project\Assets\Scripts\Characters\DropGroup.cs
# 内容概述:该脚本定义了一个名为`DropGroup`的Unity C#类，用于管理游戏中的掉落物品列表及其掉落概率。类中包含一个序列化的`_drops`列表用于存储掉落物品，以及一个序列化的`_dropRate`浮点数表示掉落概率。通过`Drops`和`DropRate`两个只读属性，可以访问这些数据。整体上，`DropGroup`类为Unity游戏中的物品掉落逻辑提供了一个数据封装。

11. DropItem.cs
# 路径:D:/Unity/open-project-1-main/UOP1_Project\Assets\Scripts\Characters\DropItem.cs
# 内容概述:“DropItem.cs”文件定义了一个Unity C#类`DropItem`，用于封装物品掉落数据。该类包含两个字段：`_item`存储掉落的物品，`_itemDropRate`存储掉落概率。类提供了对应的只读属性`Item`和`ItemDropRate`以供外部访问，主要作为数据容器使用，不包含掉落逻辑。

12. HealthSO.cs
# 路径:D:/Unity/open-project-1-main/UOP1_Project\Assets\Scripts\Characters\HealthSO.cs
# 内容概述:该脚本定义了Unity中角色的生命值管理类`HealthSO`，包含最大生命值`_maxHealth`和当前生命值`_currentHealth`。类提供设置最大生命值、当前生命值以及处理伤害和恢复生命值的功能。通过`InflictDamage`减少生命值，`RestoreHealth`增加生命值并限制不超过最大值。此脚本适用于玩家或NPC的生命值配置。

13. MovingCritterAttackController.cs
# 路径:D:/Unity/open-project-1-main/UOP1_Project\Assets\Scripts\Characters\MovingCritterAttackController.cs
# 内容概述:该脚本“MovingCritterAttackController.cs”是Unity中用于控制移动生物攻击动画的组件。它包含设置攻击目标位置和触发推进动画的功能。脚本中定义了`SetAttackTarget()`和`AttackPropelTrigger()`两个方法，分别用于确定攻击目标并启动推进动画。在`Update()`方法中，生物根据预设的推进向量向目标移动，直至动画结束。

14. NPC.cs
# 路径:D:/Unity/open-project-1-main/UOP1_Project\Assets\Scripts\Characters\NPC.cs
# 内容概述:该脚本定义了一个NPC类，用于管理NPC的状态，包括空闲、行走和交谈。NPC类包含一个NPCState枚举来指定当前状态，以及一个GameObject数组来存储NPC正在交谈的对象。`SwitchToWalkState`方法触发NPC状态切换到行走，而`WaitBeforeSwitch`协程在状态切换前引入随机延迟，以增加NPC行为的自然性。

15. NPCAudio.cs
# 路径:D:/Unity/open-project-1-main/UOP1_Project\Assets\Scripts\Characters\NPCAudio.cs
# 内容概述:该脚本“NPCAudio.cs”继承自CharacterAudio，负责管理NPC的音频播放。它定义了播放脚步声、对话和唱歌的四个方法，分别对应不同的音频资源。通过继承和封装，脚本简化了NPC音频播放的逻辑，使得音频控制更加集中和高效。

16. NPCMovement.cs
# 路径:D:/Unity/open-project-1-main/UOP1_Project\Assets\Scripts\Characters\NPCMovement.cs
# 内容概述:该脚本“NPCMovement.cs”是Unity中用于控制NPC移动的组件。它通过`NPCMovementConfigSO`接收NPC移动配置，并通过`NPCMovementEventChannelSO`响应事件以更新配置。脚本在启用时订阅事件，定义的`Respond`函数负责接收事件并更新配置。

17. Protagonist.cs
# 路径:D:/Unity/open-project-1-main/UOP1_Project\Assets\Scripts\Characters\Protagonist.cs
# 内容概述:该脚本定义了Unity中的`Protagonist`类，作为主角的输入处理组件。它通过`InputReader`接收玩家输入，如移动、跳跃和攻击，并将这些输入传递给状态机处理。脚本中包含状态管理字段，如跳跃和攻击标志，以及用于计算和存储移动向量的变量。`Protagonist`类注册了输入事件监听器，并在`Update`方法中重新计算移动向量，根据输入和相机方向调整移动逻辑。此外，脚本还处理了跳跃、攻击等事件，并提供了攻击输入的消费方法。

18. ProtagonistAudio.cs
# 路径:D:/Unity/open-project-1-main/UOP1_Project\Assets\Scripts\Characters\ProtagonistAudio.cs
# 内容概述:该脚本“ProtagonistAudio.cs”是Unity中用于管理主角音频的类，继承自`CharacterAudio`。它定义了多个私有`AudioCueSO`变量，分别关联主角行走、跳跃、挥杖、拾取物品、受伤、死亡和说话等动作的音效。脚本提供了播放这些音效的方法，如`PlayFootstep()`和`PlayDie()`，每个方法调用内部`PlayAudio()`函数，传入相应音效和主角位置信息以播放音效。

19. ZoneTriggerController.cs
# 路径:D:/Unity/open-project-1-main/UOP1_Project\Assets\Scripts\Characters\ZoneTriggerController.cs
# 内容概述:该脚本“ZoneTriggerController.cs”是Unity中用于管理触发区域事件的核心组件。它包含一个自定义的`BoolEvent`事件，用于处理对象进入或离开指定层的触发区域。`ZoneTriggerController`类负责检测对象的进入和退出，并在适当的时候触发事件。该类通过`OnTriggerEnter`和`OnTriggerExit`方法实现逻辑，仅对指定层上的对象响应，并在事件中传递状态和触发对象。


2024-10-09 01:06:19,753 - INFO Retriever 0 - Agent主脑给出的回答为：{
    "deep_think": {
        "thoughts": "在Characters文件夹中，我找到了一些与角色相关的脚本，但它们似乎更专注于角色的攻击、音频和移动等方面。为了找到玩家死亡后重生的位置以及玩家开局时的初始位置控制信息，我需要进一步检查与场景管理和游戏状态相关的文件夹和脚本。\n\n接下来，我将检查SceneManagement文件夹，因为它可能包含与场景加载和玩家位置相关的脚本。"
    }
}
2024-10-09 01:06:19,753 - INFO Retriever 0 - 是否成功解析：True
2024-10-09 01:06:19,754 - INFO Retriever 0 - operation_type (__det_dir_action):
2024-10-09 01:06:19,754 - INFO Retriever 0 - deep_think
2024-10-09 01:06:19,754 - INFO Retriever 0 - 

——————————————————————————————————————————————————————————————————————————————————————————————————————————————————————————
2024-10-09 01:06:19,754 - INFO Retriever 0 - Assistant:
2024-10-09 01:06:19,755 - INFO Retriever 0 - {
    "deep_think": {
        "thoughts": "在Characters文件夹中，我找到了一些与角色相关的脚本，但它们似乎更专注于角色的攻击、音频和移动等方面。为了找到玩家死亡后重生的位置以及玩家开局时的初始位置控制信息，我需要进一步检查与场景管理和游戏状态相关的文件夹和脚本。\n\n接下来，我将检查SceneManagement文件夹，因为它可能包含与场景加载和玩家位置相关的脚本。"
    }
}
2024-10-09 01:06:19,755 - INFO Retriever 0 - dict_keys(['deep_think'])
2024-10-09 01:06:19,755 - INFO Retriever 0 - Agent主脑给出的行动：deep_think
参数：{'thoughts': '在Characters文件夹中，我找到了一些与角色相关的脚本，但它们似乎更专注于角色的攻击、音频和移动等方面。为了找到玩家死亡后重生的位置以及玩家开局时的初始位置控制信息，我需要进一步检查与场景管理和游戏状态相关的文件夹和脚本。\n\n接下来，我将检查SceneManagement文件夹，因为它可能包含与场景加载和玩家位置相关的脚本。', 'repeat_counter': 1, 'continue_think_counter': 1}
2024-10-09 01:06:19,756 - INFO Retriever 0 - Observer: 好的，请继续你的下一步行动或思考。
2024-10-09 01:06:21,558 - INFO Retriever 0 - Agent主脑给出的回答为：{
    "get_folder_info": {
        "target_folder_path": "D:\\Unity\\open-project-1-main\\UOP1_Project\\Assets\\Scripts\\SceneManagement"
    }
}
2024-10-09 01:06:21,558 - INFO Retriever 0 - 是否成功解析：True
2024-10-09 01:06:21,558 - INFO Retriever 0 - operation_type (__det_dir_action):
2024-10-09 01:06:21,559 - INFO Retriever 0 - get_folder_info
2024-10-09 01:06:21,559 - INFO Retriever 0 - 

——————————————————————————————————————————————————————————————————————————————————————————————————————————————————————————
2024-10-09 01:06:21,559 - INFO Retriever 0 - Assistant:
2024-10-09 01:06:21,559 - INFO Retriever 0 - {
    "get_folder_info": {
        "target_folder_path": "D:\\Unity\\open-project-1-main\\UOP1_Project\\Assets\\Scripts\\SceneManagement"
    }
}
2024-10-09 01:06:21,560 - INFO Retriever 0 - dict_keys(['get_folder_info'])
2024-10-09 01:06:21,560 - INFO Retriever 0 - Agent主脑给出的行动：get_folder_info
参数：{'target_folder_path': 'D:\\Unity\\open-project-1-main\\UOP1_Project\\Assets\\Scripts\\SceneManagement'}
2024-10-09 01:06:21,619 - INFO Retriever 0 - Observer: 目标文件夹路径：D:\Unity\open-project-1-main\UOP1_Project\Assets\Scripts\SceneManagement
文件结构树（该结构树可能不完整，仅返回深度小于等于1层的子文件以及文件夹）：
├── FallCatcher.cs
├── InitializationLoader.cs
├── LocationEntrance.cs
├── LocationExit.cs
├── SceneLoader.cs
├── ScriptableObjects
│   ├── GameSceneSO.cs
│   ├── GameplaySO.cs
│   ├── LocationSO.cs
│   ├── MenuSO.cs
│   ├── PathSO.cs
│   ├── PersistentManagersSO.cs
├── StartGame.cs


其中，部分主要文件及文件夹的信息如下：
1. SceneManagement
# 路径:D:/Unity/open-project-1-main/UOP1_Project\Assets\Scripts\SceneManagement
# 内容概述:“SceneManagement”文件夹汇集了Unity游戏开发的核心脚本，旨在高效管理游戏场景与设置。其中，ScriptableObjects子文件夹封装了游戏场景、位置、菜单等数据，通过继承基类实现通用场景管理功能。FallCatcher、InitializationLoader、LocationEntrance、LocationExit等脚本分别处理玩家碰撞、游戏初始化、位置入口与出口逻辑。SceneLoader负责场景的异步加载与卸载，而StartGame则管理游戏开始流程，包括新游戏和继续游戏选项。整体上，这些脚本协同工作，确保游戏场景的流畅切换和玩家交互的顺畅进行。

2. ScriptableObjects
# 路径:D:/Unity/open-project-1-main/UOP1_Project\Assets\Scripts\SceneManagement\ScriptableObjects
# 内容概述:该“ScriptableObjects”文件夹汇集了Unity游戏开发中用于场景和设置管理的C#脚本，包括基类`GameSceneSO`及其派生类如`GameplaySO`、`LocationSO`、`MenuSO`、`PathSO`和`PersistentManagersSO`。这些脚本继承自`GameSceneSO`，共享场景数据管理功能，并通过`CreateAssetMenu`在Unity编辑器中创建资产。`GameplaySO`、`LocationSO`、`MenuSO`和`PathSO`分别封装了游戏玩法、位置、菜单和路径的特定设置，而`PersistentManagersSO`则专注于持久化数据管理。

3. FallCatcher.cs
# 路径:D:/Unity/open-project-1-main/UOP1_Project\Assets\Scripts\SceneManagement\FallCatcher.cs
# 内容概述:该脚本`FallCatcher`是Unity中用于处理玩家触发事件的组件。它记录玩家最后走过的路径，并在玩家进入时触发其死亡。主要功能模块包括路径记录和玩家死亡处理。脚本定义了`OnTriggerEnter`函数，用于检测玩家碰撞，并更新路径存储和调用玩家的死亡逻辑。

4. InitializationLoader.cs
# 路径:D:/Unity/open-project-1-main/UOP1_Project\Assets\Scripts\SceneManagement\InitializationLoader.cs
# 内容概述:该脚本“InitializationLoader.cs”是Unity游戏初始化的关键组件。它负责加载持久管理器场景，并通过事件通道触发主菜单的加载。脚本中定义了`InitializationLoader`类，包含序列化字段用于引用场景和事件通道。`Start`方法启动加载流程，`LoadEventChannel`和`LoadMainMenu`方法分别处理场景加载和事件触发，最终卸载初始化场景以完成初始化过程。

5. LocationEntrance.cs
# 路径:D:/Unity/open-project-1-main/UOP1_Project\Assets\Scripts\SceneManagement\LocationEntrance.cs
# 内容概述:该脚本“LocationEntrance.cs”是Unity中用于管理场景入口过渡的组件。它通过检查玩家是否从特定路径进入，来调整虚拟摄像机的优先级。当检测到玩家从指定路径返回时，脚本会提升虚拟摄像机的优先级并订阅场景准备事件。场景准备就绪后，通过一个短暂的等待，脚本将降低虚拟摄像机的优先级，并移除事件订阅，从而实现摄像机从入口视角过渡到游戏主视角的逻辑。

6. LocationExit.cs
# 路径:D:/Unity/open-project-1-main/UOP1_Project\Assets\Scripts\SceneManagement\LocationExit.cs
# 内容概述:该脚本`LocationExit`是Unity中用于触发器组件的脚本，主要功能是当玩家进入触发器时，自动将玩家传送到指定位置，并更新路径记录。脚本通过`OnTriggerEnter`函数检测玩家触发事件，更新路径存储，并通过事件通道`_locationExitLoadChannel`触发加载新场景的动作。

7. SceneLoader.cs
# 路径:D:/Unity/open-project-1-main/UOP1_Project\Assets\Scripts\SceneManagement\SceneLoader.cs
# 内容概述:### 脚本内容精简总结

`SceneLoader.cs` 是一个Unity脚本，负责管理游戏场景的加载与卸载。脚本通过模块化设计，包括加载位置和菜单场景的功能，并控制加载屏幕的显示与隐藏。它使用事件通道响应加载请求，并在场景加载完成后触发相应事件。主要功能包括场景加载、卸载、加载屏幕控制以及输入读取器的管理。

8. StartGame.cs
# 路径:D:/Unity/open-project-1-main/UOP1_Project\Assets\Scripts\SceneManagement\StartGame.cs
# 内容概述:该脚本定义了Unity游戏中的`StartGame`类，负责处理游戏开始时的逻辑。类中包含新游戏和继续游戏的功能，通过序列化对象和事件通道与保存系统交互。`Start()`方法初始化事件监听，`StartNewGame()`用于启动新游戏流程，创建新保存文件并加载场景。`ContinuePreviousGame()`则通过协程加载保存的游戏数据，并触发加载事件。类中还定义了`OnDestroy()`清理事件监听，以及`OnResetSaveDataPress()`重置保存数据的辅助方法。


2024-10-09 01:06:24,570 - INFO Retriever 0 - Agent主脑给出的回答为：{
    "deep_think": {
        "thoughts": "在SceneManagement文件夹中，我找到了一些与场景管理和游戏状态相关的脚本，这些脚本可能包含玩家死亡后重生位置以及玩家开局时初始位置控制的信息。\n\n特别是`SceneLoader.cs`脚本，它负责管理游戏场景的加载与卸载，这可能与玩家重生位置有关。\n另外，`StartGame.cs`脚本负责处理游戏开始时的逻辑，这可能包含玩家开局时的初始位置信息。\n\n接下来，我将检查ScriptableObjects文件夹，因为它可能包含与场景和位置相关的配置信息。"
    }
}
2024-10-09 01:06:24,570 - INFO Retriever 0 - 是否成功解析：True
2024-10-09 01:06:24,570 - INFO Retriever 0 - operation_type (__det_dir_action):
2024-10-09 01:06:24,571 - INFO Retriever 0 - deep_think
2024-10-09 01:06:24,571 - INFO Retriever 0 - 

——————————————————————————————————————————————————————————————————————————————————————————————————————————————————————————
2024-10-09 01:06:24,571 - INFO Retriever 0 - Assistant:
2024-10-09 01:06:24,571 - INFO Retriever 0 - {
    "deep_think": {
        "thoughts": "在SceneManagement文件夹中，我找到了一些与场景管理和游戏状态相关的脚本，这些脚本可能包含玩家死亡后重生位置以及玩家开局时初始位置控制的信息。\n\n特别是`SceneLoader.cs`脚本，它负责管理游戏场景的加载与卸载，这可能与玩家重生位置有关。\n另外，`StartGame.cs`脚本负责处理游戏开始时的逻辑，这可能包含玩家开局时的初始位置信息。\n\n接下来，我将检查ScriptableObjects文件夹，因为它可能包含与场景和位置相关的配置信息。"
    }
}
2024-10-09 01:06:24,571 - INFO Retriever 0 - dict_keys(['deep_think'])
2024-10-09 01:06:24,573 - INFO Retriever 0 - Agent主脑给出的行动：deep_think
参数：{'thoughts': '在SceneManagement文件夹中，我找到了一些与场景管理和游戏状态相关的脚本，这些脚本可能包含玩家死亡后重生位置以及玩家开局时初始位置控制的信息。\n\n特别是`SceneLoader.cs`脚本，它负责管理游戏场景的加载与卸载，这可能与玩家重生位置有关。\n另外，`StartGame.cs`脚本负责处理游戏开始时的逻辑，这可能包含玩家开局时的初始位置信息。\n\n接下来，我将检查ScriptableObjects文件夹，因为它可能包含与场景和位置相关的配置信息。', 'repeat_counter': 1, 'continue_think_counter': 1}
2024-10-09 01:06:24,573 - INFO Retriever 0 - Observer: 好的，请继续你的下一步行动或思考。
2024-10-09 01:06:26,787 - INFO Retriever 0 - Agent主脑给出的回答为：{
    "get_folder_info": {
        "target_folder_path": "D:\\Unity\\open-project-1-main\\UOP1_Project\\Assets\\Scripts\\SceneManagement\\ScriptableObjects"
    }
}
2024-10-09 01:06:26,792 - INFO Retriever 0 - 是否成功解析：True
2024-10-09 01:06:26,792 - INFO Retriever 0 - operation_type (__det_dir_action):
2024-10-09 01:06:26,793 - INFO Retriever 0 - get_folder_info
2024-10-09 01:06:26,793 - INFO Retriever 0 - 

——————————————————————————————————————————————————————————————————————————————————————————————————————————————————————————
2024-10-09 01:06:26,794 - INFO Retriever 0 - Assistant:
2024-10-09 01:06:26,794 - INFO Retriever 0 - {
    "get_folder_info": {
        "target_folder_path": "D:\\Unity\\open-project-1-main\\UOP1_Project\\Assets\\Scripts\\SceneManagement\\ScriptableObjects"
    }
}
2024-10-09 01:06:26,795 - INFO Retriever 0 - dict_keys(['get_folder_info'])
2024-10-09 01:06:26,797 - INFO Retriever 0 - Agent主脑给出的行动：get_folder_info
参数：{'target_folder_path': 'D:\\Unity\\open-project-1-main\\UOP1_Project\\Assets\\Scripts\\SceneManagement\\ScriptableObjects'}
2024-10-09 01:06:26,942 - INFO Retriever 0 - Observer: 目标文件夹路径：D:\Unity\open-project-1-main\UOP1_Project\Assets\Scripts\SceneManagement\ScriptableObjects
文件结构树（该结构树可能不完整，仅返回深度小于等于1层的子文件以及文件夹）：
├── GameSceneSO.cs
├── GameplaySO.cs
├── LocationSO.cs
├── MenuSO.cs
├── PathSO.cs
├── PersistentManagersSO.cs


其中，部分主要文件及文件夹的信息如下：
1. ScriptableObjects
# 路径:D:/Unity/open-project-1-main/UOP1_Project\Assets\Scripts\SceneManagement\ScriptableObjects
# 内容概述:该“ScriptableObjects”文件夹汇集了Unity游戏开发中用于场景和设置管理的C#脚本，包括基类`GameSceneSO`及其派生类如`GameplaySO`、`LocationSO`、`MenuSO`、`PathSO`和`PersistentManagersSO`。这些脚本继承自`GameSceneSO`，共享场景数据管理功能，并通过`CreateAssetMenu`在Unity编辑器中创建资产。`GameplaySO`、`LocationSO`、`MenuSO`和`PathSO`分别封装了游戏玩法、位置、菜单和路径的特定设置，而`PersistentManagersSO`则专注于持久化数据管理。

2. GameSceneSO.cs
# 路径:D:/Unity/open-project-1-main/UOP1_Project\Assets\Scripts\SceneManagement\ScriptableObjects\GameSceneSO.cs
# 内容概述:该脚本“GameSceneSO.cs”是一个Unity游戏场景的基类，封装了所有游戏场景共通的信息，如场景类型、引用和音乐。它定义了场景类型枚举`GameSceneType`，包括Location、Menu等，以及用于加载场景的`sceneReference`和音乐曲目`musicTrack`。通过这些属性，游戏可以在运行时识别和加载正确的场景及其资源。

3. GameplaySO.cs
# 路径:D:/Unity/open-project-1-main/UOP1_Project\Assets\Scripts\SceneManagement\ScriptableObjects\GameplaySO.cs
# 内容概述:`GameplaySO.cs` 是一个Unity脚本，继承自 `GameSceneSO` 类，旨在为游戏玩法场景提供特定设置。该脚本通过 `CreateAssetMenu` 属性在Unity编辑器中可创建资产实例，实现游戏玩法场景配置的封装和管理。脚本本身不包含具体函数，主要功能通过继承实现。

4. LocationSO.cs
# 路径:D:/Unity/open-project-1-main/UOP1_Project\Assets\Scripts\SceneManagement\ScriptableObjects\LocationSO.cs
# 内容概述:该脚本定义了一个名为`LocationSO`的Unity类，继承自`GameSceneSO`，用于封装位置特定的设置。类中包含一个`LocalizedString`类型的`locationName`字段，用于存储位置的本地化名称。通过`CreateAssetMenu`属性，该类可在Unity编辑器中创建资产，方便管理位置数据。

5. MenuSO.cs
# 路径:D:/Unity/open-project-1-main/UOP1_Project\Assets\Scripts\SceneManagement\ScriptableObjects\MenuSO.cs
# 内容概述:该脚本定义了一个名为`MenuSO`的Unity C#类，继承自`GameSceneSO`，并利用`CreateAssetMenu`属性使其在Unity编辑器中可通过“Scene Data/Menu”路径创建和管理。`MenuSO`类旨在封装与菜单相关的设置，以方便在编辑器中进行配置。

6. PathSO.cs
# 路径:D:/Unity/open-project-1-main/UOP1_Project\Assets\Scripts\SceneManagement\ScriptableObjects\PathSO.cs
# 内容概述:该脚本定义了一个名为`PathSO`的Unity编辑器资产类，用于配置和管理场景中地点之间的连接路径。`PathSO`类继承自`ScriptableObject`，并通过`CreateAssetMenu`属性在Unity编辑器中创建路径资产。该类本身不包含函数，仅作为路径配置的蓝图，支持路径在两个方向上的双向使用。

7. PersistentManagersSO.cs
# 路径:D:/Unity/open-project-1-main/UOP1_Project\Assets\Scripts\SceneManagement\ScriptableObjects\PersistentManagersSO.cs
# 内容概述:该脚本定义了一个名为`PersistentManagersSO`的类，继承自`GameSceneSO`，用于管理游戏中的持久化数据。由于注释了`CreateAssetMenu`，该类不会在Unity编辑器中作为资产创建。脚本结构简单，主要包含`PersistentManagersSO`类，用于存储和访问持久化数据管理器配置。


2024-10-09 01:06:29,619 - INFO Retriever 0 - Agent主脑给出的回答为：{
    "deep_think": {
        "thoughts": "在SceneManagement的ScriptableObjects文件夹中，我找到了一些可能包含玩家死亡后重生位置以及玩家开局时初始位置控制信息的脚本。\n\n特别是`GameSceneSO.cs`和`LocationSO.cs`，它们可能包含场景和位置相关的信息。\n接下来，我将检查这些脚本的内容，以确定它们是否包含所需的信息。"
    }
}
2024-10-09 01:06:29,620 - INFO Retriever 0 - 是否成功解析：True
2024-10-09 01:06:29,620 - INFO Retriever 0 - operation_type (__det_dir_action):
2024-10-09 01:06:29,620 - INFO Retriever 0 - deep_think
2024-10-09 01:06:29,621 - INFO Retriever 0 - 

——————————————————————————————————————————————————————————————————————————————————————————————————————————————————————————
2024-10-09 01:06:29,621 - INFO Retriever 0 - Assistant:
2024-10-09 01:06:29,621 - INFO Retriever 0 - {
    "deep_think": {
        "thoughts": "在SceneManagement的ScriptableObjects文件夹中，我找到了一些可能包含玩家死亡后重生位置以及玩家开局时初始位置控制信息的脚本。\n\n特别是`GameSceneSO.cs`和`LocationSO.cs`，它们可能包含场景和位置相关的信息。\n接下来，我将检查这些脚本的内容，以确定它们是否包含所需的信息。"
    }
}
2024-10-09 01:06:29,621 - INFO Retriever 0 - dict_keys(['deep_think'])
2024-10-09 01:06:29,621 - INFO Retriever 0 - Agent主脑给出的行动：deep_think
参数：{'thoughts': '在SceneManagement的ScriptableObjects文件夹中，我找到了一些可能包含玩家死亡后重生位置以及玩家开局时初始位置控制信息的脚本。\n\n特别是`GameSceneSO.cs`和`LocationSO.cs`，它们可能包含场景和位置相关的信息。\n接下来，我将检查这些脚本的内容，以确定它们是否包含所需的信息。', 'repeat_counter': 1, 'continue_think_counter': 1}
2024-10-09 01:06:29,622 - INFO Retriever 0 - Observer: 好的，请继续你的下一步行动或思考。
2024-10-09 01:06:31,776 - INFO Retriever 0 - Agent主脑给出的回答为：{
    "read_file": {
        "file_path": "D:\\Unity\\open-project-1-main\\UOP1_Project\\Assets\\Scripts\\SceneManagement\\ScriptableObjects\\GameSceneSO.cs"
    }
}
2024-10-09 01:06:31,776 - INFO Retriever 0 - 是否成功解析：True
2024-10-09 01:06:31,776 - INFO Retriever 0 - operation_type (__det_dir_action):
2024-10-09 01:06:31,776 - INFO Retriever 0 - read_file
2024-10-09 01:06:31,777 - INFO Retriever 0 - 

——————————————————————————————————————————————————————————————————————————————————————————————————————————————————————————
2024-10-09 01:06:31,777 - INFO Retriever 0 - Assistant:
2024-10-09 01:06:31,777 - INFO Retriever 0 - {
    "read_file": {
        "file_path": "D:\\Unity\\open-project-1-main\\UOP1_Project\\Assets\\Scripts\\SceneManagement\\ScriptableObjects\\GameSceneSO.cs"
    }
}
2024-10-09 01:06:31,777 - INFO Retriever 0 - dict_keys(['read_file'])
2024-10-09 01:06:31,778 - INFO Retriever 0 - Agent主脑给出的行动：read_file
参数：{'file_path': 'D:\\Unity\\open-project-1-main\\UOP1_Project\\Assets\\Scripts\\SceneManagement\\ScriptableObjects\\GameSceneSO.cs', 'top_path': 'D:\\Unity\\open-project-1-main\\UOP1_Project\\Assets', 'return_file_sum': <bound method TreeGenerationAction.return_file_sum of <Action.tree_gen_action.TreeGenerationAction object at 0x00000172932DBEB0>>}
2024-10-09 01:06:31,824 - INFO Retriever 0 - Observer: 这是一个名为“GameSceneSO.cs”的文件，该文件里的内容为：
由于脚本文件内容过长，暂时仅给出该脚本文件的内容总结:
- ### 总体概述
该脚本名为“GameSceneSO.cs”，是一个Unity游戏开发环境中的C#类文件。该类是一个基类，用于封装所有游戏场景（如地点、菜单、管理器）共有的属性和方法。其主要功能是提供场景类型、场景引用和音乐曲目等信息，以便于在游戏运行时正确加载和配置场景。

### 模块和功能
- **场景类型管理**：定义了游戏场景的类型，如Location、Menu、Initialisation等。
- **场景引用**：提供场景的引用，用于在运行时从正确的AssetBundle加载场景。
- **音乐曲目**：关联音乐曲目，用于在场景加载时播放背景音乐。

### 类和函数
- **GameSceneSO类**：
  - **属性**：
    - `sceneType`：枚举类型，表示场景的类型。
    - `sceneReference`：AssetReference类型，用于在运行时加载场景。
    - `musicTrack`：AudioCueSO类型，表示场景的音乐曲目。
  - **枚举**：
    - `GameSceneType`：定义了场景的不同类型。

### 实现逻辑
- 该类通过定义属性和枚举来组织场景相关的数据。
- 在游戏运行时，可以通过`sceneReference`属性从AssetBundle加载相应的场景。
- `musicTrack`属性用于在场景加载时播放背景音乐。
2024-10-09 01:06:35,390 - INFO Retriever 0 - Agent主脑给出的回答为：{
    "read_file": {
        "file_path": "D:\\Unity\\open-project-1-main\\UOP1_Project\\Assets\\Scripts\\SceneManagement\\ScriptableObjects\\LocationSO.cs"
    }
}
2024-10-09 01:06:35,390 - INFO Retriever 0 - 是否成功解析：True
2024-10-09 01:06:35,390 - INFO Retriever 0 - operation_type (__det_dir_action):
2024-10-09 01:06:35,391 - INFO Retriever 0 - read_file
2024-10-09 01:06:35,391 - INFO Retriever 0 - 

——————————————————————————————————————————————————————————————————————————————————————————————————————————————————————————
2024-10-09 01:06:35,391 - INFO Retriever 0 - Assistant:
2024-10-09 01:06:35,391 - INFO Retriever 0 - {
    "read_file": {
        "file_path": "D:\\Unity\\open-project-1-main\\UOP1_Project\\Assets\\Scripts\\SceneManagement\\ScriptableObjects\\LocationSO.cs"
    }
}
2024-10-09 01:06:35,392 - INFO Retriever 0 - dict_keys(['read_file'])
2024-10-09 01:06:35,392 - INFO Retriever 0 - Agent主脑给出的行动：read_file
参数：{'file_path': 'D:\\Unity\\open-project-1-main\\UOP1_Project\\Assets\\Scripts\\SceneManagement\\ScriptableObjects\\LocationSO.cs', 'top_path': 'D:\\Unity\\open-project-1-main\\UOP1_Project\\Assets', 'return_file_sum': <bound method TreeGenerationAction.return_file_sum of <Action.tree_gen_action.TreeGenerationAction object at 0x00000172932DBEB0>>}
2024-10-09 01:06:35,393 - INFO Retriever 0 - Observer: 这是一个名为“LocationSO.cs”的文件，该文件里的内容为：
 1|﻿using UnityEngine;
 2|using UnityEngine.Localization;
 3|
 4|/// <summary>
 5|/// This class contains Settings specific to Locations only
 6|/// </summary>
 7|
 8|[CreateAssetMenu(fileName = "NewLocation", menuName = "Scene Data/Location")]
 9|public class LocationSO : GameSceneSO
10|{
11|	public LocalizedString locationName;
12|}

2024-10-09 01:06:47,373 - INFO Retriever 0 - Agent主脑给出的回答为：{
    "deep_think": {
        "thoughts": "在检查了`GameSceneSO.cs`和`LocationSO.cs`脚本后，我发现`GameSceneSO.cs`是一个基类，用于封装所有游戏场景共有的属性和方法，而`LocationSO.cs`继承自`GameSceneSO`，用于封装位置特定的设置，包括位置的本地化名称。\n\n这些脚本似乎不直接包含玩家死亡后重生位置以及玩家开局时初始位置控制的信息。我需要进一步检查其他脚本，特别是那些可能包含玩家状态和位置管理的脚本。\n\n接下来，我将检查`SceneLoader.cs`和`StartGame.cs`脚本，因为它们可能包含与玩家重生位置和初始位置控制相关的逻辑。"
    }
}
2024-10-09 01:06:47,374 - INFO Retriever 0 - 是否成功解析：True
2024-10-09 01:06:47,374 - INFO Retriever 0 - operation_type (__det_dir_action):
2024-10-09 01:06:47,374 - INFO Retriever 0 - deep_think
2024-10-09 01:06:47,374 - INFO Retriever 0 - 

——————————————————————————————————————————————————————————————————————————————————————————————————————————————————————————
2024-10-09 01:06:47,375 - INFO Retriever 0 - Assistant:
2024-10-09 01:06:47,375 - INFO Retriever 0 - {
    "deep_think": {
        "thoughts": "在检查了`GameSceneSO.cs`和`LocationSO.cs`脚本后，我发现`GameSceneSO.cs`是一个基类，用于封装所有游戏场景共有的属性和方法，而`LocationSO.cs`继承自`GameSceneSO`，用于封装位置特定的设置，包括位置的本地化名称。\n\n这些脚本似乎不直接包含玩家死亡后重生位置以及玩家开局时初始位置控制的信息。我需要进一步检查其他脚本，特别是那些可能包含玩家状态和位置管理的脚本。\n\n接下来，我将检查`SceneLoader.cs`和`StartGame.cs`脚本，因为它们可能包含与玩家重生位置和初始位置控制相关的逻辑。"
    }
}
2024-10-09 01:06:47,375 - INFO Retriever 0 - dict_keys(['deep_think'])
2024-10-09 01:06:47,376 - INFO Retriever 0 - Agent主脑给出的行动：deep_think
参数：{'thoughts': '在检查了`GameSceneSO.cs`和`LocationSO.cs`脚本后，我发现`GameSceneSO.cs`是一个基类，用于封装所有游戏场景共有的属性和方法，而`LocationSO.cs`继承自`GameSceneSO`，用于封装位置特定的设置，包括位置的本地化名称。\n\n这些脚本似乎不直接包含玩家死亡后重生位置以及玩家开局时初始位置控制的信息。我需要进一步检查其他脚本，特别是那些可能包含玩家状态和位置管理的脚本。\n\n接下来，我将检查`SceneLoader.cs`和`StartGame.cs`脚本，因为它们可能包含与玩家重生位置和初始位置控制相关的逻辑。', 'repeat_counter': 1, 'continue_think_counter': 1}
2024-10-09 01:06:47,376 - INFO Retriever 0 - Observer: 好的，请继续你的下一步行动或思考。
2024-10-09 01:06:51,684 - INFO Retriever 0 - Agent主脑给出的回答为：{
    "read_file": {
        "file_path": "D:\\Unity\\open-project-1-main\\UOP1_Project\\Assets\\Scripts\\SceneManagement\\SceneLoader.cs"
    }
}
2024-10-09 01:06:51,684 - INFO Retriever 0 - 是否成功解析：True
2024-10-09 01:06:51,684 - INFO Retriever 0 - operation_type (__det_dir_action):
2024-10-09 01:06:51,685 - INFO Retriever 0 - read_file
2024-10-09 01:06:51,685 - INFO Retriever 0 - 

——————————————————————————————————————————————————————————————————————————————————————————————————————————————————————————
2024-10-09 01:06:51,685 - INFO Retriever 0 - Assistant:
2024-10-09 01:06:51,685 - INFO Retriever 0 - {
    "read_file": {
        "file_path": "D:\\Unity\\open-project-1-main\\UOP1_Project\\Assets\\Scripts\\SceneManagement\\SceneLoader.cs"
    }
}
2024-10-09 01:06:51,686 - INFO Retriever 0 - dict_keys(['read_file'])
2024-10-09 01:06:51,686 - INFO Retriever 0 - Agent主脑给出的行动：read_file
参数：{'file_path': 'D:\\Unity\\open-project-1-main\\UOP1_Project\\Assets\\Scripts\\SceneManagement\\SceneLoader.cs', 'top_path': 'D:\\Unity\\open-project-1-main\\UOP1_Project\\Assets', 'return_file_sum': <bound method TreeGenerationAction.return_file_sum of <Action.tree_gen_action.TreeGenerationAction object at 0x00000172932DBEB0>>}
2024-10-09 01:06:51,728 - INFO Retriever 0 - Observer: 这是一个名为“SceneLoader.cs”的文件，该文件里的内容为：
由于脚本文件内容过长，暂时仅给出该脚本文件的内容总结:
- ### 脚本内容总结

#### 1. 总体概述
- **框架和模块化结构**：`SceneLoader.cs` 是一个Unity脚本，它管理场景的加载和卸载。脚本使用模块化方法，通过不同的函数和事件通道来处理不同的场景加载请求。
- **主要功能和目标**：该脚本的主要目标是提供一种机制来异步加载和卸载Unity游戏中的场景，同时处理加载屏幕的显示和隐藏，以及输入读取器的禁用。

#### 2. 模块和功能
- **场景加载和卸载**：脚本负责加载和卸载游戏场景，包括游戏玩法场景和菜单场景。
- **加载屏幕控制**：控制加载屏幕的显示和隐藏。
- **输入读取器控制**：在场景加载期间禁用输入读取器。
- **事件响应**：响应来自不同事件通道的加载请求。

#### 3. 类和函数
- **类**：`SceneLoader`
- **主要函数**：
  - `LoadLocation`：加载位置场景。
  - `LoadMenu`：加载菜单场景。
  - `UnloadPreviousScene`：卸载之前加载的场景。
  - `LoadNewScene`：启动新场景的异步加载。
  - `OnNewSceneLoaded`：处理新场景加载完成的事件。
  - `StartGameplay`：启动游戏玩法。

#### 4. 实现逻辑
- **加载场景**：根据请求加载相应的场景，如果需要，首先加载游戏玩法管理器场景。
- **卸载场景**：在加载新场景之前，卸载当前加载的场景。
- **加载屏幕和输入读取器**：在加载场景时显示加载屏幕并禁用输入读取器，在加载完成后隐藏加载屏幕并启用输入读取器。
- **事件处理**：通过事件通道响应加载请求，并在加载完成后触发事件。
2024-10-09 01:06:58,835 - INFO Retriever 0 - Agent主脑给出的回答为：{
    "read_file": {
        "file_path": "D:\\Unity\\open-project-1-main\\UOP1_Project\\Assets\\Scripts\\SceneManagement\\StartGame.cs"
    }
}
2024-10-09 01:06:58,836 - INFO Retriever 0 - 是否成功解析：True
2024-10-09 01:06:58,836 - INFO Retriever 0 - operation_type (__det_dir_action):
2024-10-09 01:06:58,836 - INFO Retriever 0 - read_file
2024-10-09 01:06:58,836 - INFO Retriever 0 - 

——————————————————————————————————————————————————————————————————————————————————————————————————————————————————————————
2024-10-09 01:06:58,837 - INFO Retriever 0 - Assistant:
2024-10-09 01:06:58,837 - INFO Retriever 0 - {
    "read_file": {
        "file_path": "D:\\Unity\\open-project-1-main\\UOP1_Project\\Assets\\Scripts\\SceneManagement\\StartGame.cs"
    }
}
2024-10-09 01:06:58,837 - INFO Retriever 0 - dict_keys(['read_file'])
2024-10-09 01:06:58,838 - INFO Retriever 0 - Agent主脑给出的行动：read_file
参数：{'file_path': 'D:\\Unity\\open-project-1-main\\UOP1_Project\\Assets\\Scripts\\SceneManagement\\StartGame.cs', 'top_path': 'D:\\Unity\\open-project-1-main\\UOP1_Project\\Assets', 'return_file_sum': <bound method TreeGenerationAction.return_file_sum of <Action.tree_gen_action.TreeGenerationAction object at 0x00000172932DBEB0>>}
2024-10-09 01:06:58,879 - INFO Retriever 0 - Observer: 这是一个名为“StartGame.cs”的文件，该文件里的内容为：
由于脚本文件内容过长，暂时仅给出该脚本文件的内容总结:
- ### 总体概述
- **框架和模块化结构**：该脚本是一个Unity C#脚本，定义了一个名为`StartGame`的类，该类继承自`MonoBehaviour`。它主要用于管理游戏开始时的逻辑，包括新游戏和继续游戏的操作。
- **主要功能和目标**：脚本的主要功能是处理游戏开始时的按钮事件，包括新游戏和继续游戏，以及相关的保存和加载逻辑。

### 模块和功能
- **新游戏模块**：处理新游戏开始时的逻辑，包括创建新的保存文件和设置游戏数据。
- **继续游戏模块**：处理继续之前保存的游戏的逻辑，包括加载保存的游戏数据和位置。
- **事件监听和广播模块**：监听新游戏和继续游戏按钮的事件，并在相应事件发生时执行操作。

### 类和函数
- **类**：`StartGame`
  - **属性**：
    - `_locationsToLoad`: 用于加载游戏场景的序列化对象。
    - `_saveSystem`: 保存系统，用于处理保存和加载游戏数据。
    - `_showLoadScreen`: 是否显示加载屏幕。
    - `_loadLocation`: 用于广播加载位置事件的通道。
    - `_onNewGameButton`: 用于监听新游戏按钮事件的通道。
    - `_onContinueButton`: 用于监听继续游戏按钮事件的通道。
    - `_hasSaveData`: 是否有保存数据的标志。
- **函数**：
  - `Start()`: 初始化函数，设置事件监听。
  - `OnDestroy()`: 清理函数，移除事件监听。
  - `StartNewGame()`: 处理新游戏逻辑。
  - `ContinuePreviousGame()`: 处理继续游戏逻辑。
  - `OnResetSaveDataPress()`: 重置保存数据的逻辑。
  - `LoadSaveGame()`: 协程函数，用于加载保存的游戏。

### 实现逻辑
- 代码首先初始化事件监听器，以便在按下新游戏或继续游戏按钮时触发相应的方法。
- `StartNewGame`方法创建一个新的保存文件，并设置游戏数据，然后加载游戏场景。
- `ContinuePreviousGame`方法启动一个协程`LoadSaveGame`，该协程加载保存的游戏数据，并加载相应的游戏场景。
- `LoadSaveGame`协程首先加载保存的库存，然后加载保存的剧情线状态，接着加载保存的位置，并广播加载事件。
2024-10-09 01:07:01,080 - INFO Retriever 0 - Agent主脑给出的回答为：{
    "finish": "我已完成你所给出的任务需求，请你进行确认"
}
2024-10-09 01:07:01,081 - INFO Retriever 0 - 是否成功解析：True
2024-10-09 01:07:01,081 - INFO Retriever 0 - operation_type (__det_dir_action):
2024-10-09 01:07:01,081 - INFO Retriever 0 - finish
2024-10-09 01:07:01,081 - INFO Retriever 0 - 

——————————————————————————————————————————————————————————————————————————————————————————————————————————————————————————
2024-10-09 01:07:01,082 - INFO Retriever 0 - Assistant:
2024-10-09 01:07:01,082 - INFO Retriever 0 - {
    "finish": "我已完成你所给出的任务需求，请你进行确认"
}
2024-10-09 01:07:01,082 - INFO Retriever 0 - dict_keys(['finish'])
2024-10-09 01:07:01,082 - INFO Retriever 0 - ——————————————————————————————————— 任务结束 ———————————————————————————————————
2024-10-09 01:07:08,045 - INFO Retriever 0 - -------------------------Task Report-----------------------
2024-10-09 01:07:08,045 - INFO Retriever 0 - * 文件一：
    * 文件绝对路径：D:\Unity\open-project-1-main\UOP1_Project\Assets\Scripts\SceneManagement\ScriptableObjects\GameSceneSO.cs
    * 文件内容概述：这是一个基类，用于封装所有游戏场景共有的属性和方法，包括场景类型、场景引用和音乐曲目等信息。
    * 该文件与问题目标之间的关联性：虽然该文件不直接包含玩家重生位置或初始位置的信息，但它提供了场景管理的基础，这些场景可能包含与玩家位置相关的数据。

* 文件二：
    * 文件绝对路径：D:\Unity\open-project-1-main\UOP1_Project\Assets\Scripts\SceneManagement\ScriptableObjects\LocationSO.cs
    * 文件内容概述：这是一个继承自`GameSceneSO`的类，用于封装位置特定的设置，包括位置的本地化名称。
    * 该文件与问题目标之间的关联性：该文件可能包含特定位置的信息，这些信息可能与玩家开局时的初始位置或重生位置有关。

* 文件三：
    * 文件绝对路径：D:\Unity\open-project-1-main\UOP1_Project\Assets\Scripts\SceneManagement\SceneLoader.cs
    * 文件内容概述：这是一个Unity脚本，负责管理场景的加载和卸载，包括游戏玩法场景和菜单场景。
    * 该文件与问题目标之间的关联性：该脚本可能包含加载和卸载场景的逻辑，这些场景可能包含玩家重生位置或初始位置的信息。

* 文件四：
    * 文件绝对路径：D:\Unity\open-project-1-main\UOP1_Project\Assets\Scripts\SceneManagement\StartGame.cs
    * 文件内容概述：这是一个Unity C#脚本，定义了一个名为`StartGame`的类，该类继承自`MonoBehaviour`，主要用于管理游戏开始时的逻辑，包括新游戏和继续游戏的操作。
    * 该文件与问题目标之间的关联性：该脚本可能包含游戏初始化的逻辑，这些逻辑可能涉及到玩家开局时的初始位置设置。

以上文件可能包含与玩家死亡后重生位置以及玩家开局时初始位置控制相关的信息，但需要进一步检查文件内容以确认。
2024-10-09 01:07:08,045 - INFO Retriever 0 - 
Token Consuming:151905

2024-10-09 01:07:08,047 - INFO Retriever 0 - 
history rounds:17

