2024-10-09 01:05:52,516 - INFO Retriever 0 - Init Retriever.
2024-10-09 01:06:05,149 - INFO Retriever 0 - keywords:“revival”，“location”，“重生”，“初始”，“开始”，“initial position”，“player dying”，“玩家死亡”，“ UIControl”，“control”，“player death”，“初始位置”，“控制”，“玩家”，“death”，“dying”，“player”，“position”，“死亡”，“reincarnation”，“重生位置”，“initial”，“位置”
2024-10-09 01:06:05,161 - INFO Retriever 0 - deep_think_conent
:在获取了项目文件的顶层结构后，我还需要结合待查询的问题描述，对于项目中的文件和目录进行一些深度关键词检索。根据任务描述：“请在D:\Unity\open-project-1-main\UOP1_Project\Assets下各级目录中寻找：游戏中玩家死亡后重生的位置以及玩家开局时的初始位置控制在那里？”，我总结出如下可能会出现在各个文件名或者文件内容中的关键词：“revival”，“location”，“重生”，“初始”，“开始”，“initial position”，“player dying”，“玩家死亡”，“ UIControl”，“control”，“player death”，“初始位置”，“控制”，“玩家”，“death”，“dying”，“player”，“position”，“死亡”，“reincarnation”，“重生位置”，“initial”，“位置”。
接下来，我将使用retrieve_keywords操作，在项目顶层路径“D:\Unity\open-project-1-main\UOP1_Project\Assets”下检索这些关键词，从而大致把握可能与问题描述相关的文件或目录的路径。
2024-10-09 01:06:05,170 - INFO Retriever 0 - ——————————————————————————————————————————————————————————————————————————————————————————————————————————————————————————
2024-10-09 01:06:05,171 - INFO Retriever 0 - Assistant:
2024-10-09 01:06:05,171 - INFO Retriever 0 - {
    "deep_think": {
        "thoughts": "好的，接下来我将通过深度思考、仔细计划以及逐步执行的方式，来完成该任务。\n\n首先，在阅读详细的代码细节之前，应该先整体把握整个项目。\n\n在提供的可选的action中，可以通过get_folder_info操作，通过将项目顶层路径作为target_folder_path参数进行传入，来获取获取项目中主要文件夹和主要文件的描述，从而能够先大致把握项目文件的主要文件的文件树结构、基本内容、主要代码概述以及大致功能板块的分布。"
    }
}
2024-10-09 01:06:05,171 - INFO Retriever 0 - 
Observer:
2024-10-09 01:06:05,171 - INFO Retriever 0 - 好的，请继续你的下一步行动或思考。
2024-10-09 01:06:05,171 - INFO Retriever 0 - 
2024-10-09 01:06:05,685 - INFO Retriever 0 - ——————————————————————————————————————————————————————————————————————————————————————————————————————————————————————————
2024-10-09 01:06:05,686 - INFO Retriever 0 - Assistant:
2024-10-09 01:06:05,686 - INFO Retriever 0 - {
    "get_folder_info": {
        "target_folder_path": "D:\\Unity\\open-project-1-main\\UOP1_Project\\Assets"
    }
}
2024-10-09 01:06:05,688 - INFO Retriever 0 - 
Observer:
2024-10-09 01:06:05,688 - INFO Retriever 0 - 目标文件夹路径：D:\Unity\open-project-1-main\UOP1_Project\Assets
文件结构树（该结构树可能不完整，仅返回深度小于等于1层的子文件以及文件夹）：
├── .DS_Store
├── Addons
│   ├── DOTween
│   ├── TextMeshPro
├── AddressableAssetsData
│   ├── AddressableAssetSettings.asset
│   ├── AssetGroupTemplates
│   ├── AssetGroups
│   ├── DataBuilders
│   ├── DefaultObject.asset
│   ├── Windows
├── Art
│   ├── Accessories
│   ├── Characters
│   ...
│   ├── UI
├── Audio
│   ├── Music
│   ├── SFX
├── Cutscenes
│   ├── AudioTests.playable
│   ├── BeachCandyCutscene.playable
│   ...
│   ├── TownCutscene.playable
├── LocalizationFiles
│   ├── .DS_Store
│   ├── AssetTables
│   ├── GoogleSheetService_ChopChop.asset
│   ├── Locales
│   ├── LocalizationSettings.asset
├── Prefabs
│   ├── Accessories
│   ├── Audio
│   ...
│   ├── _SceneChunks
├── ProBuilder Data
│   ├── Default Color Palette.asset
│   ├── Default Material Palette.asset
├── Scenes
│   ├── Examples
│   ├── Locations
│   ├── Managers
│   ├── Menus
│   ├── WIP
│   ├── Whiteboxing
├── ScriptableObjects
│   ├── Audio
│   ├── Configs
│   ...
│   ├── StateMachine
├── Scripts
│   ├── Animation
│   ├── Audio
│   ...
│   ├── UI
├── Settings
│   ├── Audio
│   ├── Graphics
│   ├── Input
│   ├── LightBakingSettings
│   ├── Presets
├── Shaders
│   ├── AggroEffect.shadergraph
│   ├── CustomHLSL
│   ...
│   ├── Water_Sea.shadergraph
├── TextData
│   ├── ContributorsList.txt
├── Tutorials
│   ├── Icons
│   ├── Images
│   ├── TutorialProjectSettings.asset
│   ├── TutorialWelcomePage.asset
│   ├── Tutorials.asset
├── WIP
│   ├── Materials
│   ├── Prefabs
│   ├── SourceFiles
│   ├── Textures


其中，部分主要文件及文件夹的信息如下：
1. Assets
# 路径:D:/Unity/open-project-1-main/UOP1_Project\Assets
# 内容概述:“Assets”文件夹汇集了Unity游戏开发所需的多种资源，包括动画、文本处理、音频、艺术资产、场景和脚本等。其中，“Addons”子文件夹提供了DOTween和TextMeshPro等插件，分别用于动画和文本渲染；“AddressableAssetsData”则专注于资源管理和配置；“Art”包含3D模型、动画和视觉效果等创意资源；“Audio”提供背景音乐和声音效果；“Cutscenes”包含剧情相关文件；“LocalizationFiles”支持多语言本地化；“Prefabs”提供可复用的游戏对象；“Scenes”涉及场景设计和导航；“ScriptableObjects”存储游戏配置；“Scripts”包含脚本文件；“Settings”管理音频、图形和输入设置；“Shaders”提供自定义着色器；“TextData”记录项目贡献者；“Tutorials”提供开发指导；“WIP”存放开发中的资源。整体上，这些文件夹和文件协同工作，构成了一个完整且功能丰富的游戏开发环境。

2. Addons
# 路径:D:/Unity/open-project-1-main/UOP1_Project\Assets\Addons
# 内容概述:“Addons”文件夹汇集了两个Unity插件：DOTween和TextMeshPro。DOTween提供全面的动画和缓动解决方案，包含编辑器工具和模块化脚本，旨在增强Unity中的动画效果。TextMeshPro则专注于文本渲染和视觉效果，提供丰富的字体资源、样式表和表情符号，以丰富游戏中的文本显示。两个插件均附有详细的使用说明和许可协议，旨在为Unity开发者提供高效的内容创作工具。

3. AddressableAssetsData
# 路径:D:/Unity/open-project-1-main/UOP1_Project\Assets\AddressableAssetsData
# 内容概述:### 简化版文件夹内容总结

“AddressableAssetsData”文件夹是Unity游戏开发的核心资源管理区域，汇集了资源打包模板、详细配置文件、脚本组件以及操作系统相关状态文件。它包括资源管理模板（AssetGroupTemplates）、资源与场景管理配置（AssetGroups）、脚本配置（DataBuilders）、操作系统资源状态文件（Windows和OSX），以及可寻址资源设置（AddressableAssetSettings.asset）和默认对象配置（DefaultObject.asset）。这些文件和文件夹协同工作，确保了游戏资源的有效管理和优化。

4. Art
# 路径:D:/Unity/open-project-1-main/UOP1_Project\Assets\Art
# 内容概述:“Art”文件夹汇集了丰富多样的创意资源，包括3D模型、动画、字体、视觉效果和用户界面设计等，适用于游戏开发、动画制作和视觉设计。其中，**Accessories** 和 **Characters** 提供了丰富的角色和道具模型，**Effects** 包含了用于特效制作的资源，**Font** 提供了字体设计和智能合约代码，**Items** 和 **Nature** 则专注于游戏和动画中的物品和自然景观设计。此外，**Materials**、**Skybox**、**Textures** 和 **UI** 分别提供了材质、环境纹理、用户界面元素等，共同构成了一个全面的艺术资源库。

5. Audio
# 路径:D:/Unity/open-project-1-main/UOP1_Project\Assets\Audio
# 内容概述:“Audio”文件夹汇集了音乐与声音效果两大类资源。其中，“Music”子文件夹专注于为游戏或多媒体项目中的不同场景提供定制背景音乐，包括海滩、森林、城镇等，以及一系列主题音乐和暂停菜单音乐。而“SFX”子文件夹则包含了丰富的声音效果，涵盖角色动作、厨房环境以及界面交互等，旨在增强多媒体项目的沉浸感和互动性。这两个子文件夹的资源相互配合，共同构建了项目的音频环境。

6. Cutscenes
# 路径:D:/Unity/open-project-1-main/UOP1_Project\Assets\Cutscenes
# 内容概述:### 文件夹内容总结

“Cutscenes”文件夹汇集了多种游戏剧情相关的可播放文件，包括海滩、镇子等场景的剧情片段，如开场、游戏结束等。这些文件与“Signals”文件夹中的信号文件协同工作，共同构建游戏的故事情节和动态事件。

7. LocalizationFiles
# 路径:D:/Unity/open-project-1-main/UOP1_Project\Assets\LocalizationFiles
# 内容概述:### 文件夹内容总结

“LocalizationFiles”文件夹汇集了Unity游戏开发所需的本地化资源和配置文件。其中，.DS_Store文件负责Mac系统文件夹个性化设置，而“Locales”子文件夹内包含多语言本地化资产，如英文、法语和意大利语设置。此外，GoogleSheetService_ChopChop.asset脚本组件用于与Google Sheets服务集成，而LocalizationSettings.asset则定义了游戏的本地化设置和格式化规则，确保游戏在不同语言环境下的正确显示。这些文件共同支撑起游戏的多语言功能和数据管理。

8. Prefabs
# 路径:D:/Unity/open-project-1-main/UOP1_Project\Assets\Prefabs
# 内容概述:“Prefabs”文件夹汇集了多样化的预制资源，专为游戏和虚拟现实项目设计。它包含角色装饰、音频管理、NPC与场景构建、动画场景、可收集物品、编辑器工具、视觉效果、食物与家具模型、UI界面、独特场景元素等预制件，旨在加速游戏开发流程，丰富游戏世界和角色设定，同时确保视觉和交互体验的丰富性。

9. ProBuilder Data
# 路径:D:/Unity/open-project-1-main/UOP1_Project\Assets\ProBuilder Data
# 内容概述:“ProBuilder Data”文件夹汇集了两个Unity游戏引擎相关资产文件：一个是“Default Color Palette.asset”，定义了15种默认颜色调色板，供游戏界面和视觉效果使用；另一个是“Default Material Palette.asset”，包含一个Unity材质调色板脚本组件，可能用于存储和应用颜色配置。这两个文件共同服务于游戏视觉设计。

10. Scenes
# 路径:D:/Unity/open-project-1-main/UOP1_Project\Assets\Scenes
# 内容概述:“Scenes”文件夹是Unity游戏开发的核心资源库，汇集了多样化的场景设计元素。其中，“Examples”展示了场景导航网络示例，“Locations”提供了多种场景的光照、反射和导航数据，“Menus”则专注于游戏菜单的光照效果。此外，“WIP”包含正在开发中的场景照明和导航设置，而“Whiteboxing”则涵盖了城镇景观和地图构建资源。整体上，这些文件夹相互关联，共同构建了游戏世界的视觉和功能框架。遗憾的是，“Managers”文件夹的具体内容尚未明确，其关联性分析有待进一步信息。

11. ScriptableObjects
# 路径:D:/Unity/open-project-1-main/UOP1_Project\Assets\ScriptableObjects
# 内容概述:“ScriptableObjects”文件夹是Unity游戏项目的核心配置中心，汇集了音频、游戏机制、对话、事件通道、游戏状态、输入管理、交互、库存、物品类型、路径、任务、运行时锚点、保存系统、场景数据和状态机等关键组件的配置文件。这些文件相互关联，共同支撑起游戏的基本机制和玩家体验，确保了从音效到游戏逻辑的每一部分都能无缝协作，为玩家提供连贯且丰富的游戏体验。

12. Scripts
# 路径:D:/Unity/open-project-1-main/UOP1_Project\Assets\Scripts
# 内容概述:“Scripts”文件夹是Unity游戏开发的核心，汇集了动画控制、音频管理、角色行为、摄像机操作、场景管理等关键脚本，旨在构建流畅的游戏体验。它还包含了对话系统、库存管理、用户界面、输入处理、交互逻辑等脚本，确保游戏交互丰富且直观。此外，文件夹内还涵盖了保存系统、状态机、系统设置、本地化工具以及编辑器辅助工具，以支持高效的游戏开发和资源管理。这些脚本相互协作，共同构成了一个功能全面、结构清晰的游戏开发框架。

13. Settings
# 路径:D:/Unity/open-project-1-main/UOP1_Project\Assets\Settings
# 内容概述:“Settings”文件夹汇集了游戏开发的关键配置文件，包括音频混合器设置、图形渲染和视觉效果配置、输入系统定义、光照烘焙参数以及预设导入设置。这些子文件夹（Audio、Graphics、Input、LightBakingSettings、Presets）分别针对音频处理、视觉效果、玩家交互、光照效果优化和文件导入优化，确保游戏在音效、视觉、操作和性能上的高质量体验。

14. Shaders
# 路径:D:/Unity/open-project-1-main/UOP1_Project\Assets\Shaders
# 内容概述:“Shaders”文件夹汇集了多种图形渲染和视觉效果资源，包括自定义着色器代码（如CustomHLSL中的自定义光照效果）、调试工具（如Debug文件夹中的顶点着色器调试）、以及一系列子图文件（如SubGraphs中的多种视觉效果子图）。此外，Unused文件夹包含了未使用的Unity项目资源，如自定义渲染脚本、水效果和ShaderGraph编辑文件。这些资源共同服务于图形渲染和视觉效果的开发，适用于游戏和视觉效果制作。

15. TextData
# 路径:D:/Unity/open-project-1-main/UOP1_Project\Assets\TextData
# 内容概述:“TextData”文件夹专注于存储项目贡献者信息，其中包含一个名为“ContributorsList.txt”的文件，记录了项目开发者和艺术家的名单及其角色。

16. Tutorials
# 路径:D:/Unity/open-project-1-main/UOP1_Project\Assets\Tutorials
# 内容概述:“Tutorials”文件夹汇集了Unity游戏开发的丰富资源，包括图标和图像设计文件，用于界面视觉元素。其中，**TutorialProjectSettings.asset** 配置了教程项目的初始场景和相机设置，而**TutorialWelcomePage.asset** 则创建了项目欢迎页面，介绍“Chop Chop”游戏并引导用户。此外，**Tutorials.asset** 提供了教程页面的详细配置，涵盖项目资源获取、讨论论坛、开发日志等，为开发者提供了全面的学习和参与途径。这些文件共同构成了一个完整的教学和资源支持体系，旨在辅助开发者深入学习和实践Unity游戏开发。

17. WIP
# 路径:D:/Unity/open-project-1-main/UOP1_Project\Assets\WIP
# 内容概述:“WIP”文件夹汇集了游戏开发所需的多媒体资源，包括用于场景设计的材质（如草地、天空盒等），预制体组件（如菜单、物体），以及图像素材和纹理（如国旗、地图纹理）。这些资源相互关联，共同构成了游戏世界的视觉和交互基础。

18. .DS_Store
# 路径:D:/Unity/open-project-1-main/UOP1_Project\Assets\.DS_Store
# 内容概述:这是一个名为“.DS_Store”的文件。


2024-10-09 01:06:05,689 - INFO Retriever 0 - 
2024-10-09 01:06:05,696 - INFO Retriever 0 - ——————————————————————————————————————————————————————————————————————————————————————————————————————————————————————————
2024-10-09 01:06:05,698 - INFO Retriever 0 - Assistant:
2024-10-09 01:06:05,702 - INFO Retriever 0 - {
    "deep_think": {
        "thoughts": "在获取了项目文件的顶层结构后，我还需要结合待查询的问题描述，对于项目中的文件和目录进行一些深度关键词检索。根据任务描述：“请在D:\\Unity\\open-project-1-main\\UOP1_Project\\Assets下各级目录中寻找：游戏中玩家死亡后重生的位置以及玩家开局时的初始位置控制在那里？”，我总结出如下可能会出现在各个文件名或者文件内容中的关键词：“revival”，“location”，“重生”，“初始”，“开始”，“initial position”，“player dying”，“玩家死亡”，“ UIControl”，“control”，“player death”，“初始位置”，“控制”，“玩家”，“death”，“dying”，“player”，“position”，“死亡”，“reincarnation”，“重生位置”，“initial”，“位置”。\n接下来，我将使用retrieve_keywords操作，在项目顶层路径“D:\\Unity\\open-project-1-main\\UOP1_Project\\Assets”下检索这些关键词，从而大致把握可能与问题描述相关的文件或目录的路径。"
    }
}
2024-10-09 01:06:05,703 - INFO Retriever 0 - 
Observer:
2024-10-09 01:06:05,703 - INFO Retriever 0 - 好的，请继续你的下一步行动或思考。
2024-10-09 01:06:05,703 - INFO Retriever 0 - 
2024-10-09 01:06:12,734 - INFO Retriever 0 - ——————————————————————————————————————————————————————————————————————————————————————————————————————————————————————————
2024-10-09 01:06:12,734 - INFO Retriever 0 - Assistant:
2024-10-09 01:06:12,734 - INFO Retriever 0 - {
    "retrieve_keywords": {
        "top_path": "D:\\Unity\\open-project-1-main\\UOP1_Project\\Assets",
        "key_word_list": [
            "revival",
            "location",
            "重生",
            "初始",
            "开始",
            "initial position",
            "player dying",
            "玩家死亡",
            " UIControl",
            "control",
            "player death",
            "初始位置",
            "控制",
            "玩家",
            "death",
            "dying",
            "player",
            "position",
            "死亡",
            "reincarnation",
            "重生位置",
            "initial",
            "位置"
        ]
    }
}
2024-10-09 01:06:12,735 - INFO Retriever 0 - 
Observer:
2024-10-09 01:06:12,735 - INFO Retriever 0 - 根据你提供的关键词，我检索到以下目录或文件，它们的绝对路径如下：
1. D:\Unity\open-project-1-main\UOP1_Project\Assets\Scripts\Characters
“Characters”文件夹汇集了Unity游戏开发中角色相关的脚本资源，包括角色配置（如攻击、奖励、效果和NPC移动）、状态机逻辑、音频处理以及角色行为控制。文件夹内分为多个子目录，如Config存储角色配置脚本，StateMachine包含构建游戏逻辑的脚本，Audio则专注于角色音效。此外，Attack、Attacker、Critter等脚本负责角色具体行为，而NPC、Protagonist等则涉及角色状态和交互。整体上，这些脚本相互协作，共同构成了游戏中的角色系统。

2. D:\Unity\open-project-1-main\UOP1_Project\Assets\Addons\DOTween\Modules
“Modules”文件夹汇集了DOTween插件的核心脚本，旨在为Unity游戏开发提供丰富的动画功能。包含的脚本如`DOTweenModuleAudio.cs`专注于音频动画处理，`DOTweenModulePhysics.cs`和`DOTweenModulePhysics2D.cs`分别针对2D和3D物理对象的动画，而`DOTweenModuleSprite.cs`和`DOTweenModuleUI.cs`则分别处理SpriteRenderer和UI组件的动画。此外，`DOTweenModuleUnityVersion.cs`适配不同Unity版本，提供材质和自定义YieldInstructions动画，`DOTweenModuleUtils.cs`则提供模块初始化和配置工具。这些脚本相互协作，共同构成了DOTween动画库的强大功能体系。

3. D:\Unity\open-project-1-main\UOP1_Project\Assets\Scripts\SceneManagement
“SceneManagement”文件夹汇集了Unity游戏开发的核心脚本，旨在高效管理游戏场景与设置。其中，ScriptableObjects子文件夹封装了游戏场景、位置、菜单等数据，通过继承基类实现通用场景管理功能。FallCatcher、InitializationLoader、LocationEntrance、LocationExit等脚本分别处理玩家碰撞、游戏初始化、位置入口与出口逻辑。SceneLoader负责场景的异步加载与卸载，而StartGame则管理游戏开始流程，包括新游戏和继续游戏选项。整体上，这些脚本协同工作，确保游戏场景的流畅切换和玩家交互的顺畅进行。

4. D:\Unity\open-project-1-main\UOP1_Project\Assets\Scripts\Input
## 文件夹内容精简总结
该“Input”文件夹汇集了游戏输入管理脚本，包含`GameInput.cs`和`InputReader.cs`两个关键文件。`GameInput.cs`定义了`@GameInput`类，负责处理游戏输入，包括玩法、菜单、对话和作弊等模块，并实现了资源管理。`InputReader.cs`则继承自`DescriptionBaseSO`，实现了对游戏输入事件的管理，如跳跃、攻击等，并通过事件和回调函数将输入事件传递给相应系统。两者协同工作，确保游戏输入的模块化和高效处理。

5. D:\Unity\open-project-1-main\UOP1_Project\Assets\Scripts\StateMachine\Editor
### 文件夹内容概览
“Editor”文件夹汇集了Unity游戏开发中状态机设计和编辑所需的资源，包括脚本模板、工具和编辑器扩展。主要文件包括：
- **Templates**：提供状态机脚本模板，如动作和条件框架，辅助快速开发。
- **Utilities**：集成了编辑器扩展，如过渡项管理、GUI样式配置和属性编辑器，增强状态机编辑体验。
- **StateEditor.cs**：扩展StateSO编辑器界面，允许编辑动作列表。
- **TransitionTableEditor.cs**：管理过渡表，支持添加、删除和排序过渡。
- **TransitionTableEditorWindow.cs**：创建独立编辑器窗口，用于转换表的编辑和管理。
- **样式和布局文件**：定义了编辑器窗口的外观和布局。
- **Assembly Definition文件**：可能用于组织编辑器模块的编译和依赖。
这些资源共同构成了一个全面的状态机开发工具集，旨在简化Unity状态机的创建和管理流程。

6. D:\Unity\open-project-1-main\UOP1_Project\Assets\Scripts\UI
“UI”文件夹汇集了Unity游戏开发中用于构建和管理用户界面的关键脚本。它涵盖了对话系统、库存管理、设置界面、加载界面、信用屏幕、通用按钮、健康条、心形显示、交互面板、主菜单、暂停界面、弹窗以及旋转动画等多个方面。这些脚本通过事件和函数调用相互协作，确保了游戏UI的完整性和交互性，共同构成了游戏流程中的关键用户界面元素。

7. D:\Unity\open-project-1-main\UOP1_Project\Assets\Scripts\Gameplay
## 文件夹内容精简总结
“Gameplay”文件夹汇集了Unity游戏开发的核心脚本，包括`GameManager.cs`用于管理游戏状态和事件，`GameStateSO.cs`负责跟踪和管理游戏状态变化，以及`SpawnSystem.cs`负责玩家的生成逻辑。这些脚本相互协作，共同构成了游戏的核心功能框架。

8. D:\Unity\open-project-1-main\UOP1_Project\Assets\Scripts\EditorTools\MonoBehaviours
“MonoBehaviours”文件夹汇集了Unity编辑器增强工具，包括交互式游戏对象放置（ClickToPlace）、冷启动初始化（EditorColdStartup）、传送功能（EditorTeleporter和LocationTeleporterButton）以及光贴图缩放自动调整（LightmapScaleSetter）。这些脚本协同工作，丰富了Unity编辑器的功能和用户体验。

9. D:\Unity\open-project-1-main\UOP1_Project\Assets\ScriptableObjects\StateMachine\Protagonist\Actions
“Actions”文件夹汇集了Unity游戏开发所需的多种脚本资源，包括用于动画状态控制的AnimatorParameters、角色移动逻辑的MovementVector、粒子效果的Particles、声音效果的SFX，以及交互和视觉效果的脚本如ClearInputCache_OnEnter、DestroyPlayer、GetHitFlashingEffect、ResetGetHitState、RespawnPlayer和ShakeCam。这些资源协同工作，为游戏角色动作、视觉效果和交互体验提供全面支持。

10. D:\Unity\open-project-1-main\UOP1_Project\Assets\Scripts\Audio
“Audio”文件夹汇集了Unity游戏音频开发的关键脚本，包括音频配置管理（如`AudioConfigurationSO.cs`）、音频剪辑播放控制（`AudioCueSO.cs`）、以及音频效果的管理和播放（`SoundEmitters`子文件夹）。其中，`AudioManager.cs`负责全面音频控制，而`MusicPlayer.cs`专注于音乐播放。此外，`AudioConfigApplier.cs`确保音频配置的即时应用，`AudioCue.cs`和`AudioCueOnTriggerEnter.cs`则处理音频事件和触发器逻辑，而`OrientListener.cs`则同步游戏对象与相机方向。这些脚本协同工作，为游戏提供丰富且高效的音频体验。

请注意，这些目录或文件可能不全都和你的任务目标相关，仅供参考。请你基于具体的文件内容概述，结合你的任务目标，认真思考分析后，优先选择最有可能与任务相关的目录或文件进行进一步的检查。
2024-10-09 01:06:12,736 - INFO Retriever 0 - 
2024-10-09 01:06:22,471 - INFO Retriever 0 - Agent主脑给出的回答为：{
    "deep_think": {
        "thoughts": "根据检索结果，我发现了多个可能与任务相关的目录和文件，包括“Characters”、“SceneManagement”、“Input”、“StateMachine”、“UI”、“Gameplay”、“ScriptableObjects\StateMachine\Protagonist\Actions”和“Audio”。考虑到任务中提到的“玩家死亡后重生的位置”和“玩家开局时的初始位置”，这些目录和文件中可能包含与玩家位置和状态相关的代码或配置。\n\n首先，我将对“Characters”目录进行进一步检查，因为玩家重生和初始位置可能与角色相关。\n\n其次，我会检查“SceneManagement”目录，因为场景管理可能涉及到玩家位置的设置。\n\n然后，我会查看“ScriptableObjects\StateMachine\Protagonist\Actions”目录，因为状态机可能包含玩家重生逻辑。\n\n最后，我会检查“Audio”目录，因为音频文件可能包含与玩家重生相关的提示或事件。\n\n接下来，我将依次对这些目录进行get_folder_info操作，以获取更详细的信息。"
    }
}
2024-10-09 01:06:22,471 - INFO Retriever 0 - 是否成功解析：True
2024-10-09 01:06:22,472 - INFO Retriever 0 - operation_type (__det_dir_action):
2024-10-09 01:06:22,472 - INFO Retriever 0 - deep_think
2024-10-09 01:06:22,472 - INFO Retriever 0 - 

——————————————————————————————————————————————————————————————————————————————————————————————————————————————————————————
2024-10-09 01:06:22,472 - INFO Retriever 0 - Assistant:
2024-10-09 01:06:22,473 - INFO Retriever 0 - {
    "deep_think": {
        "thoughts": "根据检索结果，我发现了多个可能与任务相关的目录和文件，包括“Characters”、“SceneManagement”、“Input”、“StateMachine”、“UI”、“Gameplay”、“ScriptableObjects\\StateMachine\\Protagonist\\Actions”和“Audio”。考虑到任务中提到的“玩家死亡后重生的位置”和“玩家开局时的初始位置”，这些目录和文件中可能包含与玩家位置和状态相关的代码或配置。\n\n首先，我将对“Characters”目录进行进一步检查，因为玩家重生和初始位置可能与角色相关。\n\n其次，我会检查“SceneManagement”目录，因为场景管理可能涉及到玩家位置的设置。\n\n然后，我会查看“ScriptableObjects\\StateMachine\\Protagonist\\Actions”目录，因为状态机可能包含玩家重生逻辑。\n\n最后，我会检查“Audio”目录，因为音频文件可能包含与玩家重生相关的提示或事件。\n\n接下来，我将依次对这些目录进行get_folder_info操作，以获取更详细的信息。"
    }
}
2024-10-09 01:06:22,473 - INFO Retriever 0 - dict_keys(['deep_think'])
2024-10-09 01:06:22,473 - INFO Retriever 0 - Agent主脑给出的行动：deep_think
参数：{'thoughts': '根据检索结果，我发现了多个可能与任务相关的目录和文件，包括“Characters”、“SceneManagement”、“Input”、“StateMachine”、“UI”、“Gameplay”、“ScriptableObjects\\StateMachine\\Protagonist\\Actions”和“Audio”。考虑到任务中提到的“玩家死亡后重生的位置”和“玩家开局时的初始位置”，这些目录和文件中可能包含与玩家位置和状态相关的代码或配置。\n\n首先，我将对“Characters”目录进行进一步检查，因为玩家重生和初始位置可能与角色相关。\n\n其次，我会检查“SceneManagement”目录，因为场景管理可能涉及到玩家位置的设置。\n\n然后，我会查看“ScriptableObjects\\StateMachine\\Protagonist\\Actions”目录，因为状态机可能包含玩家重生逻辑。\n\n最后，我会检查“Audio”目录，因为音频文件可能包含与玩家重生相关的提示或事件。\n\n接下来，我将依次对这些目录进行get_folder_info操作，以获取更详细的信息。', 'repeat_counter': 1, 'continue_think_counter': 1}
2024-10-09 01:06:22,474 - INFO Retriever 0 - Observer: 好的，请继续你的下一步行动或思考。
2024-10-09 01:06:23,966 - INFO Retriever 0 - Agent主脑给出的回答为：{
    "get_folder_info": {
        "target_folder_path": "D:\\Unity\\open-project-1-main\\UOP1_Project\\Assets\\Characters"
    }
}
2024-10-09 01:06:23,966 - INFO Retriever 0 - 是否成功解析：True
2024-10-09 01:06:23,966 - INFO Retriever 0 - operation_type (__det_dir_action):
2024-10-09 01:06:23,966 - INFO Retriever 0 - get_folder_info
2024-10-09 01:06:23,966 - INFO Retriever 0 - 

——————————————————————————————————————————————————————————————————————————————————————————————————————————————————————————
2024-10-09 01:06:23,967 - INFO Retriever 0 - Assistant:
2024-10-09 01:06:23,967 - INFO Retriever 0 - {
    "get_folder_info": {
        "target_folder_path": "D:\\Unity\\open-project-1-main\\UOP1_Project\\Assets\\Characters"
    }
}
2024-10-09 01:06:23,967 - INFO Retriever 0 - dict_keys(['get_folder_info'])
2024-10-09 01:06:23,967 - INFO Retriever 0 - Agent主脑给出的行动：get_folder_info
参数：{'target_folder_path': 'D:\\Unity\\open-project-1-main\\UOP1_Project\\Assets\\Characters'}
2024-10-09 01:06:24,248 - INFO Retriever 0 - Observer: 目标路径D:\Unity\open-project-1-main\UOP1_Project\Assets\Characters不存在。

2024-10-09 01:06:26,564 - INFO Retriever 0 - Agent主脑给出的回答为：{
    "get_folder_info": {
        "target_folder_path": "D:\\Unity\\open-project-1-main\\UOP1_Project\\Assets\\SceneManagement"
    }
}
2024-10-09 01:06:26,565 - INFO Retriever 0 - 是否成功解析：True
2024-10-09 01:06:26,565 - INFO Retriever 0 - operation_type (__det_dir_action):
2024-10-09 01:06:26,565 - INFO Retriever 0 - get_folder_info
2024-10-09 01:06:26,565 - INFO Retriever 0 - 

——————————————————————————————————————————————————————————————————————————————————————————————————————————————————————————
2024-10-09 01:06:26,566 - INFO Retriever 0 - Assistant:
2024-10-09 01:06:26,566 - INFO Retriever 0 - {
    "get_folder_info": {
        "target_folder_path": "D:\\Unity\\open-project-1-main\\UOP1_Project\\Assets\\SceneManagement"
    }
}
2024-10-09 01:06:26,566 - INFO Retriever 0 - dict_keys(['get_folder_info'])
2024-10-09 01:06:26,566 - INFO Retriever 0 - Agent主脑给出的行动：get_folder_info
参数：{'target_folder_path': 'D:\\Unity\\open-project-1-main\\UOP1_Project\\Assets\\SceneManagement'}
2024-10-09 01:06:26,792 - INFO Retriever 0 - Observer: 目标路径D:\Unity\open-project-1-main\UOP1_Project\Assets\SceneManagement不存在。

2024-10-09 01:06:28,447 - INFO Retriever 0 - Agent主脑给出的回答为：{
    "get_folder_info": {
        "target_folder_path": "D:\\Unity\\open-project-1-main\\UOP1_Project\\Assets\\ScriptableObjects\\StateMachine\\Protagonist\\Actions"
    }
}
2024-10-09 01:06:28,448 - INFO Retriever 0 - 是否成功解析：True
2024-10-09 01:06:28,448 - INFO Retriever 0 - operation_type (__det_dir_action):
2024-10-09 01:06:28,449 - INFO Retriever 0 - get_folder_info
2024-10-09 01:06:28,449 - INFO Retriever 0 - 

——————————————————————————————————————————————————————————————————————————————————————————————————————————————————————————
2024-10-09 01:06:28,449 - INFO Retriever 0 - Assistant:
2024-10-09 01:06:28,449 - INFO Retriever 0 - {
    "get_folder_info": {
        "target_folder_path": "D:\\Unity\\open-project-1-main\\UOP1_Project\\Assets\\ScriptableObjects\\StateMachine\\Protagonist\\Actions"
    }
}
2024-10-09 01:06:28,450 - INFO Retriever 0 - dict_keys(['get_folder_info'])
2024-10-09 01:06:28,450 - INFO Retriever 0 - Agent主脑给出的行动：get_folder_info
参数：{'target_folder_path': 'D:\\Unity\\open-project-1-main\\UOP1_Project\\Assets\\ScriptableObjects\\StateMachine\\Protagonist\\Actions'}
2024-10-09 01:06:28,501 - INFO Retriever 0 - Observer: 目标文件夹路径：D:\Unity\open-project-1-main\UOP1_Project\Assets\ScriptableObjects\StateMachine\Protagonist\Actions
文件结构树（该结构树可能不完整，仅返回深度小于等于1层的子文件以及文件夹）：
├── AnimatorParameters
│   ├── AnimatorMoveSpeed.asset
│   ├── HasFainted_True_OnEnter.asset
│   ...
│   ├── ReceiveHitTrigger_OnEnter.asset
├── ClearInputCache_OnEnter.asset
├── DestroyPlayer.asset
├── GetHitFlashingEffect.asset
├── MovementVector
│   ├── AerialMovement.asset
│   ├── ApplyMovementVector.asset
│   ...
│   ├── StopMovement.asset
├── Particles
│   ├── ControlWalkingParticles.asset
│   ├── PlayJumpParticles.asset
│   ├── PlayLandParticles.asset
│   ├── PlayLiftoffJumpParticles.asset
├── ResetGetHitState.asset
├── RespawnPlayer.asset
├── SFX
│   ├── PlaySound_Jump.asset
│   ├── PlaySound_PickUp.asset
│   ├── PlaySound_SwingCane.asset
├── ShakeCam.asset


其中，部分主要文件及文件夹的信息如下：
1. Actions
# 路径:D:/Unity/open-project-1-main/UOP1_Project\Assets\ScriptableObjects\StateMachine\Protagonist\Actions
# 内容概述:“Actions”文件夹汇集了Unity游戏开发所需的多种脚本资源，包括用于动画状态控制的AnimatorParameters、角色移动逻辑的MovementVector、粒子效果的Particles、声音效果的SFX，以及交互和视觉效果的脚本如ClearInputCache_OnEnter、DestroyPlayer、GetHitFlashingEffect、ResetGetHitState、RespawnPlayer和ShakeCam。这些资源协同工作，为游戏角色动作、视觉效果和交互体验提供全面支持。

2. AnimatorParameters
# 路径:D:/Unity/open-project-1-main/UOP1_Project\Assets\ScriptableObjects\StateMachine\Protagonist\Actions\AnimatorParameters
# 内容概述:### 文件夹内容精简总结

“AnimatorParameters”文件夹汇集了多个Unity脚本资产，旨在通过设置动画控制器参数来管理游戏角色的不同状态。这些脚本包括控制移动速度、角色晕倒、空中状态、攻击、拾取、受到攻击等动作的动画触发。例如，"IsAttacking_True_OnEnter.asset"在角色进入攻击状态时激活攻击动画，而"IsWalking_False_OnEnter.asset"则用于角色开始行走。这些脚本资产通过在角色进入或离开特定区域时触发，共同构成了角色的动画状态管理机制。

3. MovementVector
# 路径:D:/Unity/open-project-1-main/UOP1_Project\Assets\ScriptableObjects\StateMachine\Protagonist\Actions\MovementVector
# 内容概述:“MovementVector”文件夹汇集了Unity游戏引擎中用于控制主角移动的核心脚本组件，包括处理空中移动、地面移动、垂直方向移动、旋转和滑行等功能的脚本。这些组件如“AerialMovement”和“ApplyMovementVector”协同工作，确保主角在空中和地面上的流畅移动；“Ascend”和“Descend”负责垂直方向的运动；“GravityGround”和“MoveOnTheGround”分别处理重力效果和地面移动速度；“Rotate”和“RotateFast”则负责主角的转向；“Slide”组件适应滑行表面，而“StopMovement”则允许在必要时停止移动。这些组件相互关联，共同构成了主角在游戏中的动态行为。

4. Particles
# 路径:D:/Unity/open-project-1-main/UOP1_Project\Assets\ScriptableObjects\StateMachine\Protagonist\Actions\Particles
# 内容概述:### 文件夹内容精简总结

“Particles”文件夹汇集了多个Unity游戏开发中的粒子效果脚本，包括控制行走、跳跃和起飞动作的粒子显示。这些脚本如`ControlWalkingParticles.asset`、`PlayJumpParticles.asset`、`PlayLandParticles.asset`和`PlayLiftoffJumpParticles.asset`，分别用于管理不同场景下的粒子效果，共同丰富了游戏的视觉效果。所有脚本均遵循Unity脚本规范，便于在Unity环境中集成和使用。

5. SFX
# 路径:D:/Unity/open-project-1-main/UOP1_Project\Assets\ScriptableObjects\StateMachine\Protagonist\Actions\SFX
# 内容概述:### 文件夹内容精简总结

“SFX”文件夹汇集了Unity游戏开发中用于特定游戏事件的音频脚本组件，包括跳跃、拾取物品和挥舞拐杖等动作的声音播放脚本。文件夹内包含的“PlaySound_Jump.asset”、“PlaySound_PickUp.asset”和“PlaySound_SwingCane.asset”三个文件分别对应不同动作的声音效果触发，共同为游戏提供丰富的听觉体验。

6. ClearInputCache_OnEnter.asset
# 路径:D:/Unity/open-project-1-main/UOP1_Project\Assets\ScriptableObjects\StateMachine\Protagonist\Actions\ClearInputCache_OnEnter.asset
# 内容概述:该文件描述了一个Unity脚本组件“ClearInputCache_OnEnter”，其主要功能是清除游戏主角的输入缓存，例如跳跃动作。脚本基于MonoBehaviour组件，并附有简要描述，指出其清除主角动作输入缓存的作用。

7. DestroyPlayer.asset
# 路径:D:/Unity/open-project-1-main/UOP1_Project\Assets\ScriptableObjects\StateMachine\Protagonist\Actions\DestroyPlayer.asset
# 内容概述:该文本描述了一个Unity脚本组件“DestroyPlayer”，属于`MonoBehaviour`类，专门用于销毁玩家角色游戏对象。该组件在Unity编辑器中标识为“Destroys the player character GO”，表明其主要功能是实现玩家角色的销毁。

8. GetHitFlashingEffect.asset
# 路径:D:/Unity/open-project-1-main/UOP1_Project\Assets\ScriptableObjects\StateMachine\Protagonist\Actions\GetHitFlashingEffect.asset
# 内容概述:### 简要总结
“GetHitFlashingEffect.asset”文件是Unity游戏引擎中的一个脚本，名为“GetHitFlashingEffect”，其功能是在角色受到攻击时触发闪烁效果，增强角色受击的视觉反馈。

9. ResetGetHitState.asset
# 路径:D:/Unity/open-project-1-main/UOP1_Project\Assets\ScriptableObjects\StateMachine\Protagonist\Actions\ResetGetHitState.asset
# 内容概述:### 简化总结

该文件是Unity引擎中的一个名为“ResetGetHitState”的脚本资产，用于重置“Damageable”脚本中的“GetHit”布尔值，以管理游戏中的伤害状态重置。

10. RespawnPlayer.asset
# 路径:D:/Unity/open-project-1-main/UOP1_Project\Assets\ScriptableObjects\StateMachine\Protagonist\Actions\RespawnPlayer.asset
# 内容概述:### 简要总结
“RespawnPlayer.asset”文件定义了一个Unity脚本，名为“RespawnPlayer”，其功能是在场景准备好时通过触发事件由SpawnSystem实例化玩家。脚本具备基本属性，如启用状态，并关联了一个名为voidEvent的事件以实现这一功能。

11. ShakeCam.asset
# 路径:D:/Unity/open-project-1-main/UOP1_Project\Assets\ScriptableObjects\StateMachine\Protagonist\Actions\ShakeCam.asset
# 内容概述:### 简要总结
“ShakeCam.asset”文件描述了一个Unity脚本组件，名为ShakeCam，其主要功能是触发相机震动事件，该事件由CameraManager组件识别并执行，从而实现相机震动效果。


2024-10-09 01:06:30,058 - INFO Retriever 0 - Agent主脑给出的回答为：{
    "get_folder_info": {
        "target_folder_path": "D:\\Unity\\open-project-1-main\\UOP1_Project\\Assets\\Audio"
    }
}
2024-10-09 01:06:30,059 - INFO Retriever 0 - 是否成功解析：True
2024-10-09 01:06:30,059 - INFO Retriever 0 - operation_type (__det_dir_action):
2024-10-09 01:06:30,059 - INFO Retriever 0 - get_folder_info
2024-10-09 01:06:30,060 - INFO Retriever 0 - 

——————————————————————————————————————————————————————————————————————————————————————————————————————————————————————————
2024-10-09 01:06:30,060 - INFO Retriever 0 - Assistant:
2024-10-09 01:06:30,060 - INFO Retriever 0 - {
    "get_folder_info": {
        "target_folder_path": "D:\\Unity\\open-project-1-main\\UOP1_Project\\Assets\\Audio"
    }
}
2024-10-09 01:06:30,060 - INFO Retriever 0 - dict_keys(['get_folder_info'])
2024-10-09 01:06:30,061 - INFO Retriever 0 - Agent主脑给出的行动：get_folder_info
参数：{'target_folder_path': 'D:\\Unity\\open-project-1-main\\UOP1_Project\\Assets\\Audio'}
2024-10-09 01:06:30,082 - INFO Retriever 0 - Observer: 目标文件夹路径：D:\Unity\open-project-1-main\UOP1_Project\Assets\Audio
文件结构树（该结构树可能不完整，仅返回深度小于等于1层的子文件以及文件夹）：
├── Music
│   ├── Music_Beach.wav
│   ├── Music_FinalTheme_01.wav
│   ...
│   ├── Music_Town.wav
├── SFX
│   ├── Characters
│   ├── Environment
│   ├── Interface


其中，部分主要文件及文件夹的信息如下：
1. Audio
# 路径:D:/Unity/open-project-1-main/UOP1_Project\Assets\Audio
# 内容概述:“Audio”文件夹汇集了音乐与声音效果两大类资源。其中，“Music”子文件夹专注于为游戏或多媒体项目中的不同场景提供定制背景音乐，包括海滩、森林、城镇等，以及一系列主题音乐和暂停菜单音乐。而“SFX”子文件夹则包含了丰富的声音效果，涵盖角色动作、厨房环境以及界面交互等，旨在增强多媒体项目的沉浸感和互动性。这两个子文件夹的资源相互配合，共同构建了项目的音频环境。

2. Music
# 路径:D:/Unity/open-project-1-main/UOP1_Project\Assets\Audio\Music
# 内容概述:该“Music”文件夹汇集了多种场景背景音乐，包括海滩、森林、城镇等，旨在为游戏或多媒体项目提供丰富多样的音效支持。文件夹内包含多个音乐片段，如“FinalTheme”系列和特定场景的背景音乐，如“Music_Beach.wav”和“Music_Forest.wav”，体现了音乐库的多样性和针对性。

3. SFX
# 路径:D:/Unity/open-project-1-main/UOP1_Project\Assets\Audio\SFX
# 内容概述:"SFX"文件夹汇集了多媒体项目所需的丰富音频资源，分为角色动作与声音（Characters）、厨房环境音效（Environment）和界面交互音效（Interface）三大类。角色动作与声音部分涵盖角色动作、脚步声和对话等；环境音效则专注于厨房场景中的烹饪和用具使用声音；界面交互音效则提供用户操作反馈。这些音频素材共同构建了项目的声音环境，提升用户体验和沉浸感。


2024-10-09 01:06:31,729 - INFO Retriever 0 - Agent主脑给出的回答为：{
    "finish": "我已完成你所给出的任务需求，请你进行确认"
}
2024-10-09 01:06:31,730 - INFO Retriever 0 - 是否成功解析：True
2024-10-09 01:06:31,730 - INFO Retriever 0 - operation_type (__det_dir_action):
2024-10-09 01:06:31,730 - INFO Retriever 0 - finish
2024-10-09 01:06:31,730 - INFO Retriever 0 - 

——————————————————————————————————————————————————————————————————————————————————————————————————————————————————————————
2024-10-09 01:06:31,731 - INFO Retriever 0 - Assistant:
2024-10-09 01:06:31,731 - INFO Retriever 0 - {
    "finish": "我已完成你所给出的任务需求，请你进行确认"
}
2024-10-09 01:06:31,731 - INFO Retriever 0 - dict_keys(['finish'])
2024-10-09 01:06:31,731 - INFO Retriever 0 - ——————————————————————————————————— 任务结束 ———————————————————————————————————
2024-10-09 01:06:41,005 - INFO Retriever 0 - -------------------------Task Report-----------------------
2024-10-09 01:06:41,005 - INFO Retriever 0 - * 文件一：
    * 文件绝对路径：D:\Unity\open-project-1-main\UOP1_Project\Assets\ScriptableObjects\StateMachine\Protagonist\Actions\RespawnPlayer.asset
    * 文件内容概述：该文件定义了一个Unity脚本，名为“RespawnPlayer”，其功能是在场景准备好时通过触发事件由SpawnSystem实例化玩家。脚本具备基本属性，如启用状态，并关联了一个名为voidEvent的事件以实现这一功能。
    * 该文件与问题目标之间的关联性：该文件直接涉及到玩家的重生逻辑，与任务中提到的“玩家死亡后重生的位置”直接相关。

* 文件二：
    * 文件绝对路径：D:\Unity\open-project-1-main\UOP1_Project\Assets\ScriptableObjects\StateMachine\Protagonist\Actions\ResetGetHitState.asset
    * 文件内容概述：该文件是Unity引擎中的一个名为“ResetGetHitState”的脚本资产，用于重置“Damageable”脚本中的“GetHit”布尔值，以管理游戏中的伤害状态重置。
    * 该文件与问题目标之间的关联性：该文件涉及到玩家受到攻击后的状态管理，虽然不直接处理重生位置，但与玩家的状态控制相关，可能间接影响到重生逻辑。

* 文件三：
    * 文件绝对路径：D:\Unity\open-project-1-main\UOP1_Project\Assets\ScriptableObjects\StateMachine\Protagonist\Actions\DestroyPlayer.asset
    * 文件内容概述：该文本描述了一个Unity脚本组件“DestroyPlayer”，属于`MonoBehaviour`类，专门用于销毁玩家角色游戏对象。该组件在Unity编辑器中标识为“Destroys the player character GO”，表明其主要功能是实现玩家角色的销毁。
    * 该文件与问题目标之间的关联性：该文件直接处理玩家角色的销毁，与玩家死亡事件相关，可能间接影响到重生逻辑。

* 文件四：
    * 文件绝对路径：D:\Unity\open-project-1-main\UOP1_Project\Assets\ScriptableObjects\StateMachine\Protagonist\Actions\AnimatorParameters
    * 文件内容概述：该文件夹汇集了多个Unity脚本资产，旨在通过设置动画控制器参数来管理游戏角色的不同状态。这些脚本包括控制移动速度、角色晕倒、空中状态、攻击、拾取、受到攻击等动作的动画触发。
    * 该文件与问题目标之间的关联性：该文件夹中的脚本可能涉及到玩家角色的动画状态，包括死亡和重生的动画，可能间接影响到重生位置的设置。

* 文件五：
    * 文件绝对路径：D:\Unity\open-project-1-main\UOP1_Project\Assets\ScriptableObjects\StateMachine\Protagonist\Actions\Particles
    * 文件内容概述：该文件夹汇集了多个Unity游戏开发中的粒子效果脚本，包括控制行走、跳跃和起飞动作的粒子显示。
    * 该文件与问题目标之间的关联性：该文件夹中的粒子效果脚本可能涉及到玩家角色在重生时的视觉效果，间接与重生位置相关。

* 文件六：
    * 文件绝对路径：D:\Unity\open-project-1-main\UOP1_Project\Assets\ScriptableObjects\StateMachine\Protagonist\Actions\SFX
    * 文件内容概述：该文件夹汇集了Unity游戏开发中用于特定游戏事件的音频脚本组件，包括跳跃、拾取物品和挥舞拐杖等动作的声音播放脚本。
    * 该文件与问题目标之间的关联性：该文件夹中的音频脚本可能涉及到玩家重生时的声音效果，间接与重生位置相关。

以上报告涵盖了在本次项目文件搜索过程中所搜索到的所有与问题目标相关的文件及其内容概述，并阐述了其与问题目标之间可能的关联性。
2024-10-09 01:06:41,006 - INFO Retriever 0 - 
Token Consuming:51179

2024-10-09 01:06:41,006 - INFO Retriever 0 - 
history rounds:10

