2024-11-03 04:43:14,410 - INFO Retriever 0 - Init Retriever.
2024-11-03 04:45:44,739 - INFO Retriever 0 - keywords:“初始”，“选择”，“特定”，“Commencement”，“specific”，“specific assignment”，“解锁”，“天赋”，“choice”，“assignment”，“初始天赋”，“开始”，“gifted”，“select”，“natural gift”，“innate talent”，“particular”，“unlock”，“特定任务”，“任务”，“natural talent”，“task”，“unseal”，“initial”，“specific task”
2024-11-03 04:45:44,739 - INFO Retriever 0 - deep_think_conent
:在获取了项目文件的顶层结构后，我还需要结合待查询的问题描述，对于项目中的文件和目录进行一些深度关键词检索。根据任务描述：“请在D:/Unity/Survaval\Assets下各级目录中寻找：如果要让目前游戏所有的初始天赋选择，在游戏一开始全部解锁，不需要完成特定任务解锁，我应该修改什么文件？”，我总结出如下可能会出现在各个文件名或者文件内容中的关键词：“初始”，“选择”，“特定”，“Commencement”，“specific”，“specific assignment”，“解锁”，“天赋”，“choice”，“assignment”，“初始天赋”，“开始”，“gifted”，“select”，“natural gift”，“innate talent”，“particular”，“unlock”，“特定任务”，“任务”，“natural talent”，“task”，“unseal”，“initial”，“specific task”。
接下来，我将使用retrieve_keywords操作，在项目顶层路径“D:/Unity/Survaval\Assets”下检索这些关键词，从而大致把握可能与问题描述相关的文件或目录的路径。
2024-11-03 04:45:44,741 - INFO Retriever 0 - ——————————————————————————————————————————————————————————————————————————————————————————————————————————————————————————
2024-11-03 04:45:44,741 - INFO Retriever 0 - Assistant:
2024-11-03 04:45:44,741 - INFO Retriever 0 - {
    "deep_think": {
        "thoughts": "好的，接下来我将通过深度思考、仔细计划以及逐步执行的方式，来完成该任务。\n\n首先，在阅读详细的代码细节之前，应该先整体把握整个项目。\n\n在提供的可选的action中，可以通过get_folder_info操作，通过将项目顶层路径作为target_folder_path参数进行传入，来获取获取项目中主要文件夹和主要文件的描述，从而能够先大致把握项目文件的主要文件的文件树结构、基本内容、主要代码概述以及大致功能板块的分布。"
    }
}
2024-11-03 04:45:44,742 - INFO Retriever 0 - 
Observer:
2024-11-03 04:45:44,742 - INFO Retriever 0 - 好的，请继续你的下一步行动或思考。
2024-11-03 04:45:44,742 - INFO Retriever 0 - 
2024-11-03 04:45:44,780 - INFO Retriever 0 - ——————————————————————————————————————————————————————————————————————————————————————————————————————————————————————————
2024-11-03 04:45:44,780 - INFO Retriever 0 - Assistant:
2024-11-03 04:45:44,781 - INFO Retriever 0 - {
    "get_folder_info": {
        "target_folder_path": "D:/Unity/Survaval\\Assets"
    }
}
2024-11-03 04:45:44,781 - INFO Retriever 0 - 
Observer:
2024-11-03 04:45:44,782 - INFO Retriever 0 - 目标文件夹路径：D:/Unity/Survaval\Assets
文件结构树（该结构树可能不完整，仅返回深度小于等于1层的子文件以及文件夹）：
├── AddressableAssetsData
│   ├── AddressableAssetSettings.asset
│   ├── Android
│   ├── AssetGroupTemplates
│   ├── AssetGroups
│   ├── DataBuilders
│   ├── DefaultObject.asset
│   ├── iOS
├── AmplifyShaderEditor
│   ├── AmplifyShaderEditor.asmdef
│   ├── ChangeLog.txt
│   ├── CreatingTerrainsWithASE.txt
│   ├── Plugins
│   ├── Readme.txt
├── BlobHashMaps
│   ├── BlobBuilderExtensions.cs
│   ├── BlobHashMap.cs
│   ├── BlobHashMapIntInt.cs
│   ├── BlobHashMaps.asmdef
│   ├── BlobMultiHashMap.cs
│   ├── Data
├── BuildReport
│   ├── CustomBuildScriptExample.txt
│   ├── GUI
│   ├── README.txt
│   ├── Scripts
│   ├── VERSION.txt
│   ├── license.txt
├── CapturePath
├── DamageNumbersPro
│   ├── DamageNumbersPro.asmdef
│   ├── Documentation.url
│   ├── Editor
│   ├── Fonts
│   ├── Materials
│   ├── Scripts
├── Editor
│   ├── ChannelSetting.cs
│   ├── OrbiteExtenedEditor.cs
│   ├── Resources
│   ├── ShaderStripSettings
├── Editor Default Resources
│   ├── MasterAudio
├── EnhancedScroller v2
│   ├── ChangeLog.txt
│   ├── Documentation
│   ├── Plugins
│   ├── Tutorials
│   ├── readme.txt
│   ├── upgrading from 1.x to 2.x.txt
├── FlockBox
│   ├── Classic
│   ├── DOTS
│   ├── Flock Box Manual.pdf
├── Gizmos
│   ├── MasterAudio
├── Magic Spells Sound Effects V2.0
│   ├── Casting Loops
│   ├── Element Scholls
│   ├── General Spell
│   ├── Medieval Combat Sounds BONUS
│   ├── Special Attack
├── Pixel Arsenal
│   ├── Demo
│   ├── Materials
│   ...
│   ├── Textures
├── Plugins
│   ├── Android
│   ├── DarkTonic
│   ├── Demigiant
│   ├── Editor
│   ├── RelationsInspector
│   ├── Sirenix
│   ├── iOS
├── RPG Icons Pixel Art
│   ├── Aeromancer
│   ├── Alchemy1
│   ...
│   ├── Сrossbowman
├── Resources
│   ├── DOTweenSettings.asset
│   ├── MasterAudio
├── SPUM
│   ├── MonsterOrc_Prefabs
│   ├── MonsterUndeadPrefabs
│   ...
│   ├── Sprite_SheetExporter(Beta)
├── StreamingAssets
├── TextMesh Pro
│   ├── Documentation
│   ├── Fonts
│   ├── Resources
│   ├── Shaders
│   ├── Sprites
├── UniversalRenderPipelineGlobalSettings.asset
├── VirtualButtonsForUnity
│   ├── VirtualButtonsForUnity
├── YouLoftSDK
│   ├── PottingMobileSDK
│   ├── PottingMobileServices
│   ...
│   ├── YouloftTemp.cs
├── ZTools
│   ├── GlobalStringBuilder.cs
│   ├── Localization
│   ├── ZTools.asmdef
├── _MyAssets
│   ├── Animations
│   ├── ArtAssets
│   ...
│   ├── URPSettings


其中，部分主要文件及文件夹的信息如下：
1. Assets
# 路径:D:\\Unity\\Survaval\Assets
# 内容概述:“UniversalRenderPipelineGlobalSettings.asset”文件是Unity项目中用于配置通用渲染管道（URP）全局设置的资产。它涵盖了光照模式、阴影质量、后处理效果以及性能优化等关键设置，如光照层配置、阴影质量选择和后处理效果启用，旨在平衡视觉效果与性能表现，以适应不同游戏的需求。

2. AddressableAssetsData
# 路径:D:\\Unity\\Survaval\Assets\AddressableAssetsData
# 内容概述:### 文件夹内容简述

“AddressableAssetsData”文件夹汇集了Unity游戏开发所需的资源管理和配置文件。其中，Android和iOS子文件夹分别管理针对各自平台的资源状态。AssetGroups和AssetGroupTemplates子文件夹则专注于资源打包和内容更新配置，而DataBuilders子文件夹提供了资源管理和场景加载的脚本配置。此外，AddressableAssetSettings.asset文件负责资源加载和优化全局设置，而DefaultObject.asset则定义了Unity脚本组件的配置。整体而言，这些文件共同构成了游戏资源高效管理和优化的框架。

3. AmplifyShaderEditor
# 路径:D:\\Unity\\Survaval\Assets\AmplifyShaderEditor
# 内容概述:“AmplifyShaderEditor”文件夹汇集了Unity游戏开发中Amplify Shader Editor插件的核心组件与资源，包括编辑器脚本、界面资源、版本更新日志和使用指南。其中，“Editor”子文件夹承载着插件的核心逻辑和操作界面，而“EditorResources”则提供了图形用户界面和渲染资源。更新日志“ChangeLog.txt”详细记录了插件的功能迭代和问题修复，而“CreatingTerrainsWithASE.txt”则指导用户如何利用ASE创建地形着色器。遗憾的是，“Readme.txt”因编码错误无法读取，但预计包含插件的基本使用说明。

4. BlobHashMaps
# 路径:D:\\Unity\\Survaval\Assets\BlobHashMaps
# 内容概述:“BlobHashMaps”文件夹汇集了针对Unity游戏引擎优化的数据结构脚本，包括BlobHashMap和BlobMultiHashMap的实现。核心文件如BlobBuilderHashMapData.cs和BlobHashMapData.cs定义了HashMap和只读哈希表，BlobBuilderExtensions.cs扩展了BlobHashMap功能，BlobHashMap.cs和BlobHashMapIntInt.cs则提供了更丰富的操作和构建器功能。BlobHashMaps.asmdef文件定义了模块依赖，而BlobMultiHashMap.cs引入了多哈希映射支持，共同构成了一个高效的数据管理工具集。

5. BuildReport
# 路径:D:\\Unity\\Survaval\Assets\BuildReport
# 内容概述:“BuildReport”文件夹汇集了Unity游戏引擎的构建报告工具及相关资源，包括UI设计资源（如BRTSkin、NativeSkin和NativeSkinExtraIcons）、自动化构建脚本（如CustomBuildScriptExample.txt）和编辑器脚本（位于Scripts/Editor）。此外，它还包含定义特定窗口样式的皮肤文件（BuildReportWindow.guiskin和BuildReportWindowDark.guiskin），以及工具的许可证信息（license.txt）和使用说明（README.txt）。VERSION.txt文件记录了工具的版本更新历史，突出了新增功能和错误修复。

6. CapturePath
# 路径:D:\\Unity\\Survaval\Assets\CapturePath
# 内容概述:该文件夹内容为空。

7. DamageNumbersPro
# 路径:D:\\Unity\\Survaval\Assets\DamageNumbersPro
# 内容概述:“DamageNumbersPro”文件夹汇集了Unity游戏开发所需的资源，包括编辑器脚本、多种风格的字体、材质和游戏逻辑脚本。其中，编辑器脚本用于资源配置，字体和材质丰富了游戏视觉元素，而脚本集合则支撑了游戏的核心逻辑和交互。此外，汇编定义文件和文档链接文件提供了模块化开发和项目文档的便捷访问。

8. Editor
# 路径:D:\\Unity\\Survaval\Assets\Editor
# 内容概述:### 文件夹内容总结

“Editor”文件夹汇集了Unity项目开发所需的资源与工具。其中，**Resources**子文件夹提供游戏与动画设计的视觉素材，包括角色、场景元素和预制游戏单元。**ShaderStripSettings**包含提升渲染质量的Unity脚本组件，而**ChannelSetting.cs**脚本则用于管理不同渠道的SDK和项目配置。此外，**OrbiteExtenedEditor.cs**编辑器扩展脚本增强了文本编辑和屏幕截图功能，辅助设计和开发流程。整体上，这些资源与工具相互关联，共同服务于Unity项目的开发与优化。

9. Editor Default Resources
# 路径:D:\\Unity\\Survaval\Assets\Editor Default Resources
# 内容概述:“Editor Default Resources”文件夹汇集了多种音频处理相关的图标，包括播放、暂停、停止等控制图标，以及复制、删除、保存等操作图标，还有LED灯状态指示和扬声器图标等。这些图标共同服务于音频编辑和界面设计，为用户提供了直观的操作和状态指示。

10. EnhancedScroller v2
# 路径:D:\\Unity\\Survaval\Assets\EnhancedScroller v2
# 内容概述:该“EnhancedScroller v2”文件夹汇集了Unity游戏开发中EnhancedScroller插件的全面资源，包括用户手册、插件代码、教程和更新日志。用户手册详细介绍了插件的使用方法，插件代码则由组件、单元格视图和动画系统等组成，旨在提升UI开发效率。教程资源帮助开发者快速上手，而更新日志和升级指南则提供了插件版本间的变化和升级指导。

11. FlockBox
# 路径:D:\\Unity\\Survaval\Assets\FlockBox
# 内容概述:### 文件夹内容精简总结

“Flock Box”文件夹是Unity游戏开发项目，集成了视觉资源、游戏逻辑脚本和DOTS架构相关资源。其中，**Classic**子文件夹提供游戏场景、预制体和艺术资源，**DOTS**子文件夹则专注于DOTS架构的脚本和材料。项目手册“Flock Box Manual.pdf”详细介绍了项目结构、资源使用和开发指南，为开发者提供了全面的项目操作指导。

12. Gizmos
# 路径:D:\\Unity\\Survaval\Assets\Gizmos
# 内容概述:“Gizmos”文件夹汇集了音频处理相关的图标设计，包括“MasterAudio”品牌标识和“PlaylistController”播放列表控制功能的图标，旨在为音频软件界面提供视觉元素。

13. Magic Spells Sound Effects V2.0
# 路径:D:\\Unity\\Survaval\Assets\Magic Spells Sound Effects V2.0
# 内容概述:“Magic Spells Sound Effects V2.0”文件夹汇集了丰富的音效资源，包括循环施法音效、元素相关施法音效、通用魔法效果、中世纪战斗声音以及特定攻击音效。这些音效覆盖了从增益攻击到治疗，从施法到战斗动作，适用于游戏、影视等多媒体项目，且文件命名清晰，便于快速查找和使用。

14. Pixel Arsenal
# 路径:D:\\Unity\\Survaval\Assets\Pixel Arsenal
# 内容概述:“Pixel Arsenal”文件夹汇集了丰富的游戏开发资源，包括视觉素材（如天空盒和纹理）、预制体（如界面元素和特效）、场景素材、Unity脚本（用于游戏逻辑）和音频效果。这些资源相互关联，共同构建了游戏和视觉效果的基础，适用于Unity等游戏引擎。文件夹内的“ReadMe.txt”文件提供了资源使用指南和潜在的技术支持信息。

15. Plugins
# 路径:D:\\Unity\\Survaval\Assets\Plugins
# 内容概述:“Plugins”文件夹汇集了多平台游戏开发资源，包括Android应用开发工具、Unity游戏资源包如音频和网络同步插件，以及编辑器扩展和iOS应用开发组件。其中，Android子文件夹提供项目配置和第三方库；Unity相关资源如DarkTonic和Demigiant则专注于音频和网络同步，以及动画处理；Editor子文件夹增强Unity编辑器功能；iOS子文件夹涵盖性能监控和广告集成等iOS特有功能。这些资源相互关联，共同构建了一个全面的游戏开发环境。

16. Resources
# 路径:D:\\Unity\\Survaval\Assets\Resources
# 内容概述:### 文件夹内容总结

“Resources”文件夹汇集了Unity游戏项目的关键配置资源，包括“MasterAudioSettings.asset”用于音频处理和插件配置，以及“DOTweenSettings.asset”用于动画和缓动库的详细设置，两者共同确保游戏音效和动画的优化与流畅。

17. RPG Icons Pixel Art
# 路径:D:\\Unity\\Survaval\Assets\RPG Icons Pixel Art
# 内容概述:当然可以。以下是融合后的简短内容：

“Support contact.pdf”文件提供客户支持联系信息，包括电话、电子邮件和在线支持服务，并附有服务时间表、常见问题解答以及用户反馈表单，旨在为用户提供便捷的咨询与支持服务。

18. SPUM
# 路径:D:\\Unity\\Survaval\Assets\SPUM
# 内容概述:“SPUM”文件夹汇集了丰富的游戏开发资源，包括怪物与角色预制体、动画素材、图像资源、字体、材质以及Unity脚本等。它涵盖了从角色模型和动画到编辑器扩展和场景设置的全方位内容，旨在支持游戏开发、3D建模和动画制作项目。文件夹内不同子目录紧密关联，共同构成了一个完整的项目资源库。

19. StreamingAssets
# 路径:D:\\Unity\\Survaval\Assets\StreamingAssets
# 内容概述:“StreamingAssets”文件夹主要存储流媒体应用所需的资源，包括视频、音频和图像文件，以及相关的配置和脚本文件。该文件夹内部分为视频、音频、图像、配置和脚本等子文件夹，各自管理不同类型的媒体资源和播放逻辑配置，以确保资源的高效加载和流式传输。

20. TextMesh Pro
# 路径:D:\\Unity\\Survaval\Assets\TextMesh Pro
# 内容概述:该“TextMesh Pro”文件夹汇集了TextMesh Pro软件的用户指南、Liberation Sans字体资源、Unity项目资源包以及表情符号素材。其中，用户指南详细介绍了软件操作，Liberation Sans字体提供多种样式，Unity资源包包括字体、材质和精灵资产，着色器文件则专注于图形渲染，而表情符号资源则便于集成到项目中。这些内容相互关联，共同服务于游戏开发与图形设计的需求。

21. VirtualButtonsForUnity
# 路径:D:\\Unity\\Survaval\Assets\VirtualButtonsForUnity
# 内容概述:### 文件夹内容概览

“VirtualButtonsForUnity”文件夹是Unity游戏开发资源，集成了虚拟按钮、方向垫和摇杆预制体及脚本，旨在增强游戏交互体验。内含示例项目、预制体、脚本、图像资源和详细文档，方便开发者快速集成和使用。

22. YouLoftSDK
# 路径:D:\\Unity\\Survaval\Assets\YouLoftSDK
# 内容概述:### 文件夹内容总结

“YouLoftSDK”文件夹是Unity游戏开发者的综合工具包，集成了广告管理、支付、用户管理、数据同步等功能模块。其中，**PottingMobileSDK** 提供了Android和iOS平台的插件和脚本，**PottingMobileServices** 则包含了跨平台服务接口和功能脚本。广告管理、支付、礼包兑换等具体功能由 **YouLoftAd.cs**、**YouLoftPay.cs** 和 **YouLoftRedeemcode.cs** 等文件实现，而 **YouLoftSDKManager.cs** 负责管理这些模块，确保它们协同工作。此外，**YouLoftLogin.cs** 处理用户登录，**YouLoftEvent.cs** 和 **YouloftTemp.cs** 分别提供事件跟踪和配置同步功能，共同支撑游戏的整体运行。

23. ZTools
# 路径:D:\\Unity\\Survaval\Assets\ZTools
# 内容概述:### 文件夹内容总结
“ZTools”文件夹汇集了Unity游戏开发中本地化和字符串操作的工具。其中，包含用于本地化文本管理的脚本，如`StaticLocalizedText.cs`和`StaticLocalizedText_UGUI.cs`，以及`Strings.cs`用于管理本地化字符串。此外，`GlobalStringBuilder.cs`提供了全局字符串构建功能，优化了字符串操作性能。而“ZTools.asmdef”文件则定义了项目中的“ZTools”程序集，管理着相关脚本文件的引用和编译。这些工具共同构成了一个高效且模块化的开发环境。

24. _MyAssets
# 路径:D:\\Unity\\Survaval\Assets\_MyAssets
# 内容概述:“_MyAssets”文件夹是游戏开发的核心资源库，汇集了动画、艺术资产、音频、数据配置、编辑器资源、字体、图标、脚本、着色器等关键文件，以及预制体和场景设计。它为游戏提供了丰富的视觉和音频效果，并通过详细的配置文件和脚本实现了复杂的游戏逻辑和交互。文件夹内资源相互关联，共同支撑起游戏的整体架构和功能实现。

25. UniversalRenderPipelineGlobalSettings.asset
# 路径:D:\\Unity\\Survaval\Assets\UniversalRenderPipelineGlobalSettings.asset
# 内容概述:### 简化总结

该文件是Unity的通用渲染管道全局设置配置，定义了8个光照层（如Light Layer default至Light Layer 7）。它还包含了性能优化设置，如移除调试变体和未使用变体，以及不支持运行时调试显示。


2024-11-03 04:45:44,785 - INFO Retriever 0 - 
2024-11-03 04:45:44,785 - INFO Retriever 0 - ——————————————————————————————————————————————————————————————————————————————————————————————————————————————————————————
2024-11-03 04:45:44,785 - INFO Retriever 0 - Assistant:
2024-11-03 04:45:44,786 - INFO Retriever 0 - {
    "deep_think": {
        "thoughts": "在获取了项目文件的顶层结构后，我还需要结合待查询的问题描述，对于项目中的文件和目录进行一些深度关键词检索。根据任务描述：“请在D:/Unity/Survaval\\Assets下各级目录中寻找：如果要让目前游戏所有的初始天赋选择，在游戏一开始全部解锁，不需要完成特定任务解锁，我应该修改什么文件？”，我总结出如下可能会出现在各个文件名或者文件内容中的关键词：“初始”，“选择”，“特定”，“Commencement”，“specific”，“specific assignment”，“解锁”，“天赋”，“choice”，“assignment”，“初始天赋”，“开始”，“gifted”，“select”，“natural gift”，“innate talent”，“particular”，“unlock”，“特定任务”，“任务”，“natural talent”，“task”，“unseal”，“initial”，“specific task”。\n接下来，我将使用retrieve_keywords操作，在项目顶层路径“D:/Unity/Survaval\\Assets”下检索这些关键词，从而大致把握可能与问题描述相关的文件或目录的路径。"
    }
}
2024-11-03 04:45:44,786 - INFO Retriever 0 - 
Observer:
2024-11-03 04:45:44,786 - INFO Retriever 0 - 好的，请继续你的下一步行动或思考。
2024-11-03 04:45:44,787 - INFO Retriever 0 - 
2024-11-03 04:45:46,693 - INFO Retriever 0 - ——————————————————————————————————————————————————————————————————————————————————————————————————————————————————————————
2024-11-03 04:45:46,693 - INFO Retriever 0 - Assistant:
2024-11-03 04:45:46,693 - INFO Retriever 0 - {
    "retrieve_keywords": {
        "keyword_list": [
            "初始",
            "选择",
            "特定",
            "Commencement",
            "specific",
            "specific assignment",
            "解锁",
            "天赋",
            "choice",
            "assignment",
            "初始天赋",
            "开始",
            "gifted",
            "select",
            "natural gift",
            "innate talent",
            "particular",
            "unlock",
            "特定任务",
            "任务",
            "natural talent",
            "task",
            "unseal",
            "initial",
            "specific task"
        ]
    }
}
2024-11-03 04:45:46,693 - INFO Retriever 0 - 
Observer:
2024-11-03 04:45:46,698 - INFO Retriever 0 - 根据你提供的关键词，我检索到以下目录或文件，它们的绝对路径如下：


1. D:\\Unity\\Survaval\Assets\_MyAssets\Texture\Textures\random-unlock-role.png
这是一个名为“random-unlock-role.png”的文件。

2. D:\\Unity\\Survaval\Assets\_MyAssets\Texture\icon\skill-select.png
这是一个名为“skill-select.png”的文件。

3. D:\\Unity\\Survaval\Library\PackageCache\com.unity.render-pipelines.universal@12.1.7\Documentation~\Images\post-proc\ssao\ssao-select-renderer.png
这是一个名为“ssao-select-renderer.png”的文件。

4. D:\\Unity\\Survaval\Library\PackageCache\com.unity.render-pipelines.universal@12.1.7\Documentation~\Images\how-to-render-objects\rendobj-select-urp-renderer.png
这是一个名为“rendobj-select-urp-renderer.png”的文件。

5. D:\\Unity\\Survaval\Library\PackageCache\com.unity.render-pipelines.universal@12.1.7\Documentation~\Images\rendering-deferred\urp-renderer-select-deferred-path.png
这是一个名为“urp-renderer-select-deferred-path.png”的文件。

6. D:\\Unity\\Survaval\Assets\_MyAssets\Data\DailyTask
### 文件夹内容简述

“DailyTask”文件夹汇集了Unity游戏引擎中的多个任务配置文件，旨在构建一个全面的游戏任务系统。文件包括“doneallTask.asset”定义的全面任务配置，以及“killenemyTask.asset”和“passTask.asset”等针对特定行为的任务脚本。此外，如“startlevelTask.asset”和“upLevelTask.asset”等文件则专注于特定游戏事件，如等级提升和广告观看任务。这些文件共同构成了游戏任务框架，涵盖了任务定义、奖励机制和玩家互动等多个方面。

7. D:\\Unity\\Survaval\Assets\_MyAssets\Data\DailyTask\doneallTask.asset
### 简化总结

该文件是Unity游戏脚本配置，定义了一个名为“doneallTask”的任务，包含任务名称、描述、类型、奖励（包括经验值）等属性。任务配置详尽，涉及奖励类型、目标、以及本地化字符串。

8. D:\\Unity\\Survaval\Assets\_MyAssets\Data\DailyTask\killenemyTask.asset
### 简要总结

该文件定义了Unity游戏中的“killenemyTask”任务脚本，设定为一个目标导向的日常任务，要求玩家击杀特定数量的敌人。任务提供1000点奖励，并可能包括其他奖励物品或属性。任务名称和描述均提供英文和中文版本，以支持多语言环境。


请注意，这些目录或文件可能不全都和你的任务目标相关，仅供参考。请你基于具体的文件内容概述，结合你的任务目标，认真思考分析后，优先选择最有可能与任务相关的目录或文件进行进一步的检查。
2024-11-03 04:45:46,699 - INFO Retriever 0 - 
2024-11-03 04:45:49,453 - INFO Retriever 0 - Agent主脑给出的回答为：{
    "deep_think": {
        "thoughts": "根据检索结果，我注意到几个可能的文件和文件夹，它们与任务描述中的关键词相关。特别是“DailyTask”文件夹和其中的文件，它们可能涉及到任务的解锁和配置。接下来，我将使用get_folder_info操作来获取“DailyTask”文件夹下的文件信息，以便进一步确定哪个文件可能包含与初始天赋解锁相关的设置。"
    }
}
2024-11-03 04:45:49,453 - INFO Retriever 0 - 是否成功解析：True
2024-11-03 04:45:49,454 - INFO Retriever 0 - operation_type (__det_dir_action):
2024-11-03 04:45:49,454 - INFO Retriever 0 - deep_think
2024-11-03 04:45:49,454 - INFO Retriever 0 - 

——————————————————————————————————————————————————————————————————————————————————————————————————————————————————————————
2024-11-03 04:45:49,454 - INFO Retriever 0 - Assistant:
2024-11-03 04:45:49,454 - INFO Retriever 0 - {
    "deep_think": {
        "thoughts": "根据检索结果，我注意到几个可能的文件和文件夹，它们与任务描述中的关键词相关。特别是“DailyTask”文件夹和其中的文件，它们可能涉及到任务的解锁和配置。接下来，我将使用get_folder_info操作来获取“DailyTask”文件夹下的文件信息，以便进一步确定哪个文件可能包含与初始天赋解锁相关的设置。"
    }
}
2024-11-03 04:45:49,454 - INFO Retriever 0 - dict_keys(['deep_think'])
2024-11-03 04:45:49,455 - INFO Retriever 0 - Agent主脑给出的行动：deep_think
参数：{'thoughts': '根据检索结果，我注意到几个可能的文件和文件夹，它们与任务描述中的关键词相关。特别是“DailyTask”文件夹和其中的文件，它们可能涉及到任务的解锁和配置。接下来，我将使用get_folder_info操作来获取“DailyTask”文件夹下的文件信息，以便进一步确定哪个文件可能包含与初始天赋解锁相关的设置。', 'repeat_counter': 1, 'continue_think_counter': 1}
2024-11-03 04:45:49,455 - INFO Retriever 0 - Observer: 好的，请继续你的下一步行动或思考。
2024-11-03 04:45:49,457 - INFO Retriever 0 - 

————————————————————————————————————————————————————————————————
2024-11-03 04:45:49,457 - INFO Retriever 0 - 当前窗口总长度：11
2024-11-03 04:45:49,458 - INFO Retriever 0 - 当前更新窗口长度：2
2024-11-03 04:45:49,458 - INFO Retriever 0 - 当前更新窗口长度：2
2024-11-03 04:45:49,458 - INFO Retriever 0 - ————————————————————————————————————————————————————————————————


2024-11-03 04:45:53,327 - INFO Retriever 0 - Agent主脑给出的回答为：{
    "get_folder_info": {
        "target_folder_path": "D:/Unity/Survaval/Assets/_MyAssets/Data/DailyTask"
    }
}
2024-11-03 04:45:53,356 - INFO Retriever 0 - 是否成功解析：True
2024-11-03 04:45:53,387 - INFO Retriever 0 - operation_type (__det_dir_action):
2024-11-03 04:45:53,455 - INFO Retriever 0 - get_folder_info
2024-11-03 04:45:53,525 - INFO Retriever 0 - 

——————————————————————————————————————————————————————————————————————————————————————————————————————————————————————————
2024-11-03 04:45:53,597 - INFO Retriever 0 - Assistant:
2024-11-03 04:45:53,650 - INFO Retriever 0 - {
    "get_folder_info": {
        "target_folder_path": "D:/Unity/Survaval/Assets/_MyAssets/Data/DailyTask"
    }
}
2024-11-03 04:45:53,742 - INFO Retriever 0 - dict_keys(['get_folder_info'])
2024-11-03 04:45:53,878 - INFO Retriever 0 - Agent主脑给出的行动：get_folder_info
参数：{'target_folder_path': 'D:/Unity/Survaval/Assets/_MyAssets/Data/DailyTask'}
2024-11-03 04:45:54,290 - INFO Retriever 0 - Observer: 目标文件夹路径：D:/Unity/Survaval/Assets/_MyAssets/Data/DailyTask
文件结构树（该结构树可能不完整，仅返回深度小于等于1层的子文件以及文件夹）：
├── doneallTask.asset
├── killenemyTask.asset
├── passTask.asset
├── startlevelTask.asset
├── upLevelTask.asset
├── watchADTask.asset


其中，部分主要文件及文件夹的信息如下：
1. DailyTask
# 路径:D:\\Unity\\Survaval\Assets\_MyAssets\Data\DailyTask
# 内容概述:### 文件夹内容简述

“DailyTask”文件夹汇集了Unity游戏引擎中的多个任务配置文件，旨在构建一个全面的游戏任务系统。文件包括“doneallTask.asset”定义的全面任务配置，以及“killenemyTask.asset”和“passTask.asset”等针对特定行为的任务脚本。此外，如“startlevelTask.asset”和“upLevelTask.asset”等文件则专注于特定游戏事件，如等级提升和广告观看任务。这些文件共同构成了游戏任务框架，涵盖了任务定义、奖励机制和玩家互动等多个方面。

2. doneallTask.asset
# 路径:D:\\Unity\\Survaval\Assets\_MyAssets\Data\DailyTask\doneallTask.asset
# 内容概述:### 简化总结

该文件是Unity游戏脚本配置，定义了一个名为“doneallTask”的任务，包含任务名称、描述、类型、奖励（包括经验值）等属性。任务配置详尽，涉及奖励类型、目标、以及本地化字符串。

3. killenemyTask.asset
# 路径:D:\\Unity\\Survaval\Assets\_MyAssets\Data\DailyTask\killenemyTask.asset
# 内容概述:### 简要总结

该文件定义了Unity游戏中的“killenemyTask”任务脚本，设定为一个目标导向的日常任务，要求玩家击杀特定数量的敌人。任务提供1000点奖励，并可能包括其他奖励物品或属性。任务名称和描述均提供英文和中文版本，以支持多语言环境。

4. passTask.asset
# 路径:D:\\Unity\\Survaval\Assets\_MyAssets\Data\DailyTask\passTask.asset
# 内容概述:### 简要总结

该文件定义了一个Unity游戏中的任务对象“passTask”，包括其本地化名称“passTask_Name_001”和描述“passTask_Description_001”。任务类型为3，目标设定为2，提供2000奖励值，并增加1000战斗通行证经验。

5. startlevelTask.asset
# 路径:D:\\Unity\\Survaval\Assets\_MyAssets\Data\DailyTask\startlevelTask.asset
# 内容概述:### 简要总结

该文件描述了Unity游戏中的一个名为“startlevelTask”的任务脚本。脚本配置了任务的基本属性，包括未指定的任务名称、描述和奖励类型，以及任务类型为4、目标值为10、奖励值为1000等。此外，还定义了本地化的任务名称和描述，以及战斗通行证经验奖励为1000点。

6. upLevelTask.asset
# 路径:D:\\Unity\\Survaval\Assets\_MyAssets\Data\DailyTask\upLevelTask.asset
# 内容概述:### 简要总结

该文件定义了Unity游戏中的“upLevelTask”脚本，包含任务名称、描述、类型、目标值等配置。任务类型为一般类型，目标值为20，奖励类型为1，奖励值为800。此外，脚本还指定了战斗通行证经验奖励为1000，并提供了本地化的任务名称和描述。奖励项的具体内容尚未指定。

7. watchADTask.asset
# 路径:D:\\Unity\\Survaval\Assets\_MyAssets\Data\DailyTask\watchADTask.asset
# 内容概述:该文件描述了一个Unity游戏中的广告观看任务脚本`watchADTask`，包含任务名称、描述、奖励类型（如经验值）和数值。任务配置支持本地化，适用于多语言环境。


2024-11-03 04:45:54,294 - INFO Retriever 0 - 

————————————————————————————————————————————————————————————————
2024-11-03 04:45:54,294 - INFO Retriever 0 - 当前窗口总长度：13
2024-11-03 04:45:54,294 - INFO Retriever 0 - 当前更新窗口长度：4
2024-11-03 04:45:54,294 - INFO Retriever 0 - 当前更新窗口长度：4
2024-11-03 04:45:54,295 - INFO Retriever 0 - ————————————————————————————————————————————————————————————————


2024-11-03 04:46:03,162 - INFO Retriever 0 - Agent主脑给出的回答为：{
    "deep_think": {
        "thoughts": "从获取的文件信息来看，DailyTask文件夹下的文件似乎都是与日常任务相关的配置文件。这些文件定义了各种任务，包括完成所有任务、击杀敌人、通过关卡、开始新等级、升级和观看广告等。然而，这些任务似乎并不直接关联到游戏初始天赋的解锁。因此，我需要进一步探索其他可能的文件或文件夹。\n\n考虑到游戏初始天赋的解锁可能与游戏的配置或设置有关，我决定检查项目中的配置文件，例如那些可能包含游戏设置或玩家状态的文件。我将会使用get_folder_info操作来获取Resources文件夹下的文件信息，因为Resources文件夹通常包含游戏的配置文件。"
    }
}
2024-11-03 04:46:03,162 - INFO Retriever 0 - 是否成功解析：True
2024-11-03 04:46:03,162 - INFO Retriever 0 - operation_type (__det_dir_action):
2024-11-03 04:46:03,163 - INFO Retriever 0 - deep_think
2024-11-03 04:46:03,163 - INFO Retriever 0 - 

——————————————————————————————————————————————————————————————————————————————————————————————————————————————————————————
2024-11-03 04:46:03,163 - INFO Retriever 0 - Assistant:
2024-11-03 04:46:03,164 - INFO Retriever 0 - {
    "deep_think": {
        "thoughts": "从获取的文件信息来看，DailyTask文件夹下的文件似乎都是与日常任务相关的配置文件。这些文件定义了各种任务，包括完成所有任务、击杀敌人、通过关卡、开始新等级、升级和观看广告等。然而，这些任务似乎并不直接关联到游戏初始天赋的解锁。因此，我需要进一步探索其他可能的文件或文件夹。\n\n考虑到游戏初始天赋的解锁可能与游戏的配置或设置有关，我决定检查项目中的配置文件，例如那些可能包含游戏设置或玩家状态的文件。我将会使用get_folder_info操作来获取Resources文件夹下的文件信息，因为Resources文件夹通常包含游戏的配置文件。"
    }
}
2024-11-03 04:46:03,164 - INFO Retriever 0 - dict_keys(['deep_think'])
2024-11-03 04:46:03,164 - INFO Retriever 0 - Agent主脑给出的行动：deep_think
参数：{'thoughts': '从获取的文件信息来看，DailyTask文件夹下的文件似乎都是与日常任务相关的配置文件。这些文件定义了各种任务，包括完成所有任务、击杀敌人、通过关卡、开始新等级、升级和观看广告等。然而，这些任务似乎并不直接关联到游戏初始天赋的解锁。因此，我需要进一步探索其他可能的文件或文件夹。\n\n考虑到游戏初始天赋的解锁可能与游戏的配置或设置有关，我决定检查项目中的配置文件，例如那些可能包含游戏设置或玩家状态的文件。我将会使用get_folder_info操作来获取Resources文件夹下的文件信息，因为Resources文件夹通常包含游戏的配置文件。', 'repeat_counter': 1, 'continue_think_counter': 1}
2024-11-03 04:46:03,165 - INFO Retriever 0 - Observer: 好的，请继续你的下一步行动或思考。
2024-11-03 04:46:03,166 - INFO Retriever 0 - 

————————————————————————————————————————————————————————————————
2024-11-03 04:46:03,166 - INFO Retriever 0 - 当前窗口总长度：15
2024-11-03 04:46:03,167 - INFO Retriever 0 - 当前更新窗口长度：6
2024-11-03 04:46:03,167 - INFO Retriever 0 - 当前更新窗口长度：6
2024-11-03 04:46:03,167 - INFO Retriever 0 - ————————————————————————————————————————————————————————————————


2024-11-03 04:46:06,232 - INFO Retriever 0 - Agent主脑给出的回答为：{
    "get_folder_info": {
        "target_folder_path": "D:/Unity/Survaval/Assets/Resources"
    }
}
2024-11-03 04:46:06,232 - INFO Retriever 0 - 是否成功解析：True
2024-11-03 04:46:06,232 - INFO Retriever 0 - operation_type (__det_dir_action):
2024-11-03 04:46:06,233 - INFO Retriever 0 - get_folder_info
2024-11-03 04:46:06,233 - INFO Retriever 0 - 

——————————————————————————————————————————————————————————————————————————————————————————————————————————————————————————
2024-11-03 04:46:06,234 - INFO Retriever 0 - Assistant:
2024-11-03 04:46:06,234 - INFO Retriever 0 - {
    "get_folder_info": {
        "target_folder_path": "D:/Unity/Survaval/Assets/Resources"
    }
}
2024-11-03 04:46:06,234 - INFO Retriever 0 - dict_keys(['get_folder_info'])
2024-11-03 04:46:06,234 - INFO Retriever 0 - Agent主脑给出的行动：get_folder_info
参数：{'target_folder_path': 'D:/Unity/Survaval/Assets/Resources'}
2024-11-03 04:46:06,257 - INFO Retriever 0 - Observer: 目标文件夹路径：D:/Unity/Survaval/Assets/Resources
文件结构树（该结构树可能不完整，仅返回深度小于等于1层的子文件以及文件夹）：
├── DOTweenSettings.asset
├── MasterAudio
│   ├── MasterAudioSettings.asset


其中，部分主要文件及文件夹的信息如下：
1. Resources
# 路径:D:\\Unity\\Survaval\Assets\Resources
# 内容概述:### 文件夹内容总结

“Resources”文件夹汇集了Unity游戏项目的关键配置资源，包括“MasterAudioSettings.asset”用于音频处理和插件配置，以及“DOTweenSettings.asset”用于动画和缓动库的详细设置，两者共同确保游戏音效和动画的优化与流畅。

2. MasterAudio
# 路径:D:\\Unity\\Survaval\Assets\Resources\MasterAudio
# 内容概述:## 文件夹内容精简总结

“MasterAudio”文件夹包含一个Unity音频配置文件“MasterAudioSettings.asset”，该文件以YAML格式存储音频设置，涵盖脚本信息、音频处理选项（如分贝缩放、音高调整）和插件路径等，旨在优化音频播放和游戏体验。

3. DOTweenSettings.asset
# 路径:D:\\Unity\\Survaval\Assets\Resources\DOTweenSettings.asset
# 内容概述:### 简要总结
该文件记录了Unity中DOTween动画插件的配置，包括安全模式、时间缩放、缓动类型以及模块启用情况（如音频、物理、UI等）。这些设置确保了动画的平滑执行和性能优化。


2024-11-03 04:46:06,259 - INFO Retriever 0 - 

————————————————————————————————————————————————————————————————
2024-11-03 04:46:06,259 - INFO Retriever 0 - 当前窗口总长度：17
2024-11-03 04:46:06,259 - INFO Retriever 0 - 当前更新窗口长度：8
2024-11-03 04:46:06,260 - INFO Retriever 0 - 当前更新窗口长度：8
2024-11-03 04:46:06,260 - INFO Retriever 0 - ————————————————————————————————————————————————————————————————


2024-11-03 04:46:13,083 - INFO Retriever 0 - Agent主脑给出的回答为：{
    "deep_think": {
        "thoughts": "从获取的文件信息来看，Resources文件夹下的文件似乎主要与音频和动画配置相关。这些文件定义了音频处理和动画插件的设置，但它们并不直接关联到游戏初始天赋的解锁。因此，我需要进一步探索其他可能的文件或文件夹。\n\n考虑到游戏初始天赋的解锁可能与游戏的配置或设置有关，我决定检查项目中的配置文件，例如那些可能包含游戏设置或玩家状态的文件。我将会使用get_folder_info操作来获取AddressableAssetsData文件夹下的文件信息，因为AddressableAssetsData文件夹通常包含游戏的资源管理和配置文件。"
    }
}
2024-11-03 04:46:13,083 - INFO Retriever 0 - 是否成功解析：True
2024-11-03 04:46:13,083 - INFO Retriever 0 - operation_type (__det_dir_action):
2024-11-03 04:46:13,083 - INFO Retriever 0 - deep_think
2024-11-03 04:46:13,084 - INFO Retriever 0 - 

——————————————————————————————————————————————————————————————————————————————————————————————————————————————————————————
2024-11-03 04:46:13,084 - INFO Retriever 0 - Assistant:
2024-11-03 04:46:13,084 - INFO Retriever 0 - {
    "deep_think": {
        "thoughts": "从获取的文件信息来看，Resources文件夹下的文件似乎主要与音频和动画配置相关。这些文件定义了音频处理和动画插件的设置，但它们并不直接关联到游戏初始天赋的解锁。因此，我需要进一步探索其他可能的文件或文件夹。\n\n考虑到游戏初始天赋的解锁可能与游戏的配置或设置有关，我决定检查项目中的配置文件，例如那些可能包含游戏设置或玩家状态的文件。我将会使用get_folder_info操作来获取AddressableAssetsData文件夹下的文件信息，因为AddressableAssetsData文件夹通常包含游戏的资源管理和配置文件。"
    }
}
2024-11-03 04:46:13,084 - INFO Retriever 0 - dict_keys(['deep_think'])
2024-11-03 04:46:13,085 - INFO Retriever 0 - Agent主脑给出的行动：deep_think
参数：{'thoughts': '从获取的文件信息来看，Resources文件夹下的文件似乎主要与音频和动画配置相关。这些文件定义了音频处理和动画插件的设置，但它们并不直接关联到游戏初始天赋的解锁。因此，我需要进一步探索其他可能的文件或文件夹。\n\n考虑到游戏初始天赋的解锁可能与游戏的配置或设置有关，我决定检查项目中的配置文件，例如那些可能包含游戏设置或玩家状态的文件。我将会使用get_folder_info操作来获取AddressableAssetsData文件夹下的文件信息，因为AddressableAssetsData文件夹通常包含游戏的资源管理和配置文件。', 'repeat_counter': 1, 'continue_think_counter': 1}
2024-11-03 04:46:13,085 - INFO Retriever 0 - Observer: 好的，请继续你的下一步行动或思考。
2024-11-03 04:46:13,086 - INFO Retriever 0 - 

————————————————————————————————————————————————————————————————
2024-11-03 04:46:13,087 - INFO Retriever 0 - 当前窗口总长度：19
2024-11-03 04:46:13,087 - INFO Retriever 0 - 当前更新窗口长度：10
2024-11-03 04:46:13,087 - INFO Retriever 0 - 当前更新窗口长度：10
2024-11-03 04:46:13,087 - INFO Retriever 0 - ————————————————————————————————————————————————————————————————


2024-11-03 04:46:16,287 - INFO Retriever 0 - Agent主脑给出的回答为：{
    "get_folder_info": {
        "target_folder_path": "D:/Unity/Survaval/Assets/AddressableAssetsData"
    }
}
2024-11-03 04:46:16,287 - INFO Retriever 0 - 是否成功解析：True
2024-11-03 04:46:16,287 - INFO Retriever 0 - operation_type (__det_dir_action):
2024-11-03 04:46:16,287 - INFO Retriever 0 - get_folder_info
2024-11-03 04:46:16,288 - INFO Retriever 0 - 

——————————————————————————————————————————————————————————————————————————————————————————————————————————————————————————
2024-11-03 04:46:16,288 - INFO Retriever 0 - Assistant:
2024-11-03 04:46:16,288 - INFO Retriever 0 - {
    "get_folder_info": {
        "target_folder_path": "D:/Unity/Survaval/Assets/AddressableAssetsData"
    }
}
2024-11-03 04:46:16,288 - INFO Retriever 0 - dict_keys(['get_folder_info'])
2024-11-03 04:46:16,288 - INFO Retriever 0 - Agent主脑给出的行动：get_folder_info
参数：{'target_folder_path': 'D:/Unity/Survaval/Assets/AddressableAssetsData'}
2024-11-03 04:46:16,307 - INFO Retriever 0 - Observer: 目标文件夹路径：D:/Unity/Survaval/Assets/AddressableAssetsData
文件结构树（该结构树可能不完整，仅返回深度小于等于1层的子文件以及文件夹）：
├── AddressableAssetSettings.asset
├── Android
│   ├── addressables_content_state.bin
├── AssetGroupTemplates
│   ├── Packed Assets.asset
├── AssetGroups
│   ├── Audios.asset
│   ├── Built In Data.asset
│   ├── Default Local Group.asset
│   ├── Musics.asset
│   ├── Schemas
│   ├── Shaders.asset
│   ├── Terrains.asset
├── DataBuilders
│   ├── BuildScriptFastMode.asset
│   ├── BuildScriptPackedMode.asset
│   ├── BuildScriptPackedPlayMode.asset
│   ├── BuildScriptVirtualMode.asset
├── DefaultObject.asset
├── iOS
│   ├── addressables_content_state.bin


其中，部分主要文件及文件夹的信息如下：
1. AddressableAssetsData
# 路径:D:\\Unity\\Survaval\Assets\AddressableAssetsData
# 内容概述:### 文件夹内容简述

“AddressableAssetsData”文件夹汇集了Unity游戏开发所需的资源管理和配置文件。其中，Android和iOS子文件夹分别管理针对各自平台的资源状态。AssetGroups和AssetGroupTemplates子文件夹则专注于资源打包和内容更新配置，而DataBuilders子文件夹提供了资源管理和场景加载的脚本配置。此外，AddressableAssetSettings.asset文件负责资源加载和优化全局设置，而DefaultObject.asset则定义了Unity脚本组件的配置。整体而言，这些文件共同构成了游戏资源高效管理和优化的框架。

2. Android
# 路径:D:\\Unity\\Survaval\Assets\AddressableAssetsData\Android
# 内容概述:该“Android”文件夹包含一个名为“addressables_content_state.bin”的二进制文件，可能涉及Android应用资源状态管理。

3. AssetGroups
# 路径:D:\\Unity\\Survaval\Assets\AddressableAssetsData\AssetGroups
# 内容概述:### 简化版文件夹内容分析总结

“AssetGroups”文件夹汇集了Unity游戏资源的详细配置文件，包括音频、音乐、着色器、地形等资源的打包、加载和更新设置。文件夹内各配置文件如Audios_BundledAssetGroupSchema和Musics_ContentUpdateGroupSchema等，共同构成了资源管理的完整框架，确保游戏性能和用户体验的优化。

4. AssetGroupTemplates
# 路径:D:\\Unity\\Survaval\Assets\AddressableAssetsData\AssetGroupTemplates
# 内容概述:### 文件夹内容精简总结

“AssetGroupTemplates”文件夹汇集了Unity游戏开发中资源打包与更新的关键配置文件。其中，`Packed Assets.asset`负责资源打包成Asset Bundles，`BundledAssetGroupSchema`详细配置打包资源的相关参数，如压缩和缓存设置，而`ContentUpdateGroupSchema`则用于管理内容更新组的属性。这些文件协同作用，优化资源管理和更新流程。

5. DataBuilders
# 路径:D:\\Unity\\Survaval\Assets\AddressableAssetsData\DataBuilders
# 内容概述:### 文件夹内容精简总结

“DataBuilders”文件夹汇集了多个Unity引擎的脚本配置文件，专注于资源管理和场景加载。包含快速模式、打包模式和虚拟模式下的脚本组件配置，均涉及资源实例化和场景管理，通过配置不同的实例提供者和场景提供者实现优化，以集成到Unity项目中。

6. iOS
# 路径:D:\\Unity\\Survaval\Assets\AddressableAssetsData\iOS
# 内容概述:该“iOS”文件夹主要存储iOS应用相关资源，其中包含一个名为“addressables_content_state.bin”的二进制文件，可能用于管理应用内资源状态。

7. AddressableAssetSettings.asset
# 路径:D:\\Unity\\Survaval\Assets\AddressableAssetsData\AddressableAssetSettings.asset
# 内容概述:### 简要总结

该文件是Unity引擎的可寻址资产配置，定义了资源优化、构建路径、远程/本地目录设置和环境变量等关键参数。它包括优化目录大小、非递归构建、构建资源路径、远程目录路径、环境变量配置等设置，旨在提升资源管理和加载效率。

8. DefaultObject.asset
# 路径:D:\\Unity\\Survaval\Assets\AddressableAssetsData\DefaultObject.asset
# 内容概述:### 简化总结

该文件是Unity引擎中名为“DefaultObject”的脚本组件的配置，以YAML格式存储。它详细列出了组件的属性，如是否启用、关联的游戏对象、脚本信息等，以及编辑器中的可见性和隐藏状态。


2024-11-03 04:46:16,309 - INFO Retriever 0 - 

————————————————————————————————————————————————————————————————
2024-11-03 04:46:16,309 - INFO Retriever 0 - 当前窗口总长度：21
2024-11-03 04:46:16,309 - INFO Retriever 0 - 当前更新窗口长度：12
2024-11-03 04:46:16,309 - INFO Retriever 0 - 当前更新窗口长度：12
2024-11-03 04:46:16,310 - INFO Retriever 0 - ————————————————————————————————————————————————————————————————


2024-11-03 04:46:54,321 - INFO Retriever 0 - Agent主脑给出的回答为：{
    "deep_think": {
        "thoughts": "从获取的文件信息来看，AddressableAssetsData文件夹下的文件似乎主要与资源管理和配置相关。这些文件定义了资源打包、加载和更新的设置，但它们并不直接关联到游戏初始天赋的解锁。因此，我需要进一步探索其他可能的文件或文件夹。\n\n考虑到游戏初始天赋的解锁可能与游戏的配置或设置有关，我决定检查项目中的配置文件，例如那些可能包含游戏设置或玩家状态的文件。我将会使用get_folder_info操作来获取Plugins文件夹下的文件信息，因为Plugins文件夹通常包含游戏的插件和扩展。"
    }
}
2024-11-03 04:46:54,322 - INFO Retriever 0 - 是否成功解析：True
2024-11-03 04:46:54,322 - INFO Retriever 0 - operation_type (__det_dir_action):
2024-11-03 04:46:54,322 - INFO Retriever 0 - deep_think
2024-11-03 04:46:54,324 - INFO Retriever 0 - 

——————————————————————————————————————————————————————————————————————————————————————————————————————————————————————————
2024-11-03 04:46:54,324 - INFO Retriever 0 - Assistant:
2024-11-03 04:46:54,324 - INFO Retriever 0 - {
    "deep_think": {
        "thoughts": "从获取的文件信息来看，AddressableAssetsData文件夹下的文件似乎主要与资源管理和配置相关。这些文件定义了资源打包、加载和更新的设置，但它们并不直接关联到游戏初始天赋的解锁。因此，我需要进一步探索其他可能的文件或文件夹。\n\n考虑到游戏初始天赋的解锁可能与游戏的配置或设置有关，我决定检查项目中的配置文件，例如那些可能包含游戏设置或玩家状态的文件。我将会使用get_folder_info操作来获取Plugins文件夹下的文件信息，因为Plugins文件夹通常包含游戏的插件和扩展。"
    }
}
2024-11-03 04:46:54,324 - INFO Retriever 0 - dict_keys(['deep_think'])
2024-11-03 04:46:54,325 - INFO Retriever 0 - Agent主脑给出的行动：deep_think
参数：{'thoughts': '从获取的文件信息来看，AddressableAssetsData文件夹下的文件似乎主要与资源管理和配置相关。这些文件定义了资源打包、加载和更新的设置，但它们并不直接关联到游戏初始天赋的解锁。因此，我需要进一步探索其他可能的文件或文件夹。\n\n考虑到游戏初始天赋的解锁可能与游戏的配置或设置有关，我决定检查项目中的配置文件，例如那些可能包含游戏设置或玩家状态的文件。我将会使用get_folder_info操作来获取Plugins文件夹下的文件信息，因为Plugins文件夹通常包含游戏的插件和扩展。', 'repeat_counter': 1, 'continue_think_counter': 1}
2024-11-03 04:46:54,325 - INFO Retriever 0 - Observer: 好的，请继续你的下一步行动或思考。
2024-11-03 04:46:54,326 - INFO Retriever 0 - 

————————————————————————————————————————————————————————————————
2024-11-03 04:46:54,326 - INFO Retriever 0 - 当前窗口总长度：23
2024-11-03 04:46:54,327 - INFO Retriever 0 - 当前更新窗口长度：14
2024-11-03 04:46:54,327 - INFO Retriever 0 - 当前更新窗口长度：14
2024-11-03 04:46:54,327 - INFO Retriever 0 - ————————————————————————————————————————————————————————————————


2024-11-03 04:46:57,905 - INFO Retriever 0 - Agent主脑给出的回答为：{
    "get_folder_info": {
        "target_folder_path": "D:/Unity/Survaval/Assets/Plugins"
    }
}
2024-11-03 04:46:57,905 - INFO Retriever 0 - 是否成功解析：True
2024-11-03 04:46:57,905 - INFO Retriever 0 - operation_type (__det_dir_action):
2024-11-03 04:46:57,906 - INFO Retriever 0 - get_folder_info
2024-11-03 04:46:57,906 - INFO Retriever 0 - 

——————————————————————————————————————————————————————————————————————————————————————————————————————————————————————————
2024-11-03 04:46:57,906 - INFO Retriever 0 - Assistant:
2024-11-03 04:46:57,906 - INFO Retriever 0 - {
    "get_folder_info": {
        "target_folder_path": "D:/Unity/Survaval/Assets/Plugins"
    }
}
2024-11-03 04:46:57,906 - INFO Retriever 0 - dict_keys(['get_folder_info'])
2024-11-03 04:46:57,907 - INFO Retriever 0 - Agent主脑给出的行动：get_folder_info
参数：{'target_folder_path': 'D:/Unity/Survaval/Assets/Plugins'}
2024-11-03 04:46:57,925 - INFO Retriever 0 - Observer: 目标文件夹路径：D:/Unity/Survaval/Assets/Plugins
文件结构树（该结构树可能不完整，仅返回深度小于等于1层的子文件以及文件夹）：
├── Android
│   ├── Android.iml
│   ├── AndroidManifest.xml
│   ...
│   ├── youloft-notification-release.aar
├── DarkTonic
│   ├── MasterAudio
│   ├── MasterAudioMultiplayer
├── Demigiant
│   ├── DOTween
├── Editor
│   ├── DarkTonic
│   ├── RelationsInspector
├── RelationsInspector
│   ├── AutoBackendAttributes.cs
│   ├── RIEditor.asmdef
├── Sirenix
│   ├── Assemblies
│   ├── Demos
│   ├── Odin Inspector
│   ├── Readme.txt
├── iOS
│   ├── AdAdmobSDK.framework
│   ├── AdmobPottingMobileAppController.m
│   ├── AdmobSdkUnityAdapter.mm


其中，部分主要文件及文件夹的信息如下：
1. Plugins
# 路径:D:\\Unity\\Survaval\Assets\Plugins
# 内容概述:“Plugins”文件夹汇集了多平台游戏开发资源，包括Android应用开发工具、Unity游戏资源包如音频和网络同步插件，以及编辑器扩展和iOS应用开发组件。其中，Android子文件夹提供项目配置和第三方库；Unity相关资源如DarkTonic和Demigiant则专注于音频和网络同步，以及动画处理；Editor子文件夹增强Unity编辑器功能；iOS子文件夹涵盖性能监控和广告集成等iOS特有功能。这些资源相互关联，共同构建了一个全面的游戏开发环境。

2. Android
# 路径:D:\\Unity\\Survaval\Assets\Plugins\Android
# 内容概述:该“Android”文件夹汇集了Android应用开发所需的关键文件，包括项目配置（如AndroidManifest.xml、build.gradle）、构建脚本模板（如baseProjectTemplate.gradle、mainTemplate.gradle）以及第三方库的AAR文件（如youloft-ad-release.aar等），旨在构建和管理Android应用程序。

3. DarkTonic
# 路径:D:\\Unity\\Survaval\Assets\Plugins\DarkTonic
# 内容概述:“DarkTonic文件夹汇集了Unity游戏开发的音频和网络同步资源，包括MasterAudio子文件夹的音频管理工具和预制体，以及MasterAudioMultiplayer子文件夹的多玩家音频和网络插件。MasterAudio提供音频资源模板、预制体和脚本，而MasterAudioMultiplayer则集成了多种网络解决方案插件，如MAM_Mirror和MAM_Photon，以及专用的音频管理脚本，共同确保音频在多玩家环境中的同步与优化。”

4. Demigiant
# 路径:D:\\Unity\\Survaval\Assets\Plugins\Demigiant
# 内容概述:“Demigiant”文件夹汇集了Unity游戏开发插件DOTween的相关资源，包括编辑器工具、脚本模块和插件核心文件。其中，`Editor`子文件夹提供视觉资源和配置，`Modules`子文件夹包含动画脚本，而`DOTween.dll`则是插件的核心。此外，`readme.txt`为用户提供了安装指南。这些文件协同工作，为开发者提供了一套完整的动画解决方案。

5. Editor
# 路径:D:\\Unity\\Survaval\Assets\Plugins\Editor
# 内容概述:“Editor”文件夹汇集了Unity游戏开发中音频管理和编辑器扩展的脚本资源。其中，`DarkTonic`子文件夹专注于音频资源的持久化与事件配置，而`RelationsInspector`子文件夹则通过`RIScripts.asmdef`文件定义了编辑器脚本的组织结构，确保了脚本间的正确引用和加载，共同提升了音频配置和编辑的效率。

6. iOS
# 路径:D:\\Unity\\Survaval\Assets\Plugins\iOS
# 内容概述:该“iOS”文件夹汇集了iOS应用开发所需的多种资源，包括性能监控、广告集成、本地化支持等。其中，AdAdmobSDK框架和Admob相关控制器文件（如AdmobPottingMobileAppController.m和AdmobSdkUnityAdapter.mm）负责集成AdMob广告功能。同时，文件夹内还包含APMInsight性能监控、AppLovin和BUAdSDK广告展示、Facebook SDK本地化等模块，以及必要的接口定义和配置文件，共同支撑应用的全面开发。

7. RelationsInspector
# 路径:D:\\Unity\\Survaval\Assets\Plugins\RelationsInspector
# 内容概述:“RelationsInspector”文件夹汇集了用于关系检查器（RI）的C#脚本和项目配置，其中“AutoBackendAttributes.cs”定义了三个属性类，用于标记类和属性以实现后端自动化与关系关联，而“RIEditor.asmdef”则可能包含编辑器配置，两者协同支持关系检查器的自动化和编辑功能。

8. Sirenix
# 路径:D:\\Unity\\Survaval\Assets\Plugins\Sirenix
# 内容概述:“Sirenix”文件夹汇集了Unity游戏开发的丰富资源，包括Sirenix软件库与工具（如序列化库和Odin Inspector编辑器组件），以及一系列Unity编辑器扩展的示例（如自定义属性处理器和RPG编辑器）。这些资源通过模块化配置和编辑器脚本，旨在提升开发效率和项目质量，为Unity开发者提供全面的工具和配置支持。


2024-11-03 04:46:57,931 - INFO Retriever 0 - 

————————————————————————————————————————————————————————————————
2024-11-03 04:46:57,931 - INFO Retriever 0 - 当前窗口总长度：25
2024-11-03 04:46:57,931 - INFO Retriever 0 - 当前更新窗口长度：16
2024-11-03 04:46:57,932 - INFO Retriever 0 - 当前更新窗口长度：16
2024-11-03 04:46:57,932 - INFO Retriever 0 - ————————————————————————————————————————————————————————————————


2024-11-03 04:47:06,876 - INFO Retriever 0 - Agent主脑给出的回答为：{
    "deep_think": {
        "thoughts": "从获取的文件信息来看，Plugins文件夹下的文件似乎主要与插件和扩展相关。这些文件定义了音频管理、网络同步、动画处理、编辑器扩展等，但它们并不直接关联到游戏初始天赋的解锁。因此，我需要进一步探索其他可能的文件或文件夹。\n\n考虑到游戏初始天赋的解锁可能与游戏的配置或设置有关，我决定检查项目中的配置文件，例如那些可能包含游戏设置或玩家状态的文件。我将会使用get_folder_info操作来获取Editor文件夹下的文件信息，因为Editor文件夹通常包含游戏的编辑器脚本和工具。"
    }
}
2024-11-03 04:47:06,876 - INFO Retriever 0 - 是否成功解析：True
2024-11-03 04:47:06,876 - INFO Retriever 0 - operation_type (__det_dir_action):
2024-11-03 04:47:06,876 - INFO Retriever 0 - deep_think
2024-11-03 04:47:06,876 - INFO Retriever 0 - 

——————————————————————————————————————————————————————————————————————————————————————————————————————————————————————————
2024-11-03 04:47:06,876 - INFO Retriever 0 - Assistant:
2024-11-03 04:47:06,876 - INFO Retriever 0 - {
    "deep_think": {
        "thoughts": "从获取的文件信息来看，Plugins文件夹下的文件似乎主要与插件和扩展相关。这些文件定义了音频管理、网络同步、动画处理、编辑器扩展等，但它们并不直接关联到游戏初始天赋的解锁。因此，我需要进一步探索其他可能的文件或文件夹。\n\n考虑到游戏初始天赋的解锁可能与游戏的配置或设置有关，我决定检查项目中的配置文件，例如那些可能包含游戏设置或玩家状态的文件。我将会使用get_folder_info操作来获取Editor文件夹下的文件信息，因为Editor文件夹通常包含游戏的编辑器脚本和工具。"
    }
}
2024-11-03 04:47:06,880 - INFO Retriever 0 - dict_keys(['deep_think'])
2024-11-03 04:47:06,880 - INFO Retriever 0 - Agent主脑给出的行动：deep_think
参数：{'thoughts': '从获取的文件信息来看，Plugins文件夹下的文件似乎主要与插件和扩展相关。这些文件定义了音频管理、网络同步、动画处理、编辑器扩展等，但它们并不直接关联到游戏初始天赋的解锁。因此，我需要进一步探索其他可能的文件或文件夹。\n\n考虑到游戏初始天赋的解锁可能与游戏的配置或设置有关，我决定检查项目中的配置文件，例如那些可能包含游戏设置或玩家状态的文件。我将会使用get_folder_info操作来获取Editor文件夹下的文件信息，因为Editor文件夹通常包含游戏的编辑器脚本和工具。', 'repeat_counter': 1, 'continue_think_counter': 1}
2024-11-03 04:47:06,880 - INFO Retriever 0 - Observer: 好的，请继续你的下一步行动或思考。
2024-11-03 04:47:06,882 - INFO Retriever 0 - 

————————————————————————————————————————————————————————————————
2024-11-03 04:47:06,882 - INFO Retriever 0 - 当前窗口总长度：27
2024-11-03 04:47:06,882 - INFO Retriever 0 - 当前更新窗口长度：18
2024-11-03 04:47:06,882 - INFO Retriever 0 - 当前更新窗口长度：18
2024-11-03 04:47:06,883 - INFO Retriever 0 - ————————————————————————————————————————————————————————————————


2024-11-03 04:47:10,703 - INFO Retriever 0 - Agent主脑给出的回答为：{
    "get_folder_info": {
        "target_folder_path": "D:/Unity/Survaval/Assets/Editor"
    }
}
2024-11-03 04:47:10,703 - INFO Retriever 0 - 是否成功解析：True
2024-11-03 04:47:10,704 - INFO Retriever 0 - operation_type (__det_dir_action):
2024-11-03 04:47:10,704 - INFO Retriever 0 - get_folder_info
2024-11-03 04:47:10,704 - INFO Retriever 0 - 

——————————————————————————————————————————————————————————————————————————————————————————————————————————————————————————
2024-11-03 04:47:10,704 - INFO Retriever 0 - Assistant:
2024-11-03 04:47:10,705 - INFO Retriever 0 - {
    "get_folder_info": {
        "target_folder_path": "D:/Unity/Survaval/Assets/Editor"
    }
}
2024-11-03 04:47:10,705 - INFO Retriever 0 - dict_keys(['get_folder_info'])
2024-11-03 04:47:10,705 - INFO Retriever 0 - Agent主脑给出的行动：get_folder_info
参数：{'target_folder_path': 'D:/Unity/Survaval/Assets/Editor'}
2024-11-03 04:47:10,721 - INFO Retriever 0 - Observer: 目标文件夹路径：D:/Unity/Survaval/Assets/Editor
文件结构树（该结构树可能不完整，仅返回深度小于等于1层的子文件以及文件夹）：
├── ChannelSetting.cs
├── OrbiteExtenedEditor.cs
├── Resources
│   ├── SPUM
├── ShaderStripSettings
│   ├── UniversalRP-HighQualityShaderStrip.asset


其中，部分主要文件及文件夹的信息如下：
1. Editor
# 路径:D:\\Unity\\Survaval\Assets\Editor
# 内容概述:### 文件夹内容总结

“Editor”文件夹汇集了Unity项目开发所需的资源与工具。其中，**Resources**子文件夹提供游戏与动画设计的视觉素材，包括角色、场景元素和预制游戏单元。**ShaderStripSettings**包含提升渲染质量的Unity脚本组件，而**ChannelSetting.cs**脚本则用于管理不同渠道的SDK和项目配置。此外，**OrbiteExtenedEditor.cs**编辑器扩展脚本增强了文本编辑和屏幕截图功能，辅助设计和开发流程。整体上，这些资源与工具相互关联，共同服务于Unity项目的开发与优化。

2. Resources
# 路径:D:\\Unity\\Survaval\Assets\Editor\Resources
# 内容概述:“Resources”文件夹汇集了游戏和动画设计所需的视觉资源与预制单元。其中，SPUM_Sprites子文件夹包含基础设计元素和主题资源包，而SPUM_Units则提供一系列预制文件，便于游戏开发中角色、道具和环境的构建。这些资源相互关联，共同支撑起项目的视觉和功能需求。

3. ShaderStripSettings
# 路径:D:\\Unity\\Survaval\Assets\Editor\ShaderStripSettings
# 内容概述:### 文件夹内容精简总结

“ShaderStripSettings”文件夹内包含一个Unity资产“UniversalRP-HighQualityShaderStrip.asset”，这是一个脚本组件，用于优化渲染设置，通过移除特定着色器关键字来提升渲染质量，尤其针对阴影和光照效果。

4. ChannelSetting.cs
# 路径:D:\\Unity\\Survaval\Assets\Editor\ChannelSetting.cs
# 内容概述:该脚本为Unity编辑器插件，主要功能是管理不同渠道的SDK配置。它包含`ChannelSetting`类，其中定义了`ChangeChannelYouLoft`和`ChangeChannelTranssion`方法，用于切换至优路和传音渠道。这些方法会复制相应SDK至项目目录，更新项目设置（如公司名、产品名和应用标识符），并管理宏定义。脚本还提供了`CopyAllDirectory`和`DeleteAllDirectory`来处理文件夹的复制和删除，以及`AddScriptingDefineSymbolsForGroup`和`DeleteScriptingDefineSymbolsForGroup`来调整预定义宏。

5. OrbiteExtenedEditor.cs
# 路径:D:\\Unity\\Survaval\Assets\Editor\OrbiteExtenedEditor.cs
# 内容概述:该脚本“OrbiteExtenedEditor.cs”是Unity编辑器的一个扩展，包含两个主要功能。首先，`TextmeshProRich`方法通过修改选中Transform下所有TextMeshProUGUI子组件的`richText`属性为true。其次，`Capture`方法用于捕获当前屏幕并保存为PNG文件至指定路径，同时根据游戏状态调整截图名称。


2024-11-03 04:47:10,725 - INFO Retriever 0 - 

————————————————————————————————————————————————————————————————
2024-11-03 04:47:10,726 - INFO Retriever 0 - 当前窗口总长度：29
2024-11-03 04:47:10,726 - INFO Retriever 0 - 当前更新窗口长度：20
2024-11-03 04:47:10,727 - INFO Retriever 0 - 当前更新窗口长度：20
2024-11-03 04:47:10,727 - INFO Retriever 0 - ————————————————————————————————————————————————————————————————


2024-11-03 04:47:18,085 - INFO Retriever 0 - Agent主脑给出的回答为：{
    "deep_think": {
        "thoughts": "从获取的文件信息来看，Editor文件夹下的文件似乎主要与编辑器脚本和工具相关。这些文件定义了编辑器扩展、资源管理、渲染设置等，但它们并不直接关联到游戏初始天赋的解锁。因此，我需要进一步探索其他可能的文件或文件夹。\n\n考虑到游戏初始天赋的解锁可能与游戏的配置或设置有关，我决定检查项目中的配置文件，例如那些可能包含游戏设置或玩家状态的文件。我将会使用get_folder_info操作来获取_SharedAssets文件夹下的文件信息，因为_SharedAssets文件夹通常包含共享资源。"
    }
}
2024-11-03 04:47:18,086 - INFO Retriever 0 - 是否成功解析：True
2024-11-03 04:47:18,086 - INFO Retriever 0 - operation_type (__det_dir_action):
2024-11-03 04:47:18,087 - INFO Retriever 0 - deep_think
2024-11-03 04:47:18,087 - INFO Retriever 0 - 

——————————————————————————————————————————————————————————————————————————————————————————————————————————————————————————
2024-11-03 04:47:18,087 - INFO Retriever 0 - Assistant:
2024-11-03 04:47:18,087 - INFO Retriever 0 - {
    "deep_think": {
        "thoughts": "从获取的文件信息来看，Editor文件夹下的文件似乎主要与编辑器脚本和工具相关。这些文件定义了编辑器扩展、资源管理、渲染设置等，但它们并不直接关联到游戏初始天赋的解锁。因此，我需要进一步探索其他可能的文件或文件夹。\n\n考虑到游戏初始天赋的解锁可能与游戏的配置或设置有关，我决定检查项目中的配置文件，例如那些可能包含游戏设置或玩家状态的文件。我将会使用get_folder_info操作来获取_SharedAssets文件夹下的文件信息，因为_SharedAssets文件夹通常包含共享资源。"
    }
}
2024-11-03 04:47:18,088 - INFO Retriever 0 - dict_keys(['deep_think'])
2024-11-03 04:47:18,088 - INFO Retriever 0 - Agent主脑给出的行动：deep_think
参数：{'thoughts': '从获取的文件信息来看，Editor文件夹下的文件似乎主要与编辑器脚本和工具相关。这些文件定义了编辑器扩展、资源管理、渲染设置等，但它们并不直接关联到游戏初始天赋的解锁。因此，我需要进一步探索其他可能的文件或文件夹。\n\n考虑到游戏初始天赋的解锁可能与游戏的配置或设置有关，我决定检查项目中的配置文件，例如那些可能包含游戏设置或玩家状态的文件。我将会使用get_folder_info操作来获取_SharedAssets文件夹下的文件信息，因为_SharedAssets文件夹通常包含共享资源。', 'repeat_counter': 1, 'continue_think_counter': 1}
2024-11-03 04:47:18,088 - INFO Retriever 0 - Observer: 好的，请继续你的下一步行动或思考。
2024-11-03 04:47:18,090 - INFO Retriever 0 - 

————————————————————————————————————————————————————————————————
2024-11-03 04:47:18,090 - INFO Retriever 0 - 当前窗口总长度：31
2024-11-03 04:47:18,090 - INFO Retriever 0 - 当前更新窗口长度：22
2024-11-03 04:47:18,091 - INFO Retriever 0 - 当前更新窗口长度：22
2024-11-03 04:47:18,091 - INFO Retriever 0 - ————————————————————————————————————————————————————————————————


2024-11-03 04:47:23,890 - INFO Retriever 0 - Agent主脑给出的回答为：{
    "get_folder_info": {
        "target_folder_path": "D:/Unity/Survaval/Assets/_SharedAssets"
    }
}
2024-11-03 04:47:23,891 - INFO Retriever 0 - 是否成功解析：True
2024-11-03 04:47:23,891 - INFO Retriever 0 - operation_type (__det_dir_action):
2024-11-03 04:47:23,891 - INFO Retriever 0 - get_folder_info
2024-11-03 04:47:23,891 - INFO Retriever 0 - 

——————————————————————————————————————————————————————————————————————————————————————————————————————————————————————————
2024-11-03 04:47:23,891 - INFO Retriever 0 - Assistant:
2024-11-03 04:47:23,892 - INFO Retriever 0 - {
    "get_folder_info": {
        "target_folder_path": "D:/Unity/Survaval/Assets/_SharedAssets"
    }
}
2024-11-03 04:47:23,892 - INFO Retriever 0 - dict_keys(['get_folder_info'])
2024-11-03 04:47:23,892 - INFO Retriever 0 - Agent主脑给出的行动：get_folder_info
参数：{'target_folder_path': 'D:/Unity/Survaval/Assets/_SharedAssets'}
2024-11-03 04:47:24,490 - INFO Retriever 0 - Observer: 目标路径D:/Unity/Survaval/Assets/_SharedAssets不存在。

2024-11-03 04:47:24,490 - INFO Retriever 0 - 

————————————————————————————————————————————————————————————————
2024-11-03 04:47:24,490 - INFO Retriever 0 - 当前窗口总长度：33
2024-11-03 04:47:24,490 - INFO Retriever 0 - 当前更新窗口长度：24
2024-11-03 04:47:24,490 - INFO Retriever 0 - 当前更新窗口长度：24
2024-11-03 04:47:24,490 - INFO Retriever 0 - ————————————————————————————————————————————————————————————————


2024-11-03 04:47:37,597 - INFO Retriever 0 - Agent主脑给出的回答为：{
    "deep_think": {
        "thoughts": "在尝试获取_SharedAssets文件夹信息时，发现该路径不存在。这意味着_SharedAssets文件夹可能不存在于当前项目中，或者路径有误。因此，我需要重新考虑其他可能的文件夹或文件，以找到可能与游戏初始天赋解锁相关的配置文件。\n\n考虑到游戏初始天赋的解锁可能与游戏的配置或设置有关，我决定检查项目中的配置文件，例如那些可能包含游戏设置或玩家状态的文件。我将会使用get_folder_info操作来获取_SharedAssets文件夹下的文件信息，因为_SharedAssets文件夹通常包含共享资源。"
    }
}
2024-11-03 04:47:37,597 - INFO Retriever 0 - 是否成功解析：True
2024-11-03 04:47:37,597 - INFO Retriever 0 - operation_type (__det_dir_action):
2024-11-03 04:47:37,598 - INFO Retriever 0 - deep_think
2024-11-03 04:47:37,598 - INFO Retriever 0 - 

——————————————————————————————————————————————————————————————————————————————————————————————————————————————————————————
2024-11-03 04:47:37,598 - INFO Retriever 0 - Assistant:
2024-11-03 04:47:37,598 - INFO Retriever 0 - {
    "deep_think": {
        "thoughts": "在尝试获取_SharedAssets文件夹信息时，发现该路径不存在。这意味着_SharedAssets文件夹可能不存在于当前项目中，或者路径有误。因此，我需要重新考虑其他可能的文件夹或文件，以找到可能与游戏初始天赋解锁相关的配置文件。\n\n考虑到游戏初始天赋的解锁可能与游戏的配置或设置有关，我决定检查项目中的配置文件，例如那些可能包含游戏设置或玩家状态的文件。我将会使用get_folder_info操作来获取_SharedAssets文件夹下的文件信息，因为_SharedAssets文件夹通常包含共享资源。"
    }
}
2024-11-03 04:47:37,599 - INFO Retriever 0 - dict_keys(['deep_think'])
2024-11-03 04:47:37,599 - INFO Retriever 0 - Agent主脑给出的行动：deep_think
参数：{'thoughts': '在尝试获取_SharedAssets文件夹信息时，发现该路径不存在。这意味着_SharedAssets文件夹可能不存在于当前项目中，或者路径有误。因此，我需要重新考虑其他可能的文件夹或文件，以找到可能与游戏初始天赋解锁相关的配置文件。\n\n考虑到游戏初始天赋的解锁可能与游戏的配置或设置有关，我决定检查项目中的配置文件，例如那些可能包含游戏设置或玩家状态的文件。我将会使用get_folder_info操作来获取_SharedAssets文件夹下的文件信息，因为_SharedAssets文件夹通常包含共享资源。', 'repeat_counter': 1, 'continue_think_counter': 1}
2024-11-03 04:47:37,600 - INFO Retriever 0 - Observer: 好的，请继续你的下一步行动或思考。
2024-11-03 04:47:37,601 - INFO Retriever 0 - 

————————————————————————————————————————————————————————————————
2024-11-03 04:47:37,601 - INFO Retriever 0 - 当前窗口总长度：35
2024-11-03 04:47:37,601 - INFO Retriever 0 - 当前更新窗口长度：26
2024-11-03 04:47:37,601 - INFO Retriever 0 - 当前更新窗口长度：26
2024-11-03 04:47:37,602 - INFO Retriever 0 - ————————————————————————————————————————————————————————————————


2024-11-03 04:47:43,206 - INFO Retriever 0 - Agent主脑给出的回答为：{
    "get_folder_info": {
        "target_folder_path": "D:/Unity/Survaval/Assets/_MyAssets"
    }
}
2024-11-03 04:47:43,206 - INFO Retriever 0 - 是否成功解析：True
2024-11-03 04:47:43,207 - INFO Retriever 0 - operation_type (__det_dir_action):
2024-11-03 04:47:43,207 - INFO Retriever 0 - get_folder_info
2024-11-03 04:47:43,207 - INFO Retriever 0 - 

——————————————————————————————————————————————————————————————————————————————————————————————————————————————————————————
2024-11-03 04:47:43,207 - INFO Retriever 0 - Assistant:
2024-11-03 04:47:43,207 - INFO Retriever 0 - {
    "get_folder_info": {
        "target_folder_path": "D:/Unity/Survaval/Assets/_MyAssets"
    }
}
2024-11-03 04:47:43,208 - INFO Retriever 0 - dict_keys(['get_folder_info'])
2024-11-03 04:47:43,208 - INFO Retriever 0 - Agent主脑给出的行动：get_folder_info
参数：{'target_folder_path': 'D:/Unity/Survaval/Assets/_MyAssets'}
2024-11-03 04:47:43,239 - INFO Retriever 0 - Observer: 目标文件夹路径：D:/Unity/Survaval/Assets/_MyAssets
文件结构树（该结构树可能不完整，仅返回深度小于等于1层的子文件以及文件夹）：
├── Animations
│   ├── PlayerAnimator.controller
│   ├── PlayerOnHorseAnimator.controller
│   ├── UIAnim
├── ArtAssets
│   ├── Enemies
│   ├── Items
│   ├── Terrains
│   ├── UI
├── Audio
│   ├── Music
│   ├── Sound
├── Data
│   ├── Achivements
│   ├── BattlePass
│   ...
│   ├── _GameData.asset
├── Editor_Reource
│   ├── Resources
├── FontPixel
│   ├── PixelMplus12.ttf
│   ├── unifont  Offset.mat
│   ...
│   ├── unifont.ttf
├── Icon
├── InputSettings
├── OutputData
│   ├── default_android_build.buildconfiguration
├── RuntimePrefabs
│   ├── Bullets
│   ├── DamageTexts
│   ...
│   ├── VFX
├── SceneTemplates
├── Scenes
├── Scripts
│   ├── Character
│   ├── DOTSSimpleRenderer
│   ...
│   ├── Utility
├── Shaders
│   ├── DOTSDropLight.shader
│   ├── DOTSSimpleParticle.shader
│   ├── DOTSSimpleSprite.shader
│   ├── UI_Light_Ase.shader
│   ├── UI_White_ASE.shader
│   ├── UI_guide_Ase.shader
│   ├── used_shaders.shadervariants
├── StaticPrefabs
│   ├── Sounds
│   ├── UI
│   ├── VFXTrails
│   ├── WeaponGunPoints
├── SteerSettings
│   ├── enemy_steer_speed_0.5.asset
│   ├── enemy_steer_speed_0.asset
│   ...
│   ├── enemy_steer_speed_5.asset
├── Test
│   ├── 01.png
│   ├── 02.png
│   ├── 03.png
│   ├── 04.png
├── Texture
│   ├── BattleTexture
│   ├── IconAtlas.spriteatlas
│   ├── Materials
│   ├── Textures
│   ├── TexturesIcon
│   ├── icon
├── URPSettings
│   ├── ForwardRenderer.asset
│   ├── UniversalRP-HighQuality.asset


其中，部分主要文件及文件夹的信息如下：
1. _MyAssets
# 路径:D:\\Unity\\Survaval\Assets\_MyAssets
# 内容概述:“_MyAssets”文件夹是游戏开发的核心资源库，汇集了动画、艺术资产、音频、数据配置、编辑器资源、字体、图标、脚本、着色器等关键文件，以及预制体和场景设计。它为游戏提供了丰富的视觉和音频效果，并通过详细的配置文件和脚本实现了复杂的游戏逻辑和交互。文件夹内资源相互关联，共同支撑起游戏的整体架构和功能实现。

2. Animations
# 路径:D:\\Unity\\Survaval\Assets\_MyAssets\Animations
# 内容概述:### 简化版文件夹内容分析总结

“Animations”文件夹汇集了针对游戏或应用UI元素的动画资源，包含多个子文件夹，如战斗界面、礼堂面板等，每个子文件夹内含特定动画和控制文件。控制器文件如`PlayerAnimator.controller`和`PlayerOnHorseAnimator.controller`负责协调玩家角色及其骑马状态下的动画逻辑，确保动画流畅且与用户交互紧密结合。

3. ArtAssets
# 路径:D:\\Unity\\Survaval\Assets\_MyAssets\ArtAssets
# 内容概述:“ArtAssets”文件夹汇集了游戏开发所需的视觉和交互资源，包括敌人角色和Boss的静态图像及材质（在“Enemies”文件夹中），游戏物品的材质（在“Items”文件夹中），以及地形和景观图像（在“Terrains”文件夹中）。此外，还包含用户界面配置数据（在“UI”文件夹中），这些资源共同支撑起游戏的角色、环境与交互界面设计。

4. Audio
# 路径:D:\\Unity\\Survaval\Assets\_MyAssets\Audio
# 内容概述:“Audio”文件夹内部分为“Music”和“Sound”两个子文件夹，前者收录了针对游戏不同场景设计的背景音乐，如Boss战和地图背景；后者则集成了游戏中的各种声音效果，包括活动声音和界面操作声音，共同构建了游戏的整体音效体验。

5. Data
# 路径:D:\\Unity\\Survaval\Assets\_MyAssets\Data
# 内容概述:“Data”文件夹是Unity游戏项目的核心，汇集了游戏配置和脚本资产，涵盖成就、战斗通行证、任务、物品掉落、角色装备、地图、技能、敌人生成等多个方面。文件夹内各子文件夹如Achivements、BattlePass和DailyTask等，分别管理成就解锁、奖励系统和日常任务等游戏机制；而Equip、Items和Map等则专注于角色、物品和地图的详细配置。这些文件和配置相互关联，共同构建了游戏的数据结构和功能框架。

6. Editor_Reource
# 路径:D:\\Unity\\Survaval\Assets\_MyAssets\Editor_Reource
# 内容概述:“Editor_Reource”文件夹汇集了游戏本地化资源，包含“Configs”子文件夹，内含多种语言的本地化文本文件，确保游戏在不同语言环境下的文本一致性和准确性。

7. FontPixel
# 路径:D:\\Unity\\Survaval\Assets\_MyAssets\FontPixel
# 内容概述:### 简化版文件夹内容总结

“FontPixel”文件夹汇集了多种字体文件，包括PixelMplus12.ttf和一系列以“unifont”开头的字体数据文件，如Offset、OutLine等，这些文件提供了不同风格和效果的字体资源，适用于字体设计和应用场景。

8. Icon
# 路径:D:\\Unity\\Survaval\Assets\_MyAssets\Icon
# 内容概述:该文件夹内容为空。

9. InputSettings
# 路径:D:\\Unity\\Survaval\Assets\_MyAssets\InputSettings
# 内容概述:该文件夹内容为空。

10. OutputData
# 路径:D:\\Unity\\Survaval\Assets\_MyAssets\OutputData
# 内容概述:在“OutputData”文件夹中，主要包含一个名为“default_android_build.buildconfiguration”的文件，该文件记录了Android应用的构建配置信息。

11. RuntimePrefabs
# 路径:D:\\Unity\\Survaval\Assets\_MyAssets\RuntimePrefabs
# 内容概述:“RuntimePrefabs”文件夹汇集了游戏开发所需的预制资源，包括多样化的子弹和攻击效果（如天使球、火球等），伤害显示配置，游戏内掉落物品（如宝箱、硬币），以及敌人、玩家角色和视觉效果（如技能效果、元素射线）。此外，还包含玩家角色预制文件和基础配置，以及空白的“Requirements”文件夹。视觉效果和用户界面元素，如技能和UI升级效果，丰富了游戏体验。

12. Scenes
# 路径:D:\\Unity\\Survaval\Assets\_MyAssets\Scenes
# 内容概述:“Scenes文件夹汇集了多种场景相关的文件，包含图片、文档和视频等，旨在展示不同环境下的视觉元素。其中，图片子文件夹展示了多样化的场景图像，文档子文件夹则收录了场景描述和设计理念，而视频子文件夹则提供了动态场景演示。这些文件相互关联，共同构成了一个全面展示各类场景的资料库。”

13. SceneTemplates
# 路径:D:\\Unity\\Survaval\Assets\_MyAssets\SceneTemplates
# 内容概述:该文件夹内容为空。

14. Scripts
# 路径:D:\\Unity\\Survaval\Assets\_MyAssets\Scripts
# 内容概述:“Scripts”文件夹是Unity游戏项目的核心脚本库，集成了角色管理、数据管理、渲染优化、声音处理、环境构建、游戏玩法、系统组件、UI设计和辅助工具等多种功能。它包含的角色脚本如动画和敌人管理，与游戏玩法和数据管理脚本紧密协作，共同构建了游戏的角色系统和核心逻辑。同时，渲染和声音优化脚本提升了性能，而UI脚本则负责交互界面。此外，通用工具和扩展功能脚本为游戏提供了额外的辅助和灵活性，确保了项目的整体流畅性和功能性。

15. Shaders
# 路径:D:\\Unity\\Survaval\Assets\_MyAssets\Shaders
# 内容概述:“Shaders”文件夹汇集了多种图形和UI着色器文件，包括实现点光源衰减、粒子效果、精灵渲染、UI引导照明等功能的DOTS系列和UI系列着色器，以及记录着色器变体信息的`used_shaders.shadervariants`文件，旨在提升游戏或应用的视觉效果。

16. StaticPrefabs
# 路径:D:\\Unity\\Survaval\Assets\_MyAssets\StaticPrefabs
# 内容概述:“StaticPrefabs”文件夹汇集了游戏开发所需的静态资源，包括音频管理、UI界面设计、视觉效果以及武器和枪械模型。音频资源如“Sounds”文件夹中的音效，与UI设计如“UI”文件夹中的战斗和主界面元素相辅相成，共同构建游戏交互体验。视觉效果“VFXTrails”则丰富了游戏场景，而“WeaponGunPoints”中的武器预制件则增强了游戏中的战斗元素。这些资源紧密关联，共同支撑起游戏的整体架构。

17. SteerSettings
# 路径:D:\\Unity\\Survaval\Assets\_MyAssets\SteerSettings
# 内容概述:### 文件夹内容总结
“SteerSettings”文件夹汇集了Unity游戏引擎中敌人AI的配置文件，旨在详细设定敌人的移动速度、转向行为、视野范围和搜索策略。文件夹内包含多个资产文件，如`enemy_steer_speed_0.5.asset`至`enemy_steer_speed_5.asset`，每个文件针对特定敌人的行为属性进行定制，包括速度、转向参数、视野角度和搜索目标等。这些配置文件共同构成了敌人AI的行为逻辑，确保它们在游戏中能够以不同的方式移动和交互，从而丰富游戏体验。

18. Test
# 路径:D:\\Unity\\Survaval\Assets\_MyAssets\Test
# 内容概述:该“Test”文件夹内包含四张PNG格式图片，分别为01.png、02.png、03.png和04.png，可能为同一主题或系列。

19. Texture
# 路径:D:\\Unity\\Survaval\Assets\_MyAssets\Texture
# 内容概述:“BattleTexture”文件夹汇集了与战斗相关的纹理图片，如奖励掉落效果，用于游戏视觉设计。在“icon”文件夹中，子文件夹和图片文件分类存储，涵盖游戏装备、角色属性、场景和界面元素，如技能图标和按钮。而“Materials”文件夹专注于材料设计数据，如“小光柱-白.mat”。此外，“Textures”和“TexturesIcon”文件夹则分别包含游戏界面元素和图标资源，通过纹理压缩优化游戏性能。最后，“IconAtlas.spriteatlas”文件整合了多个图标资源，提升游戏资源管理和加载效率。

20. URPSettings
# 路径:D:\\Unity\\Survaval\Assets\_MyAssets\URPSettings
# 内容概述:### 文件夹内容精简总结

“URPSettings”文件夹汇集了Unity游戏引擎的渲染优化配置，包括**ForwardRenderer.asset**文件，它针对视觉效果和伤害文本渲染进行细致配置，以及**UniversalRP-HighQuality.asset**，该文件通过调整多种渲染参数如阴影、抗锯齿和性能优化选项，旨在提升整体视觉效果和性能。这两个文件共同构成了游戏渲染的核心设置，确保了高质量的渲染效果和流畅的性能表现。


2024-11-03 04:47:43,240 - INFO Retriever 0 - 

————————————————————————————————————————————————————————————————
2024-11-03 04:47:43,240 - INFO Retriever 0 - 当前窗口总长度：37
2024-11-03 04:47:43,240 - INFO Retriever 0 - 当前更新窗口长度：28
2024-11-03 04:47:43,240 - INFO Retriever 0 - 当前更新窗口长度：28
2024-11-03 04:47:43,240 - INFO Retriever 0 - ————————————————————————————————————————————————————————————————


2024-11-03 04:47:48,163 - INFO Retriever 0 - Agent主脑给出的回答为：{
    "deep_think": {
        "thoughts": "在获取了_MyAssets文件夹下的文件信息后，我注意到Data文件夹可能包含了游戏配置和脚本资产，这可能包括与游戏初始天赋解锁相关的设置。接下来，我将使用get_folder_info操作来获取Data文件夹下的文件信息，以便进一步确定哪个文件可能包含与初始天赋解锁相关的设置。"
    }
}
2024-11-03 04:47:48,165 - INFO Retriever 0 - 是否成功解析：True
2024-11-03 04:47:48,165 - INFO Retriever 0 - operation_type (__det_dir_action):
2024-11-03 04:47:48,165 - INFO Retriever 0 - deep_think
2024-11-03 04:47:48,165 - INFO Retriever 0 - 

——————————————————————————————————————————————————————————————————————————————————————————————————————————————————————————
2024-11-03 04:47:48,165 - INFO Retriever 0 - Assistant:
2024-11-03 04:47:48,165 - INFO Retriever 0 - {
    "deep_think": {
        "thoughts": "在获取了_MyAssets文件夹下的文件信息后，我注意到Data文件夹可能包含了游戏配置和脚本资产，这可能包括与游戏初始天赋解锁相关的设置。接下来，我将使用get_folder_info操作来获取Data文件夹下的文件信息，以便进一步确定哪个文件可能包含与初始天赋解锁相关的设置。"
    }
}
2024-11-03 04:47:48,165 - INFO Retriever 0 - dict_keys(['deep_think'])
2024-11-03 04:47:48,165 - INFO Retriever 0 - Agent主脑给出的行动：deep_think
参数：{'thoughts': '在获取了_MyAssets文件夹下的文件信息后，我注意到Data文件夹可能包含了游戏配置和脚本资产，这可能包括与游戏初始天赋解锁相关的设置。接下来，我将使用get_folder_info操作来获取Data文件夹下的文件信息，以便进一步确定哪个文件可能包含与初始天赋解锁相关的设置。', 'repeat_counter': 1, 'continue_think_counter': 1}
2024-11-03 04:47:48,165 - INFO Retriever 0 - Observer: 好的，请继续你的下一步行动或思考。
2024-11-03 04:47:48,168 - INFO Retriever 0 - 

————————————————————————————————————————————————————————————————
2024-11-03 04:47:48,168 - INFO Retriever 0 - 当前窗口总长度：39
2024-11-03 04:47:48,168 - INFO Retriever 0 - 当前更新窗口长度：30
2024-11-03 04:47:48,168 - INFO Retriever 0 - 当前更新窗口长度：30
2024-11-03 04:47:48,168 - INFO Retriever 0 - ————————————————————————————————————————————————————————————————


2024-11-03 04:47:52,752 - INFO Retriever 0 - Agent主脑给出的回答为：{
    "get_folder_info": {
        "target_folder_path": "D:/Unity/Survaval/Assets/_MyAssets/Data"
    }
}
2024-11-03 04:47:52,752 - INFO Retriever 0 - 是否成功解析：True
2024-11-03 04:47:52,752 - INFO Retriever 0 - operation_type (__det_dir_action):
2024-11-03 04:47:52,752 - INFO Retriever 0 - get_folder_info
2024-11-03 04:47:52,752 - INFO Retriever 0 - 

——————————————————————————————————————————————————————————————————————————————————————————————————————————————————————————
2024-11-03 04:47:52,752 - INFO Retriever 0 - Assistant:
2024-11-03 04:47:52,752 - INFO Retriever 0 - {
    "get_folder_info": {
        "target_folder_path": "D:/Unity/Survaval/Assets/_MyAssets/Data"
    }
}
2024-11-03 04:47:52,752 - INFO Retriever 0 - dict_keys(['get_folder_info'])
2024-11-03 04:47:52,752 - INFO Retriever 0 - Agent主脑给出的行动：get_folder_info
参数：{'target_folder_path': 'D:/Unity/Survaval/Assets/_MyAssets/Data'}
2024-11-03 04:47:52,912 - INFO Retriever 0 - Observer: 目标文件夹路径：D:/Unity/Survaval/Assets/_MyAssets/Data
文件结构树（该结构树可能不完整，仅返回深度小于等于1层的子文件以及文件夹）：
├── Achivements
│   ├── 任意天赋在第一关获胜解锁全能徽章.asset
│   ├── 任意天赋在第一关获胜解锁天寒地冻.asset
│   ...
│   ├── 魔法飞弹升到5级.asset
├── BattlePass
│   ├── BattlePassData.asset
│   ├── Level_1-10.asset
│   ...
│   ├── level_91-100.asset
├── DailyTask
│   ├── doneallTask.asset
│   ├── killenemyTask.asset
│   ├── passTask.asset
│   ├── startlevelTask.asset
│   ├── upLevelTask.asset
│   ├── watchADTask.asset
├── DefaultUnlockedData.asset
├── Drops
│   ├── Drop_Chest_1.asset
│   ├── Drop_Chest_2.asset
│   ...
│   ├── _Drop_Generate_Data.asset
├── Equip
│   ├── 全能徽章.asset
│   ├── 全能徽章碎片.asset
│   ...
│   ├── 飞翔符文碎片.asset
├── Handbooks
│   ├── Handbook_Item_1.asset
│   ├── Handbook_Item_10.asset
│   ...
│   ├── Handbook_Item_9.asset
├── Items
│   ├── 主动技能圣光复仇_LV1.asset
│   ├── 主动技能圣光复仇_LV2.asset
│   ...
│   ├── 鹰眼LV5.asset
├── Map
│   ├── Map0.asset
│   ├── Map1.asset
│   ...
│   ├── MapEndlessRewards.asset
├── Propertys
│   ├── Property_BulletAmount.asset
│   ├── Property_Cooling.asset
│   ...
│   ├── Property_雷电精通.asset
├── Roles
│   ├── Role1.asset
│   ├── Role10.asset
│   ...
│   ├── Role9.asset
├── SevenSign
│   ├── Day1.asset
│   ├── Day2.asset
│   ├── Day3.asset
│   ├── Day4.asset
│   ├── Day5.asset
│   ├── Day6.asset
│   ├── Day7.asset
├── SkillValueBuffs
│   ├── BUFF减速100%（冰霜新星减速）.asset
│   ├── BUFF减速100%（冰霜新星减速）LV2.asset
│   ├── BUFF减速50%.asset
│   ├── BUFF推开10米.asset
│   ├── BUFF推开15米（闪现推开）.asset
│   ├── BUFF推开3米.asset
├── Skills
│   ├── 主动技能圣光复仇_LV1.asset
│   ├── 主动技能圣光复仇_LV2.asset
│   ...
│   ├── 魔法飞弹伤害LV8.asset
├── Spawns
│   ├── enemy_spawn_0.asset
│   ├── enemy_spawn_1.asset
│   ├── enemy_spawn_2.asset
│   ├── enemy_spawn_3.asset
│   ├── enemy_spawn_4.asset
│   ├── enemy_spawn_endless_0.asset
│   ├── enemy_spawn_teach.asset
├── Talents
│   ├── 001_法师学徒.asset
│   ├── 002_大魔导士.asset
│   ...
│   ├── 013_野心法师.asset
├── _GameData.asset


其中，部分主要文件及文件夹的信息如下：
1. Data
# 路径:D:\\Unity\\Survaval\Assets\_MyAssets\Data
# 内容概述:“Data”文件夹是Unity游戏项目的核心，汇集了游戏配置和脚本资产，涵盖成就、战斗通行证、任务、物品掉落、角色装备、地图、技能、敌人生成等多个方面。文件夹内各子文件夹如Achivements、BattlePass和DailyTask等，分别管理成就解锁、奖励系统和日常任务等游戏机制；而Equip、Items和Map等则专注于角色、物品和地图的详细配置。这些文件和配置相互关联，共同构建了游戏的数据结构和功能框架。

2. Achivements
# 路径:D:\\Unity\\Survaval\Assets\_MyAssets\Data\Achivements
# 内容概述:该“Achivements”文件夹汇集了Unity游戏中的成就配置文件，涵盖了多种成就解锁条件与奖励设置。文件内容涉及玩家在关卡中存活、使用特定天赋、达到特定等级、击杀怪物以及完成任务等多种成就解锁方式，并关联到游戏内的地图、角色、技能和奖励系统，共同构建了丰富多样的游戏成就体系。

3. BattlePass
# 路径:D:\\Unity\\Survaval\Assets\_MyAssets\Data\BattlePass
# 内容概述:## 简化版文件夹内容分析总结

“BattlePass”文件夹汇集了Unity游戏开发中的关键配置文件，涵盖战斗通行证数据结构、经验值和奖励设置，以及从等级1至100的关卡奖励配置。这些文件协同定义了游戏的奖励系统，为玩家提供完成关卡和参与战斗的激励，同时部分奖励配置涉及外部数据引用，表明系统可能包含更复杂的数据结构。文件夹内文件如“BattlePassData.asset”定义了战斗通行证的整体框架，而“Level_1-100.asset”系列文件则详细列出了各等级的奖励配置，包括正常和升级奖励。

4. DailyTask
# 路径:D:\\Unity\\Survaval\Assets\_MyAssets\Data\DailyTask
# 内容概述:### 文件夹内容简述

“DailyTask”文件夹汇集了Unity游戏引擎中的多个任务配置文件，旨在构建一个全面的游戏任务系统。文件包括“doneallTask.asset”定义的全面任务配置，以及“killenemyTask.asset”和“passTask.asset”等针对特定行为的任务脚本。此外，如“startlevelTask.asset”和“upLevelTask.asset”等文件则专注于特定游戏事件，如等级提升和广告观看任务。这些文件共同构成了游戏任务框架，涵盖了任务定义、奖励机制和玩家互动等多个方面。

5. Drops
# 路径:D:\\Unity\\Survaval\Assets\_MyAssets\Data\Drops
# 内容概述:### 文件夹内容总结

“Drops”文件夹汇集了Unity游戏开发中用于控制物品掉落的脚本资产，包括宝箱、金币、装备等不同类型物品的掉落逻辑配置。文件夹内资产如Drop_Chest_1至Drop_Chest_3定义了不同等级宝箱的掉落属性，而Drop_Coin系列资产则针对金币掉落进行细致配置。此外，Drop_Equip、Drop_goldMagnet等资产分别管理特定装备和磁铁的掉落规则。最后，_Drop_Generate_Data资产则汇总了所有掉落物品的配置数据，共同构成了游戏中的物品掉落系统。

6. Equip
# 路径:D:\\Unity\\Survaval\Assets\_MyAssets\Data\Equip
# 内容概述:“Equip”文件夹汇集了Unity游戏引擎中丰富的装备和物品配置文件，涵盖徽章、戒指、项链、符文等多种游戏内物品。这些文件以YAML格式编写，详细记录了每个物品的属性、效果、价格、解锁方式及角色数据。文件间存在紧密关联，如“全能徽章”与“全能徽章碎片”可能代表一个完整装备及其合成碎片；“冰灵徽章”等物品则提供角色属性加成或特殊效果。此外，许多物品支持本地化，适应不同语言环境。

7. Handbooks
# 路径:D:\\Unity\\Survaval\Assets\_MyAssets\Data\Handbooks
# 内容概述:### 文件夹内容总结

“Handbooks”文件夹汇集了Unity游戏引擎中多个脚本组件的配置文件，每个文件以YAML格式详细记录了对应组件的属性、关联资产和配置数据。这些文件共同构成了游戏开发中脚本组件的配置信息，涵盖了从基础属性到特定项目数据的全面描述，为开发者提供了管理和使用这些组件的必要指导。

8. Items
# 路径:D:\\Unity\\Survaval\Assets\_MyAssets\Data\Items
# 内容概述:这些游戏资产涵盖了装备、武器、技能和道具等多种类型，旨在提升角色属性、增强伤害输出、强化防御或施加特殊效果。装备和技能配置详尽，包含属性数值、图标视觉、技能效果和获取方式，为玩家提供丰富的游戏体验和角色定制选项。

9. Map
# 路径:D:\\Unity\\Survaval\Assets\_MyAssets\Data\Map
# 内容概述:“Map”文件夹汇集了Unity游戏引擎中多个地图的详细配置文件。包含Map0至Map5以及MapEndless等地图的资产文件，每个文件定义了相应地图的基本属性、描述、游戏设置、敌人生成、成就、音乐、时长、本地化以及装备掉落等。MapEndlessRewards.asset文件则通过Python代码解析MapEndless.asset中的奖励数据，共同支撑游戏地图的丰富性和互动性。

10. Propertys
# 路径:D:\\Unity\\Survaval\Assets\_MyAssets\Data\Propertys
# 内容概述:“Propertys”文件夹汇集了Unity游戏引擎中多种属性配置文件，涵盖了从子弹数量、冷却时间到暴击率、防御等游戏内角色和物品能力的调整。这些文件共同构成了游戏属性系统，通过升级或购买，玩家可以增强角色或物品的能力。文件内容关联性强，如暴击率与暴击伤害、冷却时间与技能使用等属性相互影响，共同影响游戏体验。

11. Roles
# 路径:D:\\Unity\\Survaval\Assets\_MyAssets\Data\Roles
# 内容概述:“Roles”文件夹汇集了Unity游戏引擎中多个角色的详细配置文件，每个文件独立描述了一个角色的属性和设置，包括角色名称、描述、属性值、价格、货币类型和索引等。这些文件共同构建了游戏的角色系统，确保角色在游戏中的正确实现和交互。

12. SevenSign
# 路径:D:\\Unity\\Survaval\Assets\_MyAssets\Data\SevenSign
# 内容概述:### 文件夹内容简述

“SevenSign”文件夹汇集了Unity3D游戏开发的脚本配置文件，每文件对应游戏的一天，并包含相应的奖励设置。文件名以“DayX.asset”格式命名，X为天数，内容涉及脚本元数据及奖励列表，如角色、装备等。这些文件共同构建了游戏中的日常事件和奖励系统，确保了游戏体验的连贯性和丰富性。

13. Skills
# 路径:D:\\Unity\\Survaval\Assets\_MyAssets\Data\Skills
# 内容概述:。

当然可以。以下是对之前提到的关键点的融合总结：

该文件详细配置了一个名为“魔法飞弹爆炸LV15”的Unity游戏对象脚本，包括其特效、子弹、搜索目标、范围、移动速度、碰撞设置和技能触发等。文件中定义了与爆炸效果相关的特效和子弹的资产GUID，以及搜索目标和目标层，用于确定爆炸影响的对象。此外，文件还设置了爆炸的范围和移动速度，并定义了碰撞时的行为，如是否调用结束、技能值等。这些配置共同定义了魔法飞弹爆炸在游戏中的行为和效果。

14. SkillValueBuffs
# 路径:D:\\Unity\\Survaval\Assets\_MyAssets\Data\SkillValueBuffs
# 内容概述:“SkillValueBuffs”文件夹汇集了多个Unity游戏脚本组件，涵盖减速、推开等游戏效果。文件如“BUFF减速100%（冰霜新星减速）.asset”和“BUFF减速50%.asset”等，分别实现了不同程度的减速效果，而“BUFF推开10米.asset”至“BUFF推开15米（闪现推开）.asset”系列则专注于推开功能，其中“闪现推开”可能指代特殊效果。这些组件均以YAML格式定义，具备各自的属性和配置，共同服务于Unity游戏中的特殊效果实现。

15. Spawns
# 路径:D:\\Unity\\Survaval\Assets\_MyAssets\Data\Spawns
# 内容概述:### 文件夹内容总结
“Spawns”文件夹汇集了Unity游戏引擎中用于配置敌人生成逻辑的多个文件。这些文件共同定义了敌人的种类、生成时间、冷却时间、难度等级、奖励生成和音乐播放等关键参数。例如，`enemy_spawn_0.asset`和`enemy_spawn_1.asset`详细描述了基础生成配置，而`enemy_spawn_endless_0.asset`则专注于无限生成模式。此外，`enemy_spawn_teach.asset`提供了敌人生成规则的教学示例。这些文件相互补充，确保了游戏敌人生成系统的精确性和多样性。

16. Talents
# 路径:D:\\Unity\\Survaval\Assets\_MyAssets\Data\Talents
# 内容概述:“Talents”文件夹汇集了Unity游戏中的角色技能配置文件，包含法师学徒、大魔导士等角色的技能信息，详细描述了技能效果、关联资源（如武器、被动技能和成就）以及本地化文本。每个文件针对特定角色或技能，如法师学徒的移动速度提升和魔法飞弹技能，大魔导士的子弹数量增加和星陨技能，展现了技能与角色属性的紧密关联。

17. DefaultUnlockedData.asset
# 路径:D:\\Unity\\Survaval\Assets\_MyAssets\Data\DefaultUnlockedData.asset
# 内容概述:### 简要总结
该文件是Unity游戏资产，定义了一个名为“DefaultUnlockedData”的MonoBehaviour脚本，包含基础属性和预留的空数组，用于存储游戏数据如奖励角色、地图ID、物品和才能等。

18. _GameData.asset
# 路径:D:\\Unity\\Survaval\Assets\_MyAssets\Data\_GameData.asset
# 内容概述:。

这段文字主要描述了一个游戏内的数据结构，其中包含了多个关键组件和数据类型，例如：

- **数据结构**：游戏内的数据结构
- **关键组件**：ReferencedUnityObjects, SerializationNodes, allItemData, rootItems
- **数据类型**：Prefab, PrefabModifications, SerializationNodes

游戏内的数据结构由ReferencedUnityObjects、SerializationNodes、allItemData和rootItems等关键组件构成，其中Prefab和PrefabModifications用于定义预制体和修改，SerializationNodes则包含序列化节点信息，而allItemData和rootItems则分别存储所有物品数据和根物品数据。


2024-11-03 04:47:52,915 - INFO Retriever 0 - 

————————————————————————————————————————————————————————————————
2024-11-03 04:47:52,915 - INFO Retriever 0 - 当前窗口总长度：41
2024-11-03 04:47:52,917 - INFO Retriever 0 - 当前更新窗口长度：32
2024-11-03 04:47:52,917 - INFO Retriever 0 - 当前更新窗口长度：32
2024-11-03 04:47:52,917 - INFO Retriever 0 - ————————————————————————————————————————————————————————————————


2024-11-03 04:48:00,145 - INFO Retriever 0 - Agent主脑给出的回答为：{
    "deep_think": {
        "thoughts": "在获取了Data文件夹下的文件信息后，我注意到Talents文件夹可能包含了游戏天赋的配置文件。特别是Talents文件夹下的文件，它们可能涉及到天赋的解锁和配置。接下来，我将使用get_folder_info操作来获取Talents文件夹下的文件信息，以便进一步确定哪个文件可能包含与初始天赋解锁相关的设置。"
    }
}
2024-11-03 04:48:00,145 - INFO Retriever 0 - 是否成功解析：True
2024-11-03 04:48:00,145 - INFO Retriever 0 - operation_type (__det_dir_action):
2024-11-03 04:48:00,146 - INFO Retriever 0 - deep_think
2024-11-03 04:48:00,147 - INFO Retriever 0 - 

——————————————————————————————————————————————————————————————————————————————————————————————————————————————————————————
2024-11-03 04:48:00,147 - INFO Retriever 0 - Assistant:
2024-11-03 04:48:00,147 - INFO Retriever 0 - {
    "deep_think": {
        "thoughts": "在获取了Data文件夹下的文件信息后，我注意到Talents文件夹可能包含了游戏天赋的配置文件。特别是Talents文件夹下的文件，它们可能涉及到天赋的解锁和配置。接下来，我将使用get_folder_info操作来获取Talents文件夹下的文件信息，以便进一步确定哪个文件可能包含与初始天赋解锁相关的设置。"
    }
}
2024-11-03 04:48:00,147 - INFO Retriever 0 - dict_keys(['deep_think'])
2024-11-03 04:48:00,148 - INFO Retriever 0 - Agent主脑给出的行动：deep_think
参数：{'thoughts': '在获取了Data文件夹下的文件信息后，我注意到Talents文件夹可能包含了游戏天赋的配置文件。特别是Talents文件夹下的文件，它们可能涉及到天赋的解锁和配置。接下来，我将使用get_folder_info操作来获取Talents文件夹下的文件信息，以便进一步确定哪个文件可能包含与初始天赋解锁相关的设置。', 'repeat_counter': 1, 'continue_think_counter': 1}
2024-11-03 04:48:00,148 - INFO Retriever 0 - Observer: 好的，请继续你的下一步行动或思考。
2024-11-03 04:48:00,150 - INFO Retriever 0 - 

————————————————————————————————————————————————————————————————
2024-11-03 04:48:00,150 - INFO Retriever 0 - 当前窗口总长度：43
2024-11-03 04:48:00,150 - INFO Retriever 0 - 当前更新窗口长度：34
2024-11-03 04:48:00,151 - INFO Retriever 0 - 当前更新窗口长度：34
2024-11-03 04:48:00,151 - INFO Retriever 0 - ————————————————————————————————————————————————————————————————


2024-11-03 04:48:24,708 - INFO Retriever 0 - Agent主脑给出的回答为：{
    "get_folder_info": {
        "target_folder_path": "D:/Unity/Survaval\\Assets/_MyAssets/Data/Talents"
    }
}
2024-11-03 04:48:24,710 - INFO Retriever 0 - 是否成功解析：True
2024-11-03 04:48:24,710 - INFO Retriever 0 - operation_type (__det_dir_action):
2024-11-03 04:48:24,710 - INFO Retriever 0 - get_folder_info
2024-11-03 04:48:24,710 - INFO Retriever 0 - 

——————————————————————————————————————————————————————————————————————————————————————————————————————————————————————————
2024-11-03 04:48:24,711 - INFO Retriever 0 - Assistant:
2024-11-03 04:48:24,711 - INFO Retriever 0 - {
    "get_folder_info": {
        "target_folder_path": "D:/Unity/Survaval\\Assets/_MyAssets/Data/Talents"
    }
}
2024-11-03 04:48:24,711 - INFO Retriever 0 - dict_keys(['get_folder_info'])
2024-11-03 04:48:24,712 - INFO Retriever 0 - Agent主脑给出的行动：get_folder_info
参数：{'target_folder_path': 'D:/Unity/Survaval\\Assets/_MyAssets/Data/Talents'}
2024-11-03 04:48:26,002 - INFO Retriever 0 - Observer: 目标文件夹路径：D:/Unity/Survaval\Assets/_MyAssets/Data/Talents
文件结构树（该结构树可能不完整，仅返回深度小于等于1层的子文件以及文件夹）：
├── 001_法师学徒.asset
├── 002_大魔导士.asset
├── 003_操纵雷电.asset
├── 004_毁灭射线.asset
├── 005_分裂冰锥.asset
├── 006_重甲骑兵.asset
├── 007_大德鲁伊.asset
├── 008_圣殿骑士.asset
├── 009_烈焰骑士.asset
├── 010_冰天雪地.asset
├── 011_药剂师.asset
├── 012_戴罪之人.asset
├── 013_野心法师.asset


其中，部分主要文件及文件夹的信息如下：
1. Talents
# 路径:D:\\Unity\\Survaval\Assets\_MyAssets\Data\Talents
# 内容概述:“Talents”文件夹汇集了Unity游戏中的角色技能配置文件，包含法师学徒、大魔导士等角色的技能信息，详细描述了技能效果、关联资源（如武器、被动技能和成就）以及本地化文本。每个文件针对特定角色或技能，如法师学徒的移动速度提升和魔法飞弹技能，大魔导士的子弹数量增加和星陨技能，展现了技能与角色属性的紧密关联。

2. 001_法师学徒.asset
# 路径:D:\\Unity\\Survaval\Assets\_MyAssets\Data\Talents\001_法师学徒.asset
# 内容概述:该文件是Unity游戏资源“001_法师学徒.asset”的配置，描述了一个名为“法师学徒”的角色，其技能为“法师学徒”技能，可提升移动速度10%，并使用“魔法飞弹”。技能信息已本地化为中文，并指定了相关装备和被动技能。

3. 002_大魔导士.asset
# 路径:D:\\Unity\\Survaval\Assets\_MyAssets\Data\Talents\002_大魔导士.asset
# 内容概述:### 简要总结

该文件描述了Unity游戏中的“大魔导士”角色，其技能为“星陨”，可额外发射一颗子弹。角色装备特定武器，并拥有被动技能和成就。此外，文件还包含了技能的本地化名称和描述，便于多语言支持。

4. 003_操纵雷电.asset
# 路径:D:\\Unity\\Survaval\Assets\_MyAssets\Data\Talents\003_操纵雷电.asset
# 内容概述:该文件描述了Unity3D游戏中的技能“003_操纵雷电”，该技能通过使用雷电链，使技能效果和范围提升10%。技能的名称在英文中为“Talent_Name_003_操纵雷电”，中文为“003_操纵雷电”。此外，文件还引用了关联的武器、被动技能和成就，并提供了技能的本地化描述。

5. 004_毁灭射线.asset
# 路径:D:\\Unity\\Survaval\Assets\_MyAssets\Data\Talents\004_毁灭射线.asset
# 内容概述:该文件描述了Unity游戏中的“毁灭射线”技能，该技能可提升使用火焰射线时的伤害输出30%。技能配置包括英文名称“Destruction Ray”和中文“毁灭射线”，以及相应的本地化描述。此外，技能与特定武器、被动技能和成就相绑定，并提供了详细的本地化索引。

6. 005_分裂冰锥.asset
# 路径:D:\\Unity\\Survaval\Assets\_MyAssets\Data\Talents\005_分裂冰锥.asset
# 内容概述:该文件描述了名为“分裂冰锥”的游戏技能，具有10%冷却时间减少的效果，并关联特定武器和被动技能。技能名称在英文中为“Ice Spike Split”，中文为“分裂冰锥”，同时提供了本地化名称和描述。

7. 006_重甲骑兵.asset
# 路径:D:\\Unity\\Survaval\Assets\_MyAssets\Data\Talents\006_重甲骑兵.asset
# 内容概述:该文件描述了Unity游戏对象“006_重甲骑兵”的脚本，对象名为“重甲骑兵”，拥有“Heavy Armoured Cavalry”技能，可提供20%的伤害减免，并使用火球法术。此外，文件还引用了相关武器、被动技能和成就的资源。

8. 007_大德鲁伊.asset
# 路径:D:\\Unity\\Survaval\Assets\_MyAssets\Data\Talents\007_大德鲁伊.asset
# 内容概述:该文件描述了Unity3D游戏中的“007_大德鲁伊”技能配置，包括其英文名“Archdruid”和中文名“大德鲁伊”，以及描述其每秒通过自然法环恢复2点生命值的特性。此外，文件还包含了技能的相关资源引用和索引信息。

9. 008_圣殿骑士.asset
# 路径:D:\\Unity\\Survaval\Assets\_MyAssets\Data\Talents\008_圣殿骑士.asset
# 内容概述:该文件描述了Unity3D游戏中的“圣殿骑士”（Knight Templar）角色，其技能“祝福之锤”能提升子弹和效果持续时间20%。技能索引为8，并关联特定武器、被动技能和成就。此外，技能具有相应的本地化名称和描述。

10. 009_烈焰骑士.asset
# 路径:D:\\Unity\\Survaval\Assets\_MyAssets\Data\Talents\009_烈焰骑士.asset
# 内容概述:该文件描述了Unity游戏中的角色“烈焰骑士”（Knight of the Flame），其技能“烈焰马蹄”可提供5%的防御力加成。文件中还包含了角色的中文名称“烈焰骑士”及其技能的中文描述，并引用了角色使用的武器、被动技能和成就的详细信息。

11. 010_冰天雪地.asset
# 路径:D:\\Unity\\Survaval\Assets\_MyAssets\Data\Talents\010_冰天雪地.asset
# 内容概述:该文件描述了一个名为“冰天雪地”的游戏技能，英文名为"Ice World"，具有提升25%子弹速度的暴风雪效果。技能关联元素包括特定武器、被动技能和成就，具体信息未详。技能在游戏中的索引为10，并提供了相应的本地化名称和描述。

12. 011_药剂师.asset
# 路径:D:\\Unity\\Survaval\Assets\_MyAssets\Data\Talents\011_药剂师.asset
# 内容概述:该文件描述了Unity3D游戏中的“药剂师”角色，其特色技能为“毒药瓶”，可提升30点最大生命值。角色名称在英文中为“Chemist”，中文为“药剂师”。此外，文件还列出了与角色相关的武器、被动技能和成就等信息。

13. 012_戴罪之人.asset
# 路径:D:\\Unity\\Survaval\Assets\_MyAssets\Data\Talents\012_戴罪之人.asset
# 内容概述:该文件描述了Unity游戏中的角色“012_戴罪之人”，其技能名为“Siner”，具有诅咒效果，能提升怪物生命值、速度和数量各15%，并配备火焰射线武器。角色技能描述包含中英文版本，以及相关武器、被动技能和成就的引用。

14. 013_野心法师.asset
# 路径:D:\\Unity\\Survaval\Assets\_MyAssets\Data\Talents\013_野心法师.asset
# 内容概述:该文本文件详细描述了Unity3D游戏中的“野心法师”（Mage of Ambition）角色技能。技能名为“野心法师”，英文名为Mage of Ambition，其特色是使用冰球法杖可额外获得30%金币。文件还列出了该技能的索引编号，但未提供具体关联的武器、被动技能和成就信息。


2024-11-03 04:48:26,058 - INFO Retriever 0 - 

————————————————————————————————————————————————————————————————
2024-11-03 04:48:26,064 - INFO Retriever 0 - 当前窗口总长度：45
2024-11-03 04:48:26,069 - INFO Retriever 0 - 当前更新窗口长度：36
2024-11-03 04:48:26,072 - INFO Retriever 0 - 当前更新窗口长度：36
2024-11-03 04:48:26,076 - INFO Retriever 0 - ————————————————————————————————————————————————————————————————


2024-11-03 04:48:43,650 - INFO Retriever 0 - Agent主脑给出的回答为：{
    "deep_think": {
        "thoughts": "从获取的文件信息来看，Talents文件夹下的文件似乎都是与角色技能相关的配置文件。这些文件定义了各种角色的技能，包括法师学徒、大魔导士、操纵雷电、毁灭射线、分裂冰锥、重甲骑兵、大德鲁伊、圣殿骑士、烈焰骑士、冰天雪地、药剂师、戴罪之人、野心法师等。然而，这些技能配置文件似乎并不直接关联到游戏初始天赋的解锁。因此，我需要进一步探索其他可能的文件或文件夹。\n\n考虑到游戏初始天赋的解锁可能与游戏的配置或设置有关，我决定检查项目中的配置文件，例如那些可能包含游戏设置或玩家状态的文件。我将会使用get_folder_info操作来获取_SharedAssets文件夹下的文件信息，因为_SharedAssets文件夹通常包含共享资源。"
    }
}
2024-11-03 04:48:43,651 - INFO Retriever 0 - 是否成功解析：True
2024-11-03 04:48:43,651 - INFO Retriever 0 - operation_type (__det_dir_action):
2024-11-03 04:48:43,651 - INFO Retriever 0 - deep_think
2024-11-03 04:48:43,651 - INFO Retriever 0 - 

——————————————————————————————————————————————————————————————————————————————————————————————————————————————————————————
2024-11-03 04:48:43,651 - INFO Retriever 0 - Assistant:
2024-11-03 04:48:43,653 - INFO Retriever 0 - {
    "deep_think": {
        "thoughts": "从获取的文件信息来看，Talents文件夹下的文件似乎都是与角色技能相关的配置文件。这些文件定义了各种角色的技能，包括法师学徒、大魔导士、操纵雷电、毁灭射线、分裂冰锥、重甲骑兵、大德鲁伊、圣殿骑士、烈焰骑士、冰天雪地、药剂师、戴罪之人、野心法师等。然而，这些技能配置文件似乎并不直接关联到游戏初始天赋的解锁。因此，我需要进一步探索其他可能的文件或文件夹。\n\n考虑到游戏初始天赋的解锁可能与游戏的配置或设置有关，我决定检查项目中的配置文件，例如那些可能包含游戏设置或玩家状态的文件。我将会使用get_folder_info操作来获取_SharedAssets文件夹下的文件信息，因为_SharedAssets文件夹通常包含共享资源。"
    }
}
2024-11-03 04:48:43,653 - INFO Retriever 0 - dict_keys(['deep_think'])
2024-11-03 04:48:43,653 - INFO Retriever 0 - Agent主脑给出的行动：deep_think
参数：{'thoughts': '从获取的文件信息来看，Talents文件夹下的文件似乎都是与角色技能相关的配置文件。这些文件定义了各种角色的技能，包括法师学徒、大魔导士、操纵雷电、毁灭射线、分裂冰锥、重甲骑兵、大德鲁伊、圣殿骑士、烈焰骑士、冰天雪地、药剂师、戴罪之人、野心法师等。然而，这些技能配置文件似乎并不直接关联到游戏初始天赋的解锁。因此，我需要进一步探索其他可能的文件或文件夹。\n\n考虑到游戏初始天赋的解锁可能与游戏的配置或设置有关，我决定检查项目中的配置文件，例如那些可能包含游戏设置或玩家状态的文件。我将会使用get_folder_info操作来获取_SharedAssets文件夹下的文件信息，因为_SharedAssets文件夹通常包含共享资源。', 'repeat_counter': 1, 'continue_think_counter': 1}
2024-11-03 04:48:43,654 - INFO Retriever 0 - Observer: 好的，请继续你的下一步行动或思考。
2024-11-03 04:48:43,655 - INFO Retriever 0 - 

————————————————————————————————————————————————————————————————
2024-11-03 04:48:43,655 - INFO Retriever 0 - 当前窗口总长度：47
2024-11-03 04:48:43,656 - INFO Retriever 0 - 当前更新窗口长度：38
2024-11-03 04:48:43,656 - INFO Retriever 0 - 当前更新窗口长度：38
2024-11-03 04:48:43,656 - INFO Retriever 0 - ————————————————————————————————————————————————————————————————


2024-11-03 04:48:49,155 - INFO Retriever 0 - Agent主脑给出的回答为：{
    "get_folder_info": {
        "target_folder_path": "D:/Unity/Survaval/Assets/_SharedAssets"
    }
}
2024-11-03 04:48:49,156 - INFO Retriever 0 - 是否成功解析：True
2024-11-03 04:48:49,157 - INFO Retriever 0 - operation_type (__det_dir_action):
2024-11-03 04:48:49,157 - INFO Retriever 0 - get_folder_info
2024-11-03 04:48:49,157 - INFO Retriever 0 - 

——————————————————————————————————————————————————————————————————————————————————————————————————————————————————————————
2024-11-03 04:48:49,157 - INFO Retriever 0 - Assistant:
2024-11-03 04:48:49,157 - INFO Retriever 0 - {
    "get_folder_info": {
        "target_folder_path": "D:/Unity/Survaval/Assets/_SharedAssets"
    }
}
2024-11-03 04:48:49,159 - INFO Retriever 0 - dict_keys(['get_folder_info'])
2024-11-03 04:48:49,159 - INFO Retriever 0 - Agent主脑给出的行动：get_folder_info
参数：{'target_folder_path': 'D:/Unity/Survaval/Assets/_SharedAssets'}
2024-11-03 04:48:49,669 - INFO Retriever 0 - Observer: 目标路径D:/Unity/Survaval/Assets/_SharedAssets不存在。

2024-11-03 04:48:49,672 - INFO Retriever 0 - 

————————————————————————————————————————————————————————————————
2024-11-03 04:48:49,672 - INFO Retriever 0 - 当前窗口总长度：49
2024-11-03 04:48:49,672 - INFO Retriever 0 - 当前更新窗口长度：40
2024-11-03 04:48:49,672 - INFO Retriever 0 - 当前更新窗口长度：40
2024-11-03 04:48:49,672 - INFO Retriever 0 - -- updated_window_size >= self._compress_window_size --
2024-11-03 04:48:49,676 - INFO Retriever 0 - 进行窗口压缩
