2024-10-08 23:14:09,874 - INFO Retriever 0 - Init Retriever.
2024-10-08 23:14:19,620 - INFO Retriever 0 - keywords:“跳跃”，“玩家”，“player”，“leap”，“jump”
2024-10-08 23:14:19,620 - INFO Retriever 0 - deep_think_conent
:在获取了项目文件的顶层结构后，我还需要结合待查询的问题描述，对于项目中的文件和目录进行一些深度关键词检索。根据任务描述：“请在D:\Unity\open-project-1-main\UOP1_Project\Assets下各级目录中寻找：玩家跳跃逻辑的实现是在什么地方？”，我总结出如下可能会出现在各个文件名或者文件内容中的关键词：“跳跃”，“玩家”，“player”，“leap”，“jump”。
接下来，我将使用retrieve_keywords操作，在项目顶层路径“D:\Unity\open-project-1-main\UOP1_Project\Assets”下检索这些关键词，从而大致把握可能与问题描述相关的文件或目录的路径。
2024-10-08 23:14:19,711 - INFO Retriever 0 - ——————————————————————————————————————————————————————————————————————————————————————————————————————————————————————————
2024-10-08 23:14:19,759 - INFO Retriever 0 - Assistant:
2024-10-08 23:14:19,760 - INFO Retriever 0 - {
    "deep_think": {
        "thoughts": "好的，接下来我将通过深度思考、仔细计划以及逐步执行的方式，来完成该任务。\n\n首先，在阅读详细的代码细节之前，应该先整体把握整个项目。\n\n在提供的可选的action中，可以通过get_folder_info操作，通过将项目顶层路径作为target_folder_path参数进行传入，来获取获取项目中主要文件夹和主要文件的描述，从而能够先大致把握项目文件的主要文件的文件树结构、基本内容、主要代码概述以及大致功能板块的分布。"
    }
}
2024-10-08 23:14:19,763 - INFO Retriever 0 - 
Observer:
2024-10-08 23:14:19,779 - INFO Retriever 0 - 好的，请继续你的下一步行动或思考。
2024-10-08 23:14:19,780 - INFO Retriever 0 - 
2024-10-08 23:14:20,364 - INFO Retriever 0 - ——————————————————————————————————————————————————————————————————————————————————————————————————————————————————————————
2024-10-08 23:14:20,364 - INFO Retriever 0 - Assistant:
2024-10-08 23:14:20,364 - INFO Retriever 0 - {
    "get_folder_info": {
        "target_folder_path": "D:\\Unity\\open-project-1-main\\UOP1_Project\\Assets"
    }
}
2024-10-08 23:14:20,364 - INFO Retriever 0 - 
Observer:
2024-10-08 23:14:20,364 - INFO Retriever 0 - 目标文件夹路径：D:\Unity\open-project-1-main\UOP1_Project\Assets
文件结构树（该结构树可能不完整，仅返回深度小于等于1层的子文件以及文件夹）：
├── .DS_Store
├── Addons
│   ├── DOTween
│   ├── TextMeshPro
├── AddressableAssetsData
│   ├── AddressableAssetSettings.asset
│   ├── AssetGroupTemplates
│   ├── AssetGroups
│   ├── DataBuilders
│   ├── DefaultObject.asset
│   ├── Windows
├── Art
│   ├── Accessories
│   ├── Characters
│   ...
│   ├── UI
├── Audio
│   ├── Music
│   ├── SFX
├── Cutscenes
│   ├── AudioTests.playable
│   ├── BeachCandyCutscene.playable
│   ...
│   ├── TownCutscene.playable
├── LocalizationFiles
│   ├── .DS_Store
│   ├── AssetTables
│   ├── GoogleSheetService_ChopChop.asset
│   ├── Locales
│   ├── LocalizationSettings.asset
├── Prefabs
│   ├── Accessories
│   ├── Audio
│   ...
│   ├── _SceneChunks
├── ProBuilder Data
│   ├── Default Color Palette.asset
│   ├── Default Material Palette.asset
├── Scenes
│   ├── Examples
│   ├── Locations
│   ├── Managers
│   ├── Menus
│   ├── WIP
│   ├── Whiteboxing
├── ScriptableObjects
│   ├── Audio
│   ├── Configs
│   ...
│   ├── StateMachine
├── Scripts
│   ├── Animation
│   ├── Audio
│   ...
│   ├── UI
├── Settings
│   ├── Audio
│   ├── Graphics
│   ├── Input
│   ├── LightBakingSettings
│   ├── Presets
├── Shaders
│   ├── AggroEffect.shadergraph
│   ├── CustomHLSL
│   ...
│   ├── Water_Sea.shadergraph
├── TextData
│   ├── ContributorsList.txt
├── Tutorials
│   ├── Icons
│   ├── Images
│   ├── TutorialProjectSettings.asset
│   ├── TutorialWelcomePage.asset
│   ├── Tutorials.asset
├── WIP
│   ├── Materials
│   ├── Prefabs
│   ├── SourceFiles
│   ├── Textures


其中，部分主要文件及文件夹的信息如下：
1. Assets
# 路径:D:/Unity/open-project-1-main/UOP1_Project\Assets
# 内容概述:“Assets”文件夹汇集了Unity游戏开发所需的多种资源，包括动画、文本处理、音频、艺术资产、场景和脚本等。其中，“Addons”子文件夹提供了DOTween和TextMeshPro等插件，分别用于动画和文本渲染；“AddressableAssetsData”则专注于资源管理和配置；“Art”包含3D模型、动画和视觉效果等创意资源；“Audio”提供背景音乐和声音效果；“Cutscenes”包含剧情相关文件；“LocalizationFiles”支持多语言本地化；“Prefabs”提供可复用的游戏对象；“Scenes”涉及场景设计和导航；“ScriptableObjects”存储游戏配置；“Scripts”包含脚本文件；“Settings”管理音频、图形和输入设置；“Shaders”提供自定义着色器；“TextData”记录项目贡献者；“Tutorials”提供开发指导；“WIP”存放开发中的资源。整体上，这些文件夹和文件协同工作，构成了一个完整且功能丰富的游戏开发环境。

2. Addons
# 路径:D:/Unity/open-project-1-main/UOP1_Project\Assets\Addons
# 内容概述:“Addons”文件夹汇集了两个Unity插件：DOTween和TextMeshPro。DOTween提供全面的动画和缓动解决方案，包含编辑器工具和模块化脚本，旨在增强Unity中的动画效果。TextMeshPro则专注于文本渲染和视觉效果，提供丰富的字体资源、样式表和表情符号，以丰富游戏中的文本显示。两个插件均附有详细的使用说明和许可协议，旨在为Unity开发者提供高效的内容创作工具。

3. AddressableAssetsData
# 路径:D:/Unity/open-project-1-main/UOP1_Project\Assets\AddressableAssetsData
# 内容概述:### 简化版文件夹内容总结

“AddressableAssetsData”文件夹是Unity游戏开发的核心资源管理区域，汇集了资源打包模板、详细配置文件、脚本组件以及操作系统相关状态文件。它包括资源管理模板（AssetGroupTemplates）、资源与场景管理配置（AssetGroups）、脚本配置（DataBuilders）、操作系统资源状态文件（Windows和OSX），以及可寻址资源设置（AddressableAssetSettings.asset）和默认对象配置（DefaultObject.asset）。这些文件和文件夹协同工作，确保了游戏资源的有效管理和优化。

4. Art
# 路径:D:/Unity/open-project-1-main/UOP1_Project\Assets\Art
# 内容概述:“Art”文件夹汇集了丰富多样的创意资源，包括3D模型、动画、字体、视觉效果和用户界面设计等，适用于游戏开发、动画制作和视觉设计。其中，**Accessories** 和 **Characters** 提供了丰富的角色和道具模型，**Effects** 包含了用于特效制作的资源，**Font** 提供了字体设计和智能合约代码，**Items** 和 **Nature** 则专注于游戏和动画中的物品和自然景观设计。此外，**Materials**、**Skybox**、**Textures** 和 **UI** 分别提供了材质、环境纹理、用户界面元素等，共同构成了一个全面的艺术资源库。

5. Audio
# 路径:D:/Unity/open-project-1-main/UOP1_Project\Assets\Audio
# 内容概述:“Audio”文件夹汇集了音乐与声音效果两大类资源。其中，“Music”子文件夹专注于为游戏或多媒体项目中的不同场景提供定制背景音乐，包括海滩、森林、城镇等，以及一系列主题音乐和暂停菜单音乐。而“SFX”子文件夹则包含了丰富的声音效果，涵盖角色动作、厨房环境以及界面交互等，旨在增强多媒体项目的沉浸感和互动性。这两个子文件夹的资源相互配合，共同构建了项目的音频环境。

6. Cutscenes
# 路径:D:/Unity/open-project-1-main/UOP1_Project\Assets\Cutscenes
# 内容概述:### 文件夹内容总结

“Cutscenes”文件夹汇集了多种游戏剧情相关的可播放文件，包括海滩、镇子等场景的剧情片段，如开场、游戏结束等。这些文件与“Signals”文件夹中的信号文件协同工作，共同构建游戏的故事情节和动态事件。

7. LocalizationFiles
# 路径:D:/Unity/open-project-1-main/UOP1_Project\Assets\LocalizationFiles
# 内容概述:### 文件夹内容总结

“LocalizationFiles”文件夹汇集了Unity游戏开发所需的本地化资源和配置文件。其中，.DS_Store文件负责Mac系统文件夹个性化设置，而“Locales”子文件夹内包含多语言本地化资产，如英文、法语和意大利语设置。此外，GoogleSheetService_ChopChop.asset脚本组件用于与Google Sheets服务集成，而LocalizationSettings.asset则定义了游戏的本地化设置和格式化规则，确保游戏在不同语言环境下的正确显示。这些文件共同支撑起游戏的多语言功能和数据管理。

8. Prefabs
# 路径:D:/Unity/open-project-1-main/UOP1_Project\Assets\Prefabs
# 内容概述:“Prefabs”文件夹汇集了多样化的预制资源，专为游戏和虚拟现实项目设计。它包含角色装饰、音频管理、NPC与场景构建、动画场景、可收集物品、编辑器工具、视觉效果、食物与家具模型、UI界面、独特场景元素等预制件，旨在加速游戏开发流程，丰富游戏世界和角色设定，同时确保视觉和交互体验的丰富性。

9. ProBuilder Data
# 路径:D:/Unity/open-project-1-main/UOP1_Project\Assets\ProBuilder Data
# 内容概述:“ProBuilder Data”文件夹汇集了两个Unity游戏引擎相关资产文件：一个是“Default Color Palette.asset”，定义了15种默认颜色调色板，供游戏界面和视觉效果使用；另一个是“Default Material Palette.asset”，包含一个Unity材质调色板脚本组件，可能用于存储和应用颜色配置。这两个文件共同服务于游戏视觉设计。

10. Scenes
# 路径:D:/Unity/open-project-1-main/UOP1_Project\Assets\Scenes
# 内容概述:“Scenes”文件夹是Unity游戏开发的核心资源库，汇集了多样化的场景设计元素。其中，“Examples”展示了场景导航网络示例，“Locations”提供了多种场景的光照、反射和导航数据，“Menus”则专注于游戏菜单的光照效果。此外，“WIP”包含正在开发中的场景照明和导航设置，而“Whiteboxing”则涵盖了城镇景观和地图构建资源。整体上，这些文件夹相互关联，共同构建了游戏世界的视觉和功能框架。遗憾的是，“Managers”文件夹的具体内容尚未明确，其关联性分析有待进一步信息。

11. ScriptableObjects
# 路径:D:/Unity/open-project-1-main/UOP1_Project\Assets\ScriptableObjects
# 内容概述:“ScriptableObjects”文件夹是Unity游戏项目的核心配置中心，汇集了音频、游戏机制、对话、事件通道、游戏状态、输入管理、交互、库存、物品类型、路径、任务、运行时锚点、保存系统、场景数据和状态机等关键组件的配置文件。这些文件相互关联，共同支撑起游戏的基本机制和玩家体验，确保了从音效到游戏逻辑的每一部分都能无缝协作，为玩家提供连贯且丰富的游戏体验。

12. Scripts
# 路径:D:/Unity/open-project-1-main/UOP1_Project\Assets\Scripts
# 内容概述:“Scripts”文件夹是Unity游戏开发的核心，汇集了动画控制、音频管理、角色行为、摄像机操作、场景管理等关键脚本，旨在构建流畅的游戏体验。它还包含了对话系统、库存管理、用户界面、输入处理、交互逻辑等脚本，确保游戏交互丰富且直观。此外，文件夹内还涵盖了保存系统、状态机、系统设置、本地化工具以及编辑器辅助工具，以支持高效的游戏开发和资源管理。这些脚本相互协作，共同构成了一个功能全面、结构清晰的游戏开发框架。

13. Settings
# 路径:D:/Unity/open-project-1-main/UOP1_Project\Assets\Settings
# 内容概述:“Settings”文件夹汇集了游戏开发的关键配置文件，包括音频混合器设置、图形渲染和视觉效果配置、输入系统定义、光照烘焙参数以及预设导入设置。这些子文件夹（Audio、Graphics、Input、LightBakingSettings、Presets）分别针对音频处理、视觉效果、玩家交互、光照效果优化和文件导入优化，确保游戏在音效、视觉、操作和性能上的高质量体验。

14. Shaders
# 路径:D:/Unity/open-project-1-main/UOP1_Project\Assets\Shaders
# 内容概述:“Shaders”文件夹汇集了多种图形渲染和视觉效果资源，包括自定义着色器代码（如CustomHLSL中的自定义光照效果）、调试工具（如Debug文件夹中的顶点着色器调试）、以及一系列子图文件（如SubGraphs中的多种视觉效果子图）。此外，Unused文件夹包含了未使用的Unity项目资源，如自定义渲染脚本、水效果和ShaderGraph编辑文件。这些资源共同服务于图形渲染和视觉效果的开发，适用于游戏和视觉效果制作。

15. TextData
# 路径:D:/Unity/open-project-1-main/UOP1_Project\Assets\TextData
# 内容概述:“TextData”文件夹专注于存储项目贡献者信息，其中包含一个名为“ContributorsList.txt”的文件，记录了项目开发者和艺术家的名单及其角色。

16. Tutorials
# 路径:D:/Unity/open-project-1-main/UOP1_Project\Assets\Tutorials
# 内容概述:“Tutorials”文件夹汇集了Unity游戏开发的丰富资源，包括图标和图像设计文件，用于界面视觉元素。其中，**TutorialProjectSettings.asset** 配置了教程项目的初始场景和相机设置，而**TutorialWelcomePage.asset** 则创建了项目欢迎页面，介绍“Chop Chop”游戏并引导用户。此外，**Tutorials.asset** 提供了教程页面的详细配置，涵盖项目资源获取、讨论论坛、开发日志等，为开发者提供了全面的学习和参与途径。这些文件共同构成了一个完整的教学和资源支持体系，旨在辅助开发者深入学习和实践Unity游戏开发。

17. WIP
# 路径:D:/Unity/open-project-1-main/UOP1_Project\Assets\WIP
# 内容概述:“WIP”文件夹汇集了游戏开发所需的多媒体资源，包括用于场景设计的材质（如草地、天空盒等），预制体组件（如菜单、物体），以及图像素材和纹理（如国旗、地图纹理）。这些资源相互关联，共同构成了游戏世界的视觉和交互基础。

18. .DS_Store
# 路径:D:/Unity/open-project-1-main/UOP1_Project\Assets\.DS_Store
# 内容概述:这是一个名为“.DS_Store”的文件。


2024-10-08 23:14:20,370 - INFO Retriever 0 - 
2024-10-08 23:14:20,371 - INFO Retriever 0 - ——————————————————————————————————————————————————————————————————————————————————————————————————————————————————————————
2024-10-08 23:14:20,371 - INFO Retriever 0 - Assistant:
2024-10-08 23:14:20,374 - INFO Retriever 0 - {
    "deep_think": {
        "thoughts": "在获取了项目文件的顶层结构后，我还需要结合待查询的问题描述，对于项目中的文件和目录进行一些深度关键词检索。根据任务描述：“请在D:\\Unity\\open-project-1-main\\UOP1_Project\\Assets下各级目录中寻找：玩家跳跃逻辑的实现是在什么地方？”，我总结出如下可能会出现在各个文件名或者文件内容中的关键词：“跳跃”，“玩家”，“player”，“leap”，“jump”。\n接下来，我将使用retrieve_keywords操作，在项目顶层路径“D:\\Unity\\open-project-1-main\\UOP1_Project\\Assets”下检索这些关键词，从而大致把握可能与问题描述相关的文件或目录的路径。"
    }
}
2024-10-08 23:14:20,374 - INFO Retriever 0 - 
Observer:
2024-10-08 23:14:20,380 - INFO Retriever 0 - 好的，请继续你的下一步行动或思考。
2024-10-08 23:14:20,382 - INFO Retriever 0 - 
2024-10-08 23:14:29,011 - INFO Retriever 0 - ——————————————————————————————————————————————————————————————————————————————————————————————————————————————————————————
2024-10-08 23:14:29,012 - INFO Retriever 0 - Assistant:
2024-10-08 23:14:29,012 - INFO Retriever 0 - {
    "retrieve_keywords": {
        "top_path": "D:\\Unity\\open-project-1-main\\UOP1_Project\\Assets",
        "key_word_list": [
            "跳跃",
            "玩家",
            "player",
            "leap",
            "jump"
        ]
    }
}
2024-10-08 23:14:29,013 - INFO Retriever 0 - 
Observer:
2024-10-08 23:14:29,013 - INFO Retriever 0 - 根据你提供的关键词，我检索到以下目录或文件，它们的绝对路径如下：
1. D:\Unity\open-project-1-main\UOP1_Project\Assets\Scripts\Characters
“Characters”文件夹汇集了Unity游戏开发中角色相关的脚本资源，包括角色配置（如攻击、奖励、效果和NPC移动）、状态机逻辑、音频处理以及角色行为控制。文件夹内分为多个子目录，如Config存储角色配置脚本，StateMachine包含构建游戏逻辑的脚本，Audio则专注于角色音效。此外，Attack、Attacker、Critter等脚本负责角色具体行为，而NPC、Protagonist等则涉及角色状态和交互。整体上，这些脚本相互协作，共同构成了游戏中的角色系统。

2. D:\Unity\open-project-1-main\UOP1_Project\Assets\Addons\DOTween\Modules
“Modules”文件夹汇集了DOTween插件的核心脚本，旨在为Unity游戏开发提供丰富的动画功能。包含的脚本如`DOTweenModuleAudio.cs`专注于音频动画处理，`DOTweenModulePhysics.cs`和`DOTweenModulePhysics2D.cs`分别针对2D和3D物理对象的动画，而`DOTweenModuleSprite.cs`和`DOTweenModuleUI.cs`则分别处理SpriteRenderer和UI组件的动画。此外，`DOTweenModuleUnityVersion.cs`适配不同Unity版本，提供材质和自定义YieldInstructions动画，`DOTweenModuleUtils.cs`则提供模块初始化和配置工具。这些脚本相互协作，共同构成了DOTween动画库的强大功能体系。

3. D:\Unity\open-project-1-main\UOP1_Project\Assets\Scripts\Input
## 文件夹内容精简总结
该“Input”文件夹汇集了游戏输入管理脚本，包含`GameInput.cs`和`InputReader.cs`两个关键文件。`GameInput.cs`定义了`@GameInput`类，负责处理游戏输入，包括玩法、菜单、对话和作弊等模块，并实现了资源管理。`InputReader.cs`则继承自`DescriptionBaseSO`，实现了对游戏输入事件的管理，如跳跃、攻击等，并通过事件和回调函数将输入事件传递给相应系统。两者协同工作，确保游戏输入的模块化和高效处理。

4. D:\Unity\open-project-1-main\UOP1_Project\Assets\ScriptableObjects\StateMachine\Protagonist\Actions
“Actions”文件夹汇集了Unity游戏开发所需的多种脚本资源，包括用于动画状态控制的AnimatorParameters、角色移动逻辑的MovementVector、粒子效果的Particles、声音效果的SFX，以及交互和视觉效果的脚本如ClearInputCache_OnEnter、DestroyPlayer、GetHitFlashingEffect、ResetGetHitState、RespawnPlayer和ShakeCam。这些资源协同工作，为游戏角色动作、视觉效果和交互体验提供全面支持。

5. D:\Unity\open-project-1-main\UOP1_Project\Assets\Scripts\Gameplay
## 文件夹内容精简总结
“Gameplay”文件夹汇集了Unity游戏开发的核心脚本，包括`GameManager.cs`用于管理游戏状态和事件，`GameStateSO.cs`负责跟踪和管理游戏状态变化，以及`SpawnSystem.cs`负责玩家的生成逻辑。这些脚本相互协作，共同构成了游戏的核心功能框架。

6. D:\Unity\open-project-1-main\UOP1_Project\Assets\ScriptableObjects\StateMachine\Protagonist\States
### 文件夹内容总结
“States”文件夹汇集了多个Unity游戏脚本配置文件，涵盖角色状态和行为管理，如死亡、击中、空闲、攻击、跳跃、滑动、拾取等。这些脚本共同构成了游戏角色复杂的行为逻辑，例如`Dying.asset`处理死亡逻辑，`GettingHit.asset`与`WalkAttacking.asset`协同管理击中和攻击行为，而`Idle.asset`和`Walking.asset`则分别负责空闲和移动状态。文件夹内的脚本通过Unity的MonoBehaviour系统相互配合，确保游戏角色在各种情境下表现自然。

7. D:\Unity\open-project-1-main\UOP1_Project\Assets\ScriptableObjects\StateMachine\NPCs\BardHare\Actions
### 文件夹内容总结
“Actions”文件夹汇集了两个Unity脚本资产，分别为`JumpDownTrigger_OnEnter.asset`和`JumpUpTrigger_OnEnter.asset`。这两个资产共同用于控制游戏角色跳跃动作的动画过渡，前者触发跳跃下降，后者触发上升，通过在角色进入特定触发器时激活相应参数，确保跳跃动作的流畅性。

8. D:\Unity\open-project-1-main\UOP1_Project\Assets\ScriptableObjects\StateMachine\Protagonist\Conditions
### 文件夹内容概览
“Conditions”文件夹汇集了多个Unity游戏脚本资产，涵盖了游戏中的关键状态检测与控制功能。这些脚本包括头部碰撞检测（HasHitHead.asset）、移动状态监控（IsActuallyMoving.asset）、地面接触检测（IsGrounded.asset）、攻击与跳跃行为控制（IsHoldingAttack.asset和IsHoldingJump.asset）、拾取物品检测（IsPickingUp.asset）、玩家受击检测（IsPlayerGettingHit.asset）、滑动状态检测（IsSliding.asset）、死亡状态检测（IsThisDead.asset）、动画计时器（Timer_DyingAnimation.asset、Timer_JumpHoldButton.asset、Timer_PickUpAnimation.asset和Timer_SurprisedAnimation.asset、Timer_Talking.asset），共同构成了游戏状态管理系统，确保游戏逻辑的流畅与交互的准确性。

9. D:\Unity\open-project-1-main\UOP1_Project\Assets\Scripts\Cutscenes
“Cutscenes”文件夹汇集了Unity游戏开发中用于管理和控制场景播放的脚本。它包含对话控制脚本，如`DialogueBehaviour`、`DialogueClip`和`DialogueTrack`，负责对话的显示和播放；音频配置脚本`CutsceneAudioConfigSetter`，用于调整场景中的音量；场景管理脚本`CutsceneManager`，负责场景的播放、暂停和对话显示；场景加载脚本`CutsceneSceneLoader`，用于加载特定场景；触发脚本`CutsceneTrigger`，用于触发场景播放；以及时间轴绑定脚本`TimelineBinder`，确保游戏对象与时间轴同步。这些脚本相互协作，共同构建了游戏中的场景系统。

10. D:\Unity\open-project-1-main\UOP1_Project\Assets\Scripts\SceneManagement
“SceneManagement”文件夹汇集了Unity游戏开发的核心脚本，旨在高效管理游戏场景与设置。其中，ScriptableObjects子文件夹封装了游戏场景、位置、菜单等数据，通过继承基类实现通用场景管理功能。FallCatcher、InitializationLoader、LocationEntrance、LocationExit等脚本分别处理玩家碰撞、游戏初始化、位置入口与出口逻辑。SceneLoader负责场景的异步加载与卸载，而StartGame则管理游戏开始流程，包括新游戏和继续游戏选项。整体上，这些脚本协同工作，确保游戏场景的流畅切换和玩家交互的顺畅进行。

请注意，这些目录或文件可能不全都和你的任务目标相关，仅供参考。请你基于具体的文件内容概述，结合你的任务目标，认真思考分析后，优先选择最有可能与任务相关的目录或文件进行进一步的检查。
2024-10-08 23:14:29,014 - INFO Retriever 0 - 
2024-10-08 23:14:37,380 - INFO Retriever 0 - Agent主脑给出的回答为：{
    "deep_think": {
        "thoughts": "根据检索结果，我找到了多个可能包含玩家跳跃逻辑实现的文件和目录。其中，最有可能的目录是“Characters”和“ScriptableObjects\StateMachine\Protagonist\States”，因为这些目录通常包含与角色行为和状态管理相关的脚本。另外，“Conditions”文件夹也可能包含与跳跃状态相关的脚本。接下来，我将使用get_folder_info操作，获取“Characters”、“ScriptableObjects\StateMachine\Protagonist\States”和“Conditions”目录的详细信息，以确定具体包含跳跃逻辑的文件。"
    }
}
2024-10-08 23:14:37,380 - INFO Retriever 0 - 是否成功解析：True
2024-10-08 23:14:37,382 - INFO Retriever 0 - operation_type (__det_dir_action):
2024-10-08 23:14:37,382 - INFO Retriever 0 - deep_think
2024-10-08 23:14:37,382 - INFO Retriever 0 - 

——————————————————————————————————————————————————————————————————————————————————————————————————————————————————————————
2024-10-08 23:14:37,382 - INFO Retriever 0 - Assistant:
2024-10-08 23:14:37,382 - INFO Retriever 0 - {
    "deep_think": {
        "thoughts": "根据检索结果，我找到了多个可能包含玩家跳跃逻辑实现的文件和目录。其中，最有可能的目录是“Characters”和“ScriptableObjects\\StateMachine\\Protagonist\\States”，因为这些目录通常包含与角色行为和状态管理相关的脚本。另外，“Conditions”文件夹也可能包含与跳跃状态相关的脚本。接下来，我将使用get_folder_info操作，获取“Characters”、“ScriptableObjects\\StateMachine\\Protagonist\\States”和“Conditions”目录的详细信息，以确定具体包含跳跃逻辑的文件。"
    }
}
2024-10-08 23:14:37,382 - INFO Retriever 0 - dict_keys(['deep_think'])
2024-10-08 23:14:37,383 - INFO Retriever 0 - Agent主脑给出的行动：deep_think
参数：{'thoughts': '根据检索结果，我找到了多个可能包含玩家跳跃逻辑实现的文件和目录。其中，最有可能的目录是“Characters”和“ScriptableObjects\\StateMachine\\Protagonist\\States”，因为这些目录通常包含与角色行为和状态管理相关的脚本。另外，“Conditions”文件夹也可能包含与跳跃状态相关的脚本。接下来，我将使用get_folder_info操作，获取“Characters”、“ScriptableObjects\\StateMachine\\Protagonist\\States”和“Conditions”目录的详细信息，以确定具体包含跳跃逻辑的文件。', 'repeat_counter': 1, 'continue_think_counter': 1}
2024-10-08 23:14:37,383 - INFO Retriever 0 - Observer: 好的，请继续你的下一步行动或思考。
2024-10-08 23:14:40,024 - INFO Retriever 0 - Agent主脑给出的回答为：{
    "get_folder_info": {
        "target_folder_path": "D:\\Unity\\open-project-1-main\\UOP1_Project\\Assets\\Scripts\\Characters"
    }
}
2024-10-08 23:14:40,025 - INFO Retriever 0 - 是否成功解析：True
2024-10-08 23:14:40,025 - INFO Retriever 0 - operation_type (__det_dir_action):
2024-10-08 23:14:40,025 - INFO Retriever 0 - get_folder_info
2024-10-08 23:14:40,025 - INFO Retriever 0 - 

——————————————————————————————————————————————————————————————————————————————————————————————————————————————————————————
2024-10-08 23:14:40,026 - INFO Retriever 0 - Assistant:
2024-10-08 23:14:40,026 - INFO Retriever 0 - {
    "get_folder_info": {
        "target_folder_path": "D:\\Unity\\open-project-1-main\\UOP1_Project\\Assets\\Scripts\\Characters"
    }
}
2024-10-08 23:14:40,026 - INFO Retriever 0 - dict_keys(['get_folder_info'])
2024-10-08 23:14:40,027 - INFO Retriever 0 - Agent主脑给出的行动：get_folder_info
参数：{'target_folder_path': 'D:\\Unity\\open-project-1-main\\UOP1_Project\\Assets\\Scripts\\Characters'}
2024-10-08 23:14:40,101 - INFO Retriever 0 - Observer: 目标文件夹路径：D:\Unity\open-project-1-main\UOP1_Project\Assets\Scripts\Characters
文件结构树（该结构树可能不完整，仅返回深度小于等于1层的子文件以及文件夹）：
├── Attack.cs
├── Attacker.cs
├── CharacterAudio.cs
├── Config
│   ├── AttackConfigSO.cs
│   ├── DroppableRewardConfigSO.cs
│   ...
│   ├── SpecialDroppableRewardConfigSO.cs
├── Critter.cs
├── CritterAudio.cs
├── Damageable.cs
├── DropGroup.cs
├── DropItem.cs
├── HealthSO.cs
├── MovingCritterAttackController.cs
├── NPC.cs
├── NPCAudio.cs
├── NPCMovement.cs
├── Protagonist.cs
├── ProtagonistAudio.cs
├── StateMachine
│   ├── Actions
│   ├── Conditions
├── ZoneTriggerController.cs


其中，部分主要文件及文件夹的信息如下：
1. Characters
# 路径:D:/Unity/open-project-1-main/UOP1_Project\Assets\Scripts\Characters
# 内容概述:“Characters”文件夹汇集了Unity游戏开发中角色相关的脚本资源，包括角色配置（如攻击、奖励、效果和NPC移动）、状态机逻辑、音频处理以及角色行为控制。文件夹内分为多个子目录，如Config存储角色配置脚本，StateMachine包含构建游戏逻辑的脚本，Audio则专注于角色音效。此外，Attack、Attacker、Critter等脚本负责角色具体行为，而NPC、Protagonist等则涉及角色状态和交互。整体上，这些脚本相互协作，共同构成了游戏中的角色系统。

2. Config
# 路径:D:/Unity/open-project-1-main/UOP1_Project\Assets\Scripts\Characters\Config
# 内容概述:该“Config”文件夹汇集了Unity游戏开发中的关键配置类，包括`AttackConfigSO`用于攻击参数配置，`DroppableRewardConfigSO`与`SpecialDroppableRewardConfigSO`管理奖励掉落，`HealthConfigSO`设定实体健康值，`GetHitEffectConfigSO`定义玩家受击效果，`NPCMovementConfigSO`与`PathwayConfigSO`和`RoamingAroundCenterConfigSO`控制NPC移动。这些配置类均继承自`ScriptableObject`，便于在Unity编辑器中创建和管理，确保游戏配置的灵活性和可维护性。

3. StateMachine
# 路径:D:/Unity/open-project-1-main/UOP1_Project\Assets\Scripts\Characters\StateMachine
# 内容概述:“StateMachine”文件夹汇集了Unity游戏开发中用于构建角色行为和逻辑的关键资源，分为“Actions”和“Conditions”两大类。在“Actions”中，脚本如`NPCMovementAction`和`AnimatorParameterActionSO`定义了NPC的移动和动画控制等行为；而“Conditions”中的脚本如`HasHitHeadConditionSO`和`IsDeadConditionSO`则用于判断游戏对象的状态，两者协同工作，通过状态机实现丰富的游戏交互和动态行为。

4. Attack.cs
# 路径:D:/Unity/open-project-1-main/UOP1_Project\Assets\Scripts\Characters\Attack.cs
# 内容概述:“Attack.cs”脚本定义了一个Unity组件`Attack`，负责管理游戏对象的攻击行为。该组件在对象激活时默认隐藏，并在触发碰撞时检测目标是否为友军。若目标非友军且具有`Damageable`组件，则根据预设的攻击配置对目标造成伤害。主要功能模块包括攻击配置管理和碰撞检测，核心逻辑涉及游戏对象的激活状态和触发事件处理。

5. Attacker.cs
# 路径:D:/Unity/open-project-1-main/UOP1_Project\Assets\Scripts\Characters\Attacker.cs
# 内容概述:该脚本“Attacker.cs”是Unity游戏开发中用于控制游戏对象攻击状态的组件。它包含一个名为`Attacker`的类，该类继承自`MonoBehaviour`。类中定义了两个方法：`EnableWeapon()`和`DisableWeapon()`，分别用于启用和禁用攻击碰撞器（_attackCollider），以此控制游戏中的攻击功能。

6. CharacterAudio.cs
# 路径:D:/Unity/open-project-1-main/UOP1_Project\Assets\Scripts\Characters\CharacterAudio.cs
# 内容概述:该脚本“CharacterAudio.cs”是Unity中用于处理角色音频的组件脚本。它包含一个`PlayAudio`函数，用于在非“Cutscene”游戏状态下播放指定音频效果，通过序列化字段引用音频事件通道、配置和游戏状态。该函数根据当前游戏状态决定是否触发音频播放事件。

7. Critter.cs
# 路径:D:/Unity/open-project-1-main/UOP1_Project\Assets\Scripts\Characters\Critter.cs
# 内容概述:该脚本定义了Unity游戏中的Critter类，负责管理警报和攻击区域状态，并处理目标。Critter类包含两个公共变量`isPlayerInAlertZone`和`isPlayerInAttackZone`来追踪玩家位置，以及一个`currentTarget`变量用于存储当前目标。主要方法`OnAlertTriggerChange`和`OnAttackTriggerChange`分别处理玩家进入或离开警报和攻击区域，更新状态并可能设置当前目标。当目标死亡时，`OnTargetDead`方法被调用来清除目标并重置区域状态。

8. CritterAudio.cs
# 路径:D:/Unity/open-project-1-main/UOP1_Project\Assets\Scripts\Characters\CritterAudio.cs
# 内容概述:该脚本`CritterAudio`继承自`CharacterAudio`，负责为游戏中的Critter角色管理音频播放。它定义了五个音频剪辑，分别对应空闲、移动、攻击、受到攻击和死亡状态。脚本提供了五个方法，对应不同的动作状态，如`PlayIdleSound()`、`PlayMoveSound()`等，这些方法都调用了通用的`PlayAudio`函数来播放相应的音频剪辑，并考虑到了植物生物不播放移动音效的特殊情况。

9. Damageable.cs
# 路径:D:/Unity/open-project-1-main/UOP1_Project\Assets\Scripts\Characters\Damageable.cs
# 内容概述:"Damageable.cs" 是一个Unity C#脚本，负责管理游戏对象的健康状态。它定义了生命值、攻击响应和死亡事件，并支持生命恢复。脚本通过`HealthSO`对象跟踪生命值，允许对象接收攻击并减少生命值，当生命值降至零时触发死亡事件。此外，它还支持通过事件恢复生命值，并在对象复活或生命值变化时更新UI。脚本通过事件通道广播生命状态变化，便于其他系统监听和处理。

10. DropGroup.cs
# 路径:D:/Unity/open-project-1-main/UOP1_Project\Assets\Scripts\Characters\DropGroup.cs
# 内容概述:该脚本定义了一个名为`DropGroup`的Unity C#类，用于管理游戏中的掉落物品列表及其掉落概率。类中包含一个序列化的`_drops`列表用于存储掉落物品，以及一个序列化的`_dropRate`浮点数表示掉落概率。通过`Drops`和`DropRate`两个只读属性，可以访问这些数据。整体上，`DropGroup`类为Unity游戏中的物品掉落逻辑提供了一个数据封装。

11. DropItem.cs
# 路径:D:/Unity/open-project-1-main/UOP1_Project\Assets\Scripts\Characters\DropItem.cs
# 内容概述:“DropItem.cs”文件定义了一个Unity C#类`DropItem`，用于封装物品掉落数据。该类包含两个字段：`_item`存储掉落的物品，`_itemDropRate`存储掉落概率。类提供了对应的只读属性`Item`和`ItemDropRate`以供外部访问，主要作为数据容器使用，不包含掉落逻辑。

12. HealthSO.cs
# 路径:D:/Unity/open-project-1-main/UOP1_Project\Assets\Scripts\Characters\HealthSO.cs
# 内容概述:该脚本定义了Unity中角色的生命值管理类`HealthSO`，包含最大生命值`_maxHealth`和当前生命值`_currentHealth`。类提供设置最大生命值、当前生命值以及处理伤害和恢复生命值的功能。通过`InflictDamage`减少生命值，`RestoreHealth`增加生命值并限制不超过最大值。此脚本适用于玩家或NPC的生命值配置。

13. MovingCritterAttackController.cs
# 路径:D:/Unity/open-project-1-main/UOP1_Project\Assets\Scripts\Characters\MovingCritterAttackController.cs
# 内容概述:该脚本“MovingCritterAttackController.cs”是Unity中用于控制移动生物攻击动画的组件。它包含设置攻击目标位置和触发推进动画的功能。脚本中定义了`SetAttackTarget()`和`AttackPropelTrigger()`两个方法，分别用于确定攻击目标并启动推进动画。在`Update()`方法中，生物根据预设的推进向量向目标移动，直至动画结束。

14. NPC.cs
# 路径:D:/Unity/open-project-1-main/UOP1_Project\Assets\Scripts\Characters\NPC.cs
# 内容概述:该脚本定义了一个NPC类，用于管理NPC的状态，包括空闲、行走和交谈。NPC类包含一个NPCState枚举来指定当前状态，以及一个GameObject数组来存储NPC正在交谈的对象。`SwitchToWalkState`方法触发NPC状态切换到行走，而`WaitBeforeSwitch`协程在状态切换前引入随机延迟，以增加NPC行为的自然性。

15. NPCAudio.cs
# 路径:D:/Unity/open-project-1-main/UOP1_Project\Assets\Scripts\Characters\NPCAudio.cs
# 内容概述:该脚本“NPCAudio.cs”继承自CharacterAudio，负责管理NPC的音频播放。它定义了播放脚步声、对话和唱歌的四个方法，分别对应不同的音频资源。通过继承和封装，脚本简化了NPC音频播放的逻辑，使得音频控制更加集中和高效。

16. NPCMovement.cs
# 路径:D:/Unity/open-project-1-main/UOP1_Project\Assets\Scripts\Characters\NPCMovement.cs
# 内容概述:该脚本“NPCMovement.cs”是Unity中用于控制NPC移动的组件。它通过`NPCMovementConfigSO`接收NPC移动配置，并通过`NPCMovementEventChannelSO`响应事件以更新配置。脚本在启用时订阅事件，定义的`Respond`函数负责接收事件并更新配置。

17. Protagonist.cs
# 路径:D:/Unity/open-project-1-main/UOP1_Project\Assets\Scripts\Characters\Protagonist.cs
# 内容概述:该脚本定义了Unity中的`Protagonist`类，作为主角的输入处理组件。它通过`InputReader`接收玩家输入，如移动、跳跃和攻击，并将这些输入传递给状态机处理。脚本中包含状态管理字段，如跳跃和攻击标志，以及用于计算和存储移动向量的变量。`Protagonist`类注册了输入事件监听器，并在`Update`方法中重新计算移动向量，根据输入和相机方向调整移动逻辑。此外，脚本还处理了跳跃、攻击等事件，并提供了攻击输入的消费方法。

18. ProtagonistAudio.cs
# 路径:D:/Unity/open-project-1-main/UOP1_Project\Assets\Scripts\Characters\ProtagonistAudio.cs
# 内容概述:该脚本“ProtagonistAudio.cs”是Unity中用于管理主角音频的类，继承自`CharacterAudio`。它定义了多个私有`AudioCueSO`变量，分别关联主角行走、跳跃、挥杖、拾取物品、受伤、死亡和说话等动作的音效。脚本提供了播放这些音效的方法，如`PlayFootstep()`和`PlayDie()`，每个方法调用内部`PlayAudio()`函数，传入相应音效和主角位置信息以播放音效。

19. ZoneTriggerController.cs
# 路径:D:/Unity/open-project-1-main/UOP1_Project\Assets\Scripts\Characters\ZoneTriggerController.cs
# 内容概述:该脚本“ZoneTriggerController.cs”是Unity中用于管理触发区域事件的核心组件。它包含一个自定义的`BoolEvent`事件，用于处理对象进入或离开指定层的触发区域。`ZoneTriggerController`类负责检测对象的进入和退出，并在适当的时候触发事件。该类通过`OnTriggerEnter`和`OnTriggerExit`方法实现逻辑，仅对指定层上的对象响应，并在事件中传递状态和触发对象。


2024-10-08 23:14:45,419 - INFO Retriever 0 - Agent主脑给出的回答为：{
    "get_folder_info": {
        "target_folder_path": "D:\\Unity\\open-project-1-main\\UOP1_Project\\Assets\\ScriptableObjects\\StateMachine\\Protagonist\\States"
    }
}
2024-10-08 23:14:45,419 - INFO Retriever 0 - 是否成功解析：True
2024-10-08 23:14:45,419 - INFO Retriever 0 - operation_type (__det_dir_action):
2024-10-08 23:14:45,419 - INFO Retriever 0 - get_folder_info
2024-10-08 23:14:45,419 - INFO Retriever 0 - 

——————————————————————————————————————————————————————————————————————————————————————————————————————————————————————————
2024-10-08 23:14:45,419 - INFO Retriever 0 - Assistant:
2024-10-08 23:14:45,419 - INFO Retriever 0 - {
    "get_folder_info": {
        "target_folder_path": "D:\\Unity\\open-project-1-main\\UOP1_Project\\Assets\\ScriptableObjects\\StateMachine\\Protagonist\\States"
    }
}
2024-10-08 23:14:45,421 - INFO Retriever 0 - dict_keys(['get_folder_info'])
2024-10-08 23:14:45,421 - INFO Retriever 0 - Agent主脑给出的行动：get_folder_info
参数：{'target_folder_path': 'D:\\Unity\\open-project-1-main\\UOP1_Project\\Assets\\ScriptableObjects\\StateMachine\\Protagonist\\States'}
2024-10-08 23:14:45,463 - INFO Retriever 0 - Observer: 目标文件夹路径：D:\Unity\open-project-1-main\UOP1_Project\Assets\ScriptableObjects\StateMachine\Protagonist\States
文件结构树（该结构树可能不完整，仅返回深度小于等于1层的子文件以及文件夹）：
├── Dying.asset
├── GettingHit.asset
├── Idle.asset
├── IdleAttacking.asset
├── JumpAscending.asset
├── JumpAscendingAttacking.asset
├── JumpDescending.asset
├── JumpDescendingAttacking.asset
├── Killed.asset
├── Listen.asset
├── MidSliding.asset
├── PickUp.asset
├── Sliding.asset
├── Talk.asset
├── WalkAttacking.asset
├── Walking.asset


其中，部分主要文件及文件夹的信息如下：
1. States
# 路径:D:/Unity/open-project-1-main/UOP1_Project\Assets\ScriptableObjects\StateMachine\Protagonist\States
# 内容概述:### 文件夹内容总结
“States”文件夹汇集了多个Unity游戏脚本配置文件，涵盖角色状态和行为管理，如死亡、击中、空闲、攻击、跳跃、滑动、拾取等。这些脚本共同构成了游戏角色复杂的行为逻辑，例如`Dying.asset`处理死亡逻辑，`GettingHit.asset`与`WalkAttacking.asset`协同管理击中和攻击行为，而`Idle.asset`和`Walking.asset`则分别负责空闲和移动状态。文件夹内的脚本通过Unity的MonoBehaviour系统相互配合，确保游戏角色在各种情境下表现自然。

2. Dying.asset
# 路径:D:/Unity/open-project-1-main/UOP1_Project\Assets\ScriptableObjects\StateMachine\Protagonist\States\Dying.asset
# 内容概述:### 简要总结

该文件是Unity引擎中名为“Dying”的MonoBehaviour脚本，包含基础属性和三个动作，可能用于实现游戏对象死亡时的相关逻辑。

3. GettingHit.asset
# 路径:D:/Unity/open-project-1-main/UOP1_Project\Assets\ScriptableObjects\StateMachine\Protagonist\States\GettingHit.asset
# 内容概述:该文件定义了一个名为“GettingHit”的Unity脚本组件，用于处理游戏中的击中事件。组件包含一系列动作，可能涉及事件处理或函数调用，但具体代码实现细节未在文件中展示。

4. Idle.asset
# 路径:D:/Unity/open-project-1-main/UOP1_Project\Assets\ScriptableObjects\StateMachine\Protagonist\States\Idle.asset
# 内容概述:该文件是Unity引擎中名为“Idle”的MonoBehaviour组件配置，定义了游戏对象空闲状态下的动作序列，包含8个预定义动作，用于实现复杂的行为管理。

5. IdleAttacking.asset
# 路径:D:/Unity/open-project-1-main/UOP1_Project\Assets\ScriptableObjects\StateMachine\Protagonist\States\IdleAttacking.asset
# 内容概述:### 文本分析总结

#### 1. 总体概述
- **内容描述**：该文本文件名为“IdleAttacking.asset”，内容是Unity游戏引擎中的一个脚本文件，包含Unity脚本的基本元数据和一个名为“IdleAttacking”的脚本组件。
- **主要主题和目标**：文件的主要目的是定义一个Unity脚本组件，该组件可能用于控制游戏中的某个对象或行为，特别是与“空闲”和“攻击”状态相关的逻辑。

#### 2. 章节和段落
- **主要章节**：文本中未明确列出章节，但包含以下元素：
  - MonoBehaviour类定义，包含脚本的基本属性和组件。
  - _actions列表，可能包含多个动作或行为定义。
  - 脚本名称“IdleAttacking”和其关联的脚本类型。

#### 3. 关键点
- **主要观点/论点**：
  - MonoBehaviour类定义了Unity脚本的基本结构。
  - _actions列表可能包含游戏逻辑，如动作序列或状态转换。
  - “IdleAttacking”脚本可能用于控制游戏对象的空闲和攻击状态。

#### 4. 结论摘要
- **结论**：文本文件“IdleAttacking.asset”是一个Unity脚本组件，用于管理游戏对象的状态转换，特别是空闲和攻击状态。
- **建议**：由于文本内容有限，建议进一步研究该脚本的具体功能和实现细节。

6. JumpAscending.asset
# 路径:D:/Unity/open-project-1-main/UOP1_Project\Assets\ScriptableObjects\StateMachine\Protagonist\States\JumpAscending.asset
# 内容概述:### 文本分析员AI

#### 简化总结

该文件是Unity3D游戏脚本“JumpAscending”，记录了脚本的基本属性和关联信息，包括动作列表，共包含10个动作。文件内容主要涉及脚本组件定义，未提供具体结论或建议。

7. JumpAscendingAttacking.asset
# 路径:D:/Unity/open-project-1-main/UOP1_Project\Assets\ScriptableObjects\StateMachine\Protagonist\States\JumpAscendingAttacking.asset
# 内容概述:该文件是Unity游戏脚本“JumpAscendingAttacking”的配置，包含脚本元数据及一系列动作引用，用于实现游戏中的跳跃上升攻击功能。

8. JumpDescending.asset
# 路径:D:/Unity/open-project-1-main/UOP1_Project\Assets\ScriptableObjects\StateMachine\Protagonist\States\JumpDescending.asset
# 内容概述:### 简化总结：

该文件是Unity游戏脚本“JumpDescending”的配置，定义了脚本的基本属性和动作列表。脚本可能负责控制游戏中的跳跃下降行为，但具体实现细节未在文件中提供。

9. JumpDescendingAttacking.asset
# 路径:D:/Unity/open-project-1-main/UOP1_Project\Assets\ScriptableObjects\StateMachine\Protagonist\States\JumpDescendingAttacking.asset
# 内容概述:### 文本内容摘要
该文件是Unity游戏引擎中名为“JumpDescendingAttacking”的脚本配置，包含脚本的基本属性和关联动作。脚本负责实现跳跃和下降攻击动作，但具体逻辑未详述。

10. Killed.asset
# 路径:D:/Unity/open-project-1-main/UOP1_Project\Assets\ScriptableObjects\StateMachine\Protagonist\States\Killed.asset
# 内容概述:### 简要总结

该文件描述了Unity游戏引擎中名为“Killed”的MonoBehaviour脚本组件。脚本处于启用状态，具有特定名称和关联的动作列表，但具体动作内容未详述。

11. Listen.asset
# 路径:D:/Unity/open-project-1-main/UOP1_Project\Assets\ScriptableObjects\StateMachine\Protagonist\States\Listen.asset
# 内容概述:该文件是Unity引擎中名为“Listen”的MonoBehaviour脚本，记录了脚本的基本信息和一系列动作，可能用于音频处理或事件响应。

12. MidSliding.asset
# 路径:D:/Unity/open-project-1-main/UOP1_Project\Assets\ScriptableObjects\StateMachine\Protagonist\States\MidSliding.asset
# 内容概述:### 文本内容概要
“MidSliding.asset”文件是Unity游戏引擎中的一个脚本，定义了名为“MidSliding”的MonoBehaviour组件。脚本包含基本属性，如对象ID和GUID，以及指向三个动作的引用，这些动作可能用于实现游戏中的滑动机制。

13. PickUp.asset
# 路径:D:/Unity/open-project-1-main/UOP1_Project\Assets\ScriptableObjects\StateMachine\Protagonist\States\PickUp.asset
# 内容概述:该文本文件“PickUp.asset”是Unity游戏引擎中一个名为“PickUp”的MonoBehaviour脚本配置，主要用于游戏中的物品拾取功能。配置中详细列出了脚本的基本属性和设置，包括编辑器隐藏标志、脚本类型和关联的GUID，但未包含具体代码实现。

14. Sliding.asset
# 路径:D:/Unity/open-project-1-main/UOP1_Project\Assets\ScriptableObjects\StateMachine\Protagonist\States\Sliding.asset
# 内容概述:### 简要总结
“Sliding.asset”文件是Unity引擎中一个名为“Sliding”的MonoBehaviour脚本，记录了脚本的基本属性和一系列动作配置，用于实现游戏中的滑动功能。

15. Talk.asset
# 路径:D:/Unity/open-project-1-main/UOP1_Project\Assets\ScriptableObjects\StateMachine\Protagonist\States\Talk.asset
# 内容概述:### 简要总结

该文件描述了Unity引擎中名为“Talk”的MonoBehaviour脚本的基本属性，包括脚本名称、关联的动作列表等，但未详细说明动作内容。

16. WalkAttacking.asset
# 路径:D:/Unity/open-project-1-main/UOP1_Project\Assets\ScriptableObjects\StateMachine\Protagonist\States\WalkAttacking.asset
# 内容概述:该文本描述了Unity游戏引擎中的一个名为“WalkAttacking.asset”的脚本文件，主要包含一个与角色行走和攻击相关的动作列表。文件以YAML格式编写，详细定义了脚本的基本属性和动作配置。

17. Walking.asset
# 路径:D:/Unity/open-project-1-main/UOP1_Project\Assets\ScriptableObjects\StateMachine\Protagonist\States\Walking.asset
# 内容概述:### 文本总结
“Walking.asset”文件是Unity引擎中一个名为“Walking”的MonoBehaviour脚本，包含基本属性和一系列动作引用。该脚本可能负责控制游戏角色的移动行为。


2024-10-08 23:14:49,247 - INFO Retriever 0 - Agent主脑给出的回答为：{
    "get_folder_info": {
        "target_folder_path": "D:\\Unity\\open-project-1-main\\UOP1_Project\\Assets\\ScriptableObjects\\StateMachine\\Protagonist\\Conditions"
    }
}
2024-10-08 23:14:49,247 - INFO Retriever 0 - 是否成功解析：True
2024-10-08 23:14:49,247 - INFO Retriever 0 - operation_type (__det_dir_action):
2024-10-08 23:14:49,247 - INFO Retriever 0 - get_folder_info
2024-10-08 23:14:49,247 - INFO Retriever 0 - 

——————————————————————————————————————————————————————————————————————————————————————————————————————————————————————————
2024-10-08 23:14:49,247 - INFO Retriever 0 - Assistant:
2024-10-08 23:14:49,247 - INFO Retriever 0 - {
    "get_folder_info": {
        "target_folder_path": "D:\\Unity\\open-project-1-main\\UOP1_Project\\Assets\\ScriptableObjects\\StateMachine\\Protagonist\\Conditions"
    }
}
2024-10-08 23:14:49,247 - INFO Retriever 0 - dict_keys(['get_folder_info'])
2024-10-08 23:14:49,247 - INFO Retriever 0 - Agent主脑给出的行动：get_folder_info
参数：{'target_folder_path': 'D:\\Unity\\open-project-1-main\\UOP1_Project\\Assets\\ScriptableObjects\\StateMachine\\Protagonist\\Conditions'}
2024-10-08 23:14:49,298 - INFO Retriever 0 - Observer: 目标文件夹路径：D:\Unity\open-project-1-main\UOP1_Project\Assets\ScriptableObjects\StateMachine\Protagonist\Conditions
文件结构树（该结构树可能不完整，仅返回深度小于等于1层的子文件以及文件夹）：
├── HasHitHead.asset
├── IsActuallyMoving.asset
├── IsGrounded.asset
├── IsHoldingAttack.asset
├── IsHoldingJump.asset
├── IsMoving.asset
├── IsPickingUp.asset
├── IsPlayerGettingHit.asset
├── IsSliding.asset
├── IsThisDead.asset
├── Timer_DyingAnimation.asset
├── Timer_JumpHoldButton.asset
├── Timer_PickUpAnimation.asset
├── Timer_SurprisedAnimation.asset
├── Timer_Talking.asset


其中，部分主要文件及文件夹的信息如下：
1. Conditions
# 路径:D:/Unity/open-project-1-main/UOP1_Project\Assets\ScriptableObjects\StateMachine\Protagonist\Conditions
# 内容概述:### 文件夹内容概览
“Conditions”文件夹汇集了多个Unity游戏脚本资产，涵盖了游戏中的关键状态检测与控制功能。这些脚本包括头部碰撞检测（HasHitHead.asset）、移动状态监控（IsActuallyMoving.asset）、地面接触检测（IsGrounded.asset）、攻击与跳跃行为控制（IsHoldingAttack.asset和IsHoldingJump.asset）、拾取物品检测（IsPickingUp.asset）、玩家受击检测（IsPlayerGettingHit.asset）、滑动状态检测（IsSliding.asset）、死亡状态检测（IsThisDead.asset）、动画计时器（Timer_DyingAnimation.asset、Timer_JumpHoldButton.asset、Timer_PickUpAnimation.asset和Timer_SurprisedAnimation.asset、Timer_Talking.asset），共同构成了游戏状态管理系统，确保游戏逻辑的流畅与交互的准确性。

2. HasHitHead.asset
# 路径:D:/Unity/open-project-1-main/UOP1_Project\Assets\ScriptableObjects\StateMachine\Protagonist\Conditions\HasHitHead.asset
# 内容概述:### 简要总结

该文件是Unity游戏引擎中名为“HasHitHead”的MonoBehaviour脚本，以YAML格式编写。脚本在Unity编辑器中可见，游戏开始时自动启用。脚本包含基本属性，如对象可见性、对应源对象、预制实例等，但具体功能需结合游戏上下文理解。

3. IsActuallyMoving.asset
# 路径:D:/Unity/open-project-1-main/UOP1_Project\Assets\ScriptableObjects\StateMachine\Protagonist\Conditions\IsActuallyMoving.asset
# 内容概述:### 简要总结
该文件是Unity游戏引擎中的一个名为“IsActuallyMoving”的脚本组件定义。脚本包含Unity编辑器设置和用于移动检测的阈值（0.02），旨在检测游戏对象是否实际移动。

4. IsGrounded.asset
# 路径:D:/Unity/open-project-1-main/UOP1_Project\Assets\ScriptableObjects\StateMachine\Protagonist\Conditions\IsGrounded.asset
# 内容概述:### 简要总结

“IsGrounded.asset”文件是Unity游戏引擎中一个名为“IsGrounded”的脚本组件的配置。该脚本负责检测游戏对象是否接触地面，并处于启用状态，同时具有结果缓存功能以优化性能。

5. IsHoldingAttack.asset
# 路径:D:/Unity/open-project-1-main/UOP1_Project\Assets\ScriptableObjects\StateMachine\Protagonist\Conditions\IsHoldingAttack.asset
# 内容概述:### 简要总结
该文件是Unity游戏引擎中的一个名为“IsHoldingAttack”的C#脚本，用于检测游戏对象是否处于攻击状态。脚本继承自MonoBehaviour，并定义了基本属性，如名称和编辑器标识符，但未提供具体实现细节。

6. IsHoldingJump.asset
# 路径:D:/Unity/open-project-1-main/UOP1_Project\Assets\ScriptableObjects\StateMachine\Protagonist\Conditions\IsHoldingJump.asset
# 内容概述:### 文本文件内容总结

该文件描述了一个Unity游戏开发中的脚本组件`IsHoldingJump`，该组件基于`MonoBehaviour`类，负责控制游戏中的跳跃行为。文件包含了组件的基本属性和脚本配置，如缓存结果设置，表明该脚本可能涉及性能优化。

7. IsMoving.asset
# 路径:D:/Unity/open-project-1-main/UOP1_Project\Assets\ScriptableObjects\StateMachine\Protagonist\Conditions\IsMoving.asset
# 内容概述:### 文本分析简述
文件“IsMoving.asset”定义了Unity游戏中的“IsMoving”脚本组件，该组件用于检测游戏对象的移动状态。组件名称为“IsMoving”，具有缓存结果功能，并设置了一个移动检测阈值（0.02），用于判定移动是否发生。

8. IsPickingUp.asset
# 路径:D:/Unity/open-project-1-main/UOP1_Project\Assets\ScriptableObjects\StateMachine\Protagonist\Conditions\IsPickingUp.asset
# 内容概述:### 简要总结

该文件是Unity引擎中名为“IsPickingUp”的MonoBehaviour脚本组件的YAML配置。脚本用于检测游戏对象是否拾取物品，包含基本属性和可能的性能优化设置。

9. IsPlayerGettingHit.asset
# 路径:D:/Unity/open-project-1-main/UOP1_Project\Assets\ScriptableObjects\StateMachine\Protagonist\Conditions\IsPlayerGettingHit.asset
# 内容概述:### 简要总结

该文件是Unity游戏开发中的C#脚本资产，名为“IsPlayerGettingHit.asset”，用于检测玩家是否遭受攻击。脚本属性包括对象隐藏标志、脚本信息等，并可能包含缓存机制以提高效率。

10. IsSliding.asset
# 路径:D:/Unity/open-project-1-main/UOP1_Project\Assets\ScriptableObjects\StateMachine\Protagonist\Conditions\IsSliding.asset
# 内容概述:### 简要总结
“IsSliding.asset”文件是Unity游戏引擎中一个名为“IsSliding”的脚本组件的YAML配置。该脚本用于检测游戏对象滑动状态，具有可见性，并支持结果缓存以提高性能。

11. IsThisDead.asset
# 路径:D:/Unity/open-project-1-main/UOP1_Project\Assets\ScriptableObjects\StateMachine\Protagonist\Conditions\IsThisDead.asset
# 内容概述:### 文本分析总结

该文件定义了一个Unity游戏引擎中的`IsThisDead`脚本，该脚本作为MonoBehaviour组件存在于Unity项目中。脚本名称明确，但具体功能未详述。文件以YAML格式列出脚本的基本属性，如名称、脚本文件ID、GUID和类型，以及一些编辑器隐藏标志。

12. Timer_DyingAnimation.asset
# 路径:D:/Unity/open-project-1-main/UOP1_Project\Assets\ScriptableObjects\StateMachine\Protagonist\Conditions\Timer_DyingAnimation.asset
# 内容概述:### 简化总结

该文本描述了一个Unity脚本资产“Timer_DyingAnimation”，该脚本负责控制动画播放时长，设定为4秒。

13. Timer_JumpHoldButton.asset
# 路径:D:/Unity/open-project-1-main/UOP1_Project\Assets\ScriptableObjects\StateMachine\Protagonist\Conditions\Timer_JumpHoldButton.asset
# 内容概述:### 简要总结
该文件是Unity游戏开发中的一个名为“Timer_JumpHoldButton”的MonoBehaviour脚本资产，包含基本属性设置，其中特别指出跳跃持续时间为0.4秒，推测用于控制玩家跳跃时持续按住按钮的时间长度。

14. Timer_PickUpAnimation.asset
# 路径:D:/Unity/open-project-1-main/UOP1_Project\Assets\ScriptableObjects\StateMachine\Protagonist\Conditions\Timer_PickUpAnimation.asset
# 内容概述:### 简要总结

该文本描述了一个Unity游戏引擎中的C#脚本“Timer_PickUpAnimation”，该脚本负责控制拾取动画的计时器，其预设计时长度为1.5秒。脚本属性包括对象启用状态、编辑器可见性等基础设置。

15. Timer_SurprisedAnimation.asset
# 路径:D:/Unity/open-project-1-main/UOP1_Project\Assets\ScriptableObjects\StateMachine\Protagonist\Conditions\Timer_SurprisedAnimation.asset
# 内容概述:该文本文件描述了Unity游戏资源“Timer_SurprisedAnimation.asset”，其中包含一个名为“Timer_SurprisedAnimation”的脚本组件。此脚本负责动画计时，其计时长度设定为1.09秒。文件展示了脚本的基本属性，如类型、名称和缓存设置。

16. Timer_Talking.asset
# 路径:D:/Unity/open-project-1-main/UOP1_Project\Assets\ScriptableObjects\StateMachine\Protagonist\Conditions\Timer_Talking.asset
# 内容概述:该文本描述了Unity引擎中的一个名为“Timer_Talking”的MonoBehaviour脚本，该脚本具备计时器功能，通过“timerLength”属性设定计时器长度为3秒。脚本结构标准，包含基本的Unity脚本属性。


2024-10-08 23:14:57,824 - INFO Retriever 0 - Agent主脑给出的回答为：{
    "deep_think": {
        "thoughts": "根据获取到的文件夹信息，我注意到在“Characters”文件夹中有一个名为“Protagonist.cs”的文件，这个文件很可能是主角的脚本，其中可能包含跳跃逻辑。另外，在“ScriptableObjects\\StateMachine\\Protagonist\\States”文件夹中，有几个文件名包含“Jump”关键词，如“JumpAscending.asset”和“JumpDescending.asset”，这些文件很可能定义了主角跳跃状态的行为。最后，在“Conditions”文件夹中，“IsHoldingJump.asset”文件可能包含判断跳跃按钮是否被按下的逻辑。为了进一步确认，我将使用read_file操作来读取这些文件的内容。"
    }
}
2024-10-08 23:14:57,826 - INFO Retriever 0 - 是否成功解析：True
2024-10-08 23:14:57,826 - INFO Retriever 0 - operation_type (__det_dir_action):
2024-10-08 23:14:57,826 - INFO Retriever 0 - deep_think
2024-10-08 23:14:57,826 - INFO Retriever 0 - 

——————————————————————————————————————————————————————————————————————————————————————————————————————————————————————————
2024-10-08 23:14:57,826 - INFO Retriever 0 - Assistant:
2024-10-08 23:14:57,827 - INFO Retriever 0 - {
    "deep_think": {
        "thoughts": "根据获取到的文件夹信息，我注意到在“Characters”文件夹中有一个名为“Protagonist.cs”的文件，这个文件很可能是主角的脚本，其中可能包含跳跃逻辑。另外，在“ScriptableObjects\\StateMachine\\Protagonist\\States”文件夹中，有几个文件名包含“Jump”关键词，如“JumpAscending.asset”和“JumpDescending.asset”，这些文件很可能定义了主角跳跃状态的行为。最后，在“Conditions”文件夹中，“IsHoldingJump.asset”文件可能包含判断跳跃按钮是否被按下的逻辑。为了进一步确认，我将使用read_file操作来读取这些文件的内容。"
    }
}
2024-10-08 23:14:57,827 - INFO Retriever 0 - dict_keys(['deep_think'])
2024-10-08 23:14:57,827 - INFO Retriever 0 - Agent主脑给出的行动：deep_think
参数：{'thoughts': '根据获取到的文件夹信息，我注意到在“Characters”文件夹中有一个名为“Protagonist.cs”的文件，这个文件很可能是主角的脚本，其中可能包含跳跃逻辑。另外，在“ScriptableObjects\\StateMachine\\Protagonist\\States”文件夹中，有几个文件名包含“Jump”关键词，如“JumpAscending.asset”和“JumpDescending.asset”，这些文件很可能定义了主角跳跃状态的行为。最后，在“Conditions”文件夹中，“IsHoldingJump.asset”文件可能包含判断跳跃按钮是否被按下的逻辑。为了进一步确认，我将使用read_file操作来读取这些文件的内容。', 'repeat_counter': 1, 'continue_think_counter': 1}
2024-10-08 23:14:57,828 - INFO Retriever 0 - Observer: 好的，请继续你的下一步行动或思考。
2024-10-08 23:15:00,636 - INFO Retriever 0 - Agent主脑给出的回答为：{
    "read_file": {
        "file_path": "D:\\Unity\\open-project-1-main\\UOP1_Project\\Assets\\Scripts\\Characters\\Protagonist.cs"
    }
}
2024-10-08 23:15:00,637 - INFO Retriever 0 - 是否成功解析：True
2024-10-08 23:15:00,637 - INFO Retriever 0 - operation_type (__det_dir_action):
2024-10-08 23:15:00,637 - INFO Retriever 0 - read_file
2024-10-08 23:15:00,637 - INFO Retriever 0 - 

——————————————————————————————————————————————————————————————————————————————————————————————————————————————————————————
2024-10-08 23:15:00,638 - INFO Retriever 0 - Assistant:
2024-10-08 23:15:00,638 - INFO Retriever 0 - {
    "read_file": {
        "file_path": "D:\\Unity\\open-project-1-main\\UOP1_Project\\Assets\\Scripts\\Characters\\Protagonist.cs"
    }
}
2024-10-08 23:15:00,638 - INFO Retriever 0 - dict_keys(['read_file'])
2024-10-08 23:15:00,639 - INFO Retriever 0 - Agent主脑给出的行动：read_file
参数：{'file_path': 'D:\\Unity\\open-project-1-main\\UOP1_Project\\Assets\\Scripts\\Characters\\Protagonist.cs', 'top_path': 'D:\\Unity\\open-project-1-main\\UOP1_Project\\Assets', 'return_file_sum': <bound method TreeGenerationAction.return_file_sum of <Action.tree_gen_action.TreeGenerationAction object at 0x000001C6628B3310>>}
2024-10-08 23:15:00,690 - INFO Retriever 0 - Observer: 这是一个名为“Protagonist.cs”的文件，该文件里的内容为：
由于脚本文件内容过长，暂时仅给出该脚本文件的内容总结:
- ### 总体概述
- **框架和模块化结构**：该脚本是一个Unity组件，继承自`MonoBehaviour`，主要处理主角的输入读取和状态管理。
- **主要功能和目标**：脚本的主要功能是读取玩家的输入（如移动、跳跃、攻击等），并将其传递给状态机（`StateMachine`）的动作进行进一步处理。

### 模块和功能
- **输入读取**：从`InputReader`组件中读取玩家的输入，如移动、跳跃、攻击等。
- **状态管理**：存储和管理与玩家动作相关的状态，如跳跃、额外动作、攻击和移动向量。
- **物理计算**：根据输入和游戏逻辑计算玩家的移动向量。

### 类和函数
- **类**：`Protagonist`
  - **字段**：`_inputReader`、`_gameplayCameraTransform`、`_inputVector`、`_previousSpeed`、`jumpInput`、`extraActionInput`、`attackInput`、`movementInput`、`movementVector`、`lastHit`、`isRunning`等。
  - **常量**：`GRAVITY_MULTIPLIER`、`MAX_FALL_SPEED`、`MAX_RISE_SPEED`、`GRAVITY_COMEBACK_MULTIPLIER`、`GRAVITY_DIVIDER`、`AIR_RESISTANCE`等。
  - **方法**：`OnControllerColliderHit`、`OnEnable`、`OnDisable`、`Update`、`RecalculateMovement`、`OnMove`、`OnJumpInitiated`、`OnJumpCanceled`、`OnStartedRunning`、`OnStoppedRunning`、`OnStartedAttack`、`ConsumeAttackInput`。

### 实现逻辑
- **初始化**：在`OnEnable`方法中注册事件监听器，以便从`InputReader`接收输入事件。
- **更新输入**：在`Update`方法中调用`RecalculateMovement`来重新计算移动向量。
- **计算移动向量**：根据输入和相机方向计算最终移动向量。
- **事件处理**：根据不同的事件（如移动、跳跃、攻击等）更新相应的状态变量。
- **攻击输入消费**：通过`ConsumeAttackInput`方法在动画事件触发时消费攻击输入。
2024-10-08 23:15:03,698 - INFO Retriever 0 - Agent主脑给出的回答为：{
    "read_file": {
        "file_path": "D:\\Unity\\open-project-1-main\\UOP1_Project\\Assets\\ScriptableObjects\\StateMachine\\Protagonist\\States\\JumpAscending.asset"
    }
}
2024-10-08 23:15:03,698 - INFO Retriever 0 - 是否成功解析：True
2024-10-08 23:15:03,698 - INFO Retriever 0 - operation_type (__det_dir_action):
2024-10-08 23:15:03,698 - INFO Retriever 0 - read_file
2024-10-08 23:15:03,698 - INFO Retriever 0 - 

——————————————————————————————————————————————————————————————————————————————————————————————————————————————————————————
2024-10-08 23:15:03,698 - INFO Retriever 0 - Assistant:
2024-10-08 23:15:03,698 - INFO Retriever 0 - {
    "read_file": {
        "file_path": "D:\\Unity\\open-project-1-main\\UOP1_Project\\Assets\\ScriptableObjects\\StateMachine\\Protagonist\\States\\JumpAscending.asset"
    }
}
2024-10-08 23:15:03,698 - INFO Retriever 0 - dict_keys(['read_file'])
2024-10-08 23:15:03,698 - INFO Retriever 0 - Agent主脑给出的行动：read_file
参数：{'file_path': 'D:\\Unity\\open-project-1-main\\UOP1_Project\\Assets\\ScriptableObjects\\StateMachine\\Protagonist\\States\\JumpAscending.asset', 'top_path': 'D:\\Unity\\open-project-1-main\\UOP1_Project\\Assets', 'return_file_sum': <bound method TreeGenerationAction.return_file_sum of <Action.tree_gen_action.TreeGenerationAction object at 0x000001C6628B3310>>}
2024-10-08 23:15:03,705 - INFO Retriever 0 - Observer: 这是一个名为“JumpAscending.asset”的文件，该文件里的内容为：
MonoBehaviour:
  m_ObjectHideFlags: 0
  m_CorrespondingSourceObject:
    fileID: 0
  m_PrefabInstance:
    fileID: 0
  m_PrefabAsset:
    fileID: 0
  m_GameObject:
    fileID: 0
  m_Enabled: 1
  m_EditorHideFlags: 0
  m_Script:
    fileID: 11500000
    guid: 35432205b9a6a374bbbfe6b7cac92179
    type: 3
  m_Name: JumpAscending
  m_EditorClassIdentifier: None
  _actions: 这是一个包含9个字典元素的列表，该列表中每个字典元素包含如下key：type,fileID,guid，由于列表内容太长因此省略，目前不会影响你的任务。
2024-10-08 23:15:15,634 - INFO Retriever 0 - Agent主脑给出的回答为：{
    "read_file": {
        "file_path": "D:\\Unity\\open-project-1-main\\UOP1_Project\\Assets\\ScriptableObjects\\StateMachine\\Protagonist\\Conditions\\IsHoldingJump.asset"
    }
}
2024-10-08 23:15:15,634 - INFO Retriever 0 - 是否成功解析：True
2024-10-08 23:15:15,634 - INFO Retriever 0 - operation_type (__det_dir_action):
2024-10-08 23:15:15,635 - INFO Retriever 0 - read_file
2024-10-08 23:15:15,635 - INFO Retriever 0 - 

——————————————————————————————————————————————————————————————————————————————————————————————————————————————————————————
2024-10-08 23:15:15,635 - INFO Retriever 0 - Assistant:
2024-10-08 23:15:15,635 - INFO Retriever 0 - {
    "read_file": {
        "file_path": "D:\\Unity\\open-project-1-main\\UOP1_Project\\Assets\\ScriptableObjects\\StateMachine\\Protagonist\\Conditions\\IsHoldingJump.asset"
    }
}
2024-10-08 23:15:15,635 - INFO Retriever 0 - dict_keys(['read_file'])
2024-10-08 23:15:15,635 - INFO Retriever 0 - Agent主脑给出的行动：read_file
参数：{'file_path': 'D:\\Unity\\open-project-1-main\\UOP1_Project\\Assets\\ScriptableObjects\\StateMachine\\Protagonist\\Conditions\\IsHoldingJump.asset', 'top_path': 'D:\\Unity\\open-project-1-main\\UOP1_Project\\Assets', 'return_file_sum': <bound method TreeGenerationAction.return_file_sum of <Action.tree_gen_action.TreeGenerationAction object at 0x000001C6628B3310>>}
2024-10-08 23:15:15,635 - INFO Retriever 0 - Observer: 这是一个名为“IsHoldingJump.asset”的文件，该文件里的内容为：
MonoBehaviour:
  m_ObjectHideFlags: 0
  m_CorrespondingSourceObject:
    fileID: 0
  m_PrefabInstance:
    fileID: 0
  m_PrefabAsset:
    fileID: 0
  m_GameObject:
    fileID: 0
  m_Enabled: 1
  m_EditorHideFlags: 0
  m_Script:
    fileID: 11500000
    guid: aea20a61197822e49aaa66318da39267
    type: 3
  m_Name: IsHoldingJump
  m_EditorClassIdentifier: None
  cacheResult: 1
2024-10-08 23:15:18,076 - INFO Retriever 0 - Agent主脑给出的回答为：{
    "finish": "我已完成你所给出的任务需求，请你进行确认"
}
2024-10-08 23:15:18,076 - INFO Retriever 0 - 是否成功解析：True
2024-10-08 23:15:18,078 - INFO Retriever 0 - operation_type (__det_dir_action):
2024-10-08 23:15:18,078 - INFO Retriever 0 - finish
2024-10-08 23:15:18,078 - INFO Retriever 0 - 

——————————————————————————————————————————————————————————————————————————————————————————————————————————————————————————
2024-10-08 23:15:18,078 - INFO Retriever 0 - Assistant:
2024-10-08 23:15:18,078 - INFO Retriever 0 - {
    "finish": "我已完成你所给出的任务需求，请你进行确认"
}
2024-10-08 23:15:18,078 - INFO Retriever 0 - dict_keys(['finish'])
2024-10-08 23:15:18,078 - INFO Retriever 0 - ——————————————————————————————————— 任务结束 ———————————————————————————————————
2024-10-08 23:15:29,215 - INFO Retriever 0 - -------------------------Task Report-----------------------
2024-10-08 23:15:29,215 - INFO Retriever 0 - * 文件一：
    * 文件绝对路径：D:\Unity\open-project-1-main\UOP1_Project\Assets\Scripts\Characters\Protagonist.cs
    * 文件内容概述：这是一个Unity组件脚本，继承自`MonoBehaviour`，主要处理主角的输入读取和状态管理，包括读取玩家的输入（如移动、跳跃、攻击等）并将其传递给状态机。
    * 该文件与问题目标之间的关联性：由于该脚本负责处理玩家的输入，包括跳跃，因此它很可能包含实现玩家跳跃逻辑的代码。

* 文件二：
    * 文件绝对路径：D:\Unity\open-project-1-main\UOP1_Project\Assets\ScriptableObjects\StateMachine\Protagonist\States\JumpAscending.asset
    * 文件内容概述：这是一个Unity脚本配置文件，包含主角跳跃上升状态的行为配置，具体内容为9个字典元素列表，每个字典元素包含type、fileID和guid等信息。
    * 该文件与问题目标之间的关联性：该文件直接与主角跳跃上升状态相关，因此很可能包含实现跳跃上升逻辑的代码。

* 文件三：
    * 文件绝对路径：D:\Unity\open-project-1-main\UOP1_Project\Assets\ScriptableObjects\StateMachine\Protagonist\Conditions\IsHoldingJump.asset
    * 文件内容概述：这是一个Unity脚本配置文件，包含一个名为“IsHoldingJump”的脚本组件，用于检测跳跃按钮是否被按下，并设置了缓存结果以提高性能。
    * 该文件与问题目标之间的关联性：该文件用于检测跳跃按钮的状态，是跳跃逻辑中的一部分，因此与问题目标相关。
2024-10-08 23:15:29,215 - INFO Retriever 0 - 
Token Consuming:114417

2024-10-08 23:15:29,219 - INFO Retriever 0 - 
history rounds:13

