2024-11-28 21:32:18,428 - INFO Retriever 0 - Init Retriever.
2024-11-28 21:32:26,019 - INFO Retriever 0 - keywords:“['enemy', '类型', 'adversary type', '敌人', 'adversary', 'kind', 'type', '敌人类型', 'enemy type']”，“['enemy', '类型', 'adversary type', '敌人', 'adversary', 'kind', 'type', '敌人类型', 'enemy type']”，“['enemy', '类型', 'adversary type', '敌人', 'adversary', 'kind', 'type', '敌人类型', 'enemy type']”
2024-11-28 21:32:26,020 - INFO Retriever 0 - deep_think_conent
:在获取了项目文件的顶层结构后，我还需要结合待查询的问题描述，对于项目中的文件和目录进行一些深度关键词检索。根据任务描述：“请在D:/my_file/MyFile/YunSi/Project/Games/Cocos/CocosCyberpunk_all/CocosCyberpunk\Assets下各级目录中寻找：游戏中有几种类型的敌人，全部列举出来”，我总结出如下可能会出现在各个文件名或者文件内容中的关键词：“['enemy', '类型', 'adversary type', '敌人', 'adversary', 'kind', 'type', '敌人类型', 'enemy type']”，“['enemy', '类型', 'adversary type', '敌人', 'adversary', 'kind', 'type', '敌人类型', 'enemy type']”，“['enemy', '类型', 'adversary type', '敌人', 'adversary', 'kind', 'type', '敌人类型', 'enemy type']”。
接下来，我将使用retrieve_keywords操作，在项目顶层路径“D:/my_file/MyFile/YunSi/Project/Games/Cocos/CocosCyberpunk_all/CocosCyberpunk\Assets”下检索这些关键词，从而大致把握可能与问题描述相关的文件或目录的路径。
2024-11-28 21:32:26,022 - INFO Retriever 0 - ——————————————————————————————————————————————————————————————————————————————————————————————————————————————————————————
2024-11-28 21:32:26,022 - INFO Retriever 0 - Assistant:
2024-11-28 21:32:26,023 - INFO Retriever 0 - {
    "deep_think": {
        "thoughts": "好的，接下来我将通过深度思考、仔细计划以及逐步执行的方式，来完成该任务。\n\n首先，在阅读详细的代码细节之前，应该先整体把握整个项目。\n\n在提供的可选的action中，可以通过get_folder_info操作，通过将项目顶层路径作为target_folder_path参数进行传入，来获取获取项目中主要文件夹和主要文件的描述，从而能够先大致把握项目文件的主要文件的文件树结构、基本内容、主要代码概述以及大致功能板块的分布。"
    }
}
2024-11-28 21:32:26,023 - INFO Retriever 0 - 
Observer:
2024-11-28 21:32:26,023 - INFO Retriever 0 - 好的，请继续你的下一步行动或思考。
2024-11-28 21:32:26,023 - INFO Retriever 0 - 
2024-11-28 21:32:26,364 - INFO Retriever 0 - ——————————————————————————————————————————————————————————————————————————————————————————————————————————————————————————
2024-11-28 21:32:26,364 - INFO Retriever 0 - Assistant:
2024-11-28 21:32:26,364 - INFO Retriever 0 - {
    "get_folder_info": {
        "target_folder_path": "D:/my_file/MyFile/YunSi/Project/Games/Cocos/CocosCyberpunk_all/CocosCyberpunk\\Assets"
    }
}
2024-11-28 21:32:26,364 - INFO Retriever 0 - 
Observer:
2024-11-28 21:32:26,366 - INFO Retriever 0 - 目标路径D:/my_file/MyFile/YunSi/Project/Games/Cocos/CocosCyberpunk_all/CocosCyberpunk\Assets不存在。

2024-11-28 21:32:26,367 - INFO Retriever 0 - 
2024-11-28 21:32:26,370 - INFO Retriever 0 - ——————————————————————————————————————————————————————————————————————————————————————————————————————————————————————————
2024-11-28 21:32:26,371 - INFO Retriever 0 - Assistant:
2024-11-28 21:32:26,371 - INFO Retriever 0 - {
    "deep_think": {
        "thoughts": "在获取了项目文件的顶层结构后，我还需要结合待查询的问题描述，对于项目中的文件和目录进行一些深度关键词检索。根据任务描述：“请在D:/my_file/MyFile/YunSi/Project/Games/Cocos/CocosCyberpunk_all/CocosCyberpunk\\Assets下各级目录中寻找：游戏中有几种类型的敌人，全部列举出来”，我总结出如下可能会出现在各个文件名或者文件内容中的关键词：“['enemy', '类型', 'adversary type', '敌人', 'adversary', 'kind', 'type', '敌人类型', 'enemy type']”，“['enemy', '类型', 'adversary type', '敌人', 'adversary', 'kind', 'type', '敌人类型', 'enemy type']”，“['enemy', '类型', 'adversary type', '敌人', 'adversary', 'kind', 'type', '敌人类型', 'enemy type']”。\n接下来，我将使用retrieve_keywords操作，在项目顶层路径“D:/my_file/MyFile/YunSi/Project/Games/Cocos/CocosCyberpunk_all/CocosCyberpunk\\Assets”下检索这些关键词，从而大致把握可能与问题描述相关的文件或目录的路径。"
    }
}
2024-11-28 21:32:26,372 - INFO Retriever 0 - 
Observer:
2024-11-28 21:32:26,373 - INFO Retriever 0 - 好的，请继续你的下一步行动或思考。
2024-11-28 21:32:26,375 - INFO Retriever 0 - 
2024-11-28 21:32:26,377 - INFO Retriever 0 - ——————————————————————————————————————————————————————————————————————————————————————————————————————————————————————————
2024-11-28 21:32:26,378 - INFO Retriever 0 - Assistant:
2024-11-28 21:32:26,378 - INFO Retriever 0 - {
    "retrieve_keywords": {
        "keyword_list": [
            [
                "enemy",
                "类型",
                "adversary type",
                "敌人",
                "adversary",
                "kind",
                "type",
                "敌人类型",
                "enemy type"
            ],
            [
                "enemy",
                "类型",
                "adversary type",
                "敌人",
                "adversary",
                "kind",
                "type",
                "敌人类型",
                "enemy type"
            ],
            [
                "enemy",
                "类型",
                "adversary type",
                "敌人",
                "adversary",
                "kind",
                "type",
                "敌人类型",
                "enemy type"
            ]
        ]
    }
}
2024-11-28 21:32:26,380 - INFO Retriever 0 - 
Observer:
2024-11-28 21:32:26,381 - INFO Retriever 0 - 文件一：
* 文件绝对路径：D:/my_file/MyFile/YunSi/Project/Games/Cocos/CocosCyberpunk_all/CocosCyberpunk/assets/resources/action/action-enemy_1.json
* 文件内容概述：该文件定义了游戏敌人从活动开始到死亡的一系列行为和事件触发，记录了敌人状态转换（如跳跃、移动、死亡等）及其对应的时间点、动画、声音和变量设置。
* 是否与问题相关：相关
* 具体分析：文件中记录了敌人的不同状态和行为，但未直接提及敌人的种类。需要进一步查看文件内容以确定是否有关于敌人种类的描述。

文件二：
* 文件绝对路径：D:/my_file/MyFile/YunSi/Project/Games/Cocos/CocosCyberpunk_all/CocosCyberpunk/assets/resources/action/action-enemy_2.json
* 文件内容概述：该文件同样定义了游戏敌人从活动开始到死亡的一系列行为和事件，记录了不同状态下的动作触发时机，包括动画、声音效果和数据设置。
* 是否与问题相关：相关
* 具体分析：与文件一类似，文件中记录了敌人的行为，但未明确说明敌人的种类。需要进一步查看文件内容以确认是否有关于敌人种类的信息。

文件三：
* 文件绝对路径：D:/my_file/MyFile/YunSi/Project/Games/Cocos/CocosCyberpunk_all/CocosCyberpunk/assets/scripts/logic/level/level-events-enemy.ts
* 文件内容概述：该脚本文件是用于管理敌人事件生成的组件，定义了`LevelEventsEnemy`类，负责初始化敌人生成概率、维护敌人计数和组统计，并触发敌人生成事件。
* 是否与问题相关：相关
* 具体分析：该脚本可能包含了生成不同类型敌人的逻辑，但需要查看具体代码来确定是否有关于敌人种类的定义或引用。

以上文件均与问题相关，但需要进一步查看文件内容以确定游戏中敌人的具体种类。由于检索结果中没有直接提及敌人种类的文件，可能需要结合多个文件的内容来分析得出答案。
2024-11-28 21:32:26,382 - INFO Retriever 0 - 
2024-11-28 21:32:30,488 - INFO Retriever 0 - Agent主脑给出的回答为：{
    "read_file": {
        "file_path": "D:/my_file/MyFile/YunSi/Project/Games/Cocos/CocosCyberpunk_all/CocosCyberpunk/assets/resources/action/action-enemy_1.json"
    }
}
2024-11-28 21:32:30,489 - INFO Retriever 0 - 是否成功解析：True
2024-11-28 21:32:30,489 - INFO Retriever 0 - operation_type (__det_dir_action):
2024-11-28 21:32:30,489 - INFO Retriever 0 - read_file
2024-11-28 21:32:30,489 - INFO Retriever 0 - 

——————————————————————————————————————————————————————————————————————————————————————————————————————————————————————————
2024-11-28 21:32:30,489 - INFO Retriever 0 - Assistant:
2024-11-28 21:32:30,490 - INFO Retriever 0 - {
    "read_file": {
        "file_path": "D:/my_file/MyFile/YunSi/Project/Games/Cocos/CocosCyberpunk_all/CocosCyberpunk/assets/resources/action/action-enemy_1.json"
    }
}
2024-11-28 21:32:30,490 - INFO Retriever 0 - dict_keys(['read_file'])
2024-11-28 21:32:30,490 - INFO Retriever 0 - Agent主脑给出的行动：read_file
参数：{'file_path': 'D:/my_file/MyFile/YunSi/Project/Games/Cocos/CocosCyberpunk_all/CocosCyberpunk/assets/resources/action/action-enemy_1.json', 'top_path': 'D:/my_file/MyFile/YunSi/Project/Games/Cocos/CocosCyberpunk_all/CocosCyberpunk\\Assets', 'return_file_sum': <bound method TreeGenerationAction.return_file_sum of <Action.tree_gen_action.TreeGenerationAction object at 0x0000021C5ED45250>>}
2024-11-28 21:32:30,491 - INFO Retriever 0 - Observer: 这是一个名为“D:/my_file/MyFile/YunSi/Project/Games/Cocos/CocosCyberpunk_all/CocosCyberpunk/assets/resources/action/action-enemy_1.json”的文件，该文件里的内容为：
{
    "play":{
        "start":[
            { "time": 1.5, "name": "on_call", "data": "onUpdate"}
        ]
    },
    "jump_from_jog": {
        "start": [
            { "time": 0, "name": "on_set", "data": { "key":"is_jump", "value":true } },
            { "time": 0, "name": "on_anig", "data": { "key": "trigger_jump", "value":true } },
            { "time": 0, "name": "on_anig", "data": { "key": "bool_jump", "value":true } },
            { "time": 0.07, "name": "on_call", "data": "jump" },
            { "time": 0.09, "name": "on_set", "data": { "key": "jumping", "value":true} }
        ]
    },
    "jump_from_stand": {
        "start": [
            { "time": 0, "name": "on_set", "data": { "key":"is_jump", "value":true } },
            { "time": 0, "name": "on_anig", "data": { "key": "trigger_jump", "value":true } },
            { "time": 0, "name": "on_anig", "data": { "key": "bool_jump", "value":true } },
            { "time": 0.27, "name": "on_call", "data": "jump" },
            { "time": 0.3, "name": "on_set", "data": { "key": "jumping", "value":true} }
        ]
    },
    "jump_to_ground": {
        "start":[
            { "time": 0, "name": "on_anig", "data": { "key": "bool_jump", "value":false } },
            { "time": 0, "name": "on_set", "data": { "key": "jumping", "value":false} },
            { "time": 0, "name": "on_set", "data": { "key":"is_jump", "value":false } },
            { "time": 0.3, "name": "on_sfx", "data": "sfx_hit_ground" }
        ]
    },
    "move_to_sky": {
        "start":[
            { "time": 0, "name": "on_anig", "data": { "key": "trigger_move_to_sky", "value":true } } 
        ] 
    },
    "on_ground":{
        "start":[
            { "time": 0, "name": "on_set", "data": { "key":"is_ground", "value":true } },
            { "time": 0, "name": "on_anig", "data": { "key":"bool_ground", "value":true } }
        ]
    },
    "off_ground":{
        "start":[
            { "time": 0, "name": "on_set", "data": { "key":"is_ground", "value":false } },
            { "time": 0, "name": "on_anig", "data": { "key":"is_ground", "value":false } }
        ]
    },
    "dead": {
        "start": [
            { "time": 0, "name": "on_set", "data": { "key":"hit_recover", "value": 1} },
            { "time": 0, "name": "on_anig", "data": { "key":"trigger_dead", "value":true } },
            { "time": 0, "name": "on_sfx", "data":"sfx_enemy_dead" },
            { "time": 0, "name": "on_set", "data": { "key":"is_dead", "value":true } },
            { "time": 0.3, "name": "on_sfx", "data":"sfx_dead" },
            { "time": 0.5, "name": "on_call", "data": "onDead" }
        ] 
    },
    "hit_gun": {
        "start":[
            { "time": 0, "name": "on_anig", "data": { "key":"trigger_hit", "value":true } },
            { "time": 0, "name": "on_set", "data": { "key":"hit_recover", "value": 0.2} }
        ]
    },
    "on_aim": {
        "start": [
            {"time": 0, "name": "on_anig", "data":{ "key":"bool_iron_sights", "value":true } }
        ]
    },
    "off_aim": {
        "start": [
            {"time": 0, "name": "on_anig", "data":{ "key":"bool_iron_sights", "value":false } }
        ]
    },
    "rebirth":{
        "start":[
            {"time":0, "name": "on_msg", "data": "rebirth" }
        ]
    },
    "pickup": {
        "start":[
            { "time": 0, "delay":0.2, "name": "on_msg", "data": "pick_candy"},
            { "time": 0, "delay":0.5, "name": "on_msg", "data": "msg_count_events"}
        ]
    },
    "drop": {
        "start":[
            { "time": 0, "name": "on_sfx", "data": "sfx_eat_candy" },
            { "time": 0, "delay":0.2, "name": "on_msg", "data": "pick_candy"},
            { "time": 0, "delay":0.5, "name": "on_msg", "data": "msg_count_events"}
        ] 
    } 
}
2024-11-28 21:32:30,493 - INFO Retriever 0 - 

————————————————————————————————————————————————————————————————
2024-11-28 21:32:30,493 - INFO Retriever 0 - 当前窗口总长度：11
2024-11-28 21:32:30,493 - INFO Retriever 0 - 当前更新窗口长度：2
2024-11-28 21:32:30,493 - INFO Retriever 0 - 当前更新窗口长度：2
2024-11-28 21:32:30,493 - INFO Retriever 0 - ————————————————————————————————————————————————————————————————


2024-11-28 21:32:34,601 - INFO Retriever 0 - Agent主脑给出的回答为：{
    "read_file": {
        "file_path": "D:/my_file/MyFile/YunSi/Project/Games/Cocos/CocosCyberpunk_all/CocosCyberpunk/assets/resources/action/action-enemy_2.json"
    }
}
2024-11-28 21:32:34,601 - INFO Retriever 0 - 是否成功解析：True
2024-11-28 21:32:34,601 - INFO Retriever 0 - operation_type (__det_dir_action):
2024-11-28 21:32:34,603 - INFO Retriever 0 - read_file
2024-11-28 21:32:34,603 - INFO Retriever 0 - 

——————————————————————————————————————————————————————————————————————————————————————————————————————————————————————————
2024-11-28 21:32:34,603 - INFO Retriever 0 - Assistant:
2024-11-28 21:32:34,603 - INFO Retriever 0 - {
    "read_file": {
        "file_path": "D:/my_file/MyFile/YunSi/Project/Games/Cocos/CocosCyberpunk_all/CocosCyberpunk/assets/resources/action/action-enemy_2.json"
    }
}
2024-11-28 21:32:34,603 - INFO Retriever 0 - dict_keys(['read_file'])
2024-11-28 21:32:34,604 - INFO Retriever 0 - Agent主脑给出的行动：read_file
参数：{'file_path': 'D:/my_file/MyFile/YunSi/Project/Games/Cocos/CocosCyberpunk_all/CocosCyberpunk/assets/resources/action/action-enemy_2.json', 'top_path': 'D:/my_file/MyFile/YunSi/Project/Games/Cocos/CocosCyberpunk_all/CocosCyberpunk\\Assets', 'return_file_sum': <bound method TreeGenerationAction.return_file_sum of <Action.tree_gen_action.TreeGenerationAction object at 0x0000021C5ED45250>>}
2024-11-28 21:32:34,604 - INFO Retriever 0 - Observer: 这是一个名为“D:/my_file/MyFile/YunSi/Project/Games/Cocos/CocosCyberpunk_all/CocosCyberpunk/assets/resources/action/action-enemy_2.json”的文件，该文件里的内容为：
{
    "play":{
        "start":[
            { "time": 1.5, "name": "on_call", "data": "onUpdate"}
        ]
    },
    "jump_from_jog": {
        "start": [
            { "time": 0, "name": "on_set", "data": { "key":"is_jump", "value":true } },
            { "time": 0, "name": "on_anig", "data": { "key": "trigger_jump", "value":true } },
            { "time": 0, "name": "on_anig", "data": { "key": "bool_jump", "value":true } },
            { "time": 0.07, "name": "on_call", "data": "jump" },
            { "time": 0.09, "name": "on_set", "data": { "key": "jumping", "value":true} }
        ]
    },
    "jump_from_stand": {
        "start": [
            { "time": 0, "name": "on_set", "data": { "key":"is_jump", "value":true } },
            { "time": 0, "name": "on_anig", "data": { "key": "trigger_jump", "value":true } },
            { "time": 0, "name": "on_anig", "data": { "key": "bool_jump", "value":true } },
            { "time": 0.27, "name": "on_call", "data": "jump" },
            { "time": 0.3, "name": "on_set", "data": { "key": "jumping", "value":true} }
        ]
    },
    "jump_to_ground": {
        "start":[
            { "time": 0, "name": "on_anig", "data": { "key": "bool_jump", "value":false } },
            { "time": 0, "name": "on_set", "data": { "key": "jumping", "value":false} },
            { "time": 0, "name": "on_set", "data": { "key":"is_jump", "value":false } },
            { "time": 0.3, "name": "on_sfx", "data": "sfx_hit_ground" }
        ]
    },
    "move_to_sky": {
        "start":[
            { "time": 0, "name": "on_anig", "data": { "key": "trigger_move_to_sky", "value":true } } 
        ] 
    },
    "on_ground":{
        "start":[
            { "time": 0, "name": "on_set", "data": { "key":"is_ground", "value":true } },
            { "time": 0, "name": "on_anig", "data": { "key":"bool_ground", "value":true } }
        ]
    },
    "off_ground":{
        "start":[
            { "time": 0, "name": "on_set", "data": { "key":"is_ground", "value":false } },
            { "time": 0, "name": "on_anig", "data": { "key":"is_ground", "value":false } }
        ]
    },
    "dead": {
        "start": [
            { "time": 0, "name": "on_set", "data": { "key":"hit_recover", "value": 1} },
            { "time": 0, "name": "on_anig", "data": { "key":"trigger_dead", "value":true } },
            { "time": 0, "name": "on_sfx", "data":"sfx_enemy_dead" },
            { "time": 0, "name": "on_set", "data": { "key":"is_dead", "value":true } },
            { "time": 0.3, "name": "on_sfx", "data":"sfx_dead" },
            { "time": 0.5, "name": "on_call", "data": "onDead" }
        ] 
    },
    "hit_gun": {
        "start":[
            { "time": 0, "name": "on_anig", "data": { "key":"trigger_hit", "value":true } },
            { "time": 0, "name": "on_set", "data": { "key":"hit_recover", "value": 0.2} }
        ]
    },
    "on_aim": {
        "start": [
            {"time": 0, "name": "on_anig", "data":{ "key":"bool_iron_sights", "value":true } }
        ]
    },
    "off_aim": {
        "start": [
            {"time": 0, "name": "on_anig", "data":{ "key":"bool_iron_sights", "value":false } }
        ]
    },
    "rebirth":{
        "start":[
            {"time":0, "name": "on_msg", "data": "rebirth" }
        ]
    },
    "pickup": {
        "start":[
            { "time": 0, "delay":0.2, "name": "on_msg", "data": "pick_candy"},
            { "time": 0, "delay":0.5, "name": "on_msg", "data": "msg_count_events"}
        ]
    },
    "drop": {
        "start":[
            { "time": 0, "name": "on_sfx", "data": "sfx_eat_candy" },
            { "time": 0, "delay":0.2, "name": "on_msg", "data": "pick_candy"},
            { "time": 0, "delay":0.5, "name": "on_msg", "data": "msg_count_events"}
        ] 
    } 
}
2024-11-28 21:32:34,606 - INFO Retriever 0 - 

————————————————————————————————————————————————————————————————
2024-11-28 21:32:34,606 - INFO Retriever 0 - 当前窗口总长度：13
2024-11-28 21:32:34,606 - INFO Retriever 0 - 当前更新窗口长度：4
2024-11-28 21:32:34,606 - INFO Retriever 0 - 当前更新窗口长度：4
2024-11-28 21:32:34,606 - INFO Retriever 0 - ————————————————————————————————————————————————————————————————


2024-11-28 21:32:38,352 - INFO Retriever 0 - Agent主脑给出的回答为：{
    "read_file": {
        "file_path": "D:/my_file/MyFile/YunSi/Project/Games/Cocos/CocosCyberpunk_all/CocosCyberpunk/assets/scripts/logic/level/level-events-enemy.ts"
    }
}
2024-11-28 21:32:38,353 - INFO Retriever 0 - 是否成功解析：True
2024-11-28 21:32:38,353 - INFO Retriever 0 - operation_type (__det_dir_action):
2024-11-28 21:32:38,353 - INFO Retriever 0 - read_file
2024-11-28 21:32:38,353 - INFO Retriever 0 - 

——————————————————————————————————————————————————————————————————————————————————————————————————————————————————————————
2024-11-28 21:32:38,353 - INFO Retriever 0 - Assistant:
2024-11-28 21:32:38,354 - INFO Retriever 0 - {
    "read_file": {
        "file_path": "D:/my_file/MyFile/YunSi/Project/Games/Cocos/CocosCyberpunk_all/CocosCyberpunk/assets/scripts/logic/level/level-events-enemy.ts"
    }
}
2024-11-28 21:32:38,354 - INFO Retriever 0 - dict_keys(['read_file'])
2024-11-28 21:32:38,354 - INFO Retriever 0 - Agent主脑给出的行动：read_file
参数：{'file_path': 'D:/my_file/MyFile/YunSi/Project/Games/Cocos/CocosCyberpunk_all/CocosCyberpunk/assets/scripts/logic/level/level-events-enemy.ts', 'top_path': 'D:/my_file/MyFile/YunSi/Project/Games/Cocos/CocosCyberpunk_all/CocosCyberpunk\\Assets', 'return_file_sum': <bound method TreeGenerationAction.return_file_sum of <Action.tree_gen_action.TreeGenerationAction object at 0x0000021C5ED45250>>}
2024-11-28 21:32:38,404 - INFO Retriever 0 - Observer: 这是一个名为“D:/my_file/MyFile/YunSi/Project/Games/Cocos/CocosCyberpunk_all/CocosCyberpunk/assets/scripts/logic/level/level-events-enemy.ts”的文件，该文件里的内容为：
由于脚本文件内容过长，暂时仅给出该脚本文件的内容总结:
- ### 总体概述
该脚本名为“level-events-enemy.ts”，是一个Cocos Creator游戏引擎中的组件脚本。它主要处理敌人事件，包括敌人的生成和移除，以及相关的统计和逻辑处理。

### 模块和功能
- 敌人事件生成：根据概率和权重生成敌人。
- 敌人移除：处理敌人被移除的事件，更新统计信息。
- 更新逻辑：每帧执行检测逻辑，根据时间间隔触发事件。

### 类和函数
- `LevelEventsEnemy` 类：扩展了 `Component` 类，包含敌人事件生成和处理的逻辑。
  - `start()`: 初始化概率数据、组计数器和间隔时间，注册事件监听。
  - `onDestroy()`: 注销事件监听。
  - `generateEvent()`: 生成敌人事件，根据概率和权重选择敌人。
  - `remove(groupIndex: number)`: 移除指定组的敌人，更新统计信息。
  - `update(deltaTime: number)`: 每帧更新间隔时间，当间隔时间小于等于0时触发事件生成。

### 实现逻辑
1. 在 `start` 方法中，初始化概率数据、组计数器和间隔时间，并注册事件监听。
2. 在 `update` 方法中，每帧减少间隔时间，当间隔时间小于等于0时，调用 `generateEvent` 方法生成敌人事件。
3. `generateEvent` 方法根据概率和权重选择敌人，并触发添加敌人的事件。
4. `remove` 方法处理敌人被移除的事件，更新统计信息，并触发敌人死亡的事件。
2024-11-28 21:32:38,406 - INFO Retriever 0 - 

————————————————————————————————————————————————————————————————
2024-11-28 21:32:38,406 - INFO Retriever 0 - 当前窗口总长度：15
2024-11-28 21:32:38,406 - INFO Retriever 0 - 当前更新窗口长度：6
2024-11-28 21:32:38,407 - INFO Retriever 0 - 当前更新窗口长度：6
2024-11-28 21:32:38,407 - INFO Retriever 0 - ————————————————————————————————————————————————————————————————


2024-11-28 21:32:44,185 - INFO Retriever 0 - Agent主脑给出的回答为：{
    "deep_think": {
        "thoughts": "根据检索到的文件内容，目前并没有直接找到关于敌人种类的明确描述。在读取的JSON文件中，主要描述了敌人的行为和状态转换，而在读取的TypeScript脚本中，主要描述了敌人事件的生成和处理逻辑。这些信息对于理解敌人的行为模式很有帮助，但并没有直接给出敌人的种类。\n\n为了进一步查找敌人种类信息，我需要考虑是否有其他文件可能包含这些信息。例如，可能存在一个配置文件或者数据文件，其中定义了敌人的不同类型。我需要继续在项目中搜索这些可能的文件。"
    }
}
2024-11-28 21:32:44,185 - INFO Retriever 0 - 是否成功解析：True
2024-11-28 21:32:44,185 - INFO Retriever 0 - operation_type (__det_dir_action):
2024-11-28 21:32:44,185 - INFO Retriever 0 - deep_think
2024-11-28 21:32:44,185 - INFO Retriever 0 - 

——————————————————————————————————————————————————————————————————————————————————————————————————————————————————————————
2024-11-28 21:32:44,186 - INFO Retriever 0 - Assistant:
2024-11-28 21:32:44,186 - INFO Retriever 0 - {
    "deep_think": {
        "thoughts": "根据检索到的文件内容，目前并没有直接找到关于敌人种类的明确描述。在读取的JSON文件中，主要描述了敌人的行为和状态转换，而在读取的TypeScript脚本中，主要描述了敌人事件的生成和处理逻辑。这些信息对于理解敌人的行为模式很有帮助，但并没有直接给出敌人的种类。\n\n为了进一步查找敌人种类信息，我需要考虑是否有其他文件可能包含这些信息。例如，可能存在一个配置文件或者数据文件，其中定义了敌人的不同类型。我需要继续在项目中搜索这些可能的文件。"
    }
}
2024-11-28 21:32:44,186 - INFO Retriever 0 - dict_keys(['deep_think'])
2024-11-28 21:32:44,187 - INFO Retriever 0 - Agent主脑给出的行动：deep_think
参数：{'thoughts': '根据检索到的文件内容，目前并没有直接找到关于敌人种类的明确描述。在读取的JSON文件中，主要描述了敌人的行为和状态转换，而在读取的TypeScript脚本中，主要描述了敌人事件的生成和处理逻辑。这些信息对于理解敌人的行为模式很有帮助，但并没有直接给出敌人的种类。\n\n为了进一步查找敌人种类信息，我需要考虑是否有其他文件可能包含这些信息。例如，可能存在一个配置文件或者数据文件，其中定义了敌人的不同类型。我需要继续在项目中搜索这些可能的文件。', 'repeat_counter': 1, 'continue_think_counter': 1}
2024-11-28 21:32:44,187 - INFO Retriever 0 - Observer: 好的，请继续你的下一步行动或思考。
2024-11-28 21:32:44,188 - INFO Retriever 0 - 

————————————————————————————————————————————————————————————————
2024-11-28 21:32:44,188 - INFO Retriever 0 - 当前窗口总长度：17
2024-11-28 21:32:44,188 - INFO Retriever 0 - 当前更新窗口长度：8
2024-11-28 21:32:44,188 - INFO Retriever 0 - 当前更新窗口长度：8
2024-11-28 21:32:44,189 - INFO Retriever 0 - ————————————————————————————————————————————————————————————————


2024-11-28 21:32:47,580 - INFO Retriever 0 - Agent主脑给出的回答为：{
    "retrieve_keywords": {
        "keyword_list": [
            [
                "enemy",
                "type",
                "种类",
                "配置",
                "数据",
                "定义"
            ]
        ]
    }
}
2024-11-28 21:32:47,580 - INFO Retriever 0 - 是否成功解析：True
2024-11-28 21:32:47,580 - INFO Retriever 0 - operation_type (__det_dir_action):
2024-11-28 21:32:47,580 - INFO Retriever 0 - retrieve_keywords
2024-11-28 21:32:47,581 - INFO Retriever 0 - 

——————————————————————————————————————————————————————————————————————————————————————————————————————————————————————————
2024-11-28 21:32:47,581 - INFO Retriever 0 - Assistant:
2024-11-28 21:32:47,581 - INFO Retriever 0 - {
    "retrieve_keywords": {
        "keyword_list": [
            [
                "enemy",
                "type",
                "种类",
                "配置",
                "数据",
                "定义"
            ]
        ]
    }
}
2024-11-28 21:32:47,581 - INFO Retriever 0 - dict_keys(['retrieve_keywords'])
2024-11-28 21:32:47,581 - INFO Retriever 0 - Agent主脑给出的行动：retrieve_keywords
参数：{'keyword_list': [['enemy', 'type', '种类', '配置', '数据', '定义']]}
