2024-11-28 21:25:01,867 - INFO Retriever 0 - Init Retriever.
2024-11-28 21:25:08,715 - INFO Retriever 0 - keywords:“['刷新', '敌人', 'adversary', '敌人刷新', 'scene', 'refresh', 'mechanism', 'refresh enemy', 'enemy', 'setting', 'system', 'enemy refresh', 'renew', '场景', '机制']”，“['刷新', '敌人', 'adversary', '敌人刷新', 'scene', 'refresh', 'mechanism', 'refresh enemy', 'enemy', 'setting', 'system', 'enemy refresh', 'renew', '场景', '机制']”，“['刷新', '敌人', 'adversary', '敌人刷新', 'scene', 'refresh', 'mechanism', 'refresh enemy', 'enemy', 'setting', 'system', 'enemy refresh', 'renew', '场景', '机制']”
2024-11-28 21:25:08,716 - INFO Retriever 0 - deep_think_conent
:在获取了项目文件的顶层结构后，我还需要结合待查询的问题描述，对于项目中的文件和目录进行一些深度关键词检索。根据任务描述：“请在D:/my_file/MyFile/YunSi/Project/Games/Cocos/CocosCyberpunk_all/CocosCyberpunk\Assets下各级目录中寻找：游戏场景中敌人刷新的机制如何实现的？”，我总结出如下可能会出现在各个文件名或者文件内容中的关键词：“['刷新', '敌人', 'adversary', '敌人刷新', 'scene', 'refresh', 'mechanism', 'refresh enemy', 'enemy', 'setting', 'system', 'enemy refresh', 'renew', '场景', '机制']”，“['刷新', '敌人', 'adversary', '敌人刷新', 'scene', 'refresh', 'mechanism', 'refresh enemy', 'enemy', 'setting', 'system', 'enemy refresh', 'renew', '场景', '机制']”，“['刷新', '敌人', 'adversary', '敌人刷新', 'scene', 'refresh', 'mechanism', 'refresh enemy', 'enemy', 'setting', 'system', 'enemy refresh', 'renew', '场景', '机制']”。
接下来，我将使用retrieve_keywords操作，在项目顶层路径“D:/my_file/MyFile/YunSi/Project/Games/Cocos/CocosCyberpunk_all/CocosCyberpunk\Assets”下检索这些关键词，从而大致把握可能与问题描述相关的文件或目录的路径。
2024-11-28 21:25:08,918 - INFO Retriever 0 - ——————————————————————————————————————————————————————————————————————————————————————————————————————————————————————————
2024-11-28 21:25:08,919 - INFO Retriever 0 - Assistant:
2024-11-28 21:25:08,983 - INFO Retriever 0 - {
    "deep_think": {
        "thoughts": "好的，接下来我将通过深度思考、仔细计划以及逐步执行的方式，来完成该任务。\n\n首先，在阅读详细的代码细节之前，应该先整体把握整个项目。\n\n在提供的可选的action中，可以通过get_folder_info操作，通过将项目顶层路径作为target_folder_path参数进行传入，来获取获取项目中主要文件夹和主要文件的描述，从而能够先大致把握项目文件的主要文件的文件树结构、基本内容、主要代码概述以及大致功能板块的分布。"
    }
}
2024-11-28 21:25:09,013 - INFO Retriever 0 - 
Observer:
2024-11-28 21:25:09,078 - INFO Retriever 0 - 好的，请继续你的下一步行动或思考。
2024-11-28 21:25:09,080 - INFO Retriever 0 - 
2024-11-28 21:25:09,249 - INFO Retriever 0 - ——————————————————————————————————————————————————————————————————————————————————————————————————————————————————————————
2024-11-28 21:25:09,251 - INFO Retriever 0 - Assistant:
2024-11-28 21:25:09,251 - INFO Retriever 0 - {
    "get_folder_info": {
        "target_folder_path": "D:/my_file/MyFile/YunSi/Project/Games/Cocos/CocosCyberpunk_all/CocosCyberpunk\\Assets"
    }
}
2024-11-28 21:25:09,253 - INFO Retriever 0 - 
Observer:
2024-11-28 21:25:09,254 - INFO Retriever 0 - 目标路径D:/my_file/MyFile/YunSi/Project/Games/Cocos/CocosCyberpunk_all/CocosCyberpunk\Assets不存在。

2024-11-28 21:25:09,256 - INFO Retriever 0 - 
2024-11-28 21:25:09,257 - INFO Retriever 0 - ——————————————————————————————————————————————————————————————————————————————————————————————————————————————————————————
2024-11-28 21:25:09,258 - INFO Retriever 0 - Assistant:
2024-11-28 21:25:09,325 - INFO Retriever 0 - {
    "deep_think": {
        "thoughts": "在获取了项目文件的顶层结构后，我还需要结合待查询的问题描述，对于项目中的文件和目录进行一些深度关键词检索。根据任务描述：“请在D:/my_file/MyFile/YunSi/Project/Games/Cocos/CocosCyberpunk_all/CocosCyberpunk\\Assets下各级目录中寻找：游戏场景中敌人刷新的机制如何实现的？”，我总结出如下可能会出现在各个文件名或者文件内容中的关键词：“['刷新', '敌人', 'adversary', '敌人刷新', 'scene', 'refresh', 'mechanism', 'refresh enemy', 'enemy', 'setting', 'system', 'enemy refresh', 'renew', '场景', '机制']”，“['刷新', '敌人', 'adversary', '敌人刷新', 'scene', 'refresh', 'mechanism', 'refresh enemy', 'enemy', 'setting', 'system', 'enemy refresh', 'renew', '场景', '机制']”，“['刷新', '敌人', 'adversary', '敌人刷新', 'scene', 'refresh', 'mechanism', 'refresh enemy', 'enemy', 'setting', 'system', 'enemy refresh', 'renew', '场景', '机制']”。\n接下来，我将使用retrieve_keywords操作，在项目顶层路径“D:/my_file/MyFile/YunSi/Project/Games/Cocos/CocosCyberpunk_all/CocosCyberpunk\\Assets”下检索这些关键词，从而大致把握可能与问题描述相关的文件或目录的路径。"
    }
}
2024-11-28 21:25:09,584 - INFO Retriever 0 - 
Observer:
2024-11-28 21:25:09,587 - INFO Retriever 0 - 好的，请继续你的下一步行动或思考。
2024-11-28 21:25:09,607 - INFO Retriever 0 - 
2024-11-28 21:25:09,716 - INFO Retriever 0 - ——————————————————————————————————————————————————————————————————————————————————————————————————————————————————————————
2024-11-28 21:25:09,772 - INFO Retriever 0 - Assistant:
2024-11-28 21:25:09,773 - INFO Retriever 0 - {
    "retrieve_keywords": {
        "keyword_list": [
            [
                "刷新",
                "敌人",
                "adversary",
                "敌人刷新",
                "scene",
                "refresh",
                "mechanism",
                "refresh enemy",
                "enemy",
                "setting",
                "system",
                "enemy refresh",
                "renew",
                "场景",
                "机制"
            ],
            [
                "刷新",
                "敌人",
                "adversary",
                "敌人刷新",
                "scene",
                "refresh",
                "mechanism",
                "refresh enemy",
                "enemy",
                "setting",
                "system",
                "enemy refresh",
                "renew",
                "场景",
                "机制"
            ],
            [
                "刷新",
                "敌人",
                "adversary",
                "敌人刷新",
                "scene",
                "refresh",
                "mechanism",
                "refresh enemy",
                "enemy",
                "setting",
                "system",
                "enemy refresh",
                "renew",
                "场景",
                "机制"
            ]
        ]
    }
}
2024-11-28 21:25:09,774 - INFO Retriever 0 - 
Observer:
2024-11-28 21:25:09,774 - INFO Retriever 0 - 文件一：
* 文件绝对路径：D:/my_file/MyFile/YunSi/Project/Games/Cocos/CocosCyberpunk_all/CocosCyberpunk/assets/resources/action/action-enemy_0.json
* 文件内容概述：该文件详细记录了游戏敌人从启动到死亡的各种行为和事件触发机制，包括跳跃、落地、移动、被击中等状态转换。
* 是否与问题相关：相关
* 具体分析：该文件中应包含敌人刷新的相关代码或配置，如敌人生成的位置、时间间隔、生成条件等，这些信息对于理解游戏场景中敌人刷新的机制至关重要。

文件二：
* 文件绝对路径：D:/my_file/MyFile/YunSi/Project/Games/Cocos/CocosCyberpunk_all/CocosCyberpunk/assets/resources/action/action-enemy_1.json
* 文件内容概述：该文件定义了游戏敌人从活动开始到死亡的一系列行为和事件触发，记录了敌人状态转换及其对应的时间点、动画、声音和变量设置。
* 是否与问题相关：相关
* 具体分析：与文件一类似，该文件可能也包含了敌人刷新的相关配置信息，对于分析敌人刷新机制同样重要。

文件三：
* 文件绝对路径：D:/my_file/MyFile/YunSi/Project/Games/Cocos/CocosCyberpunk_all/CocosCyberpunk/assets/resources/action/action-enemy_2.json
* 文件内容概述：该文件定义了游戏敌人从活动开始到死亡的一系列行为和事件，记录了不同状态下的动作触发时机，包括动画、声音效果和数据设置。
* 是否与问题相关：相关
* 具体分析：同样，该文件可能包含了敌人刷新的相关代码或配置，对于理解游戏场景中敌人刷新的机制具有参考价值。

请注意，以上三个文件均可能与敌人刷新机制相关，需要进一步检查文件内容以确定具体实现细节。
2024-11-28 21:25:09,776 - INFO Retriever 0 - 
2024-11-28 21:25:13,779 - INFO Retriever 0 - Agent主脑给出的回答为：{
    "read_file": {
        "file_path": "D:/my_file/MyFile/YunSi/Project/Games/Cocos/CocosCyberpunk_all/CocosCyberpunk/assets/resources/action/action-enemy_0.json"
    }
}
2024-11-28 21:25:13,781 - INFO Retriever 0 - 是否成功解析：True
2024-11-28 21:25:13,781 - INFO Retriever 0 - operation_type (__det_dir_action):
2024-11-28 21:25:13,781 - INFO Retriever 0 - read_file
2024-11-28 21:25:13,781 - INFO Retriever 0 - 

——————————————————————————————————————————————————————————————————————————————————————————————————————————————————————————
2024-11-28 21:25:13,782 - INFO Retriever 0 - Assistant:
2024-11-28 21:25:13,782 - INFO Retriever 0 - {
    "read_file": {
        "file_path": "D:/my_file/MyFile/YunSi/Project/Games/Cocos/CocosCyberpunk_all/CocosCyberpunk/assets/resources/action/action-enemy_0.json"
    }
}
2024-11-28 21:25:13,782 - INFO Retriever 0 - dict_keys(['read_file'])
2024-11-28 21:25:13,783 - INFO Retriever 0 - Agent主脑给出的行动：read_file
参数：{'file_path': 'D:/my_file/MyFile/YunSi/Project/Games/Cocos/CocosCyberpunk_all/CocosCyberpunk/assets/resources/action/action-enemy_0.json', 'top_path': 'D:/my_file/MyFile/YunSi/Project/Games/Cocos/CocosCyberpunk_all/CocosCyberpunk\\Assets', 'return_file_sum': <bound method TreeGenerationAction.return_file_sum of <Action.tree_gen_action.TreeGenerationAction object at 0x000001E6919CBC70>>}
2024-11-28 21:25:13,783 - INFO Retriever 0 - Observer: 这是一个名为“D:/my_file/MyFile/YunSi/Project/Games/Cocos/CocosCyberpunk_all/CocosCyberpunk/assets/resources/action/action-enemy_0.json”的文件，该文件里的内容为：
{
    "play":{
        "start":[
            { "time": 1.5, "name": "on_call", "data": "onUpdate"}
        ]
    },
    "jump_from_jog": {
        "start": [
            { "time": 0, "name": "on_set", "data": { "key":"is_jump", "value":true } },
            { "time": 0, "name": "on_anig", "data": { "key": "trigger_jump", "value":true } },
            { "time": 0, "name": "on_anig", "data": { "key": "bool_jump", "value":true } },
            { "time": 0.07, "name": "on_call", "data": "jump" },
            { "time": 0.09, "name": "on_set", "data": { "key": "jumping", "value":true} }
        ]
    },
    "jump_from_stand": {
        "start": [
            { "time": 0, "name": "on_set", "data": { "key":"is_jump", "value":true } },
            { "time": 0, "name": "on_anig", "data": { "key": "trigger_jump", "value":true } },
            { "time": 0, "name": "on_anig", "data": { "key": "bool_jump", "value":true } },
            { "time": 0.27, "name": "on_call", "data": "jump" },
            { "time": 0.3, "name": "on_set", "data": { "key": "jumping", "value":true} }
        ]
    },
    "jump_to_ground": {
        "start":[
            { "time": 0, "name": "on_anig", "data": { "key": "bool_jump", "value":false } },
            { "time": 0, "name": "on_set", "data": { "key": "jumping", "value":false} },
            { "time": 0, "name": "on_set", "data": { "key":"is_jump", "value":false } },
            { "time": 0.3, "name": "on_sfx", "data": "sfx_hit_ground" }
        ]
    },
    "move_to_sky": {
        "start":[
            { "time": 0, "name": "on_anig", "data": { "key": "trigger_move_to_sky", "value":true } } 
        ] 
    },
    "on_ground":{
        "start":[
            { "time": 0, "name": "on_set", "data": { "key":"is_ground", "value":true } },
            { "time": 0, "name": "on_anig", "data": { "key":"bool_ground", "value":true } }
        ]
    },
    "off_ground":{
        "start":[
            { "time": 0, "name": "on_set", "data": { "key":"is_ground", "value":false } },
            { "time": 0, "name": "on_anig", "data": { "key":"is_ground", "value":false } }
        ]
    },
    "dead": {
        "start": [
            { "time": 0, "name": "on_set", "data": { "key":"hit_recover", "value": 1} },
            { "time": 0, "name": "on_anig", "data": { "key":"trigger_dead", "value":true } },
            { "time": 0, "name": "on_sfx", "data":"sfx_enemy_dead" },
            { "time": 0, "name": "on_set", "data": { "key":"is_dead", "value":true } },
            { "time": 0.3, "name": "on_sfx", "data":"sfx_dead" },
            { "time": 0.5, "name": "on_call", "data": "onDead" }
        ] 
    },
    "hit_gun": {
        "start":[
            { "time": 0, "name": "on_anig", "data": { "key":"trigger_hit", "value":true } },
            { "time": 0, "name": "on_set", "data": { "key":"hit_recover", "value": 0.2} }
        ]
    },
    "on_aim": {
        "start": [
            {"time": 0, "name": "on_anig", "data":{ "key":"bool_iron_sights", "value":true } }
        ]
    },
    "off_aim": {
        "start": [
            {"time": 0, "name": "on_anig", "data":{ "key":"bool_iron_sights", "value":false } }
        ]
    },
    "rebirth":{
        "start":[
            {"time":0, "name": "on_msg", "data": "rebirth" }
        ]
    },
    "pickup": {
        "start":[
            { "time": 0, "delay":0.2, "name": "on_msg", "data": "pick_candy"},
            { "time": 0, "delay":0.5, "name": "on_msg", "data": "msg_count_events"}
        ]
    },
    "drop": {
        "start":[
            { "time": 0, "name": "on_sfx", "data": "sfx_eat_candy" },
            { "time": 0, "delay":0.2, "name": "on_msg", "data": "pick_candy"},
            { "time": 0, "delay":0.5, "name": "on_msg", "data": "msg_count_events"}
        ] 
    } 
}
2024-11-28 21:25:13,785 - INFO Retriever 0 - 

————————————————————————————————————————————————————————————————
2024-11-28 21:25:13,785 - INFO Retriever 0 - 当前窗口总长度：11
2024-11-28 21:25:13,785 - INFO Retriever 0 - 当前更新窗口长度：2
2024-11-28 21:25:13,785 - INFO Retriever 0 - 当前更新窗口长度：2
2024-11-28 21:25:13,786 - INFO Retriever 0 - ————————————————————————————————————————————————————————————————


2024-11-28 21:25:18,678 - INFO Retriever 0 - Agent主脑给出的回答为：{
    "read_file": {
        "file_path": "D:/my_file/MyFile/YunSi/Project/Games/Cocos/CocosCyberpunk_all/CocosCyberpunk/assets/resources/action/action-enemy_1.json"
    }
}
2024-11-28 21:25:18,679 - INFO Retriever 0 - 是否成功解析：True
2024-11-28 21:25:18,679 - INFO Retriever 0 - operation_type (__det_dir_action):
2024-11-28 21:25:18,679 - INFO Retriever 0 - read_file
2024-11-28 21:25:18,679 - INFO Retriever 0 - 

——————————————————————————————————————————————————————————————————————————————————————————————————————————————————————————
2024-11-28 21:25:18,679 - INFO Retriever 0 - Assistant:
2024-11-28 21:25:18,679 - INFO Retriever 0 - {
    "read_file": {
        "file_path": "D:/my_file/MyFile/YunSi/Project/Games/Cocos/CocosCyberpunk_all/CocosCyberpunk/assets/resources/action/action-enemy_1.json"
    }
}
2024-11-28 21:25:18,680 - INFO Retriever 0 - dict_keys(['read_file'])
2024-11-28 21:25:18,680 - INFO Retriever 0 - Agent主脑给出的行动：read_file
参数：{'file_path': 'D:/my_file/MyFile/YunSi/Project/Games/Cocos/CocosCyberpunk_all/CocosCyberpunk/assets/resources/action/action-enemy_1.json', 'top_path': 'D:/my_file/MyFile/YunSi/Project/Games/Cocos/CocosCyberpunk_all/CocosCyberpunk\\Assets', 'return_file_sum': <bound method TreeGenerationAction.return_file_sum of <Action.tree_gen_action.TreeGenerationAction object at 0x000001E6919CBC70>>}
2024-11-28 21:25:18,681 - INFO Retriever 0 - Observer: 这是一个名为“D:/my_file/MyFile/YunSi/Project/Games/Cocos/CocosCyberpunk_all/CocosCyberpunk/assets/resources/action/action-enemy_1.json”的文件，该文件里的内容为：
{
    "play":{
        "start":[
            { "time": 1.5, "name": "on_call", "data": "onUpdate"}
        ]
    },
    "jump_from_jog": {
        "start": [
            { "time": 0, "name": "on_set", "data": { "key":"is_jump", "value":true } },
            { "time": 0, "name": "on_anig", "data": { "key": "trigger_jump", "value":true } },
            { "time": 0, "name": "on_anig", "data": { "key": "bool_jump", "value":true } },
            { "time": 0.07, "name": "on_call", "data": "jump" },
            { "time": 0.09, "name": "on_set", "data": { "key": "jumping", "value":true} }
        ]
    },
    "jump_from_stand": {
        "start": [
            { "time": 0, "name": "on_set", "data": { "key":"is_jump", "value":true } },
            { "time": 0, "name": "on_anig", "data": { "key": "trigger_jump", "value":true } },
            { "time": 0, "name": "on_anig", "data": { "key": "bool_jump", "value":true } },
            { "time": 0.27, "name": "on_call", "data": "jump" },
            { "time": 0.3, "name": "on_set", "data": { "key": "jumping", "value":true} }
        ]
    },
    "jump_to_ground": {
        "start":[
            { "time": 0, "name": "on_anig", "data": { "key": "bool_jump", "value":false } },
            { "time": 0, "name": "on_set", "data": { "key": "jumping", "value":false} },
            { "time": 0, "name": "on_set", "data": { "key":"is_jump", "value":false } },
            { "time": 0.3, "name": "on_sfx", "data": "sfx_hit_ground" }
        ]
    },
    "move_to_sky": {
        "start":[
            { "time": 0, "name": "on_anig", "data": { "key": "trigger_move_to_sky", "value":true } } 
        ] 
    },
    "on_ground":{
        "start":[
            { "time": 0, "name": "on_set", "data": { "key":"is_ground", "value":true } },
            { "time": 0, "name": "on_anig", "data": { "key":"bool_ground", "value":true } }
        ]
    },
    "off_ground":{
        "start":[
            { "time": 0, "name": "on_set", "data": { "key":"is_ground", "value":false } },
            { "time": 0, "name": "on_anig", "data": { "key":"is_ground", "value":false } }
        ]
    },
    "dead": {
        "start": [
            { "time": 0, "name": "on_set", "data": { "key":"hit_recover", "value": 1} },
            { "time": 0, "name": "on_anig", "data": { "key":"trigger_dead", "value":true } },
            { "time": 0, "name": "on_sfx", "data":"sfx_enemy_dead" },
            { "time": 0, "name": "on_set", "data": { "key":"is_dead", "value":true } },
            { "time": 0.3, "name": "on_sfx", "data":"sfx_dead" },
            { "time": 0.5, "name": "on_call", "data": "onDead" }
        ] 
    },
    "hit_gun": {
        "start":[
            { "time": 0, "name": "on_anig", "data": { "key":"trigger_hit", "value":true } },
            { "time": 0, "name": "on_set", "data": { "key":"hit_recover", "value": 0.2} }
        ]
    },
    "on_aim": {
        "start": [
            {"time": 0, "name": "on_anig", "data":{ "key":"bool_iron_sights", "value":true } }
        ]
    },
    "off_aim": {
        "start": [
            {"time": 0, "name": "on_anig", "data":{ "key":"bool_iron_sights", "value":false } }
        ]
    },
    "rebirth":{
        "start":[
            {"time":0, "name": "on_msg", "data": "rebirth" }
        ]
    },
    "pickup": {
        "start":[
            { "time": 0, "delay":0.2, "name": "on_msg", "data": "pick_candy"},
            { "time": 0, "delay":0.5, "name": "on_msg", "data": "msg_count_events"}
        ]
    },
    "drop": {
        "start":[
            { "time": 0, "name": "on_sfx", "data": "sfx_eat_candy" },
            { "time": 0, "delay":0.2, "name": "on_msg", "data": "pick_candy"},
            { "time": 0, "delay":0.5, "name": "on_msg", "data": "msg_count_events"}
        ] 
    } 
}
2024-11-28 21:25:18,683 - INFO Retriever 0 - 

————————————————————————————————————————————————————————————————
2024-11-28 21:25:18,683 - INFO Retriever 0 - 当前窗口总长度：13
2024-11-28 21:25:18,683 - INFO Retriever 0 - 当前更新窗口长度：4
2024-11-28 21:25:18,684 - INFO Retriever 0 - 当前更新窗口长度：4
2024-11-28 21:25:18,684 - INFO Retriever 0 - ————————————————————————————————————————————————————————————————


2024-11-28 21:25:24,050 - INFO Retriever 0 - Agent主脑给出的回答为：{
    "read_file": {
        "file_path": "D:/my_file/MyFile/YunSi/Project/Games/Cocos/CocosCyberpunk_all/CocosCyberpunk/assets/resources/action/action-enemy_2.json"
    }
}
2024-11-28 21:25:24,050 - INFO Retriever 0 - 是否成功解析：True
2024-11-28 21:25:24,050 - INFO Retriever 0 - operation_type (__det_dir_action):
2024-11-28 21:25:24,050 - INFO Retriever 0 - read_file
2024-11-28 21:25:24,050 - INFO Retriever 0 - 

——————————————————————————————————————————————————————————————————————————————————————————————————————————————————————————
2024-11-28 21:25:24,051 - INFO Retriever 0 - Assistant:
2024-11-28 21:25:24,051 - INFO Retriever 0 - {
    "read_file": {
        "file_path": "D:/my_file/MyFile/YunSi/Project/Games/Cocos/CocosCyberpunk_all/CocosCyberpunk/assets/resources/action/action-enemy_2.json"
    }
}
2024-11-28 21:25:24,051 - INFO Retriever 0 - dict_keys(['read_file'])
2024-11-28 21:25:24,051 - INFO Retriever 0 - Agent主脑给出的行动：read_file
参数：{'file_path': 'D:/my_file/MyFile/YunSi/Project/Games/Cocos/CocosCyberpunk_all/CocosCyberpunk/assets/resources/action/action-enemy_2.json', 'top_path': 'D:/my_file/MyFile/YunSi/Project/Games/Cocos/CocosCyberpunk_all/CocosCyberpunk\\Assets', 'return_file_sum': <bound method TreeGenerationAction.return_file_sum of <Action.tree_gen_action.TreeGenerationAction object at 0x000001E6919CBC70>>}
2024-11-28 21:25:24,052 - INFO Retriever 0 - Observer: 这是一个名为“D:/my_file/MyFile/YunSi/Project/Games/Cocos/CocosCyberpunk_all/CocosCyberpunk/assets/resources/action/action-enemy_2.json”的文件，该文件里的内容为：
{
    "play":{
        "start":[
            { "time": 1.5, "name": "on_call", "data": "onUpdate"}
        ]
    },
    "jump_from_jog": {
        "start": [
            { "time": 0, "name": "on_set", "data": { "key":"is_jump", "value":true } },
            { "time": 0, "name": "on_anig", "data": { "key": "trigger_jump", "value":true } },
            { "time": 0, "name": "on_anig", "data": { "key": "bool_jump", "value":true } },
            { "time": 0.07, "name": "on_call", "data": "jump" },
            { "time": 0.09, "name": "on_set", "data": { "key": "jumping", "value":true} }
        ]
    },
    "jump_from_stand": {
        "start": [
            { "time": 0, "name": "on_set", "data": { "key":"is_jump", "value":true } },
            { "time": 0, "name": "on_anig", "data": { "key": "trigger_jump", "value":true } },
            { "time": 0, "name": "on_anig", "data": { "key": "bool_jump", "value":true } },
            { "time": 0.27, "name": "on_call", "data": "jump" },
            { "time": 0.3, "name": "on_set", "data": { "key": "jumping", "value":true} }
        ]
    },
    "jump_to_ground": {
        "start":[
            { "time": 0, "name": "on_anig", "data": { "key": "bool_jump", "value":false } },
            { "time": 0, "name": "on_set", "data": { "key": "jumping", "value":false} },
            { "time": 0, "name": "on_set", "data": { "key":"is_jump", "value":false } },
            { "time": 0.3, "name": "on_sfx", "data": "sfx_hit_ground" }
        ]
    },
    "move_to_sky": {
        "start":[
            { "time": 0, "name": "on_anig", "data": { "key": "trigger_move_to_sky", "value":true } } 
        ] 
    },
    "on_ground":{
        "start":[
            { "time": 0, "name": "on_set", "data": { "key":"is_ground", "value":true } },
            { "time": 0, "name": "on_anig", "data": { "key":"bool_ground", "value":true } }
        ]
    },
    "off_ground":{
        "start":[
            { "time": 0, "name": "on_set", "data": { "key":"is_ground", "value":false } },
            { "time": 0, "name": "on_anig", "data": { "key":"is_ground", "value":false } }
        ]
    },
    "dead": {
        "start": [
            { "time": 0, "name": "on_set", "data": { "key":"hit_recover", "value": 1} },
            { "time": 0, "name": "on_anig", "data": { "key":"trigger_dead", "value":true } },
            { "time": 0, "name": "on_sfx", "data":"sfx_enemy_dead" },
            { "time": 0, "name": "on_set", "data": { "key":"is_dead", "value":true } },
            { "time": 0.3, "name": "on_sfx", "data":"sfx_dead" },
            { "time": 0.5, "name": "on_call", "data": "onDead" }
        ] 
    },
    "hit_gun": {
        "start":[
            { "time": 0, "name": "on_anig", "data": { "key":"trigger_hit", "value":true } },
            { "time": 0, "name": "on_set", "data": { "key":"hit_recover", "value": 0.2} }
        ]
    },
    "on_aim": {
        "start": [
            {"time": 0, "name": "on_anig", "data":{ "key":"bool_iron_sights", "value":true } }
        ]
    },
    "off_aim": {
        "start": [
            {"time": 0, "name": "on_anig", "data":{ "key":"bool_iron_sights", "value":false } }
        ]
    },
    "rebirth":{
        "start":[
            {"time":0, "name": "on_msg", "data": "rebirth" }
        ]
    },
    "pickup": {
        "start":[
            { "time": 0, "delay":0.2, "name": "on_msg", "data": "pick_candy"},
            { "time": 0, "delay":0.5, "name": "on_msg", "data": "msg_count_events"}
        ]
    },
    "drop": {
        "start":[
            { "time": 0, "name": "on_sfx", "data": "sfx_eat_candy" },
            { "time": 0, "delay":0.2, "name": "on_msg", "data": "pick_candy"},
            { "time": 0, "delay":0.5, "name": "on_msg", "data": "msg_count_events"}
        ] 
    } 
}
2024-11-28 21:25:24,053 - INFO Retriever 0 - 

————————————————————————————————————————————————————————————————
2024-11-28 21:25:24,055 - INFO Retriever 0 - 当前窗口总长度：15
2024-11-28 21:25:24,055 - INFO Retriever 0 - 当前更新窗口长度：6
2024-11-28 21:25:24,055 - INFO Retriever 0 - 当前更新窗口长度：6
2024-11-28 21:25:24,055 - INFO Retriever 0 - ————————————————————————————————————————————————————————————————


2024-11-28 21:25:30,615 - INFO Retriever 0 - Agent主脑给出的回答为：{
    "deep_think": {
        "thoughts": "根据文件内容概述，文件一和文件二似乎与敌人刷新机制相关。文件一详细记录了游戏敌人从启动到死亡的各种行为和事件触发机制，包括跳跃、落地、移动、被击中等状态转换，这可能涉及到敌人刷新的触发条件。文件二定义了游戏敌人从活动开始到死亡的一系列行为和事件，记录了不同状态下的动作触发时机，包括动画、声音效果和数据设置，这可能涉及到敌人刷新的配置信息。接下来，我将使用read_file操作，读取文件一和文件二的内容，以便进一步分析敌人刷新的机制。"
    }
}
2024-11-28 21:25:30,616 - INFO Retriever 0 - 是否成功解析：True
2024-11-28 21:25:30,616 - INFO Retriever 0 - operation_type (__det_dir_action):
2024-11-28 21:25:30,616 - INFO Retriever 0 - deep_think
2024-11-28 21:25:30,617 - INFO Retriever 0 - 

——————————————————————————————————————————————————————————————————————————————————————————————————————————————————————————
2024-11-28 21:25:30,617 - INFO Retriever 0 - Assistant:
2024-11-28 21:25:30,617 - INFO Retriever 0 - {
    "deep_think": {
        "thoughts": "根据文件内容概述，文件一和文件二似乎与敌人刷新机制相关。文件一详细记录了游戏敌人从启动到死亡的各种行为和事件触发机制，包括跳跃、落地、移动、被击中等状态转换，这可能涉及到敌人刷新的触发条件。文件二定义了游戏敌人从活动开始到死亡的一系列行为和事件，记录了不同状态下的动作触发时机，包括动画、声音效果和数据设置，这可能涉及到敌人刷新的配置信息。接下来，我将使用read_file操作，读取文件一和文件二的内容，以便进一步分析敌人刷新的机制。"
    }
}
2024-11-28 21:25:30,617 - INFO Retriever 0 - dict_keys(['deep_think'])
2024-11-28 21:25:30,617 - INFO Retriever 0 - Agent主脑给出的行动：deep_think
参数：{'thoughts': '根据文件内容概述，文件一和文件二似乎与敌人刷新机制相关。文件一详细记录了游戏敌人从启动到死亡的各种行为和事件触发机制，包括跳跃、落地、移动、被击中等状态转换，这可能涉及到敌人刷新的触发条件。文件二定义了游戏敌人从活动开始到死亡的一系列行为和事件，记录了不同状态下的动作触发时机，包括动画、声音效果和数据设置，这可能涉及到敌人刷新的配置信息。接下来，我将使用read_file操作，读取文件一和文件二的内容，以便进一步分析敌人刷新的机制。', 'repeat_counter': 1, 'continue_think_counter': 1}
2024-11-28 21:25:30,618 - INFO Retriever 0 - Observer: 好的，请继续你的下一步行动或思考。
2024-11-28 21:25:30,620 - INFO Retriever 0 - 

————————————————————————————————————————————————————————————————
2024-11-28 21:25:30,620 - INFO Retriever 0 - 当前窗口总长度：17
2024-11-28 21:25:30,620 - INFO Retriever 0 - 当前更新窗口长度：8
2024-11-28 21:25:30,620 - INFO Retriever 0 - 当前更新窗口长度：8
2024-11-28 21:25:30,620 - INFO Retriever 0 - ————————————————————————————————————————————————————————————————


2024-11-28 21:25:34,176 - INFO Retriever 0 - Agent主脑给出的回答为：{
    "read_file": {
        "file_path": "D:/my_file/MyFile/YunSi/Project/Games/Cocos/CocosCyberpunk_all/CocosCyberpunk/assets/resources/action/action-enemy_0.json"
    }
}
2024-11-28 21:25:34,176 - INFO Retriever 0 - 是否成功解析：True
2024-11-28 21:25:34,176 - INFO Retriever 0 - operation_type (__det_dir_action):
2024-11-28 21:25:34,176 - INFO Retriever 0 - read_file
2024-11-28 21:25:34,176 - INFO Retriever 0 - 

——————————————————————————————————————————————————————————————————————————————————————————————————————————————————————————
2024-11-28 21:25:34,176 - INFO Retriever 0 - Assistant:
2024-11-28 21:25:34,177 - INFO Retriever 0 - {
    "read_file": {
        "file_path": "D:/my_file/MyFile/YunSi/Project/Games/Cocos/CocosCyberpunk_all/CocosCyberpunk/assets/resources/action/action-enemy_0.json"
    }
}
2024-11-28 21:25:34,177 - INFO Retriever 0 - dict_keys(['read_file'])
2024-11-28 21:25:34,178 - INFO Retriever 0 - Agent主脑给出的行动：read_file
参数：{'file_path': 'D:/my_file/MyFile/YunSi/Project/Games/Cocos/CocosCyberpunk_all/CocosCyberpunk/assets/resources/action/action-enemy_0.json', 'top_path': 'D:/my_file/MyFile/YunSi/Project/Games/Cocos/CocosCyberpunk_all/CocosCyberpunk\\Assets', 'return_file_sum': <bound method TreeGenerationAction.return_file_sum of <Action.tree_gen_action.TreeGenerationAction object at 0x000001E6919CBC70>>}
2024-11-28 21:25:34,179 - INFO Retriever 0 - Observer: 这是一个名为“D:/my_file/MyFile/YunSi/Project/Games/Cocos/CocosCyberpunk_all/CocosCyberpunk/assets/resources/action/action-enemy_0.json”的文件，该文件里的内容为：
{
    "play":{
        "start":[
            { "time": 1.5, "name": "on_call", "data": "onUpdate"}
        ]
    },
    "jump_from_jog": {
        "start": [
            { "time": 0, "name": "on_set", "data": { "key":"is_jump", "value":true } },
            { "time": 0, "name": "on_anig", "data": { "key": "trigger_jump", "value":true } },
            { "time": 0, "name": "on_anig", "data": { "key": "bool_jump", "value":true } },
            { "time": 0.07, "name": "on_call", "data": "jump" },
            { "time": 0.09, "name": "on_set", "data": { "key": "jumping", "value":true} }
        ]
    },
    "jump_from_stand": {
        "start": [
            { "time": 0, "name": "on_set", "data": { "key":"is_jump", "value":true } },
            { "time": 0, "name": "on_anig", "data": { "key": "trigger_jump", "value":true } },
            { "time": 0, "name": "on_anig", "data": { "key": "bool_jump", "value":true } },
            { "time": 0.27, "name": "on_call", "data": "jump" },
            { "time": 0.3, "name": "on_set", "data": { "key": "jumping", "value":true} }
        ]
    },
    "jump_to_ground": {
        "start":[
            { "time": 0, "name": "on_anig", "data": { "key": "bool_jump", "value":false } },
            { "time": 0, "name": "on_set", "data": { "key": "jumping", "value":false} },
            { "time": 0, "name": "on_set", "data": { "key":"is_jump", "value":false } },
            { "time": 0.3, "name": "on_sfx", "data": "sfx_hit_ground" }
        ]
    },
    "move_to_sky": {
        "start":[
            { "time": 0, "name": "on_anig", "data": { "key": "trigger_move_to_sky", "value":true } } 
        ] 
    },
    "on_ground":{
        "start":[
            { "time": 0, "name": "on_set", "data": { "key":"is_ground", "value":true } },
            { "time": 0, "name": "on_anig", "data": { "key":"bool_ground", "value":true } }
        ]
    },
    "off_ground":{
        "start":[
            { "time": 0, "name": "on_set", "data": { "key":"is_ground", "value":false } },
            { "time": 0, "name": "on_anig", "data": { "key":"is_ground", "value":false } }
        ]
    },
    "dead": {
        "start": [
            { "time": 0, "name": "on_set", "data": { "key":"hit_recover", "value": 1} },
            { "time": 0, "name": "on_anig", "data": { "key":"trigger_dead", "value":true } },
            { "time": 0, "name": "on_sfx", "data":"sfx_enemy_dead" },
            { "time": 0, "name": "on_set", "data": { "key":"is_dead", "value":true } },
            { "time": 0.3, "name": "on_sfx", "data":"sfx_dead" },
            { "time": 0.5, "name": "on_call", "data": "onDead" }
        ] 
    },
    "hit_gun": {
        "start":[
            { "time": 0, "name": "on_anig", "data": { "key":"trigger_hit", "value":true } },
            { "time": 0, "name": "on_set", "data": { "key":"hit_recover", "value": 0.2} }
        ]
    },
    "on_aim": {
        "start": [
            {"time": 0, "name": "on_anig", "data":{ "key":"bool_iron_sights", "value":true } }
        ]
    },
    "off_aim": {
        "start": [
            {"time": 0, "name": "on_anig", "data":{ "key":"bool_iron_sights", "value":false } }
        ]
    },
    "rebirth":{
        "start":[
            {"time":0, "name": "on_msg", "data": "rebirth" }
        ]
    },
    "pickup": {
        "start":[
            { "time": 0, "delay":0.2, "name": "on_msg", "data": "pick_candy"},
            { "time": 0, "delay":0.5, "name": "on_msg", "data": "msg_count_events"}
        ]
    },
    "drop": {
        "start":[
            { "time": 0, "name": "on_sfx", "data": "sfx_eat_candy" },
            { "time": 0, "delay":0.2, "name": "on_msg", "data": "pick_candy"},
            { "time": 0, "delay":0.5, "name": "on_msg", "data": "msg_count_events"}
        ] 
    } 
}
2024-11-28 21:25:34,180 - INFO Retriever 0 - 

————————————————————————————————————————————————————————————————
2024-11-28 21:25:34,180 - INFO Retriever 0 - 当前窗口总长度：19
2024-11-28 21:25:34,180 - INFO Retriever 0 - 当前更新窗口长度：10
2024-11-28 21:25:34,180 - INFO Retriever 0 - 当前更新窗口长度：10
2024-11-28 21:25:34,181 - INFO Retriever 0 - ————————————————————————————————————————————————————————————————


2024-11-28 21:25:38,276 - INFO Retriever 0 - Agent主脑给出的回答为：{
    "read_file": {
        "file_path": "D:/my_file/MyFile/YunSi/Project/Games/Cocos/CocosCyberpunk_all/CocosCyberpunk/assets/resources/action/action-enemy_1.json"
    }
}
2024-11-28 21:25:38,276 - INFO Retriever 0 - 是否成功解析：True
2024-11-28 21:25:38,276 - INFO Retriever 0 - operation_type (__det_dir_action):
2024-11-28 21:25:38,276 - INFO Retriever 0 - read_file
2024-11-28 21:25:38,276 - INFO Retriever 0 - 

——————————————————————————————————————————————————————————————————————————————————————————————————————————————————————————
2024-11-28 21:25:38,278 - INFO Retriever 0 - Assistant:
2024-11-28 21:25:38,278 - INFO Retriever 0 - {
    "read_file": {
        "file_path": "D:/my_file/MyFile/YunSi/Project/Games/Cocos/CocosCyberpunk_all/CocosCyberpunk/assets/resources/action/action-enemy_1.json"
    }
}
2024-11-28 21:25:38,278 - INFO Retriever 0 - dict_keys(['read_file'])
2024-11-28 21:25:38,278 - INFO Retriever 0 - Agent主脑给出的行动：read_file
参数：{'file_path': 'D:/my_file/MyFile/YunSi/Project/Games/Cocos/CocosCyberpunk_all/CocosCyberpunk/assets/resources/action/action-enemy_1.json', 'top_path': 'D:/my_file/MyFile/YunSi/Project/Games/Cocos/CocosCyberpunk_all/CocosCyberpunk\\Assets', 'return_file_sum': <bound method TreeGenerationAction.return_file_sum of <Action.tree_gen_action.TreeGenerationAction object at 0x000001E6919CBC70>>}
2024-11-28 21:25:38,279 - INFO Retriever 0 - Observer: 这是一个名为“D:/my_file/MyFile/YunSi/Project/Games/Cocos/CocosCyberpunk_all/CocosCyberpunk/assets/resources/action/action-enemy_1.json”的文件，该文件里的内容为：
{
    "play":{
        "start":[
            { "time": 1.5, "name": "on_call", "data": "onUpdate"}
        ]
    },
    "jump_from_jog": {
        "start": [
            { "time": 0, "name": "on_set", "data": { "key":"is_jump", "value":true } },
            { "time": 0, "name": "on_anig", "data": { "key": "trigger_jump", "value":true } },
            { "time": 0, "name": "on_anig", "data": { "key": "bool_jump", "value":true } },
            { "time": 0.07, "name": "on_call", "data": "jump" },
            { "time": 0.09, "name": "on_set", "data": { "key": "jumping", "value":true} }
        ]
    },
    "jump_from_stand": {
        "start": [
            { "time": 0, "name": "on_set", "data": { "key":"is_jump", "value":true } },
            { "time": 0, "name": "on_anig", "data": { "key": "trigger_jump", "value":true } },
            { "time": 0, "name": "on_anig", "data": { "key": "bool_jump", "value":true } },
            { "time": 0.27, "name": "on_call", "data": "jump" },
            { "time": 0.3, "name": "on_set", "data": { "key": "jumping", "value":true} }
        ]
    },
    "jump_to_ground": {
        "start":[
            { "time": 0, "name": "on_anig", "data": { "key": "bool_jump", "value":false } },
            { "time": 0, "name": "on_set", "data": { "key": "jumping", "value":false} },
            { "time": 0, "name": "on_set", "data": { "key":"is_jump", "value":false } },
            { "time": 0.3, "name": "on_sfx", "data": "sfx_hit_ground" }
        ]
    },
    "move_to_sky": {
        "start":[
            { "time": 0, "name": "on_anig", "data": { "key": "trigger_move_to_sky", "value":true } } 
        ] 
    },
    "on_ground":{
        "start":[
            { "time": 0, "name": "on_set", "data": { "key":"is_ground", "value":true } },
            { "time": 0, "name": "on_anig", "data": { "key":"bool_ground", "value":true } }
        ]
    },
    "off_ground":{
        "start":[
            { "time": 0, "name": "on_set", "data": { "key":"is_ground", "value":false } },
            { "time": 0, "name": "on_anig", "data": { "key":"is_ground", "value":false } }
        ]
    },
    "dead": {
        "start": [
            { "time": 0, "name": "on_set", "data": { "key":"hit_recover", "value": 1} },
            { "time": 0, "name": "on_anig", "data": { "key":"trigger_dead", "value":true } },
            { "time": 0, "name": "on_sfx", "data":"sfx_enemy_dead" },
            { "time": 0, "name": "on_set", "data": { "key":"is_dead", "value":true } },
            { "time": 0.3, "name": "on_sfx", "data":"sfx_dead" },
            { "time": 0.5, "name": "on_call", "data": "onDead" }
        ] 
    },
    "hit_gun": {
        "start":[
            { "time": 0, "name": "on_anig", "data": { "key":"trigger_hit", "value":true } },
            { "time": 0, "name": "on_set", "data": { "key":"hit_recover", "value": 0.2} }
        ]
    },
    "on_aim": {
        "start": [
            {"time": 0, "name": "on_anig", "data":{ "key":"bool_iron_sights", "value":true } }
        ]
    },
    "off_aim": {
        "start": [
            {"time": 0, "name": "on_anig", "data":{ "key":"bool_iron_sights", "value":false } }
        ]
    },
    "rebirth":{
        "start":[
            {"time":0, "name": "on_msg", "data": "rebirth" }
        ]
    },
    "pickup": {
        "start":[
            { "time": 0, "delay":0.2, "name": "on_msg", "data": "pick_candy"},
            { "time": 0, "delay":0.5, "name": "on_msg", "data": "msg_count_events"}
        ]
    },
    "drop": {
        "start":[
            { "time": 0, "name": "on_sfx", "data": "sfx_eat_candy" },
            { "time": 0, "delay":0.2, "name": "on_msg", "data": "pick_candy"},
            { "time": 0, "delay":0.5, "name": "on_msg", "data": "msg_count_events"}
        ] 
    } 
}
2024-11-28 21:25:38,281 - INFO Retriever 0 - 

————————————————————————————————————————————————————————————————
2024-11-28 21:25:38,281 - INFO Retriever 0 - 当前窗口总长度：21
2024-11-28 21:25:38,282 - INFO Retriever 0 - 当前更新窗口长度：12
2024-11-28 21:25:38,282 - INFO Retriever 0 - 当前更新窗口长度：12
2024-11-28 21:25:38,282 - INFO Retriever 0 - ————————————————————————————————————————————————————————————————


2024-11-28 21:25:40,328 - INFO Retriever 0 - Agent主脑给出的回答为：{
    "read_file": {
        "file_path": "D:/my_file/MyFile/YunSi/Project/Games/Cocos/CocosCyberpunk_all/CocosCyberpunk/assets/resources/action/action-enemy_2.json"
    }
}
2024-11-28 21:25:40,328 - INFO Retriever 0 - 是否成功解析：True
2024-11-28 21:25:40,328 - INFO Retriever 0 - operation_type (__det_dir_action):
2024-11-28 21:25:40,328 - INFO Retriever 0 - read_file
2024-11-28 21:25:40,328 - INFO Retriever 0 - 

——————————————————————————————————————————————————————————————————————————————————————————————————————————————————————————
2024-11-28 21:25:40,328 - INFO Retriever 0 - Assistant:
2024-11-28 21:25:40,330 - INFO Retriever 0 - {
    "read_file": {
        "file_path": "D:/my_file/MyFile/YunSi/Project/Games/Cocos/CocosCyberpunk_all/CocosCyberpunk/assets/resources/action/action-enemy_2.json"
    }
}
2024-11-28 21:25:40,330 - INFO Retriever 0 - dict_keys(['read_file'])
2024-11-28 21:25:40,330 - INFO Retriever 0 - Agent主脑给出的行动：read_file
参数：{'file_path': 'D:/my_file/MyFile/YunSi/Project/Games/Cocos/CocosCyberpunk_all/CocosCyberpunk/assets/resources/action/action-enemy_2.json', 'top_path': 'D:/my_file/MyFile/YunSi/Project/Games/Cocos/CocosCyberpunk_all/CocosCyberpunk\\Assets', 'return_file_sum': <bound method TreeGenerationAction.return_file_sum of <Action.tree_gen_action.TreeGenerationAction object at 0x000001E6919CBC70>>}
2024-11-28 21:25:40,331 - INFO Retriever 0 - Observer: 这是一个名为“D:/my_file/MyFile/YunSi/Project/Games/Cocos/CocosCyberpunk_all/CocosCyberpunk/assets/resources/action/action-enemy_2.json”的文件，该文件里的内容为：
{
    "play":{
        "start":[
            { "time": 1.5, "name": "on_call", "data": "onUpdate"}
        ]
    },
    "jump_from_jog": {
        "start": [
            { "time": 0, "name": "on_set", "data": { "key":"is_jump", "value":true } },
            { "time": 0, "name": "on_anig", "data": { "key": "trigger_jump", "value":true } },
            { "time": 0, "name": "on_anig", "data": { "key": "bool_jump", "value":true } },
            { "time": 0.07, "name": "on_call", "data": "jump" },
            { "time": 0.09, "name": "on_set", "data": { "key": "jumping", "value":true} }
        ]
    },
    "jump_from_stand": {
        "start": [
            { "time": 0, "name": "on_set", "data": { "key":"is_jump", "value":true } },
            { "time": 0, "name": "on_anig", "data": { "key": "trigger_jump", "value":true } },
            { "time": 0, "name": "on_anig", "data": { "key": "bool_jump", "value":true } },
            { "time": 0.27, "name": "on_call", "data": "jump" },
            { "time": 0.3, "name": "on_set", "data": { "key": "jumping", "value":true} }
        ]
    },
    "jump_to_ground": {
        "start":[
            { "time": 0, "name": "on_anig", "data": { "key": "bool_jump", "value":false } },
            { "time": 0, "name": "on_set", "data": { "key": "jumping", "value":false} },
            { "time": 0, "name": "on_set", "data": { "key":"is_jump", "value":false } },
            { "time": 0.3, "name": "on_sfx", "data": "sfx_hit_ground" }
        ]
    },
    "move_to_sky": {
        "start":[
            { "time": 0, "name": "on_anig", "data": { "key": "trigger_move_to_sky", "value":true } } 
        ] 
    },
    "on_ground":{
        "start":[
            { "time": 0, "name": "on_set", "data": { "key":"is_ground", "value":true } },
            { "time": 0, "name": "on_anig", "data": { "key":"bool_ground", "value":true } }
        ]
    },
    "off_ground":{
        "start":[
            { "time": 0, "name": "on_set", "data": { "key":"is_ground", "value":false } },
            { "time": 0, "name": "on_anig", "data": { "key":"is_ground", "value":false } }
        ]
    },
    "dead": {
        "start": [
            { "time": 0, "name": "on_set", "data": { "key":"hit_recover", "value": 1} },
            { "time": 0, "name": "on_anig", "data": { "key":"trigger_dead", "value":true } },
            { "time": 0, "name": "on_sfx", "data":"sfx_enemy_dead" },
            { "time": 0, "name": "on_set", "data": { "key":"is_dead", "value":true } },
            { "time": 0.3, "name": "on_sfx", "data":"sfx_dead" },
            { "time": 0.5, "name": "on_call", "data": "onDead" }
        ] 
    },
    "hit_gun": {
        "start":[
            { "time": 0, "name": "on_anig", "data": { "key":"trigger_hit", "value":true } },
            { "time": 0, "name": "on_set", "data": { "key":"hit_recover", "value": 0.2} }
        ]
    },
    "on_aim": {
        "start": [
            {"time": 0, "name": "on_anig", "data":{ "key":"bool_iron_sights", "value":true } }
        ]
    },
    "off_aim": {
        "start": [
            {"time": 0, "name": "on_anig", "data":{ "key":"bool_iron_sights", "value":false } }
        ]
    },
    "rebirth":{
        "start":[
            {"time":0, "name": "on_msg", "data": "rebirth" }
        ]
    },
    "pickup": {
        "start":[
            { "time": 0, "delay":0.2, "name": "on_msg", "data": "pick_candy"},
            { "time": 0, "delay":0.5, "name": "on_msg", "data": "msg_count_events"}
        ]
    },
    "drop": {
        "start":[
            { "time": 0, "name": "on_sfx", "data": "sfx_eat_candy" },
            { "time": 0, "delay":0.2, "name": "on_msg", "data": "pick_candy"},
            { "time": 0, "delay":0.5, "name": "on_msg", "data": "msg_count_events"}
        ] 
    } 
}
2024-11-28 21:25:40,332 - INFO Retriever 0 - 

————————————————————————————————————————————————————————————————
2024-11-28 21:25:40,332 - INFO Retriever 0 - 当前窗口总长度：23
2024-11-28 21:25:40,332 - INFO Retriever 0 - 当前更新窗口长度：14
2024-11-28 21:25:40,332 - INFO Retriever 0 - 当前更新窗口长度：14
2024-11-28 21:25:40,333 - INFO Retriever 0 - ————————————————————————————————————————————————————————————————


2024-11-28 21:25:42,063 - INFO Retriever 0 - Agent主脑给出的回答为：{
    "finish": "我已完成你所给出的任务需求，请你进行确认"
}
2024-11-28 21:25:42,063 - INFO Retriever 0 - 是否成功解析：True
2024-11-28 21:25:42,063 - INFO Retriever 0 - operation_type (__det_dir_action):
2024-11-28 21:25:42,064 - INFO Retriever 0 - finish
2024-11-28 21:25:42,064 - INFO Retriever 0 - 

——————————————————————————————————————————————————————————————————————————————————————————————————————————————————————————
2024-11-28 21:25:42,064 - INFO Retriever 0 - Assistant:
2024-11-28 21:25:42,064 - INFO Retriever 0 - {
    "finish": "我已完成你所给出的任务需求，请你进行确认"
}
2024-11-28 21:25:42,065 - INFO Retriever 0 - dict_keys(['finish'])
2024-11-28 21:25:42,065 - INFO Retriever 0 - ——————————————————————————————————— 任务结束 ———————————————————————————————————
2024-11-28 21:25:42,065 - INFO Retriever 0 - 

————————————————————————————————————————————————————————————————
2024-11-28 21:25:42,065 - INFO Retriever 0 - 当前窗口总长度：23
2024-11-28 21:25:42,065 - INFO Retriever 0 - 当前更新窗口长度：14
2024-11-28 21:25:42,066 - INFO Retriever 0 - 当前更新窗口长度：14
2024-11-28 21:25:42,066 - INFO Retriever 0 - ————————————————————————————————————————————————————————————————


2024-11-28 21:25:47,797 - INFO Retriever 0 - -------------------------Task Report-----------------------
2024-11-28 21:25:47,798 - INFO Retriever 0 - * 文件一：
    * 文件绝对路径：D:/my_file/MyFile/YunSi/Project/Games/Cocos/CocosCyberpunk_all/CocosCyberpunk/assets/resources/action/action-enemy_0.json
    * 文件内容概述：该文件详细记录了游戏敌人从启动到死亡的各种行为和事件触发机制，包括跳跃、落地、移动、被击中等状态转换。
    * 该文件与问题目标之间的关联性：文件内容概述了敌人的行为和事件触发机制，这可能与敌人刷新的机制有关，特别是关于敌人生成的位置、时间间隔和生成条件等信息。

* 文件二：
    * 文件绝对路径：D:/my_file/MyFile/YunSi/Project/Games/Cocos/CocosCyberpunk_all/CocosCyberpunk/assets/resources/action/action-enemy_1.json
    * 文件内容概述：该文件定义了游戏敌人从活动开始到死亡的一系列行为和事件触发，记录了敌人状态转换及其对应的时间点、动画、声音和变量设置。
    * 该文件与问题目标之间的关联性：文件内容概述了敌人的行为和事件触发，这可能与敌人刷新的机制有关，特别是关于敌人状态转换和事件触发的时间点，可能包含敌人刷新的配置信息。

* 文件三：
    * 文件绝对路径：D:/my_file/MyFile/YunSi/Project/Games/Cocos/CocosCyberpunk_all/CocosCyberpunk/assets/resources/action/action-enemy_2.json
    * 文件内容概述：该文件定义了游戏敌人从活动开始到死亡的一系列行为和事件，记录了不同状态下的动作触发时机，包括动画、声音效果和数据设置。
    * 该文件与问题目标之间的关联性：文件内容概述了敌人的行为和事件触发，这可能与敌人刷新的机制有关，特别是关于不同状态下的动作触发时机，可能包含敌人刷新的配置信息。
2024-11-28 21:25:47,798 - INFO Retriever 0 - 
Token Consuming:65133

2024-11-28 21:25:47,798 - INFO Retriever 0 - 
history rounds:12

