2024-11-28 21:15:30,859 - INFO Retriever 0 - Init Retriever.
2024-11-28 21:15:38,322 - INFO Retriever 0 - keywords:“['switch', '切换', 'change weapons', 'switch weapons', '功能', 'weapon', 'arms', 'change', '武器', '切换武器']”，“['switch', '切换', 'change weapons', 'role', 'switch weapons', 'armament', '功能', 'weapon', 'change', '武器', '切换武器']”，“['switch', '切换', 'change weapons', 'switch weapons', 'armament', '功能', 'feature', 'weapon', 'change', '武器', '切换武器']”
2024-11-28 21:15:38,366 - INFO Retriever 0 - deep_think_conent
:在获取了项目文件的顶层结构后，我还需要结合待查询的问题描述，对于项目中的文件和目录进行一些深度关键词检索。根据任务描述：“请在D:/my_file/MyFile/YunSi/Project/Games/Cocos/CocosCyberpunk_all/CocosCyberpunk\Assets下各级目录中寻找：项目中切换武器的功能是如何实现的？”，我总结出如下可能会出现在各个文件名或者文件内容中的关键词：“['switch', '切换', 'change weapons', 'switch weapons', '功能', 'weapon', 'arms', 'change', '武器', '切换武器']”，“['switch', '切换', 'change weapons', 'role', 'switch weapons', 'armament', '功能', 'weapon', 'change', '武器', '切换武器']”，“['switch', '切换', 'change weapons', 'switch weapons', 'armament', '功能', 'feature', 'weapon', 'change', '武器', '切换武器']”。
接下来，我将使用retrieve_keywords操作，在项目顶层路径“D:/my_file/MyFile/YunSi/Project/Games/Cocos/CocosCyberpunk_all/CocosCyberpunk\Assets”下检索这些关键词，从而大致把握可能与问题描述相关的文件或目录的路径。
2024-11-28 21:15:38,370 - INFO Retriever 0 - ——————————————————————————————————————————————————————————————————————————————————————————————————————————————————————————
2024-11-28 21:15:38,371 - INFO Retriever 0 - Assistant:
2024-11-28 21:15:38,371 - INFO Retriever 0 - {
    "deep_think": {
        "thoughts": "好的，接下来我将通过深度思考、仔细计划以及逐步执行的方式，来完成该任务。\n\n首先，在阅读详细的代码细节之前，应该先整体把握整个项目。\n\n在提供的可选的action中，可以通过get_folder_info操作，通过将项目顶层路径作为target_folder_path参数进行传入，来获取获取项目中主要文件夹和主要文件的描述，从而能够先大致把握项目文件的主要文件的文件树结构、基本内容、主要代码概述以及大致功能板块的分布。"
    }
}
2024-11-28 21:15:38,372 - INFO Retriever 0 - 
Observer:
2024-11-28 21:15:38,373 - INFO Retriever 0 - 好的，请继续你的下一步行动或思考。
2024-11-28 21:15:38,373 - INFO Retriever 0 - 
2024-11-28 21:15:38,699 - INFO Retriever 0 - ——————————————————————————————————————————————————————————————————————————————————————————————————————————————————————————
2024-11-28 21:15:38,702 - INFO Retriever 0 - Assistant:
2024-11-28 21:15:38,703 - INFO Retriever 0 - {
    "get_folder_info": {
        "target_folder_path": "D:/my_file/MyFile/YunSi/Project/Games/Cocos/CocosCyberpunk_all/CocosCyberpunk\\Assets"
    }
}
2024-11-28 21:15:38,727 - INFO Retriever 0 - 
Observer:
2024-11-28 21:15:38,855 - INFO Retriever 0 - 目标路径D:/my_file/MyFile/YunSi/Project/Games/Cocos/CocosCyberpunk_all/CocosCyberpunk\Assets不存在。

2024-11-28 21:15:38,856 - INFO Retriever 0 - 
2024-11-28 21:15:38,863 - INFO Retriever 0 - ——————————————————————————————————————————————————————————————————————————————————————————————————————————————————————————
2024-11-28 21:15:39,174 - INFO Retriever 0 - Assistant:
2024-11-28 21:15:39,175 - INFO Retriever 0 - {
    "deep_think": {
        "thoughts": "在获取了项目文件的顶层结构后，我还需要结合待查询的问题描述，对于项目中的文件和目录进行一些深度关键词检索。根据任务描述：“请在D:/my_file/MyFile/YunSi/Project/Games/Cocos/CocosCyberpunk_all/CocosCyberpunk\\Assets下各级目录中寻找：项目中切换武器的功能是如何实现的？”，我总结出如下可能会出现在各个文件名或者文件内容中的关键词：“['switch', '切换', 'change weapons', 'switch weapons', '功能', 'weapon', 'arms', 'change', '武器', '切换武器']”，“['switch', '切换', 'change weapons', 'role', 'switch weapons', 'armament', '功能', 'weapon', 'change', '武器', '切换武器']”，“['switch', '切换', 'change weapons', 'switch weapons', 'armament', '功能', 'feature', 'weapon', 'change', '武器', '切换武器']”。\n接下来，我将使用retrieve_keywords操作，在项目顶层路径“D:/my_file/MyFile/YunSi/Project/Games/Cocos/CocosCyberpunk_all/CocosCyberpunk\\Assets”下检索这些关键词，从而大致把握可能与问题描述相关的文件或目录的路径。"
    }
}
2024-11-28 21:15:39,175 - INFO Retriever 0 - 
Observer:
2024-11-28 21:15:39,177 - INFO Retriever 0 - 好的，请继续你的下一步行动或思考。
2024-11-28 21:15:39,178 - INFO Retriever 0 - 
2024-11-28 21:15:39,179 - INFO Retriever 0 - ——————————————————————————————————————————————————————————————————————————————————————————————————————————————————————————
2024-11-28 21:15:39,180 - INFO Retriever 0 - Assistant:
2024-11-28 21:15:39,181 - INFO Retriever 0 - {
    "retrieve_keywords": {
        "keyword_list": [
            [
                "switch",
                "切换",
                "change weapons",
                "switch weapons",
                "功能",
                "weapon",
                "arms",
                "change",
                "武器",
                "切换武器"
            ],
            [
                "switch",
                "切换",
                "change weapons",
                "role",
                "switch weapons",
                "armament",
                "功能",
                "weapon",
                "change",
                "武器",
                "切换武器"
            ],
            [
                "switch",
                "切换",
                "change weapons",
                "switch weapons",
                "armament",
                "功能",
                "feature",
                "weapon",
                "change",
                "武器",
                "切换武器"
            ]
        ]
    }
}
2024-11-28 21:15:39,183 - INFO Retriever 0 - 
Observer:
2024-11-28 21:15:39,183 - INFO Retriever 0 - 文件一：
* 文件绝对路径：D:/my_file/MyFile/YunSi/Project/Games/Cocos/CocosCyberpunk_all/CocosCyberpunk/assets/res/ui/ui_change_equips.prefab
* 文件内容概述：这是一个名为“ui_change_equips.prefab”的文件，是Cocos Creator中的一个预制件，可能与切换武器界面有关。
* 是否与问题相关：可能相关
* 具体分析：该预制件可能包含了实现武器切换功能的UI元素和逻辑。

文件二：
* 文件绝对路径：D:/my_file/MyFile/YunSi/Project/Games/Cocos/CocosCyberpunk_all/CocosCyberpunk/temp/programming/packer-driver/targets/editor/chunks/c5/c5d96c730550d11e4a5337f80c105c4d22bb1fd3.js
* 文件内容概述：这是一个TypeScript模块，包含了一个名为`SwitchLod`的LOD切换组件，用于控制3D模型的LOD级别。
* 是否与问题相关：不相关
* 具体分析：虽然该文件涉及到模型的切换，但它是关于LOD级别的切换，而不是武器切换功能。

文件三：
* 文件绝对路径：D:/my_file/MyFile/YunSi/Project/Games/Cocos/CocosCyberpunk_all/CocosCyberpunk/assets/res/ui/uijoystick/img_change_weapon_icon.png
* 文件内容概述：这是一个名为“img_change_weapon_icon.png”的图片文件，可能是武器切换图标的纹理。
* 是否与问题相关：可能相关
* 具体分析：该图标可能用于武器切换界面上，作为不同武器切换的标识。

文件四：
* 文件绝对路径：D:/my_file/MyFile/YunSi/Project/Games/Cocos/CocosCyberpunk_all/CocosCyberpunk/extensions/pipeline/pipeline/utils/switch-lod.ts
* 文件内容概述：这是一个自定义组件脚本，用于动态切换3D模型的LOD级别。
* 是否与问题相关：不相关
* 具体分析：与文件二类似，该文件也是关于LOD级别的切换，与武器切换功能无关。

综合以上分析，最可能与问题相关的文件是“ui_change_equips.prefab”和“img_change_weapon_icon.png”，它们可能分别包含了武器切换的界面逻辑和视觉元素。
2024-11-28 21:15:39,184 - INFO Retriever 0 - 
2024-11-28 21:15:43,563 - INFO Retriever 0 - Agent主脑给出的回答为：{
    "read_file": {
        "file_path": "D:/my_file/MyFile/YunSi/Project/Games/Cocos/CocosCyberpunk_all/CocosCyberpunk/assets/res/ui/ui_change_equips.prefab"
    }
}
2024-11-28 21:15:43,565 - INFO Retriever 0 - 是否成功解析：True
2024-11-28 21:15:43,565 - INFO Retriever 0 - operation_type (__det_dir_action):
2024-11-28 21:15:43,565 - INFO Retriever 0 - read_file
2024-11-28 21:15:43,565 - INFO Retriever 0 - 

——————————————————————————————————————————————————————————————————————————————————————————————————————————————————————————
2024-11-28 21:15:43,566 - INFO Retriever 0 - Assistant:
2024-11-28 21:15:43,566 - INFO Retriever 0 - {
    "read_file": {
        "file_path": "D:/my_file/MyFile/YunSi/Project/Games/Cocos/CocosCyberpunk_all/CocosCyberpunk/assets/res/ui/ui_change_equips.prefab"
    }
}
2024-11-28 21:15:43,566 - INFO Retriever 0 - dict_keys(['read_file'])
2024-11-28 21:15:43,566 - INFO Retriever 0 - Agent主脑给出的行动：read_file
参数：{'file_path': 'D:/my_file/MyFile/YunSi/Project/Games/Cocos/CocosCyberpunk_all/CocosCyberpunk/assets/res/ui/ui_change_equips.prefab', 'top_path': 'D:/my_file/MyFile/YunSi/Project/Games/Cocos/CocosCyberpunk_all/CocosCyberpunk\\Assets', 'return_file_sum': <bound method TreeGenerationAction.return_file_sum of <Action.tree_gen_action.TreeGenerationAction object at 0x0000022EDF78AD30>>}
2024-11-28 21:15:43,567 - INFO Retriever 0 - Observer: 路径 D:/my_file/MyFile/YunSi/Project/Games/Cocos/CocosCyberpunk_all/CocosCyberpunk/assets/res/ui/ui_change_equips.prefab 错误。
2024-11-28 21:15:43,568 - INFO Retriever 0 - 

————————————————————————————————————————————————————————————————
2024-11-28 21:15:43,568 - INFO Retriever 0 - 当前窗口总长度：11
2024-11-28 21:15:43,569 - INFO Retriever 0 - 当前更新窗口长度：2
2024-11-28 21:15:43,569 - INFO Retriever 0 - 当前更新窗口长度：2
2024-11-28 21:15:43,569 - INFO Retriever 0 - ————————————————————————————————————————————————————————————————


2024-11-28 21:15:47,798 - INFO Retriever 0 - Agent主脑给出的回答为：{
    "read_file": {
        "file_path": "D:/my_file/MyFile/YunSi/Project/Games/Cocos/CocosCyberpunk_all/CocosCyberpunk/assets/res/ui/ui_change_equips.prefab"
    }
}
2024-11-28 21:15:47,799 - INFO Retriever 0 - 是否成功解析：True
2024-11-28 21:15:47,799 - INFO Retriever 0 - operation_type (__det_dir_action):
2024-11-28 21:15:47,799 - INFO Retriever 0 - read_file
2024-11-28 21:15:47,799 - INFO Retriever 0 - 

——————————————————————————————————————————————————————————————————————————————————————————————————————————————————————————
2024-11-28 21:15:47,800 - INFO Retriever 0 - Assistant:
2024-11-28 21:15:47,800 - INFO Retriever 0 - {
    "read_file": {
        "file_path": "D:/my_file/MyFile/YunSi/Project/Games/Cocos/CocosCyberpunk_all/CocosCyberpunk/assets/res/ui/ui_change_equips.prefab"
    }
}
2024-11-28 21:15:47,800 - INFO Retriever 0 - dict_keys(['read_file'])
2024-11-28 21:15:47,800 - INFO Retriever 0 - Agent主脑给出的行动：read_file
参数：{'file_path': 'D:/my_file/MyFile/YunSi/Project/Games/Cocos/CocosCyberpunk_all/CocosCyberpunk/assets/res/ui/ui_change_equips.prefab', 'top_path': 'D:/my_file/MyFile/YunSi/Project/Games/Cocos/CocosCyberpunk_all/CocosCyberpunk\\Assets', 'return_file_sum': <bound method TreeGenerationAction.return_file_sum of <Action.tree_gen_action.TreeGenerationAction object at 0x0000022EDF78AD30>>}
2024-11-28 21:15:47,801 - INFO Retriever 0 - Observer: 路径 D:/my_file/MyFile/YunSi/Project/Games/Cocos/CocosCyberpunk_all/CocosCyberpunk/assets/res/ui/ui_change_equips.prefab 错误。
2024-11-28 21:15:47,802 - INFO Retriever 0 - 

————————————————————————————————————————————————————————————————
2024-11-28 21:15:47,803 - INFO Retriever 0 - 当前窗口总长度：13
2024-11-28 21:15:47,803 - INFO Retriever 0 - 当前更新窗口长度：4
2024-11-28 21:15:47,803 - INFO Retriever 0 - 当前更新窗口长度：4
2024-11-28 21:15:47,804 - INFO Retriever 0 - ————————————————————————————————————————————————————————————————


2024-11-28 21:15:53,463 - INFO Retriever 0 - Agent主脑给出的回答为：{
    "deep_think": {
        "thoughts": "似乎在尝试读取文件时出现了路径错误，可能是因为路径中存在特殊字符或者路径格式不正确。在Windows系统中，反斜杠‘\\’通常用于表示文件路径，但是在某些应用程序中，可能需要使用正斜杠‘/’或者双反斜杠‘\\\\’来代替。我将尝试使用正斜杠来修正路径，并再次尝试读取文件。"
    }
}
2024-11-28 21:15:53,463 - INFO Retriever 0 - 是否成功解析：True
2024-11-28 21:15:53,464 - INFO Retriever 0 - operation_type (__det_dir_action):
2024-11-28 21:15:53,464 - INFO Retriever 0 - deep_think
2024-11-28 21:15:53,464 - INFO Retriever 0 - 

——————————————————————————————————————————————————————————————————————————————————————————————————————————————————————————
2024-11-28 21:15:53,465 - INFO Retriever 0 - Assistant:
2024-11-28 21:15:53,465 - INFO Retriever 0 - {
    "deep_think": {
        "thoughts": "似乎在尝试读取文件时出现了路径错误，可能是因为路径中存在特殊字符或者路径格式不正确。在Windows系统中，反斜杠‘\\’通常用于表示文件路径，但是在某些应用程序中，可能需要使用正斜杠‘/’或者双反斜杠‘\\\\’来代替。我将尝试使用正斜杠来修正路径，并再次尝试读取文件。"
    }
}
2024-11-28 21:15:53,465 - INFO Retriever 0 - dict_keys(['deep_think'])
2024-11-28 21:15:53,467 - INFO Retriever 0 - Agent主脑给出的行动：deep_think
参数：{'thoughts': '似乎在尝试读取文件时出现了路径错误，可能是因为路径中存在特殊字符或者路径格式不正确。在Windows系统中，反斜杠‘\\’通常用于表示文件路径，但是在某些应用程序中，可能需要使用正斜杠‘/’或者双反斜杠‘\\\\’来代替。我将尝试使用正斜杠来修正路径，并再次尝试读取文件。', 'repeat_counter': 1, 'continue_think_counter': 1}
2024-11-28 21:15:53,468 - INFO Retriever 0 - Observer: 好的，请继续你的下一步行动或思考。
2024-11-28 21:15:53,469 - INFO Retriever 0 - 

————————————————————————————————————————————————————————————————
2024-11-28 21:15:53,469 - INFO Retriever 0 - 当前窗口总长度：15
2024-11-28 21:15:53,469 - INFO Retriever 0 - 当前更新窗口长度：6
2024-11-28 21:15:53,469 - INFO Retriever 0 - 当前更新窗口长度：6
2024-11-28 21:15:53,471 - INFO Retriever 0 - ————————————————————————————————————————————————————————————————


2024-11-28 21:15:56,656 - INFO Retriever 0 - Agent主脑给出的回答为：{
    "read_file": {
        "file_path": "D:/my_file/MyFile/YunSi/Project/Games/Cocos/CocosCyberpunk_all/CocosCyberpunk/assets/res/ui/ui_change_equips.prefab"
    }
}
2024-11-28 21:15:56,656 - INFO Retriever 0 - 是否成功解析：True
2024-11-28 21:15:56,656 - INFO Retriever 0 - operation_type (__det_dir_action):
2024-11-28 21:15:56,656 - INFO Retriever 0 - read_file
2024-11-28 21:15:56,656 - INFO Retriever 0 - 

——————————————————————————————————————————————————————————————————————————————————————————————————————————————————————————
2024-11-28 21:15:56,657 - INFO Retriever 0 - Assistant:
2024-11-28 21:15:56,657 - INFO Retriever 0 - {
    "read_file": {
        "file_path": "D:/my_file/MyFile/YunSi/Project/Games/Cocos/CocosCyberpunk_all/CocosCyberpunk/assets/res/ui/ui_change_equips.prefab"
    }
}
2024-11-28 21:15:56,657 - INFO Retriever 0 - dict_keys(['read_file'])
2024-11-28 21:15:56,657 - INFO Retriever 0 - Agent主脑给出的行动：read_file
参数：{'file_path': 'D:/my_file/MyFile/YunSi/Project/Games/Cocos/CocosCyberpunk_all/CocosCyberpunk/assets/res/ui/ui_change_equips.prefab', 'top_path': 'D:/my_file/MyFile/YunSi/Project/Games/Cocos/CocosCyberpunk_all/CocosCyberpunk\\Assets', 'return_file_sum': <bound method TreeGenerationAction.return_file_sum of <Action.tree_gen_action.TreeGenerationAction object at 0x0000022EDF78AD30>>}
2024-11-28 21:15:56,659 - INFO Retriever 0 - Observer: 路径 D:/my_file/MyFile/YunSi/Project/Games/Cocos/CocosCyberpunk_all/CocosCyberpunk/assets/res/ui/ui_change_equips.prefab 错误。
2024-11-28 21:15:56,660 - INFO Retriever 0 - 

————————————————————————————————————————————————————————————————
2024-11-28 21:15:56,660 - INFO Retriever 0 - 当前窗口总长度：17
2024-11-28 21:15:56,660 - INFO Retriever 0 - 当前更新窗口长度：8
2024-11-28 21:15:56,660 - INFO Retriever 0 - 当前更新窗口长度：8
2024-11-28 21:15:56,661 - INFO Retriever 0 - ————————————————————————————————————————————————————————————————


2024-11-28 21:16:02,622 - INFO Retriever 0 - Agent主脑给出的回答为：{
    "deep_think": {
        "thoughts": "路径错误仍然存在，这可能是由于路径中存在空格或者特殊字符导致的。为了解决这个问题，我将尝试使用路径的URL编码形式来避免这个问题。在URL编码中，空格被替换为'%20'，其他特殊字符也有相应的编码。我将修正路径并再次尝试读取文件。"
    }
}
2024-11-28 21:16:02,622 - INFO Retriever 0 - 是否成功解析：True
2024-11-28 21:16:02,623 - INFO Retriever 0 - operation_type (__det_dir_action):
2024-11-28 21:16:02,623 - INFO Retriever 0 - deep_think
2024-11-28 21:16:02,623 - INFO Retriever 0 - 

——————————————————————————————————————————————————————————————————————————————————————————————————————————————————————————
2024-11-28 21:16:02,624 - INFO Retriever 0 - Assistant:
2024-11-28 21:16:02,624 - INFO Retriever 0 - {
    "deep_think": {
        "thoughts": "路径错误仍然存在，这可能是由于路径中存在空格或者特殊字符导致的。为了解决这个问题，我将尝试使用路径的URL编码形式来避免这个问题。在URL编码中，空格被替换为'%20'，其他特殊字符也有相应的编码。我将修正路径并再次尝试读取文件。"
    }
}
2024-11-28 21:16:02,624 - INFO Retriever 0 - dict_keys(['deep_think'])
2024-11-28 21:16:02,624 - INFO Retriever 0 - Agent主脑给出的行动：deep_think
参数：{'thoughts': "路径错误仍然存在，这可能是由于路径中存在空格或者特殊字符导致的。为了解决这个问题，我将尝试使用路径的URL编码形式来避免这个问题。在URL编码中，空格被替换为'%20'，其他特殊字符也有相应的编码。我将修正路径并再次尝试读取文件。", 'repeat_counter': 1, 'continue_think_counter': 1}
2024-11-28 21:16:02,624 - INFO Retriever 0 - Observer: 好的，请继续你的下一步行动或思考。
2024-11-28 21:16:02,626 - INFO Retriever 0 - 

————————————————————————————————————————————————————————————————
2024-11-28 21:16:02,626 - INFO Retriever 0 - 当前窗口总长度：19
2024-11-28 21:16:02,627 - INFO Retriever 0 - 当前更新窗口长度：10
2024-11-28 21:16:02,627 - INFO Retriever 0 - 当前更新窗口长度：10
2024-11-28 21:16:02,627 - INFO Retriever 0 - ————————————————————————————————————————————————————————————————


2024-11-28 21:16:17,213 - INFO Retriever 0 - Agent主脑给出的回答为：{
    "read_file": {
        "file_path": "D:/my_file/MyFile/YunSi/Project/Games/Cocos/CocosCyberpunk_all/CocosCyberpunk/assets/res/ui/ui_change_equips.prefab".replace(/ /g, '%20')
    }
}
2024-11-28 21:16:17,214 - INFO Retriever 0 - 是否成功解析：False
2024-11-28 21:16:17,214 - INFO Retriever 0 - 

————————————————————————————————————————————————————————————————
2024-11-28 21:16:17,214 - INFO Retriever 0 - 当前窗口总长度：19
2024-11-28 21:16:17,214 - INFO Retriever 0 - 当前更新窗口长度：10
2024-11-28 21:16:17,215 - INFO Retriever 0 - 当前更新窗口长度：10
2024-11-28 21:16:17,215 - INFO Retriever 0 - ————————————————————————————————————————————————————————————————


2024-11-28 21:16:33,639 - INFO Retriever 0 - Agent主脑给出的回答为：{
    "read_file": {
        "file_path": "D:/my_file/MyFile/YunSi/Project/Games/Cocos/CocosCyberpunk_all/CocosCyberpunk/assets/res/ui/ui_change_equips.prefab".replace(/ /g, '%20')
    }
}
2024-11-28 21:16:33,640 - INFO Retriever 0 - 是否成功解析：False
2024-11-28 21:16:33,640 - INFO Retriever 0 - 

————————————————————————————————————————————————————————————————
2024-11-28 21:16:33,640 - INFO Retriever 0 - 当前窗口总长度：19
2024-11-28 21:16:33,640 - INFO Retriever 0 - 当前更新窗口长度：10
2024-11-28 21:16:33,641 - INFO Retriever 0 - 当前更新窗口长度：10
2024-11-28 21:16:33,641 - INFO Retriever 0 - ————————————————————————————————————————————————————————————————


2024-11-28 21:16:52,797 - INFO Retriever 0 - Agent主脑给出的回答为：{
    "read_file": {
        "file_path": "D:/my_file/MyFile/YunSi/Project/Games/Cocos/CocosCyberpunk_all/CocosCyberpunk/assets/res/ui/ui_change_equips.prefab".replace(/ /g, '%20')
    }
}
2024-11-28 21:16:52,797 - INFO Retriever 0 - 是否成功解析：False
2024-11-28 21:16:52,797 - INFO Retriever 0 - 

————————————————————————————————————————————————————————————————
2024-11-28 21:16:52,797 - INFO Retriever 0 - 当前窗口总长度：19
2024-11-28 21:16:52,797 - INFO Retriever 0 - 当前更新窗口长度：10
2024-11-28 21:16:52,797 - INFO Retriever 0 - 当前更新窗口长度：10
2024-11-28 21:16:52,798 - INFO Retriever 0 - ————————————————————————————————————————————————————————————————


2024-11-28 21:17:05,881 - INFO Retriever 0 - Agent主脑给出的回答为：{
    "read_file": {
        "file_path": "D:/my_file/MyFile/YunSi/Project/Games/Cocos/CocosCyberpunk_all/CocosCyberpunk/assets/res/ui/ui_change_equips.prefab".replace(/ /g, '%20')
    }
}
2024-11-28 21:17:05,882 - INFO Retriever 0 - 是否成功解析：False
2024-11-28 21:17:05,882 - INFO Retriever 0 - 

————————————————————————————————————————————————————————————————
2024-11-28 21:17:05,882 - INFO Retriever 0 - 当前窗口总长度：19
2024-11-28 21:17:05,882 - INFO Retriever 0 - 当前更新窗口长度：10
2024-11-28 21:17:05,882 - INFO Retriever 0 - 当前更新窗口长度：10
2024-11-28 21:17:05,883 - INFO Retriever 0 - ————————————————————————————————————————————————————————————————


2024-11-28 21:17:20,500 - INFO Retriever 0 - Agent主脑给出的回答为：{
    "read_file": {
        "file_path": "D:/my_file/MyFile/YunSi/Project/Games/Cocos/CocosCyberpunk_all/CocosCyberpunk/assets/res/ui/ui_change_equips.prefab".replace(/ /g, '%20')
    }
}
2024-11-28 21:17:20,500 - INFO Retriever 0 - 是否成功解析：False
2024-11-28 21:17:20,500 - INFO Retriever 0 - 

————————————————————————————————————————————————————————————————
2024-11-28 21:17:20,500 - INFO Retriever 0 - 当前窗口总长度：19
2024-11-28 21:17:20,501 - INFO Retriever 0 - 当前更新窗口长度：10
2024-11-28 21:17:20,501 - INFO Retriever 0 - 当前更新窗口长度：10
2024-11-28 21:17:20,501 - INFO Retriever 0 - ————————————————————————————————————————————————————————————————


2024-11-28 21:17:36,103 - INFO Retriever 0 - Agent主脑给出的回答为：{
    "read_file": {
        "file_path": "D:/my_file/MyFile/YunSi/Project/Games/Cocos/CocosCyberpunk_all/CocosCyberpunk/assets/res/ui/ui_change_equips.prefab".replace(/ /g, '%20')
    }
}
2024-11-28 21:17:36,104 - INFO Retriever 0 - 是否成功解析：False
2024-11-28 21:17:36,104 - INFO Retriever 0 - 

————————————————————————————————————————————————————————————————
2024-11-28 21:17:36,104 - INFO Retriever 0 - 当前窗口总长度：19
2024-11-28 21:17:36,104 - INFO Retriever 0 - 当前更新窗口长度：10
2024-11-28 21:17:36,105 - INFO Retriever 0 - 当前更新窗口长度：10
2024-11-28 21:17:36,105 - INFO Retriever 0 - ————————————————————————————————————————————————————————————————


2024-11-28 21:17:48,242 - INFO Retriever 0 - Agent主脑给出的回答为：{
    "read_file": {
        "file_path": "D:/my_file/MyFile/YunSi/Project/Games/Cocos/CocosCyberpunk_all/CocosCyberpunk/assets/res/ui/ui_change_equips.prefab".replace(/ /g, '%20')
    }
}
2024-11-28 21:17:48,242 - INFO Retriever 0 - 是否成功解析：False
2024-11-28 21:17:48,242 - INFO Retriever 0 - 

————————————————————————————————————————————————————————————————
2024-11-28 21:17:48,242 - INFO Retriever 0 - 当前窗口总长度：19
2024-11-28 21:17:48,243 - INFO Retriever 0 - 当前更新窗口长度：10
2024-11-28 21:17:48,243 - INFO Retriever 0 - 当前更新窗口长度：10
2024-11-28 21:17:48,243 - INFO Retriever 0 - ————————————————————————————————————————————————————————————————


2024-11-28 21:18:07,392 - INFO Retriever 0 - Agent主脑给出的回答为：{
    "read_file": {
        "file_path": "D:/my_file/MyFile/YunSi/Project/Games/Cocos/CocosCyberpunk_all/CocosCyberpunk/assets/res/ui/ui_change_equips.prefab".replace(/ /g, '%20')
    }
}
2024-11-28 21:18:07,393 - INFO Retriever 0 - 是否成功解析：False
2024-11-28 21:18:07,393 - INFO Retriever 0 - 

————————————————————————————————————————————————————————————————
2024-11-28 21:18:07,393 - INFO Retriever 0 - 当前窗口总长度：19
2024-11-28 21:18:07,393 - INFO Retriever 0 - 当前更新窗口长度：10
2024-11-28 21:18:07,393 - INFO Retriever 0 - 当前更新窗口长度：10
2024-11-28 21:18:07,394 - INFO Retriever 0 - ————————————————————————————————————————————————————————————————


2024-11-28 21:18:20,797 - INFO Retriever 0 - Agent主脑给出的回答为：{
    "read_file": {
        "file_path": "D:/my_file/MyFile/YunSi/Project/Games/Cocos/CocosCyberpunk_all/CocosCyberpunk/assets/res/ui/ui_change_equips.prefab".replace(/ /g, '%20')
    }
}
2024-11-28 21:18:20,798 - INFO Retriever 0 - 是否成功解析：False
2024-11-28 21:18:20,798 - INFO Retriever 0 - 

————————————————————————————————————————————————————————————————
2024-11-28 21:18:20,798 - INFO Retriever 0 - 当前窗口总长度：19
2024-11-28 21:18:20,798 - INFO Retriever 0 - 当前更新窗口长度：10
2024-11-28 21:18:20,798 - INFO Retriever 0 - 当前更新窗口长度：10
2024-11-28 21:18:20,799 - INFO Retriever 0 - ————————————————————————————————————————————————————————————————


2024-11-28 21:18:38,529 - INFO Retriever 0 - Agent主脑给出的回答为：{
    "read_file": {
        "file_path": "D:/my_file/MyFile/YunSi/Project/Games/Cocos/CocosCyberpunk_all/CocosCyberpunk/assets/res/ui/ui_change_equips.prefab".replace(/ /g, '%20')
    }
}
2024-11-28 21:18:38,530 - INFO Retriever 0 - 是否成功解析：False
2024-11-28 21:18:38,530 - INFO Retriever 0 - 

————————————————————————————————————————————————————————————————
2024-11-28 21:18:38,530 - INFO Retriever 0 - 当前窗口总长度：19
2024-11-28 21:18:38,530 - INFO Retriever 0 - 当前更新窗口长度：10
2024-11-28 21:18:38,530 - INFO Retriever 0 - 当前更新窗口长度：10
2024-11-28 21:18:38,530 - INFO Retriever 0 - ————————————————————————————————————————————————————————————————


2024-11-28 21:18:55,289 - INFO Retriever 0 - Agent主脑给出的回答为：{
    "read_file": {
        "file_path": "D:/my_file/MyFile/YunSi/Project/Games/Cocos/CocosCyberpunk_all/CocosCyberpunk/assets/res/ui/ui_change_equips.prefab".replace(/ /g, '%20')
    }
}
2024-11-28 21:18:55,290 - INFO Retriever 0 - 是否成功解析：False
2024-11-28 21:18:55,290 - INFO Retriever 0 - 

————————————————————————————————————————————————————————————————
2024-11-28 21:18:55,290 - INFO Retriever 0 - 当前窗口总长度：19
2024-11-28 21:18:55,290 - INFO Retriever 0 - 当前更新窗口长度：10
2024-11-28 21:18:55,291 - INFO Retriever 0 - 当前更新窗口长度：10
2024-11-28 21:18:55,291 - INFO Retriever 0 - ————————————————————————————————————————————————————————————————


2024-11-28 21:19:12,909 - INFO Retriever 0 - Agent主脑给出的回答为：{
    "read_file": {
        "file_path": "D:/my_file/MyFile/YunSi/Project/Games/Cocos/CocosCyberpunk_all/CocosCyberpunk/assets/res/ui/ui_change_equips.prefab".replace(/ /g, '%20')
    }
}
2024-11-28 21:19:12,910 - INFO Retriever 0 - 是否成功解析：False
2024-11-28 21:19:12,910 - INFO Retriever 0 - 

————————————————————————————————————————————————————————————————
2024-11-28 21:19:12,910 - INFO Retriever 0 - 当前窗口总长度：19
2024-11-28 21:19:12,910 - INFO Retriever 0 - 当前更新窗口长度：10
2024-11-28 21:19:12,911 - INFO Retriever 0 - 当前更新窗口长度：10
2024-11-28 21:19:12,911 - INFO Retriever 0 - ————————————————————————————————————————————————————————————————


2024-11-28 21:19:28,830 - INFO Retriever 0 - Agent主脑给出的回答为：{
    "read_file": {
        "file_path": "D:/my_file/MyFile/YunSi/Project/Games/Cocos/CocosCyberpunk_all/CocosCyberpunk/assets/res/ui/ui_change_equips.prefab".replace(/ /g, '%20')
    }
}
2024-11-28 21:19:28,831 - INFO Retriever 0 - 是否成功解析：False
2024-11-28 21:19:28,831 - INFO Retriever 0 - 

————————————————————————————————————————————————————————————————
2024-11-28 21:19:28,831 - INFO Retriever 0 - 当前窗口总长度：19
2024-11-28 21:19:28,832 - INFO Retriever 0 - 当前更新窗口长度：10
2024-11-28 21:19:28,832 - INFO Retriever 0 - 当前更新窗口长度：10
2024-11-28 21:19:28,832 - INFO Retriever 0 - ————————————————————————————————————————————————————————————————


2024-11-28 21:19:46,278 - INFO Retriever 0 - Agent主脑给出的回答为：{
    "read_file": {
        "file_path": "D:/my_file/MyFile/YunSi/Project/Games/Cocos/CocosCyberpunk_all/CocosCyberpunk/assets/res/ui/ui_change_equips.prefab".replace(/ /g, '%20')
    }
}
2024-11-28 21:19:46,279 - INFO Retriever 0 - 是否成功解析：False
2024-11-28 21:19:46,279 - INFO Retriever 0 - 

————————————————————————————————————————————————————————————————
2024-11-28 21:19:46,279 - INFO Retriever 0 - 当前窗口总长度：19
2024-11-28 21:19:46,279 - INFO Retriever 0 - 当前更新窗口长度：10
2024-11-28 21:19:46,280 - INFO Retriever 0 - 当前更新窗口长度：10
2024-11-28 21:19:46,280 - INFO Retriever 0 - ————————————————————————————————————————————————————————————————


2024-11-28 21:20:02,050 - INFO Retriever 0 - Agent主脑给出的回答为：{
    "read_file": {
        "file_path": "D:/my_file/MyFile/YunSi/Project/Games/Cocos/CocosCyberpunk_all/CocosCyberpunk/assets/res/ui/ui_change_equips.prefab".replace(/ /g, '%20')
    }
}
2024-11-28 21:20:02,051 - INFO Retriever 0 - 是否成功解析：False
2024-11-28 21:20:02,051 - INFO Retriever 0 - 

————————————————————————————————————————————————————————————————
2024-11-28 21:20:02,051 - INFO Retriever 0 - 当前窗口总长度：19
2024-11-28 21:20:02,052 - INFO Retriever 0 - 当前更新窗口长度：10
2024-11-28 21:20:02,052 - INFO Retriever 0 - 当前更新窗口长度：10
2024-11-28 21:20:02,052 - INFO Retriever 0 - ————————————————————————————————————————————————————————————————


2024-11-28 21:20:19,716 - INFO Retriever 0 - Agent主脑给出的回答为：{
    "read_file": {
        "file_path": "D:/my_file/MyFile/YunSi/Project/Games/Cocos/CocosCyberpunk_all/CocosCyberpunk/assets/res/ui/ui_change_equips.prefab".replace(/ /g, '%20')
    }
}
2024-11-28 21:20:19,716 - INFO Retriever 0 - 是否成功解析：False
2024-11-28 21:20:19,716 - INFO Retriever 0 - 

————————————————————————————————————————————————————————————————
2024-11-28 21:20:19,716 - INFO Retriever 0 - 当前窗口总长度：19
2024-11-28 21:20:19,717 - INFO Retriever 0 - 当前更新窗口长度：10
2024-11-28 21:20:19,717 - INFO Retriever 0 - 当前更新窗口长度：10
2024-11-28 21:20:19,717 - INFO Retriever 0 - ————————————————————————————————————————————————————————————————


2024-11-28 21:20:34,855 - INFO Retriever 0 - Agent主脑给出的回答为：{
    "read_file": {
        "file_path": "D:/my_file/MyFile/YunSi/Project/Games/Cocos/CocosCyberpunk_all/CocosCyberpunk/assets/res/ui/ui_change_equips.prefab".replace(/ /g, '%20')
    }
}
2024-11-28 21:20:34,856 - INFO Retriever 0 - 是否成功解析：False
2024-11-28 21:20:34,856 - INFO Retriever 0 - 

————————————————————————————————————————————————————————————————
2024-11-28 21:20:34,856 - INFO Retriever 0 - 当前窗口总长度：19
2024-11-28 21:20:34,856 - INFO Retriever 0 - 当前更新窗口长度：10
2024-11-28 21:20:34,856 - INFO Retriever 0 - 当前更新窗口长度：10
2024-11-28 21:20:34,857 - INFO Retriever 0 - ————————————————————————————————————————————————————————————————


2024-11-28 21:20:50,274 - INFO Retriever 0 - Agent主脑给出的回答为：{
    "read_file": {
        "file_path": "D:/my_file/MyFile/YunSi/Project/Games/Cocos/CocosCyberpunk_all/CocosCyberpunk/assets/res/ui/ui_change_equips.prefab".replace(/ /g, '%20')
    }
}
2024-11-28 21:20:50,274 - INFO Retriever 0 - 是否成功解析：False
2024-11-28 21:20:50,274 - INFO Retriever 0 - 

————————————————————————————————————————————————————————————————
2024-11-28 21:20:50,274 - INFO Retriever 0 - 当前窗口总长度：19
2024-11-28 21:20:50,275 - INFO Retriever 0 - 当前更新窗口长度：10
2024-11-28 21:20:50,275 - INFO Retriever 0 - 当前更新窗口长度：10
2024-11-28 21:20:50,275 - INFO Retriever 0 - ————————————————————————————————————————————————————————————————


2024-11-28 21:21:09,120 - INFO Retriever 0 - Agent主脑给出的回答为：{
    "read_file": {
        "file_path": "D:/my_file/MyFile/YunSi/Project/Games/Cocos/CocosCyberpunk_all/CocosCyberpunk/assets/res/ui/ui_change_equips.prefab".replace(/ /g, '%20')
    }
}
2024-11-28 21:21:09,121 - INFO Retriever 0 - 是否成功解析：False
2024-11-28 21:21:09,121 - INFO Retriever 0 - 

————————————————————————————————————————————————————————————————
2024-11-28 21:21:09,121 - INFO Retriever 0 - 当前窗口总长度：19
2024-11-28 21:21:09,121 - INFO Retriever 0 - 当前更新窗口长度：10
2024-11-28 21:21:09,121 - INFO Retriever 0 - 当前更新窗口长度：10
2024-11-28 21:21:09,122 - INFO Retriever 0 - ————————————————————————————————————————————————————————————————


2024-11-28 21:21:12,711 - INFO Retriever 0 - Agent主脑给出的回答为：{
    "read_file": {
        "file_path": "D:/my_file/MyFile/YunSi/Project/Games/Cocos/CocosCyberpunk_all/CocosCyberpunk/assets/res/ui/ui_change_equips.prefab"
    }
}
2024-11-28 21:21:12,712 - INFO Retriever 0 - 是否成功解析：True
2024-11-28 21:21:12,712 - INFO Retriever 0 - operation_type (__det_dir_action):
2024-11-28 21:21:12,712 - INFO Retriever 0 - read_file
2024-11-28 21:21:12,712 - INFO Retriever 0 - 

——————————————————————————————————————————————————————————————————————————————————————————————————————————————————————————
2024-11-28 21:21:12,712 - INFO Retriever 0 - Assistant:
2024-11-28 21:21:12,712 - INFO Retriever 0 - {
    "read_file": {
        "file_path": "D:/my_file/MyFile/YunSi/Project/Games/Cocos/CocosCyberpunk_all/CocosCyberpunk/assets/res/ui/ui_change_equips.prefab"
    }
}
2024-11-28 21:21:12,713 - INFO Retriever 0 - dict_keys(['read_file'])
2024-11-28 21:21:12,713 - INFO Retriever 0 - Agent主脑给出的行动：read_file
参数：{'file_path': 'D:/my_file/MyFile/YunSi/Project/Games/Cocos/CocosCyberpunk_all/CocosCyberpunk/assets/res/ui/ui_change_equips.prefab', 'top_path': 'D:/my_file/MyFile/YunSi/Project/Games/Cocos/CocosCyberpunk_all/CocosCyberpunk\\Assets', 'return_file_sum': <bound method TreeGenerationAction.return_file_sum of <Action.tree_gen_action.TreeGenerationAction object at 0x0000022EDF78AD30>>}
2024-11-28 21:21:12,714 - INFO Retriever 0 - Observer: 路径 D:/my_file/MyFile/YunSi/Project/Games/Cocos/CocosCyberpunk_all/CocosCyberpunk/assets/res/ui/ui_change_equips.prefab 错误。
2024-11-28 21:21:12,716 - INFO Retriever 0 - 

————————————————————————————————————————————————————————————————
2024-11-28 21:21:12,716 - INFO Retriever 0 - 当前窗口总长度：21
2024-11-28 21:21:12,716 - INFO Retriever 0 - 当前更新窗口长度：12
2024-11-28 21:21:12,716 - INFO Retriever 0 - 当前更新窗口长度：12
2024-11-28 21:21:12,717 - INFO Retriever 0 - ————————————————————————————————————————————————————————————————


2024-11-28 21:21:20,672 - INFO Retriever 0 - Agent主脑给出的回答为：{
    "deep_think": {
        "thoughts": "看来直接读取文件遇到了一些问题。考虑到这个文件是一个预制件，它可能包含了与切换武器功能相关的UI元素和逻辑，但是直接读取预制件文件可能并不是一个可行的操作。在Unity和Cocos Creator等游戏开发引擎中，预制件通常是作为一个资源引用，而不是一个简单的文件来处理。因此，我可能需要寻找与这个预制件相关的脚本或者其他配置文件，来了解切换武器功能的实现方式。我将尝试在相同目录下寻找可能与这个预制件相关的脚本文件。"
    }
}
2024-11-28 21:21:20,673 - INFO Retriever 0 - 是否成功解析：True
2024-11-28 21:21:20,673 - INFO Retriever 0 - operation_type (__det_dir_action):
2024-11-28 21:21:20,673 - INFO Retriever 0 - deep_think
2024-11-28 21:21:20,673 - INFO Retriever 0 - 

——————————————————————————————————————————————————————————————————————————————————————————————————————————————————————————
2024-11-28 21:21:20,674 - INFO Retriever 0 - Assistant:
2024-11-28 21:21:20,674 - INFO Retriever 0 - {
    "deep_think": {
        "thoughts": "看来直接读取文件遇到了一些问题。考虑到这个文件是一个预制件，它可能包含了与切换武器功能相关的UI元素和逻辑，但是直接读取预制件文件可能并不是一个可行的操作。在Unity和Cocos Creator等游戏开发引擎中，预制件通常是作为一个资源引用，而不是一个简单的文件来处理。因此，我可能需要寻找与这个预制件相关的脚本或者其他配置文件，来了解切换武器功能的实现方式。我将尝试在相同目录下寻找可能与这个预制件相关的脚本文件。"
    }
}
2024-11-28 21:21:20,674 - INFO Retriever 0 - dict_keys(['deep_think'])
2024-11-28 21:21:20,674 - INFO Retriever 0 - Agent主脑给出的行动：deep_think
参数：{'thoughts': '看来直接读取文件遇到了一些问题。考虑到这个文件是一个预制件，它可能包含了与切换武器功能相关的UI元素和逻辑，但是直接读取预制件文件可能并不是一个可行的操作。在Unity和Cocos Creator等游戏开发引擎中，预制件通常是作为一个资源引用，而不是一个简单的文件来处理。因此，我可能需要寻找与这个预制件相关的脚本或者其他配置文件，来了解切换武器功能的实现方式。我将尝试在相同目录下寻找可能与这个预制件相关的脚本文件。', 'repeat_counter': 1, 'continue_think_counter': 1}
2024-11-28 21:21:20,675 - INFO Retriever 0 - Observer: 好的，请继续你的下一步行动或思考。
2024-11-28 21:21:20,677 - INFO Retriever 0 - 

————————————————————————————————————————————————————————————————
2024-11-28 21:21:20,677 - INFO Retriever 0 - 当前窗口总长度：23
2024-11-28 21:21:20,677 - INFO Retriever 0 - 当前更新窗口长度：14
2024-11-28 21:21:20,677 - INFO Retriever 0 - 当前更新窗口长度：14
2024-11-28 21:21:20,677 - INFO Retriever 0 - ————————————————————————————————————————————————————————————————


2024-11-28 21:21:24,569 - INFO Retriever 0 - Agent主脑给出的回答为：{
    "get_folder_info": {
        "target_folder_path": "D:/my_file/MyFile/YunSi/Project/Games/Cocos/CocosCyberpunk_all/CocosCyberpunk/assets/res/ui"
    }
}
2024-11-28 21:21:24,569 - INFO Retriever 0 - 是否成功解析：True
2024-11-28 21:21:24,569 - INFO Retriever 0 - operation_type (__det_dir_action):
2024-11-28 21:21:24,569 - INFO Retriever 0 - get_folder_info
2024-11-28 21:21:24,570 - INFO Retriever 0 - 

——————————————————————————————————————————————————————————————————————————————————————————————————————————————————————————
2024-11-28 21:21:24,570 - INFO Retriever 0 - Assistant:
2024-11-28 21:21:24,570 - INFO Retriever 0 - {
    "get_folder_info": {
        "target_folder_path": "D:/my_file/MyFile/YunSi/Project/Games/Cocos/CocosCyberpunk_all/CocosCyberpunk/assets/res/ui"
    }
}
2024-11-28 21:21:24,570 - INFO Retriever 0 - dict_keys(['get_folder_info'])
2024-11-28 21:21:24,570 - INFO Retriever 0 - Agent主脑给出的行动：get_folder_info
参数：{'target_folder_path': 'D:/my_file/MyFile/YunSi/Project/Games/Cocos/CocosCyberpunk_all/CocosCyberpunk/assets/res/ui'}
2024-11-28 21:21:24,596 - INFO Retriever 0 - Observer: 目标文件夹路径：D:/my_file/MyFile/YunSi/Project/Games/Cocos/CocosCyberpunk_all/CocosCyberpunk/assets/res/ui
文件结构树（该结构树可能不完整，仅返回深度小于等于1层的子文件以及文件夹）：
├── uiblood
│   ├── ui_hit_direction_green.png
│   ├── ui_hit_direction_red.png
│   ├── ui_hit_head.png
│   ├── ui_hp.png
│   ├── ui_hp_bg.png
├── uichangeequip
│   ├── img_icon_1.png
│   ├── img_icon_2.png
│   ...
│   ├── img_select_area_heighlight4.png
├── uiequipinfo
│   ├── img_bullet.png
│   ├── img_equiped_bg.png
│   ├── img_key_bg.png
│   ├── img_take_key_r.png
├── uifx
│   ├── ui_fx_hit.png
│   ├── ui_fx_low_hp.png
├── uigameover
│   ├── btn_Hover .png
│   ├── btn_default.png
│   ...
│   ├── txt_home.png
├── uiguide
│   ├── guide_keyboard_control
│   ├── spr_guide_arrow.png
│   ├── spr_guide_long_tips_bg.png
├── uijoystick
│   ├── img_acton_bg0.png
│   ├── img_acton_bg1.png
│   ...
│   ├── img_run_icon.png
├── uilevel
│   ├── img_aim.png
│   ├── img_aim_point.png
│   ...
│   ├── txt_demo_info.png
├── uiloading
│   ├── img_loading_bar.png
│   ├── img_loading_bar_bg.png
├── uilogo
│   ├── bg.png
│   ├── btn_Hover.png
│   ...
│   ├── ui_lines.png
├── uipickedtips
│   ├── img_picked_bg.png
├── uiradar
│   ├── img_enemy_point.png
│   ├── img_game_map.png
│   ├── img_map_bg.png
│   ├── img_map_bg_border.png
│   ├── img_play_point.png
├── uiselectequips
│   ├── img_item_select_bg.png
│   ├── img_select_area.png
│   ├── img_select_area_heighlight.png
│   ├── img_select_bg.png
├── uisettings
│   ├── img_btn_select.png
│   ├── img_next_left.png
│   ...
│   ├── txt_home_bg.png
├── uiupgrade
│   ├── img_upgrade_bg.png
│   ├── img_upgrade_icon_0.png
│   ...
│   ├── txt_action_reload.png


其中，部分主要文件及文件夹的信息如下：
1. ui
# 路径:D:/my_file/MyFile/YunSi/Project/Games/Cocos/CocosCyberpunk_all/CocosCyberpunk\assets\res\ui
# 内容概述:### 文件夹内容概览
“ui”文件夹汇集了丰富的用户界面设计资源，包括血量与攻击指示、图标、背景、按钮、文本、图像和动画等元素。子文件夹如uiblood、uichangeequip等分别专注于特定UI组件的设计，如血量显示、图标高亮和装备信息。这些资源相互关联，共同构建了游戏或应用中直观且交互丰富的用户界面。

2. uiblood
# 路径:D:/my_file/MyFile/YunSi/Project/Games/Cocos/CocosCyberpunk_all/CocosCyberpunk\assets\res\ui\uiblood
# 内容概述:该“uiblood”文件夹汇集了游戏UI元素图片，包括指示攻击方向的绿色和红色图标、头部攻击效果图、以及血量显示和背景图，旨在为玩家提供直观的血量和攻击反馈。

3. uichangeequip
# 路径:D:/my_file/MyFile/YunSi/Project/Games/Cocos/CocosCyberpunk_all/CocosCyberpunk\assets\res\ui\uichangeequip
# 内容概述:该“uichangeequip”文件夹汇集了多张图标和选择区域高亮图像，旨在支持用户界面设计的修改和优化，包含不同图标及选择区域背景和多种高亮效果图，以增强界面交互性和美观性。

4. uiequipinfo
# 路径:D:/my_file/MyFile/YunSi/Project/Games/Cocos/CocosCyberpunk_all/CocosCyberpunk\assets\res\ui\uiequipinfo
# 内容概述:该“uiequipinfo”文件夹汇集了与游戏UI设计相关的图像资源，包括子弹、装备和关键物品的视觉元素，如子弹图标、装备背景和关键物品动画帧。

5. uifx
# 路径:D:/my_file/MyFile/YunSi/Project/Games/Cocos/CocosCyberpunk_all/CocosCyberpunk\assets\res\ui\uifx
# 内容概述:“uifx”文件夹内包含两幅图像文件，分别为“ui_fx_hit.png”和“ui_fx_low_hp.png”，均与游戏或应用界面视觉效果相关，前者可能关联用户交互，后者可能与玩家低生命值状态显示。

6. uigameover
# 路径:D:/my_file/MyFile/YunSi/Project/Games/Cocos/CocosCyberpunk_all/CocosCyberpunk\assets\res\ui\uigameover
# 内容概述:该“uigameover”文件夹汇集了游戏结束界面的设计资源，包括默认和悬停状态的按钮图像、背景图以及“主页”文本图像，旨在构建一个直观的游戏结束体验。

7. uiguide
# 路径:D:/my_file/MyFile/YunSi/Project/Games/Cocos/CocosCyberpunk_all/CocosCyberpunk\assets\res\ui\uiguide
# 内容概述:### 文件夹内容概述
“guide_keyboard_control”文件夹包含多语言键盘和摇杆控制指南图片，包括英文和中文版本，以及辅助图标和背景图片，旨在为用户提供直观的控制说明。

8. uijoystick
# 路径:D:/my_file/MyFile/YunSi/Project/Games/Cocos/CocosCyberpunk_all/CocosCyberpunk\assets\res\ui\uijoystick
# 内容概述:该“uijoystick”文件夹汇集了多张游戏UI图标和背景图，包括瞄准、换枪、蹲下、射击、跳跃等操作图标，以及摇杆相关元素，旨在为玩家提供直观的操作指引和游戏体验。

9. uilevel
# 路径:D:/my_file/MyFile/YunSi/Project/Games/Cocos/CocosCyberpunk_all/CocosCyberpunk\assets\res\ui\uilevel
# 内容概述:该“uilevel”文件夹汇集了多张与游戏或软件界面设计相关的图像文件，包括瞄准、背包、生命值、装备等UI元素的视觉设计图，以及一些状态背景和图标。这些文件共同构成了一个UI设计资源包，旨在辅助界面开发与演示。

10. uiloading
# 路径:D:/my_file/MyFile/YunSi/Project/Games/Cocos/CocosCyberpunk_all/CocosCyberpunk\assets\res\ui\uiloading
# 内容概述:该“uiloading”文件夹汇集了两个图像文件，分别为“img_loading_bar.png”和“img_loading_bar_bg.png”，它们共同构成了一个加载进度条的用户界面元素，用于展示加载过程中的进度。

11. uilogo
# 路径:D:/my_file/MyFile/YunSi/Project/Games/Cocos/CocosCyberpunk_all/CocosCyberpunk\assets\res\ui\uilogo
# 内容概述:“uilogo”文件夹汇集了多张UI设计资源图片，包括按钮、标题、背景等元素，如默认和悬停状态的按钮图片、背景和Logo装饰图，以及文本和线条风格的设计素材，旨在为图形用户界面提供视觉支持。

12. uipickedtips
# 路径:D:/my_file/MyFile/YunSi/Project/Games/Cocos/CocosCyberpunk_all/CocosCyberpunk\assets\res\ui\uipickedtips
# 内容概述:“uipickedtips”文件夹内含有一个图像文件“img_picked_bg.png”，用作UI设计的背景图案。文件夹内容单一，主要针对UI设计资源。

13. uiradar
# 路径:D:/my_file/MyFile/YunSi/Project/Games/Cocos/CocosCyberpunk_all/CocosCyberpunk\assets\res\ui\uiradar
# 内容概述:“uiradar”文件夹汇集了游戏界面所需的图像资源，包括地图背景（img_map_bg.png、img_map_bg_border.png）、玩家和敌人位置指示（img_play_point.png、img_enemy_point.png）以及游戏地图本身（img_game_map.png），旨在为玩家提供清晰的游戏视觉导航。

14. uiselectequips
# 路径:D:/my_file/MyFile/YunSi/Project/Games/Cocos/CocosCyberpunk_all/CocosCyberpunk\assets\res\ui\uiselectequips
# 内容概述:该“uiselectequips”文件夹汇集了与用户界面选择区域设计相关的图像资源，包括背景图和选择区域高亮图，旨在辅助界面开发与用户交互体验。文件夹内包含四个图片文件：`img_item_select_bg.png`、`img_select_area.png`、`img_select_area_heighlight.png` 和 `img_select_bg.png`，分别对应选择区域的不同视觉元素。

15. uisettings
# 路径:D:/my_file/MyFile/YunSi/Project/Games/Cocos/CocosCyberpunk_all/CocosCyberpunk\assets\res\ui\uisettings
# 内容概述:“uisettings”文件夹汇集了多种用户界面设置相关的图片资源，包括按钮选择、导航、设置项背景、滑动提示等视觉元素，旨在统一和优化界面视觉效果。文件夹内包含如“img_next_left.png”等导航按钮的普通与高亮状态图片，“img_setting_bg.png”等背景图片，以及“slide_sound.png”等交互提示图片，共同服务于界面设计和用户交互体验。

16. uiupgrade
# 路径:D:/my_file/MyFile/YunSi/Project/Games/Cocos/CocosCyberpunk_all/CocosCyberpunk\assets\res\ui\uiupgrade
# 内容概述:## 文件夹内容总结

“uiupgrade”文件夹汇集了与界面升级相关的图片资源，包括背景、图标和选择状态图片，旨在提升用户交互体验。文件夹内包含多个图标文件（如img_upgrade_icon_0.png等）和背景图片（如img_upgrade_bg.png等），分别用于展示不同的升级操作和界面效果。


2024-11-28 21:21:24,599 - INFO Retriever 0 - 

————————————————————————————————————————————————————————————————
2024-11-28 21:21:24,599 - INFO Retriever 0 - 当前窗口总长度：25
2024-11-28 21:21:24,599 - INFO Retriever 0 - 当前更新窗口长度：16
2024-11-28 21:21:24,600 - INFO Retriever 0 - 当前更新窗口长度：16
2024-11-28 21:21:24,600 - INFO Retriever 0 - ————————————————————————————————————————————————————————————————


2024-11-28 21:21:33,718 - INFO Retriever 0 - Agent主脑给出的回答为：{
    "deep_think": {
        "thoughts": "根据获取的文件夹信息，我注意到在“uichangeequip”文件夹中可能包含了与切换武器功能相关的UI元素。我需要进一步检查这个文件夹中的文件，以确定是否有与切换武器功能相关的脚本或配置文件。我将使用get_folder_info操作，将“uichangeequip”文件夹的路径作为target_folder_path参数进行传入，来获取该文件夹下的文件信息。"
    }
}
2024-11-28 21:21:33,718 - INFO Retriever 0 - 是否成功解析：True
2024-11-28 21:21:33,718 - INFO Retriever 0 - operation_type (__det_dir_action):
2024-11-28 21:21:33,718 - INFO Retriever 0 - deep_think
2024-11-28 21:21:33,719 - INFO Retriever 0 - 

——————————————————————————————————————————————————————————————————————————————————————————————————————————————————————————
2024-11-28 21:21:33,719 - INFO Retriever 0 - Assistant:
2024-11-28 21:21:33,719 - INFO Retriever 0 - {
    "deep_think": {
        "thoughts": "根据获取的文件夹信息，我注意到在“uichangeequip”文件夹中可能包含了与切换武器功能相关的UI元素。我需要进一步检查这个文件夹中的文件，以确定是否有与切换武器功能相关的脚本或配置文件。我将使用get_folder_info操作，将“uichangeequip”文件夹的路径作为target_folder_path参数进行传入，来获取该文件夹下的文件信息。"
    }
}
2024-11-28 21:21:33,719 - INFO Retriever 0 - dict_keys(['deep_think'])
2024-11-28 21:21:33,719 - INFO Retriever 0 - Agent主脑给出的行动：deep_think
参数：{'thoughts': '根据获取的文件夹信息，我注意到在“uichangeequip”文件夹中可能包含了与切换武器功能相关的UI元素。我需要进一步检查这个文件夹中的文件，以确定是否有与切换武器功能相关的脚本或配置文件。我将使用get_folder_info操作，将“uichangeequip”文件夹的路径作为target_folder_path参数进行传入，来获取该文件夹下的文件信息。', 'repeat_counter': 1, 'continue_think_counter': 1}
2024-11-28 21:21:33,720 - INFO Retriever 0 - Observer: 好的，请继续你的下一步行动或思考。
2024-11-28 21:21:33,721 - INFO Retriever 0 - 

————————————————————————————————————————————————————————————————
2024-11-28 21:21:33,721 - INFO Retriever 0 - 当前窗口总长度：27
2024-11-28 21:21:33,721 - INFO Retriever 0 - 当前更新窗口长度：18
2024-11-28 21:21:33,721 - INFO Retriever 0 - 当前更新窗口长度：18
2024-11-28 21:21:33,721 - INFO Retriever 0 - ————————————————————————————————————————————————————————————————


2024-11-28 21:21:36,669 - INFO Retriever 0 - Agent主脑给出的回答为：{
    "get_folder_info": {
        "target_folder_path": "D:/my_file/MyFile/YunSi/Project/Games/Cocos/CocosCyberpunk_all/CocosCyberpunk/assets/res/ui/uichangeequip"
    }
}
2024-11-28 21:21:36,670 - INFO Retriever 0 - 是否成功解析：True
2024-11-28 21:21:36,670 - INFO Retriever 0 - operation_type (__det_dir_action):
2024-11-28 21:21:36,670 - INFO Retriever 0 - get_folder_info
2024-11-28 21:21:36,670 - INFO Retriever 0 - 

——————————————————————————————————————————————————————————————————————————————————————————————————————————————————————————
2024-11-28 21:21:36,670 - INFO Retriever 0 - Assistant:
2024-11-28 21:21:36,671 - INFO Retriever 0 - {
    "get_folder_info": {
        "target_folder_path": "D:/my_file/MyFile/YunSi/Project/Games/Cocos/CocosCyberpunk_all/CocosCyberpunk/assets/res/ui/uichangeequip"
    }
}
2024-11-28 21:21:36,671 - INFO Retriever 0 - dict_keys(['get_folder_info'])
2024-11-28 21:21:36,671 - INFO Retriever 0 - Agent主脑给出的行动：get_folder_info
参数：{'target_folder_path': 'D:/my_file/MyFile/YunSi/Project/Games/Cocos/CocosCyberpunk_all/CocosCyberpunk/assets/res/ui/uichangeequip'}
2024-11-28 21:21:36,719 - INFO Retriever 0 - Observer: 目标文件夹路径：D:/my_file/MyFile/YunSi/Project/Games/Cocos/CocosCyberpunk_all/CocosCyberpunk/assets/res/ui/uichangeequip
文件结构树（该结构树可能不完整，仅返回深度小于等于1层的子文件以及文件夹）：
├── img_icon_1.png
├── img_icon_2.png
├── img_icon_3.png
├── img_icon_4.png
├── img_select_area_bg.png
├── img_select_area_heighlight1.png
├── img_select_area_heighlight2.png
├── img_select_area_heighlight3.png
├── img_select_area_heighlight4.png


其中，部分主要文件及文件夹的信息如下：
1. uichangeequip
# 路径:D:/my_file/MyFile/YunSi/Project/Games/Cocos/CocosCyberpunk_all/CocosCyberpunk\assets\res\ui\uichangeequip
# 内容概述:该“uichangeequip”文件夹汇集了多张图标和选择区域高亮图像，旨在支持用户界面设计的修改和优化，包含不同图标及选择区域背景和多种高亮效果图，以增强界面交互性和美观性。

2. img_icon_1.png
# 路径:D:/my_file/MyFile/YunSi/Project/Games/Cocos/CocosCyberpunk_all/CocosCyberpunk\assets\res\ui\uichangeequip\img_icon_1.png
# 内容概述:这是一个名为“img_icon_1.png”的文件。

3. img_icon_2.png
# 路径:D:/my_file/MyFile/YunSi/Project/Games/Cocos/CocosCyberpunk_all/CocosCyberpunk\assets\res\ui\uichangeequip\img_icon_2.png
# 内容概述:这是一个名为“img_icon_2.png”的文件。

4. img_icon_3.png
# 路径:D:/my_file/MyFile/YunSi/Project/Games/Cocos/CocosCyberpunk_all/CocosCyberpunk\assets\res\ui\uichangeequip\img_icon_3.png
# 内容概述:这是一个名为“img_icon_3.png”的文件。

5. img_icon_4.png
# 路径:D:/my_file/MyFile/YunSi/Project/Games/Cocos/CocosCyberpunk_all/CocosCyberpunk\assets\res\ui\uichangeequip\img_icon_4.png
# 内容概述:这是一个名为“img_icon_4.png”的文件。

6. img_select_area_bg.png
# 路径:D:/my_file/MyFile/YunSi/Project/Games/Cocos/CocosCyberpunk_all/CocosCyberpunk\assets\res\ui\uichangeequip\img_select_area_bg.png
# 内容概述:这是一个名为“img_select_area_bg.png”的文件。

7. img_select_area_heighlight1.png
# 路径:D:/my_file/MyFile/YunSi/Project/Games/Cocos/CocosCyberpunk_all/CocosCyberpunk\assets\res\ui\uichangeequip\img_select_area_heighlight1.png
# 内容概述:这是一个名为“img_select_area_heighlight1.png”的文件。

8. img_select_area_heighlight2.png
# 路径:D:/my_file/MyFile/YunSi/Project/Games/Cocos/CocosCyberpunk_all/CocosCyberpunk\assets\res\ui\uichangeequip\img_select_area_heighlight2.png
# 内容概述:这是一个名为“img_select_area_heighlight2.png”的文件。

9. img_select_area_heighlight3.png
# 路径:D:/my_file/MyFile/YunSi/Project/Games/Cocos/CocosCyberpunk_all/CocosCyberpunk\assets\res\ui\uichangeequip\img_select_area_heighlight3.png
# 内容概述:这是一个名为“img_select_area_heighlight3.png”的文件。

10. img_select_area_heighlight4.png
# 路径:D:/my_file/MyFile/YunSi/Project/Games/Cocos/CocosCyberpunk_all/CocosCyberpunk\assets\res\ui\uichangeequip\img_select_area_heighlight4.png
# 内容概述:这是一个名为“img_select_area_heighlight4.png”的文件。


2024-11-28 21:21:36,721 - INFO Retriever 0 - 

————————————————————————————————————————————————————————————————
2024-11-28 21:21:36,721 - INFO Retriever 0 - 当前窗口总长度：29
2024-11-28 21:21:36,721 - INFO Retriever 0 - 当前更新窗口长度：20
2024-11-28 21:21:36,721 - INFO Retriever 0 - 当前更新窗口长度：20
2024-11-28 21:21:36,721 - INFO Retriever 0 - ————————————————————————————————————————————————————————————————


2024-11-28 21:21:43,590 - INFO Retriever 0 - Agent主脑给出的回答为：{
    "deep_think": {
        "thoughts": "在“uichangeequip”文件夹中，我找到了一些与切换武器功能相关的UI元素，如各种图标和选择区域高亮图像。然而，这些文件似乎都是图片资源，并没有直接提供切换武器功能的实现细节。切换武器功能的实现很可能依赖于脚本或配置文件，这些文件可能定义了如何根据用户输入来切换武器，以及如何更新UI以反映当前的武器状态。我需要进一步搜索这些脚本或配置文件。由于“uichangeequip”文件夹是UI资源的一部分，相关的脚本或配置文件可能位于“Assets”目录下的“Scripts”或“Resources”文件夹中。我将使用get_folder_info操作来获取这些文件夹的信息。"
    }
}
2024-11-28 21:21:43,591 - INFO Retriever 0 - 是否成功解析：True
2024-11-28 21:21:43,591 - INFO Retriever 0 - operation_type (__det_dir_action):
2024-11-28 21:21:43,591 - INFO Retriever 0 - deep_think
2024-11-28 21:21:43,591 - INFO Retriever 0 - 

——————————————————————————————————————————————————————————————————————————————————————————————————————————————————————————
2024-11-28 21:21:43,591 - INFO Retriever 0 - Assistant:
2024-11-28 21:21:43,591 - INFO Retriever 0 - {
    "deep_think": {
        "thoughts": "在“uichangeequip”文件夹中，我找到了一些与切换武器功能相关的UI元素，如各种图标和选择区域高亮图像。然而，这些文件似乎都是图片资源，并没有直接提供切换武器功能的实现细节。切换武器功能的实现很可能依赖于脚本或配置文件，这些文件可能定义了如何根据用户输入来切换武器，以及如何更新UI以反映当前的武器状态。我需要进一步搜索这些脚本或配置文件。由于“uichangeequip”文件夹是UI资源的一部分，相关的脚本或配置文件可能位于“Assets”目录下的“Scripts”或“Resources”文件夹中。我将使用get_folder_info操作来获取这些文件夹的信息。"
    }
}
2024-11-28 21:21:43,591 - INFO Retriever 0 - dict_keys(['deep_think'])
2024-11-28 21:21:43,593 - INFO Retriever 0 - Agent主脑给出的行动：deep_think
参数：{'thoughts': '在“uichangeequip”文件夹中，我找到了一些与切换武器功能相关的UI元素，如各种图标和选择区域高亮图像。然而，这些文件似乎都是图片资源，并没有直接提供切换武器功能的实现细节。切换武器功能的实现很可能依赖于脚本或配置文件，这些文件可能定义了如何根据用户输入来切换武器，以及如何更新UI以反映当前的武器状态。我需要进一步搜索这些脚本或配置文件。由于“uichangeequip”文件夹是UI资源的一部分，相关的脚本或配置文件可能位于“Assets”目录下的“Scripts”或“Resources”文件夹中。我将使用get_folder_info操作来获取这些文件夹的信息。', 'repeat_counter': 1, 'continue_think_counter': 1}
2024-11-28 21:21:43,594 - INFO Retriever 0 - Observer: 好的，请继续你的下一步行动或思考。
2024-11-28 21:21:43,595 - INFO Retriever 0 - 

————————————————————————————————————————————————————————————————
2024-11-28 21:21:43,596 - INFO Retriever 0 - 当前窗口总长度：31
2024-11-28 21:21:43,596 - INFO Retriever 0 - 当前更新窗口长度：22
2024-11-28 21:21:43,596 - INFO Retriever 0 - 当前更新窗口长度：22
2024-11-28 21:21:43,596 - INFO Retriever 0 - ————————————————————————————————————————————————————————————————


2024-11-28 21:21:47,272 - INFO Retriever 0 - Agent主脑给出的回答为：{
    "get_folder_info": {
        "target_folder_path": "D:/my_file/MyFile/YunSi/Project/Games/Cocos/CocosCyberpunk_all/CocosCyberpunk/Assets/Scripts"
    }
}
2024-11-28 21:21:47,273 - INFO Retriever 0 - 是否成功解析：True
2024-11-28 21:21:47,274 - INFO Retriever 0 - operation_type (__det_dir_action):
2024-11-28 21:21:47,274 - INFO Retriever 0 - get_folder_info
2024-11-28 21:21:47,274 - INFO Retriever 0 - 

——————————————————————————————————————————————————————————————————————————————————————————————————————————————————————————
2024-11-28 21:21:47,274 - INFO Retriever 0 - Assistant:
2024-11-28 21:21:47,274 - INFO Retriever 0 - {
    "get_folder_info": {
        "target_folder_path": "D:/my_file/MyFile/YunSi/Project/Games/Cocos/CocosCyberpunk_all/CocosCyberpunk/Assets/Scripts"
    }
}
2024-11-28 21:21:47,274 - INFO Retriever 0 - dict_keys(['get_folder_info'])
2024-11-28 21:21:47,275 - INFO Retriever 0 - Agent主脑给出的行动：get_folder_info
参数：{'target_folder_path': 'D:/my_file/MyFile/YunSi/Project/Games/Cocos/CocosCyberpunk_all/CocosCyberpunk/Assets/Scripts'}
2024-11-28 21:21:47,450 - INFO Retriever 0 - Observer: 目标路径D:/my_file/MyFile/YunSi/Project/Games/Cocos/CocosCyberpunk_all/CocosCyberpunk/Assets/Scripts不存在。

2024-11-28 21:21:47,452 - INFO Retriever 0 - 

————————————————————————————————————————————————————————————————
2024-11-28 21:21:47,452 - INFO Retriever 0 - 当前窗口总长度：33
2024-11-28 21:21:47,452 - INFO Retriever 0 - 当前更新窗口长度：24
2024-11-28 21:21:47,452 - INFO Retriever 0 - 当前更新窗口长度：24
2024-11-28 21:21:47,453 - INFO Retriever 0 - ————————————————————————————————————————————————————————————————


2024-11-28 21:21:50,840 - INFO Retriever 0 - Agent主脑给出的回答为：{
    "get_folder_info": {
        "target_folder_path": "D:/my_file/MyFile/YunSi/Project/Games/Cocos/CocosCyberpunk_all/CocosCyberpunk/Assets/Resources"
    }
}
2024-11-28 21:21:50,840 - INFO Retriever 0 - 是否成功解析：True
2024-11-28 21:21:50,840 - INFO Retriever 0 - operation_type (__det_dir_action):
2024-11-28 21:21:50,840 - INFO Retriever 0 - get_folder_info
2024-11-28 21:21:50,841 - INFO Retriever 0 - 

——————————————————————————————————————————————————————————————————————————————————————————————————————————————————————————
2024-11-28 21:21:50,841 - INFO Retriever 0 - Assistant:
2024-11-28 21:21:50,841 - INFO Retriever 0 - {
    "get_folder_info": {
        "target_folder_path": "D:/my_file/MyFile/YunSi/Project/Games/Cocos/CocosCyberpunk_all/CocosCyberpunk/Assets/Resources"
    }
}
2024-11-28 21:21:50,841 - INFO Retriever 0 - dict_keys(['get_folder_info'])
2024-11-28 21:21:50,841 - INFO Retriever 0 - Agent主脑给出的行动：get_folder_info
参数：{'target_folder_path': 'D:/my_file/MyFile/YunSi/Project/Games/Cocos/CocosCyberpunk_all/CocosCyberpunk/Assets/Resources'}
2024-11-28 21:21:50,999 - INFO Retriever 0 - Observer: 目标路径D:/my_file/MyFile/YunSi/Project/Games/Cocos/CocosCyberpunk_all/CocosCyberpunk/Assets/Resources不存在。

2024-11-28 21:21:51,002 - INFO Retriever 0 - 

————————————————————————————————————————————————————————————————
2024-11-28 21:21:51,002 - INFO Retriever 0 - 当前窗口总长度：35
2024-11-28 21:21:51,002 - INFO Retriever 0 - 当前更新窗口长度：26
2024-11-28 21:21:51,002 - INFO Retriever 0 - 当前更新窗口长度：26
2024-11-28 21:21:51,003 - INFO Retriever 0 - ————————————————————————————————————————————————————————————————


2024-11-28 21:21:55,874 - INFO Retriever 0 - Agent主脑给出的回答为：{
    "deep_think": {
        "thoughts": "在尝试获取“Scripts”和“Resources”文件夹的信息时，发现这些路径不存在。这可能是因为项目结构不同，或者这些文件夹被放置在了其他位置。为了找到与切换武器功能相关的脚本或配置文件，我需要进一步探索项目结构。我将尝试获取“Assets”目录下的其他文件夹信息，以寻找可能包含相关脚本的文件夹。"
    }
}
2024-11-28 21:21:55,874 - INFO Retriever 0 - 是否成功解析：True
2024-11-28 21:21:55,875 - INFO Retriever 0 - operation_type (__det_dir_action):
2024-11-28 21:21:55,875 - INFO Retriever 0 - deep_think
2024-11-28 21:21:55,875 - INFO Retriever 0 - 

——————————————————————————————————————————————————————————————————————————————————————————————————————————————————————————
2024-11-28 21:21:55,875 - INFO Retriever 0 - Assistant:
2024-11-28 21:21:55,875 - INFO Retriever 0 - {
    "deep_think": {
        "thoughts": "在尝试获取“Scripts”和“Resources”文件夹的信息时，发现这些路径不存在。这可能是因为项目结构不同，或者这些文件夹被放置在了其他位置。为了找到与切换武器功能相关的脚本或配置文件，我需要进一步探索项目结构。我将尝试获取“Assets”目录下的其他文件夹信息，以寻找可能包含相关脚本的文件夹。"
    }
}
2024-11-28 21:21:55,875 - INFO Retriever 0 - dict_keys(['deep_think'])
2024-11-28 21:21:55,876 - INFO Retriever 0 - Agent主脑给出的行动：deep_think
参数：{'thoughts': '在尝试获取“Scripts”和“Resources”文件夹的信息时，发现这些路径不存在。这可能是因为项目结构不同，或者这些文件夹被放置在了其他位置。为了找到与切换武器功能相关的脚本或配置文件，我需要进一步探索项目结构。我将尝试获取“Assets”目录下的其他文件夹信息，以寻找可能包含相关脚本的文件夹。', 'repeat_counter': 1, 'continue_think_counter': 1}
2024-11-28 21:21:55,876 - INFO Retriever 0 - Observer: 好的，请继续你的下一步行动或思考。
2024-11-28 21:21:55,877 - INFO Retriever 0 - 

————————————————————————————————————————————————————————————————
2024-11-28 21:21:55,877 - INFO Retriever 0 - 当前窗口总长度：37
2024-11-28 21:21:55,877 - INFO Retriever 0 - 当前更新窗口长度：28
2024-11-28 21:21:55,878 - INFO Retriever 0 - 当前更新窗口长度：28
2024-11-28 21:21:55,878 - INFO Retriever 0 - ————————————————————————————————————————————————————————————————


2024-11-28 21:22:01,222 - INFO Retriever 0 - Agent主脑给出的回答为：{
    "get_folder_info": {
        "target_folder_path": "D:/my_file/MyFile/YunSi/Project/Games/Cocos/CocosCyberpunk_all/CocosCyberpunk/Assets"
    }
}
2024-11-28 21:22:01,222 - INFO Retriever 0 - 是否成功解析：True
2024-11-28 21:22:01,222 - INFO Retriever 0 - operation_type (__det_dir_action):
2024-11-28 21:22:01,222 - INFO Retriever 0 - get_folder_info
2024-11-28 21:22:01,223 - INFO Retriever 0 - 

——————————————————————————————————————————————————————————————————————————————————————————————————————————————————————————
2024-11-28 21:22:01,223 - INFO Retriever 0 - Assistant:
2024-11-28 21:22:01,223 - INFO Retriever 0 - {
    "get_folder_info": {
        "target_folder_path": "D:/my_file/MyFile/YunSi/Project/Games/Cocos/CocosCyberpunk_all/CocosCyberpunk/Assets"
    }
}
2024-11-28 21:22:01,223 - INFO Retriever 0 - dict_keys(['get_folder_info'])
2024-11-28 21:22:01,223 - INFO Retriever 0 - Agent主脑给出的行动：get_folder_info
参数：{'target_folder_path': 'D:/my_file/MyFile/YunSi/Project/Games/Cocos/CocosCyberpunk_all/CocosCyberpunk/Assets'}
2024-11-28 21:22:01,375 - INFO Retriever 0 - Observer: 目标路径D:/my_file/MyFile/YunSi/Project/Games/Cocos/CocosCyberpunk_all/CocosCyberpunk/Assets不存在。

2024-11-28 21:22:01,378 - INFO Retriever 0 - 

————————————————————————————————————————————————————————————————
2024-11-28 21:22:01,378 - INFO Retriever 0 - 当前窗口总长度：39
2024-11-28 21:22:01,378 - INFO Retriever 0 - 当前更新窗口长度：30
2024-11-28 21:22:01,378 - INFO Retriever 0 - 当前更新窗口长度：30
2024-11-28 21:22:01,378 - INFO Retriever 0 - ————————————————————————————————————————————————————————————————


2024-11-28 21:22:06,485 - INFO Retriever 0 - Agent主脑给出的回答为：{
    "deep_think": {
        "thoughts": "在尝试获取“Assets”目录下的其他文件夹信息时，发现目标路径不存在。这可能是因为提供的路径不正确，或者项目结构与我预期的不同。为了找到与切换武器功能相关的脚本或配置文件，我需要重新确认项目路径。我将尝试获取“D:/my_file/MyFile/YunSi/Project/Games/Cocos/CocosCyberpunk_all/CocosCyberpunk”目录下的文件夹信息，以重新确认项目结构。"
    }
}
2024-11-28 21:22:06,486 - INFO Retriever 0 - 是否成功解析：True
2024-11-28 21:22:06,487 - INFO Retriever 0 - operation_type (__det_dir_action):
2024-11-28 21:22:06,487 - INFO Retriever 0 - deep_think
2024-11-28 21:22:06,487 - INFO Retriever 0 - 

——————————————————————————————————————————————————————————————————————————————————————————————————————————————————————————
2024-11-28 21:22:06,487 - INFO Retriever 0 - Assistant:
2024-11-28 21:22:06,487 - INFO Retriever 0 - {
    "deep_think": {
        "thoughts": "在尝试获取“Assets”目录下的其他文件夹信息时，发现目标路径不存在。这可能是因为提供的路径不正确，或者项目结构与我预期的不同。为了找到与切换武器功能相关的脚本或配置文件，我需要重新确认项目路径。我将尝试获取“D:/my_file/MyFile/YunSi/Project/Games/Cocos/CocosCyberpunk_all/CocosCyberpunk”目录下的文件夹信息，以重新确认项目结构。"
    }
}
2024-11-28 21:22:06,488 - INFO Retriever 0 - dict_keys(['deep_think'])
2024-11-28 21:22:06,488 - INFO Retriever 0 - Agent主脑给出的行动：deep_think
参数：{'thoughts': '在尝试获取“Assets”目录下的其他文件夹信息时，发现目标路径不存在。这可能是因为提供的路径不正确，或者项目结构与我预期的不同。为了找到与切换武器功能相关的脚本或配置文件，我需要重新确认项目路径。我将尝试获取“D:/my_file/MyFile/YunSi/Project/Games/Cocos/CocosCyberpunk_all/CocosCyberpunk”目录下的文件夹信息，以重新确认项目结构。', 'repeat_counter': 1, 'continue_think_counter': 1}
2024-11-28 21:22:06,488 - INFO Retriever 0 - Observer: 好的，请继续你的下一步行动或思考。
2024-11-28 21:22:06,490 - INFO Retriever 0 - 

————————————————————————————————————————————————————————————————
2024-11-28 21:22:06,490 - INFO Retriever 0 - 当前窗口总长度：41
2024-11-28 21:22:06,490 - INFO Retriever 0 - 当前更新窗口长度：32
2024-11-28 21:22:06,490 - INFO Retriever 0 - 当前更新窗口长度：32
2024-11-28 21:22:06,490 - INFO Retriever 0 - ————————————————————————————————————————————————————————————————


2024-11-28 21:22:11,512 - INFO Retriever 0 - Agent主脑给出的回答为：{
    "get_folder_info": {
        "target_folder_path": "D:/my_file/MyFile/YunSi/Project/Games/Cocos/CocosCyberpunk_all/CocosCyberpunk"
    }
}
2024-11-28 21:22:11,513 - INFO Retriever 0 - 是否成功解析：True
2024-11-28 21:22:11,513 - INFO Retriever 0 - operation_type (__det_dir_action):
2024-11-28 21:22:11,513 - INFO Retriever 0 - get_folder_info
2024-11-28 21:22:11,513 - INFO Retriever 0 - 

——————————————————————————————————————————————————————————————————————————————————————————————————————————————————————————
2024-11-28 21:22:11,514 - INFO Retriever 0 - Assistant:
2024-11-28 21:22:11,514 - INFO Retriever 0 - {
    "get_folder_info": {
        "target_folder_path": "D:/my_file/MyFile/YunSi/Project/Games/Cocos/CocosCyberpunk_all/CocosCyberpunk"
    }
}
2024-11-28 21:22:11,514 - INFO Retriever 0 - dict_keys(['get_folder_info'])
2024-11-28 21:22:11,514 - INFO Retriever 0 - Agent主脑给出的行动：get_folder_info
参数：{'target_folder_path': 'D:/my_file/MyFile/YunSi/Project/Games/Cocos/CocosCyberpunk_all/CocosCyberpunk'}
2024-11-28 21:22:11,527 - INFO Retriever 0 - Observer: 目标文件夹路径：D:/my_file/MyFile/YunSi/Project/Games/Cocos/CocosCyberpunk_all/CocosCyberpunk
文件结构树（该结构树可能不完整，仅返回深度小于等于1层的子文件以及文件夹）：
├── .DS_Store
├── .gitignore
├── README.md
├── assets
│   ├── .DS_Store
│   ├── LightFX
│   ...
│   ├── test
├── extensions
│   └── pipeline
├── library
│   ├── .assets-data.json
│   ├── .assets-dependency.json
│   ├── .assets-info1.0.0.json
│   ...
│   ├── fe
│   └── ff
├── licenses
│   ├── Cocos Cyberpunk Copyright Notice.md
│   ├── Cocos Cyberpunk 内容许可协议.md
│   └── Cocos Cyberpunnk Content License Agreement.md
├── package-lock.json
├── package.json
├── profiles
│   └── v2
├── settings
│   └── v2
├── temp
│   ├── asset-db
│   ├── declarations
│   ├── logs
│   ├── profiles
│   ├── programming
│   └── tsconfig.cocos.json
└── tsconfig.json


其中，部分主要文件及文件夹的信息如下：
1. .git
# 路径:D:/my_file/MyFile/YunSi/Project/Games/Cocos/CocosCyberpunk_all/CocosCyberpunk\.git
# 内容概述:该Git仓库文件夹包含钩子脚本、信息管理配置、空对象存储和引用信息。钩子脚本如applypatch-msg和commit-msg等，用于自定义Git行为；info文件夹中的exclude文件用于筛选信息；objects文件夹预留空文件可能用于未来存储；refs文件夹的heads和tags子文件夹目前为空，但用于存储引用和标签。配置文件config和description提供仓库设置和描述，而HEAD文件指示当前活跃分支。

2. assets
# 路径:D:/my_file/MyFile/YunSi/Project/Games/Cocos/CocosCyberpunk_all/CocosCyberpunk\assets
# 内容概述:“assets”文件夹汇集了游戏或动画项目的多种资源，包括动画、图形渲染文件、3D模型材质、场景设置以及开发脚本。其中，动画和场景开发资源如“animations”和“scene-development”文件夹，以及“resources”资源包，构成了项目的核心内容。图形渲染和视觉特效方面，有“LightFX”和“scene”文件夹提供支持。此外，包含Unity预制体和Cocos Creator脚本的“scripts”和“src”文件夹，则负责游戏逻辑和性能优化。整体而言，这些资源共同支撑起项目的视觉呈现和功能实现。

3. extensions
# 路径:D:/my_file/MyFile/YunSi/Project/Games/Cocos/CocosCyberpunk_all/CocosCyberpunk\extensions
# 内容概述:### 文件夹内容概述

“extensions”文件夹是针对游戏开发的资源库，整合了类型定义、组件脚本、工具集、渲染效果等资源，旨在为开发者提供全面的开发支持。它包含类型定义文件、Cocos Creator插件、国际化配置、Vue.js组件、静态资源以及项目配置文件，所有内容相互关联，共同构建了一个完整且优化的游戏开发环境。

4. licenses
# 路径:D:/my_file/MyFile/YunSi/Project/Games/Cocos/CocosCyberpunk_all/CocosCyberpunk\licenses
# 内容概述:该“licenses”文件夹汇集了Cocos Cyberpunk的版权声明与内容许可协议，旨在明确用户在使用Cocos Cyberpunk源代码及艺术资源时的许可条款。版权声明详细说明了许可类型、使用限制和知识产权归属，而内容许可协议则进一步阐述了用户的使用权利、义务、隐私政策及免责声明，确保用户在遵守相关条款的前提下，合法、合规地使用软件资源。

5. profiles
# 路径:D:/my_file/MyFile/YunSi/Project/Games/Cocos/CocosCyberpunk_all/CocosCyberpunk\profiles
# 内容概述:"‘profiles’文件夹汇集了项目在不同开发环境与平台上的配置文件，包括编辑器设置和针对Android、iOS等平台的构建配置，旨在简化项目部署与构建流程。"

6. settings
# 路径:D:/my_file/MyFile/YunSi/Project/Games/Cocos/CocosCyberpunk_all/CocosCyberpunk\settings
# 内容概述:### 文件夹内容概览
"settings"文件夹是游戏或应用的配置中心，包含`default-profiles`（预留的配置文件夹）和`packages`（存储针对不同平台和组件的JSON配置文件），确保软件在不同平台上的正确设置和运行。

7. temp
# 路径:D:/my_file/MyFile/YunSi/Project/Games/Cocos/CocosCyberpunk_all/CocosCyberpunk\temp
# 内容概述:“temp”文件夹集成了项目资源数据库、开发工具配置、运行日志、资源管理和场景配置文件，以及TypeScript编译器设置。其中，资源数据库“asset-db”整理了图像、效果和模型等资源，并记录了转换和系统日志；声明文件“declarations”提供了Cocos Creator框架的类型信息；日志文件“logs”追踪项目运行细节；“profiles”存储资源状态和场景配置；“programming”包含系统日志和版本信息；而“tsconfig.cocos.json”确保了TypeScript代码的编译正确性。这些文件和文件夹相互关联，共同支撑项目的开发和管理。

8. .DS_Store
# 路径:D:/my_file/MyFile/YunSi/Project/Games/Cocos/CocosCyberpunk_all/CocosCyberpunk\.DS_Store
# 内容概述:这是一个名为“.DS_Store”的文件。

9. .gitignore
# 路径:D:/my_file/MyFile/YunSi/Project/Games/Cocos/CocosCyberpunk_all/CocosCyberpunk\.gitignore
# 内容概述:这是一个名为“.gitignore”的文件。

10. package-lock.json
# 路径:D:/my_file/MyFile/YunSi/Project/Games/Cocos/CocosCyberpunk_all/CocosCyberpunk\package-lock.json
# 内容概述:该“package-lock.json”文件记录了名为“NewProject”的项目的版本3.7.0的依赖信息，包括所有直接和开发依赖的版本号及来源。文件采用锁文件版本2，确保了项目在不同环境中的依赖一致性。

11. package.json
# 路径:D:/my_file/MyFile/YunSi/Project/Games/Cocos/CocosCyberpunk_all/CocosCyberpunk\package.json
# 内容概述:### 简要总结
“package.json”文件为CocosCyberpunk项目提供了核心配置，包括项目名称、UUID、创建者版本（3.8.4）、项目版本（3.8.0）以及开发依赖（如ESLint和ESLint-plugin-react）。此外，文件中还包含了用于标识和存储的_sourceId和_storeId。

12. README.md
# 路径:D:/my_file/MyFile/YunSi/Project/Games/Cocos/CocosCyberpunk_all/CocosCyberpunk\README.md
# 内容概述:### 简化版总结

Cocos Cyberpunk 是一款以Cyberpunk艺术风格为特色的Cocos Creator高级功能演示项目。版本v1.6基于Cocos Creator v3.7.1及以上版本，支持Windows、macOS、iOS和Android平台。项目资源受Cocos版权保护，用户需遵守相关许可协议。项目包含可玩场景、城市环境、游戏预制件和逻辑脚本，适用于移动触摸屏和桌面键盘鼠标操作。游戏场景艺术由The ArtCore studios制作。

13. tsconfig.json
# 路径:D:/my_file/MyFile/YunSi/Project/Games/Cocos/CocosCyberpunk_all/CocosCyberpunk\tsconfig.json
# 内容概述:### 文本分析员AI

#### 文本文件内容总结

- 该文件是 TypeScript 编译器配置文件 `tsconfig.json`，继承自 `./temp/tsconfig.cocos.json`。它定义了编译选项，如输出模块格式为 ES2022，兼容目标为 ES2017，并启用了合成默认导入和跳过库检查等特性。


2024-11-28 21:22:11,531 - INFO Retriever 0 - 

————————————————————————————————————————————————————————————————
2024-11-28 21:22:11,531 - INFO Retriever 0 - 当前窗口总长度：43
2024-11-28 21:22:11,531 - INFO Retriever 0 - 当前更新窗口长度：34
2024-11-28 21:22:11,532 - INFO Retriever 0 - 当前更新窗口长度：34
2024-11-28 21:22:11,532 - INFO Retriever 0 - ————————————————————————————————————————————————————————————————


2024-11-28 21:22:14,138 - INFO Retriever 0 - Agent主脑给出的回答为：{
    "deep_think": {
        "thoughts": "在获取了项目结构信息后，我发现“assets”文件夹是项目资源的主要存放地，其中可能包含与切换武器功能相关的脚本或配置文件。我将使用get_folder_info操作，将“assets”文件夹的路径作为target_folder_path参数进行传入，来获取该文件夹下的文件信息，以便寻找可能包含切换武器逻辑的脚本文件。"
    }
}
2024-11-28 21:22:14,139 - INFO Retriever 0 - 是否成功解析：True
2024-11-28 21:22:14,139 - INFO Retriever 0 - operation_type (__det_dir_action):
2024-11-28 21:22:14,139 - INFO Retriever 0 - deep_think
2024-11-28 21:22:14,140 - INFO Retriever 0 - 

——————————————————————————————————————————————————————————————————————————————————————————————————————————————————————————
2024-11-28 21:22:14,140 - INFO Retriever 0 - Assistant:
2024-11-28 21:22:14,140 - INFO Retriever 0 - {
    "deep_think": {
        "thoughts": "在获取了项目结构信息后，我发现“assets”文件夹是项目资源的主要存放地，其中可能包含与切换武器功能相关的脚本或配置文件。我将使用get_folder_info操作，将“assets”文件夹的路径作为target_folder_path参数进行传入，来获取该文件夹下的文件信息，以便寻找可能包含切换武器逻辑的脚本文件。"
    }
}
2024-11-28 21:22:14,140 - INFO Retriever 0 - dict_keys(['deep_think'])
2024-11-28 21:22:14,141 - INFO Retriever 0 - Agent主脑给出的行动：deep_think
参数：{'thoughts': '在获取了项目结构信息后，我发现“assets”文件夹是项目资源的主要存放地，其中可能包含与切换武器功能相关的脚本或配置文件。我将使用get_folder_info操作，将“assets”文件夹的路径作为target_folder_path参数进行传入，来获取该文件夹下的文件信息，以便寻找可能包含切换武器逻辑的脚本文件。', 'repeat_counter': 1, 'continue_think_counter': 1}
2024-11-28 21:22:14,141 - INFO Retriever 0 - Observer: 好的，请继续你的下一步行动或思考。
2024-11-28 21:22:14,142 - INFO Retriever 0 - 

————————————————————————————————————————————————————————————————
2024-11-28 21:22:14,142 - INFO Retriever 0 - 当前窗口总长度：45
2024-11-28 21:22:14,142 - INFO Retriever 0 - 当前更新窗口长度：36
2024-11-28 21:22:14,144 - INFO Retriever 0 - 当前更新窗口长度：36
2024-11-28 21:22:14,144 - INFO Retriever 0 - ————————————————————————————————————————————————————————————————


2024-11-28 21:22:17,389 - INFO Retriever 0 - Agent主脑给出的回答为：{
    "get_folder_info": {
        "target_folder_path": "D:/my_file/MyFile/YunSi/Project/Games/Cocos/CocosCyberpunk_all/CocosCyberpunk/assets"
    }
}
2024-11-28 21:22:17,389 - INFO Retriever 0 - 是否成功解析：True
2024-11-28 21:22:17,390 - INFO Retriever 0 - operation_type (__det_dir_action):
2024-11-28 21:22:17,390 - INFO Retriever 0 - get_folder_info
2024-11-28 21:22:17,390 - INFO Retriever 0 - 

——————————————————————————————————————————————————————————————————————————————————————————————————————————————————————————
2024-11-28 21:22:17,390 - INFO Retriever 0 - Assistant:
2024-11-28 21:22:17,390 - INFO Retriever 0 - {
    "get_folder_info": {
        "target_folder_path": "D:/my_file/MyFile/YunSi/Project/Games/Cocos/CocosCyberpunk_all/CocosCyberpunk/assets"
    }
}
2024-11-28 21:22:17,391 - INFO Retriever 0 - dict_keys(['get_folder_info'])
2024-11-28 21:22:17,391 - INFO Retriever 0 - Agent主脑给出的行动：get_folder_info
参数：{'target_folder_path': 'D:/my_file/MyFile/YunSi/Project/Games/Cocos/CocosCyberpunk_all/CocosCyberpunk/assets'}
2024-11-28 21:22:17,403 - INFO Retriever 0 - Observer: 目标文件夹路径：D:/my_file/MyFile/YunSi/Project/Games/Cocos/CocosCyberpunk_all/CocosCyberpunk/assets
文件结构树（该结构树可能不完整，仅返回深度小于等于1层的子文件以及文件夹）：
├── .DS_Store
├── LightFX
│   ├── lfx.log
│   ├── output
│   ├── tmp
├── animations
│   ├── animation.anim
├── res
│   ├── animation-mask
│   ├── animations
│   ...
│   ├── ui
├── resources
│   ├── action
│   ├── actor
│   ...
│   ├── ui
├── scene
│   ├── reflectionProbe_0.png
│   ├── reflectionProbe_0_convolution
│   ├── reflectionProbe_1.png
│   ├── reflectionProbe_1_convolution
│   ├── reflectionProbe_2.png
│   ├── reflectionProbe_2_convolution
├── scene-development
│   ├── scene-animation-graph.scene
│   ├── scene-animation.scene
│   ...
│   ├── scene-waypath.scene
├── scene-game-start.scene
├── scene.scene
├── scripts
│   ├── .DS_Store
│   ├── core
│   ├── gm
│   ├── logic
│   ├── test
├── src
│   ├── utils
├── test
│   ├── LightFX
│   ├── animation-to-oribit.ts
│   ...
│   ├── test-transparent.mtl


其中，部分主要文件及文件夹的信息如下：
1. assets
# 路径:D:/my_file/MyFile/YunSi/Project/Games/Cocos/CocosCyberpunk_all/CocosCyberpunk\assets
# 内容概述:“assets”文件夹汇集了游戏或动画项目的多种资源，包括动画、图形渲染文件、3D模型材质、场景设置以及开发脚本。其中，动画和场景开发资源如“animations”和“scene-development”文件夹，以及“resources”资源包，构成了项目的核心内容。图形渲染和视觉特效方面，有“LightFX”和“scene”文件夹提供支持。此外，包含Unity预制体和Cocos Creator脚本的“scripts”和“src”文件夹，则负责游戏逻辑和性能优化。整体而言，这些资源共同支撑起项目的视觉呈现和功能实现。

2. animations
# 路径:D:/my_file/MyFile/YunSi/Project/Games/Cocos/CocosCyberpunk_all/CocosCyberpunk\assets\animations
# 内容概述:该“animations”文件夹专注于存储动画资源，其中包含一个名为“animation.anim”的动画文件，直接反映了文件夹的核心内容。

3. LightFX
# 路径:D:/my_file/MyFile/YunSi/Project/Games/Cocos/CocosCyberpunk_all/CocosCyberpunk\assets\LightFX
# 内容概述:“LightFX”文件夹汇集了与三维模型渲染相关的文件，包括配置文件“lfx.out”、渲染视图图片（如LFX_Mesh_0000.png至LFX_Mesh_0011.png）以及日志文件“lfx.log”，后者记录了渲染过程的关键信息。此外，子文件夹“tmp”内含有临时数据和备份文件，可能与渲染过程或程序运行日志相关联。

4. res
# 路径:D:/my_file/MyFile/YunSi/Project/Games/Cocos/CocosCyberpunk_all/CocosCyberpunk\assets\res
# 内容概述:“res”文件夹汇集了多种资源，包括动画遮罩、动画文件、曲线模型、特效、3D模型、材质、音频、UI设计等，主要用于游戏和动画制作。其中，动画文件如“animations”和“player_modes”包含角色动作和UI效果，3D模型如“enemy_model”和“meshes”则涉及角色和场景构建，特效文件夹“effect”和“muzzle_enemy”提供了视觉和音效支持。此外，还有字体、材质、音频、UI设计等资源，共同构成了一个完整的游戏或动画项目资源库。

5. resources
# 路径:D:/my_file/MyFile/YunSi/Project/Games/Cocos/CocosCyberpunk_all/CocosCyberpunk\assets\resources
# 内容概述:“resources”文件夹是游戏开发的核心资源库，汇集了动作配置、角色预制、AI行为定义、曲线资源、详细数据配置、特效预制、图标与分数等级图片、本地化文本、3D模型网格、音频资源、UI组件以及资源缓存配置。这些资源相互关联，共同支撑着游戏的核心功能、视觉表现、交互体验和本地化需求。

6. scene
# 路径:D:/my_file/MyFile/YunSi/Project/Games/Cocos/CocosCyberpunk_all/CocosCyberpunk\assets\scene
# 内容概述:“scene”文件夹汇集了多个子文件夹，每个包含从“mipmap_0.png”至“mipmap_5.png”的纹理文件，用于优化3D场景中反射探针的渲染效果。这些文件夹共同服务于模拟环境反射，确保在不同距离和视角下提供高质量的图像效果。

7. scene-development
# 路径:D:/my_file/MyFile/YunSi/Project/Games/Cocos/CocosCyberpunk_all/CocosCyberpunk\assets\scene-development
# 内容概述:“scene-development”文件夹汇集了多个场景开发相关文件，包括动画流程图、玩家动画、UI界面、射击线等，旨在支持游戏或动画项目的场景构建与交互设计。文件类型多样，如动画场景、标志、菜单、测试资源加载等，彼此间紧密关联，共同构成了项目场景开发的完整资源集。

8. scripts
# 路径:D:/my_file/MyFile/YunSi/Project/Games/Cocos/CocosCyberpunk_all/CocosCyberpunk\assets\scripts
# 内容概述:"scripts"文件夹汇集了游戏开发的关键脚本，包括用于Mac OS X系统文件夹设置的`.DS_Store`文件，以及针对Cocos Creator的游戏管理脚本（如`gm.ts`和`dev.ts`）。核心逻辑部分由`logic`文件夹中的多个子文件夹构成，涵盖角色系统、动画、相机控制等，而`test`文件夹则专注于游戏组件的测试，如导航、物理和动画。这些脚本和文件共同支撑着游戏的整体架构和功能实现。

9. src
# 路径:D:/my_file/MyFile/YunSi/Project/Games/Cocos/CocosCyberpunk_all/CocosCyberpunk\assets\src
# 内容概述:“src”文件夹汇集了针对Cocos Creator和Unity引擎的优化脚本，包括用于Cocos Creator的`disable-update-ubo.ts`，旨在减少UBO更新以提升性能；以及Unity的`switch-probe.ts`，用于调整反射探针以优化视觉效果。这些脚本共同服务于游戏渲染性能的提升。

10. test
# 路径:D:/my_file/MyFile/YunSi/Project/Games/Cocos/CocosCyberpunk_all/CocosCyberpunk\assets\test
# 内容概述:"test"文件夹汇集了视觉特效渲染、游戏开发及场景构建的相关文件。其中，"LightFX"子文件夹存储项目输出与日志，便于调试；"scripts"子文件夹包含游戏开发脚本，如场景建模和摄像机控制。此外，存在多个场景文件和预制体，用于构建游戏环境，以及材质文件和特效文件，增强视觉效果。脚本如"animation-to-orbit.ts"和"test-reflect.ts"等，分别处理动画与相机轨道交互以及反射探针与材质的交互，体现了文件夹内容的多样性和功能性。

11. .DS_Store
# 路径:D:/my_file/MyFile/YunSi/Project/Games/Cocos/CocosCyberpunk_all/CocosCyberpunk\assets\.DS_Store
# 内容概述:这是一个名为“.DS_Store”的文件。

12. scene-game-start.scene
# 路径:D:/my_file/MyFile/YunSi/Project/Games/Cocos/CocosCyberpunk_all/CocosCyberpunk\assets\scene-game-start.scene
# 内容概述:这是一个名为“scene-game-start.scene”的文件。

13. scene.scene
# 路径:D:/my_file/MyFile/YunSi/Project/Games/Cocos/CocosCyberpunk_all/CocosCyberpunk\assets\scene.scene
# 内容概述:这是一个名为“scene.scene”的文件。


2024-11-28 21:22:17,406 - INFO Retriever 0 - 

————————————————————————————————————————————————————————————————
2024-11-28 21:22:17,407 - INFO Retriever 0 - 当前窗口总长度：47
2024-11-28 21:22:17,407 - INFO Retriever 0 - 当前更新窗口长度：38
2024-11-28 21:22:17,407 - INFO Retriever 0 - 当前更新窗口长度：38
2024-11-28 21:22:17,407 - INFO Retriever 0 - ————————————————————————————————————————————————————————————————


2024-11-28 21:22:23,135 - INFO Retriever 0 - Agent主脑给出的回答为：{
    "deep_think": {
        "thoughts": "在获取了“assets”文件夹下的文件信息后，我注意到“scripts”文件夹可能包含了与切换武器功能相关的脚本。我将使用get_folder_info操作，将“scripts”文件夹的路径作为target_folder_path参数进行传入，来获取该文件夹下的文件信息，以便寻找可能包含切换武器逻辑的脚本文件。"
    }
}
2024-11-28 21:22:23,135 - INFO Retriever 0 - 是否成功解析：True
2024-11-28 21:22:23,135 - INFO Retriever 0 - operation_type (__det_dir_action):
2024-11-28 21:22:23,136 - INFO Retriever 0 - deep_think
2024-11-28 21:22:23,136 - INFO Retriever 0 - 

——————————————————————————————————————————————————————————————————————————————————————————————————————————————————————————
2024-11-28 21:22:23,136 - INFO Retriever 0 - Assistant:
2024-11-28 21:22:23,136 - INFO Retriever 0 - {
    "deep_think": {
        "thoughts": "在获取了“assets”文件夹下的文件信息后，我注意到“scripts”文件夹可能包含了与切换武器功能相关的脚本。我将使用get_folder_info操作，将“scripts”文件夹的路径作为target_folder_path参数进行传入，来获取该文件夹下的文件信息，以便寻找可能包含切换武器逻辑的脚本文件。"
    }
}
2024-11-28 21:22:23,136 - INFO Retriever 0 - dict_keys(['deep_think'])
2024-11-28 21:22:23,137 - INFO Retriever 0 - Agent主脑给出的行动：deep_think
参数：{'thoughts': '在获取了“assets”文件夹下的文件信息后，我注意到“scripts”文件夹可能包含了与切换武器功能相关的脚本。我将使用get_folder_info操作，将“scripts”文件夹的路径作为target_folder_path参数进行传入，来获取该文件夹下的文件信息，以便寻找可能包含切换武器逻辑的脚本文件。', 'repeat_counter': 1, 'continue_think_counter': 1}
2024-11-28 21:22:23,137 - INFO Retriever 0 - Observer: 好的，请继续你的下一步行动或思考。
2024-11-28 21:22:23,139 - INFO Retriever 0 - 

————————————————————————————————————————————————————————————————
2024-11-28 21:22:23,139 - INFO Retriever 0 - 当前窗口总长度：49
2024-11-28 21:22:23,139 - INFO Retriever 0 - 当前更新窗口长度：40
2024-11-28 21:22:23,139 - INFO Retriever 0 - 当前更新窗口长度：40
2024-11-28 21:22:23,139 - INFO Retriever 0 - -- updated_window_size >= self._compress_window_size --
2024-11-28 21:22:23,139 - INFO Retriever 0 - 进行窗口压缩
