2024-11-28 21:15:30,862 - INFO Retriever 0 - Init Retriever.
2024-11-28 21:15:38,179 - INFO Retriever 0 - keywords:“['switch', '切换', 'change weapons', 'switch weapons', '功能', 'weapon', 'arms', 'change', '武器', '切换武器']”，“['switch', '切换', 'change weapons', 'role', 'switch weapons', 'armament', '功能', 'weapon', 'change', '武器', '切换武器']”，“['switch', '切换', 'change weapons', 'switch weapons', 'armament', '功能', 'feature', 'weapon', 'change', '武器', '切换武器']”
2024-11-28 21:15:38,180 - INFO Retriever 0 - deep_think_conent
:在获取了项目文件的顶层结构后，我还需要结合待查询的问题描述，对于项目中的文件和目录进行一些深度关键词检索。根据任务描述：“请在D:/my_file/MyFile/YunSi/Project/Games/Cocos/CocosCyberpunk_all/CocosCyberpunk\Assets下各级目录中寻找：项目中切换武器的功能是如何实现的？”，我总结出如下可能会出现在各个文件名或者文件内容中的关键词：“['switch', '切换', 'change weapons', 'switch weapons', '功能', 'weapon', 'arms', 'change', '武器', '切换武器']”，“['switch', '切换', 'change weapons', 'role', 'switch weapons', 'armament', '功能', 'weapon', 'change', '武器', '切换武器']”，“['switch', '切换', 'change weapons', 'switch weapons', 'armament', '功能', 'feature', 'weapon', 'change', '武器', '切换武器']”。
接下来，我将使用retrieve_keywords操作，在项目顶层路径“D:/my_file/MyFile/YunSi/Project/Games/Cocos/CocosCyberpunk_all/CocosCyberpunk\Assets”下检索这些关键词，从而大致把握可能与问题描述相关的文件或目录的路径。
2024-11-28 21:15:38,184 - INFO Retriever 0 - ——————————————————————————————————————————————————————————————————————————————————————————————————————————————————————————
2024-11-28 21:15:38,184 - INFO Retriever 0 - Assistant:
2024-11-28 21:15:38,185 - INFO Retriever 0 - {
    "deep_think": {
        "thoughts": "好的，接下来我将通过深度思考、仔细计划以及逐步执行的方式，来完成该任务。\n\n首先，在阅读详细的代码细节之前，应该先整体把握整个项目。\n\n在提供的可选的action中，可以通过get_folder_info操作，通过将项目顶层路径作为target_folder_path参数进行传入，来获取获取项目中主要文件夹和主要文件的描述，从而能够先大致把握项目文件的主要文件的文件树结构、基本内容、主要代码概述以及大致功能板块的分布。"
    }
}
2024-11-28 21:15:38,186 - INFO Retriever 0 - 
Observer:
2024-11-28 21:15:38,186 - INFO Retriever 0 - 好的，请继续你的下一步行动或思考。
2024-11-28 21:15:38,186 - INFO Retriever 0 - 
2024-11-28 21:15:38,367 - INFO Retriever 0 - ——————————————————————————————————————————————————————————————————————————————————————————————————————————————————————————
2024-11-28 21:15:38,367 - INFO Retriever 0 - Assistant:
2024-11-28 21:15:38,369 - INFO Retriever 0 - {
    "get_folder_info": {
        "target_folder_path": "D:/my_file/MyFile/YunSi/Project/Games/Cocos/CocosCyberpunk_all/CocosCyberpunk\\Assets"
    }
}
2024-11-28 21:15:38,369 - INFO Retriever 0 - 
Observer:
2024-11-28 21:15:38,369 - INFO Retriever 0 - 目标路径D:/my_file/MyFile/YunSi/Project/Games/Cocos/CocosCyberpunk_all/CocosCyberpunk\Assets不存在。

2024-11-28 21:15:38,369 - INFO Retriever 0 - 
2024-11-28 21:15:38,370 - INFO Retriever 0 - ——————————————————————————————————————————————————————————————————————————————————————————————————————————————————————————
2024-11-28 21:15:38,371 - INFO Retriever 0 - Assistant:
2024-11-28 21:15:38,372 - INFO Retriever 0 - {
    "deep_think": {
        "thoughts": "在获取了项目文件的顶层结构后，我还需要结合待查询的问题描述，对于项目中的文件和目录进行一些深度关键词检索。根据任务描述：“请在D:/my_file/MyFile/YunSi/Project/Games/Cocos/CocosCyberpunk_all/CocosCyberpunk\\Assets下各级目录中寻找：项目中切换武器的功能是如何实现的？”，我总结出如下可能会出现在各个文件名或者文件内容中的关键词：“['switch', '切换', 'change weapons', 'switch weapons', '功能', 'weapon', 'arms', 'change', '武器', '切换武器']”，“['switch', '切换', 'change weapons', 'role', 'switch weapons', 'armament', '功能', 'weapon', 'change', '武器', '切换武器']”，“['switch', '切换', 'change weapons', 'switch weapons', 'armament', '功能', 'feature', 'weapon', 'change', '武器', '切换武器']”。\n接下来，我将使用retrieve_keywords操作，在项目顶层路径“D:/my_file/MyFile/YunSi/Project/Games/Cocos/CocosCyberpunk_all/CocosCyberpunk\\Assets”下检索这些关键词，从而大致把握可能与问题描述相关的文件或目录的路径。"
    }
}
2024-11-28 21:15:38,372 - INFO Retriever 0 - 
Observer:
2024-11-28 21:15:38,373 - INFO Retriever 0 - 好的，请继续你的下一步行动或思考。
2024-11-28 21:15:38,373 - INFO Retriever 0 - 
2024-11-28 21:15:38,460 - INFO Retriever 0 - ——————————————————————————————————————————————————————————————————————————————————————————————————————————————————————————
2024-11-28 21:15:38,541 - INFO Retriever 0 - Assistant:
2024-11-28 21:15:38,554 - INFO Retriever 0 - {
    "retrieve_keywords": {
        "keyword_list": [
            [
                "switch",
                "切换",
                "change weapons",
                "switch weapons",
                "功能",
                "weapon",
                "arms",
                "change",
                "武器",
                "切换武器"
            ],
            [
                "switch",
                "切换",
                "change weapons",
                "role",
                "switch weapons",
                "armament",
                "功能",
                "weapon",
                "change",
                "武器",
                "切换武器"
            ],
            [
                "switch",
                "切换",
                "change weapons",
                "switch weapons",
                "armament",
                "功能",
                "feature",
                "weapon",
                "change",
                "武器",
                "切换武器"
            ]
        ]
    }
}
2024-11-28 21:15:38,699 - INFO Retriever 0 - 
Observer:
2024-11-28 21:15:38,699 - INFO Retriever 0 - 文件一：
* 文件绝对路径：D:/my_file/MyFile/YunSi/Project/Games/Cocos/CocosCyberpunk_all/CocosCyberpunk/assets/res/ui/ui_change_equips.prefab
* 文件内容概述：这是一个名为“ui_change_equips.prefab”的文件，是Cocos Creator中的一个预制件，可能与切换武器界面有关。
* 是否与问题相关：可能相关
* 具体分析：该预制件可能包含了实现武器切换功能的UI元素和逻辑。

文件二：
* 文件绝对路径：D:/my_file/MyFile/YunSi/Project/Games/Cocos/CocosCyberpunk_all/CocosCyberpunk/temp/programming/packer-driver/targets/editor/chunks/c5/c5d96c730550d11e4a5337f80c105c4d22bb1fd3.js
* 文件内容概述：这是一个TypeScript模块，包含了一个名为`SwitchLod`的LOD切换组件，用于控制3D模型的LOD级别。
* 是否与问题相关：不相关
* 具体分析：虽然该文件涉及到模型的切换，但它是关于LOD级别的切换，而不是武器切换功能。

文件三：
* 文件绝对路径：D:/my_file/MyFile/YunSi/Project/Games/Cocos/CocosCyberpunk_all/CocosCyberpunk/assets/res/ui/uijoystick/img_change_weapon_icon.png
* 文件内容概述：这是一个名为“img_change_weapon_icon.png”的图片文件，可能是武器切换图标的纹理。
* 是否与问题相关：可能相关
* 具体分析：该图标可能用于武器切换界面上，作为不同武器切换的标识。

文件四：
* 文件绝对路径：D:/my_file/MyFile/YunSi/Project/Games/Cocos/CocosCyberpunk_all/CocosCyberpunk/extensions/pipeline/pipeline/utils/switch-lod.ts
* 文件内容概述：这是一个自定义组件脚本，用于动态切换3D模型的LOD级别。
* 是否与问题相关：不相关
* 具体分析：与文件二类似，该文件也是关于LOD级别的切换，与武器切换功能无关。

综合以上分析，最可能与问题相关的文件是“ui_change_equips.prefab”和“img_change_weapon_icon.png”，它们可能分别包含了武器切换的界面逻辑和视觉元素。
2024-11-28 21:15:38,702 - INFO Retriever 0 - 
2024-11-28 21:15:42,947 - INFO Retriever 0 - Agent主脑给出的回答为：{
    "read_file": {
        "file_path": "D:/my_file/MyFile/YunSi/Project/Games/Cocos/CocosCyberpunk_all/CocosCyberpunk/assets/res/ui/ui_change_equips.prefab"
    }
}
2024-11-28 21:15:42,948 - INFO Retriever 0 - 是否成功解析：True
2024-11-28 21:15:42,948 - INFO Retriever 0 - operation_type (__det_dir_action):
2024-11-28 21:15:42,948 - INFO Retriever 0 - read_file
2024-11-28 21:15:42,948 - INFO Retriever 0 - 

——————————————————————————————————————————————————————————————————————————————————————————————————————————————————————————
2024-11-28 21:15:42,948 - INFO Retriever 0 - Assistant:
2024-11-28 21:15:42,949 - INFO Retriever 0 - {
    "read_file": {
        "file_path": "D:/my_file/MyFile/YunSi/Project/Games/Cocos/CocosCyberpunk_all/CocosCyberpunk/assets/res/ui/ui_change_equips.prefab"
    }
}
2024-11-28 21:15:42,949 - INFO Retriever 0 - dict_keys(['read_file'])
2024-11-28 21:15:42,949 - INFO Retriever 0 - Agent主脑给出的行动：read_file
参数：{'file_path': 'D:/my_file/MyFile/YunSi/Project/Games/Cocos/CocosCyberpunk_all/CocosCyberpunk/assets/res/ui/ui_change_equips.prefab', 'top_path': 'D:/my_file/MyFile/YunSi/Project/Games/Cocos/CocosCyberpunk_all/CocosCyberpunk\\Assets', 'return_file_sum': <bound method TreeGenerationAction.return_file_sum of <Action.tree_gen_action.TreeGenerationAction object at 0x0000022ED912D430>>}
2024-11-28 21:15:42,950 - INFO Retriever 0 - Observer: 路径 D:/my_file/MyFile/YunSi/Project/Games/Cocos/CocosCyberpunk_all/CocosCyberpunk/assets/res/ui/ui_change_equips.prefab 错误。
2024-11-28 21:15:42,951 - INFO Retriever 0 - 

————————————————————————————————————————————————————————————————
2024-11-28 21:15:42,951 - INFO Retriever 0 - 当前窗口总长度：11
2024-11-28 21:15:42,951 - INFO Retriever 0 - 当前更新窗口长度：2
2024-11-28 21:15:42,951 - INFO Retriever 0 - 当前更新窗口长度：2
2024-11-28 21:15:42,951 - INFO Retriever 0 - ————————————————————————————————————————————————————————————————


2024-11-28 21:15:50,162 - INFO Retriever 0 - Agent主脑给出的回答为：{
    "deep_think": {
        "thoughts": "看起来我在尝试读取文件时使用了错误的路径。可能是因为路径中存在空格或者特殊字符导致的。我需要修正路径字符串，确保它正确地表示了文件的绝对路径。我将重新尝试读取正确的路径，即使用双反斜杠转义空格，并且确保路径的每一部分都是正确的。正确的路径应该是：D:/my_file/MyFile/YunSi/Project/Games/Cocos/CocosCyberpunk_all/CocosCyberpunk\\assets\\res\\ui\\ui_change_equips.prefab。"
    }
}
2024-11-28 21:15:50,163 - INFO Retriever 0 - 是否成功解析：True
2024-11-28 21:15:50,163 - INFO Retriever 0 - operation_type (__det_dir_action):
2024-11-28 21:15:50,163 - INFO Retriever 0 - deep_think
2024-11-28 21:15:50,163 - INFO Retriever 0 - 

——————————————————————————————————————————————————————————————————————————————————————————————————————————————————————————
2024-11-28 21:15:50,164 - INFO Retriever 0 - Assistant:
2024-11-28 21:15:50,164 - INFO Retriever 0 - {
    "deep_think": {
        "thoughts": "看起来我在尝试读取文件时使用了错误的路径。可能是因为路径中存在空格或者特殊字符导致的。我需要修正路径字符串，确保它正确地表示了文件的绝对路径。我将重新尝试读取正确的路径，即使用双反斜杠转义空格，并且确保路径的每一部分都是正确的。正确的路径应该是：D:/my_file/MyFile/YunSi/Project/Games/Cocos/CocosCyberpunk_all/CocosCyberpunk\\assets\\res\\ui\\ui_change_equips.prefab。"
    }
}
2024-11-28 21:15:50,164 - INFO Retriever 0 - dict_keys(['deep_think'])
2024-11-28 21:15:50,164 - INFO Retriever 0 - Agent主脑给出的行动：deep_think
参数：{'thoughts': '看起来我在尝试读取文件时使用了错误的路径。可能是因为路径中存在空格或者特殊字符导致的。我需要修正路径字符串，确保它正确地表示了文件的绝对路径。我将重新尝试读取正确的路径，即使用双反斜杠转义空格，并且确保路径的每一部分都是正确的。正确的路径应该是：D:/my_file/MyFile/YunSi/Project/Games/Cocos/CocosCyberpunk_all/CocosCyberpunk\\assets\\res\\ui\\ui_change_equips.prefab。', 'repeat_counter': 1, 'continue_think_counter': 1}
2024-11-28 21:15:50,165 - INFO Retriever 0 - Observer: 好的，请继续你的下一步行动或思考。
2024-11-28 21:15:50,166 - INFO Retriever 0 - 

————————————————————————————————————————————————————————————————
2024-11-28 21:15:50,166 - INFO Retriever 0 - 当前窗口总长度：13
2024-11-28 21:15:50,166 - INFO Retriever 0 - 当前更新窗口长度：4
2024-11-28 21:15:50,166 - INFO Retriever 0 - 当前更新窗口长度：4
2024-11-28 21:15:50,166 - INFO Retriever 0 - ————————————————————————————————————————————————————————————————


2024-11-28 21:15:53,192 - INFO Retriever 0 - Agent主脑给出的回答为：{
    "read_file": {
        "file_path": "D:/my_file/MyFile/YunSi/Project/Games/Cocos/CocosCyberpunk_all/CocosCyberpunk\\assets\\res\\ui\\ui_change_equips.prefab"
    }
}
2024-11-28 21:15:53,192 - INFO Retriever 0 - 是否成功解析：True
2024-11-28 21:15:53,193 - INFO Retriever 0 - operation_type (__det_dir_action):
2024-11-28 21:15:53,193 - INFO Retriever 0 - read_file
2024-11-28 21:15:53,193 - INFO Retriever 0 - 

——————————————————————————————————————————————————————————————————————————————————————————————————————————————————————————
2024-11-28 21:15:53,194 - INFO Retriever 0 - Assistant:
2024-11-28 21:15:53,194 - INFO Retriever 0 - {
    "read_file": {
        "file_path": "D:/my_file/MyFile/YunSi/Project/Games/Cocos/CocosCyberpunk_all/CocosCyberpunk\\assets\\res\\ui\\ui_change_equips.prefab"
    }
}
2024-11-28 21:15:53,194 - INFO Retriever 0 - dict_keys(['read_file'])
2024-11-28 21:15:53,194 - INFO Retriever 0 - Agent主脑给出的行动：read_file
参数：{'file_path': 'D:/my_file/MyFile/YunSi/Project/Games/Cocos/CocosCyberpunk_all/CocosCyberpunk\\assets\\res\\ui\\ui_change_equips.prefab', 'top_path': 'D:/my_file/MyFile/YunSi/Project/Games/Cocos/CocosCyberpunk_all/CocosCyberpunk\\Assets', 'return_file_sum': <bound method TreeGenerationAction.return_file_sum of <Action.tree_gen_action.TreeGenerationAction object at 0x0000022ED912D430>>}
2024-11-28 21:15:53,196 - INFO Retriever 0 - Observer: 路径 D:/my_file/MyFile/YunSi/Project/Games/Cocos/CocosCyberpunk_all/CocosCyberpunk\assets\res\ui\ui_change_equips.prefab 错误。
2024-11-28 21:15:53,198 - INFO Retriever 0 - 

————————————————————————————————————————————————————————————————
2024-11-28 21:15:53,199 - INFO Retriever 0 - 当前窗口总长度：15
2024-11-28 21:15:53,199 - INFO Retriever 0 - 当前更新窗口长度：6
2024-11-28 21:15:53,199 - INFO Retriever 0 - 当前更新窗口长度：6
2024-11-28 21:15:53,200 - INFO Retriever 0 - ————————————————————————————————————————————————————————————————


2024-11-28 21:16:12,665 - INFO Retriever 0 - Agent主脑给出的回答为：{
    "deep_think": {
        "thoughts": "我再次遇到了路径错误的问题。这次我注意到，可能是因为在路径字符串中使用了单反斜杠，而在JSON字符串中单反斜杠被用作转义字符。因此，我需要确保使用双反斜杠来正确表示Windows文件路径。我将再次修正路径并尝试读取文件。正确的路径应该是：D:\\my_file\\MyFile\\YunSi\\Project\\Games\\Cocos\\CocosCyberpunk_all\\CocosCyberpunk\\assets\\res\\ui\\ui_change_equips.prefab。"
    }
}
2024-11-28 21:16:12,665 - INFO Retriever 0 - 是否成功解析：True
2024-11-28 21:16:12,665 - INFO Retriever 0 - operation_type (__det_dir_action):
2024-11-28 21:16:12,665 - INFO Retriever 0 - deep_think
2024-11-28 21:16:12,667 - INFO Retriever 0 - 

——————————————————————————————————————————————————————————————————————————————————————————————————————————————————————————
2024-11-28 21:16:12,667 - INFO Retriever 0 - Assistant:
2024-11-28 21:16:12,667 - INFO Retriever 0 - {
    "deep_think": {
        "thoughts": "我再次遇到了路径错误的问题。这次我注意到，可能是因为在路径字符串中使用了单反斜杠，而在JSON字符串中单反斜杠被用作转义字符。因此，我需要确保使用双反斜杠来正确表示Windows文件路径。我将再次修正路径并尝试读取文件。正确的路径应该是：D:\\my_file\\MyFile\\YunSi\\Project\\Games\\Cocos\\CocosCyberpunk_all\\CocosCyberpunk\\assets\\res\\ui\\ui_change_equips.prefab。"
    }
}
2024-11-28 21:16:12,667 - INFO Retriever 0 - dict_keys(['deep_think'])
2024-11-28 21:16:12,668 - INFO Retriever 0 - Agent主脑给出的行动：deep_think
参数：{'thoughts': '我再次遇到了路径错误的问题。这次我注意到，可能是因为在路径字符串中使用了单反斜杠，而在JSON字符串中单反斜杠被用作转义字符。因此，我需要确保使用双反斜杠来正确表示Windows文件路径。我将再次修正路径并尝试读取文件。正确的路径应该是：D:\\my_file\\MyFile\\YunSi\\Project\\Games\\Cocos\\CocosCyberpunk_all\\CocosCyberpunk\\assets\\res\\ui\\ui_change_equips.prefab。', 'repeat_counter': 1, 'continue_think_counter': 1}
2024-11-28 21:16:12,668 - INFO Retriever 0 - Observer: 好的，请继续你的下一步行动或思考。
2024-11-28 21:16:12,669 - INFO Retriever 0 - 

————————————————————————————————————————————————————————————————
2024-11-28 21:16:12,669 - INFO Retriever 0 - 当前窗口总长度：17
2024-11-28 21:16:12,669 - INFO Retriever 0 - 当前更新窗口长度：8
2024-11-28 21:16:12,669 - INFO Retriever 0 - 当前更新窗口长度：8
2024-11-28 21:16:12,670 - INFO Retriever 0 - ————————————————————————————————————————————————————————————————


2024-11-28 21:16:18,659 - INFO Retriever 0 - Agent主脑给出的回答为：{
    "read_file": {
        "file_path": "D:\\my_file\\MyFile\\YunSi\\Project\\Games\\Cocos\\CocosCyberpunk_all\\CocosCyberpunk\\assets\\res\\ui\\ui_change_equips.prefab"
    }
}
2024-11-28 21:16:18,659 - INFO Retriever 0 - 是否成功解析：True
2024-11-28 21:16:18,660 - INFO Retriever 0 - operation_type (__det_dir_action):
2024-11-28 21:16:18,660 - INFO Retriever 0 - read_file
2024-11-28 21:16:18,660 - INFO Retriever 0 - 

——————————————————————————————————————————————————————————————————————————————————————————————————————————————————————————
2024-11-28 21:16:18,660 - INFO Retriever 0 - Assistant:
2024-11-28 21:16:18,660 - INFO Retriever 0 - {
    "read_file": {
        "file_path": "D:\\my_file\\MyFile\\YunSi\\Project\\Games\\Cocos\\CocosCyberpunk_all\\CocosCyberpunk\\assets\\res\\ui\\ui_change_equips.prefab"
    }
}
2024-11-28 21:16:18,661 - INFO Retriever 0 - dict_keys(['read_file'])
2024-11-28 21:16:18,661 - INFO Retriever 0 - Agent主脑给出的行动：read_file
参数：{'file_path': 'D:\\my_file\\MyFile\\YunSi\\Project\\Games\\Cocos\\CocosCyberpunk_all\\CocosCyberpunk\\assets\\res\\ui\\ui_change_equips.prefab', 'top_path': 'D:/my_file/MyFile/YunSi/Project/Games/Cocos/CocosCyberpunk_all/CocosCyberpunk\\Assets', 'return_file_sum': <bound method TreeGenerationAction.return_file_sum of <Action.tree_gen_action.TreeGenerationAction object at 0x0000022ED912D430>>}
2024-11-28 21:16:18,662 - INFO Retriever 0 - Observer: 路径 D:\my_file\MyFile\YunSi\Project\Games\Cocos\CocosCyberpunk_all\CocosCyberpunk\assets\res\ui\ui_change_equips.prefab 错误。
2024-11-28 21:16:18,664 - INFO Retriever 0 - 

————————————————————————————————————————————————————————————————
2024-11-28 21:16:18,664 - INFO Retriever 0 - 当前窗口总长度：19
2024-11-28 21:16:18,664 - INFO Retriever 0 - 当前更新窗口长度：10
2024-11-28 21:16:18,665 - INFO Retriever 0 - 当前更新窗口长度：10
2024-11-28 21:16:18,665 - INFO Retriever 0 - ————————————————————————————————————————————————————————————————


2024-11-28 21:16:25,888 - INFO Retriever 0 - Agent主脑给出的回答为：{
    "deep_think": {
        "thoughts": "我之前连续尝试了错误的文件路径，这可能是由于我没有正确理解文件系统的路径结构或者有其他未注意到的问题。由于我已经尝试了多次并且都失败了，现在是时候重新检查提供的原始路径和文件名是否正确。我将再次检查原始路径，并确保我没有遗漏任何细节。如果确认原始路径有误，我将尝试通过上下文信息来寻找正确的路径。"
    }
}
2024-11-28 21:16:25,888 - INFO Retriever 0 - 是否成功解析：True
2024-11-28 21:16:25,888 - INFO Retriever 0 - operation_type (__det_dir_action):
2024-11-28 21:16:25,888 - INFO Retriever 0 - deep_think
2024-11-28 21:16:25,888 - INFO Retriever 0 - 

——————————————————————————————————————————————————————————————————————————————————————————————————————————————————————————
2024-11-28 21:16:25,888 - INFO Retriever 0 - Assistant:
2024-11-28 21:16:25,890 - INFO Retriever 0 - {
    "deep_think": {
        "thoughts": "我之前连续尝试了错误的文件路径，这可能是由于我没有正确理解文件系统的路径结构或者有其他未注意到的问题。由于我已经尝试了多次并且都失败了，现在是时候重新检查提供的原始路径和文件名是否正确。我将再次检查原始路径，并确保我没有遗漏任何细节。如果确认原始路径有误，我将尝试通过上下文信息来寻找正确的路径。"
    }
}
2024-11-28 21:16:25,890 - INFO Retriever 0 - dict_keys(['deep_think'])
2024-11-28 21:16:25,890 - INFO Retriever 0 - Agent主脑给出的行动：deep_think
参数：{'thoughts': '我之前连续尝试了错误的文件路径，这可能是由于我没有正确理解文件系统的路径结构或者有其他未注意到的问题。由于我已经尝试了多次并且都失败了，现在是时候重新检查提供的原始路径和文件名是否正确。我将再次检查原始路径，并确保我没有遗漏任何细节。如果确认原始路径有误，我将尝试通过上下文信息来寻找正确的路径。', 'repeat_counter': 1, 'continue_think_counter': 1}
2024-11-28 21:16:25,891 - INFO Retriever 0 - Observer: 好的，请继续你的下一步行动或思考。
2024-11-28 21:16:25,892 - INFO Retriever 0 - 

————————————————————————————————————————————————————————————————
2024-11-28 21:16:25,892 - INFO Retriever 0 - 当前窗口总长度：21
2024-11-28 21:16:25,893 - INFO Retriever 0 - 当前更新窗口长度：12
2024-11-28 21:16:25,893 - INFO Retriever 0 - 当前更新窗口长度：12
2024-11-28 21:16:25,893 - INFO Retriever 0 - ————————————————————————————————————————————————————————————————


2024-11-28 21:16:34,957 - INFO Retriever 0 - Agent主脑给出的回答为：{
    "deep_think": {
        "thoughts": "我重新检查了任务描述中提供的原始路径，并且确认了路径中应该包含正确的文件夹名和文件名。考虑到我之前尝试的路径都未能成功，这可能意味着该文件不存在于我所尝试的路径中。由于我已经在项目中查找了与切换武器功能可能相关的文件，但没有找到确切的脚本或配置文件，我可能需要扩大搜索范围或检查其他类型的文件，例如脚本文件（.js或.ts）或配置文件（.json或.config）。\n\n接下来，我将尝试在相同的目录下搜索包含关键词的脚本文件，看看是否能找到与切换武器功能相关的代码实现。"
    }
}
2024-11-28 21:16:34,957 - INFO Retriever 0 - 是否成功解析：True
2024-11-28 21:16:34,958 - INFO Retriever 0 - operation_type (__det_dir_action):
2024-11-28 21:16:34,958 - INFO Retriever 0 - deep_think
2024-11-28 21:16:34,958 - INFO Retriever 0 - 

——————————————————————————————————————————————————————————————————————————————————————————————————————————————————————————
2024-11-28 21:16:34,958 - INFO Retriever 0 - Assistant:
2024-11-28 21:16:34,959 - INFO Retriever 0 - {
    "deep_think": {
        "thoughts": "我重新检查了任务描述中提供的原始路径，并且确认了路径中应该包含正确的文件夹名和文件名。考虑到我之前尝试的路径都未能成功，这可能意味着该文件不存在于我所尝试的路径中。由于我已经在项目中查找了与切换武器功能可能相关的文件，但没有找到确切的脚本或配置文件，我可能需要扩大搜索范围或检查其他类型的文件，例如脚本文件（.js或.ts）或配置文件（.json或.config）。\n\n接下来，我将尝试在相同的目录下搜索包含关键词的脚本文件，看看是否能找到与切换武器功能相关的代码实现。"
    }
}
2024-11-28 21:16:34,959 - INFO Retriever 0 - dict_keys(['deep_think'])
2024-11-28 21:16:34,959 - INFO Retriever 0 - Agent主脑给出的行动：deep_think
参数：{'thoughts': '我重新检查了任务描述中提供的原始路径，并且确认了路径中应该包含正确的文件夹名和文件名。考虑到我之前尝试的路径都未能成功，这可能意味着该文件不存在于我所尝试的路径中。由于我已经在项目中查找了与切换武器功能可能相关的文件，但没有找到确切的脚本或配置文件，我可能需要扩大搜索范围或检查其他类型的文件，例如脚本文件（.js或.ts）或配置文件（.json或.config）。\n\n接下来，我将尝试在相同的目录下搜索包含关键词的脚本文件，看看是否能找到与切换武器功能相关的代码实现。', 'repeat_counter': 1, 'continue_think_counter': 1}
2024-11-28 21:16:34,960 - INFO Retriever 0 - Observer: 好的，请继续你的下一步行动或思考。
2024-11-28 21:16:34,961 - INFO Retriever 0 - 

————————————————————————————————————————————————————————————————
2024-11-28 21:16:34,961 - INFO Retriever 0 - 当前窗口总长度：23
2024-11-28 21:16:34,961 - INFO Retriever 0 - 当前更新窗口长度：14
2024-11-28 21:16:34,961 - INFO Retriever 0 - 当前更新窗口长度：14
2024-11-28 21:16:34,962 - INFO Retriever 0 - ————————————————————————————————————————————————————————————————


2024-11-28 21:16:39,734 - INFO Retriever 0 - Agent主脑给出的回答为：{
    "retrieve_keywords": {
        "keyword_list": [
            ["switch", "change weapons", "weapon", "切换武器"],
            ["Cocos Creator", "component", "script", "武器切换"]
        ]
    }
}
2024-11-28 21:16:39,736 - INFO Retriever 0 - 是否成功解析：True
2024-11-28 21:16:39,736 - INFO Retriever 0 - operation_type (__det_dir_action):
2024-11-28 21:16:39,736 - INFO Retriever 0 - retrieve_keywords
2024-11-28 21:16:39,736 - INFO Retriever 0 - 

——————————————————————————————————————————————————————————————————————————————————————————————————————————————————————————
2024-11-28 21:16:39,736 - INFO Retriever 0 - Assistant:
2024-11-28 21:16:39,736 - INFO Retriever 0 - {
    "retrieve_keywords": {
        "keyword_list": [
            ["switch", "change weapons", "weapon", "切换武器"],
            ["Cocos Creator", "component", "script", "武器切换"]
        ]
    }
}
2024-11-28 21:16:39,737 - INFO Retriever 0 - dict_keys(['retrieve_keywords'])
2024-11-28 21:16:39,737 - INFO Retriever 0 - Agent主脑给出的行动：retrieve_keywords
参数：{'keyword_list': [['switch', 'change weapons', 'weapon', '切换武器'], ['Cocos Creator', 'component', 'script', '武器切换']]}
