2024-11-28 21:15:30,863 - INFO Retriever 0 - Init Retriever.
2024-11-28 21:15:38,380 - INFO Retriever 0 - keywords:“['switch', '切换', 'change weapons', 'switch weapons', '功能', 'weapon', 'arms', 'change', '武器', '切换武器']”，“['switch', '切换', 'change weapons', 'role', 'switch weapons', 'armament', '功能', 'weapon', 'change', '武器', '切换武器']”，“['switch', '切换', 'change weapons', 'switch weapons', 'armament', '功能', 'feature', 'weapon', 'change', '武器', '切换武器']”
2024-11-28 21:15:38,380 - INFO Retriever 0 - deep_think_conent
:在获取了项目文件的顶层结构后，我还需要结合待查询的问题描述，对于项目中的文件和目录进行一些深度关键词检索。根据任务描述：“请在D:/my_file/MyFile/YunSi/Project/Games/Cocos/CocosCyberpunk_all/CocosCyberpunk\Assets下各级目录中寻找：项目中切换武器的功能是如何实现的？”，我总结出如下可能会出现在各个文件名或者文件内容中的关键词：“['switch', '切换', 'change weapons', 'switch weapons', '功能', 'weapon', 'arms', 'change', '武器', '切换武器']”，“['switch', '切换', 'change weapons', 'role', 'switch weapons', 'armament', '功能', 'weapon', 'change', '武器', '切换武器']”，“['switch', '切换', 'change weapons', 'switch weapons', 'armament', '功能', 'feature', 'weapon', 'change', '武器', '切换武器']”。
接下来，我将使用retrieve_keywords操作，在项目顶层路径“D:/my_file/MyFile/YunSi/Project/Games/Cocos/CocosCyberpunk_all/CocosCyberpunk\Assets”下检索这些关键词，从而大致把握可能与问题描述相关的文件或目录的路径。
2024-11-28 21:15:38,540 - INFO Retriever 0 - ——————————————————————————————————————————————————————————————————————————————————————————————————————————————————————————
2024-11-28 21:15:38,545 - INFO Retriever 0 - Assistant:
2024-11-28 21:15:38,616 - INFO Retriever 0 - {
    "deep_think": {
        "thoughts": "好的，接下来我将通过深度思考、仔细计划以及逐步执行的方式，来完成该任务。\n\n首先，在阅读详细的代码细节之前，应该先整体把握整个项目。\n\n在提供的可选的action中，可以通过get_folder_info操作，通过将项目顶层路径作为target_folder_path参数进行传入，来获取获取项目中主要文件夹和主要文件的描述，从而能够先大致把握项目文件的主要文件的文件树结构、基本内容、主要代码概述以及大致功能板块的分布。"
    }
}
2024-11-28 21:15:38,699 - INFO Retriever 0 - 
Observer:
2024-11-28 21:15:38,701 - INFO Retriever 0 - 好的，请继续你的下一步行动或思考。
2024-11-28 21:15:38,702 - INFO Retriever 0 - 
2024-11-28 21:15:38,858 - INFO Retriever 0 - ——————————————————————————————————————————————————————————————————————————————————————————————————————————————————————————
2024-11-28 21:15:38,858 - INFO Retriever 0 - Assistant:
2024-11-28 21:15:38,859 - INFO Retriever 0 - {
    "get_folder_info": {
        "target_folder_path": "D:/my_file/MyFile/YunSi/Project/Games/Cocos/CocosCyberpunk_all/CocosCyberpunk\\Assets"
    }
}
2024-11-28 21:15:38,859 - INFO Retriever 0 - 
Observer:
2024-11-28 21:15:38,863 - INFO Retriever 0 - 目标路径D:/my_file/MyFile/YunSi/Project/Games/Cocos/CocosCyberpunk_all/CocosCyberpunk\Assets不存在。

2024-11-28 21:15:39,098 - INFO Retriever 0 - 
2024-11-28 21:15:39,175 - INFO Retriever 0 - ——————————————————————————————————————————————————————————————————————————————————————————————————————————————————————————
2024-11-28 21:15:39,178 - INFO Retriever 0 - Assistant:
2024-11-28 21:15:39,178 - INFO Retriever 0 - {
    "deep_think": {
        "thoughts": "在获取了项目文件的顶层结构后，我还需要结合待查询的问题描述，对于项目中的文件和目录进行一些深度关键词检索。根据任务描述：“请在D:/my_file/MyFile/YunSi/Project/Games/Cocos/CocosCyberpunk_all/CocosCyberpunk\\Assets下各级目录中寻找：项目中切换武器的功能是如何实现的？”，我总结出如下可能会出现在各个文件名或者文件内容中的关键词：“['switch', '切换', 'change weapons', 'switch weapons', '功能', 'weapon', 'arms', 'change', '武器', '切换武器']”，“['switch', '切换', 'change weapons', 'role', 'switch weapons', 'armament', '功能', 'weapon', 'change', '武器', '切换武器']”，“['switch', '切换', 'change weapons', 'switch weapons', 'armament', '功能', 'feature', 'weapon', 'change', '武器', '切换武器']”。\n接下来，我将使用retrieve_keywords操作，在项目顶层路径“D:/my_file/MyFile/YunSi/Project/Games/Cocos/CocosCyberpunk_all/CocosCyberpunk\\Assets”下检索这些关键词，从而大致把握可能与问题描述相关的文件或目录的路径。"
    }
}
2024-11-28 21:15:39,179 - INFO Retriever 0 - 
Observer:
2024-11-28 21:15:39,180 - INFO Retriever 0 - 好的，请继续你的下一步行动或思考。
2024-11-28 21:15:39,181 - INFO Retriever 0 - 
2024-11-28 21:15:39,183 - INFO Retriever 0 - ——————————————————————————————————————————————————————————————————————————————————————————————————————————————————————————
2024-11-28 21:15:39,184 - INFO Retriever 0 - Assistant:
2024-11-28 21:15:39,185 - INFO Retriever 0 - {
    "retrieve_keywords": {
        "keyword_list": [
            [
                "switch",
                "切换",
                "change weapons",
                "switch weapons",
                "功能",
                "weapon",
                "arms",
                "change",
                "武器",
                "切换武器"
            ],
            [
                "switch",
                "切换",
                "change weapons",
                "role",
                "switch weapons",
                "armament",
                "功能",
                "weapon",
                "change",
                "武器",
                "切换武器"
            ],
            [
                "switch",
                "切换",
                "change weapons",
                "switch weapons",
                "armament",
                "功能",
                "feature",
                "weapon",
                "change",
                "武器",
                "切换武器"
            ]
        ]
    }
}
2024-11-28 21:15:39,185 - INFO Retriever 0 - 
Observer:
2024-11-28 21:15:39,188 - INFO Retriever 0 - 文件一：
* 文件绝对路径：D:/my_file/MyFile/YunSi/Project/Games/Cocos/CocosCyberpunk_all/CocosCyberpunk/assets/res/ui/ui_change_equips.prefab
* 文件内容概述：这是一个名为“ui_change_equips.prefab”的文件，是Cocos Creator中的一个预制件，可能与切换武器界面有关。
* 是否与问题相关：可能相关
* 具体分析：该预制件可能包含了实现武器切换功能的UI元素和逻辑。

文件二：
* 文件绝对路径：D:/my_file/MyFile/YunSi/Project/Games/Cocos/CocosCyberpunk_all/CocosCyberpunk/temp/programming/packer-driver/targets/editor/chunks/c5/c5d96c730550d11e4a5337f80c105c4d22bb1fd3.js
* 文件内容概述：这是一个TypeScript模块，包含了一个名为`SwitchLod`的LOD切换组件，用于控制3D模型的LOD级别。
* 是否与问题相关：不相关
* 具体分析：虽然该文件涉及到模型的切换，但它是关于LOD级别的切换，而不是武器切换功能。

文件三：
* 文件绝对路径：D:/my_file/MyFile/YunSi/Project/Games/Cocos/CocosCyberpunk_all/CocosCyberpunk/assets/res/ui/uijoystick/img_change_weapon_icon.png
* 文件内容概述：这是一个名为“img_change_weapon_icon.png”的图片文件，可能是武器切换图标的纹理。
* 是否与问题相关：可能相关
* 具体分析：该图标可能用于武器切换界面上，作为不同武器切换的标识。

文件四：
* 文件绝对路径：D:/my_file/MyFile/YunSi/Project/Games/Cocos/CocosCyberpunk_all/CocosCyberpunk/extensions/pipeline/pipeline/utils/switch-lod.ts
* 文件内容概述：这是一个自定义组件脚本，用于动态切换3D模型的LOD级别。
* 是否与问题相关：不相关
* 具体分析：与文件二类似，该文件也是关于LOD级别的切换，与武器切换功能无关。

综合以上分析，最可能与问题相关的文件是“ui_change_equips.prefab”和“img_change_weapon_icon.png”，它们可能分别包含了武器切换的界面逻辑和视觉元素。
2024-11-28 21:15:39,188 - INFO Retriever 0 - 
2024-11-28 21:15:42,377 - INFO Retriever 0 - Agent主脑给出的回答为：{
    "read_file": {
        "file_path": "D:/my_file/MyFile/YunSi/Project/Games/Cocos/CocosCyberpunk_all/CocosCyberpunk/assets/res/ui/ui_change_equips.prefab"
    }
}
2024-11-28 21:15:42,378 - INFO Retriever 0 - 是否成功解析：True
2024-11-28 21:15:42,378 - INFO Retriever 0 - operation_type (__det_dir_action):
2024-11-28 21:15:42,378 - INFO Retriever 0 - read_file
2024-11-28 21:15:42,379 - INFO Retriever 0 - 

——————————————————————————————————————————————————————————————————————————————————————————————————————————————————————————
2024-11-28 21:15:42,379 - INFO Retriever 0 - Assistant:
2024-11-28 21:15:42,379 - INFO Retriever 0 - {
    "read_file": {
        "file_path": "D:/my_file/MyFile/YunSi/Project/Games/Cocos/CocosCyberpunk_all/CocosCyberpunk/assets/res/ui/ui_change_equips.prefab"
    }
}
2024-11-28 21:15:42,379 - INFO Retriever 0 - dict_keys(['read_file'])
2024-11-28 21:15:42,379 - INFO Retriever 0 - Agent主脑给出的行动：read_file
参数：{'file_path': 'D:/my_file/MyFile/YunSi/Project/Games/Cocos/CocosCyberpunk_all/CocosCyberpunk/assets/res/ui/ui_change_equips.prefab', 'top_path': 'D:/my_file/MyFile/YunSi/Project/Games/Cocos/CocosCyberpunk_all/CocosCyberpunk\\Assets', 'return_file_sum': <bound method TreeGenerationAction.return_file_sum of <Action.tree_gen_action.TreeGenerationAction object at 0x0000022ED93D7C40>>}
2024-11-28 21:15:42,382 - INFO Retriever 0 - Observer: 路径 D:/my_file/MyFile/YunSi/Project/Games/Cocos/CocosCyberpunk_all/CocosCyberpunk/assets/res/ui/ui_change_equips.prefab 错误。
2024-11-28 21:15:42,384 - INFO Retriever 0 - 

————————————————————————————————————————————————————————————————
2024-11-28 21:15:42,384 - INFO Retriever 0 - 当前窗口总长度：11
2024-11-28 21:15:42,384 - INFO Retriever 0 - 当前更新窗口长度：2
2024-11-28 21:15:42,384 - INFO Retriever 0 - 当前更新窗口长度：2
2024-11-28 21:15:42,386 - INFO Retriever 0 - ————————————————————————————————————————————————————————————————


2024-11-28 21:15:49,233 - INFO Retriever 0 - Agent主脑给出的回答为：{
    "deep_think": {
        "thoughts": "抱歉，我尝试读取预制件文件时使用了错误的路径。预制件文件通常是在Unity或Cocos Creator的项目中，而不是单独的文件。我无法直接读取预制件的详细信息，因为它们通常是二进制文件，并且包含的是对项目资源文件的引用，而不是直接的代码。\n\n我应该专注于查找与切换武器功能相关的脚本文件，这些文件通常会带有.cs或.ts扩展名。我将重新规划我的搜索策略，寻找可能与切换武器功能相关的脚本文件。"
    }
}
2024-11-28 21:15:49,234 - INFO Retriever 0 - 是否成功解析：True
2024-11-28 21:15:49,234 - INFO Retriever 0 - operation_type (__det_dir_action):
2024-11-28 21:15:49,234 - INFO Retriever 0 - deep_think
2024-11-28 21:15:49,234 - INFO Retriever 0 - 

——————————————————————————————————————————————————————————————————————————————————————————————————————————————————————————
2024-11-28 21:15:49,234 - INFO Retriever 0 - Assistant:
2024-11-28 21:15:49,235 - INFO Retriever 0 - {
    "deep_think": {
        "thoughts": "抱歉，我尝试读取预制件文件时使用了错误的路径。预制件文件通常是在Unity或Cocos Creator的项目中，而不是单独的文件。我无法直接读取预制件的详细信息，因为它们通常是二进制文件，并且包含的是对项目资源文件的引用，而不是直接的代码。\n\n我应该专注于查找与切换武器功能相关的脚本文件，这些文件通常会带有.cs或.ts扩展名。我将重新规划我的搜索策略，寻找可能与切换武器功能相关的脚本文件。"
    }
}
2024-11-28 21:15:49,235 - INFO Retriever 0 - dict_keys(['deep_think'])
2024-11-28 21:15:49,235 - INFO Retriever 0 - Agent主脑给出的行动：deep_think
参数：{'thoughts': '抱歉，我尝试读取预制件文件时使用了错误的路径。预制件文件通常是在Unity或Cocos Creator的项目中，而不是单独的文件。我无法直接读取预制件的详细信息，因为它们通常是二进制文件，并且包含的是对项目资源文件的引用，而不是直接的代码。\n\n我应该专注于查找与切换武器功能相关的脚本文件，这些文件通常会带有.cs或.ts扩展名。我将重新规划我的搜索策略，寻找可能与切换武器功能相关的脚本文件。', 'repeat_counter': 1, 'continue_think_counter': 1}
2024-11-28 21:15:49,236 - INFO Retriever 0 - Observer: 好的，请继续你的下一步行动或思考。
2024-11-28 21:15:49,236 - INFO Retriever 0 - 

————————————————————————————————————————————————————————————————
2024-11-28 21:15:49,237 - INFO Retriever 0 - 当前窗口总长度：13
2024-11-28 21:15:49,237 - INFO Retriever 0 - 当前更新窗口长度：4
2024-11-28 21:15:49,237 - INFO Retriever 0 - 当前更新窗口长度：4
2024-11-28 21:15:49,237 - INFO Retriever 0 - ————————————————————————————————————————————————————————————————


2024-11-28 21:15:52,410 - INFO Retriever 0 - Agent主脑给出的回答为：{
    "retrieve_keywords": {
        "keyword_list": [
            ["switch weapons", "change weapon", "weapon switch", "toggle weapon", "武器切换", "切换武器"]
        ]
    }
}
2024-11-28 21:15:52,411 - INFO Retriever 0 - 是否成功解析：True
2024-11-28 21:15:52,411 - INFO Retriever 0 - operation_type (__det_dir_action):
2024-11-28 21:15:52,411 - INFO Retriever 0 - retrieve_keywords
2024-11-28 21:15:52,411 - INFO Retriever 0 - 

——————————————————————————————————————————————————————————————————————————————————————————————————————————————————————————
2024-11-28 21:15:52,411 - INFO Retriever 0 - Assistant:
2024-11-28 21:15:52,413 - INFO Retriever 0 - {
    "retrieve_keywords": {
        "keyword_list": [
            ["switch weapons", "change weapon", "weapon switch", "toggle weapon", "武器切换", "切换武器"]
        ]
    }
}
2024-11-28 21:15:52,413 - INFO Retriever 0 - dict_keys(['retrieve_keywords'])
2024-11-28 21:15:52,413 - INFO Retriever 0 - Agent主脑给出的行动：retrieve_keywords
参数：{'keyword_list': [['switch weapons', 'change weapon', 'weapon switch', 'toggle weapon', '武器切换', '切换武器']]}
