2024-11-28 21:15:30,857 - INFO Retriever 0 - Init Retriever.
2024-11-28 21:15:38,414 - INFO Retriever 0 - keywords:“['switch', '切换', 'change weapons', 'switch weapons', '功能', 'weapon', 'arms', 'change', '武器', '切换武器']”，“['switch', '切换', 'change weapons', 'role', 'switch weapons', 'armament', '功能', 'weapon', 'change', '武器', '切换武器']”，“['switch', '切换', 'change weapons', 'switch weapons', 'armament', '功能', 'feature', 'weapon', 'change', '武器', '切换武器']”
2024-11-28 21:15:38,460 - INFO Retriever 0 - deep_think_conent
:在获取了项目文件的顶层结构后，我还需要结合待查询的问题描述，对于项目中的文件和目录进行一些深度关键词检索。根据任务描述：“请在D:/my_file/MyFile/YunSi/Project/Games/Cocos/CocosCyberpunk_all/CocosCyberpunk\Assets下各级目录中寻找：项目中切换武器的功能是如何实现的？”，我总结出如下可能会出现在各个文件名或者文件内容中的关键词：“['switch', '切换', 'change weapons', 'switch weapons', '功能', 'weapon', 'arms', 'change', '武器', '切换武器']”，“['switch', '切换', 'change weapons', 'role', 'switch weapons', 'armament', '功能', 'weapon', 'change', '武器', '切换武器']”，“['switch', '切换', 'change weapons', 'switch weapons', 'armament', '功能', 'feature', 'weapon', 'change', '武器', '切换武器']”。
接下来，我将使用retrieve_keywords操作，在项目顶层路径“D:/my_file/MyFile/YunSi/Project/Games/Cocos/CocosCyberpunk_all/CocosCyberpunk\Assets”下检索这些关键词，从而大致把握可能与问题描述相关的文件或目录的路径。
2024-11-28 21:15:38,664 - INFO Retriever 0 - ——————————————————————————————————————————————————————————————————————————————————————————————————————————————————————————
2024-11-28 21:15:38,699 - INFO Retriever 0 - Assistant:
2024-11-28 21:15:38,701 - INFO Retriever 0 - {
    "deep_think": {
        "thoughts": "好的，接下来我将通过深度思考、仔细计划以及逐步执行的方式，来完成该任务。\n\n首先，在阅读详细的代码细节之前，应该先整体把握整个项目。\n\n在提供的可选的action中，可以通过get_folder_info操作，通过将项目顶层路径作为target_folder_path参数进行传入，来获取获取项目中主要文件夹和主要文件的描述，从而能够先大致把握项目文件的主要文件的文件树结构、基本内容、主要代码概述以及大致功能板块的分布。"
    }
}
2024-11-28 21:15:38,702 - INFO Retriever 0 - 
Observer:
2024-11-28 21:15:38,703 - INFO Retriever 0 - 好的，请继续你的下一步行动或思考。
2024-11-28 21:15:38,805 - INFO Retriever 0 - 
2024-11-28 21:15:39,175 - INFO Retriever 0 - ——————————————————————————————————————————————————————————————————————————————————————————————————————————————————————————
2024-11-28 21:15:39,177 - INFO Retriever 0 - Assistant:
2024-11-28 21:15:39,178 - INFO Retriever 0 - {
    "get_folder_info": {
        "target_folder_path": "D:/my_file/MyFile/YunSi/Project/Games/Cocos/CocosCyberpunk_all/CocosCyberpunk\\Assets"
    }
}
2024-11-28 21:15:39,179 - INFO Retriever 0 - 
Observer:
2024-11-28 21:15:39,179 - INFO Retriever 0 - 目标路径D:/my_file/MyFile/YunSi/Project/Games/Cocos/CocosCyberpunk_all/CocosCyberpunk\Assets不存在。

2024-11-28 21:15:39,179 - INFO Retriever 0 - 
2024-11-28 21:15:39,181 - INFO Retriever 0 - ——————————————————————————————————————————————————————————————————————————————————————————————————————————————————————————
2024-11-28 21:15:39,183 - INFO Retriever 0 - Assistant:
2024-11-28 21:15:39,184 - INFO Retriever 0 - {
    "deep_think": {
        "thoughts": "在获取了项目文件的顶层结构后，我还需要结合待查询的问题描述，对于项目中的文件和目录进行一些深度关键词检索。根据任务描述：“请在D:/my_file/MyFile/YunSi/Project/Games/Cocos/CocosCyberpunk_all/CocosCyberpunk\\Assets下各级目录中寻找：项目中切换武器的功能是如何实现的？”，我总结出如下可能会出现在各个文件名或者文件内容中的关键词：“['switch', '切换', 'change weapons', 'switch weapons', '功能', 'weapon', 'arms', 'change', '武器', '切换武器']”，“['switch', '切换', 'change weapons', 'role', 'switch weapons', 'armament', '功能', 'weapon', 'change', '武器', '切换武器']”，“['switch', '切换', 'change weapons', 'switch weapons', 'armament', '功能', 'feature', 'weapon', 'change', '武器', '切换武器']”。\n接下来，我将使用retrieve_keywords操作，在项目顶层路径“D:/my_file/MyFile/YunSi/Project/Games/Cocos/CocosCyberpunk_all/CocosCyberpunk\\Assets”下检索这些关键词，从而大致把握可能与问题描述相关的文件或目录的路径。"
    }
}
2024-11-28 21:15:39,185 - INFO Retriever 0 - 
Observer:
2024-11-28 21:15:39,186 - INFO Retriever 0 - 好的，请继续你的下一步行动或思考。
2024-11-28 21:15:39,186 - INFO Retriever 0 - 
2024-11-28 21:15:39,188 - INFO Retriever 0 - ——————————————————————————————————————————————————————————————————————————————————————————————————————————————————————————
2024-11-28 21:15:39,188 - INFO Retriever 0 - Assistant:
2024-11-28 21:15:39,190 - INFO Retriever 0 - {
    "retrieve_keywords": {
        "keyword_list": [
            [
                "switch",
                "切换",
                "change weapons",
                "switch weapons",
                "功能",
                "weapon",
                "arms",
                "change",
                "武器",
                "切换武器"
            ],
            [
                "switch",
                "切换",
                "change weapons",
                "role",
                "switch weapons",
                "armament",
                "功能",
                "weapon",
                "change",
                "武器",
                "切换武器"
            ],
            [
                "switch",
                "切换",
                "change weapons",
                "switch weapons",
                "armament",
                "功能",
                "feature",
                "weapon",
                "change",
                "武器",
                "切换武器"
            ]
        ]
    }
}
2024-11-28 21:15:39,190 - INFO Retriever 0 - 
Observer:
2024-11-28 21:15:39,191 - INFO Retriever 0 - 文件一：
* 文件绝对路径：D:/my_file/MyFile/YunSi/Project/Games/Cocos/CocosCyberpunk_all/CocosCyberpunk/assets/res/ui/ui_change_equips.prefab
* 文件内容概述：这是一个名为“ui_change_equips.prefab”的文件，是Cocos Creator中的一个预制件，可能与切换武器界面有关。
* 是否与问题相关：可能相关
* 具体分析：该预制件可能包含了实现武器切换功能的UI元素和逻辑。

文件二：
* 文件绝对路径：D:/my_file/MyFile/YunSi/Project/Games/Cocos/CocosCyberpunk_all/CocosCyberpunk/temp/programming/packer-driver/targets/editor/chunks/c5/c5d96c730550d11e4a5337f80c105c4d22bb1fd3.js
* 文件内容概述：这是一个TypeScript模块，包含了一个名为`SwitchLod`的LOD切换组件，用于控制3D模型的LOD级别。
* 是否与问题相关：不相关
* 具体分析：虽然该文件涉及到模型的切换，但它是关于LOD级别的切换，而不是武器切换功能。

文件三：
* 文件绝对路径：D:/my_file/MyFile/YunSi/Project/Games/Cocos/CocosCyberpunk_all/CocosCyberpunk/assets/res/ui/uijoystick/img_change_weapon_icon.png
* 文件内容概述：这是一个名为“img_change_weapon_icon.png”的图片文件，可能是武器切换图标的纹理。
* 是否与问题相关：可能相关
* 具体分析：该图标可能用于武器切换界面上，作为不同武器切换的标识。

文件四：
* 文件绝对路径：D:/my_file/MyFile/YunSi/Project/Games/Cocos/CocosCyberpunk_all/CocosCyberpunk/extensions/pipeline/pipeline/utils/switch-lod.ts
* 文件内容概述：这是一个自定义组件脚本，用于动态切换3D模型的LOD级别。
* 是否与问题相关：不相关
* 具体分析：与文件二类似，该文件也是关于LOD级别的切换，与武器切换功能无关。

综合以上分析，最可能与问题相关的文件是“ui_change_equips.prefab”和“img_change_weapon_icon.png”，它们可能分别包含了武器切换的界面逻辑和视觉元素。
2024-11-28 21:15:39,193 - INFO Retriever 0 - 
2024-11-28 21:15:43,268 - INFO Retriever 0 - Agent主脑给出的回答为：{
    "read_file": {
        "file_path": "D:/my_file/MyFile/YunSi/Project/Games/Cocos/CocosCyberpunk_all/CocosCyberpunk/assets/res/ui/ui_change_equips.prefab"
    }
}
2024-11-28 21:15:43,268 - INFO Retriever 0 - 是否成功解析：True
2024-11-28 21:15:43,268 - INFO Retriever 0 - operation_type (__det_dir_action):
2024-11-28 21:15:43,268 - INFO Retriever 0 - read_file
2024-11-28 21:15:43,268 - INFO Retriever 0 - 

——————————————————————————————————————————————————————————————————————————————————————————————————————————————————————————
2024-11-28 21:15:43,269 - INFO Retriever 0 - Assistant:
2024-11-28 21:15:43,269 - INFO Retriever 0 - {
    "read_file": {
        "file_path": "D:/my_file/MyFile/YunSi/Project/Games/Cocos/CocosCyberpunk_all/CocosCyberpunk/assets/res/ui/ui_change_equips.prefab"
    }
}
2024-11-28 21:15:43,269 - INFO Retriever 0 - dict_keys(['read_file'])
2024-11-28 21:15:43,269 - INFO Retriever 0 - Agent主脑给出的行动：read_file
参数：{'file_path': 'D:/my_file/MyFile/YunSi/Project/Games/Cocos/CocosCyberpunk_all/CocosCyberpunk/assets/res/ui/ui_change_equips.prefab', 'top_path': 'D:/my_file/MyFile/YunSi/Project/Games/Cocos/CocosCyberpunk_all/CocosCyberpunk\\Assets', 'return_file_sum': <bound method TreeGenerationAction.return_file_sum of <Action.tree_gen_action.TreeGenerationAction object at 0x0000022EDF79CF10>>}
2024-11-28 21:15:43,270 - INFO Retriever 0 - Observer: 路径 D:/my_file/MyFile/YunSi/Project/Games/Cocos/CocosCyberpunk_all/CocosCyberpunk/assets/res/ui/ui_change_equips.prefab 错误。
2024-11-28 21:15:43,271 - INFO Retriever 0 - 

————————————————————————————————————————————————————————————————
2024-11-28 21:15:43,271 - INFO Retriever 0 - 当前窗口总长度：11
2024-11-28 21:15:43,271 - INFO Retriever 0 - 当前更新窗口长度：2
2024-11-28 21:15:43,272 - INFO Retriever 0 - 当前更新窗口长度：2
2024-11-28 21:15:43,272 - INFO Retriever 0 - ————————————————————————————————————————————————————————————————


2024-11-28 21:15:46,710 - INFO Retriever 0 - Agent主脑给出的回答为：{
    "deep_think": {
        "thoughts": "抱歉，我之前尝试读取的路径似乎出现了错误。预制件文件通常是在Unity或Cocos Creator的项目中，而路径中的斜杠和反斜杠的使用需要与系统的文件路径格式保持一致。由于是在Windows系统中，应该使用反斜杠作为路径分隔符。我将修正路径并再次尝试读取文件。"
    }
}
2024-11-28 21:15:46,710 - INFO Retriever 0 - 是否成功解析：True
2024-11-28 21:15:46,711 - INFO Retriever 0 - operation_type (__det_dir_action):
2024-11-28 21:15:46,711 - INFO Retriever 0 - deep_think
2024-11-28 21:15:46,711 - INFO Retriever 0 - 

——————————————————————————————————————————————————————————————————————————————————————————————————————————————————————————
2024-11-28 21:15:46,711 - INFO Retriever 0 - Assistant:
2024-11-28 21:15:46,711 - INFO Retriever 0 - {
    "deep_think": {
        "thoughts": "抱歉，我之前尝试读取的路径似乎出现了错误。预制件文件通常是在Unity或Cocos Creator的项目中，而路径中的斜杠和反斜杠的使用需要与系统的文件路径格式保持一致。由于是在Windows系统中，应该使用反斜杠作为路径分隔符。我将修正路径并再次尝试读取文件。"
    }
}
2024-11-28 21:15:46,713 - INFO Retriever 0 - dict_keys(['deep_think'])
2024-11-28 21:15:46,713 - INFO Retriever 0 - Agent主脑给出的行动：deep_think
参数：{'thoughts': '抱歉，我之前尝试读取的路径似乎出现了错误。预制件文件通常是在Unity或Cocos Creator的项目中，而路径中的斜杠和反斜杠的使用需要与系统的文件路径格式保持一致。由于是在Windows系统中，应该使用反斜杠作为路径分隔符。我将修正路径并再次尝试读取文件。', 'repeat_counter': 1, 'continue_think_counter': 1}
2024-11-28 21:15:46,713 - INFO Retriever 0 - Observer: 好的，请继续你的下一步行动或思考。
2024-11-28 21:15:46,714 - INFO Retriever 0 - 

————————————————————————————————————————————————————————————————
2024-11-28 21:15:46,714 - INFO Retriever 0 - 当前窗口总长度：13
2024-11-28 21:15:46,714 - INFO Retriever 0 - 当前更新窗口长度：4
2024-11-28 21:15:46,715 - INFO Retriever 0 - 当前更新窗口长度：4
2024-11-28 21:15:46,715 - INFO Retriever 0 - ————————————————————————————————————————————————————————————————


2024-11-28 21:15:50,309 - INFO Retriever 0 - Agent主脑给出的回答为：{
    "read_file": {
        "file_path": "D:/my_file/MyFile/YunSi/Project/Games/Cocos/CocosCyberpunk_all/CocosCyberpunk\\assets\\res\\ui\\ui_change_equips.prefab"
    }
}
2024-11-28 21:15:50,310 - INFO Retriever 0 - 是否成功解析：True
2024-11-28 21:15:50,310 - INFO Retriever 0 - operation_type (__det_dir_action):
2024-11-28 21:15:50,310 - INFO Retriever 0 - read_file
2024-11-28 21:15:50,310 - INFO Retriever 0 - 

——————————————————————————————————————————————————————————————————————————————————————————————————————————————————————————
2024-11-28 21:15:50,310 - INFO Retriever 0 - Assistant:
2024-11-28 21:15:50,310 - INFO Retriever 0 - {
    "read_file": {
        "file_path": "D:/my_file/MyFile/YunSi/Project/Games/Cocos/CocosCyberpunk_all/CocosCyberpunk\\assets\\res\\ui\\ui_change_equips.prefab"
    }
}
2024-11-28 21:15:50,311 - INFO Retriever 0 - dict_keys(['read_file'])
2024-11-28 21:15:50,311 - INFO Retriever 0 - Agent主脑给出的行动：read_file
参数：{'file_path': 'D:/my_file/MyFile/YunSi/Project/Games/Cocos/CocosCyberpunk_all/CocosCyberpunk\\assets\\res\\ui\\ui_change_equips.prefab', 'top_path': 'D:/my_file/MyFile/YunSi/Project/Games/Cocos/CocosCyberpunk_all/CocosCyberpunk\\Assets', 'return_file_sum': <bound method TreeGenerationAction.return_file_sum of <Action.tree_gen_action.TreeGenerationAction object at 0x0000022EDF79CF10>>}
2024-11-28 21:15:50,312 - INFO Retriever 0 - Observer: 路径 D:/my_file/MyFile/YunSi/Project/Games/Cocos/CocosCyberpunk_all/CocosCyberpunk\assets\res\ui\ui_change_equips.prefab 错误。
2024-11-28 21:15:50,313 - INFO Retriever 0 - 

————————————————————————————————————————————————————————————————
2024-11-28 21:15:50,313 - INFO Retriever 0 - 当前窗口总长度：15
2024-11-28 21:15:50,313 - INFO Retriever 0 - 当前更新窗口长度：6
2024-11-28 21:15:50,314 - INFO Retriever 0 - 当前更新窗口长度：6
2024-11-28 21:15:50,314 - INFO Retriever 0 - ————————————————————————————————————————————————————————————————


2024-11-28 21:15:53,463 - INFO Retriever 0 - Agent主脑给出的回答为：{
    "deep_think": {
        "thoughts": "我再次尝试读取文件时遇到了路径错误。考虑到可能是因为路径中存在空格导致的错误，我将尝试移除空格并再次读取文件。"
    }
}
2024-11-28 21:15:53,464 - INFO Retriever 0 - 是否成功解析：True
2024-11-28 21:15:53,464 - INFO Retriever 0 - operation_type (__det_dir_action):
2024-11-28 21:15:53,465 - INFO Retriever 0 - deep_think
2024-11-28 21:15:53,465 - INFO Retriever 0 - 

——————————————————————————————————————————————————————————————————————————————————————————————————————————————————————————
2024-11-28 21:15:53,465 - INFO Retriever 0 - Assistant:
2024-11-28 21:15:53,465 - INFO Retriever 0 - {
    "deep_think": {
        "thoughts": "我再次尝试读取文件时遇到了路径错误。考虑到可能是因为路径中存在空格导致的错误，我将尝试移除空格并再次读取文件。"
    }
}
2024-11-28 21:15:53,465 - INFO Retriever 0 - dict_keys(['deep_think'])
2024-11-28 21:15:53,467 - INFO Retriever 0 - Agent主脑给出的行动：deep_think
参数：{'thoughts': '我再次尝试读取文件时遇到了路径错误。考虑到可能是因为路径中存在空格导致的错误，我将尝试移除空格并再次读取文件。', 'repeat_counter': 1, 'continue_think_counter': 1}
2024-11-28 21:15:53,467 - INFO Retriever 0 - Observer: 好的，请继续你的下一步行动或思考。
2024-11-28 21:15:53,468 - INFO Retriever 0 - 

————————————————————————————————————————————————————————————————
2024-11-28 21:15:53,469 - INFO Retriever 0 - 当前窗口总长度：17
2024-11-28 21:15:53,469 - INFO Retriever 0 - 当前更新窗口长度：8
2024-11-28 21:15:53,469 - INFO Retriever 0 - 当前更新窗口长度：8
2024-11-28 21:15:53,471 - INFO Retriever 0 - ————————————————————————————————————————————————————————————————


2024-11-28 21:16:00,341 - INFO Retriever 0 - Agent主脑给出的回答为：下一步行动是修正路径中的空格，并尝试使用正确的路径读取文件。以下是修正后的路径和行动：

{
    "read_file": {
        "file_path": "D:/my_file/MyFile/YunSi/Project/Games/Cocos/CocosCyberpunk_all/CocosCyberpunk/assets/res/ui/ui_change_equips.prefab"
    }
}
2024-11-28 21:16:00,342 - INFO Retriever 0 - 是否成功解析：True
2024-11-28 21:16:00,342 - INFO Retriever 0 - operation_type (__det_dir_action):
2024-11-28 21:16:00,342 - INFO Retriever 0 - read_file
2024-11-28 21:16:00,343 - INFO Retriever 0 - 

——————————————————————————————————————————————————————————————————————————————————————————————————————————————————————————
2024-11-28 21:16:00,343 - INFO Retriever 0 - Assistant:
2024-11-28 21:16:00,343 - INFO Retriever 0 - {
    "read_file": {
        "file_path": "D:/my_file/MyFile/YunSi/Project/Games/Cocos/CocosCyberpunk_all/CocosCyberpunk/assets/res/ui/ui_change_equips.prefab"
    }
}
2024-11-28 21:16:00,343 - INFO Retriever 0 - dict_keys(['read_file'])
2024-11-28 21:16:00,344 - INFO Retriever 0 - Agent主脑给出的行动：read_file
参数：{'file_path': 'D:/my_file/MyFile/YunSi/Project/Games/Cocos/CocosCyberpunk_all/CocosCyberpunk/assets/res/ui/ui_change_equips.prefab', 'top_path': 'D:/my_file/MyFile/YunSi/Project/Games/Cocos/CocosCyberpunk_all/CocosCyberpunk\\Assets', 'return_file_sum': <bound method TreeGenerationAction.return_file_sum of <Action.tree_gen_action.TreeGenerationAction object at 0x0000022EDF79CF10>>}
2024-11-28 21:16:00,345 - INFO Retriever 0 - Observer: 路径 D:/my_file/MyFile/YunSi/Project/Games/Cocos/CocosCyberpunk_all/CocosCyberpunk/assets/res/ui/ui_change_equips.prefab 错误。
2024-11-28 21:16:00,346 - INFO Retriever 0 - 

————————————————————————————————————————————————————————————————
2024-11-28 21:16:00,346 - INFO Retriever 0 - 当前窗口总长度：19
2024-11-28 21:16:00,346 - INFO Retriever 0 - 当前更新窗口长度：10
2024-11-28 21:16:00,346 - INFO Retriever 0 - 当前更新窗口长度：10
2024-11-28 21:16:00,346 - INFO Retriever 0 - ————————————————————————————————————————————————————————————————


2024-11-28 21:16:05,710 - INFO Retriever 0 - Agent主脑给出的回答为：{
    "deep_think": {
        "thoughts": "似乎路径中仍然存在问题。考虑到文件路径可能因为特殊字符或者格式问题导致错误，我将重新检查路径，并且尝试使用不同的方式来处理路径字符串，例如使用原始字符串或者双反斜杠等。同时，我需要确认这个路径是否真实存在于文件系统中。"
    }
}
2024-11-28 21:16:05,711 - INFO Retriever 0 - 是否成功解析：True
2024-11-28 21:16:05,711 - INFO Retriever 0 - operation_type (__det_dir_action):
2024-11-28 21:16:05,711 - INFO Retriever 0 - deep_think
2024-11-28 21:16:05,712 - INFO Retriever 0 - 

——————————————————————————————————————————————————————————————————————————————————————————————————————————————————————————
2024-11-28 21:16:05,712 - INFO Retriever 0 - Assistant:
2024-11-28 21:16:05,712 - INFO Retriever 0 - {
    "deep_think": {
        "thoughts": "似乎路径中仍然存在问题。考虑到文件路径可能因为特殊字符或者格式问题导致错误，我将重新检查路径，并且尝试使用不同的方式来处理路径字符串，例如使用原始字符串或者双反斜杠等。同时，我需要确认这个路径是否真实存在于文件系统中。"
    }
}
2024-11-28 21:16:05,712 - INFO Retriever 0 - dict_keys(['deep_think'])
2024-11-28 21:16:05,713 - INFO Retriever 0 - Agent主脑给出的行动：deep_think
参数：{'thoughts': '似乎路径中仍然存在问题。考虑到文件路径可能因为特殊字符或者格式问题导致错误，我将重新检查路径，并且尝试使用不同的方式来处理路径字符串，例如使用原始字符串或者双反斜杠等。同时，我需要确认这个路径是否真实存在于文件系统中。', 'repeat_counter': 1, 'continue_think_counter': 1}
2024-11-28 21:16:05,713 - INFO Retriever 0 - Observer: 好的，请继续你的下一步行动或思考。
2024-11-28 21:16:05,714 - INFO Retriever 0 - 

————————————————————————————————————————————————————————————————
2024-11-28 21:16:05,714 - INFO Retriever 0 - 当前窗口总长度：21
2024-11-28 21:16:05,714 - INFO Retriever 0 - 当前更新窗口长度：12
2024-11-28 21:16:05,714 - INFO Retriever 0 - 当前更新窗口长度：12
2024-11-28 21:16:05,715 - INFO Retriever 0 - ————————————————————————————————————————————————————————————————


2024-11-28 21:16:14,711 - INFO Retriever 0 - Agent主脑给出的回答为：{
    "deep_think": {
        "thoughts": "在检查路径时，我注意到路径字符串可能因为转义字符的问题而被错误处理。在JSON中，反斜杠是一个转义字符，因此可能需要在反斜杠前再加上一个反斜杠来进行正确的转义。但是，在Windows文件路径中，只有一个反斜杠是必要的。我将尝试使用原始字符串（在字符串前加上`r`）来避免转义问题，并且使用单个反斜杠来表示路径分隔符。同时，我将检查文件路径是否包含任何特殊字符或空格，并对其进行适当的处理。"
    }
}
2024-11-28 21:16:14,711 - INFO Retriever 0 - 是否成功解析：True
2024-11-28 21:16:14,712 - INFO Retriever 0 - operation_type (__det_dir_action):
2024-11-28 21:16:14,712 - INFO Retriever 0 - deep_think
2024-11-28 21:16:14,712 - INFO Retriever 0 - 

——————————————————————————————————————————————————————————————————————————————————————————————————————————————————————————
2024-11-28 21:16:14,712 - INFO Retriever 0 - Assistant:
2024-11-28 21:16:14,713 - INFO Retriever 0 - {
    "deep_think": {
        "thoughts": "在检查路径时，我注意到路径字符串可能因为转义字符的问题而被错误处理。在JSON中，反斜杠是一个转义字符，因此可能需要在反斜杠前再加上一个反斜杠来进行正确的转义。但是，在Windows文件路径中，只有一个反斜杠是必要的。我将尝试使用原始字符串（在字符串前加上`r`）来避免转义问题，并且使用单个反斜杠来表示路径分隔符。同时，我将检查文件路径是否包含任何特殊字符或空格，并对其进行适当的处理。"
    }
}
2024-11-28 21:16:14,713 - INFO Retriever 0 - dict_keys(['deep_think'])
2024-11-28 21:16:14,713 - INFO Retriever 0 - Agent主脑给出的行动：deep_think
参数：{'thoughts': '在检查路径时，我注意到路径字符串可能因为转义字符的问题而被错误处理。在JSON中，反斜杠是一个转义字符，因此可能需要在反斜杠前再加上一个反斜杠来进行正确的转义。但是，在Windows文件路径中，只有一个反斜杠是必要的。我将尝试使用原始字符串（在字符串前加上`r`）来避免转义问题，并且使用单个反斜杠来表示路径分隔符。同时，我将检查文件路径是否包含任何特殊字符或空格，并对其进行适当的处理。', 'repeat_counter': 1, 'continue_think_counter': 1}
2024-11-28 21:16:14,714 - INFO Retriever 0 - Observer: 好的，请继续你的下一步行动或思考。
2024-11-28 21:16:14,715 - INFO Retriever 0 - 

————————————————————————————————————————————————————————————————
2024-11-28 21:16:14,715 - INFO Retriever 0 - 当前窗口总长度：23
2024-11-28 21:16:14,716 - INFO Retriever 0 - 当前更新窗口长度：14
2024-11-28 21:16:14,716 - INFO Retriever 0 - 当前更新窗口长度：14
2024-11-28 21:16:14,716 - INFO Retriever 0 - ————————————————————————————————————————————————————————————————


2024-11-28 21:16:21,479 - INFO Retriever 0 - Agent主脑给出的回答为：{
    "read_file": {
        "file_path": r"D:\my_file\MyFile\YunSi\Project\Games\Cocos\CocosCyberpunk_all\CocosCyberpunk\assets\res\ui\ui_change_equips.prefab"
    }
}
2024-11-28 21:16:21,479 - INFO Retriever 0 - 是否成功解析：True
2024-11-28 21:16:21,479 - INFO Retriever 0 - operation_type (__det_dir_action):
2024-11-28 21:16:21,480 - INFO Retriever 0 - read_file
2024-11-28 21:16:21,480 - INFO Retriever 0 - 

——————————————————————————————————————————————————————————————————————————————————————————————————————————————————————————
2024-11-28 21:16:21,480 - INFO Retriever 0 - Assistant:
2024-11-28 21:16:21,480 - INFO Retriever 0 - {
    "read_file": {
        "file_path": "D:\\my_file\\MyFile\\YunSi\\Project\\Games\\Cocos\\CocosCyberpunk_all\\CocosCyberpunk\\assets\\res\\ui\\ui_change_equips.prefab"
    }
}
2024-11-28 21:16:21,480 - INFO Retriever 0 - dict_keys(['read_file'])
2024-11-28 21:16:21,481 - INFO Retriever 0 - Agent主脑给出的行动：read_file
参数：{'file_path': 'D:\\my_file\\MyFile\\YunSi\\Project\\Games\\Cocos\\CocosCyberpunk_all\\CocosCyberpunk\\assets\\res\\ui\\ui_change_equips.prefab', 'top_path': 'D:/my_file/MyFile/YunSi/Project/Games/Cocos/CocosCyberpunk_all/CocosCyberpunk\\Assets', 'return_file_sum': <bound method TreeGenerationAction.return_file_sum of <Action.tree_gen_action.TreeGenerationAction object at 0x0000022EDF79CF10>>}
2024-11-28 21:16:21,483 - INFO Retriever 0 - Observer: 路径 D:\my_file\MyFile\YunSi\Project\Games\Cocos\CocosCyberpunk_all\CocosCyberpunk\assets\res\ui\ui_change_equips.prefab 错误。
2024-11-28 21:16:21,484 - INFO Retriever 0 - 

————————————————————————————————————————————————————————————————
2024-11-28 21:16:21,484 - INFO Retriever 0 - 当前窗口总长度：25
2024-11-28 21:16:21,484 - INFO Retriever 0 - 当前更新窗口长度：16
2024-11-28 21:16:21,484 - INFO Retriever 0 - 当前更新窗口长度：16
2024-11-28 21:16:21,485 - INFO Retriever 0 - ————————————————————————————————————————————————————————————————


2024-11-28 21:16:27,056 - INFO Retriever 0 - Agent主脑给出的回答为：{
    "deep_think": {
        "thoughts": "我尝试了使用不同的路径格式，但仍然遇到了错误。考虑到我可能没有正确地访问到文件系统，或者文件路径本身可能不存在，我将尝试使用`get_folder_info`操作来获取正确的目录信息，然后再尝试寻找和读取目标文件。"
    }
}
2024-11-28 21:16:27,057 - INFO Retriever 0 - 是否成功解析：True
2024-11-28 21:16:27,057 - INFO Retriever 0 - operation_type (__det_dir_action):
2024-11-28 21:16:27,057 - INFO Retriever 0 - deep_think
2024-11-28 21:16:27,057 - INFO Retriever 0 - 

——————————————————————————————————————————————————————————————————————————————————————————————————————————————————————————
2024-11-28 21:16:27,058 - INFO Retriever 0 - Assistant:
2024-11-28 21:16:27,058 - INFO Retriever 0 - {
    "deep_think": {
        "thoughts": "我尝试了使用不同的路径格式，但仍然遇到了错误。考虑到我可能没有正确地访问到文件系统，或者文件路径本身可能不存在，我将尝试使用`get_folder_info`操作来获取正确的目录信息，然后再尝试寻找和读取目标文件。"
    }
}
2024-11-28 21:16:27,058 - INFO Retriever 0 - dict_keys(['deep_think'])
2024-11-28 21:16:27,058 - INFO Retriever 0 - Agent主脑给出的行动：deep_think
参数：{'thoughts': '我尝试了使用不同的路径格式，但仍然遇到了错误。考虑到我可能没有正确地访问到文件系统，或者文件路径本身可能不存在，我将尝试使用`get_folder_info`操作来获取正确的目录信息，然后再尝试寻找和读取目标文件。', 'repeat_counter': 1, 'continue_think_counter': 1}
2024-11-28 21:16:27,059 - INFO Retriever 0 - Observer: 好的，请继续你的下一步行动或思考。
2024-11-28 21:16:27,060 - INFO Retriever 0 - 

————————————————————————————————————————————————————————————————
2024-11-28 21:16:27,061 - INFO Retriever 0 - 当前窗口总长度：27
2024-11-28 21:16:27,061 - INFO Retriever 0 - 当前更新窗口长度：18
2024-11-28 21:16:27,061 - INFO Retriever 0 - 当前更新窗口长度：18
2024-11-28 21:16:27,061 - INFO Retriever 0 - ————————————————————————————————————————————————————————————————


2024-11-28 21:16:38,759 - INFO Retriever 0 - Agent主脑给出的回答为：{
    "get_folder_info": {
        "target_folder_path": "D:\\my_file\\MyFile\\YunSi\\Project\\Games\\Cocos\\CocosCyberpunk_all\\CocosCyberpunk\\assets"
    }
}
2024-11-28 21:16:38,759 - INFO Retriever 0 - 是否成功解析：True
2024-11-28 21:16:38,759 - INFO Retriever 0 - operation_type (__det_dir_action):
2024-11-28 21:16:38,759 - INFO Retriever 0 - get_folder_info
2024-11-28 21:16:38,760 - INFO Retriever 0 - 

——————————————————————————————————————————————————————————————————————————————————————————————————————————————————————————
2024-11-28 21:16:38,760 - INFO Retriever 0 - Assistant:
2024-11-28 21:16:38,760 - INFO Retriever 0 - {
    "get_folder_info": {
        "target_folder_path": "D:\\my_file\\MyFile\\YunSi\\Project\\Games\\Cocos\\CocosCyberpunk_all\\CocosCyberpunk\\assets"
    }
}
2024-11-28 21:16:38,760 - INFO Retriever 0 - dict_keys(['get_folder_info'])
2024-11-28 21:16:38,761 - INFO Retriever 0 - Agent主脑给出的行动：get_folder_info
参数：{'target_folder_path': 'D:\\my_file\\MyFile\\YunSi\\Project\\Games\\Cocos\\CocosCyberpunk_all\\CocosCyberpunk\\assets'}
2024-11-28 21:16:38,775 - INFO Retriever 0 - Observer: 目标文件夹路径：D:\my_file\MyFile\YunSi\Project\Games\Cocos\CocosCyberpunk_all\CocosCyberpunk\assets
文件结构树（该结构树可能不完整，仅返回深度小于等于1层的子文件以及文件夹）：
├── .DS_Store
├── LightFX
│   ├── lfx.log
│   ├── output
│   ├── tmp
├── animations
│   ├── animation.anim
├── res
│   ├── animation-mask
│   ├── animations
│   ...
│   ├── ui
├── resources
│   ├── action
│   ├── actor
│   ...
│   ├── ui
├── scene
│   ├── reflectionProbe_0.png
│   ├── reflectionProbe_0_convolution
│   ├── reflectionProbe_1.png
│   ├── reflectionProbe_1_convolution
│   ├── reflectionProbe_2.png
│   ├── reflectionProbe_2_convolution
├── scene-development
│   ├── scene-animation-graph.scene
│   ├── scene-animation.scene
│   ...
│   ├── scene-waypath.scene
├── scene-game-start.scene
├── scene.scene
├── scripts
│   ├── .DS_Store
│   ├── core
│   ├── gm
│   ├── logic
│   ├── test
├── src
│   ├── utils
├── test
│   ├── LightFX
│   ├── animation-to-oribit.ts
│   ...
│   ├── test-transparent.mtl


其中，部分主要文件及文件夹的信息如下：
1. assets
# 路径:D:/my_file/MyFile/YunSi/Project/Games/Cocos/CocosCyberpunk_all/CocosCyberpunk\assets
# 内容概述:“assets”文件夹汇集了游戏或动画项目的多种资源，包括动画、图形渲染文件、3D模型材质、场景设置以及开发脚本。其中，动画和场景开发资源如“animations”和“scene-development”文件夹，以及“resources”资源包，构成了项目的核心内容。图形渲染和视觉特效方面，有“LightFX”和“scene”文件夹提供支持。此外，包含Unity预制体和Cocos Creator脚本的“scripts”和“src”文件夹，则负责游戏逻辑和性能优化。整体而言，这些资源共同支撑起项目的视觉呈现和功能实现。

2. animations
# 路径:D:/my_file/MyFile/YunSi/Project/Games/Cocos/CocosCyberpunk_all/CocosCyberpunk\assets\animations
# 内容概述:该“animations”文件夹专注于存储动画资源，其中包含一个名为“animation.anim”的动画文件，直接反映了文件夹的核心内容。

3. LightFX
# 路径:D:/my_file/MyFile/YunSi/Project/Games/Cocos/CocosCyberpunk_all/CocosCyberpunk\assets\LightFX
# 内容概述:“LightFX”文件夹汇集了与三维模型渲染相关的文件，包括配置文件“lfx.out”、渲染视图图片（如LFX_Mesh_0000.png至LFX_Mesh_0011.png）以及日志文件“lfx.log”，后者记录了渲染过程的关键信息。此外，子文件夹“tmp”内含有临时数据和备份文件，可能与渲染过程或程序运行日志相关联。

4. res
# 路径:D:/my_file/MyFile/YunSi/Project/Games/Cocos/CocosCyberpunk_all/CocosCyberpunk\assets\res
# 内容概述:“res”文件夹汇集了多种资源，包括动画遮罩、动画文件、曲线模型、特效、3D模型、材质、音频、UI设计等，主要用于游戏和动画制作。其中，动画文件如“animations”和“player_modes”包含角色动作和UI效果，3D模型如“enemy_model”和“meshes”则涉及角色和场景构建，特效文件夹“effect”和“muzzle_enemy”提供了视觉和音效支持。此外，还有字体、材质、音频、UI设计等资源，共同构成了一个完整的游戏或动画项目资源库。

5. resources
# 路径:D:/my_file/MyFile/YunSi/Project/Games/Cocos/CocosCyberpunk_all/CocosCyberpunk\assets\resources
# 内容概述:“resources”文件夹是游戏开发的核心资源库，汇集了动作配置、角色预制、AI行为定义、曲线资源、详细数据配置、特效预制、图标与分数等级图片、本地化文本、3D模型网格、音频资源、UI组件以及资源缓存配置。这些资源相互关联，共同支撑着游戏的核心功能、视觉表现、交互体验和本地化需求。

6. scene
# 路径:D:/my_file/MyFile/YunSi/Project/Games/Cocos/CocosCyberpunk_all/CocosCyberpunk\assets\scene
# 内容概述:“scene”文件夹汇集了多个子文件夹，每个包含从“mipmap_0.png”至“mipmap_5.png”的纹理文件，用于优化3D场景中反射探针的渲染效果。这些文件夹共同服务于模拟环境反射，确保在不同距离和视角下提供高质量的图像效果。

7. scene-development
# 路径:D:/my_file/MyFile/YunSi/Project/Games/Cocos/CocosCyberpunk_all/CocosCyberpunk\assets\scene-development
# 内容概述:“scene-development”文件夹汇集了多个场景开发相关文件，包括动画流程图、玩家动画、UI界面、射击线等，旨在支持游戏或动画项目的场景构建与交互设计。文件类型多样，如动画场景、标志、菜单、测试资源加载等，彼此间紧密关联，共同构成了项目场景开发的完整资源集。

8. scripts
# 路径:D:/my_file/MyFile/YunSi/Project/Games/Cocos/CocosCyberpunk_all/CocosCyberpunk\assets\scripts
# 内容概述:"scripts"文件夹汇集了游戏开发的关键脚本，包括用于Mac OS X系统文件夹设置的`.DS_Store`文件，以及针对Cocos Creator的游戏管理脚本（如`gm.ts`和`dev.ts`）。核心逻辑部分由`logic`文件夹中的多个子文件夹构成，涵盖角色系统、动画、相机控制等，而`test`文件夹则专注于游戏组件的测试，如导航、物理和动画。这些脚本和文件共同支撑着游戏的整体架构和功能实现。

9. src
# 路径:D:/my_file/MyFile/YunSi/Project/Games/Cocos/CocosCyberpunk_all/CocosCyberpunk\assets\src
# 内容概述:“src”文件夹汇集了针对Cocos Creator和Unity引擎的优化脚本，包括用于Cocos Creator的`disable-update-ubo.ts`，旨在减少UBO更新以提升性能；以及Unity的`switch-probe.ts`，用于调整反射探针以优化视觉效果。这些脚本共同服务于游戏渲染性能的提升。

10. test
# 路径:D:/my_file/MyFile/YunSi/Project/Games/Cocos/CocosCyberpunk_all/CocosCyberpunk\assets\test
# 内容概述:"test"文件夹汇集了视觉特效渲染、游戏开发及场景构建的相关文件。其中，"LightFX"子文件夹存储项目输出与日志，便于调试；"scripts"子文件夹包含游戏开发脚本，如场景建模和摄像机控制。此外，存在多个场景文件和预制体，用于构建游戏环境，以及材质文件和特效文件，增强视觉效果。脚本如"animation-to-orbit.ts"和"test-reflect.ts"等，分别处理动画与相机轨道交互以及反射探针与材质的交互，体现了文件夹内容的多样性和功能性。

11. .DS_Store
# 路径:D:/my_file/MyFile/YunSi/Project/Games/Cocos/CocosCyberpunk_all/CocosCyberpunk\assets\.DS_Store
# 内容概述:这是一个名为“.DS_Store”的文件。

12. scene-game-start.scene
# 路径:D:/my_file/MyFile/YunSi/Project/Games/Cocos/CocosCyberpunk_all/CocosCyberpunk\assets\scene-game-start.scene
# 内容概述:这是一个名为“scene-game-start.scene”的文件。

13. scene.scene
# 路径:D:/my_file/MyFile/YunSi/Project/Games/Cocos/CocosCyberpunk_all/CocosCyberpunk\assets\scene.scene
# 内容概述:这是一个名为“scene.scene”的文件。


2024-11-28 21:16:38,778 - INFO Retriever 0 - 

————————————————————————————————————————————————————————————————
2024-11-28 21:16:38,778 - INFO Retriever 0 - 当前窗口总长度：29
2024-11-28 21:16:38,778 - INFO Retriever 0 - 当前更新窗口长度：20
2024-11-28 21:16:38,778 - INFO Retriever 0 - 当前更新窗口长度：20
2024-11-28 21:16:38,778 - INFO Retriever 0 - ————————————————————————————————————————————————————————————————


2024-11-28 21:16:42,539 - INFO Retriever 0 - Agent主脑给出的回答为：{
    "deep_think": {
        "thoughts": "根据获取的文件结构树，我注意到在`assets/res/ui`目录下可能存在与UI相关的文件，这可能与切换武器的功能有关。我将尝试读取`assets/res/ui`目录下的文件信息，以确定是否存在与武器切换功能相关的文件。"
    }
}
2024-11-28 21:16:42,540 - INFO Retriever 0 - 是否成功解析：True
2024-11-28 21:16:42,540 - INFO Retriever 0 - operation_type (__det_dir_action):
2024-11-28 21:16:42,540 - INFO Retriever 0 - deep_think
2024-11-28 21:16:42,540 - INFO Retriever 0 - 

——————————————————————————————————————————————————————————————————————————————————————————————————————————————————————————
2024-11-28 21:16:42,541 - INFO Retriever 0 - Assistant:
2024-11-28 21:16:42,541 - INFO Retriever 0 - {
    "deep_think": {
        "thoughts": "根据获取的文件结构树，我注意到在`assets/res/ui`目录下可能存在与UI相关的文件，这可能与切换武器的功能有关。我将尝试读取`assets/res/ui`目录下的文件信息，以确定是否存在与武器切换功能相关的文件。"
    }
}
2024-11-28 21:16:42,541 - INFO Retriever 0 - dict_keys(['deep_think'])
2024-11-28 21:16:42,541 - INFO Retriever 0 - Agent主脑给出的行动：deep_think
参数：{'thoughts': '根据获取的文件结构树，我注意到在`assets/res/ui`目录下可能存在与UI相关的文件，这可能与切换武器的功能有关。我将尝试读取`assets/res/ui`目录下的文件信息，以确定是否存在与武器切换功能相关的文件。', 'repeat_counter': 1, 'continue_think_counter': 1}
2024-11-28 21:16:42,542 - INFO Retriever 0 - Observer: 好的，请继续你的下一步行动或思考。
2024-11-28 21:16:42,543 - INFO Retriever 0 - 

————————————————————————————————————————————————————————————————
2024-11-28 21:16:42,543 - INFO Retriever 0 - 当前窗口总长度：31
2024-11-28 21:16:42,543 - INFO Retriever 0 - 当前更新窗口长度：22
2024-11-28 21:16:42,544 - INFO Retriever 0 - 当前更新窗口长度：22
2024-11-28 21:16:42,544 - INFO Retriever 0 - ————————————————————————————————————————————————————————————————


2024-11-28 21:16:46,199 - INFO Retriever 0 - Agent主脑给出的回答为：{
    "get_folder_info": {
        "target_folder_path": "D:\\my_file\\MyFile\\YunSi\\Project\\Games\\Cocos\\CocosCyberpunk_all\\CocosCyberpunk\\assets\\res\\ui"
    }
}
2024-11-28 21:16:46,199 - INFO Retriever 0 - 是否成功解析：True
2024-11-28 21:16:46,200 - INFO Retriever 0 - operation_type (__det_dir_action):
2024-11-28 21:16:46,200 - INFO Retriever 0 - get_folder_info
2024-11-28 21:16:46,200 - INFO Retriever 0 - 

——————————————————————————————————————————————————————————————————————————————————————————————————————————————————————————
2024-11-28 21:16:46,200 - INFO Retriever 0 - Assistant:
2024-11-28 21:16:46,200 - INFO Retriever 0 - {
    "get_folder_info": {
        "target_folder_path": "D:\\my_file\\MyFile\\YunSi\\Project\\Games\\Cocos\\CocosCyberpunk_all\\CocosCyberpunk\\assets\\res\\ui"
    }
}
2024-11-28 21:16:46,200 - INFO Retriever 0 - dict_keys(['get_folder_info'])
2024-11-28 21:16:46,201 - INFO Retriever 0 - Agent主脑给出的行动：get_folder_info
参数：{'target_folder_path': 'D:\\my_file\\MyFile\\YunSi\\Project\\Games\\Cocos\\CocosCyberpunk_all\\CocosCyberpunk\\assets\\res\\ui'}
2024-11-28 21:16:46,218 - INFO Retriever 0 - Observer: 目标文件夹路径：D:\my_file\MyFile\YunSi\Project\Games\Cocos\CocosCyberpunk_all\CocosCyberpunk\assets\res\ui
文件结构树（该结构树可能不完整，仅返回深度小于等于1层的子文件以及文件夹）：
├── uiblood
│   ├── ui_hit_direction_green.png
│   ├── ui_hit_direction_red.png
│   ├── ui_hit_head.png
│   ├── ui_hp.png
│   ├── ui_hp_bg.png
├── uichangeequip
│   ├── img_icon_1.png
│   ├── img_icon_2.png
│   ...
│   ├── img_select_area_heighlight4.png
├── uiequipinfo
│   ├── img_bullet.png
│   ├── img_equiped_bg.png
│   ├── img_key_bg.png
│   ├── img_take_key_r.png
├── uifx
│   ├── ui_fx_hit.png
│   ├── ui_fx_low_hp.png
├── uigameover
│   ├── btn_Hover .png
│   ├── btn_default.png
│   ...
│   ├── txt_home.png
├── uiguide
│   ├── guide_keyboard_control
│   ├── spr_guide_arrow.png
│   ├── spr_guide_long_tips_bg.png
├── uijoystick
│   ├── img_acton_bg0.png
│   ├── img_acton_bg1.png
│   ...
│   ├── img_run_icon.png
├── uilevel
│   ├── img_aim.png
│   ├── img_aim_point.png
│   ...
│   ├── txt_demo_info.png
├── uiloading
│   ├── img_loading_bar.png
│   ├── img_loading_bar_bg.png
├── uilogo
│   ├── bg.png
│   ├── btn_Hover.png
│   ...
│   ├── ui_lines.png
├── uipickedtips
│   ├── img_picked_bg.png
├── uiradar
│   ├── img_enemy_point.png
│   ├── img_game_map.png
│   ├── img_map_bg.png
│   ├── img_map_bg_border.png
│   ├── img_play_point.png
├── uiselectequips
│   ├── img_item_select_bg.png
│   ├── img_select_area.png
│   ├── img_select_area_heighlight.png
│   ├── img_select_bg.png
├── uisettings
│   ├── img_btn_select.png
│   ├── img_next_left.png
│   ...
│   ├── txt_home_bg.png
├── uiupgrade
│   ├── img_upgrade_bg.png
│   ├── img_upgrade_icon_0.png
│   ...
│   ├── txt_action_reload.png


其中，部分主要文件及文件夹的信息如下：
1. ui
# 路径:D:/my_file/MyFile/YunSi/Project/Games/Cocos/CocosCyberpunk_all/CocosCyberpunk\assets\res\ui
# 内容概述:### 文件夹内容概览
“ui”文件夹汇集了丰富的用户界面设计资源，包括血量与攻击指示、图标、背景、按钮、文本、图像和动画等元素。子文件夹如uiblood、uichangeequip等分别专注于特定UI组件的设计，如血量显示、图标高亮和装备信息。这些资源相互关联，共同构建了游戏或应用中直观且交互丰富的用户界面。

2. uiblood
# 路径:D:/my_file/MyFile/YunSi/Project/Games/Cocos/CocosCyberpunk_all/CocosCyberpunk\assets\res\ui\uiblood
# 内容概述:该“uiblood”文件夹汇集了游戏UI元素图片，包括指示攻击方向的绿色和红色图标、头部攻击效果图、以及血量显示和背景图，旨在为玩家提供直观的血量和攻击反馈。

3. uichangeequip
# 路径:D:/my_file/MyFile/YunSi/Project/Games/Cocos/CocosCyberpunk_all/CocosCyberpunk\assets\res\ui\uichangeequip
# 内容概述:该“uichangeequip”文件夹汇集了多张图标和选择区域高亮图像，旨在支持用户界面设计的修改和优化，包含不同图标及选择区域背景和多种高亮效果图，以增强界面交互性和美观性。

4. uiequipinfo
# 路径:D:/my_file/MyFile/YunSi/Project/Games/Cocos/CocosCyberpunk_all/CocosCyberpunk\assets\res\ui\uiequipinfo
# 内容概述:该“uiequipinfo”文件夹汇集了与游戏UI设计相关的图像资源，包括子弹、装备和关键物品的视觉元素，如子弹图标、装备背景和关键物品动画帧。

5. uifx
# 路径:D:/my_file/MyFile/YunSi/Project/Games/Cocos/CocosCyberpunk_all/CocosCyberpunk\assets\res\ui\uifx
# 内容概述:“uifx”文件夹内包含两幅图像文件，分别为“ui_fx_hit.png”和“ui_fx_low_hp.png”，均与游戏或应用界面视觉效果相关，前者可能关联用户交互，后者可能与玩家低生命值状态显示。

6. uigameover
# 路径:D:/my_file/MyFile/YunSi/Project/Games/Cocos/CocosCyberpunk_all/CocosCyberpunk\assets\res\ui\uigameover
# 内容概述:该“uigameover”文件夹汇集了游戏结束界面的设计资源，包括默认和悬停状态的按钮图像、背景图以及“主页”文本图像，旨在构建一个直观的游戏结束体验。

7. uiguide
# 路径:D:/my_file/MyFile/YunSi/Project/Games/Cocos/CocosCyberpunk_all/CocosCyberpunk\assets\res\ui\uiguide
# 内容概述:### 文件夹内容概述
“guide_keyboard_control”文件夹包含多语言键盘和摇杆控制指南图片，包括英文和中文版本，以及辅助图标和背景图片，旨在为用户提供直观的控制说明。

8. uijoystick
# 路径:D:/my_file/MyFile/YunSi/Project/Games/Cocos/CocosCyberpunk_all/CocosCyberpunk\assets\res\ui\uijoystick
# 内容概述:该“uijoystick”文件夹汇集了多张游戏UI图标和背景图，包括瞄准、换枪、蹲下、射击、跳跃等操作图标，以及摇杆相关元素，旨在为玩家提供直观的操作指引和游戏体验。

9. uilevel
# 路径:D:/my_file/MyFile/YunSi/Project/Games/Cocos/CocosCyberpunk_all/CocosCyberpunk\assets\res\ui\uilevel
# 内容概述:该“uilevel”文件夹汇集了多张与游戏或软件界面设计相关的图像文件，包括瞄准、背包、生命值、装备等UI元素的视觉设计图，以及一些状态背景和图标。这些文件共同构成了一个UI设计资源包，旨在辅助界面开发与演示。

10. uiloading
# 路径:D:/my_file/MyFile/YunSi/Project/Games/Cocos/CocosCyberpunk_all/CocosCyberpunk\assets\res\ui\uiloading
# 内容概述:该“uiloading”文件夹汇集了两个图像文件，分别为“img_loading_bar.png”和“img_loading_bar_bg.png”，它们共同构成了一个加载进度条的用户界面元素，用于展示加载过程中的进度。

11. uilogo
# 路径:D:/my_file/MyFile/YunSi/Project/Games/Cocos/CocosCyberpunk_all/CocosCyberpunk\assets\res\ui\uilogo
# 内容概述:“uilogo”文件夹汇集了多张UI设计资源图片，包括按钮、标题、背景等元素，如默认和悬停状态的按钮图片、背景和Logo装饰图，以及文本和线条风格的设计素材，旨在为图形用户界面提供视觉支持。

12. uipickedtips
# 路径:D:/my_file/MyFile/YunSi/Project/Games/Cocos/CocosCyberpunk_all/CocosCyberpunk\assets\res\ui\uipickedtips
# 内容概述:“uipickedtips”文件夹内含有一个图像文件“img_picked_bg.png”，用作UI设计的背景图案。文件夹内容单一，主要针对UI设计资源。

13. uiradar
# 路径:D:/my_file/MyFile/YunSi/Project/Games/Cocos/CocosCyberpunk_all/CocosCyberpunk\assets\res\ui\uiradar
# 内容概述:“uiradar”文件夹汇集了游戏界面所需的图像资源，包括地图背景（img_map_bg.png、img_map_bg_border.png）、玩家和敌人位置指示（img_play_point.png、img_enemy_point.png）以及游戏地图本身（img_game_map.png），旨在为玩家提供清晰的游戏视觉导航。

14. uiselectequips
# 路径:D:/my_file/MyFile/YunSi/Project/Games/Cocos/CocosCyberpunk_all/CocosCyberpunk\assets\res\ui\uiselectequips
# 内容概述:该“uiselectequips”文件夹汇集了与用户界面选择区域设计相关的图像资源，包括背景图和选择区域高亮图，旨在辅助界面开发与用户交互体验。文件夹内包含四个图片文件：`img_item_select_bg.png`、`img_select_area.png`、`img_select_area_heighlight.png` 和 `img_select_bg.png`，分别对应选择区域的不同视觉元素。

15. uisettings
# 路径:D:/my_file/MyFile/YunSi/Project/Games/Cocos/CocosCyberpunk_all/CocosCyberpunk\assets\res\ui\uisettings
# 内容概述:“uisettings”文件夹汇集了多种用户界面设置相关的图片资源，包括按钮选择、导航、设置项背景、滑动提示等视觉元素，旨在统一和优化界面视觉效果。文件夹内包含如“img_next_left.png”等导航按钮的普通与高亮状态图片，“img_setting_bg.png”等背景图片，以及“slide_sound.png”等交互提示图片，共同服务于界面设计和用户交互体验。

16. uiupgrade
# 路径:D:/my_file/MyFile/YunSi/Project/Games/Cocos/CocosCyberpunk_all/CocosCyberpunk\assets\res\ui\uiupgrade
# 内容概述:## 文件夹内容总结

“uiupgrade”文件夹汇集了与界面升级相关的图片资源，包括背景、图标和选择状态图片，旨在提升用户交互体验。文件夹内包含多个图标文件（如img_upgrade_icon_0.png等）和背景图片（如img_upgrade_bg.png等），分别用于展示不同的升级操作和界面效果。


2024-11-28 21:16:46,220 - INFO Retriever 0 - 

————————————————————————————————————————————————————————————————
2024-11-28 21:16:46,220 - INFO Retriever 0 - 当前窗口总长度：33
2024-11-28 21:16:46,220 - INFO Retriever 0 - 当前更新窗口长度：24
2024-11-28 21:16:46,221 - INFO Retriever 0 - 当前更新窗口长度：24
2024-11-28 21:16:46,221 - INFO Retriever 0 - ————————————————————————————————————————————————————————————————


2024-11-28 21:16:50,555 - INFO Retriever 0 - Agent主脑给出的回答为：{
    "read_file": {
        "file_path": "D:\\my_file\\MyFile\\YunSi\\Project\\Games\\Cocos\\CocosCyberpunk_all\\CocosCyberpunk\\assets\\res\\ui\\uichangeequip\\img_icon_1.png"
    }
}
2024-11-28 21:16:50,555 - INFO Retriever 0 - 是否成功解析：True
2024-11-28 21:16:50,555 - INFO Retriever 0 - operation_type (__det_dir_action):
2024-11-28 21:16:50,556 - INFO Retriever 0 - read_file
2024-11-28 21:16:50,556 - INFO Retriever 0 - 

——————————————————————————————————————————————————————————————————————————————————————————————————————————————————————————
2024-11-28 21:16:50,556 - INFO Retriever 0 - Assistant:
2024-11-28 21:16:50,556 - INFO Retriever 0 - {
    "read_file": {
        "file_path": "D:\\my_file\\MyFile\\YunSi\\Project\\Games\\Cocos\\CocosCyberpunk_all\\CocosCyberpunk\\assets\\res\\ui\\uichangeequip\\img_icon_1.png"
    }
}
2024-11-28 21:16:50,556 - INFO Retriever 0 - dict_keys(['read_file'])
2024-11-28 21:16:50,557 - INFO Retriever 0 - Agent主脑给出的行动：read_file
参数：{'file_path': 'D:\\my_file\\MyFile\\YunSi\\Project\\Games\\Cocos\\CocosCyberpunk_all\\CocosCyberpunk\\assets\\res\\ui\\uichangeequip\\img_icon_1.png', 'top_path': 'D:/my_file/MyFile/YunSi/Project/Games/Cocos/CocosCyberpunk_all/CocosCyberpunk\\Assets', 'return_file_sum': <bound method TreeGenerationAction.return_file_sum of <Action.tree_gen_action.TreeGenerationAction object at 0x0000022EDF79CF10>>}
2024-11-28 21:16:50,557 - INFO Retriever 0 - Observer: 这是一个名为“img_icon_1.png”的文件。
2024-11-28 21:16:50,558 - INFO Retriever 0 - 

————————————————————————————————————————————————————————————————
2024-11-28 21:16:50,558 - INFO Retriever 0 - 当前窗口总长度：35
2024-11-28 21:16:50,559 - INFO Retriever 0 - 当前更新窗口长度：26
2024-11-28 21:16:50,559 - INFO Retriever 0 - 当前更新窗口长度：26
2024-11-28 21:16:50,559 - INFO Retriever 0 - ————————————————————————————————————————————————————————————————


2024-11-28 21:16:55,690 - INFO Retriever 0 - Agent主脑给出的回答为：{
    "deep_think": {
        "thoughts": "读取到的文件“img_icon_1.png”是一个图片文件，它可能是一个武器图标。由于图片文件本身不包含代码逻辑，我无法从中直接获取武器切换功能的实现细节。为了进一步了解武器切换功能的实现，我需要查找相关的脚本文件，这些脚本文件可能包含切换武器的逻辑代码。我将尝试在项目中搜索与武器切换相关的脚本文件。"
    }
}
2024-11-28 21:16:55,690 - INFO Retriever 0 - 是否成功解析：True
2024-11-28 21:16:55,690 - INFO Retriever 0 - operation_type (__det_dir_action):
2024-11-28 21:16:55,691 - INFO Retriever 0 - deep_think
2024-11-28 21:16:55,691 - INFO Retriever 0 - 

——————————————————————————————————————————————————————————————————————————————————————————————————————————————————————————
2024-11-28 21:16:55,691 - INFO Retriever 0 - Assistant:
2024-11-28 21:16:55,691 - INFO Retriever 0 - {
    "deep_think": {
        "thoughts": "读取到的文件“img_icon_1.png”是一个图片文件，它可能是一个武器图标。由于图片文件本身不包含代码逻辑，我无法从中直接获取武器切换功能的实现细节。为了进一步了解武器切换功能的实现，我需要查找相关的脚本文件，这些脚本文件可能包含切换武器的逻辑代码。我将尝试在项目中搜索与武器切换相关的脚本文件。"
    }
}
2024-11-28 21:16:55,691 - INFO Retriever 0 - dict_keys(['deep_think'])
2024-11-28 21:16:55,692 - INFO Retriever 0 - Agent主脑给出的行动：deep_think
参数：{'thoughts': '读取到的文件“img_icon_1.png”是一个图片文件，它可能是一个武器图标。由于图片文件本身不包含代码逻辑，我无法从中直接获取武器切换功能的实现细节。为了进一步了解武器切换功能的实现，我需要查找相关的脚本文件，这些脚本文件可能包含切换武器的逻辑代码。我将尝试在项目中搜索与武器切换相关的脚本文件。', 'repeat_counter': 1, 'continue_think_counter': 1}
2024-11-28 21:16:55,692 - INFO Retriever 0 - Observer: 好的，请继续你的下一步行动或思考。
2024-11-28 21:16:55,694 - INFO Retriever 0 - 

————————————————————————————————————————————————————————————————
2024-11-28 21:16:55,694 - INFO Retriever 0 - 当前窗口总长度：37
2024-11-28 21:16:55,695 - INFO Retriever 0 - 当前更新窗口长度：28
2024-11-28 21:16:55,695 - INFO Retriever 0 - 当前更新窗口长度：28
2024-11-28 21:16:55,695 - INFO Retriever 0 - ————————————————————————————————————————————————————————————————


2024-11-28 21:16:59,597 - INFO Retriever 0 - Agent主脑给出的回答为：{
    "get_folder_info": {
        "target_folder_path": "D:\\my_file\\MyFile\\YunSi\\Project\\Games\\Cocos\\CocosCyberpunk_all\\CocosCyberpunk\\assets\\scripts"
    }
}
2024-11-28 21:16:59,598 - INFO Retriever 0 - 是否成功解析：True
2024-11-28 21:16:59,598 - INFO Retriever 0 - operation_type (__det_dir_action):
2024-11-28 21:16:59,598 - INFO Retriever 0 - get_folder_info
2024-11-28 21:16:59,598 - INFO Retriever 0 - 

——————————————————————————————————————————————————————————————————————————————————————————————————————————————————————————
2024-11-28 21:16:59,599 - INFO Retriever 0 - Assistant:
2024-11-28 21:16:59,599 - INFO Retriever 0 - {
    "get_folder_info": {
        "target_folder_path": "D:\\my_file\\MyFile\\YunSi\\Project\\Games\\Cocos\\CocosCyberpunk_all\\CocosCyberpunk\\assets\\scripts"
    }
}
2024-11-28 21:16:59,599 - INFO Retriever 0 - dict_keys(['get_folder_info'])
2024-11-28 21:16:59,599 - INFO Retriever 0 - Agent主脑给出的行动：get_folder_info
参数：{'target_folder_path': 'D:\\my_file\\MyFile\\YunSi\\Project\\Games\\Cocos\\CocosCyberpunk_all\\CocosCyberpunk\\assets\\scripts'}
2024-11-28 21:16:59,607 - INFO Retriever 0 - Observer: 目标文件夹路径：D:\my_file\MyFile\YunSi\Project\Games\Cocos\CocosCyberpunk_all\CocosCyberpunk\assets\scripts
文件结构树（该结构树可能不完整，仅返回深度小于等于1层的子文件以及文件夹）：
├── .DS_Store
├── core
│   ├── .DS_Store
│   ├── action
│   ...
├── gm
│   ├── dev.ts
│   ├── gm.ts
├── logic
│   ├── actor
│   ├── anim-graph
│   ...
│   ├── ui
├── test
│   ├── delay-play.ts
│   ├── delay_play_animation.ts
│   ...
│   ├── test-ui.ts


其中，部分主要文件及文件夹的信息如下：
1. scripts
# 路径:D:/my_file/MyFile/YunSi/Project/Games/Cocos/CocosCyberpunk_all/CocosCyberpunk\assets\scripts
# 内容概述:"scripts"文件夹汇集了游戏开发的关键脚本，包括用于Mac OS X系统文件夹设置的`.DS_Store`文件，以及针对Cocos Creator的游戏管理脚本（如`gm.ts`和`dev.ts`）。核心逻辑部分由`logic`文件夹中的多个子文件夹构成，涵盖角色系统、动画、相机控制等，而`test`文件夹则专注于游戏组件的测试，如导航、物理和动画。这些脚本和文件共同支撑着游戏的整体架构和功能实现。

2. core
# 路径:D:/my_file/MyFile/YunSi/Project/Games/Cocos/CocosCyberpunk_all/CocosCyberpunk\assets\scripts\core
# 内容概述:该“core”文件夹汇集了Cocos Creator游戏开发的核心资源，包括动作管理系统、角色管理脚本、游戏AI、Electron应用交互、音频管理、曲线处理、数据管理、编辑器插件、视觉效果、图形处理、引导流程、逆运动学、输入处理、本地化、消息系统、单例模式、渲染工具、资源管理、场景加载、传感器功能、任务管理、UI组件和实用工具等，旨在提供全面的游戏开发支持。文件夹中的文件和子文件夹紧密协作，共同构成了游戏逻辑、视觉呈现和交互体验的基础。

3. gm
# 路径:D:/my_file/MyFile/YunSi/Project/Games/Cocos/CocosCyberpunk_all/CocosCyberpunk\assets\scripts\gm
# 内容概述:## 文件夹内容精简总结

“gm”文件夹包含两个TypeScript脚本，`dev.ts`负责监听键盘事件并发送消息，而`gm.ts`则提供全局游戏管理命令。这两个脚本相互配合，共同实现游戏的数据管理和交互控制。

4. logic
# 路径:D:/my_file/MyFile/YunSi/Project/Games/Cocos/CocosCyberpunk_all/CocosCyberpunk\assets\scripts\logic
# 内容概述:“logic”文件夹是游戏开发的核心逻辑集散地，汇集了角色行为、动画控制、相机操作、数据管理、特效制作、初始化加载、物品系统、关卡设计、UI交互等多个子文件夹。其中，`actor`和`anim-graph`负责角色行为与动画；`camera`实现相机控制；`data`管理游戏数据；`effect`提供视觉特效；`init`负责资源预加载和初始化；`item`处理物品交互；`level`管理关卡内容；`logo`定义游戏标识；`msg`控制组件激活；`navigation`提供路径规划；`ui`构建用户界面。这些子文件夹中的脚本相互协作，共同支撑起游戏的整体架构和功能实现。

5. test
# 路径:D:/my_file/MyFile/YunSi/Project/Games/Cocos/CocosCyberpunk_all/CocosCyberpunk\assets\scripts\test
# 内容概述:### 文件夹内容总结

“test”文件夹汇集了游戏开发的核心组件和脚本，涵盖导航、物理、动画、用户界面和资源加载等多个方面。主要子文件夹包括：

- **steeringbehaviors**：提供导航和游戏行为配置，如`nav-test-steering.json`定义导航测试配置，`test-move-target.ts`和`test-steering-init.ts`控制角色移动和初始化导航系统。
- **test-physic**：涉及物理交互，`test-physic.scene`和`test-physic.ts`实现碰撞检测和射线投射。
- **test-pose**：包含角色控制脚本，如`test-pose-move.ts`处理键盘输入和动画控制。
- **其他脚本**：如`delay-play.ts`控制动画延迟播放，`tap-play.ts`管理游戏暂停，以及一系列用于动画控制、物理交互和资源加载的脚本。

这些文件和脚本相互关联，共同支撑起游戏项目的角色控制、动画、物理和用户界面等功能。

6. .DS_Store
# 路径:D:/my_file/MyFile/YunSi/Project/Games/Cocos/CocosCyberpunk_all/CocosCyberpunk\assets\scripts\.DS_Store
# 内容概述:这是一个名为“.DS_Store”的文件。


2024-11-28 21:16:59,611 - INFO Retriever 0 - 

————————————————————————————————————————————————————————————————
2024-11-28 21:16:59,611 - INFO Retriever 0 - 当前窗口总长度：39
2024-11-28 21:16:59,611 - INFO Retriever 0 - 当前更新窗口长度：30
2024-11-28 21:16:59,611 - INFO Retriever 0 - 当前更新窗口长度：30
2024-11-28 21:16:59,612 - INFO Retriever 0 - ————————————————————————————————————————————————————————————————


2024-11-28 21:17:06,861 - INFO Retriever 0 - Agent主脑给出的回答为：{
    "deep_think": {
        "thoughts": "根据获取的文件结构树，我注意到在`scripts`目录下有多个子目录，其中`logic/ui`目录可能与用户界面逻辑相关，而武器切换功能很可能涉及到用户界面逻辑。我将尝试读取`logic/ui`目录下的文件信息，以确定是否存在与武器切换功能相关的脚本文件。"
    }
}
2024-11-28 21:17:06,862 - INFO Retriever 0 - 是否成功解析：True
2024-11-28 21:17:06,862 - INFO Retriever 0 - operation_type (__det_dir_action):
2024-11-28 21:17:06,862 - INFO Retriever 0 - deep_think
2024-11-28 21:17:06,862 - INFO Retriever 0 - 

——————————————————————————————————————————————————————————————————————————————————————————————————————————————————————————
2024-11-28 21:17:06,862 - INFO Retriever 0 - Assistant:
2024-11-28 21:17:06,863 - INFO Retriever 0 - {
    "deep_think": {
        "thoughts": "根据获取的文件结构树，我注意到在`scripts`目录下有多个子目录，其中`logic/ui`目录可能与用户界面逻辑相关，而武器切换功能很可能涉及到用户界面逻辑。我将尝试读取`logic/ui`目录下的文件信息，以确定是否存在与武器切换功能相关的脚本文件。"
    }
}
2024-11-28 21:17:06,863 - INFO Retriever 0 - dict_keys(['deep_think'])
2024-11-28 21:17:06,863 - INFO Retriever 0 - Agent主脑给出的行动：deep_think
参数：{'thoughts': '根据获取的文件结构树，我注意到在`scripts`目录下有多个子目录，其中`logic/ui`目录可能与用户界面逻辑相关，而武器切换功能很可能涉及到用户界面逻辑。我将尝试读取`logic/ui`目录下的文件信息，以确定是否存在与武器切换功能相关的脚本文件。', 'repeat_counter': 1, 'continue_think_counter': 1}
2024-11-28 21:17:06,863 - INFO Retriever 0 - Observer: 好的，请继续你的下一步行动或思考。
2024-11-28 21:17:06,865 - INFO Retriever 0 - 

————————————————————————————————————————————————————————————————
2024-11-28 21:17:06,865 - INFO Retriever 0 - 当前窗口总长度：41
2024-11-28 21:17:06,865 - INFO Retriever 0 - 当前更新窗口长度：32
2024-11-28 21:17:06,865 - INFO Retriever 0 - 当前更新窗口长度：32
2024-11-28 21:17:06,865 - INFO Retriever 0 - ————————————————————————————————————————————————————————————————


2024-11-28 21:17:10,414 - INFO Retriever 0 - Agent主脑给出的回答为：{
    "get_folder_info": {
        "target_folder_path": "D:\\my_file\\MyFile\\YunSi\\Project\\Games\\Cocos\\CocosCyberpunk_all\\CocosCyberpunk\\assets\\scripts\\logic\\ui"
    }
}
2024-11-28 21:17:10,414 - INFO Retriever 0 - 是否成功解析：True
2024-11-28 21:17:10,414 - INFO Retriever 0 - operation_type (__det_dir_action):
2024-11-28 21:17:10,414 - INFO Retriever 0 - get_folder_info
2024-11-28 21:17:10,415 - INFO Retriever 0 - 

——————————————————————————————————————————————————————————————————————————————————————————————————————————————————————————
2024-11-28 21:17:10,415 - INFO Retriever 0 - Assistant:
2024-11-28 21:17:10,415 - INFO Retriever 0 - {
    "get_folder_info": {
        "target_folder_path": "D:\\my_file\\MyFile\\YunSi\\Project\\Games\\Cocos\\CocosCyberpunk_all\\CocosCyberpunk\\assets\\scripts\\logic\\ui"
    }
}
2024-11-28 21:17:10,415 - INFO Retriever 0 - dict_keys(['get_folder_info'])
2024-11-28 21:17:10,416 - INFO Retriever 0 - Agent主脑给出的行动：get_folder_info
参数：{'target_folder_path': 'D:\\my_file\\MyFile\\YunSi\\Project\\Games\\Cocos\\CocosCyberpunk_all\\CocosCyberpunk\\assets\\scripts\\logic\\ui'}
2024-11-28 21:17:10,478 - INFO Retriever 0 - Observer: 目标文件夹路径：D:\my_file\MyFile\YunSi\Project\Games\Cocos\CocosCyberpunk_all\CocosCyberpunk\assets\scripts\logic\ui
文件结构树（该结构树可能不完整，仅返回深度小于等于1层的子文件以及文件夹）：
├── grp-bag.ts
├── grp-change-equips.ts
├── grp-dev-move.ts
├── grp-equip-info.ts
├── grp-gm.ts
├── grp-guide.ts
├── grp-map.ts
├── grp-picked-tips.ts
├── grp-select-equips.ts
├── jump-points.ts
├── ui-aim-range.ts
├── ui-animation.ts
├── ui-blood-manager.ts
├── ui-blood.ts
├── ui-fx.ts
├── ui-grp-picked-tips.ts
├── ui-guide-platform.ts
├── ui-hit-head.ts
├── ui-hp-score.ts
├── ui-loading.ts
├── ui-move-show.ts
├── ui-score.ts
├── ui-svc-reset-pos.ts


其中，部分主要文件及文件夹的信息如下：
1. ui
# 路径:D:/my_file/MyFile/YunSi/Project/Games/Cocos/CocosCyberpunk_all/CocosCyberpunk\assets\scripts\logic\ui
# 内容概述:### 文件夹内容概述
“ui”文件夹汇集了Cocos Creator游戏引擎的多个TypeScript脚本，专注于游戏UI系统的构建与交互。包含背包管理、装备选择、血量显示、加载界面等核心功能，脚本间通过事件和消息紧密协作，共同实现游戏UI的动态和交互性。

2. grp-bag.ts
# 路径:D:/my_file/MyFile/YunSi/Project/Games/Cocos/CocosCyberpunk_all/CocosCyberpunk\assets\scripts\logic\ui\grp-bag.ts
# 内容概述:该脚本定义了`GrpBag`类，用于管理游戏中的背包系统。`GrpBag`继承自`UICom`，负责初始化背包，并监听`msg_update_bag`和`msg_change_equip`消息来更新背包内容和处理装备变更。每个背包项由`GrpBagItem`类管理，负责显示物品图标和数量。脚本通过模块化设计，结合UI组件、消息处理和资源缓存，实现了背包的显示和交互功能。

3. grp-change-equips.ts
# 路径:D:/my_file/MyFile/YunSi/Project/Games/Cocos/CocosCyberpunk_all/CocosCyberpunk\assets\scripts\logic\ui\grp-change-equips.ts
# 内容概述:该脚本“grp-change-equips.ts”是Cocos Creator框架下的TypeScript文件，负责处理装备变化事件并更新装备图标。脚本定义了`GrpChangeEquips`类，继承自UICom，包含图标和突出显示节点的管理。在构造函数中，它初始化图标数组并订阅装备变化事件。`refreshChangeEquip`函数则根据玩家装备数据更新图标精灵和突出显示状态。

4. grp-dev-move.ts
# 路径:D:/my_file/MyFile/YunSi/Project/Games/Cocos/CocosCyberpunk_all/CocosCyberpunk\assets\scripts\logic\ui\grp-dev-move.ts
# 内容概述:该脚本定义了一个名为`GrpDevMove`的类，继承自`UICom`，用于处理与移动相关的用户界面交互。脚本通过`UIBind`监听`grp_dev_move`事件，并在事件触发时初始化`GrpDevMove`实例，该实例负责从节点中获取`EditBox`组件，并在`on()`方法中同步游戏设置值到这些组件。`off()`方法则将组件中的值发送至消息系统。

5. grp-equip-info.ts
# 路径:D:/my_file/MyFile/YunSi/Project/Games/Cocos/CocosCyberpunk_all/CocosCyberpunk\assets\scripts\logic\ui\grp-equip-info.ts
# 内容概述:该脚本定义了`GrpEquipInfo`类，继承自`UICom`，用于处理玩家装备信息的UI更新。类在构造时初始化UI组件，并监听`msg_update_equip_info`消息。当接收到更新消息时，它会检查并获取当前装备的数据，更新UI标签以显示子弹数量等信息，同时通过消息系统通知UI组件进行相应的显示调整。

6. grp-gm.ts
# 路径:D:/my_file/MyFile/YunSi/Project/Games/Cocos/CocosCyberpunk_all/CocosCyberpunk\assets\scripts\logic\ui\grp-gm.ts
# 内容概述:该脚本定义了一个名为“GrpGM”的类，继承自“GrpBase”，用于实现游戏中的GM功能。脚本中引入了UI组件和基础类，以及GM模块和UI绑定机制。在构造函数中，GrpGM初始化按钮和输入框，并为按钮添加点击事件，点击时执行输入框中的命令。整体结构清晰，功能模块包括UI组件操作、事件绑定和命令执行。

7. grp-guide.ts
# 路径:D:/my_file/MyFile/YunSi/Project/Games/Cocos/CocosCyberpunk_all/CocosCyberpunk\assets\scripts\logic\ui\grp-guide.ts
# 内容概述:### 脚本概览
该脚本定义了一个名为`GrpGuide`的类，继承自`GrpBase`，用于管理游戏中的引导逻辑。脚本通过模块化导入，包括节点操作、消息传递、音频和UI绑定等，并在`UIBind`上注册了`grp_guide`事件以创建`GrpGuide`实例。`GrpGuide`构造函数初始化节点，并绑定消息处理函数以响应引导刷新事件。

### 主要功能
脚本的核心是`GrpGuide`类，它负责关闭所有子节点，激活当前引导节点，并触发音频通知。通过事件监听，当引导状态需要更新时，会调用`guide_refresh`方法来执行这些操作。

8. grp-map.ts
# 路径:D:/my_file/MyFile/YunSi/Project/Games/Cocos/CocosCyberpunk_all/CocosCyberpunk\assets\scripts\logic\ui\grp-map.ts
# 内容概述:该脚本定义了一个`GrpMap`类，继承自`UICom`，用于管理地图上的元素。类中初始化了地图元素列表，并监听`msg_update_map`消息以更新玩家和敌人的位置。通过查找和复制节点位置，以及应用缩放和偏移，`GrpMap`确保地图元素正确反映其在游戏世界中的位置。脚本利用了多个核心模块如`cc`、`util`、`res`和`msg`等，以实现地图的动态更新功能。

9. grp-picked-tips.ts
# 路径:D:/my_file/MyFile/YunSi/Project/Games/Cocos/CocosCyberpunk_all/CocosCyberpunk\assets\scripts\logic\ui\grp-picked-tips.ts
# 内容概述:该脚本定义了`GrpPickedTips`类，用于管理游戏中的提示信息显示。类中包含一个提示信息列表和一个消息队列，用于存储和更新提示。`GrpPickedTipsItem`类负责单个提示信息的显示逻辑。脚本通过监听特定消息来更新提示内容，并循环显示列表中的提示信息。整体上，脚本实现了提示信息的动态管理和展示功能。

10. grp-select-equips.ts
# 路径:D:/my_file/MyFile/YunSi/Project/Games/Cocos/CocosCyberpunk_all/CocosCyberpunk\assets\scripts\logic\ui\grp-select-equips.ts
# 内容概述:该脚本定义了`GrpSelectEquips`类，继承自`UICom`，用于创建和管理装备选择界面。它初始化装备列表，根据游戏数据设置每个装备的位置和角度，并监听用户选择事件以更新当前选中装备的信息。`GrpSelectItem`类则负责单个装备项的显示和控制。脚本通过构造函数和事件监听实现装备列表的初始化和交互式选择功能。

11. jump-points.ts
# 路径:D:/my_file/MyFile/YunSi/Project/Games/Cocos/CocosCyberpunk_all/CocosCyberpunk\assets\scripts\logic\ui\jump-points.ts
# 内容概述:### 脚本内容概要
该脚本定义了一个名为`JumpPoints`的Cocos Creator组件，用于管理并显示跳跃点数。组件包含一个Label用于显示点数，并在启用时初始化。它通过监听`set_points`事件来更新点数，并在每帧更新中根据预设的速度和加速度调整当前点数，确保显示的点是动态变化的。

12. ui-aim-range.ts
# 路径:D:/my_file/MyFile/YunSi/Project/Games/Cocos/CocosCyberpunk_all/CocosCyberpunk\assets\scripts\logic\ui\ui-aim-range.ts
# 内容概述:该脚本定义了Cocos Creator中的`UIAimRange`组件，用于实现游戏中的瞄准范围指示器。组件初始化时获取并检查SpriteComponent，绑定消息处理函数`updateAim`，后者根据传入的尺寸动态调整指示器子节点的大小和位置，以反映瞄准范围。

13. ui-animation.ts
# 路径:D:/my_file/MyFile/YunSi/Project/Games/Cocos/CocosCyberpunk_all/CocosCyberpunk\assets\scripts\logic\ui\ui-animation.ts
# 内容概述:该脚本定义了`UIAnimation`类，用于Cocos Creator中的UI动画控制。类中包含一个`_graph`属性用于存储动画控制器，并在组件启用时通过`onEnable`方法初始化。此方法还设置了一个事件监听器，以便在节点接收到`set_anim`事件时，通过`play`函数调整动画参数。`play`函数则直接操作动画控制器以设置动画值。

14. ui-blood-manager.ts
# 路径:D:/my_file/MyFile/YunSi/Project/Games/Cocos/CocosCyberpunk_all/CocosCyberpunk\assets\scripts\logic\ui\ui-blood-manager.ts
# 内容概述:"ui-blood-manager.ts" 是一个管理血量显示的组件，继承自cc.Component。它初始化一个血量显示元素池，并监听特定消息来更新血量信息。组件启动时创建并缓存血量显示元素，当接收到消息时，通过`setBloodInfo`方法查找或创建血量显示元素，并更新其状态。此外，还提供了`getNullTarget`方法以重用未分配的元素。组件销毁时，会取消消息监听。

15. ui-blood.ts
# 路径:D:/my_file/MyFile/YunSi/Project/Games/Cocos/CocosCyberpunk_all/CocosCyberpunk\assets\scripts\logic\ui\ui-blood.ts
# 内容概述:该脚本定义了Cocos Creator中的`UIBlood`组件，负责管理游戏中的血量显示。组件包含目标节点、血量视图、分数显示和头部击中效果等属性。主要功能包括设置目标、更新血量百分比、处理伤害和击中事件，并在更新时同步血量位置和清除显示。通过`update`函数，组件根据目标位置和清除时间控制血量显示的可见性。

16. ui-fx.ts
# 路径:D:/my_file/MyFile/YunSi/Project/Games/Cocos/CocosCyberpunk_all/CocosCyberpunk\assets\scripts\logic\ui\ui-fx.ts
# 内容概述:该脚本定义了Cocos Creator中的`UIFx`组件，用于管理UI元素的显示与隐藏。组件初始化时，它会创建一个节点映射，并监听特定消息来控制指定UI元素的激活状态。`UIFx`类提供了`open`和`close`方法来根据名称操作UI元素的可见性，并在组件禁用时执行清理工作。

17. ui-grp-picked-tips.ts
# 路径:D:/my_file/MyFile/YunSi/Project/Games/Cocos/CocosCyberpunk_all/CocosCyberpunk\assets\scripts\logic\ui\ui-grp-picked-tips.ts
# 内容概述:该脚本定义了一个名为`GrpPickedTips`的UI组件类，继承自`UICom`，用于展示游戏中的拾取提示。类中维护了一个提示项列表和一个消息队列，通过构造函数初始化提示项并设置显示状态。它监听`msg_picked`消息，当接收到新拾取信息时，更新列表中第一个提示项的显示内容。此外，脚本还定义了一个`GrpPickedTipsItem`类，用于管理单个提示项的文本和显示逻辑。

18. ui-guide-platform.ts
# 路径:D:/my_file/MyFile/YunSi/Project/Games/Cocos/CocosCyberpunk_all/CocosCyberpunk\assets\scripts\logic\ui\ui-guide-platform.ts
# 内容概述:该脚本“ui-guide-platform.ts”是Cocos Creator引擎下的一个组件，负责根据平台和语言设置显示相应的引导图片。它包含`UIGuidePlatform`类，该类继承自`Component`，具有`guideSprites`和`sprite`属性，分别用于存储和显示图片帧。组件启动时注册事件监听，并在`refresh`方法中根据平台和语言索引更新显示的图片帧，同时设置图片大小模式。组件销毁时移除事件监听。

19. ui-hit-head.ts
# 路径:D:/my_file/MyFile/YunSi/Project/Games/Cocos/CocosCyberpunk_all/CocosCyberpunk\assets\scripts\logic\ui\ui-hit-head.ts
# 内容概述:### 总体概述
该脚本是一个Cocos Creator框架下的TypeScript组件，名为`UIHitHead`。其主要功能是管理一个节点池，用于在游戏或应用中高效地显示和隐藏节点。

### 模块和功能
- **节点池管理**：脚本负责创建和管理一个节点池，用于存储和复用节点，从而优化性能。
- **节点显示控制**：提供`showHead`方法来控制节点池中节点的显示状态。

### 类和函数
- **类**：`UIHitHead`
  - `poolDeep`：一个属性，指定节点池中节点的最大数量。
  - `list`：一个数组，用于存储节点池中的节点实例。
  - `index`：一个索引，用于追踪当前活跃节点的位置。
- **函数**：
  - `onLoad()`：组件初始化时调用，负责设置初始节点状态，并将节点添加到节点池中。
  - `showHead()`：负责切换节点池中节点的显示状态，实现循环显示效果。

### 实现逻辑
1. 在`onLoad()`函数中，脚本首先获取组件所在的节点（`this.node`）的第一个子节点，并将其设置为不活跃状态。
2. 然后，脚本使用一个循环创建额外的节点，并将这些节点通过`Res.instNode`方法实例化后添加到节点池的`list`数组中。
3. `showHead()`函数通过访问`list`数组中的节点，根据当前索引`index`来激活或隐藏节点，并更新索引值以实现循环显示效果。如果索引超出节点池深度，则将其重置为0。

20. ui-hp-score.ts
# 路径:D:/my_file/MyFile/YunSi/Project/Games/Cocos/CocosCyberpunk_all/CocosCyberpunk\assets\scripts\logic\ui\ui-hp-score.ts
# 内容概述:该脚本定义了Cocos Creator框架下的`UIHpScore`组件，用于管理玩家生命值（HP）的UI显示。组件初始化时创建一个包含预定义数量节点的池，用于重复利用生命值显示元素。`setScore`方法负责更新生命值显示的数值和位置，通过计算世界坐标到屏幕坐标的转换，将生命值显示放置在正确的UI位置。`clear`方法则关闭所有生命值显示，以便重新激活。脚本通过类属性和装饰器定义了组件的配置和功能。

21. ui-loading.ts
# 路径:D:/my_file/MyFile/YunSi/Project/Games/Cocos/CocosCyberpunk_all/CocosCyberpunk\assets\scripts\logic\ui\ui-loading.ts
# 内容概述:该脚本定义了Cocos Creator中的`UILoading`组件，负责管理游戏加载界面的显示和进度更新。组件包含文本和进度条属性，用于显示加载信息和进度。它通过监听加载消息来更新加载列表和状态，并在加载过程中实时计算并更新进度。当加载完成时，组件会触发后续操作，如播放动画，并适时隐藏加载界面。

22. ui-move-show.ts
# 路径:D:/my_file/MyFile/YunSi/Project/Games/Cocos/CocosCyberpunk_all/CocosCyberpunk\assets\scripts\logic\ui\ui-move-show.ts
# 内容概述:该脚本是一个Cocos Creator组件，负责控制UI元素的显示与隐藏。它通过监听鼠标和触摸移动事件来动态调整UI元素的透明度，实现平滑的显示和隐藏效果。主要类`UIMoveShow`包含属性如`hiddenTime`、`showSpeed`和`hiddenSpeed`来控制隐藏和显示的速度。脚本在`start`方法中初始化事件监听和组件引用，`onMouseMove`和`onTouchMove`方法重置计时器，而`update`方法则根据时间差调整UI元素的透明度，从而控制其可见性。

23. ui-score.ts
# 路径:D:/my_file/MyFile/YunSi/Project/Games/Cocos/CocosCyberpunk_all/CocosCyberpunk\assets\scripts\logic\ui\ui-score.ts
# 内容概述:该脚本定义了Cocos Creator中的`ui_score`组件，负责管理UI分数显示和计时。组件包含一个用于显示分数的`Label`属性，并在初始化时注册事件监听器以接收分数更新。`setScore`函数用于更新分数显示，而`update`函数则负责管理分数显示的持续时间，当时间耗尽后隐藏分数显示。

24. ui-svc-reset-pos.ts
# 路径:D:/my_file/MyFile/YunSi/Project/Games/Cocos/CocosCyberpunk_all/CocosCyberpunk\assets\scripts\logic\ui\ui-svc-reset-pos.ts
# 内容概述:该脚本“ui-svc-reset-pos.ts”是Cocos Creator的一个组件脚本，用于重置UI滚动视图的位置。它包含一个名为`UIScrollViewResetPos`的类，继承自`Component`。组件在启用时，通过延迟启用和禁用布局的方式，实现UI滚动视图位置的自动重置。主要逻辑是通过`onEnable`函数在延迟后切换布局的启用状态，从而重置视图位置。


2024-11-28 21:17:10,481 - INFO Retriever 0 - 

————————————————————————————————————————————————————————————————
2024-11-28 21:17:10,481 - INFO Retriever 0 - 当前窗口总长度：43
2024-11-28 21:17:10,481 - INFO Retriever 0 - 当前更新窗口长度：34
2024-11-28 21:17:10,481 - INFO Retriever 0 - 当前更新窗口长度：34
2024-11-28 21:17:10,483 - INFO Retriever 0 - ————————————————————————————————————————————————————————————————


2024-11-28 21:17:18,484 - INFO Retriever 0 - Agent主脑给出的回答为：{
    "read_file": {
        "file_path": "D:\\my_file\\MyFile\\YunSi\\Project\\Games\\Cocos\\CocosCyberpunk_all\\CocosCyberpunk\\assets\\scripts\\logic\\ui\\grp-change-equips.ts"
    }
}
2024-11-28 21:17:18,484 - INFO Retriever 0 - 是否成功解析：True
2024-11-28 21:17:18,485 - INFO Retriever 0 - operation_type (__det_dir_action):
2024-11-28 21:17:18,485 - INFO Retriever 0 - read_file
2024-11-28 21:17:18,485 - INFO Retriever 0 - 

——————————————————————————————————————————————————————————————————————————————————————————————————————————————————————————
2024-11-28 21:17:18,485 - INFO Retriever 0 - Assistant:
2024-11-28 21:17:18,485 - INFO Retriever 0 - {
    "read_file": {
        "file_path": "D:\\my_file\\MyFile\\YunSi\\Project\\Games\\Cocos\\CocosCyberpunk_all\\CocosCyberpunk\\assets\\scripts\\logic\\ui\\grp-change-equips.ts"
    }
}
2024-11-28 21:17:18,485 - INFO Retriever 0 - dict_keys(['read_file'])
2024-11-28 21:17:18,485 - INFO Retriever 0 - Agent主脑给出的行动：read_file
参数：{'file_path': 'D:\\my_file\\MyFile\\YunSi\\Project\\Games\\Cocos\\CocosCyberpunk_all\\CocosCyberpunk\\assets\\scripts\\logic\\ui\\grp-change-equips.ts', 'top_path': 'D:/my_file/MyFile/YunSi/Project/Games/Cocos/CocosCyberpunk_all/CocosCyberpunk\\Assets', 'return_file_sum': <bound method TreeGenerationAction.return_file_sum of <Action.tree_gen_action.TreeGenerationAction object at 0x0000022EDF79CF10>>}
2024-11-28 21:17:18,537 - INFO Retriever 0 - Observer: 这是一个名为“grp-change-equips.ts”的文件，该文件里的内容为：
由于脚本文件内容过长，暂时仅给出该脚本文件的内容总结:
- ### 总体概述
- **框架和模块化结构**：该脚本是一个基于Cocos Creator框架的TypeScript代码文件，主要包含UI组件和事件处理逻辑。
- **主要功能和目标**：脚本的主要功能是处理装备变化事件，更新装备图标和突出显示相应的图标。

### 模块和功能
- **UI组件**：脚本使用UI组件来显示和更新装备图标。
- **事件监听**：监听装备变化事件，并更新装备信息。

### 类和函数
- **GrpChangeEquips类**：继承自UICom，负责处理装备变化并更新UI。
  - `heighLights`：存储突出显示节点的数组。
  - `icons`：存储装备图标精灵的数组。
  - `constructor(node: Node)`：构造函数，初始化图标和突出显示节点。
  - `refreshChangeEquip()`：更新装备信息的函数。

### 实现逻辑
- **初始化**：在构造函数中，获取图标和突出显示节点，并订阅装备变化事件。
- **事件处理**：当接收到装备变化事件时，调用`refreshChangeEquip`函数。
- **更新UI**：在`refreshChangeEquip`函数中，根据当前装备索引更新图标和突出显示节点的状态。
  - 获取玩家数据，遍历装备列表。
  - 根据装备名称从资源缓存中获取对应的精灵帧，并设置到图标精灵上。
  - 根据当前装备索引激活相应的突出显示节点。
2024-11-28 21:17:18,539 - INFO Retriever 0 - 

————————————————————————————————————————————————————————————————
2024-11-28 21:17:18,539 - INFO Retriever 0 - 当前窗口总长度：45
2024-11-28 21:17:18,539 - INFO Retriever 0 - 当前更新窗口长度：36
2024-11-28 21:17:18,539 - INFO Retriever 0 - 当前更新窗口长度：36
2024-11-28 21:17:18,539 - INFO Retriever 0 - ————————————————————————————————————————————————————————————————


2024-11-28 21:17:26,767 - INFO Retriever 0 - Agent主脑给出的回答为：{
    "deep_think": {
        "thoughts": "根据读取到的“grp-change-equips.ts”文件内容，该脚本负责处理装备变化事件并更新装备图标。它监听装备变化事件，并在事件触发时更新UI。这表明该脚本与武器切换功能直接相关，因为它涉及到装备的更新和显示。接下来，我将尝试读取与该脚本相关的其他文件，以获取更完整的武器切换功能实现细节。"
    }
}
2024-11-28 21:17:26,767 - INFO Retriever 0 - 是否成功解析：True
2024-11-28 21:17:26,767 - INFO Retriever 0 - operation_type (__det_dir_action):
2024-11-28 21:17:26,769 - INFO Retriever 0 - deep_think
2024-11-28 21:17:26,769 - INFO Retriever 0 - 

——————————————————————————————————————————————————————————————————————————————————————————————————————————————————————————
2024-11-28 21:17:26,769 - INFO Retriever 0 - Assistant:
2024-11-28 21:17:26,769 - INFO Retriever 0 - {
    "deep_think": {
        "thoughts": "根据读取到的“grp-change-equips.ts”文件内容，该脚本负责处理装备变化事件并更新装备图标。它监听装备变化事件，并在事件触发时更新UI。这表明该脚本与武器切换功能直接相关，因为它涉及到装备的更新和显示。接下来，我将尝试读取与该脚本相关的其他文件，以获取更完整的武器切换功能实现细节。"
    }
}
2024-11-28 21:17:26,769 - INFO Retriever 0 - dict_keys(['deep_think'])
2024-11-28 21:17:26,770 - INFO Retriever 0 - Agent主脑给出的行动：deep_think
参数：{'thoughts': '根据读取到的“grp-change-equips.ts”文件内容，该脚本负责处理装备变化事件并更新装备图标。它监听装备变化事件，并在事件触发时更新UI。这表明该脚本与武器切换功能直接相关，因为它涉及到装备的更新和显示。接下来，我将尝试读取与该脚本相关的其他文件，以获取更完整的武器切换功能实现细节。', 'repeat_counter': 1, 'continue_think_counter': 1}
2024-11-28 21:17:26,770 - INFO Retriever 0 - Observer: 好的，请继续你的下一步行动或思考。
2024-11-28 21:17:26,771 - INFO Retriever 0 - 

————————————————————————————————————————————————————————————————
2024-11-28 21:17:26,772 - INFO Retriever 0 - 当前窗口总长度：47
2024-11-28 21:17:26,772 - INFO Retriever 0 - 当前更新窗口长度：38
2024-11-28 21:17:26,772 - INFO Retriever 0 - 当前更新窗口长度：38
2024-11-28 21:17:26,772 - INFO Retriever 0 - ————————————————————————————————————————————————————————————————


2024-11-28 21:17:32,552 - INFO Retriever 0 - Agent主脑给出的回答为：{
    "read_file": {
        "file_path": "D:\\my_file\\MyFile\\YunSi\\Project\\Games\\Cocos\\CocosCyberpunk_all\\CocosCyberpunk\\assets\\scripts\\logic\\ui\\grp-equip-info.ts"
    }
}
2024-11-28 21:17:32,552 - INFO Retriever 0 - 是否成功解析：True
2024-11-28 21:17:32,552 - INFO Retriever 0 - operation_type (__det_dir_action):
2024-11-28 21:17:32,553 - INFO Retriever 0 - read_file
2024-11-28 21:17:32,553 - INFO Retriever 0 - 

——————————————————————————————————————————————————————————————————————————————————————————————————————————————————————————
2024-11-28 21:17:32,553 - INFO Retriever 0 - Assistant:
2024-11-28 21:17:32,553 - INFO Retriever 0 - {
    "read_file": {
        "file_path": "D:\\my_file\\MyFile\\YunSi\\Project\\Games\\Cocos\\CocosCyberpunk_all\\CocosCyberpunk\\assets\\scripts\\logic\\ui\\grp-equip-info.ts"
    }
}
2024-11-28 21:17:32,553 - INFO Retriever 0 - dict_keys(['read_file'])
2024-11-28 21:17:32,554 - INFO Retriever 0 - Agent主脑给出的行动：read_file
参数：{'file_path': 'D:\\my_file\\MyFile\\YunSi\\Project\\Games\\Cocos\\CocosCyberpunk_all\\CocosCyberpunk\\assets\\scripts\\logic\\ui\\grp-equip-info.ts', 'top_path': 'D:/my_file/MyFile/YunSi/Project/Games/Cocos/CocosCyberpunk_all/CocosCyberpunk\\Assets', 'return_file_sum': <bound method TreeGenerationAction.return_file_sum of <Action.tree_gen_action.TreeGenerationAction object at 0x0000022EDF79CF10>>}
2024-11-28 21:17:32,607 - INFO Retriever 0 - Observer: 这是一个名为“grp-equip-info.ts”的文件，该文件里的内容为：
由于脚本文件内容过长，暂时仅给出该脚本文件的内容总结:
- ### 总体概述
该脚本文件名为“grp-equip-info.ts”，是Cocos Creator游戏引擎的一部分。它定义了一个名为`GrpEquipInfo`的类，该类扩展了`UICom`类，用于处理与玩家装备信息相关的UI更新。脚本的主要功能是监听消息并更新装备信息的显示。

### 模块和功能
- **UI组件更新**: 监听并处理装备信息更新消息，以更新UI显示。
- **玩家数据交互**: 与玩家数据（如装备列表、当前装备索引等）进行交互。

### 类和函数
- **GrpEquipInfo类**: 扩展自`UICom`，负责管理装备信息的UI显示。
  - `constructor(node: Node)`: 构造函数，初始化UI组件和事件监听。
  - `txt_equip_info`: 类型为`Label | undefined | null`，用于存储装备信息标签的引用。

### 实现逻辑
1. `GrpEquipInfo`类在构造函数中初始化，获取装备信息标签的引用。
2. 监听`msg_update_equip_info`消息，当接收到消息时，获取玩家数据。
3. 检查当前是否有高亮的装备（即当前装备索引不为-1）。
4. 如果有高亮装备，获取该装备的名称和数据。
5. 根据装备数据更新UI显示，包括是否显示子弹数量和子弹数量文本。
6. 使用`Msg.emit`发送`msg_grp_equip_info`消息，通知UI组件更新显示。
2024-11-28 21:17:32,609 - INFO Retriever 0 - 

————————————————————————————————————————————————————————————————
2024-11-28 21:17:32,610 - INFO Retriever 0 - 当前窗口总长度：49
2024-11-28 21:17:32,610 - INFO Retriever 0 - 当前更新窗口长度：40
2024-11-28 21:17:32,610 - INFO Retriever 0 - 当前更新窗口长度：40
2024-11-28 21:17:32,610 - INFO Retriever 0 - -- updated_window_size >= self._compress_window_size --
2024-11-28 21:17:32,611 - INFO Retriever 0 - 进行窗口压缩
2024-11-28 21:17:57,272 - INFO Retriever 0 - window report:
* 文件一：
    * 文件绝对路径：D:\my_file\MyFile\YunSi\Project\Games\Cocos\CocosCyberpunk_all\CocosCyberpunk\assets\res\ui\uichangeequip\img_icon_1.png
    * 文件内容概述：这是一个名为“img_icon_1.png”的图片文件，可能是一个武器图标。
    * 是否与问题相关：可能相关
    * 具体分析：该图片文件可能用于表示武器切换界面中的某个武器图标，但需要进一步检查以确定其是否与切换武器的功能实现直接相关。

* 文件二：
    * 文件绝对路径：D:\my_file\MyFile\YunSi\Project\Games\Cocos\CocosCyberpunk_all\CocosCyberpunk\assets\scripts\logic\ui\grp-change-equips.ts
    * 文件内容概述：这是一个名为“grp-change-equips.ts”的TypeScript文件，负责处理装备变化事件并更新装备图标。
    * 是否与问题相关：确定相关
    * 具体分析：该脚本直接与武器切换功能相关，因为它负责处理装备变化事件并更新UI中的装备图标。

* 文件三：
    * 文件绝对路径：D:\my_file\MyFile\YunSi\Project\Games\Cocos\CocosCyberpunk_all\CocosCyberpunk\assets\scripts\logic\ui\grp-equip-info.ts
    * 文件内容概述：这是一个名为“grp-equip-info.ts”的TypeScript文件，负责处理与玩家装备信息相关的UI更新。
    * 是否与问题相关：确定相关
    * 具体分析：该脚本与武器切换功能相关，因为它负责更新装备信息的UI显示，这可能是切换武器时需要更新的信息之一。

* 文件四：
    * 文件绝对路径：D:\my_file\MyFile\YunSi\Project\Games\Cocos\CocosCyberpunk_all\CocosCyberpunk\assets\scripts\logic\ui\uiblood
    * 文件内容概述：这是一个名为“uiblood”的文件夹，包含与血量显示相关的图片文件。
    * 是否与问题相关：可能相关
    * 具体分析：虽然该文件夹与血量显示相关，但血量显示可能与武器切换功能有关，因为玩家在切换武器时可能会显示不同的血量信息。

* 文件五：
    * 文件绝对路径：D:\my_file\MyFile\YunSi\Project\Games\Cocos\CocosCyberpunk_all\CocosCyberpunk\assets\scripts\logic\ui\uiequipinfo
    * 文件内容概述：这是一个名为“uiequipinfo”的文件夹，包含与装备信息显示相关的图片文件。
    * 是否与问题相关：可能相关
    * 具体分析：该文件夹与装备信息显示相关，这可能与武器切换功能有关，因为切换武器时需要更新装备信息。

* 文件六：
    * 文件绝对路径：D:\my_file\MyFile\YunSi\Project\Games\Cocos\CocosCyberpunk_all\CocosCyberpunk\assets\scripts\logic\ui\uifx
    * 文件内容概述：这是一个名为“uifx”的文件夹，包含与UI效果相关的图片文件。
    * 是否与问题相关：可能相关
    * 具体分析：该文件夹与UI效果相关，切换武器时可能会有特定的视觉效果，因此可能与武器切换功能有关。

* 文件七：
    * 文件绝对路径：D:\my_file\MyFile\YunSi\Project\Games\Cocos\CocosCyberpunk_all\CocosCyberpunk\assets\scripts\logic\ui\uigameover
    * 文件内容概述：这是一个名为“uigameover”的文件夹，包含与游戏结束界面相关的图片文件。
    * 是否与问题相关：不相关
    * 具体分析：该文件夹与游戏结束界面相关，与武器切换功能无关。

* 文件八：
    * 文件绝对路径：D:\my_file\MyFile\YunSi\Project\Games\Cocos\CocosCyberpunk_all\CocosCyberpunk\assets\scripts\logic\ui\uiguide
    * 文件内容概述：这是一个名为“uiguide”的文件夹，包含与游戏引导相关的图片文件。
    * 是否与问题相关：不相关
    * 具体分析：该文件夹与游戏引导相关，与武器切换功能无关。

* 文件九：
    * 文件绝对路径：D:\my_file\MyFile\YunSi\Project\Games\Cocos\CocosCyberpunk_all\CocosCyberpunk\assets\scripts\logic\ui\uijoystick
    * 文件内容概述：这是一个名为“uijoystick”的文件夹，包含与摇杆操作相关的图片文件。
    * 是否与问题相关：可能相关
    * 具体分析：该文件夹与摇杆操作相关，武器切换可能需要通过摇杆操作来实现，因此可能与武器切换功能有关。

* 文件十：
    * 文件绝对路径：D:\my_file\MyFile\YunSi\Project\Games\Cocos\CocosCyberpunk_all\CocosCyberpunk\assets\scripts\logic\ui\uilevel
    * 文件内容概述：这是一个名为“uilevel”的文件夹，包含与游戏关卡相关的图片文件。
    * 是否与问题相关：不相关
    * 具体分析：该文件夹与游戏关卡相关，与武器切换功能无关。

* 文件十一：
    * 文件绝对路径：D:\my_file\MyFile\YunSi\Project\Games\Cocos\CocosCyberpunk_all\CocosCyberpunk\assets\scripts\logic\ui\uiloading
    * 文件内容概述：这是一个名为“uiloading”的文件夹，包含与游戏加载界面相关的图片文件。
    * 是否与问题相关：不相关
    * 具体分析：该文件夹与游戏加载界面相关，与武器切换功能无关。

* 文件十二：
    * 文件绝对路径：D:\my_file\MyFile\YunSi\Project\Games\Cocos\CocosCyberpunk_all\CocosCyberpunk\assets\scripts\logic\ui\uilogo
    * 文件内容概述：这是一个名为“uilogo”的文件夹，包含与游戏Logo相关的图片文件。
    * 是否与问题相关：不相关
    * 具体分析：该文件夹与游戏Logo相关，与武器切换功能无关。

* 文件十三：
    * 文件绝对路径：D:\my_file\MyFile\YunSi\Project\Games\Cocos\CocosCyberpunk_all\CocosCyberpunk\assets\scripts\logic\ui\uipickedtips
    * 文件内容概述：这是一个名为“uipickedtips”的文件夹，包含与拾取提示相关的图片文件。
    * 是否与问题相关：可能相关
    * 具体分析：该文件夹与拾取提示相关，武器切换时可能会显示拾取提示，因此可能与武器切换功能有关。

* 文件十四：
    * 文件绝对路径：D:\my_file\MyFile\YunSi\Project\Games\Cocos\CocosCyberpunk_all\CocosCyberpunk\assets\scripts\logic\ui\uiradar
    * 文件内容概述：这是一个名为“uiradar”的文件夹，包含与雷达相关的图片文件。
    * 是否与问题相关：不相关
    * 具体分析：该文件夹与雷达相关，与武器切换功能无关。

* 文件十五：
    * 文件绝对路径：D:\my_file\MyFile\YunSi\Project\Games\Cocos\CocosCyberpunk_all\CocosCyberpunk\assets\scripts\logic\ui\uiselectequips
    * 文件内容概述：这是一个名为“uiselectequips”的文件夹，包含与装备选择相关的图片文件。
    * 是否与问题相关：可能相关
    * 具体分析：该文件夹与装备选择相关，武器切换可能涉及到装备的选择，因此可能与武器切换功能有关。

* 文件十六：
    * 文件绝对路径：D:\my_file\MyFile\YunSi\Project\Games\Cocos\CocosCyberpunk_all\CocosCyberpunk\assets\scripts\logic\ui\uisettings
    * 文件内容概述：这是一个名为“uisettings”的文件夹，包含与游戏设置相关的图片文件。
    * 是否与问题相关：不相关
    * 具体分析：该文件夹与游戏设置相关，与武器切换功能无关。

* 文件十七：
    * 文件绝对路径：D:\my_file\MyFile\YunSi\Project\Games\Cocos\CocosCyberpunk_all\CocosCyberpunk\assets\scripts\logic\ui\uiupgrade
    * 文件内容概述：这是一个名为“uiupgrade”的文件夹，包含与升级相关的图片文件。
    * 是否与问题相关：不相关
    * 具体分析：该文件夹与升级相关，与武器切换功能无关。
2024-11-28 21:17:57,274 - INFO Retriever 0 - 





——————————————————————————————Log compressed history list—————————————————————————————————
2024-11-28 21:17:57,275 - INFO Retriever 0 - ——————————————————————————————————————————order 1————————————————————————————————————————————




2024-11-28 21:17:57,275 - INFO Retriever 0 - user:
请在D:/my_file/MyFile/YunSi/Project/Games/Cocos/CocosCyberpunk_all/CocosCyberpunk\Assets下各级目录中寻找：项目中切换武器的功能是如何实现的？
2024-11-28 21:17:57,275 - INFO Retriever 0 - assistant:
{
    "deep_think": {
        "thoughts": "好的，接下来我将通过深度思考、仔细计划以及逐步执行的方式，来完成该任务。\n\n首先，在阅读详细的代码细节之前，应该先整体把握整个项目。\n\n在提供的可选的action中，可以通过get_folder_info操作，通过将项目顶层路径作为target_folder_path参数进行传入，来获取获取项目中主要文件夹和主要文件的描述，从而能够先大致把握项目文件的主要文件的文件树结构、基本内容、主要代码概述以及大致功能板块的分布。"
    }
}
2024-11-28 21:17:57,275 - INFO Retriever 0 - user:
好的，请继续你的下一步行动或思考。
2024-11-28 21:17:57,275 - INFO Retriever 0 - assistant:
{
    "get_folder_info": {
        "target_folder_path": "D:/my_file/MyFile/YunSi/Project/Games/Cocos/CocosCyberpunk_all/CocosCyberpunk\\Assets"
    }
}
2024-11-28 21:17:57,277 - INFO Retriever 0 - user:
目标路径D:/my_file/MyFile/YunSi/Project/Games/Cocos/CocosCyberpunk_all/CocosCyberpunk\Assets不存在。

2024-11-28 21:17:57,277 - INFO Retriever 0 - assistant:
{
    "deep_think": {
        "thoughts": "在获取了项目文件的顶层结构后，我还需要结合待查询的问题描述，对于项目中的文件和目录进行一些深度关键词检索。根据任务描述：“请在D:/my_file/MyFile/YunSi/Project/Games/Cocos/CocosCyberpunk_all/CocosCyberpunk\\Assets下各级目录中寻找：项目中切换武器的功能是如何实现的？”，我总结出如下可能会出现在各个文件名或者文件内容中的关键词：“['switch', '切换', 'change weapons', 'switch weapons', '功能', 'weapon', 'arms', 'change', '武器', '切换武器']”，“['switch', '切换', 'change weapons', 'role', 'switch weapons', 'armament', '功能', 'weapon', 'change', '武器', '切换武器']”，“['switch', '切换', 'change weapons', 'switch weapons', 'armament', '功能', 'feature', 'weapon', 'change', '武器', '切换武器']”。\n接下来，我将使用retrieve_keywords操作，在项目顶层路径“D:/my_file/MyFile/YunSi/Project/Games/Cocos/CocosCyberpunk_all/CocosCyberpunk\\Assets”下检索这些关键词，从而大致把握可能与问题描述相关的文件或目录的路径。"
    }
}
2024-11-28 21:17:57,277 - INFO Retriever 0 - user:
好的，请继续你的下一步行动或思考。
2024-11-28 21:17:57,277 - INFO Retriever 0 - assistant:
{
    "retrieve_keywords": {
        "keyword_list": [
            [
                "switch",
                "切换",
                "change weapons",
                "switch weapons",
                "功能",
                "weapon",
                "arms",
                "change",
                "武器",
                "切换武器"
            ],
            [
                "switch",
                "切换",
                "change weapons",
                "role",
                "switch weapons",
                "armament",
                "功能",
                "weapon",
                "change",
                "武器",
                "切换武器"
            ],
            [
                "switch",
                "切换",
                "change weapons",
                "switch weapons",
                "armament",
                "功能",
                "feature",
                "weapon",
                "change",
                "武器",
                "切换武器"
            ]
        ]
    }
}
2024-11-28 21:17:57,278 - INFO Retriever 0 - user:
文件一：
* 文件绝对路径：D:/my_file/MyFile/YunSi/Project/Games/Cocos/CocosCyberpunk_all/CocosCyberpunk/assets/res/ui/ui_change_equips.prefab
* 文件内容概述：这是一个名为“ui_change_equips.prefab”的文件，是Cocos Creator中的一个预制件，可能与切换武器界面有关。
* 是否与问题相关：可能相关
* 具体分析：该预制件可能包含了实现武器切换功能的UI元素和逻辑。

文件二：
* 文件绝对路径：D:/my_file/MyFile/YunSi/Project/Games/Cocos/CocosCyberpunk_all/CocosCyberpunk/temp/programming/packer-driver/targets/editor/chunks/c5/c5d96c730550d11e4a5337f80c105c4d22bb1fd3.js
* 文件内容概述：这是一个TypeScript模块，包含了一个名为`SwitchLod`的LOD切换组件，用于控制3D模型的LOD级别。
* 是否与问题相关：不相关
* 具体分析：虽然该文件涉及到模型的切换，但它是关于LOD级别的切换，而不是武器切换功能。

文件三：
* 文件绝对路径：D:/my_file/MyFile/YunSi/Project/Games/Cocos/CocosCyberpunk_all/CocosCyberpunk/assets/res/ui/uijoystick/img_change_weapon_icon.png
* 文件内容概述：这是一个名为“img_change_weapon_icon.png”的图片文件，可能是武器切换图标的纹理。
* 是否与问题相关：可能相关
* 具体分析：该图标可能用于武器切换界面上，作为不同武器切换的标识。

文件四：
* 文件绝对路径：D:/my_file/MyFile/YunSi/Project/Games/Cocos/CocosCyberpunk_all/CocosCyberpunk/extensions/pipeline/pipeline/utils/switch-lod.ts
* 文件内容概述：这是一个自定义组件脚本，用于动态切换3D模型的LOD级别。
* 是否与问题相关：不相关
* 具体分析：与文件二类似，该文件也是关于LOD级别的切换，与武器切换功能无关。

综合以上分析，最可能与问题相关的文件是“ui_change_equips.prefab”和“img_change_weapon_icon.png”，它们可能分别包含了武器切换的界面逻辑和视觉元素。
2024-11-28 21:17:57,278 - INFO Retriever 0 - assistant:
好的。在我进行下一步行动或思考前，我又回顾了一下，以下是之前已经遍历过的文件信息：

* 文件一：
    * 文件绝对路径：D:\my_file\MyFile\YunSi\Project\Games\Cocos\CocosCyberpunk_all\CocosCyberpunk\assets\res\ui\uichangeequip\img_icon_1.png
    * 文件内容概述：这是一个名为“img_icon_1.png”的图片文件，可能是一个武器图标。
    * 是否与问题相关：可能相关
    * 具体分析：该图片文件可能用于表示武器切换界面中的某个武器图标，但需要进一步检查以确定其是否与切换武器的功能实现直接相关。

* 文件二：
    * 文件绝对路径：D:\my_file\MyFile\YunSi\Project\Games\Cocos\CocosCyberpunk_all\CocosCyberpunk\assets\scripts\logic\ui\grp-change-equips.ts
    * 文件内容概述：这是一个名为“grp-change-equips.ts”的TypeScript文件，负责处理装备变化事件并更新装备图标。
    * 是否与问题相关：确定相关
    * 具体分析：该脚本直接与武器切换功能相关，因为它负责处理装备变化事件并更新UI中的装备图标。

* 文件三：
    * 文件绝对路径：D:\my_file\MyFile\YunSi\Project\Games\Cocos\CocosCyberpunk_all\CocosCyberpunk\assets\scripts\logic\ui\grp-equip-info.ts
    * 文件内容概述：这是一个名为“grp-equip-info.ts”的TypeScript文件，负责处理与玩家装备信息相关的UI更新。
    * 是否与问题相关：确定相关
    * 具体分析：该脚本与武器切换功能相关，因为它负责更新装备信息的UI显示，这可能是切换武器时需要更新的信息之一。

* 文件四：
    * 文件绝对路径：D:\my_file\MyFile\YunSi\Project\Games\Cocos\CocosCyberpunk_all\CocosCyberpunk\assets\scripts\logic\ui\uiblood
    * 文件内容概述：这是一个名为“uiblood”的文件夹，包含与血量显示相关的图片文件。
    * 是否与问题相关：可能相关
    * 具体分析：虽然该文件夹与血量显示相关，但血量显示可能与武器切换功能有关，因为玩家在切换武器时可能会显示不同的血量信息。

* 文件五：
    * 文件绝对路径：D:\my_file\MyFile\YunSi\Project\Games\Cocos\CocosCyberpunk_all\CocosCyberpunk\assets\scripts\logic\ui\uiequipinfo
    * 文件内容概述：这是一个名为“uiequipinfo”的文件夹，包含与装备信息显示相关的图片文件。
    * 是否与问题相关：可能相关
    * 具体分析：该文件夹与装备信息显示相关，这可能与武器切换功能有关，因为切换武器时需要更新装备信息。

* 文件六：
    * 文件绝对路径：D:\my_file\MyFile\YunSi\Project\Games\Cocos\CocosCyberpunk_all\CocosCyberpunk\assets\scripts\logic\ui\uifx
    * 文件内容概述：这是一个名为“uifx”的文件夹，包含与UI效果相关的图片文件。
    * 是否与问题相关：可能相关
    * 具体分析：该文件夹与UI效果相关，切换武器时可能会有特定的视觉效果，因此可能与武器切换功能有关。

* 文件七：
    * 文件绝对路径：D:\my_file\MyFile\YunSi\Project\Games\Cocos\CocosCyberpunk_all\CocosCyberpunk\assets\scripts\logic\ui\uigameover
    * 文件内容概述：这是一个名为“uigameover”的文件夹，包含与游戏结束界面相关的图片文件。
    * 是否与问题相关：不相关
    * 具体分析：该文件夹与游戏结束界面相关，与武器切换功能无关。

* 文件八：
    * 文件绝对路径：D:\my_file\MyFile\YunSi\Project\Games\Cocos\CocosCyberpunk_all\CocosCyberpunk\assets\scripts\logic\ui\uiguide
    * 文件内容概述：这是一个名为“uiguide”的文件夹，包含与游戏引导相关的图片文件。
    * 是否与问题相关：不相关
    * 具体分析：该文件夹与游戏引导相关，与武器切换功能无关。

* 文件九：
    * 文件绝对路径：D:\my_file\MyFile\YunSi\Project\Games\Cocos\CocosCyberpunk_all\CocosCyberpunk\assets\scripts\logic\ui\uijoystick
    * 文件内容概述：这是一个名为“uijoystick”的文件夹，包含与摇杆操作相关的图片文件。
    * 是否与问题相关：可能相关
    * 具体分析：该文件夹与摇杆操作相关，武器切换可能需要通过摇杆操作来实现，因此可能与武器切换功能有关。

* 文件十：
    * 文件绝对路径：D:\my_file\MyFile\YunSi\Project\Games\Cocos\CocosCyberpunk_all\CocosCyberpunk\assets\scripts\logic\ui\uilevel
    * 文件内容概述：这是一个名为“uilevel”的文件夹，包含与游戏关卡相关的图片文件。
    * 是否与问题相关：不相关
    * 具体分析：该文件夹与游戏关卡相关，与武器切换功能无关。

* 文件十一：
    * 文件绝对路径：D:\my_file\MyFile\YunSi\Project\Games\Cocos\CocosCyberpunk_all\CocosCyberpunk\assets\scripts\logic\ui\uiloading
    * 文件内容概述：这是一个名为“uiloading”的文件夹，包含与游戏加载界面相关的图片文件。
    * 是否与问题相关：不相关
    * 具体分析：该文件夹与游戏加载界面相关，与武器切换功能无关。

* 文件十二：
    * 文件绝对路径：D:\my_file\MyFile\YunSi\Project\Games\Cocos\CocosCyberpunk_all\CocosCyberpunk\assets\scripts\logic\ui\uilogo
    * 文件内容概述：这是一个名为“uilogo”的文件夹，包含与游戏Logo相关的图片文件。
    * 是否与问题相关：不相关
    * 具体分析：该文件夹与游戏Logo相关，与武器切换功能无关。

* 文件十三：
    * 文件绝对路径：D:\my_file\MyFile\YunSi\Project\Games\Cocos\CocosCyberpunk_all\CocosCyberpunk\assets\scripts\logic\ui\uipickedtips
    * 文件内容概述：这是一个名为“uipickedtips”的文件夹，包含与拾取提示相关的图片文件。
    * 是否与问题相关：可能相关
    * 具体分析：该文件夹与拾取提示相关，武器切换时可能会显示拾取提示，因此可能与武器切换功能有关。

* 文件十四：
    * 文件绝对路径：D:\my_file\MyFile\YunSi\Project\Games\Cocos\CocosCyberpunk_all\CocosCyberpunk\assets\scripts\logic\ui\uiradar
    * 文件内容概述：这是一个名为“uiradar”的文件夹，包含与雷达相关的图片文件。
    * 是否与问题相关：不相关
    * 具体分析：该文件夹与雷达相关，与武器切换功能无关。

* 文件十五：
    * 文件绝对路径：D:\my_file\MyFile\YunSi\Project\Games\Cocos\CocosCyberpunk_all\CocosCyberpunk\assets\scripts\logic\ui\uiselectequips
    * 文件内容概述：这是一个名为“uiselectequips”的文件夹，包含与装备选择相关的图片文件。
    * 是否与问题相关：可能相关
    * 具体分析：该文件夹与装备选择相关，武器切换可能涉及到装备的选择，因此可能与武器切换功能有关。

* 文件十六：
    * 文件绝对路径：D:\my_file\MyFile\YunSi\Project\Games\Cocos\CocosCyberpunk_all\CocosCyberpunk\assets\scripts\logic\ui\uisettings
    * 文件内容概述：这是一个名为“uisettings”的文件夹，包含与游戏设置相关的图片文件。
    * 是否与问题相关：不相关
    * 具体分析：该文件夹与游戏设置相关，与武器切换功能无关。

* 文件十七：
    * 文件绝对路径：D:\my_file\MyFile\YunSi\Project\Games\Cocos\CocosCyberpunk_all\CocosCyberpunk\assets\scripts\logic\ui\uiupgrade
    * 文件内容概述：这是一个名为“uiupgrade”的文件夹，包含与升级相关的图片文件。
    * 是否与问题相关：不相关
    * 具体分析：该文件夹与升级相关，与武器切换功能无关。

以上是我回顾的之前已经遍历过的文件信息。接下来，我将基于上述的进度，继续进行任务。
2024-11-28 21:17:57,280 - INFO Retriever 0 - user:
好的，请继续你的下一步行动或思考。
2024-11-28 21:17:57,280 - INFO Retriever 0 - 

——————————————————————————————————————————————————————————————————————————————————————————
2024-11-28 21:17:57,280 - INFO Retriever 0 - ——————————————————————————————————————————————————————————————————————————————————————————
2024-11-28 21:17:57,280 - INFO Retriever 0 - ————————————————————————————————————————————————————————————————


2024-11-28 21:18:02,227 - INFO Retriever 0 - Agent主脑给出的回答为：{
    "deep_think": {
        "thoughts": "根据之前获取的文件信息，我注意到文件二和文件三与武器切换功能直接相关。文件二中的grp-change-equips.ts脚本负责处理装备变化事件并更新装备图标，而文件三中的grp-equip-info.ts脚本负责处理与玩家装备信息相关的UI更新。这两个文件可能包含了切换武器的核心逻辑和UI更新逻辑。\n\n为了更深入地理解武器切换功能的实现，我需要阅读这两个文件的内容。因此，我将使用read_file操作来读取这两个文件的内容。"
    }
}
2024-11-28 21:18:02,227 - INFO Retriever 0 - 是否成功解析：True
2024-11-28 21:18:02,227 - INFO Retriever 0 - operation_type (__det_dir_action):
2024-11-28 21:18:02,228 - INFO Retriever 0 - deep_think
2024-11-28 21:18:02,228 - INFO Retriever 0 - 

——————————————————————————————————————————————————————————————————————————————————————————————————————————————————————————
2024-11-28 21:18:02,228 - INFO Retriever 0 - Assistant:
2024-11-28 21:18:02,228 - INFO Retriever 0 - {
    "deep_think": {
        "thoughts": "根据之前获取的文件信息，我注意到文件二和文件三与武器切换功能直接相关。文件二中的grp-change-equips.ts脚本负责处理装备变化事件并更新装备图标，而文件三中的grp-equip-info.ts脚本负责处理与玩家装备信息相关的UI更新。这两个文件可能包含了切换武器的核心逻辑和UI更新逻辑。\n\n为了更深入地理解武器切换功能的实现，我需要阅读这两个文件的内容。因此，我将使用read_file操作来读取这两个文件的内容。"
    }
}
2024-11-28 21:18:02,228 - INFO Retriever 0 - dict_keys(['deep_think'])
2024-11-28 21:18:02,229 - INFO Retriever 0 - Agent主脑给出的行动：deep_think
参数：{'thoughts': '根据之前获取的文件信息，我注意到文件二和文件三与武器切换功能直接相关。文件二中的grp-change-equips.ts脚本负责处理装备变化事件并更新装备图标，而文件三中的grp-equip-info.ts脚本负责处理与玩家装备信息相关的UI更新。这两个文件可能包含了切换武器的核心逻辑和UI更新逻辑。\n\n为了更深入地理解武器切换功能的实现，我需要阅读这两个文件的内容。因此，我将使用read_file操作来读取这两个文件的内容。', 'repeat_counter': 1, 'continue_think_counter': 1}
2024-11-28 21:18:02,229 - INFO Retriever 0 - Observer: 好的，请继续你的下一步行动或思考。
2024-11-28 21:18:02,230 - INFO Retriever 0 - 

————————————————————————————————————————————————————————————————
2024-11-28 21:18:02,230 - INFO Retriever 0 - 当前窗口总长度：13
2024-11-28 21:18:02,230 - INFO Retriever 0 - 当前更新窗口长度：4
2024-11-28 21:18:02,230 - INFO Retriever 0 - 当前更新窗口长度：4
2024-11-28 21:18:02,232 - INFO Retriever 0 - ————————————————————————————————————————————————————————————————


2024-11-28 21:18:05,460 - INFO Retriever 0 - Agent主脑给出的回答为：{
    "read_file": {
        "file_path": "D:/my_file/MyFile/YunSi/Project/Games/Cocos/CocosCyberpunk_all/CocosCyberpunk/assets/scripts/logic/ui/grp-change-equips.ts"
    }
}
2024-11-28 21:18:05,461 - INFO Retriever 0 - 是否成功解析：True
2024-11-28 21:18:05,461 - INFO Retriever 0 - operation_type (__det_dir_action):
2024-11-28 21:18:05,461 - INFO Retriever 0 - read_file
2024-11-28 21:18:05,461 - INFO Retriever 0 - 

——————————————————————————————————————————————————————————————————————————————————————————————————————————————————————————
2024-11-28 21:18:05,461 - INFO Retriever 0 - Assistant:
2024-11-28 21:18:05,462 - INFO Retriever 0 - {
    "read_file": {
        "file_path": "D:/my_file/MyFile/YunSi/Project/Games/Cocos/CocosCyberpunk_all/CocosCyberpunk/assets/scripts/logic/ui/grp-change-equips.ts"
    }
}
2024-11-28 21:18:05,462 - INFO Retriever 0 - dict_keys(['read_file'])
2024-11-28 21:18:05,462 - INFO Retriever 0 - Agent主脑给出的行动：read_file
参数：{'file_path': 'D:/my_file/MyFile/YunSi/Project/Games/Cocos/CocosCyberpunk_all/CocosCyberpunk/assets/scripts/logic/ui/grp-change-equips.ts', 'top_path': 'D:/my_file/MyFile/YunSi/Project/Games/Cocos/CocosCyberpunk_all/CocosCyberpunk\\Assets', 'return_file_sum': <bound method TreeGenerationAction.return_file_sum of <Action.tree_gen_action.TreeGenerationAction object at 0x0000022EDF79CF10>>}
2024-11-28 21:18:05,519 - INFO Retriever 0 - Observer: 这是一个名为“D:/my_file/MyFile/YunSi/Project/Games/Cocos/CocosCyberpunk_all/CocosCyberpunk/assets/scripts/logic/ui/grp-change-equips.ts”的文件，该文件里的内容为：
由于脚本文件内容过长，暂时仅给出该脚本文件的内容总结:
- ### 总体概述
- **框架和模块化结构**：该脚本是一个基于Cocos Creator框架的TypeScript代码文件，主要包含UI组件和事件处理逻辑。
- **主要功能和目标**：脚本的主要功能是处理装备变化事件，更新装备图标和突出显示相应的图标。

### 模块和功能
- **UI组件**：脚本使用UI组件来显示和更新装备图标。
- **事件监听**：监听装备变化事件，并更新装备信息。

### 类和函数
- **GrpChangeEquips类**：继承自UICom，负责处理装备变化并更新UI。
  - `heighLights`：存储突出显示节点的数组。
  - `icons`：存储装备图标精灵的数组。
  - `constructor(node: Node)`：构造函数，初始化图标和突出显示节点。
  - `refreshChangeEquip()`：更新装备信息的函数。

### 实现逻辑
- **初始化**：在构造函数中，获取图标和突出显示节点，并订阅装备变化事件。
- **事件处理**：当接收到装备变化事件时，调用`refreshChangeEquip`函数。
- **更新UI**：在`refreshChangeEquip`函数中，根据当前装备索引更新图标和突出显示节点的状态。
  - 获取玩家数据，遍历装备列表。
  - 根据装备名称从资源缓存中获取对应的精灵帧，并设置到图标精灵上。
  - 根据当前装备索引激活相应的突出显示节点。
2024-11-28 21:18:05,521 - INFO Retriever 0 - 

————————————————————————————————————————————————————————————————
2024-11-28 21:18:05,521 - INFO Retriever 0 - 当前窗口总长度：15
2024-11-28 21:18:05,521 - INFO Retriever 0 - 当前更新窗口长度：6
2024-11-28 21:18:05,521 - INFO Retriever 0 - 当前更新窗口长度：6
2024-11-28 21:18:05,522 - INFO Retriever 0 - ————————————————————————————————————————————————————————————————


2024-11-28 21:18:08,342 - INFO Retriever 0 - Agent主脑给出的回答为：{
    "read_file": {
        "file_path": "D:/my_file/MyFile/YunSi/Project/Games/Cocos/CocosCyberpunk_all/CocosCyberpunk/assets/scripts/logic/ui/grp-equip-info.ts"
    }
}
2024-11-28 21:18:08,342 - INFO Retriever 0 - 是否成功解析：True
2024-11-28 21:18:08,342 - INFO Retriever 0 - operation_type (__det_dir_action):
2024-11-28 21:18:08,342 - INFO Retriever 0 - read_file
2024-11-28 21:18:08,342 - INFO Retriever 0 - 

——————————————————————————————————————————————————————————————————————————————————————————————————————————————————————————
2024-11-28 21:18:08,342 - INFO Retriever 0 - Assistant:
2024-11-28 21:18:08,344 - INFO Retriever 0 - {
    "read_file": {
        "file_path": "D:/my_file/MyFile/YunSi/Project/Games/Cocos/CocosCyberpunk_all/CocosCyberpunk/assets/scripts/logic/ui/grp-equip-info.ts"
    }
}
2024-11-28 21:18:08,344 - INFO Retriever 0 - dict_keys(['read_file'])
2024-11-28 21:18:08,344 - INFO Retriever 0 - Agent主脑给出的行动：read_file
参数：{'file_path': 'D:/my_file/MyFile/YunSi/Project/Games/Cocos/CocosCyberpunk_all/CocosCyberpunk/assets/scripts/logic/ui/grp-equip-info.ts', 'top_path': 'D:/my_file/MyFile/YunSi/Project/Games/Cocos/CocosCyberpunk_all/CocosCyberpunk\\Assets', 'return_file_sum': <bound method TreeGenerationAction.return_file_sum of <Action.tree_gen_action.TreeGenerationAction object at 0x0000022EDF79CF10>>}
2024-11-28 21:18:08,396 - INFO Retriever 0 - Observer: 这是一个名为“D:/my_file/MyFile/YunSi/Project/Games/Cocos/CocosCyberpunk_all/CocosCyberpunk/assets/scripts/logic/ui/grp-equip-info.ts”的文件，该文件里的内容为：
由于脚本文件内容过长，暂时仅给出该脚本文件的内容总结:
- ### 总体概述
该脚本文件名为“grp-equip-info.ts”，是Cocos Creator游戏引擎的一部分。它定义了一个名为`GrpEquipInfo`的类，该类扩展了`UICom`类，用于处理与玩家装备信息相关的UI更新。脚本的主要功能是监听消息并更新装备信息的显示。

### 模块和功能
- **UI组件更新**: 监听并处理装备信息更新消息，以更新UI显示。
- **玩家数据交互**: 与玩家数据（如装备列表、当前装备索引等）进行交互。

### 类和函数
- **GrpEquipInfo类**: 扩展自`UICom`，负责管理装备信息的UI显示。
  - `constructor(node: Node)`: 构造函数，初始化UI组件和事件监听。
  - `txt_equip_info`: 类型为`Label | undefined | null`，用于存储装备信息标签的引用。

### 实现逻辑
1. `GrpEquipInfo`类在构造函数中初始化，获取装备信息标签的引用。
2. 监听`msg_update_equip_info`消息，当接收到消息时，获取玩家数据。
3. 检查当前是否有高亮的装备（即当前装备索引不为-1）。
4. 如果有高亮装备，获取该装备的名称和数据。
5. 根据装备数据更新UI显示，包括是否显示子弹数量和子弹数量文本。
6. 使用`Msg.emit`发送`msg_grp_equip_info`消息，通知UI组件更新显示。
2024-11-28 21:18:08,397 - INFO Retriever 0 - 

————————————————————————————————————————————————————————————————
2024-11-28 21:18:08,398 - INFO Retriever 0 - 当前窗口总长度：17
2024-11-28 21:18:08,398 - INFO Retriever 0 - 当前更新窗口长度：8
2024-11-28 21:18:08,398 - INFO Retriever 0 - 当前更新窗口长度：8
2024-11-28 21:18:08,398 - INFO Retriever 0 - ————————————————————————————————————————————————————————————————


2024-11-28 21:18:15,071 - INFO Retriever 0 - Agent主脑给出的回答为：{
    "deep_think": {
        "thoughts": "通过阅读grp-change-equips.ts和grp-equip-info.ts两个文件的内容，我了解到这两个文件是处理装备变化事件和更新装备信息UI的核心逻辑。grp-change-equips.ts脚本负责监听装备变化事件，并更新装备图标和突出显示相应的图标。grp-equip-info.ts脚本则负责监听消息并更新装备信息的显示，包括装备名称和子弹数量等信息。\n\n这两个脚本文件的内容表明，武器切换功能是通过监听装备变化事件，并更新UI组件来实现的。当玩家切换武器时，相关的事件会被触发，然后这两个脚本会根据当前装备的信息更新UI显示。\n\n基于以上分析，我认为我已经完成了对项目中切换武器功能的实现方式的查找。接下来，我将总结我的发现并结束任务。"
    }
}
2024-11-28 21:18:15,072 - INFO Retriever 0 - 是否成功解析：True
2024-11-28 21:18:15,072 - INFO Retriever 0 - operation_type (__det_dir_action):
2024-11-28 21:18:15,072 - INFO Retriever 0 - deep_think
2024-11-28 21:18:15,072 - INFO Retriever 0 - 

——————————————————————————————————————————————————————————————————————————————————————————————————————————————————————————
2024-11-28 21:18:15,073 - INFO Retriever 0 - Assistant:
2024-11-28 21:18:15,073 - INFO Retriever 0 - {
    "deep_think": {
        "thoughts": "通过阅读grp-change-equips.ts和grp-equip-info.ts两个文件的内容，我了解到这两个文件是处理装备变化事件和更新装备信息UI的核心逻辑。grp-change-equips.ts脚本负责监听装备变化事件，并更新装备图标和突出显示相应的图标。grp-equip-info.ts脚本则负责监听消息并更新装备信息的显示，包括装备名称和子弹数量等信息。\n\n这两个脚本文件的内容表明，武器切换功能是通过监听装备变化事件，并更新UI组件来实现的。当玩家切换武器时，相关的事件会被触发，然后这两个脚本会根据当前装备的信息更新UI显示。\n\n基于以上分析，我认为我已经完成了对项目中切换武器功能的实现方式的查找。接下来，我将总结我的发现并结束任务。"
    }
}
2024-11-28 21:18:15,073 - INFO Retriever 0 - dict_keys(['deep_think'])
2024-11-28 21:18:15,073 - INFO Retriever 0 - Agent主脑给出的行动：deep_think
参数：{'thoughts': '通过阅读grp-change-equips.ts和grp-equip-info.ts两个文件的内容，我了解到这两个文件是处理装备变化事件和更新装备信息UI的核心逻辑。grp-change-equips.ts脚本负责监听装备变化事件，并更新装备图标和突出显示相应的图标。grp-equip-info.ts脚本则负责监听消息并更新装备信息的显示，包括装备名称和子弹数量等信息。\n\n这两个脚本文件的内容表明，武器切换功能是通过监听装备变化事件，并更新UI组件来实现的。当玩家切换武器时，相关的事件会被触发，然后这两个脚本会根据当前装备的信息更新UI显示。\n\n基于以上分析，我认为我已经完成了对项目中切换武器功能的实现方式的查找。接下来，我将总结我的发现并结束任务。', 'repeat_counter': 1, 'continue_think_counter': 1}
2024-11-28 21:18:15,073 - INFO Retriever 0 - Observer: 好的，请继续你的下一步行动或思考。
2024-11-28 21:18:15,074 - INFO Retriever 0 - 

————————————————————————————————————————————————————————————————
2024-11-28 21:18:15,075 - INFO Retriever 0 - 当前窗口总长度：19
2024-11-28 21:18:15,075 - INFO Retriever 0 - 当前更新窗口长度：10
2024-11-28 21:18:15,076 - INFO Retriever 0 - 当前更新窗口长度：10
2024-11-28 21:18:15,077 - INFO Retriever 0 - ————————————————————————————————————————————————————————————————


2024-11-28 21:18:18,055 - INFO Retriever 0 - Agent主脑给出的回答为：{
    "finish": "我已完成你所给出的任务需求，请你进行确认"
}
2024-11-28 21:18:18,056 - INFO Retriever 0 - 是否成功解析：True
2024-11-28 21:18:18,056 - INFO Retriever 0 - operation_type (__det_dir_action):
2024-11-28 21:18:18,056 - INFO Retriever 0 - finish
2024-11-28 21:18:18,056 - INFO Retriever 0 - 

——————————————————————————————————————————————————————————————————————————————————————————————————————————————————————————
2024-11-28 21:18:18,056 - INFO Retriever 0 - Assistant:
2024-11-28 21:18:18,056 - INFO Retriever 0 - {
    "finish": "我已完成你所给出的任务需求，请你进行确认"
}
2024-11-28 21:18:18,056 - INFO Retriever 0 - dict_keys(['finish'])
2024-11-28 21:18:18,056 - INFO Retriever 0 - ——————————————————————————————————— 任务结束 ———————————————————————————————————
2024-11-28 21:18:18,057 - INFO Retriever 0 - 

————————————————————————————————————————————————————————————————
2024-11-28 21:18:18,057 - INFO Retriever 0 - 当前窗口总长度：19
2024-11-28 21:18:18,057 - INFO Retriever 0 - 当前更新窗口长度：10
2024-11-28 21:18:18,057 - INFO Retriever 0 - 当前更新窗口长度：10
2024-11-28 21:18:18,057 - INFO Retriever 0 - ————————————————————————————————————————————————————————————————


2024-11-28 21:18:43,252 - INFO Retriever 0 - -------------------------Task Report-----------------------
2024-11-28 21:18:43,252 - INFO Retriever 0 - * 文件一：
    * 文件绝对路径：D:/my_file/MyFile/YunSi/Project/Games/Cocos/CocosCyberpunk_all/CocosCyberpunk/assets/scripts/logic/ui/grp-change-equips.ts
    * 文件内容概述：该文件定义了一个名为`GrpChangeEquips`的类，负责处理装备变化事件并更新装备图标。
    * 该文件与问题目标之间的关联性：该文件直接涉及武器切换功能的核心逻辑，因为它负责监听装备变化事件并更新UI中的装备图标。

* 文件二：
    * 文件绝对路径：D:/my_file/MyFile/YunSi/Project/Games/Cocos/CocosCyberpunk_all/CocosCyberpunk/assets/scripts/logic/ui/grp-equip-info.ts
    * 文件内容概述：该文件定义了一个名为`GrpEquipInfo`的类，负责监听消息并更新装备信息的显示，包括装备名称和子弹数量等信息。
    * 该文件与问题目标之间的关联性：该文件与武器切换功能相关，因为它负责更新装备信息的UI显示，这可能是切换武器时需要更新的信息之一。

* 文件三：
    * 文件绝对路径：D:/my_file/MyFile/YunSi/Project/Games/Cocos/CocosCyberpunk_all/CocosCyberpunk/assets/res/ui/ui_change_equips.prefab
    * 文件内容概述：这是一个名为“ui_change_equips.prefab”的文件，是Cocos Creator中的一个预制件，可能与切换武器界面有关。
    * 该文件与问题目标之间的关联性：该预制件可能包含了实现武器切换功能的UI元素和逻辑，因此与问题目标相关。

* 文件四：
    * 文件绝对路径：D:/my_file/MyFile/YunSi/Project/Games/Cocos/CocosCyberpunk_all/CocosCyberpunk/assets/res/ui/uijoystick/img_change_weapon_icon.png
    * 文件内容概述：这是一个名为“img_change_weapon_icon.png”的图片文件，可能是武器切换图标的纹理。
    * 该文件与问题目标之间的关联性：该图标可能用于武器切换界面上，作为不同武器切换的标识，因此与问题目标相关。

* 文件五：
    * 文件绝对路径：D:/my_file/MyFile/YunSi/Project/Games/Cocos/CocosCyberpunk_all/CocosCyberpunk/assets/res/ui/uichangeequip/img_icon_1.png
    * 文件内容概述：这是一个名为“img_icon_1.png”的图片文件，可能是一个武器图标。
    * 该文件与问题目标之间的关联性：该图片文件可能用于表示武器切换界面中的某个武器图标，但需要进一步检查以确定其是否与切换武器的功能实现直接相关。

* 文件六：
    * 文件绝对路径：D:/my_file/MyFile/YunSi/Project/Games/Cocos/CocosCyberpunk_all/CocosCyberpunk/assets/scripts/logic/ui/uiselectequips
    * 文件内容概述：这是一个名为“uiselectequips”的文件夹，包含与装备选择相关的图片文件。
    * 该文件与问题目标之间的关联性：该文件夹与装备选择相关，武器切换可能涉及到装备的选择，因此可能与武器切换功能有关。

* 文件七：
    * 文件绝对路径：D:/my_file/MyFile/YunSi/Project/Games/Cocos/CocosCyberpunk_all/CocosCyberpunk/assets/scripts/logic/ui/uipickedtips
    * 文件内容概述：这是一个名为“uipickedtips”的文件夹，包含与拾取提示相关的图片文件。
    * 该文件与问题目标之间的关联性：该文件夹与拾取提示相关，武器切换时可能会显示拾取提示，因此可能与武器切换功能有关。

以上是我本次项目文件搜索过程中所搜索到的所有与问题目标相关的文件绝对路径及其内容概述，以及它们与问题目标之间可能的关联性。
2024-11-28 21:18:43,252 - INFO Retriever 0 - 
Token Consuming:168270

2024-11-28 21:18:43,253 - INFO Retriever 0 - 
history rounds:10

