2024-11-03 04:34:35,266 - INFO Retriever 0 - Init Retriever.
2024-11-03 04:36:31,079 - INFO Retriever 0 - keywords:“Snowstorm Skill”，“技能”，“8级”，“level”，“暴风雪”，“skill”，“数值”，“level 8”，“snowstorm”，“talent”，“Blizzard Ability”，“figure”，“value”，“grade 8”，“grade”，“blizzard”，“暴风雪技能”，“级”
2024-11-03 04:36:31,097 - INFO Retriever 0 - deep_think_conent
:在获取了项目文件的顶层结构后，我还需要结合待查询的问题描述，对于项目中的文件和目录进行一些深度关键词检索。根据任务描述：“请在D:/Unity/Survaval\Assets下各级目录中寻找：修改暴风雪技能8级时候的数值应该修改什么文件”，我总结出如下可能会出现在各个文件名或者文件内容中的关键词：“Snowstorm Skill”，“技能”，“8级”，“level”，“暴风雪”，“skill”，“数值”，“level 8”，“snowstorm”，“talent”，“Blizzard Ability”，“figure”，“value”，“grade 8”，“grade”，“blizzard”，“暴风雪技能”，“级”。
接下来，我将使用retrieve_keywords操作，在项目顶层路径“D:/Unity/Survaval\Assets”下检索这些关键词，从而大致把握可能与问题描述相关的文件或目录的路径。
2024-11-03 04:36:31,114 - INFO Retriever 0 - ——————————————————————————————————————————————————————————————————————————————————————————————————————————————————————————
2024-11-03 04:36:31,117 - INFO Retriever 0 - Assistant:
2024-11-03 04:36:31,121 - INFO Retriever 0 - {
    "deep_think": {
        "thoughts": "好的，接下来我将通过深度思考、仔细计划以及逐步执行的方式，来完成该任务。\n\n首先，在阅读详细的代码细节之前，应该先整体把握整个项目。\n\n在提供的可选的action中，可以通过get_folder_info操作，通过将项目顶层路径作为target_folder_path参数进行传入，来获取获取项目中主要文件夹和主要文件的描述，从而能够先大致把握项目文件的主要文件的文件树结构、基本内容、主要代码概述以及大致功能板块的分布。"
    }
}
2024-11-03 04:36:31,126 - INFO Retriever 0 - 
Observer:
2024-11-03 04:36:31,128 - INFO Retriever 0 - 好的，请继续你的下一步行动或思考。
2024-11-03 04:36:31,131 - INFO Retriever 0 - 
2024-11-03 04:36:31,569 - INFO Retriever 0 - ——————————————————————————————————————————————————————————————————————————————————————————————————————————————————————————
2024-11-03 04:36:31,573 - INFO Retriever 0 - Assistant:
2024-11-03 04:36:31,577 - INFO Retriever 0 - {
    "get_folder_info": {
        "target_folder_path": "D:/Unity/Survaval\\Assets"
    }
}
2024-11-03 04:36:31,580 - INFO Retriever 0 - 
Observer:
2024-11-03 04:36:31,582 - INFO Retriever 0 - 目标文件夹路径：D:/Unity/Survaval\Assets
文件结构树（该结构树可能不完整，仅返回深度小于等于1层的子文件以及文件夹）：
├── AddressableAssetsData
│   ├── AddressableAssetSettings.asset
│   ├── Android
│   ├── AssetGroupTemplates
│   ├── AssetGroups
│   ├── DataBuilders
│   ├── DefaultObject.asset
│   ├── iOS
├── AmplifyShaderEditor
│   ├── AmplifyShaderEditor.asmdef
│   ├── ChangeLog.txt
│   ├── CreatingTerrainsWithASE.txt
│   ├── Plugins
│   ├── Readme.txt
├── BlobHashMaps
│   ├── BlobBuilderExtensions.cs
│   ├── BlobHashMap.cs
│   ├── BlobHashMapIntInt.cs
│   ├── BlobHashMaps.asmdef
│   ├── BlobMultiHashMap.cs
│   ├── Data
├── BuildReport
│   ├── CustomBuildScriptExample.txt
│   ├── GUI
│   ├── README.txt
│   ├── Scripts
│   ├── VERSION.txt
│   ├── license.txt
├── CapturePath
├── DamageNumbersPro
│   ├── DamageNumbersPro.asmdef
│   ├── Documentation.url
│   ├── Editor
│   ├── Fonts
│   ├── Materials
│   ├── Scripts
├── Editor
│   ├── ChannelSetting.cs
│   ├── OrbiteExtenedEditor.cs
│   ├── Resources
│   ├── ShaderStripSettings
├── Editor Default Resources
│   ├── MasterAudio
├── EnhancedScroller v2
│   ├── ChangeLog.txt
│   ├── Documentation
│   ├── Plugins
│   ├── Tutorials
│   ├── readme.txt
│   ├── upgrading from 1.x to 2.x.txt
├── FlockBox
│   ├── Classic
│   ├── DOTS
│   ├── Flock Box Manual.pdf
├── Gizmos
│   ├── MasterAudio
├── Magic Spells Sound Effects V2.0
│   ├── Casting Loops
│   ├── Element Scholls
│   ├── General Spell
│   ├── Medieval Combat Sounds BONUS
│   ├── Special Attack
├── Pixel Arsenal
│   ├── Demo
│   ├── Materials
│   ...
│   ├── Textures
├── Plugins
│   ├── Android
│   ├── DarkTonic
│   ├── Demigiant
│   ├── Editor
│   ├── RelationsInspector
│   ├── Sirenix
│   ├── iOS
├── RPG Icons Pixel Art
│   ├── Aeromancer
│   ├── Alchemy1
│   ...
│   ├── Сrossbowman
├── Resources
│   ├── DOTweenSettings.asset
│   ├── MasterAudio
├── SPUM
│   ├── MonsterOrc_Prefabs
│   ├── MonsterUndeadPrefabs
│   ...
│   ├── Sprite_SheetExporter(Beta)
├── StreamingAssets
├── TextMesh Pro
│   ├── Documentation
│   ├── Fonts
│   ├── Resources
│   ├── Shaders
│   ├── Sprites
├── UniversalRenderPipelineGlobalSettings.asset
├── VirtualButtonsForUnity
│   ├── VirtualButtonsForUnity
├── YouLoftSDK
│   ├── PottingMobileSDK
│   ├── PottingMobileServices
│   ...
│   ├── YouloftTemp.cs
├── ZTools
│   ├── GlobalStringBuilder.cs
│   ├── Localization
│   ├── ZTools.asmdef
├── _MyAssets
│   ├── Animations
│   ├── ArtAssets
│   ...
│   ├── URPSettings


其中，部分主要文件及文件夹的信息如下：
1. Assets
# 路径:D:\\Unity\\Survaval\Assets
# 内容概述:“UniversalRenderPipelineGlobalSettings.asset”文件是Unity项目中用于配置通用渲染管道（URP）全局设置的资产。它涵盖了光照模式、阴影质量、后处理效果以及性能优化等关键设置，如光照层配置、阴影质量选择和后处理效果启用，旨在平衡视觉效果与性能表现，以适应不同游戏的需求。

2. AddressableAssetsData
# 路径:D:\\Unity\\Survaval\Assets\AddressableAssetsData
# 内容概述:### 文件夹内容简述

“AddressableAssetsData”文件夹汇集了Unity游戏开发所需的资源管理和配置文件。其中，Android和iOS子文件夹分别管理针对各自平台的资源状态。AssetGroups和AssetGroupTemplates子文件夹则专注于资源打包和内容更新配置，而DataBuilders子文件夹提供了资源管理和场景加载的脚本配置。此外，AddressableAssetSettings.asset文件负责资源加载和优化全局设置，而DefaultObject.asset则定义了Unity脚本组件的配置。整体而言，这些文件共同构成了游戏资源高效管理和优化的框架。

3. AmplifyShaderEditor
# 路径:D:\\Unity\\Survaval\Assets\AmplifyShaderEditor
# 内容概述:“AmplifyShaderEditor”文件夹汇集了Unity游戏开发中Amplify Shader Editor插件的核心组件与资源，包括编辑器脚本、界面资源、版本更新日志和使用指南。其中，“Editor”子文件夹承载着插件的核心逻辑和操作界面，而“EditorResources”则提供了图形用户界面和渲染资源。更新日志“ChangeLog.txt”详细记录了插件的功能迭代和问题修复，而“CreatingTerrainsWithASE.txt”则指导用户如何利用ASE创建地形着色器。遗憾的是，“Readme.txt”因编码错误无法读取，但预计包含插件的基本使用说明。

4. BlobHashMaps
# 路径:D:\\Unity\\Survaval\Assets\BlobHashMaps
# 内容概述:“BlobHashMaps”文件夹汇集了针对Unity游戏引擎优化的数据结构脚本，包括BlobHashMap和BlobMultiHashMap的实现。核心文件如BlobBuilderHashMapData.cs和BlobHashMapData.cs定义了HashMap和只读哈希表，BlobBuilderExtensions.cs扩展了BlobHashMap功能，BlobHashMap.cs和BlobHashMapIntInt.cs则提供了更丰富的操作和构建器功能。BlobHashMaps.asmdef文件定义了模块依赖，而BlobMultiHashMap.cs引入了多哈希映射支持，共同构成了一个高效的数据管理工具集。

5. BuildReport
# 路径:D:\\Unity\\Survaval\Assets\BuildReport
# 内容概述:“BuildReport”文件夹汇集了Unity游戏引擎的构建报告工具及相关资源，包括UI设计资源（如BRTSkin、NativeSkin和NativeSkinExtraIcons）、自动化构建脚本（如CustomBuildScriptExample.txt）和编辑器脚本（位于Scripts/Editor）。此外，它还包含定义特定窗口样式的皮肤文件（BuildReportWindow.guiskin和BuildReportWindowDark.guiskin），以及工具的许可证信息（license.txt）和使用说明（README.txt）。VERSION.txt文件记录了工具的版本更新历史，突出了新增功能和错误修复。

6. CapturePath
# 路径:D:\\Unity\\Survaval\Assets\CapturePath
# 内容概述:该文件夹内容为空。

7. DamageNumbersPro
# 路径:D:\\Unity\\Survaval\Assets\DamageNumbersPro
# 内容概述:“DamageNumbersPro”文件夹汇集了Unity游戏开发所需的资源，包括编辑器脚本、多种风格的字体、材质和游戏逻辑脚本。其中，编辑器脚本用于资源配置，字体和材质丰富了游戏视觉元素，而脚本集合则支撑了游戏的核心逻辑和交互。此外，汇编定义文件和文档链接文件提供了模块化开发和项目文档的便捷访问。

8. Editor
# 路径:D:\\Unity\\Survaval\Assets\Editor
# 内容概述:### 文件夹内容总结

“Editor”文件夹汇集了Unity项目开发所需的资源与工具。其中，**Resources**子文件夹提供游戏与动画设计的视觉素材，包括角色、场景元素和预制游戏单元。**ShaderStripSettings**包含提升渲染质量的Unity脚本组件，而**ChannelSetting.cs**脚本则用于管理不同渠道的SDK和项目配置。此外，**OrbiteExtenedEditor.cs**编辑器扩展脚本增强了文本编辑和屏幕截图功能，辅助设计和开发流程。整体上，这些资源与工具相互关联，共同服务于Unity项目的开发与优化。

9. Editor Default Resources
# 路径:D:\\Unity\\Survaval\Assets\Editor Default Resources
# 内容概述:“Editor Default Resources”文件夹汇集了多种音频处理相关的图标，包括播放、暂停、停止等控制图标，以及复制、删除、保存等操作图标，还有LED灯状态指示和扬声器图标等。这些图标共同服务于音频编辑和界面设计，为用户提供了直观的操作和状态指示。

10. EnhancedScroller v2
# 路径:D:\\Unity\\Survaval\Assets\EnhancedScroller v2
# 内容概述:该“EnhancedScroller v2”文件夹汇集了Unity游戏开发中EnhancedScroller插件的全面资源，包括用户手册、插件代码、教程和更新日志。用户手册详细介绍了插件的使用方法，插件代码则由组件、单元格视图和动画系统等组成，旨在提升UI开发效率。教程资源帮助开发者快速上手，而更新日志和升级指南则提供了插件版本间的变化和升级指导。

11. FlockBox
# 路径:D:\\Unity\\Survaval\Assets\FlockBox
# 内容概述:### 文件夹内容精简总结

“Flock Box”文件夹是Unity游戏开发项目，集成了视觉资源、游戏逻辑脚本和DOTS架构相关资源。其中，**Classic**子文件夹提供游戏场景、预制体和艺术资源，**DOTS**子文件夹则专注于DOTS架构的脚本和材料。项目手册“Flock Box Manual.pdf”详细介绍了项目结构、资源使用和开发指南，为开发者提供了全面的项目操作指导。

12. Gizmos
# 路径:D:\\Unity\\Survaval\Assets\Gizmos
# 内容概述:“Gizmos”文件夹汇集了音频处理相关的图标设计，包括“MasterAudio”品牌标识和“PlaylistController”播放列表控制功能的图标，旨在为音频软件界面提供视觉元素。

13. Magic Spells Sound Effects V2.0
# 路径:D:\\Unity\\Survaval\Assets\Magic Spells Sound Effects V2.0
# 内容概述:“Magic Spells Sound Effects V2.0”文件夹汇集了丰富的音效资源，包括循环施法音效、元素相关施法音效、通用魔法效果、中世纪战斗声音以及特定攻击音效。这些音效覆盖了从增益攻击到治疗，从施法到战斗动作，适用于游戏、影视等多媒体项目，且文件命名清晰，便于快速查找和使用。

14. Pixel Arsenal
# 路径:D:\\Unity\\Survaval\Assets\Pixel Arsenal
# 内容概述:“Pixel Arsenal”文件夹汇集了丰富的游戏开发资源，包括视觉素材（如天空盒和纹理）、预制体（如界面元素和特效）、场景素材、Unity脚本（用于游戏逻辑）和音频效果。这些资源相互关联，共同构建了游戏和视觉效果的基础，适用于Unity等游戏引擎。文件夹内的“ReadMe.txt”文件提供了资源使用指南和潜在的技术支持信息。

15. Plugins
# 路径:D:\\Unity\\Survaval\Assets\Plugins
# 内容概述:“Plugins”文件夹汇集了多平台游戏开发资源，包括Android应用开发工具、Unity游戏资源包如音频和网络同步插件，以及编辑器扩展和iOS应用开发组件。其中，Android子文件夹提供项目配置和第三方库；Unity相关资源如DarkTonic和Demigiant则专注于音频和网络同步，以及动画处理；Editor子文件夹增强Unity编辑器功能；iOS子文件夹涵盖性能监控和广告集成等iOS特有功能。这些资源相互关联，共同构建了一个全面的游戏开发环境。

16. Resources
# 路径:D:\\Unity\\Survaval\Assets\Resources
# 内容概述:### 文件夹内容总结

“Resources”文件夹汇集了Unity游戏项目的关键配置资源，包括“MasterAudioSettings.asset”用于音频处理和插件配置，以及“DOTweenSettings.asset”用于动画和缓动库的详细设置，两者共同确保游戏音效和动画的优化与流畅。

17. RPG Icons Pixel Art
# 路径:D:\\Unity\\Survaval\Assets\RPG Icons Pixel Art
# 内容概述:当然可以。以下是融合后的简短内容：

“Support contact.pdf”文件提供客户支持联系信息，包括电话、电子邮件和在线支持服务，并附有服务时间表、常见问题解答以及用户反馈表单，旨在为用户提供便捷的咨询与支持服务。

18. SPUM
# 路径:D:\\Unity\\Survaval\Assets\SPUM
# 内容概述:“SPUM”文件夹汇集了丰富的游戏开发资源，包括怪物与角色预制体、动画素材、图像资源、字体、材质以及Unity脚本等。它涵盖了从角色模型和动画到编辑器扩展和场景设置的全方位内容，旨在支持游戏开发、3D建模和动画制作项目。文件夹内不同子目录紧密关联，共同构成了一个完整的项目资源库。

19. StreamingAssets
# 路径:D:\\Unity\\Survaval\Assets\StreamingAssets
# 内容概述:“StreamingAssets”文件夹主要存储流媒体应用所需的资源，包括视频、音频和图像文件，以及相关的配置和脚本文件。该文件夹内部分为视频、音频、图像、配置和脚本等子文件夹，各自管理不同类型的媒体资源和播放逻辑配置，以确保资源的高效加载和流式传输。

20. TextMesh Pro
# 路径:D:\\Unity\\Survaval\Assets\TextMesh Pro
# 内容概述:该“TextMesh Pro”文件夹汇集了TextMesh Pro软件的用户指南、Liberation Sans字体资源、Unity项目资源包以及表情符号素材。其中，用户指南详细介绍了软件操作，Liberation Sans字体提供多种样式，Unity资源包包括字体、材质和精灵资产，着色器文件则专注于图形渲染，而表情符号资源则便于集成到项目中。这些内容相互关联，共同服务于游戏开发与图形设计的需求。

21. VirtualButtonsForUnity
# 路径:D:\\Unity\\Survaval\Assets\VirtualButtonsForUnity
# 内容概述:### 文件夹内容概览

“VirtualButtonsForUnity”文件夹是Unity游戏开发资源，集成了虚拟按钮、方向垫和摇杆预制体及脚本，旨在增强游戏交互体验。内含示例项目、预制体、脚本、图像资源和详细文档，方便开发者快速集成和使用。

22. YouLoftSDK
# 路径:D:\\Unity\\Survaval\Assets\YouLoftSDK
# 内容概述:### 文件夹内容总结

“YouLoftSDK”文件夹是Unity游戏开发者的综合工具包，集成了广告管理、支付、用户管理、数据同步等功能模块。其中，**PottingMobileSDK** 提供了Android和iOS平台的插件和脚本，**PottingMobileServices** 则包含了跨平台服务接口和功能脚本。广告管理、支付、礼包兑换等具体功能由 **YouLoftAd.cs**、**YouLoftPay.cs** 和 **YouLoftRedeemcode.cs** 等文件实现，而 **YouLoftSDKManager.cs** 负责管理这些模块，确保它们协同工作。此外，**YouLoftLogin.cs** 处理用户登录，**YouLoftEvent.cs** 和 **YouloftTemp.cs** 分别提供事件跟踪和配置同步功能，共同支撑游戏的整体运行。

23. ZTools
# 路径:D:\\Unity\\Survaval\Assets\ZTools
# 内容概述:### 文件夹内容总结
“ZTools”文件夹汇集了Unity游戏开发中本地化和字符串操作的工具。其中，包含用于本地化文本管理的脚本，如`StaticLocalizedText.cs`和`StaticLocalizedText_UGUI.cs`，以及`Strings.cs`用于管理本地化字符串。此外，`GlobalStringBuilder.cs`提供了全局字符串构建功能，优化了字符串操作性能。而“ZTools.asmdef”文件则定义了项目中的“ZTools”程序集，管理着相关脚本文件的引用和编译。这些工具共同构成了一个高效且模块化的开发环境。

24. _MyAssets
# 路径:D:\\Unity\\Survaval\Assets\_MyAssets
# 内容概述:“_MyAssets”文件夹是游戏开发的核心资源库，汇集了动画、艺术资产、音频、数据配置、编辑器资源、字体、图标、脚本、着色器等关键文件，以及预制体和场景设计。它为游戏提供了丰富的视觉和音频效果，并通过详细的配置文件和脚本实现了复杂的游戏逻辑和交互。文件夹内资源相互关联，共同支撑起游戏的整体架构和功能实现。

25. UniversalRenderPipelineGlobalSettings.asset
# 路径:D:\\Unity\\Survaval\Assets\UniversalRenderPipelineGlobalSettings.asset
# 内容概述:### 简化总结

该文件是Unity的通用渲染管道全局设置配置，定义了8个光照层（如Light Layer default至Light Layer 7）。它还包含了性能优化设置，如移除调试变体和未使用变体，以及不支持运行时调试显示。


2024-11-03 04:36:31,583 - INFO Retriever 0 - 
2024-11-03 04:36:31,592 - INFO Retriever 0 - ——————————————————————————————————————————————————————————————————————————————————————————————————————————————————————————
2024-11-03 04:36:31,597 - INFO Retriever 0 - Assistant:
2024-11-03 04:36:31,600 - INFO Retriever 0 - {
    "deep_think": {
        "thoughts": "在获取了项目文件的顶层结构后，我还需要结合待查询的问题描述，对于项目中的文件和目录进行一些深度关键词检索。根据任务描述：“请在D:/Unity/Survaval\\Assets下各级目录中寻找：修改暴风雪技能8级时候的数值应该修改什么文件”，我总结出如下可能会出现在各个文件名或者文件内容中的关键词：“Snowstorm Skill”，“技能”，“8级”，“level”，“暴风雪”，“skill”，“数值”，“level 8”，“snowstorm”，“talent”，“Blizzard Ability”，“figure”，“value”，“grade 8”，“grade”，“blizzard”，“暴风雪技能”，“级”。\n接下来，我将使用retrieve_keywords操作，在项目顶层路径“D:/Unity/Survaval\\Assets”下检索这些关键词，从而大致把握可能与问题描述相关的文件或目录的路径。"
    }
}
2024-11-03 04:36:31,601 - INFO Retriever 0 - 
Observer:
2024-11-03 04:36:31,605 - INFO Retriever 0 - 好的，请继续你的下一步行动或思考。
2024-11-03 04:36:31,609 - INFO Retriever 0 - 
2024-11-03 04:36:32,811 - INFO Retriever 0 - ——————————————————————————————————————————————————————————————————————————————————————————————————————————————————————————
2024-11-03 04:36:32,814 - INFO Retriever 0 - Assistant:
2024-11-03 04:36:32,814 - INFO Retriever 0 - {
    "retrieve_keywords": {
        "keyword_list": [
            "Snowstorm Skill",
            "技能",
            "8级",
            "level",
            "暴风雪",
            "skill",
            "数值",
            "level 8",
            "snowstorm",
            "talent",
            "Blizzard Ability",
            "figure",
            "value",
            "grade 8",
            "grade",
            "blizzard",
            "暴风雪技能",
            "级"
        ]
    }
}
2024-11-03 04:36:32,818 - INFO Retriever 0 - 
Observer:
2024-11-03 04:36:32,822 - INFO Retriever 0 - 根据你提供的关键词，我检索到以下目录或文件，它们的绝对路径如下：


1. D:\\Unity\\Survaval\Assets\_MyAssets\Data\Skills\暴风雪伤害LV6.asset
### 简要总结

该文件是Unity游戏脚本配置，定义了名为“暴风雪伤害LV6”的游戏效果。脚本配置了暴风雪的攻击范围、伤害值（75点），并指定了影响目标层。暴风雪在碰撞时结束，并具有特定的伤害效果。

2. D:\\Unity\\Survaval\Assets\_MyAssets\Data\Skills\暴风雪伤害LV2.asset
### 文本总结
该文件定义了Unity游戏中的“暴风雪伤害LV2”效果的配置。脚本详细设置了对象的基本属性、特效和子弹引用、搜索目标、影响层级、攻击范围、碰撞检测和生命值。此外，还包括了伤害值、伤害类型和特效路径等关键技能值，以实现暴风雪伤害的具体效果。

3. D:\\Unity\\Survaval\Assets\_MyAssets\Data\Skills\暴风雪伤害LV7.asset
### 简要总结

该文件定义了Unity游戏对象“暴风雪伤害LV7”的脚本配置，包含125点伤害和未指定的特效/子弹。它允许搜索特定层级的目标，并能在碰撞时结束技能。

4. D:\\Unity\\Survaval\Assets\_MyAssets\Data\Items\暴风雪LV2.asset
该文件是Unity3D游戏资产“暴风雪LV2”的配置，描述了一个等级为2的武器物品。物品名为“暴风雪LV2”或“暴风雪等7级”，具有+2冰箭和+5伤害的属性。武器冷却时间为0.045秒，子弹数为5，装填1.5秒。此外，物品关联特定技能，并具备详细的外观和功能配置。

5. D:\\Unity\\Survaval\Assets\_MyAssets\Data\Skills\暴风雪LV2.asset
### 文本总结
该文件详细配置了Unity游戏对象“暴风雪LV2”的脚本，包括特效和子弹的引用，以及游戏行为设置。脚本定义了搜索目标、攻击范围、移动速度等关键参数，并处理了碰撞结束和技能调用逻辑。

6. D:\\Unity\\Survaval\Assets\_MyAssets\Data\Skills\暴风雪LV5.asset
### 简要总结

该文件是Unity3D游戏脚本，定义了名为“暴风雪LV5”的MonoBehaviour配置。脚本详细设置了对象属性、特效资源（如火特效和子弹），并配置了技能属性（如搜索目标、移动速度）、碰撞和结束条件。此外，还定义了特殊路径参数和技能值，以影响暴风雪LV5效果的表现。

7. D:\\Unity\\Survaval\Assets\_MyAssets\Data\Skills\暴风雪伤害LV8.asset
### 简要总结

该文件是Unity中名为“暴风雪伤害LV8”游戏对象的配置脚本。脚本设定了暴风雪伤害的属性，包括125点伤害值和特定伤害类型，并配置了视觉效果和子弹资产。此外，脚本还处理了游戏对象的碰撞结束逻辑，并可能触发额外技能。

8. D:\\Unity\\Survaval\Assets\_MyAssets\Data\Items\暴风雪LV1.asset
该文件描述了Unity游戏中的“暴风雪LV1”物品，一款1级冰箭技能，用于召唤天降冰箭攻击敌人。物品具有0.045秒的冷却时间，每次释放可发射3支冰箭，装填时间为1.5秒。技能无特殊声音或成就，且不涉及活动技能或解锁条件。


请注意，这些目录或文件可能不全都和你的任务目标相关，仅供参考。请你基于具体的文件内容概述，结合你的任务目标，认真思考分析后，优先选择最有可能与任务相关的目录或文件进行进一步的检查。
2024-11-03 04:36:32,826 - INFO Retriever 0 - 
2024-11-03 04:36:40,376 - INFO Retriever 0 - Agent主脑给出的回答为：{
    "deep_think": {
        "thoughts": "根据检索到的文件信息，我注意到其中几个文件与“暴风雪”技能和8级数值相关。特别是文件路径D:\\Unity\\Survaval\\Assets\_MyAssets\\Data\\Skills\\暴风雪伤害LV8.asset，它似乎直接与暴风雪技能的8级数值修改相关。接下来，我将使用read_file操作来读取该文件的内容，以确认它是否包含修改8级数值所需的代码。"
    }
}
2024-11-03 04:36:40,376 - INFO Retriever 0 - 是否成功解析：True
2024-11-03 04:36:40,376 - INFO Retriever 0 - operation_type (__det_dir_action):
2024-11-03 04:36:40,376 - INFO Retriever 0 - deep_think
2024-11-03 04:36:40,377 - INFO Retriever 0 - 

——————————————————————————————————————————————————————————————————————————————————————————————————————————————————————————
2024-11-03 04:36:40,377 - INFO Retriever 0 - Assistant:
2024-11-03 04:36:40,377 - INFO Retriever 0 - {
    "deep_think": {
        "thoughts": "根据检索到的文件信息，我注意到其中几个文件与“暴风雪”技能和8级数值相关。特别是文件路径D:\\Unity\\Survaval\\Assets_MyAssets\\Data\\Skills\\暴风雪伤害LV8.asset，它似乎直接与暴风雪技能的8级数值修改相关。接下来，我将使用read_file操作来读取该文件的内容，以确认它是否包含修改8级数值所需的代码。"
    }
}
2024-11-03 04:36:40,377 - INFO Retriever 0 - dict_keys(['deep_think'])
2024-11-03 04:36:40,377 - INFO Retriever 0 - Agent主脑给出的行动：deep_think
参数：{'thoughts': '根据检索到的文件信息，我注意到其中几个文件与“暴风雪”技能和8级数值相关。特别是文件路径D:\\Unity\\Survaval\\Assets_MyAssets\\Data\\Skills\\暴风雪伤害LV8.asset，它似乎直接与暴风雪技能的8级数值修改相关。接下来，我将使用read_file操作来读取该文件的内容，以确认它是否包含修改8级数值所需的代码。', 'repeat_counter': 1, 'continue_think_counter': 1}
2024-11-03 04:36:40,377 - INFO Retriever 0 - Observer: 好的，请继续你的下一步行动或思考。
2024-11-03 04:36:40,378 - INFO Retriever 0 - 

————————————————————————————————————————————————————————————————
2024-11-03 04:36:40,378 - INFO Retriever 0 - 当前窗口总长度：11
2024-11-03 04:36:40,378 - INFO Retriever 0 - 当前更新窗口长度：2
2024-11-03 04:36:40,378 - INFO Retriever 0 - 当前更新窗口长度：2
2024-11-03 04:36:40,378 - INFO Retriever 0 - ————————————————————————————————————————————————————————————————


2024-11-03 04:36:42,090 - INFO Retriever 0 - Agent主脑给出的回答为：{
    "read_file": {
        "file_path": "D:\\Unity\\Survaval\\Assets_MyAssets\\Data\\Skills\\暴风雪伤害LV8.asset"
    }
}
2024-11-03 04:36:42,090 - INFO Retriever 0 - 是否成功解析：True
2024-11-03 04:36:42,090 - INFO Retriever 0 - operation_type (__det_dir_action):
2024-11-03 04:36:42,090 - INFO Retriever 0 - read_file
2024-11-03 04:36:42,092 - INFO Retriever 0 - 

——————————————————————————————————————————————————————————————————————————————————————————————————————————————————————————
2024-11-03 04:36:42,092 - INFO Retriever 0 - Assistant:
2024-11-03 04:36:42,092 - INFO Retriever 0 - {
    "read_file": {
        "file_path": "D:\\Unity\\Survaval\\Assets_MyAssets\\Data\\Skills\\暴风雪伤害LV8.asset"
    }
}
2024-11-03 04:36:42,092 - INFO Retriever 0 - dict_keys(['read_file'])
2024-11-03 04:36:42,092 - INFO Retriever 0 - Agent主脑给出的行动：read_file
参数：{'file_path': 'D:\\Unity\\Survaval\\Assets_MyAssets\\Data\\Skills\\暴风雪伤害LV8.asset', 'top_path': 'D:/Unity/Survaval\\Assets', 'return_file_sum': <bound method TreeGenerationAction.return_file_sum of <Action.tree_gen_action.TreeGenerationAction object at 0x0000012F85315AF0>>}
2024-11-03 04:36:42,092 - INFO Retriever 0 - Observer: 该文件内容为空。
2024-11-03 04:36:42,094 - INFO Retriever 0 - 

————————————————————————————————————————————————————————————————
2024-11-03 04:36:42,094 - INFO Retriever 0 - 当前窗口总长度：13
2024-11-03 04:36:42,096 - INFO Retriever 0 - 当前更新窗口长度：4
2024-11-03 04:36:42,096 - INFO Retriever 0 - 当前更新窗口长度：4
2024-11-03 04:36:42,096 - INFO Retriever 0 - ————————————————————————————————————————————————————————————————


2024-11-03 04:36:47,611 - INFO Retriever 0 - Agent主脑给出的回答为：{
    "deep_think": {
        "thoughts": "读取到的文件内容为空，这可能意味着该文件尚未被配置或包含了非文本信息。由于文件内容为空，无法直接从中找到修改8级数值的代码。考虑到Unity项目中的配置文件可能以.asset格式存在，而.asset文件通常包含序列化的数据，我需要使用read_long_details操作来读取该文件的细节内容，以便查看其序列化的数据结构。"
    }
}
2024-11-03 04:36:47,612 - INFO Retriever 0 - 是否成功解析：True
2024-11-03 04:36:47,612 - INFO Retriever 0 - operation_type (__det_dir_action):
2024-11-03 04:36:47,612 - INFO Retriever 0 - deep_think
2024-11-03 04:36:47,612 - INFO Retriever 0 - 

——————————————————————————————————————————————————————————————————————————————————————————————————————————————————————————
2024-11-03 04:36:47,613 - INFO Retriever 0 - Assistant:
2024-11-03 04:36:47,613 - INFO Retriever 0 - {
    "deep_think": {
        "thoughts": "读取到的文件内容为空，这可能意味着该文件尚未被配置或包含了非文本信息。由于文件内容为空，无法直接从中找到修改8级数值的代码。考虑到Unity项目中的配置文件可能以.asset格式存在，而.asset文件通常包含序列化的数据，我需要使用read_long_details操作来读取该文件的细节内容，以便查看其序列化的数据结构。"
    }
}
2024-11-03 04:36:47,613 - INFO Retriever 0 - dict_keys(['deep_think'])
2024-11-03 04:36:47,613 - INFO Retriever 0 - Agent主脑给出的行动：deep_think
参数：{'thoughts': '读取到的文件内容为空，这可能意味着该文件尚未被配置或包含了非文本信息。由于文件内容为空，无法直接从中找到修改8级数值的代码。考虑到Unity项目中的配置文件可能以.asset格式存在，而.asset文件通常包含序列化的数据，我需要使用read_long_details操作来读取该文件的细节内容，以便查看其序列化的数据结构。', 'repeat_counter': 1, 'continue_think_counter': 1}
2024-11-03 04:36:47,613 - INFO Retriever 0 - Observer: 好的，请继续你的下一步行动或思考。
2024-11-03 04:36:47,615 - INFO Retriever 0 - 

————————————————————————————————————————————————————————————————
2024-11-03 04:36:47,616 - INFO Retriever 0 - 当前窗口总长度：15
2024-11-03 04:36:47,616 - INFO Retriever 0 - 当前更新窗口长度：6
2024-11-03 04:36:47,617 - INFO Retriever 0 - 当前更新窗口长度：6
2024-11-03 04:36:47,617 - INFO Retriever 0 - ————————————————————————————————————————————————————————————————


2024-11-03 04:36:50,190 - INFO Retriever 0 - Agent主脑给出的回答为：{
    "read_long_details": {
        "file_path": "D:\\Unity\\Survaval\\Assets_MyAssets\\Data\\Skills\\暴风雪伤害LV8.asset"
    }
}
2024-11-03 04:36:50,190 - INFO Retriever 0 - 是否成功解析：True
2024-11-03 04:36:50,191 - INFO Retriever 0 - operation_type (__det_dir_action):
2024-11-03 04:36:50,191 - INFO Retriever 0 - read_long_details
2024-11-03 04:36:50,191 - INFO Retriever 0 - 

——————————————————————————————————————————————————————————————————————————————————————————————————————————————————————————
2024-11-03 04:36:50,191 - INFO Retriever 0 - Assistant:
2024-11-03 04:36:50,191 - INFO Retriever 0 - {
    "read_long_details": {
        "file_path": "D:\\Unity\\Survaval\\Assets_MyAssets\\Data\\Skills\\暴风雪伤害LV8.asset"
    }
}
2024-11-03 04:36:50,191 - INFO Retriever 0 - dict_keys(['read_long_details'])
2024-11-03 04:36:50,192 - INFO Retriever 0 - Agent主脑给出的行动：read_long_details
参数：{'file_path': 'D:\\Unity\\Survaval\\Assets_MyAssets\\Data\\Skills\\暴风雪伤害LV8.asset', 'top_path': 'D:/Unity/Survaval\\Assets', 'return_file_sum': <bound method TreeGenerationAction.return_file_sum of <Action.tree_gen_action.TreeGenerationAction object at 0x0000012F85315AF0>>}
2024-11-03 04:36:50,192 - INFO Retriever 0 - Observer: 该文件内容为空。
2024-11-03 04:36:50,193 - INFO Retriever 0 - 

————————————————————————————————————————————————————————————————
2024-11-03 04:36:50,193 - INFO Retriever 0 - 当前窗口总长度：17
2024-11-03 04:36:50,193 - INFO Retriever 0 - 当前更新窗口长度：8
2024-11-03 04:36:50,193 - INFO Retriever 0 - 当前更新窗口长度：8
2024-11-03 04:36:50,194 - INFO Retriever 0 - ————————————————————————————————————————————————————————————————


2024-11-03 04:36:55,557 - INFO Retriever 0 - Agent主脑给出的回答为：{
    "deep_think": {
        "thoughts": "读取到的文件内容为空，这可能意味着该文件尚未被配置或包含了非文本信息。由于文件内容为空，无法直接从中找到修改8级数值的代码。考虑到Unity项目中的配置文件可能以.asset格式存在，而.asset文件通常包含序列化的数据，我需要使用read_long_details操作来读取该文件的细节内容，以便查看其序列化的数据结构。"
    }
}
2024-11-03 04:36:55,557 - INFO Retriever 0 - 是否成功解析：True
2024-11-03 04:36:55,557 - INFO Retriever 0 - operation_type (__det_dir_action):
2024-11-03 04:36:55,557 - INFO Retriever 0 - deep_think
2024-11-03 04:36:55,557 - INFO Retriever 0 - 

——————————————————————————————————————————————————————————————————————————————————————————————————————————————————————————
2024-11-03 04:36:55,557 - INFO Retriever 0 - Assistant:
2024-11-03 04:36:55,557 - INFO Retriever 0 - {
    "deep_think": {
        "thoughts": "读取到的文件内容为空，这可能意味着该文件尚未被配置或包含了非文本信息。由于文件内容为空，无法直接从中找到修改8级数值的代码。考虑到Unity项目中的配置文件可能以.asset格式存在，而.asset文件通常包含序列化的数据，我需要使用read_long_details操作来读取该文件的细节内容，以便查看其序列化的数据结构。"
    }
}
2024-11-03 04:36:55,557 - INFO Retriever 0 - dict_keys(['deep_think'])
2024-11-03 04:36:55,557 - INFO Retriever 0 - Agent主脑给出的行动：deep_think
参数：{'thoughts': '读取到的文件内容为空，这可能意味着该文件尚未被配置或包含了非文本信息。由于文件内容为空，无法直接从中找到修改8级数值的代码。考虑到Unity项目中的配置文件可能以.asset格式存在，而.asset文件通常包含序列化的数据，我需要使用read_long_details操作来读取该文件的细节内容，以便查看其序列化的数据结构。', 'repeat_counter': 1, 'continue_think_counter': 1}
2024-11-03 04:36:55,562 - INFO Retriever 0 - Observer: 好的，请继续你的下一步行动或思考。
2024-11-03 04:36:55,562 - INFO Retriever 0 - 

————————————————————————————————————————————————————————————————
2024-11-03 04:36:55,562 - INFO Retriever 0 - 当前窗口总长度：19
2024-11-03 04:36:55,562 - INFO Retriever 0 - 当前更新窗口长度：10
2024-11-03 04:36:55,562 - INFO Retriever 0 - 当前更新窗口长度：10
2024-11-03 04:36:55,562 - INFO Retriever 0 - ————————————————————————————————————————————————————————————————


2024-11-03 04:37:06,401 - INFO Retriever 0 - Agent主脑给出的回答为：{
    "deep_think": {
        "thoughts": "由于读取到的文件内容为空，我无法从中找到修改8级数值的代码。这可能是因为该文件尚未被配置或包含了非文本信息。在这种情况下，我需要重新考虑我的策略。我可能需要检查其他与暴风雪技能相关的文件，例如脚本文件，因为技能的数值可能在这些文件中定义。我将使用get_folder_info操作来获取Assets_MyAssets目录下的文件信息，以便找到可能包含技能数值定义的脚本文件。"
    }
}
2024-11-03 04:37:06,402 - INFO Retriever 0 - 是否成功解析：True
2024-11-03 04:37:06,402 - INFO Retriever 0 - operation_type (__det_dir_action):
2024-11-03 04:37:06,403 - INFO Retriever 0 - deep_think
2024-11-03 04:37:06,403 - INFO Retriever 0 - 

——————————————————————————————————————————————————————————————————————————————————————————————————————————————————————————
2024-11-03 04:37:06,403 - INFO Retriever 0 - Assistant:
2024-11-03 04:37:06,403 - INFO Retriever 0 - {
    "deep_think": {
        "thoughts": "由于读取到的文件内容为空，我无法从中找到修改8级数值的代码。这可能是因为该文件尚未被配置或包含了非文本信息。在这种情况下，我需要重新考虑我的策略。我可能需要检查其他与暴风雪技能相关的文件，例如脚本文件，因为技能的数值可能在这些文件中定义。我将使用get_folder_info操作来获取Assets_MyAssets目录下的文件信息，以便找到可能包含技能数值定义的脚本文件。"
    }
}
2024-11-03 04:37:06,403 - INFO Retriever 0 - dict_keys(['deep_think'])
2024-11-03 04:37:06,403 - INFO Retriever 0 - Agent主脑给出的行动：deep_think
参数：{'thoughts': '由于读取到的文件内容为空，我无法从中找到修改8级数值的代码。这可能是因为该文件尚未被配置或包含了非文本信息。在这种情况下，我需要重新考虑我的策略。我可能需要检查其他与暴风雪技能相关的文件，例如脚本文件，因为技能的数值可能在这些文件中定义。我将使用get_folder_info操作来获取Assets_MyAssets目录下的文件信息，以便找到可能包含技能数值定义的脚本文件。', 'repeat_counter': 1, 'continue_think_counter': 1}
2024-11-03 04:37:06,404 - INFO Retriever 0 - Observer: 好的，请继续你的下一步行动或思考。
2024-11-03 04:37:06,405 - INFO Retriever 0 - 

————————————————————————————————————————————————————————————————
2024-11-03 04:37:06,405 - INFO Retriever 0 - 当前窗口总长度：21
2024-11-03 04:37:06,405 - INFO Retriever 0 - 当前更新窗口长度：12
2024-11-03 04:37:06,405 - INFO Retriever 0 - 当前更新窗口长度：12
2024-11-03 04:37:06,405 - INFO Retriever 0 - ————————————————————————————————————————————————————————————————


2024-11-03 04:37:08,827 - INFO Retriever 0 - Agent主脑给出的回答为：{
    "get_folder_info": {
        "target_folder_path": "D:\\Unity\\Survaval\\Assets_MyAssets"
    }
}
2024-11-03 04:37:08,827 - INFO Retriever 0 - 是否成功解析：True
2024-11-03 04:37:08,827 - INFO Retriever 0 - operation_type (__det_dir_action):
2024-11-03 04:37:08,827 - INFO Retriever 0 - get_folder_info
2024-11-03 04:37:08,827 - INFO Retriever 0 - 

——————————————————————————————————————————————————————————————————————————————————————————————————————————————————————————
2024-11-03 04:37:08,827 - INFO Retriever 0 - Assistant:
2024-11-03 04:37:08,827 - INFO Retriever 0 - {
    "get_folder_info": {
        "target_folder_path": "D:\\Unity\\Survaval\\Assets_MyAssets"
    }
}
2024-11-03 04:37:08,829 - INFO Retriever 0 - dict_keys(['get_folder_info'])
2024-11-03 04:37:08,829 - INFO Retriever 0 - Agent主脑给出的行动：get_folder_info
参数：{'target_folder_path': 'D:\\Unity\\Survaval\\Assets_MyAssets'}
2024-11-03 04:37:09,283 - INFO Retriever 0 - Observer: 目标路径D:\Unity\Survaval\Assets_MyAssets不存在。
2024-11-03 04:37:09,287 - INFO Retriever 0 - 

————————————————————————————————————————————————————————————————
2024-11-03 04:37:09,287 - INFO Retriever 0 - 当前窗口总长度：23
2024-11-03 04:37:09,287 - INFO Retriever 0 - 当前更新窗口长度：14
2024-11-03 04:37:09,288 - INFO Retriever 0 - 当前更新窗口长度：14
2024-11-03 04:37:09,288 - INFO Retriever 0 - ————————————————————————————————————————————————————————————————


2024-11-03 04:37:15,305 - INFO Retriever 0 - Agent主脑给出的回答为：{
    "deep_think": {
        "thoughts": "由于目标路径D:\\Unity\\Survaval\\Assets_MyAssets不存在，我需要重新检查路径。可能是在之前的行动中出现了错误。我将重新使用get_folder_info操作来获取D:\\Unity\\Survaval\\Assets目录下的文件信息，以便找到可能包含技能数值定义的脚本文件。"
    }
}
2024-11-03 04:37:15,305 - INFO Retriever 0 - 是否成功解析：True
2024-11-03 04:37:15,305 - INFO Retriever 0 - operation_type (__det_dir_action):
2024-11-03 04:37:15,306 - INFO Retriever 0 - deep_think
2024-11-03 04:37:15,306 - INFO Retriever 0 - 

——————————————————————————————————————————————————————————————————————————————————————————————————————————————————————————
2024-11-03 04:37:15,306 - INFO Retriever 0 - Assistant:
2024-11-03 04:37:15,306 - INFO Retriever 0 - {
    "deep_think": {
        "thoughts": "由于目标路径D:\\Unity\\Survaval\\Assets_MyAssets不存在，我需要重新检查路径。可能是在之前的行动中出现了错误。我将重新使用get_folder_info操作来获取D:\\Unity\\Survaval\\Assets目录下的文件信息，以便找到可能包含技能数值定义的脚本文件。"
    }
}
2024-11-03 04:37:15,306 - INFO Retriever 0 - dict_keys(['deep_think'])
2024-11-03 04:37:15,307 - INFO Retriever 0 - Agent主脑给出的行动：deep_think
参数：{'thoughts': '由于目标路径D:\\Unity\\Survaval\\Assets_MyAssets不存在，我需要重新检查路径。可能是在之前的行动中出现了错误。我将重新使用get_folder_info操作来获取D:\\Unity\\Survaval\\Assets目录下的文件信息，以便找到可能包含技能数值定义的脚本文件。', 'repeat_counter': 1, 'continue_think_counter': 1}
2024-11-03 04:37:15,307 - INFO Retriever 0 - Observer: 好的，请继续你的下一步行动或思考。
2024-11-03 04:37:15,308 - INFO Retriever 0 - 

————————————————————————————————————————————————————————————————
2024-11-03 04:37:15,308 - INFO Retriever 0 - 当前窗口总长度：25
2024-11-03 04:37:15,308 - INFO Retriever 0 - 当前更新窗口长度：16
2024-11-03 04:37:15,309 - INFO Retriever 0 - 当前更新窗口长度：16
2024-11-03 04:37:15,310 - INFO Retriever 0 - ————————————————————————————————————————————————————————————————


2024-11-03 04:37:16,846 - INFO Retriever 0 - Agent主脑给出的回答为：{
    "get_folder_info": {
        "target_folder_path": "D:\\Unity\\Survaval\\Assets"
    }
}
2024-11-03 04:37:16,846 - INFO Retriever 0 - 是否成功解析：True
2024-11-03 04:37:16,846 - INFO Retriever 0 - operation_type (__det_dir_action):
2024-11-03 04:37:16,846 - INFO Retriever 0 - get_folder_info
2024-11-03 04:37:16,846 - INFO Retriever 0 - 

——————————————————————————————————————————————————————————————————————————————————————————————————————————————————————————
2024-11-03 04:37:16,846 - INFO Retriever 0 - Assistant:
2024-11-03 04:37:16,846 - INFO Retriever 0 - {
    "get_folder_info": {
        "target_folder_path": "D:\\Unity\\Survaval\\Assets"
    }
}
2024-11-03 04:37:16,846 - INFO Retriever 0 - dict_keys(['get_folder_info'])
2024-11-03 04:37:16,848 - INFO Retriever 0 - Agent主脑给出的行动：get_folder_info
参数：{'target_folder_path': 'D:\\Unity\\Survaval\\Assets'}
2024-11-03 04:37:16,880 - INFO Retriever 0 - Observer: 目标文件夹路径：D:\Unity\Survaval\Assets
文件结构树（该结构树可能不完整，仅返回深度小于等于1层的子文件以及文件夹）：
├── AddressableAssetsData
│   ├── AddressableAssetSettings.asset
│   ├── Android
│   ├── AssetGroupTemplates
│   ├── AssetGroups
│   ├── DataBuilders
│   ├── DefaultObject.asset
│   ├── iOS
├── AmplifyShaderEditor
│   ├── AmplifyShaderEditor.asmdef
│   ├── ChangeLog.txt
│   ├── CreatingTerrainsWithASE.txt
│   ├── Plugins
│   ├── Readme.txt
├── BlobHashMaps
│   ├── BlobBuilderExtensions.cs
│   ├── BlobHashMap.cs
│   ├── BlobHashMapIntInt.cs
│   ├── BlobHashMaps.asmdef
│   ├── BlobMultiHashMap.cs
│   ├── Data
├── BuildReport
│   ├── CustomBuildScriptExample.txt
│   ├── GUI
│   ├── README.txt
│   ├── Scripts
│   ├── VERSION.txt
│   ├── license.txt
├── CapturePath
├── DamageNumbersPro
│   ├── DamageNumbersPro.asmdef
│   ├── Documentation.url
│   ├── Editor
│   ├── Fonts
│   ├── Materials
│   ├── Scripts
├── Editor
│   ├── ChannelSetting.cs
│   ├── OrbiteExtenedEditor.cs
│   ├── Resources
│   ├── ShaderStripSettings
├── Editor Default Resources
│   ├── MasterAudio
├── EnhancedScroller v2
│   ├── ChangeLog.txt
│   ├── Documentation
│   ├── Plugins
│   ├── Tutorials
│   ├── readme.txt
│   ├── upgrading from 1.x to 2.x.txt
├── FlockBox
│   ├── Classic
│   ├── DOTS
│   ├── Flock Box Manual.pdf
├── Gizmos
│   ├── MasterAudio
├── Magic Spells Sound Effects V2.0
│   ├── Casting Loops
│   ├── Element Scholls
│   ├── General Spell
│   ├── Medieval Combat Sounds BONUS
│   ├── Special Attack
├── Pixel Arsenal
│   ├── Demo
│   ├── Materials
│   ...
│   ├── Textures
├── Plugins
│   ├── Android
│   ├── DarkTonic
│   ├── Demigiant
│   ├── Editor
│   ├── RelationsInspector
│   ├── Sirenix
│   ├── iOS
├── RPG Icons Pixel Art
│   ├── Aeromancer
│   ├── Alchemy1
│   ...
│   ├── Сrossbowman
├── Resources
│   ├── DOTweenSettings.asset
│   ├── MasterAudio
├── SPUM
│   ├── MonsterOrc_Prefabs
│   ├── MonsterUndeadPrefabs
│   ...
│   ├── Sprite_SheetExporter(Beta)
├── StreamingAssets
├── TextMesh Pro
│   ├── Documentation
│   ├── Fonts
│   ├── Resources
│   ├── Shaders
│   ├── Sprites
├── UniversalRenderPipelineGlobalSettings.asset
├── VirtualButtonsForUnity
│   ├── VirtualButtonsForUnity
├── YouLoftSDK
│   ├── PottingMobileSDK
│   ├── PottingMobileServices
│   ...
│   ├── YouloftTemp.cs
├── ZTools
│   ├── GlobalStringBuilder.cs
│   ├── Localization
│   ├── ZTools.asmdef
├── _MyAssets
│   ├── Animations
│   ├── ArtAssets
│   ...
│   ├── URPSettings


其中，部分主要文件及文件夹的信息如下：
1. Assets
# 路径:D:\\Unity\\Survaval\Assets
# 内容概述:“UniversalRenderPipelineGlobalSettings.asset”文件是Unity项目中用于配置通用渲染管道（URP）全局设置的资产。它涵盖了光照模式、阴影质量、后处理效果以及性能优化等关键设置，如光照层配置、阴影质量选择和后处理效果启用，旨在平衡视觉效果与性能表现，以适应不同游戏的需求。

2. AddressableAssetsData
# 路径:D:\\Unity\\Survaval\Assets\AddressableAssetsData
# 内容概述:### 文件夹内容简述

“AddressableAssetsData”文件夹汇集了Unity游戏开发所需的资源管理和配置文件。其中，Android和iOS子文件夹分别管理针对各自平台的资源状态。AssetGroups和AssetGroupTemplates子文件夹则专注于资源打包和内容更新配置，而DataBuilders子文件夹提供了资源管理和场景加载的脚本配置。此外，AddressableAssetSettings.asset文件负责资源加载和优化全局设置，而DefaultObject.asset则定义了Unity脚本组件的配置。整体而言，这些文件共同构成了游戏资源高效管理和优化的框架。

3. AmplifyShaderEditor
# 路径:D:\\Unity\\Survaval\Assets\AmplifyShaderEditor
# 内容概述:“AmplifyShaderEditor”文件夹汇集了Unity游戏开发中Amplify Shader Editor插件的核心组件与资源，包括编辑器脚本、界面资源、版本更新日志和使用指南。其中，“Editor”子文件夹承载着插件的核心逻辑和操作界面，而“EditorResources”则提供了图形用户界面和渲染资源。更新日志“ChangeLog.txt”详细记录了插件的功能迭代和问题修复，而“CreatingTerrainsWithASE.txt”则指导用户如何利用ASE创建地形着色器。遗憾的是，“Readme.txt”因编码错误无法读取，但预计包含插件的基本使用说明。

4. BlobHashMaps
# 路径:D:\\Unity\\Survaval\Assets\BlobHashMaps
# 内容概述:“BlobHashMaps”文件夹汇集了针对Unity游戏引擎优化的数据结构脚本，包括BlobHashMap和BlobMultiHashMap的实现。核心文件如BlobBuilderHashMapData.cs和BlobHashMapData.cs定义了HashMap和只读哈希表，BlobBuilderExtensions.cs扩展了BlobHashMap功能，BlobHashMap.cs和BlobHashMapIntInt.cs则提供了更丰富的操作和构建器功能。BlobHashMaps.asmdef文件定义了模块依赖，而BlobMultiHashMap.cs引入了多哈希映射支持，共同构成了一个高效的数据管理工具集。

5. BuildReport
# 路径:D:\\Unity\\Survaval\Assets\BuildReport
# 内容概述:“BuildReport”文件夹汇集了Unity游戏引擎的构建报告工具及相关资源，包括UI设计资源（如BRTSkin、NativeSkin和NativeSkinExtraIcons）、自动化构建脚本（如CustomBuildScriptExample.txt）和编辑器脚本（位于Scripts/Editor）。此外，它还包含定义特定窗口样式的皮肤文件（BuildReportWindow.guiskin和BuildReportWindowDark.guiskin），以及工具的许可证信息（license.txt）和使用说明（README.txt）。VERSION.txt文件记录了工具的版本更新历史，突出了新增功能和错误修复。

6. CapturePath
# 路径:D:\\Unity\\Survaval\Assets\CapturePath
# 内容概述:该文件夹内容为空。

7. DamageNumbersPro
# 路径:D:\\Unity\\Survaval\Assets\DamageNumbersPro
# 内容概述:“DamageNumbersPro”文件夹汇集了Unity游戏开发所需的资源，包括编辑器脚本、多种风格的字体、材质和游戏逻辑脚本。其中，编辑器脚本用于资源配置，字体和材质丰富了游戏视觉元素，而脚本集合则支撑了游戏的核心逻辑和交互。此外，汇编定义文件和文档链接文件提供了模块化开发和项目文档的便捷访问。

8. Editor
# 路径:D:\\Unity\\Survaval\Assets\Editor
# 内容概述:### 文件夹内容总结

“Editor”文件夹汇集了Unity项目开发所需的资源与工具。其中，**Resources**子文件夹提供游戏与动画设计的视觉素材，包括角色、场景元素和预制游戏单元。**ShaderStripSettings**包含提升渲染质量的Unity脚本组件，而**ChannelSetting.cs**脚本则用于管理不同渠道的SDK和项目配置。此外，**OrbiteExtenedEditor.cs**编辑器扩展脚本增强了文本编辑和屏幕截图功能，辅助设计和开发流程。整体上，这些资源与工具相互关联，共同服务于Unity项目的开发与优化。

9. Editor Default Resources
# 路径:D:\\Unity\\Survaval\Assets\Editor Default Resources
# 内容概述:“Editor Default Resources”文件夹汇集了多种音频处理相关的图标，包括播放、暂停、停止等控制图标，以及复制、删除、保存等操作图标，还有LED灯状态指示和扬声器图标等。这些图标共同服务于音频编辑和界面设计，为用户提供了直观的操作和状态指示。

10. EnhancedScroller v2
# 路径:D:\\Unity\\Survaval\Assets\EnhancedScroller v2
# 内容概述:该“EnhancedScroller v2”文件夹汇集了Unity游戏开发中EnhancedScroller插件的全面资源，包括用户手册、插件代码、教程和更新日志。用户手册详细介绍了插件的使用方法，插件代码则由组件、单元格视图和动画系统等组成，旨在提升UI开发效率。教程资源帮助开发者快速上手，而更新日志和升级指南则提供了插件版本间的变化和升级指导。

11. FlockBox
# 路径:D:\\Unity\\Survaval\Assets\FlockBox
# 内容概述:### 文件夹内容精简总结

“Flock Box”文件夹是Unity游戏开发项目，集成了视觉资源、游戏逻辑脚本和DOTS架构相关资源。其中，**Classic**子文件夹提供游戏场景、预制体和艺术资源，**DOTS**子文件夹则专注于DOTS架构的脚本和材料。项目手册“Flock Box Manual.pdf”详细介绍了项目结构、资源使用和开发指南，为开发者提供了全面的项目操作指导。

12. Gizmos
# 路径:D:\\Unity\\Survaval\Assets\Gizmos
# 内容概述:“Gizmos”文件夹汇集了音频处理相关的图标设计，包括“MasterAudio”品牌标识和“PlaylistController”播放列表控制功能的图标，旨在为音频软件界面提供视觉元素。

13. Magic Spells Sound Effects V2.0
# 路径:D:\\Unity\\Survaval\Assets\Magic Spells Sound Effects V2.0
# 内容概述:“Magic Spells Sound Effects V2.0”文件夹汇集了丰富的音效资源，包括循环施法音效、元素相关施法音效、通用魔法效果、中世纪战斗声音以及特定攻击音效。这些音效覆盖了从增益攻击到治疗，从施法到战斗动作，适用于游戏、影视等多媒体项目，且文件命名清晰，便于快速查找和使用。

14. Pixel Arsenal
# 路径:D:\\Unity\\Survaval\Assets\Pixel Arsenal
# 内容概述:“Pixel Arsenal”文件夹汇集了丰富的游戏开发资源，包括视觉素材（如天空盒和纹理）、预制体（如界面元素和特效）、场景素材、Unity脚本（用于游戏逻辑）和音频效果。这些资源相互关联，共同构建了游戏和视觉效果的基础，适用于Unity等游戏引擎。文件夹内的“ReadMe.txt”文件提供了资源使用指南和潜在的技术支持信息。

15. Plugins
# 路径:D:\\Unity\\Survaval\Assets\Plugins
# 内容概述:“Plugins”文件夹汇集了多平台游戏开发资源，包括Android应用开发工具、Unity游戏资源包如音频和网络同步插件，以及编辑器扩展和iOS应用开发组件。其中，Android子文件夹提供项目配置和第三方库；Unity相关资源如DarkTonic和Demigiant则专注于音频和网络同步，以及动画处理；Editor子文件夹增强Unity编辑器功能；iOS子文件夹涵盖性能监控和广告集成等iOS特有功能。这些资源相互关联，共同构建了一个全面的游戏开发环境。

16. Resources
# 路径:D:\\Unity\\Survaval\Assets\Resources
# 内容概述:### 文件夹内容总结

“Resources”文件夹汇集了Unity游戏项目的关键配置资源，包括“MasterAudioSettings.asset”用于音频处理和插件配置，以及“DOTweenSettings.asset”用于动画和缓动库的详细设置，两者共同确保游戏音效和动画的优化与流畅。

17. RPG Icons Pixel Art
# 路径:D:\\Unity\\Survaval\Assets\RPG Icons Pixel Art
# 内容概述:当然可以。以下是融合后的简短内容：

“Support contact.pdf”文件提供客户支持联系信息，包括电话、电子邮件和在线支持服务，并附有服务时间表、常见问题解答以及用户反馈表单，旨在为用户提供便捷的咨询与支持服务。

18. SPUM
# 路径:D:\\Unity\\Survaval\Assets\SPUM
# 内容概述:“SPUM”文件夹汇集了丰富的游戏开发资源，包括怪物与角色预制体、动画素材、图像资源、字体、材质以及Unity脚本等。它涵盖了从角色模型和动画到编辑器扩展和场景设置的全方位内容，旨在支持游戏开发、3D建模和动画制作项目。文件夹内不同子目录紧密关联，共同构成了一个完整的项目资源库。

19. StreamingAssets
# 路径:D:\\Unity\\Survaval\Assets\StreamingAssets
# 内容概述:“StreamingAssets”文件夹主要存储流媒体应用所需的资源，包括视频、音频和图像文件，以及相关的配置和脚本文件。该文件夹内部分为视频、音频、图像、配置和脚本等子文件夹，各自管理不同类型的媒体资源和播放逻辑配置，以确保资源的高效加载和流式传输。

20. TextMesh Pro
# 路径:D:\\Unity\\Survaval\Assets\TextMesh Pro
# 内容概述:该“TextMesh Pro”文件夹汇集了TextMesh Pro软件的用户指南、Liberation Sans字体资源、Unity项目资源包以及表情符号素材。其中，用户指南详细介绍了软件操作，Liberation Sans字体提供多种样式，Unity资源包包括字体、材质和精灵资产，着色器文件则专注于图形渲染，而表情符号资源则便于集成到项目中。这些内容相互关联，共同服务于游戏开发与图形设计的需求。

21. VirtualButtonsForUnity
# 路径:D:\\Unity\\Survaval\Assets\VirtualButtonsForUnity
# 内容概述:### 文件夹内容概览

“VirtualButtonsForUnity”文件夹是Unity游戏开发资源，集成了虚拟按钮、方向垫和摇杆预制体及脚本，旨在增强游戏交互体验。内含示例项目、预制体、脚本、图像资源和详细文档，方便开发者快速集成和使用。

22. YouLoftSDK
# 路径:D:\\Unity\\Survaval\Assets\YouLoftSDK
# 内容概述:### 文件夹内容总结

“YouLoftSDK”文件夹是Unity游戏开发者的综合工具包，集成了广告管理、支付、用户管理、数据同步等功能模块。其中，**PottingMobileSDK** 提供了Android和iOS平台的插件和脚本，**PottingMobileServices** 则包含了跨平台服务接口和功能脚本。广告管理、支付、礼包兑换等具体功能由 **YouLoftAd.cs**、**YouLoftPay.cs** 和 **YouLoftRedeemcode.cs** 等文件实现，而 **YouLoftSDKManager.cs** 负责管理这些模块，确保它们协同工作。此外，**YouLoftLogin.cs** 处理用户登录，**YouLoftEvent.cs** 和 **YouloftTemp.cs** 分别提供事件跟踪和配置同步功能，共同支撑游戏的整体运行。

23. ZTools
# 路径:D:\\Unity\\Survaval\Assets\ZTools
# 内容概述:### 文件夹内容总结
“ZTools”文件夹汇集了Unity游戏开发中本地化和字符串操作的工具。其中，包含用于本地化文本管理的脚本，如`StaticLocalizedText.cs`和`StaticLocalizedText_UGUI.cs`，以及`Strings.cs`用于管理本地化字符串。此外，`GlobalStringBuilder.cs`提供了全局字符串构建功能，优化了字符串操作性能。而“ZTools.asmdef”文件则定义了项目中的“ZTools”程序集，管理着相关脚本文件的引用和编译。这些工具共同构成了一个高效且模块化的开发环境。

24. _MyAssets
# 路径:D:\\Unity\\Survaval\Assets\_MyAssets
# 内容概述:“_MyAssets”文件夹是游戏开发的核心资源库，汇集了动画、艺术资产、音频、数据配置、编辑器资源、字体、图标、脚本、着色器等关键文件，以及预制体和场景设计。它为游戏提供了丰富的视觉和音频效果，并通过详细的配置文件和脚本实现了复杂的游戏逻辑和交互。文件夹内资源相互关联，共同支撑起游戏的整体架构和功能实现。

25. UniversalRenderPipelineGlobalSettings.asset
# 路径:D:\\Unity\\Survaval\Assets\UniversalRenderPipelineGlobalSettings.asset
# 内容概述:### 简化总结

该文件是Unity的通用渲染管道全局设置配置，定义了8个光照层（如Light Layer default至Light Layer 7）。它还包含了性能优化设置，如移除调试变体和未使用变体，以及不支持运行时调试显示。


2024-11-03 04:37:16,884 - INFO Retriever 0 - 

————————————————————————————————————————————————————————————————
2024-11-03 04:37:16,884 - INFO Retriever 0 - 当前窗口总长度：27
2024-11-03 04:37:16,885 - INFO Retriever 0 - 当前更新窗口长度：18
2024-11-03 04:37:16,885 - INFO Retriever 0 - 当前更新窗口长度：18
2024-11-03 04:37:16,885 - INFO Retriever 0 - ————————————————————————————————————————————————————————————————


2024-11-03 04:37:21,630 - INFO Retriever 0 - Agent主脑给出的回答为：{
    "deep_think": {
        "thoughts": "在获取了项目文件的顶层结构后，我注意到_MyAssets文件夹可能包含与游戏逻辑相关的文件。我将使用get_folder_info操作来获取_MyAssets目录下的文件信息，以便找到可能包含技能数值定义的脚本文件。"
    }
}
2024-11-03 04:37:21,630 - INFO Retriever 0 - 是否成功解析：True
2024-11-03 04:37:21,630 - INFO Retriever 0 - operation_type (__det_dir_action):
2024-11-03 04:37:21,630 - INFO Retriever 0 - deep_think
2024-11-03 04:37:21,630 - INFO Retriever 0 - 

——————————————————————————————————————————————————————————————————————————————————————————————————————————————————————————
2024-11-03 04:37:21,630 - INFO Retriever 0 - Assistant:
2024-11-03 04:37:21,631 - INFO Retriever 0 - {
    "deep_think": {
        "thoughts": "在获取了项目文件的顶层结构后，我注意到_MyAssets文件夹可能包含与游戏逻辑相关的文件。我将使用get_folder_info操作来获取_MyAssets目录下的文件信息，以便找到可能包含技能数值定义的脚本文件。"
    }
}
2024-11-03 04:37:21,631 - INFO Retriever 0 - dict_keys(['deep_think'])
2024-11-03 04:37:21,631 - INFO Retriever 0 - Agent主脑给出的行动：deep_think
参数：{'thoughts': '在获取了项目文件的顶层结构后，我注意到_MyAssets文件夹可能包含与游戏逻辑相关的文件。我将使用get_folder_info操作来获取_MyAssets目录下的文件信息，以便找到可能包含技能数值定义的脚本文件。', 'repeat_counter': 1, 'continue_think_counter': 1}
2024-11-03 04:37:21,631 - INFO Retriever 0 - Observer: 好的，请继续你的下一步行动或思考。
2024-11-03 04:37:21,633 - INFO Retriever 0 - 

————————————————————————————————————————————————————————————————
2024-11-03 04:37:21,633 - INFO Retriever 0 - 当前窗口总长度：29
2024-11-03 04:37:21,634 - INFO Retriever 0 - 当前更新窗口长度：20
2024-11-03 04:37:21,634 - INFO Retriever 0 - 当前更新窗口长度：20
2024-11-03 04:37:21,634 - INFO Retriever 0 - ————————————————————————————————————————————————————————————————


2024-11-03 04:37:57,973 - INFO Retriever 0 - Agent主脑给出的回答为：{
    "get_folder_info": {
        "target_folder_path": "D:\\Unity\\Survaval\\Assets\\_MyAssets"
    }
}
2024-11-03 04:37:57,973 - INFO Retriever 0 - 是否成功解析：True
2024-11-03 04:37:57,973 - INFO Retriever 0 - operation_type (__det_dir_action):
2024-11-03 04:37:57,973 - INFO Retriever 0 - get_folder_info
2024-11-03 04:37:57,973 - INFO Retriever 0 - 

——————————————————————————————————————————————————————————————————————————————————————————————————————————————————————————
2024-11-03 04:37:57,973 - INFO Retriever 0 - Assistant:
2024-11-03 04:37:57,973 - INFO Retriever 0 - {
    "get_folder_info": {
        "target_folder_path": "D:\\Unity\\Survaval\\Assets\\_MyAssets"
    }
}
2024-11-03 04:37:57,973 - INFO Retriever 0 - dict_keys(['get_folder_info'])
2024-11-03 04:37:57,973 - INFO Retriever 0 - Agent主脑给出的行动：get_folder_info
参数：{'target_folder_path': 'D:\\Unity\\Survaval\\Assets\\_MyAssets'}
2024-11-03 04:37:58,014 - INFO Retriever 0 - Observer: 目标文件夹路径：D:\Unity\Survaval\Assets\_MyAssets
文件结构树（该结构树可能不完整，仅返回深度小于等于1层的子文件以及文件夹）：
├── Animations
│   ├── PlayerAnimator.controller
│   ├── PlayerOnHorseAnimator.controller
│   ├── UIAnim
├── ArtAssets
│   ├── Enemies
│   ├── Items
│   ├── Terrains
│   ├── UI
├── Audio
│   ├── Music
│   ├── Sound
├── Data
│   ├── Achivements
│   ├── BattlePass
│   ...
│   ├── _GameData.asset
├── Editor_Reource
│   ├── Resources
├── FontPixel
│   ├── PixelMplus12.ttf
│   ├── unifont  Offset.mat
│   ...
│   ├── unifont.ttf
├── Icon
├── InputSettings
├── OutputData
│   ├── default_android_build.buildconfiguration
├── RuntimePrefabs
│   ├── Bullets
│   ├── DamageTexts
│   ...
│   ├── VFX
├── SceneTemplates
├── Scenes
├── Scripts
│   ├── Character
│   ├── DOTSSimpleRenderer
│   ...
│   ├── Utility
├── Shaders
│   ├── DOTSDropLight.shader
│   ├── DOTSSimpleParticle.shader
│   ├── DOTSSimpleSprite.shader
│   ├── UI_Light_Ase.shader
│   ├── UI_White_ASE.shader
│   ├── UI_guide_Ase.shader
│   ├── used_shaders.shadervariants
├── StaticPrefabs
│   ├── Sounds
│   ├── UI
│   ├── VFXTrails
│   ├── WeaponGunPoints
├── SteerSettings
│   ├── enemy_steer_speed_0.5.asset
│   ├── enemy_steer_speed_0.asset
│   ...
│   ├── enemy_steer_speed_5.asset
├── Test
│   ├── 01.png
│   ├── 02.png
│   ├── 03.png
│   ├── 04.png
├── Texture
│   ├── BattleTexture
│   ├── IconAtlas.spriteatlas
│   ├── Materials
│   ├── Textures
│   ├── TexturesIcon
│   ├── icon
├── URPSettings
│   ├── ForwardRenderer.asset
│   ├── UniversalRP-HighQuality.asset


其中，部分主要文件及文件夹的信息如下：
1. _MyAssets
# 路径:D:\\Unity\\Survaval\Assets\_MyAssets
# 内容概述:“_MyAssets”文件夹是游戏开发的核心资源库，汇集了动画、艺术资产、音频、数据配置、编辑器资源、字体、图标、脚本、着色器等关键文件，以及预制体和场景设计。它为游戏提供了丰富的视觉和音频效果，并通过详细的配置文件和脚本实现了复杂的游戏逻辑和交互。文件夹内资源相互关联，共同支撑起游戏的整体架构和功能实现。

2. Animations
# 路径:D:\\Unity\\Survaval\Assets\_MyAssets\Animations
# 内容概述:### 简化版文件夹内容分析总结

“Animations”文件夹汇集了针对游戏或应用UI元素的动画资源，包含多个子文件夹，如战斗界面、礼堂面板等，每个子文件夹内含特定动画和控制文件。控制器文件如`PlayerAnimator.controller`和`PlayerOnHorseAnimator.controller`负责协调玩家角色及其骑马状态下的动画逻辑，确保动画流畅且与用户交互紧密结合。

3. ArtAssets
# 路径:D:\\Unity\\Survaval\Assets\_MyAssets\ArtAssets
# 内容概述:“ArtAssets”文件夹汇集了游戏开发所需的视觉和交互资源，包括敌人角色和Boss的静态图像及材质（在“Enemies”文件夹中），游戏物品的材质（在“Items”文件夹中），以及地形和景观图像（在“Terrains”文件夹中）。此外，还包含用户界面配置数据（在“UI”文件夹中），这些资源共同支撑起游戏的角色、环境与交互界面设计。

4. Audio
# 路径:D:\\Unity\\Survaval\Assets\_MyAssets\Audio
# 内容概述:“Audio”文件夹内部分为“Music”和“Sound”两个子文件夹，前者收录了针对游戏不同场景设计的背景音乐，如Boss战和地图背景；后者则集成了游戏中的各种声音效果，包括活动声音和界面操作声音，共同构建了游戏的整体音效体验。

5. Data
# 路径:D:\\Unity\\Survaval\Assets\_MyAssets\Data
# 内容概述:“Data”文件夹是Unity游戏项目的核心，汇集了游戏配置和脚本资产，涵盖成就、战斗通行证、任务、物品掉落、角色装备、地图、技能、敌人生成等多个方面。文件夹内各子文件夹如Achivements、BattlePass和DailyTask等，分别管理成就解锁、奖励系统和日常任务等游戏机制；而Equip、Items和Map等则专注于角色、物品和地图的详细配置。这些文件和配置相互关联，共同构建了游戏的数据结构和功能框架。

6. Editor_Reource
# 路径:D:\\Unity\\Survaval\Assets\_MyAssets\Editor_Reource
# 内容概述:“Editor_Reource”文件夹汇集了游戏本地化资源，包含“Configs”子文件夹，内含多种语言的本地化文本文件，确保游戏在不同语言环境下的文本一致性和准确性。

7. FontPixel
# 路径:D:\\Unity\\Survaval\Assets\_MyAssets\FontPixel
# 内容概述:### 简化版文件夹内容总结

“FontPixel”文件夹汇集了多种字体文件，包括PixelMplus12.ttf和一系列以“unifont”开头的字体数据文件，如Offset、OutLine等，这些文件提供了不同风格和效果的字体资源，适用于字体设计和应用场景。

8. Icon
# 路径:D:\\Unity\\Survaval\Assets\_MyAssets\Icon
# 内容概述:该文件夹内容为空。

9. InputSettings
# 路径:D:\\Unity\\Survaval\Assets\_MyAssets\InputSettings
# 内容概述:该文件夹内容为空。

10. OutputData
# 路径:D:\\Unity\\Survaval\Assets\_MyAssets\OutputData
# 内容概述:在“OutputData”文件夹中，主要包含一个名为“default_android_build.buildconfiguration”的文件，该文件记录了Android应用的构建配置信息。

11. RuntimePrefabs
# 路径:D:\\Unity\\Survaval\Assets\_MyAssets\RuntimePrefabs
# 内容概述:“RuntimePrefabs”文件夹汇集了游戏开发所需的预制资源，包括多样化的子弹和攻击效果（如天使球、火球等），伤害显示配置，游戏内掉落物品（如宝箱、硬币），以及敌人、玩家角色和视觉效果（如技能效果、元素射线）。此外，还包含玩家角色预制文件和基础配置，以及空白的“Requirements”文件夹。视觉效果和用户界面元素，如技能和UI升级效果，丰富了游戏体验。

12. Scenes
# 路径:D:\\Unity\\Survaval\Assets\_MyAssets\Scenes
# 内容概述:“Scenes文件夹汇集了多种场景相关的文件，包含图片、文档和视频等，旨在展示不同环境下的视觉元素。其中，图片子文件夹展示了多样化的场景图像，文档子文件夹则收录了场景描述和设计理念，而视频子文件夹则提供了动态场景演示。这些文件相互关联，共同构成了一个全面展示各类场景的资料库。”

13. SceneTemplates
# 路径:D:\\Unity\\Survaval\Assets\_MyAssets\SceneTemplates
# 内容概述:该文件夹内容为空。

14. Scripts
# 路径:D:\\Unity\\Survaval\Assets\_MyAssets\Scripts
# 内容概述:“Scripts”文件夹是Unity游戏项目的核心脚本库，集成了角色管理、数据管理、渲染优化、声音处理、环境构建、游戏玩法、系统组件、UI设计和辅助工具等多种功能。它包含的角色脚本如动画和敌人管理，与游戏玩法和数据管理脚本紧密协作，共同构建了游戏的角色系统和核心逻辑。同时，渲染和声音优化脚本提升了性能，而UI脚本则负责交互界面。此外，通用工具和扩展功能脚本为游戏提供了额外的辅助和灵活性，确保了项目的整体流畅性和功能性。

15. Shaders
# 路径:D:\\Unity\\Survaval\Assets\_MyAssets\Shaders
# 内容概述:“Shaders”文件夹汇集了多种图形和UI着色器文件，包括实现点光源衰减、粒子效果、精灵渲染、UI引导照明等功能的DOTS系列和UI系列着色器，以及记录着色器变体信息的`used_shaders.shadervariants`文件，旨在提升游戏或应用的视觉效果。

16. StaticPrefabs
# 路径:D:\\Unity\\Survaval\Assets\_MyAssets\StaticPrefabs
# 内容概述:“StaticPrefabs”文件夹汇集了游戏开发所需的静态资源，包括音频管理、UI界面设计、视觉效果以及武器和枪械模型。音频资源如“Sounds”文件夹中的音效，与UI设计如“UI”文件夹中的战斗和主界面元素相辅相成，共同构建游戏交互体验。视觉效果“VFXTrails”则丰富了游戏场景，而“WeaponGunPoints”中的武器预制件则增强了游戏中的战斗元素。这些资源紧密关联，共同支撑起游戏的整体架构。

17. SteerSettings
# 路径:D:\\Unity\\Survaval\Assets\_MyAssets\SteerSettings
# 内容概述:### 文件夹内容总结
“SteerSettings”文件夹汇集了Unity游戏引擎中敌人AI的配置文件，旨在详细设定敌人的移动速度、转向行为、视野范围和搜索策略。文件夹内包含多个资产文件，如`enemy_steer_speed_0.5.asset`至`enemy_steer_speed_5.asset`，每个文件针对特定敌人的行为属性进行定制，包括速度、转向参数、视野角度和搜索目标等。这些配置文件共同构成了敌人AI的行为逻辑，确保它们在游戏中能够以不同的方式移动和交互，从而丰富游戏体验。

18. Test
# 路径:D:\\Unity\\Survaval\Assets\_MyAssets\Test
# 内容概述:该“Test”文件夹内包含四张PNG格式图片，分别为01.png、02.png、03.png和04.png，可能为同一主题或系列。

19. Texture
# 路径:D:\\Unity\\Survaval\Assets\_MyAssets\Texture
# 内容概述:“BattleTexture”文件夹汇集了与战斗相关的纹理图片，如奖励掉落效果，用于游戏视觉设计。在“icon”文件夹中，子文件夹和图片文件分类存储，涵盖游戏装备、角色属性、场景和界面元素，如技能图标和按钮。而“Materials”文件夹专注于材料设计数据，如“小光柱-白.mat”。此外，“Textures”和“TexturesIcon”文件夹则分别包含游戏界面元素和图标资源，通过纹理压缩优化游戏性能。最后，“IconAtlas.spriteatlas”文件整合了多个图标资源，提升游戏资源管理和加载效率。

20. URPSettings
# 路径:D:\\Unity\\Survaval\Assets\_MyAssets\URPSettings
# 内容概述:### 文件夹内容精简总结

“URPSettings”文件夹汇集了Unity游戏引擎的渲染优化配置，包括**ForwardRenderer.asset**文件，它针对视觉效果和伤害文本渲染进行细致配置，以及**UniversalRP-HighQuality.asset**，该文件通过调整多种渲染参数如阴影、抗锯齿和性能优化选项，旨在提升整体视觉效果和性能。这两个文件共同构成了游戏渲染的核心设置，确保了高质量的渲染效果和流畅的性能表现。


2024-11-03 04:37:58,017 - INFO Retriever 0 - 

————————————————————————————————————————————————————————————————
2024-11-03 04:37:58,018 - INFO Retriever 0 - 当前窗口总长度：31
2024-11-03 04:37:58,018 - INFO Retriever 0 - 当前更新窗口长度：22
2024-11-03 04:37:58,018 - INFO Retriever 0 - 当前更新窗口长度：22
2024-11-03 04:37:58,018 - INFO Retriever 0 - ————————————————————————————————————————————————————————————————


2024-11-03 04:38:05,269 - INFO Retriever 0 - Agent主脑给出的回答为：{
    "deep_think": {
        "thoughts": "在获取了_MyAssets目录下的文件信息后，我注意到Scripts文件夹可能包含与游戏逻辑相关的脚本文件。我将使用get_folder_info操作来获取Scripts目录下的文件信息，以便找到可能包含技能数值定义的脚本文件。"
    }
}
2024-11-03 04:38:05,270 - INFO Retriever 0 - 是否成功解析：True
2024-11-03 04:38:05,270 - INFO Retriever 0 - operation_type (__det_dir_action):
2024-11-03 04:38:05,270 - INFO Retriever 0 - deep_think
2024-11-03 04:38:05,270 - INFO Retriever 0 - 

——————————————————————————————————————————————————————————————————————————————————————————————————————————————————————————
2024-11-03 04:38:05,270 - INFO Retriever 0 - Assistant:
2024-11-03 04:38:05,270 - INFO Retriever 0 - {
    "deep_think": {
        "thoughts": "在获取了_MyAssets目录下的文件信息后，我注意到Scripts文件夹可能包含与游戏逻辑相关的脚本文件。我将使用get_folder_info操作来获取Scripts目录下的文件信息，以便找到可能包含技能数值定义的脚本文件。"
    }
}
2024-11-03 04:38:05,270 - INFO Retriever 0 - dict_keys(['deep_think'])
2024-11-03 04:38:05,270 - INFO Retriever 0 - Agent主脑给出的行动：deep_think
参数：{'thoughts': '在获取了_MyAssets目录下的文件信息后，我注意到Scripts文件夹可能包含与游戏逻辑相关的脚本文件。我将使用get_folder_info操作来获取Scripts目录下的文件信息，以便找到可能包含技能数值定义的脚本文件。', 'repeat_counter': 1, 'continue_think_counter': 1}
2024-11-03 04:38:05,270 - INFO Retriever 0 - Observer: 好的，请继续你的下一步行动或思考。
2024-11-03 04:38:05,270 - INFO Retriever 0 - 

————————————————————————————————————————————————————————————————
2024-11-03 04:38:05,270 - INFO Retriever 0 - 当前窗口总长度：33
2024-11-03 04:38:05,270 - INFO Retriever 0 - 当前更新窗口长度：24
2024-11-03 04:38:05,270 - INFO Retriever 0 - 当前更新窗口长度：24
2024-11-03 04:38:05,270 - INFO Retriever 0 - ————————————————————————————————————————————————————————————————


2024-11-03 04:38:12,972 - INFO Retriever 0 - Agent主脑给出的回答为：{
    "get_folder_info": {
        "target_folder_path": "D:\\Unity\\Survaval\\Assets\\_MyAssets\\Scripts"
    }
}
2024-11-03 04:38:12,972 - INFO Retriever 0 - 是否成功解析：True
2024-11-03 04:38:12,972 - INFO Retriever 0 - operation_type (__det_dir_action):
2024-11-03 04:38:12,972 - INFO Retriever 0 - get_folder_info
2024-11-03 04:38:12,972 - INFO Retriever 0 - 

——————————————————————————————————————————————————————————————————————————————————————————————————————————————————————————
2024-11-03 04:38:12,972 - INFO Retriever 0 - Assistant:
2024-11-03 04:38:12,974 - INFO Retriever 0 - {
    "get_folder_info": {
        "target_folder_path": "D:\\Unity\\Survaval\\Assets\\_MyAssets\\Scripts"
    }
}
2024-11-03 04:38:12,974 - INFO Retriever 0 - dict_keys(['get_folder_info'])
2024-11-03 04:38:12,974 - INFO Retriever 0 - Agent主脑给出的行动：get_folder_info
参数：{'target_folder_path': 'D:\\Unity\\Survaval\\Assets\\_MyAssets\\Scripts'}
2024-11-03 04:38:13,131 - INFO Retriever 0 - Observer: 目标文件夹路径：D:\Unity\Survaval\Assets\_MyAssets\Scripts
文件结构树（该结构树可能不完整，仅返回深度小于等于1层的子文件以及文件夹）：
├── Character
│   ├── AlwaysTtrans
│   ├── CriSprite
│   ...
│   ├── Tag
├── DOTSSimpleRenderer
│   ├── DOTSSimpleCullingSystem.cs
│   ├── DOTSSimpleRenderFeature.cs
│   ├── DOTSSimpleRenderGroup.cs
│   ├── DOTSSimpleRenderer.cs
│   ├── DOTSSimpleRendererComponents.cs
├── DOTSSound
│   ├── DOTSSoundComponent.cs
│   ├── DOTSSoundComponentData.cs
│   ├── DOTSSoundPlaySystem.cs
├── Data
│   ├── AchivementData.cs
│   ├── BattlePassData.cs
│   ...
│   ├── WeaponData.cs
├── Enviorment
│   ├── EnvironmentGrid.cs
├── GameSystem
│   ├── DamageNumberSpawner.cs
│   ├── FlushBuffSystem.cs
│   ...
│   ├── WeaponRootSystem.cs
├── Gameplay
│   ├── BuffValue.cs
│   ├── FlockBoxBoundarySyncSystem.cs
│   ...
│   ├── WeaponFireOnceTag.cs
├── Item
│   ├── DropOrb.cs
│   ├── DropOrbComponent.cs
│   ...
│   ├── WeaponUpgradeInfo.cs
├── Save
│   ├── SaveData.cs
│   ├── SaveManager.cs
├── UI
│   ├── AdAndPurchase.cs
│   ├── AudioSourceInit.cs
│   ...
│   ├── Utility
├── Utility
│   ├── AssetReferenceUIFolderRestriction.cs
│   ├── GameCommon.cs
│   ├── GameExtension.cs


其中，部分主要文件及文件夹的信息如下：
1. Scripts
# 路径:D:\\Unity\\Survaval\Assets\_MyAssets\Scripts
# 内容概述:“Scripts”文件夹是Unity游戏项目的核心脚本库，集成了角色管理、数据管理、渲染优化、声音处理、环境构建、游戏玩法、系统组件、UI设计和辅助工具等多种功能。它包含的角色脚本如动画和敌人管理，与游戏玩法和数据管理脚本紧密协作，共同构建了游戏的角色系统和核心逻辑。同时，渲染和声音优化脚本提升了性能，而UI脚本则负责交互界面。此外，通用工具和扩展功能脚本为游戏提供了额外的辅助和灵活性，确保了项目的整体流畅性和功能性。

2. Character
# 路径:D:\\Unity\\Survaval\Assets\_MyAssets\Scripts\Character
# 内容概述:“Character”文件夹汇集了Unity游戏引擎中角色系统的关键脚本，包括角色属性、技能、动画和交互逻辑。其中，**AlwaysTtrans**、**CriSprite**、**Equip**等子文件夹分别处理角色旋转、暴击图标动画和装备系统，而**Enemy**、**Player**等子文件夹则专注于敌人管理和玩家控制。这些脚本通过定义数据结构和系统组件，确保角色和敌人能够正确交互，并实现动画和视觉效果。整体上，文件夹内容紧密关联，共同构建了游戏角色的动态和互动体验。

3. Data
# 路径:D:\\Unity\\Survaval\Assets\_MyAssets\Scripts\Data
# 内容概述:### 文件夹内容概要

“Data”文件夹汇集了Unity游戏开发的核心数据管理脚本，涵盖成就、战令、奖励、技能、属性、角色、地图等关键游戏元素。文件夹内包含多个C#脚本，如管理成就和战令数据的脚本，以及处理物品、装备和地图配置的脚本。这些脚本不仅定义了游戏数据结构，还提供了编辑器集成功能，便于在Unity编辑器中创建和管理游戏资产，确保了游戏数据的一致性和可维护性。

4. DOTSSimpleRenderer
# 路径:D:\\Unity\\Survaval\Assets\_MyAssets\Scripts\DOTSSimpleRenderer
# 内容概述:### 文件夹内容概要

该“DOTSSimpleRenderer”文件夹汇集了Unity游戏引擎中用于优化渲染性能的脚本文件。主要包含以下内容：

- **DOTSSimpleCullingSystem.cs**：实现物体剔除逻辑，优化渲染效率。
- **DOTSSimpleRenderer.cs**：负责将GameObject转换为DOTS组件数据，便于在DOTS系统中处理。
- **DOTSSimpleRendererComponents.cs**：定义了存储渲染数据的结构体，支持Unity实体系统。
- **DOTSSimpleRenderFeature.cs**：管理渲染通道，处理不透明和透明物体的渲染。
- **DOTSSimpleRenderGroup.cs**：创建DOTS渲染组，组织和管理渲染相关系统。

这些脚本相互协作，通过剔除、数据转换和渲染通道管理，共同提升渲染性能和效率。

5. DOTSSound
# 路径:D:\\Unity\\Survaval\Assets\_MyAssets\Scripts\DOTSSound
# 内容概述:该“DOTSSound”文件夹汇集了Unity ECS架构下的声音管理脚本。主要文件DOTSSoundComponent.cs负责将游戏对象转换为ECS实体，并利用DOTSSoundComponentData.cs中定义的数据结构来配置声音源。DOTSSoundPlaySystem.cs则包含负责生成和执行声音播放命令的系统，包括处理声音源生成和粒子效果关联的子系统。整体上，这些脚本协同工作，以高效地在Unity游戏中管理声音播放。

6. Enviorment
# 路径:D:\\Unity\\Survaval\Assets\_MyAssets\Scripts\Enviorment
# 内容概述:## 文件夹内容简述

“Enviorment”文件夹内包含的“EnvironmentGrid.cs”脚本，是Unity游戏环境网格管理的核心。该脚本定义了`EnvironmentGrid`类，负责根据玩家选择加载相应地图纹理，并在玩家移动时同步更新网格纹理，确保游戏环境与玩家动作实时匹配。

7. Gameplay
# 路径:D:\\Unity\\Survaval\Assets\_MyAssets\Scripts\Gameplay
# 内容概述:“Gameplay”文件夹汇集了Unity游戏开发的关键脚本，包括增益效果管理（BuffValue.cs）、边界同步（FlockBoxBoundarySyncSystem.cs）、游戏组件数据定义（GameplayComponents.cs）、游戏数据存储（GameplayData.cs）、属性升级计算（GameplayFormula.cs）、游戏管理（GameplayManager.cs）和游戏系统（GameplaySystem.cs）。这些脚本协同工作，定义了游戏的核心玩法逻辑、数据结构和系统管理，确保游戏流程的顺畅和玩家交互的连贯性。

8. GameSystem
# 路径:D:\\Unity\\Survaval\Assets\_MyAssets\Scripts\GameSystem
# 内容概述:“GameSystem”文件夹汇集了Unity游戏开发的关键脚本，包括DamageNumberSpawner.cs用于生成攻击伤害数字，FlushBuffSystem.cs处理技能效果刷新，NPCWeaponKeepFireSystem.cs确保NPC持续射击，以及WeaponRootSystem.cs管理武器生命周期。此外，GameDataSystem.cs负责游戏数据管理，PrefabWarmingSystem.cs优化预制体加载，WeaponBaseParameterSyncSystem.cs同步武器参数。这些脚本相互协作，共同支撑起游戏的核心功能。

9. Item
# 路径:D:\\Unity\\Survaval\Assets\_MyAssets\Scripts\Item
# 内容概述:“Item”文件夹汇集了Unity游戏开发中的关键脚本，专注于武器系统、掉落物管理、经验球处理、NPC武器设置、时间控制、武器升级以及实体转换等功能。这些脚本通过ECS架构优化性能，包括武器缩放与粒子效果控制（WeaponRound）、掉落物生成与销毁逻辑（DropOrb系列）、经验球生成与收集管理（ExpOrb系列）、NPC武器数据转换（NPCWeaponObject）、时间组件更新（TimeComponent和TimeWaitSystem）、武器技能标识与升级信息处理（WeaponActiveSkillUsageTag和WeaponUpgradeInfo），以及武器与玩家关系的管理（WeaponAlignWithPlayer和WeaponConstantFollowPlayer）。这些脚本相互关联，共同构成了游戏的核心交互和系统功能。

10. Save
# 路径:D:\\Unity\\Survaval\Assets\_MyAssets\Scripts\Save
# 内容概述:“Save”文件夹汇集了Unity游戏开发中的数据管理脚本，其中`SaveData.cs`定义了用于存储玩家游戏数据的结构体，而`SaveManager.cs`则负责这些数据的保存与加载，包括使用`PlayerPrefs`进行序列化处理和数据版本管理，确保玩家进度和设置得以持久化。

11. UI
# 路径:D:\\Unity\\Survaval\Assets\_MyAssets\Scripts\UI
# 内容概述:“UI”文件夹汇集了Unity游戏开发的UI脚本，涵盖战斗、货币、新手引导、主界面、工具类和辅助功能。其中，`BattleUI`管理战斗相关UI，`CurrencyUI`处理货币系统，`Guide`负责新手引导，`MainUI`构建游戏主界面框架。此外，`Utility`提供UI适配和辅助工具，`AdAndPurchase`整合广告和支付功能，而`UIHelper`等脚本则辅助数据管理和UI控制，确保游戏UI的完整性和功能性。

12. Utility
# 路径:D:\\Unity\\Survaval\Assets\_MyAssets\Scripts\Utility
# 内容概述:“Utility”文件夹汇集了Unity游戏开发辅助脚本，包含`AssetReferenceUIFolderRestriction.cs`用于UI界面资产引用限制，`GameCommon.cs`提供通用工具如日志记录和时间处理，以及`GameExtension.cs`实现游戏扩展功能，如本地化和音频处理，这些脚本相互协作，共同支撑游戏逻辑的构建。


2024-11-03 04:38:13,135 - INFO Retriever 0 - 

————————————————————————————————————————————————————————————————
2024-11-03 04:38:13,135 - INFO Retriever 0 - 当前窗口总长度：35
2024-11-03 04:38:13,136 - INFO Retriever 0 - 当前更新窗口长度：26
2024-11-03 04:38:13,136 - INFO Retriever 0 - 当前更新窗口长度：26
2024-11-03 04:38:13,136 - INFO Retriever 0 - ————————————————————————————————————————————————————————————————


2024-11-03 04:38:45,798 - INFO Retriever 0 - Agent主脑给出的回答为：{
    "deep_think": {
        "thoughts": "在获取了Scripts目录下的文件信息后，我注意到Data文件夹可能包含与游戏数据相关的脚本文件。我将使用get_folder_info操作来获取Data目录下的文件信息，以便找到可能包含技能数值定义的脚本文件。"
    }
}
2024-11-03 04:38:45,798 - INFO Retriever 0 - 是否成功解析：True
2024-11-03 04:38:45,798 - INFO Retriever 0 - operation_type (__det_dir_action):
2024-11-03 04:38:45,798 - INFO Retriever 0 - deep_think
2024-11-03 04:38:45,798 - INFO Retriever 0 - 

——————————————————————————————————————————————————————————————————————————————————————————————————————————————————————————
2024-11-03 04:38:45,800 - INFO Retriever 0 - Assistant:
2024-11-03 04:38:45,800 - INFO Retriever 0 - {
    "deep_think": {
        "thoughts": "在获取了Scripts目录下的文件信息后，我注意到Data文件夹可能包含与游戏数据相关的脚本文件。我将使用get_folder_info操作来获取Data目录下的文件信息，以便找到可能包含技能数值定义的脚本文件。"
    }
}
2024-11-03 04:38:45,800 - INFO Retriever 0 - dict_keys(['deep_think'])
2024-11-03 04:38:45,800 - INFO Retriever 0 - Agent主脑给出的行动：deep_think
参数：{'thoughts': '在获取了Scripts目录下的文件信息后，我注意到Data文件夹可能包含与游戏数据相关的脚本文件。我将使用get_folder_info操作来获取Data目录下的文件信息，以便找到可能包含技能数值定义的脚本文件。', 'repeat_counter': 1, 'continue_think_counter': 1}
2024-11-03 04:38:45,800 - INFO Retriever 0 - Observer: 好的，请继续你的下一步行动或思考。
2024-11-03 04:38:45,801 - INFO Retriever 0 - 

————————————————————————————————————————————————————————————————
2024-11-03 04:38:45,801 - INFO Retriever 0 - 当前窗口总长度：37
2024-11-03 04:38:45,801 - INFO Retriever 0 - 当前更新窗口长度：28
2024-11-03 04:38:45,802 - INFO Retriever 0 - 当前更新窗口长度：28
2024-11-03 04:38:45,802 - INFO Retriever 0 - ————————————————————————————————————————————————————————————————


2024-11-03 04:38:50,734 - INFO Retriever 0 - Agent主脑给出的回答为：{
    "get_folder_info": {
        "target_folder_path": "D:\\Unity\\Survaval\\Assets\\_MyAssets\\Scripts\\Data"
    }
}
2024-11-03 04:38:50,734 - INFO Retriever 0 - 是否成功解析：True
2024-11-03 04:38:50,734 - INFO Retriever 0 - operation_type (__det_dir_action):
2024-11-03 04:38:50,734 - INFO Retriever 0 - get_folder_info
2024-11-03 04:38:50,735 - INFO Retriever 0 - 

——————————————————————————————————————————————————————————————————————————————————————————————————————————————————————————
2024-11-03 04:38:50,735 - INFO Retriever 0 - Assistant:
2024-11-03 04:38:50,735 - INFO Retriever 0 - {
    "get_folder_info": {
        "target_folder_path": "D:\\Unity\\Survaval\\Assets\\_MyAssets\\Scripts\\Data"
    }
}
2024-11-03 04:38:50,735 - INFO Retriever 0 - dict_keys(['get_folder_info'])
2024-11-03 04:38:50,735 - INFO Retriever 0 - Agent主脑给出的行动：get_folder_info
参数：{'target_folder_path': 'D:\\Unity\\Survaval\\Assets\\_MyAssets\\Scripts\\Data'}
2024-11-03 04:38:50,901 - INFO Retriever 0 - Observer: 目标文件夹路径：D:\Unity\Survaval\Assets\_MyAssets\Scripts\Data
文件结构树（该结构树可能不完整，仅返回深度小于等于1层的子文件以及文件夹）：
├── AchivementData.cs
├── BattlePassData.cs
├── BattlePassRewardData.cs
├── BuffData.cs
├── DailyTaskData.cs
├── DataBuilder.cs
├── DataType.cs
├── DefaultUnlockedData.cs
├── DropData.cs
├── DropGenerateData.cs
├── DropType.cs
├── EndlessModeRewardData.cs
├── EquipData.cs
├── GameData.cs
├── GameDataCollection.cs
├── HandbookData.cs
├── IDataWithID.cs
├── ItemData.cs
├── MapData.cs
├── PropertyData.cs
├── RoleData.cs
├── RolePropertyType.cs
├── SevenSignData.cs
├── SkillData.cs
├── TalentData.cs
├── WeaponData.cs


其中，部分主要文件及文件夹的信息如下：
1. Data
# 路径:D:\\Unity\\Survaval\Assets\_MyAssets\Scripts\Data
# 内容概述:### 文件夹内容概要

“Data”文件夹汇集了Unity游戏开发的核心数据管理脚本，涵盖成就、战令、奖励、技能、属性、角色、地图等关键游戏元素。文件夹内包含多个C#脚本，如管理成就和战令数据的脚本，以及处理物品、装备和地图配置的脚本。这些脚本不仅定义了游戏数据结构，还提供了编辑器集成功能，便于在Unity编辑器中创建和管理游戏资产，确保了游戏数据的一致性和可维护性。

2. AchivementData.cs
# 路径:D:\\Unity\\Survaval\Assets\_MyAssets\Scripts\Data\AchivementData.cs
# 内容概述:该脚本定义了Unity游戏中的`AchivementData`类，用于管理成就数据，包括成就类型、描述、奖励等。类中包含自定义的枚举`AchivementType`和`RewardType`，以及用于编辑器集成的功能，如通过菜单创建成就资产并自动生成ID和描述。`GetDescription`方法根据成就类型动态生成描述，而`CreateNewAsset`方法则允许在Unity编辑器中创建新的成就资产，实现自动化管理。

3. BattlePassData.cs
# 路径:D:\\Unity\\Survaval\Assets\_MyAssets\Scripts\Data\BattlePassData.cs
# 内容概述:该脚本定义了`BattlePassData`类，用于Unity游戏中的战令数据管理。类中包含基础等级经验、升级经验、胜利和失败经验等配置，以及战令奖励列表。`BattlePassData`继承自`ScriptableObject`，支持在Unity编辑器中创建和管理。类内还实现了自动或强制生成唯一ID的功能，并提供了一个编辑器方法`CreateNewAsset`，用于创建新的战令数据资产，包括复制模板、设置名称和ID等步骤。

4. BattlePassRewardData.cs
# 路径:D:\\Unity\\Survaval\Assets\_MyAssets\Scripts\Data\BattlePassRewardData.cs
# 内容概述:### 脚本内容总结

#### 总体概述
该脚本文件“BattlePassRewardData.cs”是Unity游戏开发中用于管理战斗通行证奖励数据的核心组件。它定义了一个结构体`battlePassLevelReward`来存储每个等级的奖励信息，以及一个`BattlePassRewardData`类，该类作为可序列化的脚本资产，负责管理奖励数据并在Unity编辑器中创建和管理奖励资产。

#### 模块和功能
- **结构体**：`battlePassLevelReward`
  - 存储单个等级的奖励信息，包括等级、普通奖励和购买后奖励列表。
- **类**：`BattlePassRewardData`
  - 管理战斗通行证奖励数据，包括奖励列表和内部ID。
  - 提供了在Unity编辑器中创建和管理奖励资产的方法。

#### 类和函数
- **结构体**：`battlePassLevelReward`
  - `level`：存储等级的整数。
  - `nomalReward`：存储普通奖励信息的列表。
  - `upReward`：存储购买后奖励信息的列表。
- **类**：`BattlePassRewardData`
  - `internalID`：存储奖励数据的内部ID。
  - `Reward`：存储`battlePassLevelReward`实例的列表。
  - `_odin_generateID`：私有方法，用于生成ID。
  - `_odin_ForceGenerateID`：私有方法，用于强制生成ID。
  - `CreateNewAsset`：公共方法，用于在Unity编辑器中创建新的奖励数据资产。

#### 实现逻辑
- 定义`battlePassLevelReward`结构体，用于封装等级和奖励信息。
- 创建`BattlePassRewardData`类，实现奖励数据的存储和管理。
- 在Unity编辑器中，通过`CreateNewAsset`方法创建新的奖励数据资产，并处理相关的文件操作和Unity编辑器交互。
- 使用私有方法`_odin_generateID`和`_odin_ForceGenerateID`来生成和管理奖励数据的ID。

5. BuffData.cs
# 路径:D:\\Unity\\Survaval\Assets\_MyAssets\Scripts\Data\BuffData.cs
# 内容概述:### 脚本概述
`BuffData.cs` 文件定义了一个Unity编辑器中使用的 `BuffData` 类，用于创建和管理技能效果（buff）数据。该类继承自 `ScriptableObject`，包含属性如ID、图标、名称、类型和持续时间等，并支持编辑器功能，如自动或强制生成ID，以及创建新的buff数据资产。

### 关键功能
- **数据属性**：定义了技能buff的属性，包括类型、名称、图标、持续时间和效果值。
- **编辑器集成**：提供编辑器方法，允许自动或手动生成ID，并支持创建新的buff数据资产。
- **资产创建**：在编辑器中，可以创建新的buff数据资产，并设置其名称和ID。

6. DailyTaskData.cs
# 路径:D:\\Unity\\Survaval\Assets\_MyAssets\Scripts\Data\DailyTaskData.cs
# 内容概述:该脚本定义了`DailyTaskData`类，用于在Unity编辑器中管理游戏中的日常任务数据。类中包含任务类型枚举、任务属性如名称、描述、目标数量和奖励等，并支持多语言本地化。此外，还提供了编辑器功能，如自动生成ID、本地化输出和创建新任务资产。

7. DataBuilder.cs
# 路径:D:\\Unity\\Survaval\Assets\_MyAssets\Scripts\Data\DataBuilder.cs
# 内容概述:该脚本为Unity编辑器工具，主要包含三个模块：`BuildData`负责构建技能系统和游戏数据，`BuildGameData`专注于游戏数据的构建，而`LoadAndConvertAll`提供通用的资产加载与转换功能。`DataBuilder`类中的`BuildSkillSystemData`方法加载技能和武器数据，并构建子弹与特效数据，而`BuildGameData`方法则利用`BlobBuilder`构建游戏数据结构，包括Buff、掉落物和额外子弹技能索引，最终将数据保存至文件。

8. DataType.cs
# 路径:D:\\Unity\\Survaval\Assets\_MyAssets\Scripts\Data\DataType.cs
# 内容概述:该脚本位于`Game`命名空间内，定义了一个名为`DataType`的枚举，用于分类游戏中的资源与属性，如金币、钻石、经验值等，共包含如道具、技能、地图等20种类型，为游戏数据管理提供了一种结构化的方式。

9. DefaultUnlockedData.cs
# 路径:D:\\Unity\\Survaval\Assets\_MyAssets\Scripts\Data\DefaultUnlockedData.cs
# 内容概述:该脚本定义了`DefaultUnlockedData`类，继承自`ScriptableObject`，用于在Unity项目中存储和提供游戏默认解锁数据。类中包含五个列表属性，分别用于存储解锁的属性、角色皮肤、地图ID、道具和天赋数据，便于在Unity编辑器中创建和管理这些数据资产。

10. DropData.cs
# 路径:D:\\Unity\\Survaval\Assets\_MyAssets\Scripts\Data\DropData.cs
# 内容概述:DropData.cs脚本定义了一个Unity游戏中的掉落物数据类，位于Game命名空间下。该类作为ScriptableObject，支持编辑器菜单创建，并实现了IDataWithID和IOutputLocalization接口。它存储掉落物的ID、图标、名称（含本地化）、类型、数量等属性，并提供了编辑器功能以生成和管理这些数据。类中包含用于生成ID、本地化输出和更新文本的方法，以及一个编辑器按钮用于创建新的掉落物资产。

11. DropGenerateData.cs
# 路径:D:\\Unity\\Survaval\Assets\_MyAssets\Scripts\Data\DropGenerateData.cs
# 内容概述:该脚本“DropGenerateData.cs”是Unity编辑器下用于管理游戏掉落物数据的工具。它定义了一个`DropGenerateData`类，其中包含两个列表：`dropIds`用于存储掉落物ID，`dropPrefabs`用于存储预制体引用。脚本的核心功能是`UpdateData`方法，它负责从指定资源路径加载所有掉落物预制体，并将它们的ID和引用填充到列表中，以便于后续使用。在Unity编辑器中，该方法可通过按钮触发，实现数据的自动更新。

12. DropType.cs
# 路径:D:\\Unity\\Survaval\Assets\_MyAssets\Scripts\Data\DropType.cs
# 内容概述:该脚本定义了名为`DropType`的枚举，用于分类游戏中掉落的物品或事件。枚举包括如金币、生命值增加、经验宝石收集、幸运值提升、宝箱、清屏、冻结、临时武器、装备和收集金币等类型，为游戏逻辑提供了明确的掉落事件标识。

13. EndlessModeRewardData.cs
# 路径:D:\\Unity\\Survaval\Assets\_MyAssets\Scripts\Data\EndlessModeRewardData.cs
# 内容概述:该脚本文件“EndlessModeRewardData.cs”定义了两个Unity脚本类，用于配置和管理游戏无尽模式中的奖励。`EndlessModeRewardInfo`类封装了单个奖励的详细信息，包括奖励类型、数量和关联数据，如地图、物品等，且根据奖励类型动态显示相关字段。`EndlessModeRewardData`类则是一个配置类，包含关卡奖励列表和重复通关奖励列表，可通过Unity编辑器直接创建和管理。

14. EquipData.cs
# 路径:D:\\Unity\\Survaval\Assets\_MyAssets\Scripts\Data\EquipData.cs
# 内容概述:该脚本定义了`EquipData`类，用于在Unity中管理游戏装备的数据。类中包含装备的枚举类型（如效果类型和解锁方式）、详细属性（如名称、描述、图标、类型和效果列表），并支持本地化。`EquipData`还提供了编辑器工具，如自动生成ID和创建新装备资产的功能。通过枚举和结构体，脚本实现了装备效果的灵活配置和本地化支持。

15. GameData.cs
# 路径:D:\\Unity\\Survaval\Assets\_MyAssets\Scripts\Data\GameData.cs
# 内容概述:“该脚本“GameData.cs”定义了游戏数据结构，包括技能效果（Buff）和掉落物（Drop）的Blob存储结构体。主要模块为`GameDataBlob`，它包含技能和掉落物列表，以及与额外子弹和技能相关的HashMap。结构体`BuffDataBlob`和`DropDataBlob`分别详细描述了技能效果和掉落物的属性。所有数据结构均被标记为仅存在于Blob存储中，以优化性能。

16. GameDataCollection.cs
# 路径:D:\\Unity\\Survaval\Assets\_MyAssets\Scripts\Data\GameDataCollection.cs
# 内容概述:### 脚本概述
`GameDataCollection.cs` 是一个Unity脚本，定义了 `GameDataCollection` 类，用于集中管理游戏数据。该类在Unity编辑器中工作，支持数据加载、编辑和导出。它通过多个字段存储不同类型的数据，如物品、道具、属性和成就等，并提供了构建数据链和编辑器工具来处理这些数据。

### 关键功能
- **数据管理**：存储和管理游戏中的各种数据，如物品、道具、属性等。
- **编辑器工具**：提供编辑器方法，如数据加载、更新和导出。
- **数据链构建**：构建物品之间的数据链，表示它们之间的关系。
- **本地化支持**：支持从文本文件加载本地化数据，并更新数据表本地化。

### 主要类和函数
- `GameDataCollection` 类：负责数据存储和编辑器工具的实现。
- `FindAllDataUsingAssetDatabase()`：在编辑器中查找和加载所有数据。
- `BuildDataChains()`：构建物品数据链。
- 编辑器工具方法：如 `AutomaticLoadFromTextFile()`、`UpdateDatatableLocalization()` 和 `OutputTextFile<T>()`，用于数据操作。

17. HandbookData.cs
# 路径:D:\\Unity\\Survaval\Assets\_MyAssets\Scripts\Data\HandbookData.cs
# 内容概述:`HandbookData.cs` 文件定义了一个Unity编辑器中使用的图鉴数据类，继承自ScriptableObject，并实现了IDataWithID接口。该类支持两种图鉴类型（物品和收集品），并为每个图鉴自动生成唯一ID。类中包含生成ID的私有方法，以及一个用于在Unity编辑器中创建新图鉴资源的公共方法。此方法会复制模板文件，设置资源名称，并确保ID的唯一性。此外，还提供了编辑器特有的功能，如手动强制生成ID和创建资源。

18. IDataWithID.cs
# 路径:D:\\Unity\\Survaval\Assets\_MyAssets\Scripts\Data\IDataWithID.cs
# 内容概述:这是一个名为“IDataWithID.cs”的文件。该文件中的内容为：
这是一个名为“IDataWithID.cs”的文件，该文件里的内容为：
1|﻿    public interface IDataWithID
2|    {
3|        public int ID { get; set;}
4|    }


19. ItemData.cs
# 路径:D:\\Unity\\Survaval\Assets\_MyAssets\Scripts\Data\ItemData.cs
# 内容概述:"ItemData.cs" 是一个Unity C#脚本，主要定义了游戏物品的数据结构，支持多语言和编辑器集成。该脚本通过ScriptableObject继承，允许在Unity编辑器中直接编辑物品属性，如名称、描述、等级和图片。它还支持自动生成唯一ID，并区分物品是否为武器或技能，存储相应的数据。脚本还包含方法来获取物品的本地化名称和描述，以及管理物品的技能和武器属性。此外，它还提供了编辑器功能，如创建新物品资源和更新文本。

20. MapData.cs
# 路径:D:\\Unity\\Survaval\Assets\_MyAssets\Scripts\Data\MapData.cs
# 内容概述:`MapData.cs` 文件定义了一个 `MapData` 类，用于存储和管理游戏地图的相关数据，包括图标、名称、描述、难度设置等。该类实现了本地化支持，能够根据不同语言环境显示相应的地图信息。它还定义了一个 `equipStruct` 结构体来管理装备掉落概率，并提供了编辑器功能，如自动生成唯一ID和创建新资源。代码结构清晰，模块化良好，便于维护和扩展。

21. PropertyData.cs
# 路径:D:\\Unity\\Survaval\Assets\_MyAssets\Scripts\Data\PropertyData.cs
# 内容概述:该脚本“PropertyData.cs”是Unity游戏开发中用于构建角色属性数据的类，支持属性类型、名称、描述等配置，并具备多语言本地化功能。它定义了属性提升值的类型（整数、小数、百分比）和针对不同版本（如非洲、优路）的特殊属性设置。此外，脚本还包含编辑器功能，允许在Unity编辑器中创建和管理属性数据资产，并支持本地化文本的更新和输出。

22. RoleData.cs
# 路径:D:\\Unity\\Survaval\Assets\_MyAssets\Scripts\Data\RoleData.cs
# 内容概述:该脚本“RoleData.cs”是Unity游戏开发中用于管理角色皮肤数据的类，它定义了角色皮肤的各种属性，如名称、描述、图标、价格等，并支持多语言本地化。类中实现了IDataWithID和IOutputLocalization接口，提供编辑器功能，如自动生成ID和本地化输出。它还支持属性加成和不同区域（如非洲、海外）的货币类型和价格设置，并具备条件显示和编辑器资源创建功能。

23. RolePropertyType.cs
# 路径:D:\\Unity\\Survaval\Assets\_MyAssets\Scripts\Data\RolePropertyType.cs
# 内容概述:该脚本定义了`RolePropertyType`枚举，用于分类角色属性，包括角色属性（如最大生命值、恢复）、武器属性（如力量、范围）、Buff效果（如幸运、诅咒）、伤害类型（如物理伤害、神圣伤害）以及暴击相关属性。枚举值通过注释详细说明了各自的功能和效果，并按不同属性类别分组，便于在用户界面中识别和使用。

24. SevenSignData.cs
# 路径:D:\\Unity\\Survaval\Assets\_MyAssets\Scripts\Data\SevenSignData.cs
# 内容概述:该脚本定义了一个名为 `SevenSignData` 的类，用于管理游戏中的七天签到奖励数据。`SiginDayReward` 结构体详细描述了奖励类型和具体内容，如金币、道具、角色皮肤等，且根据奖励类型动态显示相关字段。`SevenSignData` 类包含一个奖励列表，并提供编辑器功能以生成和管理这些数据，包括自动或手动生成ID，以及在Unity编辑器中创建新奖励数据资产。

25. SkillData.cs
# 路径:D:\\Unity\\Survaval\Assets\_MyAssets\Scripts\Data\SkillData.cs
# 内容概述:该脚本定义了Unity游戏中的技能数据模型，通过`SkillData`类存储技能属性，如延迟、VFX和子弹引用。它包含枚举定义元素类型和特殊路径，以及结构体处理物理分类。`SkillValue`类用于封装技能的具体效果，如伤害和增益。`ToData`方法将技能数据转换为编辑器代理类`DOTSSkillDataProxy`。此外，脚本还支持在Unity编辑器中创建和管理技能数据资产。

26. TalentData.cs
# 路径:D:\\Unity\\Survaval\Assets\_MyAssets\Scripts\Data\TalentData.cs
# 内容概述:该脚本定义了 `TalentData` 类，用于在Unity游戏中管理天赋数据。类中包含天赋的ID、名称、描述、关联武器和技能，以及解锁成就等信息。支持多语言本地化，包括中文，并提供编辑器功能以生成和编辑天赋资源。`TalentData` 类实现了 `IDataWithID` 和 `IOutputLocalization` 接口，具备获取本地化名称和描述、生成ID、输出本地化数据等功能，同时提供了编辑器中创建新天赋资源的工具。

27. WeaponData.cs
# 路径:D:\\Unity\\Survaval\Assets\_MyAssets\Scripts\Data\WeaponData.cs
# 内容概述:### 脚本概述
`WeaponData.cs` 文件定义了一个 `WeaponData` 类，位于 `Game` 命名空间下。该类用于存储和管理武器配置数据，包括冷却时间、武器预制体、子弹数量限制及装填时间。此外，它还包含一个编辑器方法 `ToData`，用于将武器数据转换为编辑器专用的代理对象。

### 关键点融合
`WeaponData` 类封装了武器配置信息，如冷却时间、预制体和子弹数量限制，并支持编辑器功能，其中 `ToData` 方法将数据转换为编辑器代理，便于编辑器使用。


2024-11-03 04:38:50,905 - INFO Retriever 0 - 

————————————————————————————————————————————————————————————————
2024-11-03 04:38:50,906 - INFO Retriever 0 - 当前窗口总长度：39
2024-11-03 04:38:50,906 - INFO Retriever 0 - 当前更新窗口长度：30
2024-11-03 04:38:50,906 - INFO Retriever 0 - 当前更新窗口长度：30
2024-11-03 04:38:50,907 - INFO Retriever 0 - ————————————————————————————————————————————————————————————————


2024-11-03 04:38:57,380 - INFO Retriever 0 - Agent主脑给出的回答为：{
    "deep_think": {
        "thoughts": "在获取了Data目录下的文件信息后，我注意到SkillData.cs文件可能包含与暴风雪技能8级数值相关的数据。我将使用read_file操作来读取该文件的内容，以确认它是否包含修改8级数值所需的代码。"
    }
}
2024-11-03 04:38:57,380 - INFO Retriever 0 - 是否成功解析：True
2024-11-03 04:38:57,380 - INFO Retriever 0 - operation_type (__det_dir_action):
2024-11-03 04:38:57,380 - INFO Retriever 0 - deep_think
2024-11-03 04:38:57,380 - INFO Retriever 0 - 

——————————————————————————————————————————————————————————————————————————————————————————————————————————————————————————
2024-11-03 04:38:57,380 - INFO Retriever 0 - Assistant:
2024-11-03 04:38:57,380 - INFO Retriever 0 - {
    "deep_think": {
        "thoughts": "在获取了Data目录下的文件信息后，我注意到SkillData.cs文件可能包含与暴风雪技能8级数值相关的数据。我将使用read_file操作来读取该文件的内容，以确认它是否包含修改8级数值所需的代码。"
    }
}
2024-11-03 04:38:57,380 - INFO Retriever 0 - dict_keys(['deep_think'])
2024-11-03 04:38:57,380 - INFO Retriever 0 - Agent主脑给出的行动：deep_think
参数：{'thoughts': '在获取了Data目录下的文件信息后，我注意到SkillData.cs文件可能包含与暴风雪技能8级数值相关的数据。我将使用read_file操作来读取该文件的内容，以确认它是否包含修改8级数值所需的代码。', 'repeat_counter': 1, 'continue_think_counter': 1}
2024-11-03 04:38:57,380 - INFO Retriever 0 - Observer: 好的，请继续你的下一步行动或思考。
2024-11-03 04:38:57,384 - INFO Retriever 0 - 

————————————————————————————————————————————————————————————————
2024-11-03 04:38:57,384 - INFO Retriever 0 - 当前窗口总长度：41
2024-11-03 04:38:57,384 - INFO Retriever 0 - 当前更新窗口长度：32
2024-11-03 04:38:57,384 - INFO Retriever 0 - 当前更新窗口长度：32
2024-11-03 04:38:57,384 - INFO Retriever 0 - ————————————————————————————————————————————————————————————————


2024-11-03 04:39:00,961 - INFO Retriever 0 - Agent主脑给出的回答为：{
    "read_file": {
        "file_path": "D:\\Unity\\Survaval\\Assets\\_MyAssets\\Scripts\\Data\\SkillData.cs"
    }
}
2024-11-03 04:39:00,961 - INFO Retriever 0 - 是否成功解析：True
2024-11-03 04:39:00,961 - INFO Retriever 0 - operation_type (__det_dir_action):
2024-11-03 04:39:00,961 - INFO Retriever 0 - read_file
2024-11-03 04:39:00,961 - INFO Retriever 0 - 

——————————————————————————————————————————————————————————————————————————————————————————————————————————————————————————
2024-11-03 04:39:00,961 - INFO Retriever 0 - Assistant:
2024-11-03 04:39:00,966 - INFO Retriever 0 - {
    "read_file": {
        "file_path": "D:\\Unity\\Survaval\\Assets\\_MyAssets\\Scripts\\Data\\SkillData.cs"
    }
}
2024-11-03 04:39:00,966 - INFO Retriever 0 - dict_keys(['read_file'])
2024-11-03 04:39:00,966 - INFO Retriever 0 - Agent主脑给出的行动：read_file
参数：{'file_path': 'D:\\Unity\\Survaval\\Assets\\_MyAssets\\Scripts\\Data\\SkillData.cs', 'top_path': 'D:/Unity/Survaval\\Assets', 'return_file_sum': <bound method TreeGenerationAction.return_file_sum of <Action.tree_gen_action.TreeGenerationAction object at 0x0000012F85315AF0>>}
2024-11-03 04:39:01,112 - INFO Retriever 0 - Observer: 这是一个名为“SkillData.cs”的文件，该文件里的内容为：
由于脚本文件内容过长，暂时仅给出该脚本文件的内容总结:
- ### 总体概述
该脚本名为“SkillData.cs”，是一个Unity游戏开发中的脚本文件，主要功能是定义和存储技能数据。它通过ScriptableObject类实现，可以在Unity编辑器中创建和编辑，以便于在游戏中使用。

### 模块和功能
- **SkillData类**：主要模块，包含技能的所有属性和方法。
- **PhysicsCategoryTags结构**：用于定义物理分类标签。
- **ElementType枚举**：定义元素类型，如物理、火焰等。
- **SpecialPath枚举**：定义特殊路径类型，如正弦波、螺旋等。
- **Axis枚举**：定义坐标轴。
- **SkillValue类**：用于存储技能值，包括伤害类型、增益效果等。
- **DOTSSkillDataProxy类**：用于将SkillData转换为编辑器中使用的代理类。

### 类和函数
- **SkillData类**：包含技能的所有属性和方法，如`internalID`、`delay`、`fireVFX`、`bullet`等。
- **PhysicsCategoryTags结构**：包含`Category00`到`Category02`的布尔值，以及一个计算这些值的`Value`属性。
- **ElementType枚举**：定义了各种元素类型和暴击相关的枚举值。
- **SpecialPath枚举**：定义了不同的特殊路径类型。
- **Axis枚举**：定义了X、Y、Z轴。
- **SkillValue类**：包含`valueType`、`damage`、`damageType`、`buff`、`vfxPath`等属性。
- **_odin_generateID函数**：用于生成技能的唯一ID。
- **ToData函数**：将SkillData转换为DOTSSkillDataProxy对象。

### 实现逻辑
- SkillData类定义了技能的所有属性，包括延迟、VFX路径、子弹等。
- 通过枚举和结构体定义了元素类型、物理分类和特殊路径。
- SkillValue类用于存储技能的具体值，如伤害、增益效果等。
- ToData函数将SkillData转换为DOTSSkillDataProxy对象，以便在编辑器中使用。
- 编辑器部分提供了创建新资产的方法，允许用户在Unity编辑器中创建新的SkillData资产。
2024-11-03 04:39:01,116 - INFO Retriever 0 - 

————————————————————————————————————————————————————————————————
2024-11-03 04:39:01,116 - INFO Retriever 0 - 当前窗口总长度：43
2024-11-03 04:39:01,116 - INFO Retriever 0 - 当前更新窗口长度：34
2024-11-03 04:39:01,116 - INFO Retriever 0 - 当前更新窗口长度：34
2024-11-03 04:39:01,116 - INFO Retriever 0 - ————————————————————————————————————————————————————————————————


2024-11-03 04:39:37,828 - INFO Retriever 0 - Agent主脑给出的回答为：{
    "deep_think": {
        "thoughts": "读取到的SkillData.cs文件内容概述显示，该文件定义了技能数据模型，包括技能的属性和方法。然而，由于文件内容过长，无法直接从中找到修改8级数值的代码。考虑到Unity项目中的配置文件可能以.asset格式存在，而.asset文件通常包含序列化的数据，我需要使用read_long_details操作来读取该文件的细节内容，以便查看其序列化的数据结构。"
    }
}
2024-11-03 04:39:37,829 - INFO Retriever 0 - 是否成功解析：True
2024-11-03 04:39:37,829 - INFO Retriever 0 - operation_type (__det_dir_action):
2024-11-03 04:39:37,829 - INFO Retriever 0 - deep_think
2024-11-03 04:39:37,829 - INFO Retriever 0 - 

——————————————————————————————————————————————————————————————————————————————————————————————————————————————————————————
2024-11-03 04:39:37,829 - INFO Retriever 0 - Assistant:
2024-11-03 04:39:37,830 - INFO Retriever 0 - {
    "deep_think": {
        "thoughts": "读取到的SkillData.cs文件内容概述显示，该文件定义了技能数据模型，包括技能的属性和方法。然而，由于文件内容过长，无法直接从中找到修改8级数值的代码。考虑到Unity项目中的配置文件可能以.asset格式存在，而.asset文件通常包含序列化的数据，我需要使用read_long_details操作来读取该文件的细节内容，以便查看其序列化的数据结构。"
    }
}
2024-11-03 04:39:37,830 - INFO Retriever 0 - dict_keys(['deep_think'])
2024-11-03 04:39:37,830 - INFO Retriever 0 - Agent主脑给出的行动：deep_think
参数：{'thoughts': '读取到的SkillData.cs文件内容概述显示，该文件定义了技能数据模型，包括技能的属性和方法。然而，由于文件内容过长，无法直接从中找到修改8级数值的代码。考虑到Unity项目中的配置文件可能以.asset格式存在，而.asset文件通常包含序列化的数据，我需要使用read_long_details操作来读取该文件的细节内容，以便查看其序列化的数据结构。', 'repeat_counter': 1, 'continue_think_counter': 1}
2024-11-03 04:39:37,830 - INFO Retriever 0 - Observer: 好的，请继续你的下一步行动或思考。
2024-11-03 04:39:37,832 - INFO Retriever 0 - 

————————————————————————————————————————————————————————————————
2024-11-03 04:39:37,832 - INFO Retriever 0 - 当前窗口总长度：45
2024-11-03 04:39:37,832 - INFO Retriever 0 - 当前更新窗口长度：36
2024-11-03 04:39:37,832 - INFO Retriever 0 - 当前更新窗口长度：36
2024-11-03 04:39:37,832 - INFO Retriever 0 - ————————————————————————————————————————————————————————————————


2024-11-03 04:39:43,246 - INFO Retriever 0 - 

————————————————————————————————————STOP IN POS 2————————————————————————————————————


