2024-11-03 04:34:35,264 - INFO Retriever 0 - Init Retriever.
2024-11-03 04:36:32,154 - INFO Retriever 0 - keywords:“Snowstorm Skill”，“技能”，“8级”，“level”，“暴风雪”，“skill”，“数值”，“level 8”，“snowstorm”，“talent”，“Blizzard Ability”，“figure”，“value”，“grade 8”，“grade”，“blizzard”，“暴风雪技能”，“级”
2024-11-03 04:36:32,172 - INFO Retriever 0 - deep_think_conent
:在获取了项目文件的顶层结构后，我还需要结合待查询的问题描述，对于项目中的文件和目录进行一些深度关键词检索。根据任务描述：“请在D:/Unity/Survaval\Assets下各级目录中寻找：修改暴风雪技能8级时候的数值应该修改什么文件”，我总结出如下可能会出现在各个文件名或者文件内容中的关键词：“Snowstorm Skill”，“技能”，“8级”，“level”，“暴风雪”，“skill”，“数值”，“level 8”，“snowstorm”，“talent”，“Blizzard Ability”，“figure”，“value”，“grade 8”，“grade”，“blizzard”，“暴风雪技能”，“级”。
接下来，我将使用retrieve_keywords操作，在项目顶层路径“D:/Unity/Survaval\Assets”下检索这些关键词，从而大致把握可能与问题描述相关的文件或目录的路径。
2024-11-03 04:36:32,346 - INFO Retriever 0 - ——————————————————————————————————————————————————————————————————————————————————————————————————————————————————————————
2024-11-03 04:36:32,373 - INFO Retriever 0 - Assistant:
2024-11-03 04:36:32,400 - INFO Retriever 0 - {
    "deep_think": {
        "thoughts": "好的，接下来我将通过深度思考、仔细计划以及逐步执行的方式，来完成该任务。\n\n首先，在阅读详细的代码细节之前，应该先整体把握整个项目。\n\n在提供的可选的action中，可以通过get_folder_info操作，通过将项目顶层路径作为target_folder_path参数进行传入，来获取获取项目中主要文件夹和主要文件的描述，从而能够先大致把握项目文件的主要文件的文件树结构、基本内容、主要代码概述以及大致功能板块的分布。"
    }
}
2024-11-03 04:36:32,438 - INFO Retriever 0 - 
Observer:
2024-11-03 04:36:32,454 - INFO Retriever 0 - 好的，请继续你的下一步行动或思考。
2024-11-03 04:36:32,507 - INFO Retriever 0 - 
2024-11-03 04:36:33,178 - INFO Retriever 0 - ——————————————————————————————————————————————————————————————————————————————————————————————————————————————————————————
2024-11-03 04:36:33,181 - INFO Retriever 0 - Assistant:
2024-11-03 04:36:33,183 - INFO Retriever 0 - {
    "get_folder_info": {
        "target_folder_path": "D:/Unity/Survaval\\Assets"
    }
}
2024-11-03 04:36:33,186 - INFO Retriever 0 - 
Observer:
2024-11-03 04:36:33,189 - INFO Retriever 0 - 目标文件夹路径：D:/Unity/Survaval\Assets
文件结构树（该结构树可能不完整，仅返回深度小于等于1层的子文件以及文件夹）：
├── AddressableAssetsData
│   ├── AddressableAssetSettings.asset
│   ├── Android
│   ├── AssetGroupTemplates
│   ├── AssetGroups
│   ├── DataBuilders
│   ├── DefaultObject.asset
│   ├── iOS
├── AmplifyShaderEditor
│   ├── AmplifyShaderEditor.asmdef
│   ├── ChangeLog.txt
│   ├── CreatingTerrainsWithASE.txt
│   ├── Plugins
│   ├── Readme.txt
├── BlobHashMaps
│   ├── BlobBuilderExtensions.cs
│   ├── BlobHashMap.cs
│   ├── BlobHashMapIntInt.cs
│   ├── BlobHashMaps.asmdef
│   ├── BlobMultiHashMap.cs
│   ├── Data
├── BuildReport
│   ├── CustomBuildScriptExample.txt
│   ├── GUI
│   ├── README.txt
│   ├── Scripts
│   ├── VERSION.txt
│   ├── license.txt
├── CapturePath
├── DamageNumbersPro
│   ├── DamageNumbersPro.asmdef
│   ├── Documentation.url
│   ├── Editor
│   ├── Fonts
│   ├── Materials
│   ├── Scripts
├── Editor
│   ├── ChannelSetting.cs
│   ├── OrbiteExtenedEditor.cs
│   ├── Resources
│   ├── ShaderStripSettings
├── Editor Default Resources
│   ├── MasterAudio
├── EnhancedScroller v2
│   ├── ChangeLog.txt
│   ├── Documentation
│   ├── Plugins
│   ├── Tutorials
│   ├── readme.txt
│   ├── upgrading from 1.x to 2.x.txt
├── FlockBox
│   ├── Classic
│   ├── DOTS
│   ├── Flock Box Manual.pdf
├── Gizmos
│   ├── MasterAudio
├── Magic Spells Sound Effects V2.0
│   ├── Casting Loops
│   ├── Element Scholls
│   ├── General Spell
│   ├── Medieval Combat Sounds BONUS
│   ├── Special Attack
├── Pixel Arsenal
│   ├── Demo
│   ├── Materials
│   ...
│   ├── Textures
├── Plugins
│   ├── Android
│   ├── DarkTonic
│   ├── Demigiant
│   ├── Editor
│   ├── RelationsInspector
│   ├── Sirenix
│   ├── iOS
├── RPG Icons Pixel Art
│   ├── Aeromancer
│   ├── Alchemy1
│   ...
│   ├── Сrossbowman
├── Resources
│   ├── DOTweenSettings.asset
│   ├── MasterAudio
├── SPUM
│   ├── MonsterOrc_Prefabs
│   ├── MonsterUndeadPrefabs
│   ...
│   ├── Sprite_SheetExporter(Beta)
├── StreamingAssets
├── TextMesh Pro
│   ├── Documentation
│   ├── Fonts
│   ├── Resources
│   ├── Shaders
│   ├── Sprites
├── UniversalRenderPipelineGlobalSettings.asset
├── VirtualButtonsForUnity
│   ├── VirtualButtonsForUnity
├── YouLoftSDK
│   ├── PottingMobileSDK
│   ├── PottingMobileServices
│   ...
│   ├── YouloftTemp.cs
├── ZTools
│   ├── GlobalStringBuilder.cs
│   ├── Localization
│   ├── ZTools.asmdef
├── _MyAssets
│   ├── Animations
│   ├── ArtAssets
│   ...
│   ├── URPSettings


其中，部分主要文件及文件夹的信息如下：
1. Assets
# 路径:D:\\Unity\\Survaval\Assets
# 内容概述:“UniversalRenderPipelineGlobalSettings.asset”文件是Unity项目中用于配置通用渲染管道（URP）全局设置的资产。它涵盖了光照模式、阴影质量、后处理效果以及性能优化等关键设置，如光照层配置、阴影质量选择和后处理效果启用，旨在平衡视觉效果与性能表现，以适应不同游戏的需求。

2. AddressableAssetsData
# 路径:D:\\Unity\\Survaval\Assets\AddressableAssetsData
# 内容概述:### 文件夹内容简述

“AddressableAssetsData”文件夹汇集了Unity游戏开发所需的资源管理和配置文件。其中，Android和iOS子文件夹分别管理针对各自平台的资源状态。AssetGroups和AssetGroupTemplates子文件夹则专注于资源打包和内容更新配置，而DataBuilders子文件夹提供了资源管理和场景加载的脚本配置。此外，AddressableAssetSettings.asset文件负责资源加载和优化全局设置，而DefaultObject.asset则定义了Unity脚本组件的配置。整体而言，这些文件共同构成了游戏资源高效管理和优化的框架。

3. AmplifyShaderEditor
# 路径:D:\\Unity\\Survaval\Assets\AmplifyShaderEditor
# 内容概述:“AmplifyShaderEditor”文件夹汇集了Unity游戏开发中Amplify Shader Editor插件的核心组件与资源，包括编辑器脚本、界面资源、版本更新日志和使用指南。其中，“Editor”子文件夹承载着插件的核心逻辑和操作界面，而“EditorResources”则提供了图形用户界面和渲染资源。更新日志“ChangeLog.txt”详细记录了插件的功能迭代和问题修复，而“CreatingTerrainsWithASE.txt”则指导用户如何利用ASE创建地形着色器。遗憾的是，“Readme.txt”因编码错误无法读取，但预计包含插件的基本使用说明。

4. BlobHashMaps
# 路径:D:\\Unity\\Survaval\Assets\BlobHashMaps
# 内容概述:“BlobHashMaps”文件夹汇集了针对Unity游戏引擎优化的数据结构脚本，包括BlobHashMap和BlobMultiHashMap的实现。核心文件如BlobBuilderHashMapData.cs和BlobHashMapData.cs定义了HashMap和只读哈希表，BlobBuilderExtensions.cs扩展了BlobHashMap功能，BlobHashMap.cs和BlobHashMapIntInt.cs则提供了更丰富的操作和构建器功能。BlobHashMaps.asmdef文件定义了模块依赖，而BlobMultiHashMap.cs引入了多哈希映射支持，共同构成了一个高效的数据管理工具集。

5. BuildReport
# 路径:D:\\Unity\\Survaval\Assets\BuildReport
# 内容概述:“BuildReport”文件夹汇集了Unity游戏引擎的构建报告工具及相关资源，包括UI设计资源（如BRTSkin、NativeSkin和NativeSkinExtraIcons）、自动化构建脚本（如CustomBuildScriptExample.txt）和编辑器脚本（位于Scripts/Editor）。此外，它还包含定义特定窗口样式的皮肤文件（BuildReportWindow.guiskin和BuildReportWindowDark.guiskin），以及工具的许可证信息（license.txt）和使用说明（README.txt）。VERSION.txt文件记录了工具的版本更新历史，突出了新增功能和错误修复。

6. CapturePath
# 路径:D:\\Unity\\Survaval\Assets\CapturePath
# 内容概述:该文件夹内容为空。

7. DamageNumbersPro
# 路径:D:\\Unity\\Survaval\Assets\DamageNumbersPro
# 内容概述:“DamageNumbersPro”文件夹汇集了Unity游戏开发所需的资源，包括编辑器脚本、多种风格的字体、材质和游戏逻辑脚本。其中，编辑器脚本用于资源配置，字体和材质丰富了游戏视觉元素，而脚本集合则支撑了游戏的核心逻辑和交互。此外，汇编定义文件和文档链接文件提供了模块化开发和项目文档的便捷访问。

8. Editor
# 路径:D:\\Unity\\Survaval\Assets\Editor
# 内容概述:### 文件夹内容总结

“Editor”文件夹汇集了Unity项目开发所需的资源与工具。其中，**Resources**子文件夹提供游戏与动画设计的视觉素材，包括角色、场景元素和预制游戏单元。**ShaderStripSettings**包含提升渲染质量的Unity脚本组件，而**ChannelSetting.cs**脚本则用于管理不同渠道的SDK和项目配置。此外，**OrbiteExtenedEditor.cs**编辑器扩展脚本增强了文本编辑和屏幕截图功能，辅助设计和开发流程。整体上，这些资源与工具相互关联，共同服务于Unity项目的开发与优化。

9. Editor Default Resources
# 路径:D:\\Unity\\Survaval\Assets\Editor Default Resources
# 内容概述:“Editor Default Resources”文件夹汇集了多种音频处理相关的图标，包括播放、暂停、停止等控制图标，以及复制、删除、保存等操作图标，还有LED灯状态指示和扬声器图标等。这些图标共同服务于音频编辑和界面设计，为用户提供了直观的操作和状态指示。

10. EnhancedScroller v2
# 路径:D:\\Unity\\Survaval\Assets\EnhancedScroller v2
# 内容概述:该“EnhancedScroller v2”文件夹汇集了Unity游戏开发中EnhancedScroller插件的全面资源，包括用户手册、插件代码、教程和更新日志。用户手册详细介绍了插件的使用方法，插件代码则由组件、单元格视图和动画系统等组成，旨在提升UI开发效率。教程资源帮助开发者快速上手，而更新日志和升级指南则提供了插件版本间的变化和升级指导。

11. FlockBox
# 路径:D:\\Unity\\Survaval\Assets\FlockBox
# 内容概述:### 文件夹内容精简总结

“Flock Box”文件夹是Unity游戏开发项目，集成了视觉资源、游戏逻辑脚本和DOTS架构相关资源。其中，**Classic**子文件夹提供游戏场景、预制体和艺术资源，**DOTS**子文件夹则专注于DOTS架构的脚本和材料。项目手册“Flock Box Manual.pdf”详细介绍了项目结构、资源使用和开发指南，为开发者提供了全面的项目操作指导。

12. Gizmos
# 路径:D:\\Unity\\Survaval\Assets\Gizmos
# 内容概述:“Gizmos”文件夹汇集了音频处理相关的图标设计，包括“MasterAudio”品牌标识和“PlaylistController”播放列表控制功能的图标，旨在为音频软件界面提供视觉元素。

13. Magic Spells Sound Effects V2.0
# 路径:D:\\Unity\\Survaval\Assets\Magic Spells Sound Effects V2.0
# 内容概述:“Magic Spells Sound Effects V2.0”文件夹汇集了丰富的音效资源，包括循环施法音效、元素相关施法音效、通用魔法效果、中世纪战斗声音以及特定攻击音效。这些音效覆盖了从增益攻击到治疗，从施法到战斗动作，适用于游戏、影视等多媒体项目，且文件命名清晰，便于快速查找和使用。

14. Pixel Arsenal
# 路径:D:\\Unity\\Survaval\Assets\Pixel Arsenal
# 内容概述:“Pixel Arsenal”文件夹汇集了丰富的游戏开发资源，包括视觉素材（如天空盒和纹理）、预制体（如界面元素和特效）、场景素材、Unity脚本（用于游戏逻辑）和音频效果。这些资源相互关联，共同构建了游戏和视觉效果的基础，适用于Unity等游戏引擎。文件夹内的“ReadMe.txt”文件提供了资源使用指南和潜在的技术支持信息。

15. Plugins
# 路径:D:\\Unity\\Survaval\Assets\Plugins
# 内容概述:“Plugins”文件夹汇集了多平台游戏开发资源，包括Android应用开发工具、Unity游戏资源包如音频和网络同步插件，以及编辑器扩展和iOS应用开发组件。其中，Android子文件夹提供项目配置和第三方库；Unity相关资源如DarkTonic和Demigiant则专注于音频和网络同步，以及动画处理；Editor子文件夹增强Unity编辑器功能；iOS子文件夹涵盖性能监控和广告集成等iOS特有功能。这些资源相互关联，共同构建了一个全面的游戏开发环境。

16. Resources
# 路径:D:\\Unity\\Survaval\Assets\Resources
# 内容概述:### 文件夹内容总结

“Resources”文件夹汇集了Unity游戏项目的关键配置资源，包括“MasterAudioSettings.asset”用于音频处理和插件配置，以及“DOTweenSettings.asset”用于动画和缓动库的详细设置，两者共同确保游戏音效和动画的优化与流畅。

17. RPG Icons Pixel Art
# 路径:D:\\Unity\\Survaval\Assets\RPG Icons Pixel Art
# 内容概述:当然可以。以下是融合后的简短内容：

“Support contact.pdf”文件提供客户支持联系信息，包括电话、电子邮件和在线支持服务，并附有服务时间表、常见问题解答以及用户反馈表单，旨在为用户提供便捷的咨询与支持服务。

18. SPUM
# 路径:D:\\Unity\\Survaval\Assets\SPUM
# 内容概述:“SPUM”文件夹汇集了丰富的游戏开发资源，包括怪物与角色预制体、动画素材、图像资源、字体、材质以及Unity脚本等。它涵盖了从角色模型和动画到编辑器扩展和场景设置的全方位内容，旨在支持游戏开发、3D建模和动画制作项目。文件夹内不同子目录紧密关联，共同构成了一个完整的项目资源库。

19. StreamingAssets
# 路径:D:\\Unity\\Survaval\Assets\StreamingAssets
# 内容概述:“StreamingAssets”文件夹主要存储流媒体应用所需的资源，包括视频、音频和图像文件，以及相关的配置和脚本文件。该文件夹内部分为视频、音频、图像、配置和脚本等子文件夹，各自管理不同类型的媒体资源和播放逻辑配置，以确保资源的高效加载和流式传输。

20. TextMesh Pro
# 路径:D:\\Unity\\Survaval\Assets\TextMesh Pro
# 内容概述:该“TextMesh Pro”文件夹汇集了TextMesh Pro软件的用户指南、Liberation Sans字体资源、Unity项目资源包以及表情符号素材。其中，用户指南详细介绍了软件操作，Liberation Sans字体提供多种样式，Unity资源包包括字体、材质和精灵资产，着色器文件则专注于图形渲染，而表情符号资源则便于集成到项目中。这些内容相互关联，共同服务于游戏开发与图形设计的需求。

21. VirtualButtonsForUnity
# 路径:D:\\Unity\\Survaval\Assets\VirtualButtonsForUnity
# 内容概述:### 文件夹内容概览

“VirtualButtonsForUnity”文件夹是Unity游戏开发资源，集成了虚拟按钮、方向垫和摇杆预制体及脚本，旨在增强游戏交互体验。内含示例项目、预制体、脚本、图像资源和详细文档，方便开发者快速集成和使用。

22. YouLoftSDK
# 路径:D:\\Unity\\Survaval\Assets\YouLoftSDK
# 内容概述:### 文件夹内容总结

“YouLoftSDK”文件夹是Unity游戏开发者的综合工具包，集成了广告管理、支付、用户管理、数据同步等功能模块。其中，**PottingMobileSDK** 提供了Android和iOS平台的插件和脚本，**PottingMobileServices** 则包含了跨平台服务接口和功能脚本。广告管理、支付、礼包兑换等具体功能由 **YouLoftAd.cs**、**YouLoftPay.cs** 和 **YouLoftRedeemcode.cs** 等文件实现，而 **YouLoftSDKManager.cs** 负责管理这些模块，确保它们协同工作。此外，**YouLoftLogin.cs** 处理用户登录，**YouLoftEvent.cs** 和 **YouloftTemp.cs** 分别提供事件跟踪和配置同步功能，共同支撑游戏的整体运行。

23. ZTools
# 路径:D:\\Unity\\Survaval\Assets\ZTools
# 内容概述:### 文件夹内容总结
“ZTools”文件夹汇集了Unity游戏开发中本地化和字符串操作的工具。其中，包含用于本地化文本管理的脚本，如`StaticLocalizedText.cs`和`StaticLocalizedText_UGUI.cs`，以及`Strings.cs`用于管理本地化字符串。此外，`GlobalStringBuilder.cs`提供了全局字符串构建功能，优化了字符串操作性能。而“ZTools.asmdef”文件则定义了项目中的“ZTools”程序集，管理着相关脚本文件的引用和编译。这些工具共同构成了一个高效且模块化的开发环境。

24. _MyAssets
# 路径:D:\\Unity\\Survaval\Assets\_MyAssets
# 内容概述:“_MyAssets”文件夹是游戏开发的核心资源库，汇集了动画、艺术资产、音频、数据配置、编辑器资源、字体、图标、脚本、着色器等关键文件，以及预制体和场景设计。它为游戏提供了丰富的视觉和音频效果，并通过详细的配置文件和脚本实现了复杂的游戏逻辑和交互。文件夹内资源相互关联，共同支撑起游戏的整体架构和功能实现。

25. UniversalRenderPipelineGlobalSettings.asset
# 路径:D:\\Unity\\Survaval\Assets\UniversalRenderPipelineGlobalSettings.asset
# 内容概述:### 简化总结

该文件是Unity的通用渲染管道全局设置配置，定义了8个光照层（如Light Layer default至Light Layer 7）。它还包含了性能优化设置，如移除调试变体和未使用变体，以及不支持运行时调试显示。


2024-11-03 04:36:33,195 - INFO Retriever 0 - 
2024-11-03 04:36:33,200 - INFO Retriever 0 - ——————————————————————————————————————————————————————————————————————————————————————————————————————————————————————————
2024-11-03 04:36:33,203 - INFO Retriever 0 - Assistant:
2024-11-03 04:36:33,205 - INFO Retriever 0 - {
    "deep_think": {
        "thoughts": "在获取了项目文件的顶层结构后，我还需要结合待查询的问题描述，对于项目中的文件和目录进行一些深度关键词检索。根据任务描述：“请在D:/Unity/Survaval\\Assets下各级目录中寻找：修改暴风雪技能8级时候的数值应该修改什么文件”，我总结出如下可能会出现在各个文件名或者文件内容中的关键词：“Snowstorm Skill”，“技能”，“8级”，“level”，“暴风雪”，“skill”，“数值”，“level 8”，“snowstorm”，“talent”，“Blizzard Ability”，“figure”，“value”，“grade 8”，“grade”，“blizzard”，“暴风雪技能”，“级”。\n接下来，我将使用retrieve_keywords操作，在项目顶层路径“D:/Unity/Survaval\\Assets”下检索这些关键词，从而大致把握可能与问题描述相关的文件或目录的路径。"
    }
}
2024-11-03 04:36:33,209 - INFO Retriever 0 - 
Observer:
2024-11-03 04:36:33,212 - INFO Retriever 0 - 好的，请继续你的下一步行动或思考。
2024-11-03 04:36:33,215 - INFO Retriever 0 - 
2024-11-03 04:36:34,424 - INFO Retriever 0 - ——————————————————————————————————————————————————————————————————————————————————————————————————————————————————————————
2024-11-03 04:36:34,425 - INFO Retriever 0 - Assistant:
2024-11-03 04:36:34,427 - INFO Retriever 0 - {
    "retrieve_keywords": {
        "keyword_list": [
            "Snowstorm Skill",
            "技能",
            "8级",
            "level",
            "暴风雪",
            "skill",
            "数值",
            "level 8",
            "snowstorm",
            "talent",
            "Blizzard Ability",
            "figure",
            "value",
            "grade 8",
            "grade",
            "blizzard",
            "暴风雪技能",
            "级"
        ]
    }
}
2024-11-03 04:36:34,441 - INFO Retriever 0 - 
Observer:
2024-11-03 04:36:34,449 - INFO Retriever 0 - 根据你提供的关键词，我检索到以下目录或文件，它们的绝对路径如下：


1. D:\\Unity\\Survaval\Assets\_MyAssets\Data\Skills\暴风雪伤害LV6.asset
### 简要总结

该文件是Unity游戏脚本配置，定义了名为“暴风雪伤害LV6”的游戏效果。脚本配置了暴风雪的攻击范围、伤害值（75点），并指定了影响目标层。暴风雪在碰撞时结束，并具有特定的伤害效果。

2. D:\\Unity\\Survaval\Assets\_MyAssets\Data\Skills\暴风雪伤害LV2.asset
### 文本总结
该文件定义了Unity游戏中的“暴风雪伤害LV2”效果的配置。脚本详细设置了对象的基本属性、特效和子弹引用、搜索目标、影响层级、攻击范围、碰撞检测和生命值。此外，还包括了伤害值、伤害类型和特效路径等关键技能值，以实现暴风雪伤害的具体效果。

3. D:\\Unity\\Survaval\Assets\_MyAssets\Data\Skills\暴风雪伤害LV7.asset
### 简要总结

该文件定义了Unity游戏对象“暴风雪伤害LV7”的脚本配置，包含125点伤害和未指定的特效/子弹。它允许搜索特定层级的目标，并能在碰撞时结束技能。

4. D:\\Unity\\Survaval\Assets\_MyAssets\Data\Items\暴风雪LV2.asset
该文件是Unity3D游戏资产“暴风雪LV2”的配置，描述了一个等级为2的武器物品。物品名为“暴风雪LV2”或“暴风雪等7级”，具有+2冰箭和+5伤害的属性。武器冷却时间为0.045秒，子弹数为5，装填1.5秒。此外，物品关联特定技能，并具备详细的外观和功能配置。

5. D:\\Unity\\Survaval\Assets\_MyAssets\Data\Skills\暴风雪LV2.asset
### 文本总结
该文件详细配置了Unity游戏对象“暴风雪LV2”的脚本，包括特效和子弹的引用，以及游戏行为设置。脚本定义了搜索目标、攻击范围、移动速度等关键参数，并处理了碰撞结束和技能调用逻辑。

6. D:\\Unity\\Survaval\Assets\_MyAssets\Data\Skills\暴风雪LV5.asset
### 简要总结

该文件是Unity3D游戏脚本，定义了名为“暴风雪LV5”的MonoBehaviour配置。脚本详细设置了对象属性、特效资源（如火特效和子弹），并配置了技能属性（如搜索目标、移动速度）、碰撞和结束条件。此外，还定义了特殊路径参数和技能值，以影响暴风雪LV5效果的表现。

7. D:\\Unity\\Survaval\Assets\_MyAssets\Data\Skills\暴风雪伤害LV8.asset
### 简要总结

该文件是Unity中名为“暴风雪伤害LV8”游戏对象的配置脚本。脚本设定了暴风雪伤害的属性，包括125点伤害值和特定伤害类型，并配置了视觉效果和子弹资产。此外，脚本还处理了游戏对象的碰撞结束逻辑，并可能触发额外技能。

8. D:\\Unity\\Survaval\Assets\_MyAssets\Data\Items\暴风雪LV1.asset
该文件描述了Unity游戏中的“暴风雪LV1”物品，一款1级冰箭技能，用于召唤天降冰箭攻击敌人。物品具有0.045秒的冷却时间，每次释放可发射3支冰箭，装填时间为1.5秒。技能无特殊声音或成就，且不涉及活动技能或解锁条件。


请注意，这些目录或文件可能不全都和你的任务目标相关，仅供参考。请你基于具体的文件内容概述，结合你的任务目标，认真思考分析后，优先选择最有可能与任务相关的目录或文件进行进一步的检查。
2024-11-03 04:36:34,450 - INFO Retriever 0 - 
2024-11-03 04:36:45,602 - INFO Retriever 0 - Agent主脑给出的回答为：{
    "deep_think": {
        "thoughts": "根据检索到的文件列表，我注意到有多个文件与“暴风雪”和“LV”相关，这表明这些文件可能包含了与暴风雪技能等级相关的配置信息。特别是文件名中包含“LV8”的文件，很可能就是我们需要修改的文件，因为它直接对应了暴风雪技能的8级。接下来，我将选择其中一个包含“LV8”的文件进行详细查看，以确认它是否包含了修改暴风雪技能8级数值所需的信息。"
    }
}
2024-11-03 04:36:45,711 - INFO Retriever 0 - 是否成功解析：True
2024-11-03 04:36:45,712 - INFO Retriever 0 - operation_type (__det_dir_action):
2024-11-03 04:36:45,713 - INFO Retriever 0 - deep_think
2024-11-03 04:36:45,714 - INFO Retriever 0 - 

——————————————————————————————————————————————————————————————————————————————————————————————————————————————————————————
2024-11-03 04:36:45,714 - INFO Retriever 0 - Assistant:
2024-11-03 04:36:45,724 - INFO Retriever 0 - {
    "deep_think": {
        "thoughts": "根据检索到的文件列表，我注意到有多个文件与“暴风雪”和“LV”相关，这表明这些文件可能包含了与暴风雪技能等级相关的配置信息。特别是文件名中包含“LV8”的文件，很可能就是我们需要修改的文件，因为它直接对应了暴风雪技能的8级。接下来，我将选择其中一个包含“LV8”的文件进行详细查看，以确认它是否包含了修改暴风雪技能8级数值所需的信息。"
    }
}
2024-11-03 04:36:45,724 - INFO Retriever 0 - dict_keys(['deep_think'])
2024-11-03 04:36:45,725 - INFO Retriever 0 - Agent主脑给出的行动：deep_think
参数：{'thoughts': '根据检索到的文件列表，我注意到有多个文件与“暴风雪”和“LV”相关，这表明这些文件可能包含了与暴风雪技能等级相关的配置信息。特别是文件名中包含“LV8”的文件，很可能就是我们需要修改的文件，因为它直接对应了暴风雪技能的8级。接下来，我将选择其中一个包含“LV8”的文件进行详细查看，以确认它是否包含了修改暴风雪技能8级数值所需的信息。', 'repeat_counter': 1, 'continue_think_counter': 1}
2024-11-03 04:36:45,725 - INFO Retriever 0 - Observer: 好的，请继续你的下一步行动或思考。
2024-11-03 04:36:45,727 - INFO Retriever 0 - 

————————————————————————————————————————————————————————————————
2024-11-03 04:36:45,728 - INFO Retriever 0 - 当前窗口总长度：11
2024-11-03 04:36:45,728 - INFO Retriever 0 - 当前更新窗口长度：2
2024-11-03 04:36:45,728 - INFO Retriever 0 - 当前更新窗口长度：2
2024-11-03 04:36:45,728 - INFO Retriever 0 - ————————————————————————————————————————————————————————————————


2024-11-03 04:36:48,854 - INFO Retriever 0 - Agent主脑给出的回答为：{
    "read_file": {
        "file_path": "D:/Unity/Survaval\\Assets/_MyAssets/Data/Skills/暴风雪伤害LV8.asset"
    }
}
2024-11-03 04:36:48,856 - INFO Retriever 0 - 是否成功解析：True
2024-11-03 04:36:48,856 - INFO Retriever 0 - operation_type (__det_dir_action):
2024-11-03 04:36:48,856 - INFO Retriever 0 - read_file
2024-11-03 04:36:48,856 - INFO Retriever 0 - 

——————————————————————————————————————————————————————————————————————————————————————————————————————————————————————————
2024-11-03 04:36:48,856 - INFO Retriever 0 - Assistant:
2024-11-03 04:36:48,856 - INFO Retriever 0 - {
    "read_file": {
        "file_path": "D:/Unity/Survaval\\Assets/_MyAssets/Data/Skills/暴风雪伤害LV8.asset"
    }
}
2024-11-03 04:36:48,857 - INFO Retriever 0 - dict_keys(['read_file'])
2024-11-03 04:36:48,857 - INFO Retriever 0 - Agent主脑给出的行动：read_file
参数：{'file_path': 'D:/Unity/Survaval\\Assets/_MyAssets/Data/Skills/暴风雪伤害LV8.asset', 'top_path': 'D:/Unity/Survaval\\Assets', 'return_file_sum': <bound method TreeGenerationAction.return_file_sum of <Action.tree_gen_action.TreeGenerationAction object at 0x0000012F7032ED90>>}
2024-11-03 04:36:48,865 - INFO Retriever 0 - Observer: 这是一个名为“Assets/_MyAssets/Data/Skills/暴风雪伤害LV8.asset”的文件，该文件里的内容为：
MonoBehaviour:
  m_ObjectHideFlags: 0
  m_CorrespondingSourceObject:
    fileID: 0
  m_PrefabInstance:
    fileID: 0
  m_PrefabAsset:
    fileID: 0
  m_GameObject:
    fileID: 0
  m_Enabled: 1
  m_EditorHideFlags: 0
  m_Script:
    fileID: 11500000
    guid: dcc4dcf6336b4891b29cc3d2649507dc
    type: 3
  m_Name: 暴风雪伤害LV8
  m_EditorClassIdentifier: None
  internalID: 2030376531
  fireVFX:
    m_AssetGUID: None
    m_SubObjectName: None
    m_SubObjectType: None
    m_EditorAssetChanged: 0
  bullet:
    m_AssetGUID: None
    m_SubObjectName: None
    m_SubObjectType: None
    m_EditorAssetChanged: 0
  sprite:
    fileID: 0
  effectedByExtraBulletCount: 0
  separateSkillValues: 0
  searchTarget: 1
  targetingLayer:
    Category00: 0
    Category01: 1
    Category02: 0
    Category03: 0
    Category04: 0
    Category05: 0
    Category06: 0
    Category07: 0
    Category08: 0
    Category09: 0
    Category10: 0
    Category11: 0
    Category12: 0
    Category13: 0
    Category14: 0
    Category15: 0
    Category16: 0
    Category17: 0
    Category18: 0
    Category19: 0
    Category20: 0
    Category21: 0
    Category22: 0
    Category23: 0
    Category24: 0
    Category25: 0
    Category26: 0
    Category27: 0
    Category28: 0
    Category29: 0
    Category30: 0
    Category31: 0
  preferringDistance: 0
  isLine: 0
  targetCounts:
    x: 0
    y: 3
  range: 1.5
  lineWidth: 0
  maxLife: 0
  moveSpeed: 0
  hasCollision: 0
  collisionMaxCount: 0
  callEndWhenCollide: 1
  skillValuesWhenCollide:
  subSkillsWhenCollide:
  hasInterval: 0
  interval: 0
  skillValuesWhenInterval:
  subSkillsWhenInterval:
  specialPath: 0
  specialPathValue1: 0
  specialPathValue2: 0
  specialPathAxis: 0
  hasEnds: 1
  skillValuesWhenEnd:
  subSkillsWhenEnd:
  skillValues:
  - valueType: 0
    damage: 125
    damageType: 4
    buff:
      fileID: 0
    vfxPath:
      m_AssetGUID: None
      m_SubObjectName: None
      m_SubObjectType: None
      m_EditorAssetChanged: 0
  subSkills:
2024-11-03 04:36:48,868 - INFO Retriever 0 - 

————————————————————————————————————————————————————————————————
2024-11-03 04:36:48,869 - INFO Retriever 0 - 当前窗口总长度：13
2024-11-03 04:36:48,869 - INFO Retriever 0 - 当前更新窗口长度：4
2024-11-03 04:36:48,869 - INFO Retriever 0 - 当前更新窗口长度：4
2024-11-03 04:36:48,869 - INFO Retriever 0 - ————————————————————————————————————————————————————————————————


2024-11-03 04:36:56,258 - INFO Retriever 0 - Agent主脑给出的回答为：{
    "deep_think": {
        "thoughts": "根据读取到的文件内容，我找到了名为“暴风雪伤害LV8”的文件，其中包含了暴风雪技能8级的配置信息。文件中定义了暴风雪技能的属性，包括伤害值（125点）和伤害类型（类型4）。这些信息与任务描述中提到的修改暴风雪技能8级数值相符合。因此，我可以确定，修改暴风雪技能8级数值应该修改这个文件。\n\n接下来，我将给出完成任务的需求确认信息。"
    }
}
2024-11-03 04:36:56,258 - INFO Retriever 0 - 是否成功解析：True
2024-11-03 04:36:56,258 - INFO Retriever 0 - operation_type (__det_dir_action):
2024-11-03 04:36:56,260 - INFO Retriever 0 - deep_think
2024-11-03 04:36:56,260 - INFO Retriever 0 - 

——————————————————————————————————————————————————————————————————————————————————————————————————————————————————————————
2024-11-03 04:36:56,260 - INFO Retriever 0 - Assistant:
2024-11-03 04:36:56,260 - INFO Retriever 0 - {
    "deep_think": {
        "thoughts": "根据读取到的文件内容，我找到了名为“暴风雪伤害LV8”的文件，其中包含了暴风雪技能8级的配置信息。文件中定义了暴风雪技能的属性，包括伤害值（125点）和伤害类型（类型4）。这些信息与任务描述中提到的修改暴风雪技能8级数值相符合。因此，我可以确定，修改暴风雪技能8级数值应该修改这个文件。\n\n接下来，我将给出完成任务的需求确认信息。"
    }
}
2024-11-03 04:36:56,260 - INFO Retriever 0 - dict_keys(['deep_think'])
2024-11-03 04:36:56,261 - INFO Retriever 0 - Agent主脑给出的行动：deep_think
参数：{'thoughts': '根据读取到的文件内容，我找到了名为“暴风雪伤害LV8”的文件，其中包含了暴风雪技能8级的配置信息。文件中定义了暴风雪技能的属性，包括伤害值（125点）和伤害类型（类型4）。这些信息与任务描述中提到的修改暴风雪技能8级数值相符合。因此，我可以确定，修改暴风雪技能8级数值应该修改这个文件。\n\n接下来，我将给出完成任务的需求确认信息。', 'repeat_counter': 1, 'continue_think_counter': 1}
2024-11-03 04:36:56,261 - INFO Retriever 0 - Observer: 好的，请继续你的下一步行动或思考。
2024-11-03 04:36:56,262 - INFO Retriever 0 - 

————————————————————————————————————————————————————————————————
2024-11-03 04:36:56,262 - INFO Retriever 0 - 当前窗口总长度：15
2024-11-03 04:36:56,262 - INFO Retriever 0 - 当前更新窗口长度：6
2024-11-03 04:36:56,262 - INFO Retriever 0 - 当前更新窗口长度：6
2024-11-03 04:36:56,263 - INFO Retriever 0 - ————————————————————————————————————————————————————————————————


2024-11-03 04:37:00,442 - INFO Retriever 0 - Agent主脑给出的回答为：```json
{"finish": "我已完成你所给出的任务需求，请你进行确认"}
```
2024-11-03 04:37:00,442 - INFO Retriever 0 - 是否成功解析：True
2024-11-03 04:37:00,443 - INFO Retriever 0 - operation_type (__det_dir_action):
2024-11-03 04:37:00,443 - INFO Retriever 0 - finish
2024-11-03 04:37:00,443 - INFO Retriever 0 - 

——————————————————————————————————————————————————————————————————————————————————————————————————————————————————————————
2024-11-03 04:37:00,444 - INFO Retriever 0 - Assistant:
2024-11-03 04:37:00,444 - INFO Retriever 0 - {"finish": "我已完成你所给出的任务需求，请你进行确认"}
2024-11-03 04:37:00,444 - INFO Retriever 0 - dict_keys(['finish'])
2024-11-03 04:37:00,444 - INFO Retriever 0 - ——————————————————————————————————— 任务结束 ———————————————————————————————————
2024-11-03 04:37:00,444 - INFO Retriever 0 - 

————————————————————————————————————————————————————————————————
2024-11-03 04:37:00,446 - INFO Retriever 0 - 当前窗口总长度：15
2024-11-03 04:37:00,446 - INFO Retriever 0 - 当前更新窗口长度：6
2024-11-03 04:37:00,446 - INFO Retriever 0 - 当前更新窗口长度：6
2024-11-03 04:37:00,446 - INFO Retriever 0 - ————————————————————————————————————————————————————————————————


2024-11-03 04:38:44,944 - INFO Retriever 0 - -------------------------Task Report-----------------------
2024-11-03 04:38:44,945 - INFO Retriever 0 - * 文件一：
    * 文件绝对路径：D:/Unity/Survaval\Assets/_MyAssets/Data/Skills/暴风雪伤害LV8.asset
    * 文件内容概述：该文件定义了Unity游戏对象“暴风雪伤害LV8”的脚本配置，包含125点伤害和未指定的特效/子弹。它允许搜索特定层级的目标，并能在碰撞时结束技能。
    * 该文件与问题目标之间的关联性：文件名直接包含了“LV8”，表明它对应于暴风雪技能的8级，因此很可能包含了修改暴风雪技能8级数值所需的信息。

* 文件二：
    * 文件绝对路径：D:/Unity/Survaval\Assets/_MyAssets/Data/Items/暴风雪LV2.asset
    * 文件内容概述：该文件是Unity3D游戏资产“暴风雪LV2”的配置，描述了一个等级为2的武器物品。物品名为“暴风雪LV2”或“暴风雪等7级”，具有+2冰箭和+5伤害的属性。武器冷却时间为0.045秒，子弹数为5，装填1.5秒。此外，物品关联特定技能，并具备详细的外观和功能配置。
    * 该文件与问题目标之间的关联性：虽然文件名包含“LV2”，但它描述的是一个武器物品，而非技能本身，因此与问题目标关联性较低。

* 文件三：
    * 文件绝对路径：D:/Unity/Survaval\Assets/_MyAssets/Data/Skills/暴风雪伤害LV6.asset
    * 文件内容概述：该文件是Unity游戏脚本配置，定义了名为“暴风雪伤害LV6”的游戏效果。脚本配置了暴风雪的攻击范围、伤害值（75点），并指定了影响目标层。暴风雪在碰撞时结束，并具有特定的伤害效果。
    * 该文件与问题目标之间的关联性：文件名包含“LV6”，表明它对应于暴风雪技能的6级，与问题目标中的8级不直接相关，因此关联性较低。

* 文件四：
    * 文件绝对路径：D:/Unity/Survaval\Assets/_MyAssets/Data/Skills/暴风雪伤害LV2.asset
    * 文件内容概述：该文件详细配置了Unity游戏对象“暴风雪伤害LV2”的脚本，包括特效和子弹的引用，以及游戏行为设置。脚本定义了搜索目标、攻击范围、移动速度等关键参数，并处理了碰撞结束和技能调用逻辑。
    * 该文件与问题目标之间的关联性：文件名包含“LV2”，表明它对应于暴风雪技能的2级，与问题目标中的8级不直接相关，因此关联性较低。

* 文件五：
    * 文件绝对路径：D:/Unity/Survaval\Assets/_MyAssets/Data/Skills/暴风雪伤害LV7.asset
    * 文件内容概述：该文件定义了Unity游戏对象“暴风雪伤害LV7”的脚本配置，包含125点伤害和未指定的特效/子弹。它允许搜索特定层级的目标，并能在碰撞时结束技能。
    * 该文件与问题目标之间的关联性：文件名包含“LV7”，表明它对应于暴风雪技能的7级，与问题目标中的8级不直接相关，因此关联性较低。

* 文件六：
    * 文件绝对路径：D:/Unity/Survaval\Assets/_MyAssets/Data/Skills/暴风雪LV2.asset
    * 文件内容概述：该文件详细配置了Unity游戏对象“暴风雪LV2”的脚本，包括特效和子弹的引用，以及游戏行为设置。脚本定义了搜索目标、攻击范围、移动速度等关键参数，并处理了碰撞结束和技能调用逻辑。
    * 该文件与问题目标之间的关联性：文件名包含“LV2”，表明它对应于暴风雪技能的2级，与问题目标中的8级不直接相关，因此关联性较低。

* 文件七：
    * 文件绝对路径：D:/Unity/Survaval\Assets/_MyAssets/Data/Skills/暴风雪LV5.asset
    * 文件内容概述：该文件是Unity3D游戏脚本，定义了名为“暴风雪LV5”的MonoBehaviour配置。脚本详细设置了对象属性、特效资源（如火特效和子弹），并配置了技能属性（如搜索目标、移动速度）、碰撞和结束条件。此外，还定义了特殊路径参数和技能值，以影响暴风雪LV5效果的表现。
    * 该文件与问题目标之间的关联性：文件名包含“LV5”，表明它对应于暴风雪技能的5级，与问题目标中的8级不直接相关，因此关联性较低。

* 文件八：
    * 文件绝对路径：D:/Unity/Survaval\Assets/_MyAssets/Data/Items/暴风雪LV1.asset
    * 文件内容概述：该文件描述了Unity游戏中的“暴风雪LV1”物品，一款1级冰箭技能，用于召唤天降冰箭攻击敌人。物品具有0.045秒的冷却时间，每次释放可发射3支冰箭，装填时间为1.5秒。技能无特殊声音或成就，且不涉及活动技能或解锁条件。
    * 该文件与问题目标之间的关联性：文件名包含“LV1”，表明它对应于暴风雪技能的1级，与问题目标中的8级不直接相关，因此关联性较低。

根据以上报告，我们可以确定，修改暴风雪技能8级数值应该修改文件“D:/Unity/Survaval\Assets/_MyAssets/Data/Skills/暴风雪伤害LV8.asset”。
2024-11-03 04:38:44,946 - INFO Retriever 0 - 
Token Consuming:35188

2024-11-03 04:38:44,946 - INFO Retriever 0 - 
history rounds:8

