2024-10-09 00:11:32,050 - INFO Retriever 0 - Init Retriever.
2024-10-09 00:11:43,943 - INFO Retriever 0 - keywords:“suffer”，“harm”，“injure”，“attack”，“receive”，“assault”，“玩家”，“攻击”，“player”，“伤害”，“受到”，“monster”，“怪物”
2024-10-09 00:11:43,944 - INFO Retriever 0 - deep_think_conent
:在获取了项目文件的顶层结构后，我还需要结合待查询的问题描述，对于项目中的文件和目录进行一些深度关键词检索。根据任务描述：“请在D:\Unity\open-project-1-main\UOP1_Project\Assets下各级目录中寻找：玩家受到怪物攻击伤害的逻辑是在什么地方？”，我总结出如下可能会出现在各个文件名或者文件内容中的关键词：“suffer”，“harm”，“injure”，“attack”，“receive”，“assault”，“玩家”，“攻击”，“player”，“伤害”，“受到”，“monster”，“怪物”。
接下来，我将使用retrieve_keywords操作，在项目顶层路径“D:\Unity\open-project-1-main\UOP1_Project\Assets”下检索这些关键词，从而大致把握可能与问题描述相关的文件或目录的路径。
2024-10-09 00:11:43,948 - INFO Retriever 0 - ——————————————————————————————————————————————————————————————————————————————————————————————————————————————————————————
2024-10-09 00:11:43,949 - INFO Retriever 0 - Assistant:
2024-10-09 00:11:43,949 - INFO Retriever 0 - {
    "deep_think": {
        "thoughts": "好的，接下来我将通过深度思考、仔细计划以及逐步执行的方式，来完成该任务。\n\n首先，在阅读详细的代码细节之前，应该先整体把握整个项目。\n\n在提供的可选的action中，可以通过get_folder_info操作，通过将项目顶层路径作为target_folder_path参数进行传入，来获取获取项目中主要文件夹和主要文件的描述，从而能够先大致把握项目文件的主要文件的文件树结构、基本内容、主要代码概述以及大致功能板块的分布。"
    }
}
2024-10-09 00:11:43,949 - INFO Retriever 0 - 
Observer:
2024-10-09 00:11:43,950 - INFO Retriever 0 - 好的，请继续你的下一步行动或思考。
2024-10-09 00:11:43,950 - INFO Retriever 0 - 
2024-10-09 00:11:44,001 - INFO Retriever 0 - ——————————————————————————————————————————————————————————————————————————————————————————————————————————————————————————
2024-10-09 00:11:44,003 - INFO Retriever 0 - Assistant:
2024-10-09 00:11:44,003 - INFO Retriever 0 - {
    "get_folder_info": {
        "target_folder_path": "D:\\Unity\\open-project-1-main\\UOP1_Project\\Assets"
    }
}
2024-10-09 00:11:44,003 - INFO Retriever 0 - 
Observer:
2024-10-09 00:11:44,003 - INFO Retriever 0 - 目标文件夹路径：D:\Unity\open-project-1-main\UOP1_Project\Assets
文件结构树（该结构树可能不完整，仅返回深度小于等于1层的子文件以及文件夹）：
├── .DS_Store
├── Addons
│   ├── DOTween
│   ├── TextMeshPro
├── AddressableAssetsData
│   ├── AddressableAssetSettings.asset
│   ├── AssetGroupTemplates
│   ├── AssetGroups
│   ├── DataBuilders
│   ├── DefaultObject.asset
│   ├── Windows
├── Art
│   ├── Accessories
│   ├── Characters
│   ...
│   ├── UI
├── Audio
│   ├── Music
│   ├── SFX
├── Cutscenes
│   ├── AudioTests.playable
│   ├── BeachCandyCutscene.playable
│   ...
│   ├── TownCutscene.playable
├── LocalizationFiles
│   ├── .DS_Store
│   ├── AssetTables
│   ├── GoogleSheetService_ChopChop.asset
│   ├── Locales
│   ├── LocalizationSettings.asset
├── Prefabs
│   ├── Accessories
│   ├── Audio
│   ...
│   ├── _SceneChunks
├── ProBuilder Data
│   ├── Default Color Palette.asset
│   ├── Default Material Palette.asset
├── Scenes
│   ├── Examples
│   ├── Locations
│   ├── Managers
│   ├── Menus
│   ├── WIP
│   ├── Whiteboxing
├── ScriptableObjects
│   ├── Audio
│   ├── Configs
│   ...
│   ├── StateMachine
├── Scripts
│   ├── Animation
│   ├── Audio
│   ...
│   ├── UI
├── Settings
│   ├── Audio
│   ├── Graphics
│   ├── Input
│   ├── LightBakingSettings
│   ├── Presets
├── Shaders
│   ├── AggroEffect.shadergraph
│   ├── CustomHLSL
│   ...
│   ├── Water_Sea.shadergraph
├── TextData
│   ├── ContributorsList.txt
├── Tutorials
│   ├── Icons
│   ├── Images
│   ├── TutorialProjectSettings.asset
│   ├── TutorialWelcomePage.asset
│   ├── Tutorials.asset
├── WIP
│   ├── Materials
│   ├── Prefabs
│   ├── SourceFiles
│   ├── Textures


其中，部分主要文件及文件夹的信息如下：
1. Assets
# 路径:D:/Unity/open-project-1-main/UOP1_Project\Assets
# 内容概述:“Assets”文件夹汇集了Unity游戏开发所需的多种资源，包括动画、文本处理、音频、艺术资产、场景和脚本等。其中，“Addons”子文件夹提供了DOTween和TextMeshPro等插件，分别用于动画和文本渲染；“AddressableAssetsData”则专注于资源管理和配置；“Art”包含3D模型、动画和视觉效果等创意资源；“Audio”提供背景音乐和声音效果；“Cutscenes”包含剧情相关文件；“LocalizationFiles”支持多语言本地化；“Prefabs”提供可复用的游戏对象；“Scenes”涉及场景设计和导航；“ScriptableObjects”存储游戏配置；“Scripts”包含脚本文件；“Settings”管理音频、图形和输入设置；“Shaders”提供自定义着色器；“TextData”记录项目贡献者；“Tutorials”提供开发指导；“WIP”存放开发中的资源。整体上，这些文件夹和文件协同工作，构成了一个完整且功能丰富的游戏开发环境。

2. Addons
# 路径:D:/Unity/open-project-1-main/UOP1_Project\Assets\Addons
# 内容概述:“Addons”文件夹汇集了两个Unity插件：DOTween和TextMeshPro。DOTween提供全面的动画和缓动解决方案，包含编辑器工具和模块化脚本，旨在增强Unity中的动画效果。TextMeshPro则专注于文本渲染和视觉效果，提供丰富的字体资源、样式表和表情符号，以丰富游戏中的文本显示。两个插件均附有详细的使用说明和许可协议，旨在为Unity开发者提供高效的内容创作工具。

3. AddressableAssetsData
# 路径:D:/Unity/open-project-1-main/UOP1_Project\Assets\AddressableAssetsData
# 内容概述:### 简化版文件夹内容总结

“AddressableAssetsData”文件夹是Unity游戏开发的核心资源管理区域，汇集了资源打包模板、详细配置文件、脚本组件以及操作系统相关状态文件。它包括资源管理模板（AssetGroupTemplates）、资源与场景管理配置（AssetGroups）、脚本配置（DataBuilders）、操作系统资源状态文件（Windows和OSX），以及可寻址资源设置（AddressableAssetSettings.asset）和默认对象配置（DefaultObject.asset）。这些文件和文件夹协同工作，确保了游戏资源的有效管理和优化。

4. Art
# 路径:D:/Unity/open-project-1-main/UOP1_Project\Assets\Art
# 内容概述:“Art”文件夹汇集了丰富多样的创意资源，包括3D模型、动画、字体、视觉效果和用户界面设计等，适用于游戏开发、动画制作和视觉设计。其中，**Accessories** 和 **Characters** 提供了丰富的角色和道具模型，**Effects** 包含了用于特效制作的资源，**Font** 提供了字体设计和智能合约代码，**Items** 和 **Nature** 则专注于游戏和动画中的物品和自然景观设计。此外，**Materials**、**Skybox**、**Textures** 和 **UI** 分别提供了材质、环境纹理、用户界面元素等，共同构成了一个全面的艺术资源库。

5. Audio
# 路径:D:/Unity/open-project-1-main/UOP1_Project\Assets\Audio
# 内容概述:“Audio”文件夹汇集了音乐与声音效果两大类资源。其中，“Music”子文件夹专注于为游戏或多媒体项目中的不同场景提供定制背景音乐，包括海滩、森林、城镇等，以及一系列主题音乐和暂停菜单音乐。而“SFX”子文件夹则包含了丰富的声音效果，涵盖角色动作、厨房环境以及界面交互等，旨在增强多媒体项目的沉浸感和互动性。这两个子文件夹的资源相互配合，共同构建了项目的音频环境。

6. Cutscenes
# 路径:D:/Unity/open-project-1-main/UOP1_Project\Assets\Cutscenes
# 内容概述:### 文件夹内容总结

“Cutscenes”文件夹汇集了多种游戏剧情相关的可播放文件，包括海滩、镇子等场景的剧情片段，如开场、游戏结束等。这些文件与“Signals”文件夹中的信号文件协同工作，共同构建游戏的故事情节和动态事件。

7. LocalizationFiles
# 路径:D:/Unity/open-project-1-main/UOP1_Project\Assets\LocalizationFiles
# 内容概述:### 文件夹内容总结

“LocalizationFiles”文件夹汇集了Unity游戏开发所需的本地化资源和配置文件。其中，.DS_Store文件负责Mac系统文件夹个性化设置，而“Locales”子文件夹内包含多语言本地化资产，如英文、法语和意大利语设置。此外，GoogleSheetService_ChopChop.asset脚本组件用于与Google Sheets服务集成，而LocalizationSettings.asset则定义了游戏的本地化设置和格式化规则，确保游戏在不同语言环境下的正确显示。这些文件共同支撑起游戏的多语言功能和数据管理。

8. Prefabs
# 路径:D:/Unity/open-project-1-main/UOP1_Project\Assets\Prefabs
# 内容概述:“Prefabs”文件夹汇集了多样化的预制资源，专为游戏和虚拟现实项目设计。它包含角色装饰、音频管理、NPC与场景构建、动画场景、可收集物品、编辑器工具、视觉效果、食物与家具模型、UI界面、独特场景元素等预制件，旨在加速游戏开发流程，丰富游戏世界和角色设定，同时确保视觉和交互体验的丰富性。

9. ProBuilder Data
# 路径:D:/Unity/open-project-1-main/UOP1_Project\Assets\ProBuilder Data
# 内容概述:“ProBuilder Data”文件夹汇集了两个Unity游戏引擎相关资产文件：一个是“Default Color Palette.asset”，定义了15种默认颜色调色板，供游戏界面和视觉效果使用；另一个是“Default Material Palette.asset”，包含一个Unity材质调色板脚本组件，可能用于存储和应用颜色配置。这两个文件共同服务于游戏视觉设计。

10. Scenes
# 路径:D:/Unity/open-project-1-main/UOP1_Project\Assets\Scenes
# 内容概述:“Scenes”文件夹是Unity游戏开发的核心资源库，汇集了多样化的场景设计元素。其中，“Examples”展示了场景导航网络示例，“Locations”提供了多种场景的光照、反射和导航数据，“Menus”则专注于游戏菜单的光照效果。此外，“WIP”包含正在开发中的场景照明和导航设置，而“Whiteboxing”则涵盖了城镇景观和地图构建资源。整体上，这些文件夹相互关联，共同构建了游戏世界的视觉和功能框架。遗憾的是，“Managers”文件夹的具体内容尚未明确，其关联性分析有待进一步信息。

11. ScriptableObjects
# 路径:D:/Unity/open-project-1-main/UOP1_Project\Assets\ScriptableObjects
# 内容概述:“ScriptableObjects”文件夹是Unity游戏项目的核心配置中心，汇集了音频、游戏机制、对话、事件通道、游戏状态、输入管理、交互、库存、物品类型、路径、任务、运行时锚点、保存系统、场景数据和状态机等关键组件的配置文件。这些文件相互关联，共同支撑起游戏的基本机制和玩家体验，确保了从音效到游戏逻辑的每一部分都能无缝协作，为玩家提供连贯且丰富的游戏体验。

12. Scripts
# 路径:D:/Unity/open-project-1-main/UOP1_Project\Assets\Scripts
# 内容概述:“Scripts”文件夹是Unity游戏开发的核心，汇集了动画控制、音频管理、角色行为、摄像机操作、场景管理等关键脚本，旨在构建流畅的游戏体验。它还包含了对话系统、库存管理、用户界面、输入处理、交互逻辑等脚本，确保游戏交互丰富且直观。此外，文件夹内还涵盖了保存系统、状态机、系统设置、本地化工具以及编辑器辅助工具，以支持高效的游戏开发和资源管理。这些脚本相互协作，共同构成了一个功能全面、结构清晰的游戏开发框架。

13. Settings
# 路径:D:/Unity/open-project-1-main/UOP1_Project\Assets\Settings
# 内容概述:“Settings”文件夹汇集了游戏开发的关键配置文件，包括音频混合器设置、图形渲染和视觉效果配置、输入系统定义、光照烘焙参数以及预设导入设置。这些子文件夹（Audio、Graphics、Input、LightBakingSettings、Presets）分别针对音频处理、视觉效果、玩家交互、光照效果优化和文件导入优化，确保游戏在音效、视觉、操作和性能上的高质量体验。

14. Shaders
# 路径:D:/Unity/open-project-1-main/UOP1_Project\Assets\Shaders
# 内容概述:“Shaders”文件夹汇集了多种图形渲染和视觉效果资源，包括自定义着色器代码（如CustomHLSL中的自定义光照效果）、调试工具（如Debug文件夹中的顶点着色器调试）、以及一系列子图文件（如SubGraphs中的多种视觉效果子图）。此外，Unused文件夹包含了未使用的Unity项目资源，如自定义渲染脚本、水效果和ShaderGraph编辑文件。这些资源共同服务于图形渲染和视觉效果的开发，适用于游戏和视觉效果制作。

15. TextData
# 路径:D:/Unity/open-project-1-main/UOP1_Project\Assets\TextData
# 内容概述:“TextData”文件夹专注于存储项目贡献者信息，其中包含一个名为“ContributorsList.txt”的文件，记录了项目开发者和艺术家的名单及其角色。

16. Tutorials
# 路径:D:/Unity/open-project-1-main/UOP1_Project\Assets\Tutorials
# 内容概述:“Tutorials”文件夹汇集了Unity游戏开发的丰富资源，包括图标和图像设计文件，用于界面视觉元素。其中，**TutorialProjectSettings.asset** 配置了教程项目的初始场景和相机设置，而**TutorialWelcomePage.asset** 则创建了项目欢迎页面，介绍“Chop Chop”游戏并引导用户。此外，**Tutorials.asset** 提供了教程页面的详细配置，涵盖项目资源获取、讨论论坛、开发日志等，为开发者提供了全面的学习和参与途径。这些文件共同构成了一个完整的教学和资源支持体系，旨在辅助开发者深入学习和实践Unity游戏开发。

17. WIP
# 路径:D:/Unity/open-project-1-main/UOP1_Project\Assets\WIP
# 内容概述:“WIP”文件夹汇集了游戏开发所需的多媒体资源，包括用于场景设计的材质（如草地、天空盒等），预制体组件（如菜单、物体），以及图像素材和纹理（如国旗、地图纹理）。这些资源相互关联，共同构成了游戏世界的视觉和交互基础。

18. .DS_Store
# 路径:D:/Unity/open-project-1-main/UOP1_Project\Assets\.DS_Store
# 内容概述:这是一个名为“.DS_Store”的文件。


2024-10-09 00:11:44,006 - INFO Retriever 0 - 
2024-10-09 00:11:44,006 - INFO Retriever 0 - ——————————————————————————————————————————————————————————————————————————————————————————————————————————————————————————
2024-10-09 00:11:44,007 - INFO Retriever 0 - Assistant:
2024-10-09 00:11:44,007 - INFO Retriever 0 - {
    "deep_think": {
        "thoughts": "在获取了项目文件的顶层结构后，我还需要结合待查询的问题描述，对于项目中的文件和目录进行一些深度关键词检索。根据任务描述：“请在D:\\Unity\\open-project-1-main\\UOP1_Project\\Assets下各级目录中寻找：玩家受到怪物攻击伤害的逻辑是在什么地方？”，我总结出如下可能会出现在各个文件名或者文件内容中的关键词：“suffer”，“harm”，“injure”，“attack”，“receive”，“assault”，“玩家”，“攻击”，“player”，“伤害”，“受到”，“monster”，“怪物”。\n接下来，我将使用retrieve_keywords操作，在项目顶层路径“D:\\Unity\\open-project-1-main\\UOP1_Project\\Assets”下检索这些关键词，从而大致把握可能与问题描述相关的文件或目录的路径。"
    }
}
2024-10-09 00:11:44,007 - INFO Retriever 0 - 
Observer:
2024-10-09 00:11:44,008 - INFO Retriever 0 - 好的，请继续你的下一步行动或思考。
2024-10-09 00:11:44,008 - INFO Retriever 0 - 
2024-10-09 00:11:50,149 - INFO Retriever 0 - ——————————————————————————————————————————————————————————————————————————————————————————————————————————————————————————
2024-10-09 00:11:50,150 - INFO Retriever 0 - Assistant:
2024-10-09 00:11:50,150 - INFO Retriever 0 - {
    "retrieve_keywords": {
        "top_path": "D:\\Unity\\open-project-1-main\\UOP1_Project\\Assets",
        "key_word_list": [
            "suffer",
            "harm",
            "injure",
            "attack",
            "receive",
            "assault",
            "玩家",
            "攻击",
            "player",
            "伤害",
            "受到",
            "monster",
            "怪物"
        ]
    }
}
2024-10-09 00:11:50,150 - INFO Retriever 0 - 
Observer:
2024-10-09 00:11:50,150 - INFO Retriever 0 - 根据你提供的关键词，我检索到以下目录或文件，它们的绝对路径如下：
1. D:\Unity\open-project-1-main\UOP1_Project\Assets\Scripts\Characters
“Characters”文件夹汇集了Unity游戏开发中角色相关的脚本资源，包括角色配置（如攻击、奖励、效果和NPC移动）、状态机逻辑、音频处理以及角色行为控制。文件夹内分为多个子目录，如Config存储角色配置脚本，StateMachine包含构建游戏逻辑的脚本，Audio则专注于角色音效。此外，Attack、Attacker、Critter等脚本负责角色具体行为，而NPC、Protagonist等则涉及角色状态和交互。整体上，这些脚本相互协作，共同构成了游戏中的角色系统。

2. D:\Unity\open-project-1-main\UOP1_Project\Assets\Scripts\Input
## 文件夹内容精简总结
该“Input”文件夹汇集了游戏输入管理脚本，包含`GameInput.cs`和`InputReader.cs`两个关键文件。`GameInput.cs`定义了`@GameInput`类，负责处理游戏输入，包括玩法、菜单、对话和作弊等模块，并实现了资源管理。`InputReader.cs`则继承自`DescriptionBaseSO`，实现了对游戏输入事件的管理，如跳跃、攻击等，并通过事件和回调函数将输入事件传递给相应系统。两者协同工作，确保游戏输入的模块化和高效处理。

3. D:\Unity\open-project-1-main\UOP1_Project\Assets\Scripts\Gameplay
## 文件夹内容精简总结
“Gameplay”文件夹汇集了Unity游戏开发的核心脚本，包括`GameManager.cs`用于管理游戏状态和事件，`GameStateSO.cs`负责跟踪和管理游戏状态变化，以及`SpawnSystem.cs`负责玩家的生成逻辑。这些脚本相互协作，共同构成了游戏的核心功能框架。

4. D:\Unity\open-project-1-main\UOP1_Project\Assets\ScriptableObjects\StateMachine\Protagonist\Actions
“Actions”文件夹汇集了Unity游戏开发所需的多种脚本资源，包括用于动画状态控制的AnimatorParameters、角色移动逻辑的MovementVector、粒子效果的Particles、声音效果的SFX，以及交互和视觉效果的脚本如ClearInputCache_OnEnter、DestroyPlayer、GetHitFlashingEffect、ResetGetHitState、RespawnPlayer和ShakeCam。这些资源协同工作，为游戏角色动作、视觉效果和交互体验提供全面支持。

5. D:\Unity\open-project-1-main\UOP1_Project\Assets\ScriptableObjects\Configs\Attacks
### 文件夹内容精简总结
“Attacks”文件夹汇集了三个Unity游戏脚本配置文件，分别针对基础攻击、精英攻击和猪厨师攻击。这些文件以YAML格式定义了各自的攻击属性，包括攻击强度和重装/装填时间，共同构成了游戏中的攻击行为逻辑。

6. D:\Unity\open-project-1-main\UOP1_Project\Assets\ScriptableObjects\StateMachine\Protagonist\States
### 文件夹内容总结
“States”文件夹汇集了多个Unity游戏脚本配置文件，涵盖角色状态和行为管理，如死亡、击中、空闲、攻击、跳跃、滑动、拾取等。这些脚本共同构成了游戏角色复杂的行为逻辑，例如`Dying.asset`处理死亡逻辑，`GettingHit.asset`与`WalkAttacking.asset`协同管理击中和攻击行为，而`Idle.asset`和`Walking.asset`则分别负责空闲和移动状态。文件夹内的脚本通过Unity的MonoBehaviour系统相互配合，确保游戏角色在各种情境下表现自然。

7. D:\Unity\open-project-1-main\UOP1_Project\Assets\Scripts\Cutscenes
“Cutscenes”文件夹汇集了Unity游戏开发中用于管理和控制场景播放的脚本。它包含对话控制脚本，如`DialogueBehaviour`、`DialogueClip`和`DialogueTrack`，负责对话的显示和播放；音频配置脚本`CutsceneAudioConfigSetter`，用于调整场景中的音量；场景管理脚本`CutsceneManager`，负责场景的播放、暂停和对话显示；场景加载脚本`CutsceneSceneLoader`，用于加载特定场景；触发脚本`CutsceneTrigger`，用于触发场景播放；以及时间轴绑定脚本`TimelineBinder`，确保游戏对象与时间轴同步。这些脚本相互协作，共同构建了游戏中的场景系统。

8. D:\Unity\open-project-1-main\UOP1_Project\Assets\Scripts\SceneManagement
“SceneManagement”文件夹汇集了Unity游戏开发的核心脚本，旨在高效管理游戏场景与设置。其中，ScriptableObjects子文件夹封装了游戏场景、位置、菜单等数据，通过继承基类实现通用场景管理功能。FallCatcher、InitializationLoader、LocationEntrance、LocationExit等脚本分别处理玩家碰撞、游戏初始化、位置入口与出口逻辑。SceneLoader负责场景的异步加载与卸载，而StartGame则管理游戏开始流程，包括新游戏和继续游戏选项。整体上，这些脚本协同工作，确保游戏场景的流畅切换和玩家交互的顺畅进行。

9. D:\Unity\open-project-1-main\UOP1_Project\Assets\AddressableAssetsData
### 简化版文件夹内容总结
“AddressableAssetsData”文件夹是Unity游戏开发的核心资源管理区域，汇集了资源打包模板、详细配置文件、脚本组件以及操作系统相关状态文件。它包括资源管理模板（AssetGroupTemplates）、资源与场景管理配置（AssetGroups）、脚本配置（DataBuilders）、操作系统资源状态文件（Windows和OSX），以及可寻址资源设置（AddressableAssetSettings.asset）和默认对象配置（DefaultObject.asset）。这些文件和文件夹协同工作，确保了游戏资源的有效管理和优化。

10. D:\Unity\open-project-1-main\UOP1_Project\Assets\Scripts\Audio
“Audio”文件夹汇集了Unity游戏音频开发的关键脚本，包括音频配置管理（如`AudioConfigurationSO.cs`）、音频剪辑播放控制（`AudioCueSO.cs`）、以及音频效果的管理和播放（`SoundEmitters`子文件夹）。其中，`AudioManager.cs`负责全面音频控制，而`MusicPlayer.cs`专注于音乐播放。此外，`AudioConfigApplier.cs`确保音频配置的即时应用，`AudioCue.cs`和`AudioCueOnTriggerEnter.cs`则处理音频事件和触发器逻辑，而`OrientListener.cs`则同步游戏对象与相机方向。这些脚本协同工作，为游戏提供丰富且高效的音频体验。

请注意，这些目录或文件可能不全都和你的任务目标相关，仅供参考。请你基于具体的文件内容概述，结合你的任务目标，认真思考分析后，优先选择最有可能与任务相关的目录或文件进行进一步的检查。
2024-10-09 00:11:50,151 - INFO Retriever 0 - 
2024-10-09 00:11:52,779 - INFO Retriever 0 - Agent主脑给出的回答为：{
    "deep_think": {
        "thoughts": "根据检索结果，我找到了一些可能与玩家受到怪物攻击伤害逻辑相关的文件和目录，包括Characters、Input、Gameplay、ScriptableObjects/StateMachine/Protagonist/Actions、ScriptableObjects/Configs/Attacks、ScriptableObjects/StateMachine/Protagonist/States、Cutscenes、SceneManagement、AddressableAssetsData和Audio。由于问题涉及到攻击和伤害，我推测与角色行为、攻击配置、状态机以及音频处理相关的文件可能包含所需逻辑。\n接下来，我将优先检查Characters和Gameplay目录下的文件，因为这些目录通常包含与角色行为和游戏逻辑相关的脚本。"
    }
}
2024-10-09 00:11:52,779 - INFO Retriever 0 - 是否成功解析：True
2024-10-09 00:11:52,779 - INFO Retriever 0 - operation_type (__det_dir_action):
2024-10-09 00:11:52,781 - INFO Retriever 0 - deep_think
2024-10-09 00:11:52,781 - INFO Retriever 0 - 

——————————————————————————————————————————————————————————————————————————————————————————————————————————————————————————
2024-10-09 00:11:52,781 - INFO Retriever 0 - Assistant:
2024-10-09 00:11:52,782 - INFO Retriever 0 - {
    "deep_think": {
        "thoughts": "根据检索结果，我找到了一些可能与玩家受到怪物攻击伤害逻辑相关的文件和目录，包括Characters、Input、Gameplay、ScriptableObjects/StateMachine/Protagonist/Actions、ScriptableObjects/Configs/Attacks、ScriptableObjects/StateMachine/Protagonist/States、Cutscenes、SceneManagement、AddressableAssetsData和Audio。由于问题涉及到攻击和伤害，我推测与角色行为、攻击配置、状态机以及音频处理相关的文件可能包含所需逻辑。\n接下来，我将优先检查Characters和Gameplay目录下的文件，因为这些目录通常包含与角色行为和游戏逻辑相关的脚本。"
    }
}
2024-10-09 00:11:52,782 - INFO Retriever 0 - dict_keys(['deep_think'])
2024-10-09 00:11:52,782 - INFO Retriever 0 - Agent主脑给出的行动：deep_think
参数：{'thoughts': '根据检索结果，我找到了一些可能与玩家受到怪物攻击伤害逻辑相关的文件和目录，包括Characters、Input、Gameplay、ScriptableObjects/StateMachine/Protagonist/Actions、ScriptableObjects/Configs/Attacks、ScriptableObjects/StateMachine/Protagonist/States、Cutscenes、SceneManagement、AddressableAssetsData和Audio。由于问题涉及到攻击和伤害，我推测与角色行为、攻击配置、状态机以及音频处理相关的文件可能包含所需逻辑。\n接下来，我将优先检查Characters和Gameplay目录下的文件，因为这些目录通常包含与角色行为和游戏逻辑相关的脚本。', 'repeat_counter': 1, 'continue_think_counter': 1}
2024-10-09 00:11:52,783 - INFO Retriever 0 - Observer: 好的，请继续你的下一步行动或思考。
2024-10-09 00:11:56,034 - INFO Retriever 0 - Agent主脑给出的回答为：{
    "read_file": {
        "file_path": "D:\\Unity\\open-project-1-main\\UOP1_Project\\Assets\\Scripts\\Characters\\Character.cs"
    }
}
2024-10-09 00:11:56,034 - INFO Retriever 0 - 是否成功解析：True
2024-10-09 00:11:56,034 - INFO Retriever 0 - operation_type (__det_dir_action):
2024-10-09 00:11:56,035 - INFO Retriever 0 - read_file
2024-10-09 00:11:56,035 - INFO Retriever 0 - 

——————————————————————————————————————————————————————————————————————————————————————————————————————————————————————————
2024-10-09 00:11:56,035 - INFO Retriever 0 - Assistant:
2024-10-09 00:11:56,035 - INFO Retriever 0 - {
    "read_file": {
        "file_path": "D:\\Unity\\open-project-1-main\\UOP1_Project\\Assets\\Scripts\\Characters\\Character.cs"
    }
}
2024-10-09 00:11:56,035 - INFO Retriever 0 - dict_keys(['read_file'])
2024-10-09 00:11:56,037 - INFO Retriever 0 - Agent主脑给出的行动：read_file
参数：{'file_path': 'D:\\Unity\\open-project-1-main\\UOP1_Project\\Assets\\Scripts\\Characters\\Character.cs', 'top_path': 'D:\\Unity\\open-project-1-main\\UOP1_Project\\Assets', 'return_file_sum': <bound method TreeGenerationAction.return_file_sum of <Action.tree_gen_action.TreeGenerationAction object at 0x0000022D05AA38E0>>}
2024-10-09 00:11:56,037 - INFO Retriever 0 - Observer: D:\Unity\open-project-1-main\UOP1_Project\Assets\Scripts\Characters\Character.cs 路径错误。

2024-10-09 00:12:02,685 - INFO Retriever 0 - Agent主脑给出的回答为：{
    "read_file": {
        "file_path": "D:\\Unity\\open-project-1-main\\UOP1_Project\\Assets\\Scripts\\Characters\\Character.cs"
    }
}
2024-10-09 00:12:02,686 - INFO Retriever 0 - 是否成功解析：True
2024-10-09 00:12:02,686 - INFO Retriever 0 - operation_type (__det_dir_action):
2024-10-09 00:12:02,686 - INFO Retriever 0 - read_file
2024-10-09 00:12:02,686 - INFO Retriever 0 - 

——————————————————————————————————————————————————————————————————————————————————————————————————————————————————————————
2024-10-09 00:12:02,687 - INFO Retriever 0 - Assistant:
2024-10-09 00:12:02,687 - INFO Retriever 0 - {
    "read_file": {
        "file_path": "D:\\Unity\\open-project-1-main\\UOP1_Project\\Assets\\Scripts\\Characters\\Character.cs"
    }
}
2024-10-09 00:12:02,687 - INFO Retriever 0 - dict_keys(['read_file'])
2024-10-09 00:12:02,687 - INFO Retriever 0 - Agent主脑给出的行动：read_file
参数：{'file_path': 'D:\\Unity\\open-project-1-main\\UOP1_Project\\Assets\\Scripts\\Characters\\Character.cs', 'top_path': 'D:\\Unity\\open-project-1-main\\UOP1_Project\\Assets', 'return_file_sum': <bound method TreeGenerationAction.return_file_sum of <Action.tree_gen_action.TreeGenerationAction object at 0x0000022D05AA38E0>>}
2024-10-09 00:12:02,689 - INFO Retriever 0 - Observer: D:\Unity\open-project-1-main\UOP1_Project\Assets\Scripts\Characters\Character.cs 路径错误。

2024-10-09 00:12:06,993 - INFO Retriever 0 - Agent主脑给出的回答为：{
    "deep_think": {
        "thoughts": "由于提供的路径错误，我无法读取Character.cs文件的内容。我需要重新获取正确的文件路径。由于Character.cs文件可能位于Scripts/Characters目录下，我将使用get_folder_info操作来获取该目录下的文件信息，以便找到正确的文件路径。"
    }
}
2024-10-09 00:12:06,993 - INFO Retriever 0 - 是否成功解析：True
2024-10-09 00:12:06,994 - INFO Retriever 0 - operation_type (__det_dir_action):
2024-10-09 00:12:06,994 - INFO Retriever 0 - deep_think
2024-10-09 00:12:06,994 - INFO Retriever 0 - 

——————————————————————————————————————————————————————————————————————————————————————————————————————————————————————————
2024-10-09 00:12:06,994 - INFO Retriever 0 - Assistant:
2024-10-09 00:12:06,994 - INFO Retriever 0 - {
    "deep_think": {
        "thoughts": "由于提供的路径错误，我无法读取Character.cs文件的内容。我需要重新获取正确的文件路径。由于Character.cs文件可能位于Scripts/Characters目录下，我将使用get_folder_info操作来获取该目录下的文件信息，以便找到正确的文件路径。"
    }
}
2024-10-09 00:12:06,994 - INFO Retriever 0 - dict_keys(['deep_think'])
2024-10-09 00:12:06,996 - INFO Retriever 0 - Agent主脑给出的行动：deep_think
参数：{'thoughts': '由于提供的路径错误，我无法读取Character.cs文件的内容。我需要重新获取正确的文件路径。由于Character.cs文件可能位于Scripts/Characters目录下，我将使用get_folder_info操作来获取该目录下的文件信息，以便找到正确的文件路径。', 'repeat_counter': 1, 'continue_think_counter': 1}
2024-10-09 00:12:06,996 - INFO Retriever 0 - Observer: 好的，请继续你的下一步行动或思考。
2024-10-09 00:12:10,178 - INFO Retriever 0 - Agent主脑给出的回答为：{
    "get_folder_info": {
        "target_folder_path": "D:\\Unity\\open-project-1-main\\UOP1_Project\\Assets\\Scripts\\Characters"
    }
}
2024-10-09 00:12:10,179 - INFO Retriever 0 - 是否成功解析：True
2024-10-09 00:12:10,179 - INFO Retriever 0 - operation_type (__det_dir_action):
2024-10-09 00:12:10,179 - INFO Retriever 0 - get_folder_info
2024-10-09 00:12:10,179 - INFO Retriever 0 - 

——————————————————————————————————————————————————————————————————————————————————————————————————————————————————————————
2024-10-09 00:12:10,179 - INFO Retriever 0 - Assistant:
2024-10-09 00:12:10,179 - INFO Retriever 0 - {
    "get_folder_info": {
        "target_folder_path": "D:\\Unity\\open-project-1-main\\UOP1_Project\\Assets\\Scripts\\Characters"
    }
}
2024-10-09 00:12:10,179 - INFO Retriever 0 - dict_keys(['get_folder_info'])
2024-10-09 00:12:10,180 - INFO Retriever 0 - Agent主脑给出的行动：get_folder_info
参数：{'target_folder_path': 'D:\\Unity\\open-project-1-main\\UOP1_Project\\Assets\\Scripts\\Characters'}
2024-10-09 00:12:10,223 - INFO Retriever 0 - Observer: 目标文件夹路径：D:\Unity\open-project-1-main\UOP1_Project\Assets\Scripts\Characters
文件结构树（该结构树可能不完整，仅返回深度小于等于1层的子文件以及文件夹）：
├── Attack.cs
├── Attacker.cs
├── CharacterAudio.cs
├── Config
│   ├── AttackConfigSO.cs
│   ├── DroppableRewardConfigSO.cs
│   ...
│   ├── SpecialDroppableRewardConfigSO.cs
├── Critter.cs
├── CritterAudio.cs
├── Damageable.cs
├── DropGroup.cs
├── DropItem.cs
├── HealthSO.cs
├── MovingCritterAttackController.cs
├── NPC.cs
├── NPCAudio.cs
├── NPCMovement.cs
├── Protagonist.cs
├── ProtagonistAudio.cs
├── StateMachine
│   ├── Actions
│   ├── Conditions
├── ZoneTriggerController.cs


其中，部分主要文件及文件夹的信息如下：
1. Characters
# 路径:D:/Unity/open-project-1-main/UOP1_Project\Assets\Scripts\Characters
# 内容概述:“Characters”文件夹汇集了Unity游戏开发中角色相关的脚本资源，包括角色配置（如攻击、奖励、效果和NPC移动）、状态机逻辑、音频处理以及角色行为控制。文件夹内分为多个子目录，如Config存储角色配置脚本，StateMachine包含构建游戏逻辑的脚本，Audio则专注于角色音效。此外，Attack、Attacker、Critter等脚本负责角色具体行为，而NPC、Protagonist等则涉及角色状态和交互。整体上，这些脚本相互协作，共同构成了游戏中的角色系统。

2. Config
# 路径:D:/Unity/open-project-1-main/UOP1_Project\Assets\Scripts\Characters\Config
# 内容概述:该“Config”文件夹汇集了Unity游戏开发中的关键配置类，包括`AttackConfigSO`用于攻击参数配置，`DroppableRewardConfigSO`与`SpecialDroppableRewardConfigSO`管理奖励掉落，`HealthConfigSO`设定实体健康值，`GetHitEffectConfigSO`定义玩家受击效果，`NPCMovementConfigSO`与`PathwayConfigSO`和`RoamingAroundCenterConfigSO`控制NPC移动。这些配置类均继承自`ScriptableObject`，便于在Unity编辑器中创建和管理，确保游戏配置的灵活性和可维护性。

3. StateMachine
# 路径:D:/Unity/open-project-1-main/UOP1_Project\Assets\Scripts\Characters\StateMachine
# 内容概述:“StateMachine”文件夹汇集了Unity游戏开发中用于构建角色行为和逻辑的关键资源，分为“Actions”和“Conditions”两大类。在“Actions”中，脚本如`NPCMovementAction`和`AnimatorParameterActionSO`定义了NPC的移动和动画控制等行为；而“Conditions”中的脚本如`HasHitHeadConditionSO`和`IsDeadConditionSO`则用于判断游戏对象的状态，两者协同工作，通过状态机实现丰富的游戏交互和动态行为。

4. Attack.cs
# 路径:D:/Unity/open-project-1-main/UOP1_Project\Assets\Scripts\Characters\Attack.cs
# 内容概述:“Attack.cs”脚本定义了一个Unity组件`Attack`，负责管理游戏对象的攻击行为。该组件在对象激活时默认隐藏，并在触发碰撞时检测目标是否为友军。若目标非友军且具有`Damageable`组件，则根据预设的攻击配置对目标造成伤害。主要功能模块包括攻击配置管理和碰撞检测，核心逻辑涉及游戏对象的激活状态和触发事件处理。

5. Attacker.cs
# 路径:D:/Unity/open-project-1-main/UOP1_Project\Assets\Scripts\Characters\Attacker.cs
# 内容概述:该脚本“Attacker.cs”是Unity游戏开发中用于控制游戏对象攻击状态的组件。它包含一个名为`Attacker`的类，该类继承自`MonoBehaviour`。类中定义了两个方法：`EnableWeapon()`和`DisableWeapon()`，分别用于启用和禁用攻击碰撞器（_attackCollider），以此控制游戏中的攻击功能。

6. CharacterAudio.cs
# 路径:D:/Unity/open-project-1-main/UOP1_Project\Assets\Scripts\Characters\CharacterAudio.cs
# 内容概述:该脚本“CharacterAudio.cs”是Unity中用于处理角色音频的组件脚本。它包含一个`PlayAudio`函数，用于在非“Cutscene”游戏状态下播放指定音频效果，通过序列化字段引用音频事件通道、配置和游戏状态。该函数根据当前游戏状态决定是否触发音频播放事件。

7. Critter.cs
# 路径:D:/Unity/open-project-1-main/UOP1_Project\Assets\Scripts\Characters\Critter.cs
# 内容概述:该脚本定义了Unity游戏中的Critter类，负责管理警报和攻击区域状态，并处理目标。Critter类包含两个公共变量`isPlayerInAlertZone`和`isPlayerInAttackZone`来追踪玩家位置，以及一个`currentTarget`变量用于存储当前目标。主要方法`OnAlertTriggerChange`和`OnAttackTriggerChange`分别处理玩家进入或离开警报和攻击区域，更新状态并可能设置当前目标。当目标死亡时，`OnTargetDead`方法被调用来清除目标并重置区域状态。

8. CritterAudio.cs
# 路径:D:/Unity/open-project-1-main/UOP1_Project\Assets\Scripts\Characters\CritterAudio.cs
# 内容概述:该脚本`CritterAudio`继承自`CharacterAudio`，负责为游戏中的Critter角色管理音频播放。它定义了五个音频剪辑，分别对应空闲、移动、攻击、受到攻击和死亡状态。脚本提供了五个方法，对应不同的动作状态，如`PlayIdleSound()`、`PlayMoveSound()`等，这些方法都调用了通用的`PlayAudio`函数来播放相应的音频剪辑，并考虑到了植物生物不播放移动音效的特殊情况。

9. Damageable.cs
# 路径:D:/Unity/open-project-1-main/UOP1_Project\Assets\Scripts\Characters\Damageable.cs
# 内容概述:"Damageable.cs" 是一个Unity C#脚本，负责管理游戏对象的健康状态。它定义了生命值、攻击响应和死亡事件，并支持生命恢复。脚本通过`HealthSO`对象跟踪生命值，允许对象接收攻击并减少生命值，当生命值降至零时触发死亡事件。此外，它还支持通过事件恢复生命值，并在对象复活或生命值变化时更新UI。脚本通过事件通道广播生命状态变化，便于其他系统监听和处理。

10. DropGroup.cs
# 路径:D:/Unity/open-project-1-main/UOP1_Project\Assets\Scripts\Characters\DropGroup.cs
# 内容概述:该脚本定义了一个名为`DropGroup`的Unity C#类，用于管理游戏中的掉落物品列表及其掉落概率。类中包含一个序列化的`_drops`列表用于存储掉落物品，以及一个序列化的`_dropRate`浮点数表示掉落概率。通过`Drops`和`DropRate`两个只读属性，可以访问这些数据。整体上，`DropGroup`类为Unity游戏中的物品掉落逻辑提供了一个数据封装。

11. DropItem.cs
# 路径:D:/Unity/open-project-1-main/UOP1_Project\Assets\Scripts\Characters\DropItem.cs
# 内容概述:“DropItem.cs”文件定义了一个Unity C#类`DropItem`，用于封装物品掉落数据。该类包含两个字段：`_item`存储掉落的物品，`_itemDropRate`存储掉落概率。类提供了对应的只读属性`Item`和`ItemDropRate`以供外部访问，主要作为数据容器使用，不包含掉落逻辑。

12. HealthSO.cs
# 路径:D:/Unity/open-project-1-main/UOP1_Project\Assets\Scripts\Characters\HealthSO.cs
# 内容概述:该脚本定义了Unity中角色的生命值管理类`HealthSO`，包含最大生命值`_maxHealth`和当前生命值`_currentHealth`。类提供设置最大生命值、当前生命值以及处理伤害和恢复生命值的功能。通过`InflictDamage`减少生命值，`RestoreHealth`增加生命值并限制不超过最大值。此脚本适用于玩家或NPC的生命值配置。

13. MovingCritterAttackController.cs
# 路径:D:/Unity/open-project-1-main/UOP1_Project\Assets\Scripts\Characters\MovingCritterAttackController.cs
# 内容概述:该脚本“MovingCritterAttackController.cs”是Unity中用于控制移动生物攻击动画的组件。它包含设置攻击目标位置和触发推进动画的功能。脚本中定义了`SetAttackTarget()`和`AttackPropelTrigger()`两个方法，分别用于确定攻击目标并启动推进动画。在`Update()`方法中，生物根据预设的推进向量向目标移动，直至动画结束。

14. NPC.cs
# 路径:D:/Unity/open-project-1-main/UOP1_Project\Assets\Scripts\Characters\NPC.cs
# 内容概述:该脚本定义了一个NPC类，用于管理NPC的状态，包括空闲、行走和交谈。NPC类包含一个NPCState枚举来指定当前状态，以及一个GameObject数组来存储NPC正在交谈的对象。`SwitchToWalkState`方法触发NPC状态切换到行走，而`WaitBeforeSwitch`协程在状态切换前引入随机延迟，以增加NPC行为的自然性。

15. NPCAudio.cs
# 路径:D:/Unity/open-project-1-main/UOP1_Project\Assets\Scripts\Characters\NPCAudio.cs
# 内容概述:该脚本“NPCAudio.cs”继承自CharacterAudio，负责管理NPC的音频播放。它定义了播放脚步声、对话和唱歌的四个方法，分别对应不同的音频资源。通过继承和封装，脚本简化了NPC音频播放的逻辑，使得音频控制更加集中和高效。

16. NPCMovement.cs
# 路径:D:/Unity/open-project-1-main/UOP1_Project\Assets\Scripts\Characters\NPCMovement.cs
# 内容概述:该脚本“NPCMovement.cs”是Unity中用于控制NPC移动的组件。它通过`NPCMovementConfigSO`接收NPC移动配置，并通过`NPCMovementEventChannelSO`响应事件以更新配置。脚本在启用时订阅事件，定义的`Respond`函数负责接收事件并更新配置。

17. Protagonist.cs
# 路径:D:/Unity/open-project-1-main/UOP1_Project\Assets\Scripts\Characters\Protagonist.cs
# 内容概述:该脚本定义了Unity中的`Protagonist`类，作为主角的输入处理组件。它通过`InputReader`接收玩家输入，如移动、跳跃和攻击，并将这些输入传递给状态机处理。脚本中包含状态管理字段，如跳跃和攻击标志，以及用于计算和存储移动向量的变量。`Protagonist`类注册了输入事件监听器，并在`Update`方法中重新计算移动向量，根据输入和相机方向调整移动逻辑。此外，脚本还处理了跳跃、攻击等事件，并提供了攻击输入的消费方法。

18. ProtagonistAudio.cs
# 路径:D:/Unity/open-project-1-main/UOP1_Project\Assets\Scripts\Characters\ProtagonistAudio.cs
# 内容概述:该脚本“ProtagonistAudio.cs”是Unity中用于管理主角音频的类，继承自`CharacterAudio`。它定义了多个私有`AudioCueSO`变量，分别关联主角行走、跳跃、挥杖、拾取物品、受伤、死亡和说话等动作的音效。脚本提供了播放这些音效的方法，如`PlayFootstep()`和`PlayDie()`，每个方法调用内部`PlayAudio()`函数，传入相应音效和主角位置信息以播放音效。

19. ZoneTriggerController.cs
# 路径:D:/Unity/open-project-1-main/UOP1_Project\Assets\Scripts\Characters\ZoneTriggerController.cs
# 内容概述:该脚本“ZoneTriggerController.cs”是Unity中用于管理触发区域事件的核心组件。它包含一个自定义的`BoolEvent`事件，用于处理对象进入或离开指定层的触发区域。`ZoneTriggerController`类负责检测对象的进入和退出，并在适当的时候触发事件。该类通过`OnTriggerEnter`和`OnTriggerExit`方法实现逻辑，仅对指定层上的对象响应，并在事件中传递状态和触发对象。


2024-10-09 00:12:13,119 - INFO Retriever 0 - Agent主脑给出的回答为：{
    "read_file": {
        "file_path": "D:\\Unity\\open-project-1-main\\UOP1_Project\\Assets\\Scripts\\Characters\\Attack.cs"
    }
}
2024-10-09 00:12:13,120 - INFO Retriever 0 - 是否成功解析：True
2024-10-09 00:12:13,120 - INFO Retriever 0 - operation_type (__det_dir_action):
2024-10-09 00:12:13,120 - INFO Retriever 0 - read_file
2024-10-09 00:12:13,120 - INFO Retriever 0 - 

——————————————————————————————————————————————————————————————————————————————————————————————————————————————————————————
2024-10-09 00:12:13,120 - INFO Retriever 0 - Assistant:
2024-10-09 00:12:13,121 - INFO Retriever 0 - {
    "read_file": {
        "file_path": "D:\\Unity\\open-project-1-main\\UOP1_Project\\Assets\\Scripts\\Characters\\Attack.cs"
    }
}
2024-10-09 00:12:13,121 - INFO Retriever 0 - dict_keys(['read_file'])
2024-10-09 00:12:13,121 - INFO Retriever 0 - Agent主脑给出的行动：read_file
参数：{'file_path': 'D:\\Unity\\open-project-1-main\\UOP1_Project\\Assets\\Scripts\\Characters\\Attack.cs', 'top_path': 'D:\\Unity\\open-project-1-main\\UOP1_Project\\Assets', 'return_file_sum': <bound method TreeGenerationAction.return_file_sum of <Action.tree_gen_action.TreeGenerationAction object at 0x0000022D05AA38E0>>}
2024-10-09 00:12:13,157 - INFO Retriever 0 - Observer: 这是一个名为“Attack.cs”的文件，该文件里的内容为：
由于脚本文件内容过长，暂时仅给出该脚本文件的内容总结:
- ### 总体概述
该脚本名为“Attack.cs”，是Unity游戏开发环境中的一部分。它定义了一个名为`Attack`的类，该类继承自`MonoBehaviour`，这意味着它是一个Unity组件，可以附加到游戏对象上。脚本的主要功能是定义一个攻击行为，当游戏对象与另一个具有`Collider`组件的对象碰撞时触发。

### 模块和功能
- **攻击配置管理**：通过`AttackConfigSO`（一个预设对象，用于存储攻击配置）来管理攻击的属性，如攻击强度。
- **碰撞检测**：使用`OnTriggerEnter`方法检测与其他游戏对象的碰撞。
- **攻击执行**：当检测到非友军对象且该对象具有`Damageable`组件时，执行攻击。

### 类和函数
- **类**：`Attack`类
  - **作用**：定义了攻击行为。
  - **关键功能**：控制攻击的触发和执行。

- **函数**：
  - `Awake()`: Unity生命周期函数，在对象被实例化后立即调用。此函数将游戏对象设置为不可见。
  - `OnTriggerEnter(Collider other)`: Unity碰撞检测函数，当游戏对象与另一个具有`Collider`组件的对象发生触发碰撞时调用。它检查碰撞对象是否为友军，如果不是，则尝试获取`Damageable`组件并执行攻击。

### 实现逻辑
1. 在`Awake`方法中，游戏对象被设置为不可见。
2. 在`OnTriggerEnter`方法中，进行以下步骤：
   - 检查碰撞对象是否为友军。
   - 如果不是友军，检查碰撞对象是否具有`Damageable`组件。
   - 如果具有`Damageable`组件且未处于被击中状态，则使用`AttackConfigSO`中的攻击强度对目标执行攻击。
2024-10-09 00:12:18,826 - INFO Retriever 0 - Agent主脑给出的回答为：{
    "deep_think": {
        "thoughts": "根据读取的Attack.cs文件内容，我了解到该脚本定义了一个名为`Attack`的类，该类继承自`MonoBehaviour`，用于管理游戏对象的攻击行为。脚本中包含了攻击配置管理、碰撞检测和攻击执行等模块。在`OnTriggerEnter`方法中，脚本会检查碰撞对象是否为友军，如果不是，则尝试获取`Damageable`组件并执行攻击。\n\n结合任务描述，这个脚本很可能是实现玩家受到怪物攻击伤害逻辑的关键部分。因此，我需要进一步检查这个脚本的具体实现细节，以确认它是否包含玩家受到伤害的逻辑。"
    }
}
2024-10-09 00:12:18,827 - INFO Retriever 0 - 是否成功解析：True
2024-10-09 00:12:18,827 - INFO Retriever 0 - operation_type (__det_dir_action):
2024-10-09 00:12:18,828 - INFO Retriever 0 - deep_think
2024-10-09 00:12:18,828 - INFO Retriever 0 - 

——————————————————————————————————————————————————————————————————————————————————————————————————————————————————————————
2024-10-09 00:12:18,828 - INFO Retriever 0 - Assistant:
2024-10-09 00:12:18,828 - INFO Retriever 0 - {
    "deep_think": {
        "thoughts": "根据读取的Attack.cs文件内容，我了解到该脚本定义了一个名为`Attack`的类，该类继承自`MonoBehaviour`，用于管理游戏对象的攻击行为。脚本中包含了攻击配置管理、碰撞检测和攻击执行等模块。在`OnTriggerEnter`方法中，脚本会检查碰撞对象是否为友军，如果不是，则尝试获取`Damageable`组件并执行攻击。\n\n结合任务描述，这个脚本很可能是实现玩家受到怪物攻击伤害逻辑的关键部分。因此，我需要进一步检查这个脚本的具体实现细节，以确认它是否包含玩家受到伤害的逻辑。"
    }
}
2024-10-09 00:12:18,828 - INFO Retriever 0 - dict_keys(['deep_think'])
2024-10-09 00:12:18,829 - INFO Retriever 0 - Agent主脑给出的行动：deep_think
参数：{'thoughts': '根据读取的Attack.cs文件内容，我了解到该脚本定义了一个名为`Attack`的类，该类继承自`MonoBehaviour`，用于管理游戏对象的攻击行为。脚本中包含了攻击配置管理、碰撞检测和攻击执行等模块。在`OnTriggerEnter`方法中，脚本会检查碰撞对象是否为友军，如果不是，则尝试获取`Damageable`组件并执行攻击。\n\n结合任务描述，这个脚本很可能是实现玩家受到怪物攻击伤害逻辑的关键部分。因此，我需要进一步检查这个脚本的具体实现细节，以确认它是否包含玩家受到伤害的逻辑。', 'repeat_counter': 1, 'continue_think_counter': 1}
2024-10-09 00:12:18,829 - INFO Retriever 0 - Observer: 好的，请继续你的下一步行动或思考。
2024-10-09 00:12:21,788 - INFO Retriever 0 - Agent主脑给出的回答为：{
    "read_long_details": {
        "file_path": "D:\\Unity\\open-project-1-main\\UOP1_Project\\Assets\\Scripts\\Characters\\Attack.cs"
    }
}
2024-10-09 00:12:21,789 - INFO Retriever 0 - 是否成功解析：True
2024-10-09 00:12:21,789 - INFO Retriever 0 - operation_type (__det_dir_action):
2024-10-09 00:12:21,789 - INFO Retriever 0 - read_long_details
2024-10-09 00:12:21,789 - INFO Retriever 0 - 

——————————————————————————————————————————————————————————————————————————————————————————————————————————————————————————
2024-10-09 00:12:21,789 - INFO Retriever 0 - Assistant:
2024-10-09 00:12:21,789 - INFO Retriever 0 - {
    "read_long_details": {
        "file_path": "D:\\Unity\\open-project-1-main\\UOP1_Project\\Assets\\Scripts\\Characters\\Attack.cs"
    }
}
2024-10-09 00:12:21,790 - INFO Retriever 0 - dict_keys(['read_long_details'])
2024-10-09 00:12:21,790 - INFO Retriever 0 - Agent主脑给出的行动：read_long_details
参数：{'file_path': 'D:\\Unity\\open-project-1-main\\UOP1_Project\\Assets\\Scripts\\Characters\\Attack.cs', 'top_path': 'D:\\Unity\\open-project-1-main\\UOP1_Project\\Assets', 'return_file_sum': <bound method TreeGenerationAction.return_file_sum of <Action.tree_gen_action.TreeGenerationAction object at 0x0000022D05AA38E0>>}
2024-10-09 00:12:21,791 - INFO Retriever 0 - Observer: 这是一个名为“Attack.cs”的文件，该文件里的内容为：
 1|﻿using UnityEngine;
 2|
 3|public class Attack : MonoBehaviour
 4|{
 5|	[SerializeField] private AttackConfigSO _attackConfigSO;
 6|
 7|	public AttackConfigSO AttackConfig => _attackConfigSO;
 8|
 9|	private void Awake()
10|	{
11|		gameObject.SetActive(false);
12|	}
13|
14|	private void OnTriggerEnter(Collider other)
15|	{
16|		// Avoid friendly fire!
17|		if (!other.CompareTag(gameObject.tag))
18|		{
19|			if (other.TryGetComponent(out Damageable damageableComp))
20|			{
21|				if (!damageableComp.GetHit)
22|					damageableComp.ReceiveAnAttack(_attackConfigSO.AttackStrength);
23|			}
24|		}
25|	}
26|}

2024-10-09 00:12:27,585 - INFO Retriever 0 - Agent主脑给出的回答为：{
    "deep_think": {
        "thoughts": "通过阅读Attack.cs文件的具体内容，我确认了该脚本的作用。它通过`OnTriggerEnter`方法检测到与它发生触发碰撞的游戏对象，并检查该对象是否为友军。如果不是友军，并且该对象具有`Damageable`组件，那么它将调用`ReceiveAnAttack`方法来对目标执行攻击。\n\n然而，这个脚本本身并没有直接处理伤害的逻辑，而是通过调用`Damageable`组件的`ReceiveAnAttack`方法来执行攻击。因此，我需要进一步检查`Damageable`组件或其关联的脚本，以确定玩家受到怪物攻击伤害的具体逻辑。"
    }
}
2024-10-09 00:12:27,585 - INFO Retriever 0 - 是否成功解析：True
2024-10-09 00:12:27,586 - INFO Retriever 0 - operation_type (__det_dir_action):
2024-10-09 00:12:27,586 - INFO Retriever 0 - deep_think
2024-10-09 00:12:27,586 - INFO Retriever 0 - 

——————————————————————————————————————————————————————————————————————————————————————————————————————————————————————————
2024-10-09 00:12:27,586 - INFO Retriever 0 - Assistant:
2024-10-09 00:12:27,586 - INFO Retriever 0 - {
    "deep_think": {
        "thoughts": "通过阅读Attack.cs文件的具体内容，我确认了该脚本的作用。它通过`OnTriggerEnter`方法检测到与它发生触发碰撞的游戏对象，并检查该对象是否为友军。如果不是友军，并且该对象具有`Damageable`组件，那么它将调用`ReceiveAnAttack`方法来对目标执行攻击。\n\n然而，这个脚本本身并没有直接处理伤害的逻辑，而是通过调用`Damageable`组件的`ReceiveAnAttack`方法来执行攻击。因此，我需要进一步检查`Damageable`组件或其关联的脚本，以确定玩家受到怪物攻击伤害的具体逻辑。"
    }
}
2024-10-09 00:12:27,587 - INFO Retriever 0 - dict_keys(['deep_think'])
2024-10-09 00:12:27,587 - INFO Retriever 0 - Agent主脑给出的行动：deep_think
参数：{'thoughts': '通过阅读Attack.cs文件的具体内容，我确认了该脚本的作用。它通过`OnTriggerEnter`方法检测到与它发生触发碰撞的游戏对象，并检查该对象是否为友军。如果不是友军，并且该对象具有`Damageable`组件，那么它将调用`ReceiveAnAttack`方法来对目标执行攻击。\n\n然而，这个脚本本身并没有直接处理伤害的逻辑，而是通过调用`Damageable`组件的`ReceiveAnAttack`方法来执行攻击。因此，我需要进一步检查`Damageable`组件或其关联的脚本，以确定玩家受到怪物攻击伤害的具体逻辑。', 'repeat_counter': 1, 'continue_think_counter': 1}
2024-10-09 00:12:27,587 - INFO Retriever 0 - Observer: 好的，请继续你的下一步行动或思考。
2024-10-09 00:12:29,850 - INFO Retriever 0 - Agent主脑给出的回答为：{
    "get_folder_info": {
        "target_folder_path": "D:\\Unity\\open-project-1-main\\UOP1_Project\\Assets\\Scripts"
    }
}
2024-10-09 00:12:29,850 - INFO Retriever 0 - 是否成功解析：True
2024-10-09 00:12:29,850 - INFO Retriever 0 - operation_type (__det_dir_action):
2024-10-09 00:12:29,850 - INFO Retriever 0 - get_folder_info
2024-10-09 00:12:29,851 - INFO Retriever 0 - 

——————————————————————————————————————————————————————————————————————————————————————————————————————————————————————————
2024-10-09 00:12:29,851 - INFO Retriever 0 - Assistant:
2024-10-09 00:12:29,851 - INFO Retriever 0 - {
    "get_folder_info": {
        "target_folder_path": "D:\\Unity\\open-project-1-main\\UOP1_Project\\Assets\\Scripts"
    }
}
2024-10-09 00:12:29,851 - INFO Retriever 0 - dict_keys(['get_folder_info'])
2024-10-09 00:12:29,851 - INFO Retriever 0 - Agent主脑给出的行动：get_folder_info
参数：{'target_folder_path': 'D:\\Unity\\open-project-1-main\\UOP1_Project\\Assets\\Scripts'}
2024-10-09 00:12:29,875 - INFO Retriever 0 - Observer: 目标文件夹路径：D:\Unity\open-project-1-main\UOP1_Project\Assets\Scripts
文件结构树（该结构树可能不完整，仅返回深度小于等于1层的子文件以及文件夹）：
├── Animation
│   ├── RandomIdleAnimationBehaviour.cs
├── Audio
│   ├── AudioConfigApplier.cs
│   ├── AudioCue.cs
│   ...
│   ├── SoundEmitters
├── BaseClasses
│   ├── DescriptionBaseSO.cs
├── Camera
│   ├── CameraManager.cs
├── Characters
│   ├── Attack.cs
│   ├── Attacker.cs
│   ...
│   ├── ZoneTriggerController.cs
├── Cutscenes
│   ├── CutsceneAudioConfigSetter.cs
│   ├── CutsceneManager.cs
│   ├── CutsceneSceneLoader.cs
│   ├── CutsceneTrigger.cs
│   ├── DialogueControlTrack
│   ├── TimelineBinder.cs
├── Dialogues
│   ├── ActorSO.cs
│   ├── DialogueDataSO.cs
│   ├── DialogueManager.cs
│   ├── DialogueTrigger.cs
│   ├── Editor
├── EditorTools
│   ├── Attributes
│   ├── Editor
│   ├── MonoBehaviours
├── Effects
│   ├── DissolveHelper.cs
│   ├── FireLight.cs
│   ├── PlayerEffectController.cs
│   ├── VFXUtil.cs
│   ├── Watermill.cs
├── Events
│   ├── IntEventListener.cs
│   ├── NPCMovementSwitcher.cs
│   ├── ScriptableObjects
│   ├── VoidEventListener.cs
├── Factory
│   ├── FactorySO.cs
│   ├── IFactory.cs
├── Gameplay
│   ├── GameManager.cs
│   ├── GameStateSO.cs
│   ├── SpawnSystem.cs
├── Input
│   ├── GameInput.cs
│   ├── InputReader.cs
├── Interaction
│   ├── Interaction.cs
│   ├── InteractionManager.cs
├── Inventory
│   ├── CollectableItem.cs
│   ├── InventoryManager.cs
│   ├── ItemInstance.cs
│   ├── ItemPicker.cs
│   ├── ItemStack.cs
│   ├── ScriptableObjects
├── Localization
│   ├── Editor
│   ├── LocalizeSceneNameFromSO.cs
├── Menu
│   ├── MenuController.cs
│   ├── MenuSelectionHandler.cs
│   ├── MultiInputButton.cs
│   ├── MultiInputSelectableElement.cs
│   ├── README.md
├── Pool
│   ├── ComponentPoolSO.cs
│   ├── Example
│   ├── IPool.cs
│   ├── PoolSO.cs
├── Quests
│   ├── Editor
│   ├── QuestManager.asset
│   ├── QuestManagerSO.cs
│   ├── Resources
│   ├── ScriptableObjects
│   ├── StepController.cs
├── RuntimeAnchors
│   ├── PathStorageSO.cs
│   ├── RuntimeAnchorBase.cs
│   ├── TransformAnchor.cs
├── SaveSystem
│   ├── FileManager.cs
│   ├── Save.cs
│   ├── SaveSystem.cs
│   ├── SerializableScriptableObject.cs
│   ├── SerializedItemStack.cs
├── SceneManagement
│   ├── FallCatcher.cs
│   ├── InitializationLoader.cs
│   ├── LocationEntrance.cs
│   ├── LocationExit.cs
│   ├── SceneLoader.cs
│   ├── ScriptableObjects
│   ├── StartGame.cs
├── StateMachine
│   ├── Core
│   ├── Debugging
│   ├── Editor
│   ├── ScriptableObjects
│   ├── UOP1.StateMachine.asmdef
│   ├── Utilities
├── Systems
│   ├── Settings
├── UI
│   ├── Dialogue
│   ├── FadeController.cs
│   ...
│   ├── UISpinner.cs


其中，部分主要文件及文件夹的信息如下：
1. Scripts
# 路径:D:/Unity/open-project-1-main/UOP1_Project\Assets\Scripts
# 内容概述:“Scripts”文件夹是Unity游戏开发的核心，汇集了动画控制、音频管理、角色行为、摄像机操作、场景管理等关键脚本，旨在构建流畅的游戏体验。它还包含了对话系统、库存管理、用户界面、输入处理、交互逻辑等脚本，确保游戏交互丰富且直观。此外，文件夹内还涵盖了保存系统、状态机、系统设置、本地化工具以及编辑器辅助工具，以支持高效的游戏开发和资源管理。这些脚本相互协作，共同构成了一个功能全面、结构清晰的游戏开发框架。

2. Animation
# 路径:D:/Unity/open-project-1-main/UOP1_Project\Assets\Scripts\Animation
# 内容概述:该“Animation”文件夹专注于Unity动画控制，包含一个名为`RandomIdleAnimationBehaviour.cs`的脚本，该脚本继承自`StateMachineBehaviour`，负责在动画状态切换时随机选择并应用空闲动画，以丰富游戏角色的动画表现。

3. Audio
# 路径:D:/Unity/open-project-1-main/UOP1_Project\Assets\Scripts\Audio
# 内容概述:“Audio”文件夹汇集了Unity游戏音频开发的关键脚本，包括音频配置管理（如`AudioConfigurationSO.cs`）、音频剪辑播放控制（`AudioCueSO.cs`）、以及音频效果的管理和播放（`SoundEmitters`子文件夹）。其中，`AudioManager.cs`负责全面音频控制，而`MusicPlayer.cs`专注于音乐播放。此外，`AudioConfigApplier.cs`确保音频配置的即时应用，`AudioCue.cs`和`AudioCueOnTriggerEnter.cs`则处理音频事件和触发器逻辑，而`OrientListener.cs`则同步游戏对象与相机方向。这些脚本协同工作，为游戏提供丰富且高效的音频体验。

4. BaseClasses
# 路径:D:/Unity/open-project-1-main/UOP1_Project\Assets\Scripts\BaseClasses
# 内容概述:该“BaseClasses”文件夹内包含的“DescriptionBaseSO.cs”文件定义了一个继承自`SerializableScriptableObject`的`DescriptionBaseSO`类，旨在为Unity脚本对象提供一个带有描述文本存储功能的基类，便于在编辑器中序列化和管理对象描述。

5. Camera
# 路径:D:/Unity/open-project-1-main/UOP1_Project\Assets\Scripts\Camera
# 内容概述:该“Camera”文件夹专注于“CameraManager.cs”脚本，该脚本负责管理游戏摄像机，包括控制移动、鼠标锁定、震动响应等，通过模块化设计实现摄像机行为的全面管理，确保游戏体验的流畅性。

6. Characters
# 路径:D:/Unity/open-project-1-main/UOP1_Project\Assets\Scripts\Characters
# 内容概述:“Characters”文件夹汇集了Unity游戏开发中角色相关的脚本资源，包括角色配置（如攻击、奖励、效果和NPC移动）、状态机逻辑、音频处理以及角色行为控制。文件夹内分为多个子目录，如Config存储角色配置脚本，StateMachine包含构建游戏逻辑的脚本，Audio则专注于角色音效。此外，Attack、Attacker、Critter等脚本负责角色具体行为，而NPC、Protagonist等则涉及角色状态和交互。整体上，这些脚本相互协作，共同构成了游戏中的角色系统。

7. Cutscenes
# 路径:D:/Unity/open-project-1-main/UOP1_Project\Assets\Scripts\Cutscenes
# 内容概述:“Cutscenes”文件夹汇集了Unity游戏开发中用于管理和控制场景播放的脚本。它包含对话控制脚本，如`DialogueBehaviour`、`DialogueClip`和`DialogueTrack`，负责对话的显示和播放；音频配置脚本`CutsceneAudioConfigSetter`，用于调整场景中的音量；场景管理脚本`CutsceneManager`，负责场景的播放、暂停和对话显示；场景加载脚本`CutsceneSceneLoader`，用于加载特定场景；触发脚本`CutsceneTrigger`，用于触发场景播放；以及时间轴绑定脚本`TimelineBinder`，确保游戏对象与时间轴同步。这些脚本相互协作，共同构建了游戏中的场景系统。

8. Dialogues
# 路径:D:/Unity/open-project-1-main/UOP1_Project\Assets\Scripts\Dialogues
# 内容概述:“Dialogues”文件夹汇集了Unity对话系统的核心组件，包括扩展Locale系统的CustomMetadata.cs脚本，用于创建和管理角色的ActorSO.cs，定义对话数据的DialogueDataSO.cs，负责对话逻辑的DialogueManager.cs，以及触发对话的DialogueTrigger.cs。这些文件协同工作，为游戏提供丰富且动态的对话体验。

9. EditorTools
# 路径:D:/Unity/open-project-1-main/UOP1_Project\Assets\Scripts\EditorTools
# 内容概述:“EditorTools”文件夹汇集了Unity编辑器增强工具，包括实现只读属性系统的`Attributes`子文件夹、自定义编辑器界面的`Editor`子文件夹，以及提供点击放置、传送、光贴图缩放等编辑器工具的`MonoBehaviours`子文件夹。这些工具旨在提升编辑效率和功能扩展。

10. Effects
# 路径:D:/Unity/open-project-1-main/UOP1_Project\Assets\Scripts\Effects
# 内容概述:“Effects”文件夹汇集了Unity游戏开发中用于创建视觉效果的脚本，包括实现物体溶解的DissolveHelper.cs、模拟火焰动态亮度的FireLight.cs、控制玩家动作粒子效果的PlayerEffectController.cs、数值范围重映射的VFXUtil.cs，以及动态旋转水车轮子的Watermill.cs。这些脚本相互关联，共同构成了游戏中的丰富视觉效果系统。

11. Events
# 路径:D:/Unity/open-project-1-main/UOP1_Project\Assets\Scripts\Events
# 内容概述:“Events”文件夹汇集了Unity游戏开发中用于构建交互式游戏体验的关键脚本。它包含多种事件处理脚本，如对话选择、屏幕淡入淡出、NPC移动等，通过事件通道机制实现模块化交互。文件夹内脚本如`DialogueChoiceChannelSO`、`NPCMovementEventChannelSO`等，共同构建了一个灵活的事件驱动系统，支持游戏逻辑与UI的紧密集成。

12. Factory
# 路径:D:/Unity/open-project-1-main/UOP1_Project\Assets\Scripts\Factory
# 内容概述:### 文件夹内容概述
“Factory”文件夹内包含用于Unity游戏开发的工厂模式相关代码。主要文件包括`FactorySO.cs`，它定义了一个泛型工厂类`FactorySO<T>`，继承自`ScriptableObject`并实现`IFactory<T>`接口，用于创建和管理游戏对象的实例。`IFactory.cs`则定义了`IFactory<T>`接口，规范了工厂模式中创建对象的接口标准。这两个文件共同构成了一个灵活的工厂模式实现，便于在Unity编辑器中管理游戏对象生成。

13. Gameplay
# 路径:D:/Unity/open-project-1-main/UOP1_Project\Assets\Scripts\Gameplay
# 内容概述:## 文件夹内容精简总结

“Gameplay”文件夹汇集了Unity游戏开发的核心脚本，包括`GameManager.cs`用于管理游戏状态和事件，`GameStateSO.cs`负责跟踪和管理游戏状态变化，以及`SpawnSystem.cs`负责玩家的生成逻辑。这些脚本相互协作，共同构成了游戏的核心功能框架。

14. Input
# 路径:D:/Unity/open-project-1-main/UOP1_Project\Assets\Scripts\Input
# 内容概述:## 文件夹内容精简总结

该“Input”文件夹汇集了游戏输入管理脚本，包含`GameInput.cs`和`InputReader.cs`两个关键文件。`GameInput.cs`定义了`@GameInput`类，负责处理游戏输入，包括玩法、菜单、对话和作弊等模块，并实现了资源管理。`InputReader.cs`则继承自`DescriptionBaseSO`，实现了对游戏输入事件的管理，如跳跃、攻击等，并通过事件和回调函数将输入事件传递给相应系统。两者协同工作，确保游戏输入的模块化和高效处理。

15. Interaction
# 路径:D:/Unity/open-project-1-main/UOP1_Project\Assets\Scripts\Interaction
# 内容概述:### 文件夹内容总结

“Interaction”文件夹内包含两个关键脚本，旨在Unity游戏开发中处理玩家与游戏对象的交互。`Interaction.cs`定义了一个公共类，用于封装交互类型和对象，而`InteractionManager.cs`则是一个Unity组件，负责管理玩家与游戏对象的交互，包括拾取、烹饪和交谈，并通过事件监听和UI更新来响应这些交互。这两个脚本协同工作，为游戏中的交互逻辑提供了坚实的基础。

16. Inventory
# 路径:D:/Unity/open-project-1-main/UOP1_Project\Assets\Scripts\Inventory
# 内容概述:### 文件夹内容总结

“Inventory”文件夹汇集了Unity游戏开发中用于管理游戏内物品、库存、食谱和类型数据的脚本。核心脚本包括定义库存、物品类型、食谱和本地化信息的ScriptableObject类，以及处理可收集物品动画和状态的CollectableItem类。InventoryManager类负责库存管理，包括物品的增减和事件监听。此外，ItemInstance和ItemPicker类分别提供对物品实例的访问和选择项目的能力，而ItemStack类用于表示和管理物品堆叠。这些脚本相互协作，共同构建了一个模块化和可扩展的游戏内容管理系统。

17. Localization
# 路径:D:/Unity/open-project-1-main/UOP1_Project\Assets\Scripts\Localization
# 内容概述:### 文件夹内容总结

“Localization”文件夹汇集了Unity游戏本地化工具，包括用于TextMeshProUGUI组件的文本和字体本地化脚本（LocalizeComponent_TMProFont.cs和LocalizeTMProFontEvent.cs），以及一个用于场景名称本地化的脚本（LocalizeSceneNameFromSO.cs）。这些脚本协同工作，确保游戏中的文本和字体能够根据不同语言进行本地化处理。

18. Menu
# 路径:D:/Unity/open-project-1-main/UOP1_Project\Assets\Scripts\Menu
# 内容概述:“Menu”文件夹汇集了Unity游戏菜单系统的核心脚本，包括`MenuController.cs`负责菜单的显示与暂停控制，`MenuSelectionHandler.cs`处理用户选择与交互，`MultiInputButton.cs`和`MultiInputSelectableElement.cs`则增强了按钮的输入响应和交互事件处理。这些脚本协同工作，构建了一个功能完备的菜单交互系统，并通过`README.md`文档提供详细的设置和使用指导。

19. Pool
# 路径:D:/Unity/open-project-1-main/UOP1_Project\Assets\Scripts\Pool
# 内容概述:### 文件夹内容概览

“Pool”文件夹汇集了Unity游戏开发中用于粒子系统和对象池管理的脚本与配置文件。包含粒子系统配置、全局粒子池定义、对象池测试脚本以及对象池和组件池的管理脚本。这些资源旨在优化游戏性能和资源利用，通过对象池机制提高资源重用效率，并支持粒子系统的灵活配置和测试。

20. Quests
# 路径:D:/Unity/open-project-1-main/UOP1_Project\Assets\Scripts\Quests
# 内容概述:### 文件夹内容概览
“Quests”文件夹是Unity游戏开发的核心资源集，专注于任务和对话系统的设计。它包含角色图像、UI布局文件、编辑器脚本和可序列化对象，如任务、任务线和步骤的数据结构。文件夹内分为资源管理、编辑器配置、脚本对象和任务管理器，确保了从资源编辑到任务流程控制的连贯性。关键文件如“QuestManagerSO.cs”和“StepController.cs”负责任务流程和对话步骤的管理，而“Resources”和“ScriptableObjects”则提供了必要的配置和数据支持。

21. RuntimeAnchors
# 路径:D:/Unity/open-project-1-main/UOP1_Project\Assets\Scripts\RuntimeAnchors
# 内容概述:该“RuntimeAnchors”文件夹汇集了Unity游戏开发中路径存储和锚点管理的脚本。其中，`PathStorageSO.cs`负责持久化存储游戏路径信息，而`RuntimeAnchorBase.cs`提供了一个泛型锚点管理框架，`TransformAnchor.cs`则基于此框架实现与`Transform`组件关联的运行时锚点，以支持游戏中的导航和动画。这些脚本相互协作，为游戏场景管理和对象定位提供核心功能。

22. SaveSystem
# 路径:D:/Unity/open-project-1-main/UOP1_Project\Assets\Scripts\SaveSystem
# 内容概述:### 文件夹内容概要
“SaveSystem”文件夹汇集了Unity游戏开发中数据管理的关键脚本。主要包括`FileManager.cs`，负责本地文件读写和移动；`Save.cs`，用于序列化游戏设置和状态；`SaveSystem.cs`，管理游戏数据的保存与加载；`SerializableScriptableObject.cs`，实现Unity编辑器中对象的唯一标识；以及`SerializedItemStack.cs`，封装物品堆栈的序列化信息。这些脚本协同工作，确保游戏数据的有效保存和恢复。

23. SceneManagement
# 路径:D:/Unity/open-project-1-main/UOP1_Project\Assets\Scripts\SceneManagement
# 内容概述:“SceneManagement”文件夹汇集了Unity游戏开发的核心脚本，旨在高效管理游戏场景与设置。其中，ScriptableObjects子文件夹封装了游戏场景、位置、菜单等数据，通过继承基类实现通用场景管理功能。FallCatcher、InitializationLoader、LocationEntrance、LocationExit等脚本分别处理玩家碰撞、游戏初始化、位置入口与出口逻辑。SceneLoader负责场景的异步加载与卸载，而StartGame则管理游戏开始流程，包括新游戏和继续游戏选项。整体上，这些脚本协同工作，确保游戏场景的流畅切换和玩家交互的顺畅进行。

24. StateMachine
# 路径:D:/Unity/open-project-1-main/UOP1_Project\Assets\Scripts\StateMachine
# 内容概述:“StateMachine”文件夹汇集了Unity游戏开发中状态机框架的C#脚本，包括核心组件如状态、动作、条件和转换，以及状态机的管理逻辑。其中，“Core”子文件夹包含基础脚本，如状态组件接口、状态类、动作和条件抽象类，以及状态机核心类；“Debugging”子文件夹提供状态机调试工具；“Editor”子文件夹则集成了状态机设计和编辑工具，如模板、编辑器扩展和窗口；“ScriptableObjects”子文件夹定义了可序列化的对象，用于配置状态机组件；“Utilities”子文件夹提供自定义属性，用于标记初始化字段；“UOP1.StateMachine.asmdef”文件则定义了状态机模块的编译设置和依赖。

25. Systems
# 路径:D:/Unity/open-project-1-main/UOP1_Project\Assets\Scripts\Systems
# 内容概述:“Systems”文件夹汇集了Unity游戏设置管理的关键脚本，包括用于存储设置的`SettingsSO.cs`、管理设置的`SettingsSystem.cs`，以及负责音量、图形和语言设置的UI组件（如`UISettingsAudioComponent.cs`、`UISettingsGraphicsComponent.cs`和`UISettingsLanguageComponent.cs`）。这些脚本紧密协作，通过序列化机制实现设置数据的存储和用户交互，共同构成了一个完整的游戏设置管理系统。

26. UI
# 路径:D:/Unity/open-project-1-main/UOP1_Project\Assets\Scripts\UI
# 内容概述:“UI”文件夹汇集了Unity游戏开发中用于构建和管理用户界面的关键脚本。它涵盖了对话系统、库存管理、设置界面、加载界面、信用屏幕、通用按钮、健康条、心形显示、交互面板、主菜单、暂停界面、弹窗以及旋转动画等多个方面。这些脚本通过事件和函数调用相互协作，确保了游戏UI的完整性和交互性，共同构成了游戏流程中的关键用户界面元素。


2024-10-09 00:12:35,705 - INFO Retriever 0 - Agent主脑给出的回答为：{
    "read_file": {
        "file_path": "D:\\Unity\\open-project-1-main\\UOP1_Project\\Assets\\Scripts\\Characters\\Damageable.cs"
    }
}
2024-10-09 00:12:35,705 - INFO Retriever 0 - 是否成功解析：True
2024-10-09 00:12:35,705 - INFO Retriever 0 - operation_type (__det_dir_action):
2024-10-09 00:12:35,707 - INFO Retriever 0 - read_file
2024-10-09 00:12:35,707 - INFO Retriever 0 - 

——————————————————————————————————————————————————————————————————————————————————————————————————————————————————————————
2024-10-09 00:12:35,707 - INFO Retriever 0 - Assistant:
2024-10-09 00:12:35,707 - INFO Retriever 0 - {
    "read_file": {
        "file_path": "D:\\Unity\\open-project-1-main\\UOP1_Project\\Assets\\Scripts\\Characters\\Damageable.cs"
    }
}
2024-10-09 00:12:35,707 - INFO Retriever 0 - dict_keys(['read_file'])
2024-10-09 00:12:35,707 - INFO Retriever 0 - Agent主脑给出的行动：read_file
参数：{'file_path': 'D:\\Unity\\open-project-1-main\\UOP1_Project\\Assets\\Scripts\\Characters\\Damageable.cs', 'top_path': 'D:\\Unity\\open-project-1-main\\UOP1_Project\\Assets', 'return_file_sum': <bound method TreeGenerationAction.return_file_sum of <Action.tree_gen_action.TreeGenerationAction object at 0x0000022D05AA38E0>>}
2024-10-09 00:12:35,744 - INFO Retriever 0 - Observer: 这是一个名为“Damageable.cs”的文件，该文件里的内容为：
由于脚本文件内容过长，暂时仅给出该脚本文件的内容总结:
- ### 总体概述
该脚本名为“Damageable.cs”，是一个Unity C#脚本，用于控制游戏中的可伤害对象（如敌人或玩家）。它提供了健康状态管理、伤害接收、死亡事件广播以及恢复健康的功能。

### 模块和功能
- **健康状态管理**：跟踪和更新对象的生命值。
- **伤害接收**：处理接收到的攻击，减少生命值。
- **死亡事件广播**：当对象生命值为零时，触发死亡事件。
- **恢复健康**：允许对象通过事件恢复生命值。

### 类和函数
- **Damageable**：主要类，继承自`MonoBehaviour`。
  - **_healthConfigSO**：健康配置脚本对象，包含初始生命值等信息。
  - **_currentHealthSO**：当前健康状态脚本对象，包含当前生命值。
  - **_getHitEffectSO**：受到攻击时的效果配置。
  - **_mainMeshRenderer**：主网格渲染器，用于应用攻击效果。
  - **_droppableRewardSO**：掉落奖励配置。
  - **_updateHealthUI**：更新健康UI的事件通道。
  - **_deathEvent**：死亡事件通道。
  - **_restoreHealth**：恢复健康的事件通道。
  - **ReceiveAnAttack**：接收攻击并处理伤害。
  - **Kill**：直接将对象的生命值降至零，触发死亡。
  - **Revive**：恢复对象的生命值，使其复活。
  - **Cure**：通过事件增加生命值。

### 实现逻辑
1. `Awake`方法：初始化健康状态，如果当前健康状态对象为空，则创建一个新的。
2. `OnEnable`方法：启用时订阅恢复健康事件。
3. `OnDisable`方法：禁用时取消订阅恢复健康事件。
4. `ReceiveAnAttack`方法：处理攻击，减少生命值，如果生命值为零，则触发死亡。
5. `Kill`方法：直接将生命值降至零，触发死亡。
6. `Revive`方法：通过设置初始生命值来复活对象。
7. `Cure`方法：通过事件增加生命值。
2024-10-09 00:12:42,714 - INFO Retriever 0 - Agent主脑给出的回答为：{
    "deep_think": {
        "thoughts": "通过阅读Damageable.cs文件的内容，我了解到该脚本负责管理游戏对象的健康状态，包括接收伤害、触发死亡事件以及恢复健康等功能。在`ReceiveAnAttack`方法中，脚本会根据传入的攻击强度减少生命值，并在生命值降至零时触发死亡事件。这表明玩家受到怪物攻击伤害的逻辑很可能包含在这个脚本中。\n\n为了进一步确认，我需要检查`ReceiveAnAttack`方法的具体实现细节，以确定它是否包含玩家受到伤害的逻辑。"
    }
}
2024-10-09 00:12:42,714 - INFO Retriever 0 - 是否成功解析：True
2024-10-09 00:12:42,714 - INFO Retriever 0 - operation_type (__det_dir_action):
2024-10-09 00:12:42,715 - INFO Retriever 0 - deep_think
2024-10-09 00:12:42,715 - INFO Retriever 0 - 

——————————————————————————————————————————————————————————————————————————————————————————————————————————————————————————
2024-10-09 00:12:42,715 - INFO Retriever 0 - Assistant:
2024-10-09 00:12:42,715 - INFO Retriever 0 - {
    "deep_think": {
        "thoughts": "通过阅读Damageable.cs文件的内容，我了解到该脚本负责管理游戏对象的健康状态，包括接收伤害、触发死亡事件以及恢复健康等功能。在`ReceiveAnAttack`方法中，脚本会根据传入的攻击强度减少生命值，并在生命值降至零时触发死亡事件。这表明玩家受到怪物攻击伤害的逻辑很可能包含在这个脚本中。\n\n为了进一步确认，我需要检查`ReceiveAnAttack`方法的具体实现细节，以确定它是否包含玩家受到伤害的逻辑。"
    }
}
2024-10-09 00:12:42,715 - INFO Retriever 0 - dict_keys(['deep_think'])
2024-10-09 00:12:42,715 - INFO Retriever 0 - Agent主脑给出的行动：deep_think
参数：{'thoughts': '通过阅读Damageable.cs文件的内容，我了解到该脚本负责管理游戏对象的健康状态，包括接收伤害、触发死亡事件以及恢复健康等功能。在`ReceiveAnAttack`方法中，脚本会根据传入的攻击强度减少生命值，并在生命值降至零时触发死亡事件。这表明玩家受到怪物攻击伤害的逻辑很可能包含在这个脚本中。\n\n为了进一步确认，我需要检查`ReceiveAnAttack`方法的具体实现细节，以确定它是否包含玩家受到伤害的逻辑。', 'repeat_counter': 1, 'continue_think_counter': 1}
2024-10-09 00:12:42,716 - INFO Retriever 0 - Observer: 好的，请继续你的下一步行动或思考。
2024-10-09 00:12:47,816 - INFO Retriever 0 - Agent主脑给出的回答为：{
    "read_long_details": {
        "file_path": "D:\\Unity\\open-project-1-main\\UOP1_Project\\Assets\\Scripts\\Characters\\Damageable.cs"
    }
}
2024-10-09 00:12:47,816 - INFO Retriever 0 - 是否成功解析：True
2024-10-09 00:12:47,816 - INFO Retriever 0 - operation_type (__det_dir_action):
2024-10-09 00:12:47,816 - INFO Retriever 0 - read_long_details
2024-10-09 00:12:47,816 - INFO Retriever 0 - 

——————————————————————————————————————————————————————————————————————————————————————————————————————————————————————————
2024-10-09 00:12:47,816 - INFO Retriever 0 - Assistant:
2024-10-09 00:12:47,817 - INFO Retriever 0 - {
    "read_long_details": {
        "file_path": "D:\\Unity\\open-project-1-main\\UOP1_Project\\Assets\\Scripts\\Characters\\Damageable.cs"
    }
}
2024-10-09 00:12:47,817 - INFO Retriever 0 - dict_keys(['read_long_details'])
2024-10-09 00:12:47,817 - INFO Retriever 0 - Agent主脑给出的行动：read_long_details
参数：{'file_path': 'D:\\Unity\\open-project-1-main\\UOP1_Project\\Assets\\Scripts\\Characters\\Damageable.cs', 'top_path': 'D:\\Unity\\open-project-1-main\\UOP1_Project\\Assets', 'return_file_sum': <bound method TreeGenerationAction.return_file_sum of <Action.tree_gen_action.TreeGenerationAction object at 0x0000022D05AA38E0>>}
2024-10-09 00:12:47,819 - INFO Retriever 0 - Observer: 这是一个名为“Damageable.cs”的文件，该文件里的内容为：
  1|﻿using UnityEngine;
  2|using UnityEngine.Events;
  3|
  4|public class Damageable : MonoBehaviour
  5|{
  6|	[Header("Health")]
  7|	[SerializeField] private HealthConfigSO _healthConfigSO;
  8|	[SerializeField] private HealthSO _currentHealthSO;
  9|
 10|	[Header("Combat")]
 11|	[SerializeField] private GetHitEffectConfigSO _getHitEffectSO;
 12|	[SerializeField] private Renderer _mainMeshRenderer;
 13|	[SerializeField] private DroppableRewardConfigSO _droppableRewardSO;
 14|
 15|	[Header("Broadcasting On")]
 16|	[SerializeField] private VoidEventChannelSO _updateHealthUI = default;
 17|	[SerializeField] private VoidEventChannelSO _deathEvent = default;
 18|
 19|	[Header("Listening To")]
 20|	[SerializeField] private IntEventChannelSO _restoreHealth = default; //Getting cured when eating food
 21|
 22|	public DroppableRewardConfigSO DroppableRewardConfig => _droppableRewardSO;
 23|
 24|	//Flags that the StateMachine uses for Conditions to move between states
 25|	public bool GetHit { get; set; }
 26|	public bool IsDead { get; set; }
 27|
 28|	public GetHitEffectConfigSO GetHitEffectConfig => _getHitEffectSO;
 29|	public Renderer MainMeshRenderer => _mainMeshRenderer; //used to apply the hit flash effect
 30|
 31|	public event UnityAction OnDie;
 32|
 33|	private void Awake()
 34|	{
 35|		//If the HealthSO hasn't been provided in the Inspector (as it's the case for the player),
 36|		//we create a new SO unique to this instance of the component. This is typical for enemies.
 37|		if (_currentHealthSO == null)
 38|		{
 39|			_currentHealthSO = ScriptableObject.CreateInstance<HealthSO>();
 40|			_currentHealthSO.SetMaxHealth(_healthConfigSO.InitialHealth);
 41|			_currentHealthSO.SetCurrentHealth(_healthConfigSO.InitialHealth);
 42|		}
 43|
 44|		if (_updateHealthUI != null)
 45|			_updateHealthUI.RaiseEvent();
 46|	}
 47|
 48|	private void OnEnable()
 49|	{
 50|		if(_restoreHealth != null)
 51|			_restoreHealth.OnEventRaised += Cure;
 52|	}
 53|
 54|	private void OnDisable()
 55|	{
 56|		if(_restoreHealth != null)
 57|			_restoreHealth.OnEventRaised -= Cure;
 58|	}
 59|
 60|	public void ReceiveAnAttack(int damage)
 61|	{
 62|		if (IsDead)
 63|			return;
 64|
 65|		_currentHealthSO.InflictDamage(damage);
 66|
 67|		if (_updateHealthUI != null)
 68|			_updateHealthUI.RaiseEvent();
 69|
 70|		GetHit = true;
 71|
 72|		if (_currentHealthSO.CurrentHealth <= 0)
 73|		{
 74|			IsDead = true;
 75|
 76|			if (OnDie != null)
 77|				OnDie.Invoke();
 78|
 79|			if (_deathEvent != null)
 80|				_deathEvent.RaiseEvent();
 81|
 82|			_currentHealthSO.SetCurrentHealth(_healthConfigSO.InitialHealth);
 83|		}
 84|	}
 85|
 86|	public void Kill()
 87|	{
 88|		ReceiveAnAttack(_currentHealthSO.CurrentHealth);
 89|	}
 90|
 91|	/// <summary>
 92|	/// Called by the StateMachine action ResetHealthSO. Used to revive the Rock critters.
 93|	/// </summary>
 94|	public void Revive()
 95|	{
 96|		_currentHealthSO.SetCurrentHealth(_healthConfigSO.InitialHealth);
 97|		
 98|		if (_updateHealthUI != null)
 99|			_updateHealthUI.RaiseEvent();
100|			
101|		IsDead = false;
102|	}
103|
104|	/// <summary>
105|	/// Used for cure events, like eating food. Triggered by an IntEventChannelSO.
106|	/// </summary>
107|	private void Cure(int healthToAdd)
108|	{
109|		if (IsDead)
110|			return;
111|			
112|		_currentHealthSO.RestoreHealth(healthToAdd);
113|
114|		if (_updateHealthUI != null)
115|			_updateHealthUI.RaiseEvent();
116|	}
117|}

2024-10-09 00:12:51,999 - INFO Retriever 0 - Agent主脑给出的回答为：{
    "finish": "我已完成你所给出的任务需求，请你进行确认"
}
2024-10-09 00:12:51,999 - INFO Retriever 0 - 是否成功解析：True
2024-10-09 00:12:52,000 - INFO Retriever 0 - operation_type (__det_dir_action):
2024-10-09 00:12:52,000 - INFO Retriever 0 - finish
2024-10-09 00:12:52,000 - INFO Retriever 0 - 

——————————————————————————————————————————————————————————————————————————————————————————————————————————————————————————
2024-10-09 00:12:52,000 - INFO Retriever 0 - Assistant:
2024-10-09 00:12:52,002 - INFO Retriever 0 - {
    "finish": "我已完成你所给出的任务需求，请你进行确认"
}
2024-10-09 00:12:52,002 - INFO Retriever 0 - dict_keys(['finish'])
2024-10-09 00:12:52,002 - INFO Retriever 0 - ——————————————————————————————————— 任务结束 ———————————————————————————————————
2024-10-09 00:13:12,911 - INFO Retriever 0 - -------------------------Task Report-----------------------
2024-10-09 00:13:12,912 - INFO Retriever 0 - * 文件一：
    * 文件绝对路径：D:\Unity\open-project-1-main\UOP1_Project\Assets\Scripts\Characters\Attack.cs
    * 文件内容概述：该脚本定义了一个名为`Attack`的类，用于管理游戏对象的攻击行为。它通过`AttackConfigSO`来管理攻击的属性，如攻击强度，并在与其他游戏对象发生触发碰撞时，检查目标是否为友军，如果不是，则尝试获取`Damageable`组件并执行攻击。
    * 该文件与问题目标之间的关联性：该脚本负责触发攻击行为，当怪物攻击玩家时，会调用`Damageable`组件的`ReceiveAnAttack`方法，因此与玩家受到怪物攻击伤害的逻辑直接相关。

* 文件二：
    * 文件绝对路径：D:\Unity\open-project-1-main\UOP1_Project\Assets\Scripts\Characters\Damageable.cs
    * 文件内容概述：该脚本定义了一个名为`Damageable`的类，用于管理游戏对象的健康状态。它提供了健康状态管理、伤害接收、死亡事件广播以及恢复健康的功能。在`ReceiveAnAttack`方法中，脚本会根据传入的攻击强度减少生命值，并在生命值降至零时触发死亡事件。
    * 该文件与问题目标之间的关联性：该脚本直接处理玩家受到伤害的逻辑，当玩家受到怪物攻击时，会调用此脚本来减少生命值，并可能触发死亡事件，因此与问题目标直接相关。

以上两个文件是本次搜索过程中找到的与问题目标直接相关的文件。其他检索到的文件虽然可能包含与攻击和伤害相关的代码，但它们与玩家受到怪物攻击伤害的逻辑的关联性不如上述两个文件直接和紧密。
2024-10-09 00:13:12,912 - INFO Retriever 0 - 
Token Consuming:155760

2024-10-09 00:13:12,912 - INFO Retriever 0 - 
history rounds:18

