2024-11-03 02:44:46,990 - INFO Retriever 0 - Init Retriever.
2024-11-03 02:47:03,673 - INFO Retriever 0 - keywords:“level”，“time”，“hour”，“关卡”，“时间”
2024-11-03 02:47:03,708 - INFO Retriever 0 - deep_think_conent
:在获取了项目文件的顶层结构后，我还需要结合待查询的问题描述，对于项目中的文件和目录进行一些深度关键词检索。根据任务描述：“请在D:/Unity/Survaval\Assets下各级目录中寻找：有关关卡时间设置的相关文件”，我总结出如下可能会出现在各个文件名或者文件内容中的关键词：“level”，“time”，“hour”，“关卡”，“时间”。
接下来，我将使用retrieve_keywords操作，在项目顶层路径“D:/Unity/Survaval\Assets”下检索这些关键词，从而大致把握可能与问题描述相关的文件或目录的路径。
2024-11-03 02:47:03,756 - INFO Retriever 0 - ——————————————————————————————————————————————————————————————————————————————————————————————————————————————————————————
2024-11-03 02:47:03,765 - INFO Retriever 0 - Assistant:
2024-11-03 02:47:03,765 - INFO Retriever 0 - {
    "deep_think": {
        "thoughts": "好的，接下来我将通过深度思考、仔细计划以及逐步执行的方式，来完成该任务。\n\n首先，在阅读详细的代码细节之前，应该先整体把握整个项目。\n\n在提供的可选的action中，可以通过get_folder_info操作，通过将项目顶层路径作为target_folder_path参数进行传入，来获取获取项目中主要文件夹和主要文件的描述，从而能够先大致把握项目文件的主要文件的文件树结构、基本内容、主要代码概述以及大致功能板块的分布。"
    }
}
2024-11-03 02:47:03,773 - INFO Retriever 0 - 
Observer:
2024-11-03 02:47:03,778 - INFO Retriever 0 - 好的，请继续你的下一步行动或思考。
2024-11-03 02:47:03,780 - INFO Retriever 0 - 
2024-11-03 02:47:06,830 - INFO Retriever 0 - ——————————————————————————————————————————————————————————————————————————————————————————————————————————————————————————
2024-11-03 02:47:06,831 - INFO Retriever 0 - Assistant:
2024-11-03 02:47:06,833 - INFO Retriever 0 - {
    "get_folder_info": {
        "target_folder_path": "D:/Unity/Survaval\\Assets"
    }
}
2024-11-03 02:47:06,833 - INFO Retriever 0 - 
Observer:
2024-11-03 02:47:06,834 - INFO Retriever 0 - 目标文件夹路径：D:/Unity/Survaval\Assets
文件结构树（该结构树可能不完整，仅返回深度小于等于1层的子文件以及文件夹）：
├── AddressableAssetsData
│   ├── AddressableAssetSettings.asset
│   ├── Android
│   ├── AssetGroupTemplates
│   ├── AssetGroups
│   ├── DataBuilders
│   ├── DefaultObject.asset
│   ├── iOS
├── AmplifyShaderEditor
│   ├── AmplifyShaderEditor.asmdef
│   ├── ChangeLog.txt
│   ├── CreatingTerrainsWithASE.txt
│   ├── Plugins
│   ├── Readme.txt
├── BlobHashMaps
│   ├── BlobBuilderExtensions.cs
│   ├── BlobHashMap.cs
│   ├── BlobHashMapIntInt.cs
│   ├── BlobHashMaps.asmdef
│   ├── BlobMultiHashMap.cs
│   ├── Data
├── BuildReport
│   ├── CustomBuildScriptExample.txt
│   ├── GUI
│   ├── README.txt
│   ├── Scripts
│   ├── VERSION.txt
│   ├── license.txt
├── CapturePath
├── DamageNumbersPro
│   ├── DamageNumbersPro.asmdef
│   ├── Documentation.url
│   ├── Editor
│   ├── Fonts
│   ├── Materials
│   ├── Scripts
├── Editor
│   ├── ChannelSetting.cs
│   ├── OrbiteExtenedEditor.cs
│   ├── Resources
│   ├── ShaderStripSettings
├── Editor Default Resources
│   ├── MasterAudio
├── EnhancedScroller v2
│   ├── ChangeLog.txt
│   ├── Documentation
│   ├── Plugins
│   ├── Tutorials
│   ├── readme.txt
│   ├── upgrading from 1.x to 2.x.txt
├── FlockBox
│   ├── Classic
│   ├── DOTS
│   ├── Flock Box Manual.pdf
├── Gizmos
│   ├── MasterAudio
├── Magic Spells Sound Effects V2.0
│   ├── Casting Loops
│   ├── Element Scholls
│   ├── General Spell
│   ├── Medieval Combat Sounds BONUS
│   ├── Special Attack
├── Pixel Arsenal
│   ├── Demo
│   ├── Materials
│   ...
│   ├── Textures
├── Plugins
│   ├── Android
│   ├── DarkTonic
│   ├── Demigiant
│   ├── Editor
│   ├── RelationsInspector
│   ├── Sirenix
│   ├── iOS
├── RPG Icons Pixel Art
│   ├── Aeromancer
│   ├── Alchemy1
│   ...
│   ├── Сrossbowman
├── Resources
│   ├── DOTweenSettings.asset
│   ├── MasterAudio
├── SPUM
│   ├── MonsterOrc_Prefabs
│   ├── MonsterUndeadPrefabs
│   ...
│   ├── Sprite_SheetExporter(Beta)
├── StreamingAssets
├── TextMesh Pro
│   ├── Documentation
│   ├── Fonts
│   ├── Resources
│   ├── Shaders
│   ├── Sprites
├── UniversalRenderPipelineGlobalSettings.asset
├── VirtualButtonsForUnity
│   ├── VirtualButtonsForUnity
├── YouLoftSDK
│   ├── PottingMobileSDK
│   ├── PottingMobileServices
│   ...
│   ├── YouloftTemp.cs
├── ZTools
│   ├── GlobalStringBuilder.cs
│   ├── Localization
│   ├── ZTools.asmdef
├── _MyAssets
│   ├── Animations
│   ├── ArtAssets
│   ...
│   ├── URPSettings


其中，部分主要文件及文件夹的信息如下：
1. Assets
# 路径:D:\\Unity\\Survaval\Assets
# 内容概述:“UniversalRenderPipelineGlobalSettings.asset”文件是Unity项目中用于配置通用渲染管道（URP）全局设置的资产。它涵盖了光照模式、阴影质量、后处理效果以及性能优化等关键设置，如光照层配置、阴影质量选择和后处理效果启用，旨在平衡视觉效果与性能表现，以适应不同游戏的需求。

2. AddressableAssetsData
# 路径:D:\\Unity\\Survaval\Assets\AddressableAssetsData
# 内容概述:### 文件夹内容简述

“AddressableAssetsData”文件夹汇集了Unity游戏开发所需的资源管理和配置文件。其中，Android和iOS子文件夹分别管理针对各自平台的资源状态。AssetGroups和AssetGroupTemplates子文件夹则专注于资源打包和内容更新配置，而DataBuilders子文件夹提供了资源管理和场景加载的脚本配置。此外，AddressableAssetSettings.asset文件负责资源加载和优化全局设置，而DefaultObject.asset则定义了Unity脚本组件的配置。整体而言，这些文件共同构成了游戏资源高效管理和优化的框架。

3. AmplifyShaderEditor
# 路径:D:\\Unity\\Survaval\Assets\AmplifyShaderEditor
# 内容概述:“AmplifyShaderEditor”文件夹汇集了Unity游戏开发中Amplify Shader Editor插件的核心组件与资源，包括编辑器脚本、界面资源、版本更新日志和使用指南。其中，“Editor”子文件夹承载着插件的核心逻辑和操作界面，而“EditorResources”则提供了图形用户界面和渲染资源。更新日志“ChangeLog.txt”详细记录了插件的功能迭代和问题修复，而“CreatingTerrainsWithASE.txt”则指导用户如何利用ASE创建地形着色器。遗憾的是，“Readme.txt”因编码错误无法读取，但预计包含插件的基本使用说明。

4. BlobHashMaps
# 路径:D:\\Unity\\Survaval\Assets\BlobHashMaps
# 内容概述:“BlobHashMaps”文件夹汇集了针对Unity游戏引擎优化的数据结构脚本，包括BlobHashMap和BlobMultiHashMap的实现。核心文件如BlobBuilderHashMapData.cs和BlobHashMapData.cs定义了HashMap和只读哈希表，BlobBuilderExtensions.cs扩展了BlobHashMap功能，BlobHashMap.cs和BlobHashMapIntInt.cs则提供了更丰富的操作和构建器功能。BlobHashMaps.asmdef文件定义了模块依赖，而BlobMultiHashMap.cs引入了多哈希映射支持，共同构成了一个高效的数据管理工具集。

5. BuildReport
# 路径:D:\\Unity\\Survaval\Assets\BuildReport
# 内容概述:“BuildReport”文件夹汇集了Unity游戏引擎的构建报告工具及相关资源，包括UI设计资源（如BRTSkin、NativeSkin和NativeSkinExtraIcons）、自动化构建脚本（如CustomBuildScriptExample.txt）和编辑器脚本（位于Scripts/Editor）。此外，它还包含定义特定窗口样式的皮肤文件（BuildReportWindow.guiskin和BuildReportWindowDark.guiskin），以及工具的许可证信息（license.txt）和使用说明（README.txt）。VERSION.txt文件记录了工具的版本更新历史，突出了新增功能和错误修复。

6. CapturePath
# 路径:D:\\Unity\\Survaval\Assets\CapturePath
# 内容概述:该文件夹内容为空。

7. DamageNumbersPro
# 路径:D:\\Unity\\Survaval\Assets\DamageNumbersPro
# 内容概述:“DamageNumbersPro”文件夹汇集了Unity游戏开发所需的资源，包括编辑器脚本、多种风格的字体、材质和游戏逻辑脚本。其中，编辑器脚本用于资源配置，字体和材质丰富了游戏视觉元素，而脚本集合则支撑了游戏的核心逻辑和交互。此外，汇编定义文件和文档链接文件提供了模块化开发和项目文档的便捷访问。

8. Editor
# 路径:D:\\Unity\\Survaval\Assets\Editor
# 内容概述:### 文件夹内容总结

“Editor”文件夹汇集了Unity项目开发所需的资源与工具。其中，**Resources**子文件夹提供游戏与动画设计的视觉素材，包括角色、场景元素和预制游戏单元。**ShaderStripSettings**包含提升渲染质量的Unity脚本组件，而**ChannelSetting.cs**脚本则用于管理不同渠道的SDK和项目配置。此外，**OrbiteExtenedEditor.cs**编辑器扩展脚本增强了文本编辑和屏幕截图功能，辅助设计和开发流程。整体上，这些资源与工具相互关联，共同服务于Unity项目的开发与优化。

9. Editor Default Resources
# 路径:D:\\Unity\\Survaval\Assets\Editor Default Resources
# 内容概述:“Editor Default Resources”文件夹汇集了多种音频处理相关的图标，包括播放、暂停、停止等控制图标，以及复制、删除、保存等操作图标，还有LED灯状态指示和扬声器图标等。这些图标共同服务于音频编辑和界面设计，为用户提供了直观的操作和状态指示。

10. EnhancedScroller v2
# 路径:D:\\Unity\\Survaval\Assets\EnhancedScroller v2
# 内容概述:该“EnhancedScroller v2”文件夹汇集了Unity游戏开发中EnhancedScroller插件的全面资源，包括用户手册、插件代码、教程和更新日志。用户手册详细介绍了插件的使用方法，插件代码则由组件、单元格视图和动画系统等组成，旨在提升UI开发效率。教程资源帮助开发者快速上手，而更新日志和升级指南则提供了插件版本间的变化和升级指导。

11. FlockBox
# 路径:D:\\Unity\\Survaval\Assets\FlockBox
# 内容概述:### 文件夹内容精简总结

“Flock Box”文件夹是Unity游戏开发项目，集成了视觉资源、游戏逻辑脚本和DOTS架构相关资源。其中，**Classic**子文件夹提供游戏场景、预制体和艺术资源，**DOTS**子文件夹则专注于DOTS架构的脚本和材料。项目手册“Flock Box Manual.pdf”详细介绍了项目结构、资源使用和开发指南，为开发者提供了全面的项目操作指导。

12. Gizmos
# 路径:D:\\Unity\\Survaval\Assets\Gizmos
# 内容概述:“Gizmos”文件夹汇集了音频处理相关的图标设计，包括“MasterAudio”品牌标识和“PlaylistController”播放列表控制功能的图标，旨在为音频软件界面提供视觉元素。

13. Magic Spells Sound Effects V2.0
# 路径:D:\\Unity\\Survaval\Assets\Magic Spells Sound Effects V2.0
# 内容概述:“Magic Spells Sound Effects V2.0”文件夹汇集了丰富的音效资源，包括循环施法音效、元素相关施法音效、通用魔法效果、中世纪战斗声音以及特定攻击音效。这些音效覆盖了从增益攻击到治疗，从施法到战斗动作，适用于游戏、影视等多媒体项目，且文件命名清晰，便于快速查找和使用。

14. Pixel Arsenal
# 路径:D:\\Unity\\Survaval\Assets\Pixel Arsenal
# 内容概述:“Pixel Arsenal”文件夹汇集了丰富的游戏开发资源，包括视觉素材（如天空盒和纹理）、预制体（如界面元素和特效）、场景素材、Unity脚本（用于游戏逻辑）和音频效果。这些资源相互关联，共同构建了游戏和视觉效果的基础，适用于Unity等游戏引擎。文件夹内的“ReadMe.txt”文件提供了资源使用指南和潜在的技术支持信息。

15. Plugins
# 路径:D:\\Unity\\Survaval\Assets\Plugins
# 内容概述:“Plugins”文件夹汇集了多平台游戏开发资源，包括Android应用开发工具、Unity游戏资源包如音频和网络同步插件，以及编辑器扩展和iOS应用开发组件。其中，Android子文件夹提供项目配置和第三方库；Unity相关资源如DarkTonic和Demigiant则专注于音频和网络同步，以及动画处理；Editor子文件夹增强Unity编辑器功能；iOS子文件夹涵盖性能监控和广告集成等iOS特有功能。这些资源相互关联，共同构建了一个全面的游戏开发环境。

16. Resources
# 路径:D:\\Unity\\Survaval\Assets\Resources
# 内容概述:### 文件夹内容总结

“Resources”文件夹汇集了Unity游戏项目的关键配置资源，包括“MasterAudioSettings.asset”用于音频处理和插件配置，以及“DOTweenSettings.asset”用于动画和缓动库的详细设置，两者共同确保游戏音效和动画的优化与流畅。

17. RPG Icons Pixel Art
# 路径:D:\\Unity\\Survaval\Assets\RPG Icons Pixel Art
# 内容概述:当然可以。以下是融合后的简短内容：

“Support contact.pdf”文件提供客户支持联系信息，包括电话、电子邮件和在线支持服务，并附有服务时间表、常见问题解答以及用户反馈表单，旨在为用户提供便捷的咨询与支持服务。

18. SPUM
# 路径:D:\\Unity\\Survaval\Assets\SPUM
# 内容概述:“SPUM”文件夹汇集了丰富的游戏开发资源，包括怪物与角色预制体、动画素材、图像资源、字体、材质以及Unity脚本等。它涵盖了从角色模型和动画到编辑器扩展和场景设置的全方位内容，旨在支持游戏开发、3D建模和动画制作项目。文件夹内不同子目录紧密关联，共同构成了一个完整的项目资源库。

19. StreamingAssets
# 路径:D:\\Unity\\Survaval\Assets\StreamingAssets
# 内容概述:“StreamingAssets”文件夹主要存储流媒体应用所需的资源，包括视频、音频和图像文件，以及相关的配置和脚本文件。该文件夹内部分为视频、音频、图像、配置和脚本等子文件夹，各自管理不同类型的媒体资源和播放逻辑配置，以确保资源的高效加载和流式传输。

20. TextMesh Pro
# 路径:D:\\Unity\\Survaval\Assets\TextMesh Pro
# 内容概述:该“TextMesh Pro”文件夹汇集了TextMesh Pro软件的用户指南、Liberation Sans字体资源、Unity项目资源包以及表情符号素材。其中，用户指南详细介绍了软件操作，Liberation Sans字体提供多种样式，Unity资源包包括字体、材质和精灵资产，着色器文件则专注于图形渲染，而表情符号资源则便于集成到项目中。这些内容相互关联，共同服务于游戏开发与图形设计的需求。

21. VirtualButtonsForUnity
# 路径:D:\\Unity\\Survaval\Assets\VirtualButtonsForUnity
# 内容概述:### 文件夹内容概览

“VirtualButtonsForUnity”文件夹是Unity游戏开发资源，集成了虚拟按钮、方向垫和摇杆预制体及脚本，旨在增强游戏交互体验。内含示例项目、预制体、脚本、图像资源和详细文档，方便开发者快速集成和使用。

22. YouLoftSDK
# 路径:D:\\Unity\\Survaval\Assets\YouLoftSDK
# 内容概述:### 文件夹内容总结

“YouLoftSDK”文件夹是Unity游戏开发者的综合工具包，集成了广告管理、支付、用户管理、数据同步等功能模块。其中，**PottingMobileSDK** 提供了Android和iOS平台的插件和脚本，**PottingMobileServices** 则包含了跨平台服务接口和功能脚本。广告管理、支付、礼包兑换等具体功能由 **YouLoftAd.cs**、**YouLoftPay.cs** 和 **YouLoftRedeemcode.cs** 等文件实现，而 **YouLoftSDKManager.cs** 负责管理这些模块，确保它们协同工作。此外，**YouLoftLogin.cs** 处理用户登录，**YouLoftEvent.cs** 和 **YouloftTemp.cs** 分别提供事件跟踪和配置同步功能，共同支撑游戏的整体运行。

23. ZTools
# 路径:D:\\Unity\\Survaval\Assets\ZTools
# 内容概述:### 文件夹内容总结
“ZTools”文件夹汇集了Unity游戏开发中本地化和字符串操作的工具。其中，包含用于本地化文本管理的脚本，如`StaticLocalizedText.cs`和`StaticLocalizedText_UGUI.cs`，以及`Strings.cs`用于管理本地化字符串。此外，`GlobalStringBuilder.cs`提供了全局字符串构建功能，优化了字符串操作性能。而“ZTools.asmdef”文件则定义了项目中的“ZTools”程序集，管理着相关脚本文件的引用和编译。这些工具共同构成了一个高效且模块化的开发环境。

24. _MyAssets
# 路径:D:\\Unity\\Survaval\Assets\_MyAssets
# 内容概述:“_MyAssets”文件夹是游戏开发的核心资源库，汇集了动画、艺术资产、音频、数据配置、编辑器资源、字体、图标、脚本、着色器等关键文件，以及预制体和场景设计。它为游戏提供了丰富的视觉和音频效果，并通过详细的配置文件和脚本实现了复杂的游戏逻辑和交互。文件夹内资源相互关联，共同支撑起游戏的整体架构和功能实现。

25. UniversalRenderPipelineGlobalSettings.asset
# 路径:D:\\Unity\\Survaval\Assets\UniversalRenderPipelineGlobalSettings.asset
# 内容概述:### 简化总结

该文件是Unity的通用渲染管道全局设置配置，定义了8个光照层（如Light Layer default至Light Layer 7）。它还包含了性能优化设置，如移除调试变体和未使用变体，以及不支持运行时调试显示。


2024-11-03 02:47:06,837 - INFO Retriever 0 - 
2024-11-03 02:47:06,839 - INFO Retriever 0 - ——————————————————————————————————————————————————————————————————————————————————————————————————————————————————————————
2024-11-03 02:47:06,839 - INFO Retriever 0 - Assistant:
2024-11-03 02:47:06,839 - INFO Retriever 0 - {
    "deep_think": {
        "thoughts": "在获取了项目文件的顶层结构后，我还需要结合待查询的问题描述，对于项目中的文件和目录进行一些深度关键词检索。根据任务描述：“请在D:/Unity/Survaval\\Assets下各级目录中寻找：有关关卡时间设置的相关文件”，我总结出如下可能会出现在各个文件名或者文件内容中的关键词：“level”，“time”，“hour”，“关卡”，“时间”。\n接下来，我将使用retrieve_keywords操作，在项目顶层路径“D:/Unity/Survaval\\Assets”下检索这些关键词，从而大致把握可能与问题描述相关的文件或目录的路径。"
    }
}
2024-11-03 02:47:06,839 - INFO Retriever 0 - 
Observer:
2024-11-03 02:47:06,841 - INFO Retriever 0 - 好的，请继续你的下一步行动或思考。
2024-11-03 02:47:06,841 - INFO Retriever 0 - 
2024-11-03 02:47:07,232 - INFO Retriever 0 - ——————————————————————————————————————————————————————————————————————————————————————————————————————————————————————————
2024-11-03 02:47:07,232 - INFO Retriever 0 - Assistant:
2024-11-03 02:47:07,232 - INFO Retriever 0 - {
    "retrieve_keywords": {
        "keyword_list": [
            "level",
            "time",
            "hour",
            "关卡",
            "时间"
        ]
    }
}
2024-11-03 02:47:07,232 - INFO Retriever 0 - 
Observer:
2024-11-03 02:47:07,232 - INFO Retriever 0 - 根据你提供的关键词，我检索到以下目录或文件，它们的绝对路径如下：


1. D:\\Unity\\Survaval\Assets\_MyAssets\Data\BattlePass\level_31-40.asset
### 简要总结
该文件定义了Unity游戏关卡31至40的奖励系统，涵盖正常和升级奖励。每个关卡对应不同的奖励类型和数值，旨在激励玩家完成挑战。

2. D:\\Unity\\Survaval\Assets\_MyAssets\Scripts\UI\MainUI\StagePanel
## 文件夹内容精简总结

“StagePanel”文件夹内包含两个关键脚本：`StageSelectItem.cs`和`StageSelectPanel.cs`。`StageSelectItem.cs`负责在关卡选择界面中展示单个关卡的信息，包括解锁状态和事件处理；而`StageSelectPanel.cs`则管理整个关卡选择界面的逻辑，包括关卡列表的显示和用户交互。这两个脚本协同工作，共同实现了关卡选择界面的功能。

3. D:\\Unity\\Survaval\Assets\_MyAssets\Data\BattlePass\level_41-50.asset
### 关键点融合
该文件详细定义了Unity游戏关卡41至50的奖励系统，涵盖每个级别的正常和升级奖励。奖励类型包括金币、道具和特殊奖励，具体奖励值和关联数据如地图、角色等均有所配置。

4. D:\\Unity\\Survaval\Assets\_MyAssets\Data\BattlePass\level_81-90.asset
### 文本总结
该文件为Unity游戏资产“level_81-90.asset”，记录了81至90级关卡的正常与升级奖励配置。每个关卡设有类型7的奖励，正常奖励值为50，升级奖励值为150，涉及地图、物品等数据，但具体引用的数据文件ID均为0。

5. D:\\Unity\\Survaval\Assets\_MyAssets\Data\BattlePass\level_91-100.asset
### 文本总结
该文件是Unity3D游戏关卡91至100的奖励配置，详细列出了每级关卡的普通和升级奖励，包括奖励类型和数值。配置涵盖了地图、物品、属性等数据，但具体内容以占位符表示。

6. D:\\Unity\\Survaval\Assets\_MyAssets\Scripts\UI\MainUI\StagePanel\StageSelectItem.cs
该脚本定义了Unity游戏中的`StageSelectItem`类，作为关卡选择界面中单个关卡信息的展示单元。类继承自`EnhancedScrollerCellView`，负责显示关卡图标、标题、描述等，并处理解锁状态和事件响应。主要功能包括初始化按钮监听、设置关卡数据、根据解锁情况更新界面样式，以及处理选中事件和按钮点击事件，以实现关卡选择和引导功能。

7. D:\\Unity\\Survaval\Assets\_MyAssets\Data\BattlePass\level_11-20.asset
### 简要总结
该文件是Unity游戏资产“level_11-20.asset”的配置，详细列出了第11至20级关卡的正常与升级后奖励，包括经验、货币、物品等多种奖励类型，并关联了角色、物品等游戏内数据。

8. D:\\Unity\\Survaval\Assets\_MyAssets\Data\BattlePass
## 简化版文件夹内容分析总结

“BattlePass”文件夹汇集了Unity游戏开发中的关键配置文件，涵盖战斗通行证数据结构、经验值和奖励设置，以及从等级1至100的关卡奖励配置。这些文件协同定义了游戏的奖励系统，为玩家提供完成关卡和参与战斗的激励，同时部分奖励配置涉及外部数据引用，表明系统可能包含更复杂的数据结构。文件夹内文件如“BattlePassData.asset”定义了战斗通行证的整体框架，而“Level_1-100.asset”系列文件则详细列出了各等级的奖励配置，包括正常和升级奖励。


请注意，这些目录或文件可能不全都和你的任务目标相关，仅供参考。请你基于具体的文件内容概述，结合你的任务目标，认真思考分析后，优先选择最有可能与任务相关的目录或文件进行进一步的检查。
2024-11-03 02:47:07,232 - INFO Retriever 0 - 
2024-11-03 02:47:15,478 - INFO Retriever 0 - Agent主脑给出的回答为：{
    "deep_think": {
        "thoughts": "根据检索结果，我注意到有多个文件和目录可能与关卡时间设置相关，特别是那些包含“level”和“time”关键词的文件。例如，文件名中包含“level”的文件可能包含关卡相关的配置，而包含“time”的文件可能包含时间相关的设置。接下来，我将选择其中一个文件进行详细阅读，以确定它是否包含关卡时间设置的相关信息。我选择文件D:\\Unity\\Survaval\\Assets\\_MyAssets\\Data\\BattlePass\\level_31-40.asset作为我的下一步行动。"
    }
}
2024-11-03 02:47:15,480 - INFO Retriever 0 - 是否成功解析：True
2024-11-03 02:47:15,480 - INFO Retriever 0 - operation_type (__det_dir_action):
2024-11-03 02:47:15,480 - INFO Retriever 0 - deep_think
2024-11-03 02:47:15,480 - INFO Retriever 0 - 

——————————————————————————————————————————————————————————————————————————————————————————————————————————————————————————
2024-11-03 02:47:15,480 - INFO Retriever 0 - Assistant:
2024-11-03 02:47:15,480 - INFO Retriever 0 - {
    "deep_think": {
        "thoughts": "根据检索结果，我注意到有多个文件和目录可能与关卡时间设置相关，特别是那些包含“level”和“time”关键词的文件。例如，文件名中包含“level”的文件可能包含关卡相关的配置，而包含“time”的文件可能包含时间相关的设置。接下来，我将选择其中一个文件进行详细阅读，以确定它是否包含关卡时间设置的相关信息。我选择文件D:\\Unity\\Survaval\\Assets\\_MyAssets\\Data\\BattlePass\\level_31-40.asset作为我的下一步行动。"
    }
}
2024-11-03 02:47:15,480 - INFO Retriever 0 - dict_keys(['deep_think'])
2024-11-03 02:47:15,480 - INFO Retriever 0 - Agent主脑给出的行动：deep_think
参数：{'thoughts': '根据检索结果，我注意到有多个文件和目录可能与关卡时间设置相关，特别是那些包含“level”和“time”关键词的文件。例如，文件名中包含“level”的文件可能包含关卡相关的配置，而包含“time”的文件可能包含时间相关的设置。接下来，我将选择其中一个文件进行详细阅读，以确定它是否包含关卡时间设置的相关信息。我选择文件D:\\Unity\\Survaval\\Assets\\_MyAssets\\Data\\BattlePass\\level_31-40.asset作为我的下一步行动。', 'repeat_counter': 1, 'continue_think_counter': 1}
2024-11-03 02:47:15,482 - INFO Retriever 0 - Observer: 好的，请继续你的下一步行动或思考。
2024-11-03 02:47:15,482 - INFO Retriever 0 - 

————————————————————————————————————————————————————————————————
2024-11-03 02:47:15,483 - INFO Retriever 0 - 当前窗口总长度：11
2024-11-03 02:47:15,483 - INFO Retriever 0 - 当前更新窗口长度：2
2024-11-03 02:47:15,483 - INFO Retriever 0 - 当前更新窗口长度：2
2024-11-03 02:47:15,483 - INFO Retriever 0 - ————————————————————————————————————————————————————————————————


2024-11-03 02:47:18,059 - INFO Retriever 0 - Agent主脑给出的回答为：{
    "read_file": {
        "file_path": "D:/Unity/Survaval/Assets/_MyAssets/Data/BattlePass/level_31-40.asset"
    }
}
2024-11-03 02:47:18,059 - INFO Retriever 0 - 是否成功解析：True
2024-11-03 02:47:18,059 - INFO Retriever 0 - operation_type (__det_dir_action):
2024-11-03 02:47:18,059 - INFO Retriever 0 - read_file
2024-11-03 02:47:18,059 - INFO Retriever 0 - 

——————————————————————————————————————————————————————————————————————————————————————————————————————————————————————————
2024-11-03 02:47:18,059 - INFO Retriever 0 - Assistant:
2024-11-03 02:47:18,059 - INFO Retriever 0 - {
    "read_file": {
        "file_path": "D:/Unity/Survaval/Assets/_MyAssets/Data/BattlePass/level_31-40.asset"
    }
}
2024-11-03 02:47:18,059 - INFO Retriever 0 - dict_keys(['read_file'])
2024-11-03 02:47:18,059 - INFO Retriever 0 - Agent主脑给出的行动：read_file
参数：{'file_path': 'D:/Unity/Survaval/Assets/_MyAssets/Data/BattlePass/level_31-40.asset', 'top_path': 'D:/Unity/Survaval\\Assets', 'return_file_sum': <bound method TreeGenerationAction.return_file_sum of <Action.tree_gen_action.TreeGenerationAction object at 0x0000012F24949310>>}
2024-11-03 02:47:18,085 - INFO Retriever 0 - Observer: 这是一个名为“D:/Unity/Survaval/Assets/_MyAssets/Data/BattlePass/level_31-40.asset”的文件，该文件里的内容为：
MonoBehaviour:
  m_ObjectHideFlags: 0
  m_CorrespondingSourceObject:
    fileID: 0
  m_PrefabInstance:
    fileID: 0
  m_PrefabAsset:
    fileID: 0
  m_GameObject:
    fileID: 0
  m_Enabled: 1
  m_EditorHideFlags: 0
  m_Script:
    fileID: 11500000
    guid: 5e0d72fb687ee89469221744dc16b378
    type: 3
  m_Name: level_31-40
  m_EditorClassIdentifier: None
  internalID: 868555749
  Reward: 这是一个包含10个字典元素的列表，该列表中每个字典元素包含如下key：upReward,level,nomalReward，由于列表内容太长因此省略，目前不会影响你的任务。
  AssetName: level31-40
2024-11-03 02:47:18,090 - INFO Retriever 0 - 

————————————————————————————————————————————————————————————————
2024-11-03 02:47:18,090 - INFO Retriever 0 - 当前窗口总长度：13
2024-11-03 02:47:18,090 - INFO Retriever 0 - 当前更新窗口长度：4
2024-11-03 02:47:18,091 - INFO Retriever 0 - 当前更新窗口长度：4
2024-11-03 02:47:18,091 - INFO Retriever 0 - ————————————————————————————————————————————————————————————————


2024-11-03 02:47:24,274 - INFO Retriever 0 - Agent主脑给出的回答为：{
    "deep_think": {
        "thoughts": "我已经阅读了文件D:/Unity/Survaval/Assets/_MyAssets/Data/BattlePass/level_31-40.asset的内容。根据文件内容，该文件似乎是一个Unity的资产文件，其中包含了一个名为“Reward”的列表，列表中的每个元素都是一个字典，包含有关关卡奖励的信息。然而，文件内容并没有直接提及关卡时间设置。因此，我需要继续查找其他文件，以确定是否存在包含关卡时间设置的文件。接下来，我将选择另一个文件进行详细阅读，以确定它是否包含关卡时间设置的相关信息。我选择文件D:\\Unity\\Survaval\\Assets\\_MyAssets\\Scripts\\UI\\MainUI\\StagePanel\\StageSelectItem.cs作为我的下一步行动。"
    }
}
2024-11-03 02:47:24,274 - INFO Retriever 0 - 是否成功解析：True
2024-11-03 02:47:24,275 - INFO Retriever 0 - operation_type (__det_dir_action):
2024-11-03 02:47:24,275 - INFO Retriever 0 - deep_think
2024-11-03 02:47:24,275 - INFO Retriever 0 - 

——————————————————————————————————————————————————————————————————————————————————————————————————————————————————————————
2024-11-03 02:47:24,275 - INFO Retriever 0 - Assistant:
2024-11-03 02:47:24,275 - INFO Retriever 0 - {
    "deep_think": {
        "thoughts": "我已经阅读了文件D:/Unity/Survaval/Assets/_MyAssets/Data/BattlePass/level_31-40.asset的内容。根据文件内容，该文件似乎是一个Unity的资产文件，其中包含了一个名为“Reward”的列表，列表中的每个元素都是一个字典，包含有关关卡奖励的信息。然而，文件内容并没有直接提及关卡时间设置。因此，我需要继续查找其他文件，以确定是否存在包含关卡时间设置的文件。接下来，我将选择另一个文件进行详细阅读，以确定它是否包含关卡时间设置的相关信息。我选择文件D:\\Unity\\Survaval\\Assets\\_MyAssets\\Scripts\\UI\\MainUI\\StagePanel\\StageSelectItem.cs作为我的下一步行动。"
    }
}
2024-11-03 02:47:24,276 - INFO Retriever 0 - dict_keys(['deep_think'])
2024-11-03 02:47:24,276 - INFO Retriever 0 - Agent主脑给出的行动：deep_think
参数：{'thoughts': '我已经阅读了文件D:/Unity/Survaval/Assets/_MyAssets/Data/BattlePass/level_31-40.asset的内容。根据文件内容，该文件似乎是一个Unity的资产文件，其中包含了一个名为“Reward”的列表，列表中的每个元素都是一个字典，包含有关关卡奖励的信息。然而，文件内容并没有直接提及关卡时间设置。因此，我需要继续查找其他文件，以确定是否存在包含关卡时间设置的文件。接下来，我将选择另一个文件进行详细阅读，以确定它是否包含关卡时间设置的相关信息。我选择文件D:\\Unity\\Survaval\\Assets\\_MyAssets\\Scripts\\UI\\MainUI\\StagePanel\\StageSelectItem.cs作为我的下一步行动。', 'repeat_counter': 1, 'continue_think_counter': 1}
2024-11-03 02:47:24,276 - INFO Retriever 0 - Observer: 好的，请继续你的下一步行动或思考。
2024-11-03 02:47:24,278 - INFO Retriever 0 - 

————————————————————————————————————————————————————————————————
2024-11-03 02:47:24,278 - INFO Retriever 0 - 当前窗口总长度：15
2024-11-03 02:47:24,278 - INFO Retriever 0 - 当前更新窗口长度：6
2024-11-03 02:47:24,278 - INFO Retriever 0 - 当前更新窗口长度：6
2024-11-03 02:47:24,279 - INFO Retriever 0 - ————————————————————————————————————————————————————————————————


2024-11-03 02:47:29,016 - INFO Retriever 0 - Agent主脑给出的回答为：{
    "read_file": {
        "file_path": "D:/Unity/Survaval/Assets/_MyAssets/Scripts/UI/MainUI/StagePanel/StageSelectItem.cs"
    }
}
2024-11-03 02:47:29,017 - INFO Retriever 0 - 是否成功解析：True
2024-11-03 02:47:29,018 - INFO Retriever 0 - operation_type (__det_dir_action):
2024-11-03 02:47:29,018 - INFO Retriever 0 - read_file
2024-11-03 02:47:29,019 - INFO Retriever 0 - 

——————————————————————————————————————————————————————————————————————————————————————————————————————————————————————————
2024-11-03 02:47:29,019 - INFO Retriever 0 - Assistant:
2024-11-03 02:47:29,019 - INFO Retriever 0 - {
    "read_file": {
        "file_path": "D:/Unity/Survaval/Assets/_MyAssets/Scripts/UI/MainUI/StagePanel/StageSelectItem.cs"
    }
}
2024-11-03 02:47:29,019 - INFO Retriever 0 - dict_keys(['read_file'])
2024-11-03 02:47:29,020 - INFO Retriever 0 - Agent主脑给出的行动：read_file
参数：{'file_path': 'D:/Unity/Survaval/Assets/_MyAssets/Scripts/UI/MainUI/StagePanel/StageSelectItem.cs', 'top_path': 'D:/Unity/Survaval\\Assets', 'return_file_sum': <bound method TreeGenerationAction.return_file_sum of <Action.tree_gen_action.TreeGenerationAction object at 0x0000012F24949310>>}
2024-11-03 02:47:29,231 - INFO Retriever 0 - Observer: 这是一个名为“D:/Unity/Survaval/Assets/_MyAssets/Scripts/UI/MainUI/StagePanel/StageSelectItem.cs”的文件，该文件里的内容为：
由于脚本文件内容过长，暂时仅给出该脚本文件的内容总结:
- ### 总体概述
- **框架和模块化结构**：该脚本定义了一个名为 `StageSelectItem` 的类，继承自 `EnhancedScrollerCellView`，用于在Unity游戏中的关卡选择界面中显示单个关卡的信息。
- **主要功能和目标**：脚本的主要功能是展示关卡信息，包括图标、标题、描述、解锁状态等，并提供解锁逻辑和事件处理。

### 模块和功能
- **关卡信息展示**：显示关卡名称、描述、图标、解锁状态等。
- **解锁逻辑**：根据玩家的解锁状态和成就数据来判断关卡是否可解锁。
- **事件处理**：处理关卡选择事件，包括选中样式和按钮点击事件。

### 类和函数
- **类**：`StageSelectItem`
  - **作用**：表示关卡选择界面中的一个单元视图。
- **函数**：
  - `Awake()`: 初始化时调用，添加按钮监听器。
  - `OnEnable()`: 当对象变为启用状态时调用，添加事件监听。
  - `OnDisable()`: 当对象变为禁用状态时调用，移除事件监听。
  - `SetData(MapData data, int Index)`: 设置关卡数据。
  - `SelectStyle(bool isSlect)`: 设置选中样式。
  - `IsUnlockStyle(bool isUnlock)`: 设置解锁样式。
  - `SelectStyleEvent(IEvent ievent)`: 处理关卡选择事件。
  - `OnItemBtn()`: 处理单元按钮点击事件。

### 实现逻辑
- 初始化时设置按钮监听器和事件监听。
- 设置数据时，更新关卡信息，包括标题、描述、图标等。
- 根据解锁状态更新解锁样式和提示信息。
- 处理事件时，更新选中样式，并处理按钮点击事件，包括解锁关卡和触发新手引导。
2024-11-03 02:47:29,234 - INFO Retriever 0 - 

————————————————————————————————————————————————————————————————
2024-11-03 02:47:29,234 - INFO Retriever 0 - 当前窗口总长度：17
2024-11-03 02:47:29,235 - INFO Retriever 0 - 当前更新窗口长度：8
2024-11-03 02:47:29,235 - INFO Retriever 0 - 当前更新窗口长度：8
2024-11-03 02:47:29,235 - INFO Retriever 0 - ————————————————————————————————————————————————————————————————


2024-11-03 02:48:16,928 - INFO Retriever 0 - Agent主脑给出的回答为：{
    "deep_think": {
        "thoughts": "我已经阅读了文件D:/Unity/Survaval/Assets/_MyAssets/Scripts/UI/MainUI/StagePanel/StageSelectItem.cs的内容。根据文件内容，该脚本是一个Unity的C#脚本，用于在关卡选择界面中展示单个关卡的信息。脚本中包含了关卡信息展示、解锁逻辑和事件处理等功能。然而，脚本内容并没有直接提及关卡时间设置。因此，我需要继续查找其他文件，以确定是否存在包含关卡时间设置的文件。接下来，我将选择另一个文件进行详细阅读，以确定它是否包含关卡时间设置的相关信息。我选择文件D:\\Unity\\Survaval\\Assets\\_MyAssets\\Data\\BattlePass\\level_41-50.asset作为我的下一步行动。"
    }
}
2024-11-03 02:48:16,929 - INFO Retriever 0 - 是否成功解析：True
2024-11-03 02:48:16,929 - INFO Retriever 0 - operation_type (__det_dir_action):
2024-11-03 02:48:16,929 - INFO Retriever 0 - deep_think
2024-11-03 02:48:16,929 - INFO Retriever 0 - 

——————————————————————————————————————————————————————————————————————————————————————————————————————————————————————————
2024-11-03 02:48:16,929 - INFO Retriever 0 - Assistant:
2024-11-03 02:48:16,930 - INFO Retriever 0 - {
    "deep_think": {
        "thoughts": "我已经阅读了文件D:/Unity/Survaval/Assets/_MyAssets/Scripts/UI/MainUI/StagePanel/StageSelectItem.cs的内容。根据文件内容，该脚本是一个Unity的C#脚本，用于在关卡选择界面中展示单个关卡的信息。脚本中包含了关卡信息展示、解锁逻辑和事件处理等功能。然而，脚本内容并没有直接提及关卡时间设置。因此，我需要继续查找其他文件，以确定是否存在包含关卡时间设置的文件。接下来，我将选择另一个文件进行详细阅读，以确定它是否包含关卡时间设置的相关信息。我选择文件D:\\Unity\\Survaval\\Assets\\_MyAssets\\Data\\BattlePass\\level_41-50.asset作为我的下一步行动。"
    }
}
2024-11-03 02:48:16,930 - INFO Retriever 0 - dict_keys(['deep_think'])
2024-11-03 02:48:16,930 - INFO Retriever 0 - Agent主脑给出的行动：deep_think
参数：{'thoughts': '我已经阅读了文件D:/Unity/Survaval/Assets/_MyAssets/Scripts/UI/MainUI/StagePanel/StageSelectItem.cs的内容。根据文件内容，该脚本是一个Unity的C#脚本，用于在关卡选择界面中展示单个关卡的信息。脚本中包含了关卡信息展示、解锁逻辑和事件处理等功能。然而，脚本内容并没有直接提及关卡时间设置。因此，我需要继续查找其他文件，以确定是否存在包含关卡时间设置的文件。接下来，我将选择另一个文件进行详细阅读，以确定它是否包含关卡时间设置的相关信息。我选择文件D:\\Unity\\Survaval\\Assets\\_MyAssets\\Data\\BattlePass\\level_41-50.asset作为我的下一步行动。', 'repeat_counter': 1, 'continue_think_counter': 1}
2024-11-03 02:48:16,931 - INFO Retriever 0 - Observer: 好的，请继续你的下一步行动或思考。
2024-11-03 02:48:16,932 - INFO Retriever 0 - 

————————————————————————————————————————————————————————————————
2024-11-03 02:48:16,932 - INFO Retriever 0 - 当前窗口总长度：19
2024-11-03 02:48:16,933 - INFO Retriever 0 - 当前更新窗口长度：10
2024-11-03 02:48:16,933 - INFO Retriever 0 - 当前更新窗口长度：10
2024-11-03 02:48:16,933 - INFO Retriever 0 - ————————————————————————————————————————————————————————————————


2024-11-03 02:48:22,231 - INFO Retriever 0 - Agent主脑给出的回答为：{
    "read_file": {
        "file_path": "D:/Unity/Survaval/Assets/_MyAssets/Data/BattlePass/level_41-50.asset"
    }
}
2024-11-03 02:48:22,232 - INFO Retriever 0 - 是否成功解析：True
2024-11-03 02:48:22,233 - INFO Retriever 0 - operation_type (__det_dir_action):
2024-11-03 02:48:22,233 - INFO Retriever 0 - read_file
2024-11-03 02:48:22,234 - INFO Retriever 0 - 

——————————————————————————————————————————————————————————————————————————————————————————————————————————————————————————
2024-11-03 02:48:22,234 - INFO Retriever 0 - Assistant:
2024-11-03 02:48:22,235 - INFO Retriever 0 - {
    "read_file": {
        "file_path": "D:/Unity/Survaval/Assets/_MyAssets/Data/BattlePass/level_41-50.asset"
    }
}
2024-11-03 02:48:22,235 - INFO Retriever 0 - dict_keys(['read_file'])
2024-11-03 02:48:22,238 - INFO Retriever 0 - Agent主脑给出的行动：read_file
参数：{'file_path': 'D:/Unity/Survaval/Assets/_MyAssets/Data/BattlePass/level_41-50.asset', 'top_path': 'D:/Unity/Survaval\\Assets', 'return_file_sum': <bound method TreeGenerationAction.return_file_sum of <Action.tree_gen_action.TreeGenerationAction object at 0x0000012F24949310>>}
2024-11-03 02:48:22,300 - INFO Retriever 0 - Observer: 这是一个名为“D:/Unity/Survaval/Assets/_MyAssets/Data/BattlePass/level_41-50.asset”的文件，该文件里的内容为：
MonoBehaviour:
  m_ObjectHideFlags: 0
  m_CorrespondingSourceObject:
    fileID: 0
  m_PrefabInstance:
    fileID: 0
  m_PrefabAsset:
    fileID: 0
  m_GameObject:
    fileID: 0
  m_Enabled: 1
  m_EditorHideFlags: 0
  m_Script:
    fileID: 11500000
    guid: 5e0d72fb687ee89469221744dc16b378
    type: 3
  m_Name: level_41-50
  m_EditorClassIdentifier: None
  internalID: 1640798617
  Reward: 这是一个包含10个字典元素的列表，该列表中每个字典元素包含如下key：upReward,level,nomalReward，由于列表内容太长因此省略，目前不会影响你的任务。
  AssetName: level41-50
2024-11-03 02:48:22,303 - INFO Retriever 0 - 

————————————————————————————————————————————————————————————————
2024-11-03 02:48:22,303 - INFO Retriever 0 - 当前窗口总长度：21
2024-11-03 02:48:22,303 - INFO Retriever 0 - 当前更新窗口长度：12
2024-11-03 02:48:22,303 - INFO Retriever 0 - 当前更新窗口长度：12
2024-11-03 02:48:22,303 - INFO Retriever 0 - ————————————————————————————————————————————————————————————————


2024-11-03 02:48:29,520 - INFO Retriever 0 - Agent主脑给出的回答为：{
    "deep_think": {
        "thoughts": "我已经阅读了文件D:/Unity/Survaval/Assets/_MyAssets/Data/BattlePass/level_41-50.asset的内容。根据文件内容，该文件似乎也是一个Unity的资产文件，其中包含了一个名为“Reward”的列表，列表中的每个元素都是一个字典，包含有关关卡奖励的信息。然而，文件内容并没有直接提及关卡时间设置。因此，我需要继续查找其他文件，以确定是否存在包含关卡时间设置的文件。接下来，我将选择另一个文件进行详细阅读，以确定它是否包含关卡时间设置的相关信息。我选择文件D:\\Unity\\Survaval\\Assets\\_MyAssets\\Scripts\\UI\\MainUI\\StagePanel\\StageSelectPanel.cs作为我的下一步行动。"
    }
}
2024-11-03 02:48:29,521 - INFO Retriever 0 - 是否成功解析：True
2024-11-03 02:48:29,521 - INFO Retriever 0 - operation_type (__det_dir_action):
2024-11-03 02:48:29,521 - INFO Retriever 0 - deep_think
2024-11-03 02:48:29,521 - INFO Retriever 0 - 

——————————————————————————————————————————————————————————————————————————————————————————————————————————————————————————
2024-11-03 02:48:29,521 - INFO Retriever 0 - Assistant:
2024-11-03 02:48:29,521 - INFO Retriever 0 - {
    "deep_think": {
        "thoughts": "我已经阅读了文件D:/Unity/Survaval/Assets/_MyAssets/Data/BattlePass/level_41-50.asset的内容。根据文件内容，该文件似乎也是一个Unity的资产文件，其中包含了一个名为“Reward”的列表，列表中的每个元素都是一个字典，包含有关关卡奖励的信息。然而，文件内容并没有直接提及关卡时间设置。因此，我需要继续查找其他文件，以确定是否存在包含关卡时间设置的文件。接下来，我将选择另一个文件进行详细阅读，以确定它是否包含关卡时间设置的相关信息。我选择文件D:\\Unity\\Survaval\\Assets\\_MyAssets\\Scripts\\UI\\MainUI\\StagePanel\\StageSelectPanel.cs作为我的下一步行动。"
    }
}
2024-11-03 02:48:29,521 - INFO Retriever 0 - dict_keys(['deep_think'])
2024-11-03 02:48:29,521 - INFO Retriever 0 - Agent主脑给出的行动：deep_think
参数：{'thoughts': '我已经阅读了文件D:/Unity/Survaval/Assets/_MyAssets/Data/BattlePass/level_41-50.asset的内容。根据文件内容，该文件似乎也是一个Unity的资产文件，其中包含了一个名为“Reward”的列表，列表中的每个元素都是一个字典，包含有关关卡奖励的信息。然而，文件内容并没有直接提及关卡时间设置。因此，我需要继续查找其他文件，以确定是否存在包含关卡时间设置的文件。接下来，我将选择另一个文件进行详细阅读，以确定它是否包含关卡时间设置的相关信息。我选择文件D:\\Unity\\Survaval\\Assets\\_MyAssets\\Scripts\\UI\\MainUI\\StagePanel\\StageSelectPanel.cs作为我的下一步行动。', 'repeat_counter': 1, 'continue_think_counter': 1}
2024-11-03 02:48:29,521 - INFO Retriever 0 - Observer: 好的，请继续你的下一步行动或思考。
2024-11-03 02:48:29,524 - INFO Retriever 0 - 

————————————————————————————————————————————————————————————————
2024-11-03 02:48:29,524 - INFO Retriever 0 - 当前窗口总长度：23
2024-11-03 02:48:29,525 - INFO Retriever 0 - 当前更新窗口长度：14
2024-11-03 02:48:29,525 - INFO Retriever 0 - 当前更新窗口长度：14
2024-11-03 02:48:29,525 - INFO Retriever 0 - ————————————————————————————————————————————————————————————————


2024-11-03 02:48:32,792 - INFO Retriever 0 - Agent主脑给出的回答为：{
    "read_file": {
        "file_path": "D:/Unity/Survaval/Assets/_MyAssets/Scripts/UI/MainUI/StagePanel/StageSelectPanel.cs"
    }
}
2024-11-03 02:48:32,794 - INFO Retriever 0 - 是否成功解析：True
2024-11-03 02:48:32,794 - INFO Retriever 0 - operation_type (__det_dir_action):
2024-11-03 02:48:32,794 - INFO Retriever 0 - read_file
2024-11-03 02:48:32,796 - INFO Retriever 0 - 

——————————————————————————————————————————————————————————————————————————————————————————————————————————————————————————
2024-11-03 02:48:32,796 - INFO Retriever 0 - Assistant:
2024-11-03 02:48:32,796 - INFO Retriever 0 - {
    "read_file": {
        "file_path": "D:/Unity/Survaval/Assets/_MyAssets/Scripts/UI/MainUI/StagePanel/StageSelectPanel.cs"
    }
}
2024-11-03 02:48:32,796 - INFO Retriever 0 - dict_keys(['read_file'])
2024-11-03 02:48:32,797 - INFO Retriever 0 - Agent主脑给出的行动：read_file
参数：{'file_path': 'D:/Unity/Survaval/Assets/_MyAssets/Scripts/UI/MainUI/StagePanel/StageSelectPanel.cs', 'top_path': 'D:/Unity/Survaval\\Assets', 'return_file_sum': <bound method TreeGenerationAction.return_file_sum of <Action.tree_gen_action.TreeGenerationAction object at 0x0000012F24949310>>}
2024-11-03 02:48:32,979 - INFO Retriever 0 - Observer: 这是一个名为“D:/Unity/Survaval/Assets/_MyAssets/Scripts/UI/MainUI/StagePanel/StageSelectPanel.cs”的文件，该文件里的内容为：
由于脚本文件内容过长，暂时仅给出该脚本文件的内容总结:
- ### 总体概述
- **框架和模块化结构**：该脚本定义了一个名为`StageSelectPanel`的类，它继承自`UIBase`并实现了`IEnhancedScrollerDelegate`接口。脚本主要处理游戏中的关卡选择界面。
- **主要功能和目标**：脚本负责显示关卡列表，允许用户选择关卡开始游戏，并提供关闭界面的功能。

### 模块和功能
- **关卡选择列表**：使用`EnhancedScroller`组件来显示和管理关卡列表。
- **用户界面元素**：包括标题、开始按钮、关闭按钮等。
- **数据管理**：管理地图数据，包括关卡信息和新手引导地图。
- **事件处理**：处理开始按钮点击事件、关闭按钮点击事件以及打开和关闭界面的逻辑。

### 类和函数
- **类**：
  - `StageSelectPanel`：主要类，负责关卡选择界面的逻辑。
- **函数**：
  - `Awake()`：初始化函数，设置按钮监听器和游戏数据系统。
  - `Start()`：设置滑动列表的委托。
  - `Open()`：打开界面，设置数据和启用关闭按钮。
  - `Close()`：关闭界面，重置背景和打开大厅面板。
  - `SetData()`：设置关卡数据。
  - `OnStartBtn()`：开始按钮点击事件处理函数。
  - `InitSkillAndEquip()`：初始化装备和技能。
  - `GetNumberOfCells()`、`GetCellViewSize()`、`GetCellView()`：滑动列表接口方法，用于获取数据长度、单元大小和创建单元视图。

### 实现逻辑
- **初始化**：在`Awake()`中设置按钮监听器和游戏数据系统。
- **打开界面**：在`Open()`中设置数据，启用关闭按钮，并处理新手引导。
- **选择关卡**：在`SetData()`中获取所有地图数据，并重新加载数据到滑动列表。
- **开始游戏**：在`OnStartBtn()`中处理开始按钮点击事件，初始化技能和装备，加载游戏场景，并保存游戏。
- **滑动列表**：通过实现滑动列表接口方法来管理关卡列表的显示和交互。
2024-11-03 02:48:32,981 - INFO Retriever 0 - 

————————————————————————————————————————————————————————————————
2024-11-03 02:48:32,981 - INFO Retriever 0 - 当前窗口总长度：25
2024-11-03 02:48:32,981 - INFO Retriever 0 - 当前更新窗口长度：16
2024-11-03 02:48:32,981 - INFO Retriever 0 - 当前更新窗口长度：16
2024-11-03 02:48:32,981 - INFO Retriever 0 - ————————————————————————————————————————————————————————————————


2024-11-03 02:48:45,499 - INFO Retriever 0 - Agent主脑给出的回答为：{
    "deep_think": {
        "thoughts": "我已经阅读了文件D:/Unity/Survaval/Assets/_MyAssets/Scripts/UI/MainUI/StagePanel/StageSelectPanel.cs的内容。根据文件内容，该脚本是一个Unity的C#脚本，用于处理游戏中的关卡选择界面。脚本中包含了关卡选择列表、用户界面元素、数据管理和事件处理等功能。然而，脚本内容并没有直接提及关卡时间设置。因此，我需要继续查找其他文件，以确定是否存在包含关卡时间设置的文件。接下来，我将选择另一个文件进行详细阅读，以确定它是否包含关卡时间设置的相关信息。我选择文件D:\\Unity\\Survaval\\Assets\\_MyAssets\\Data\\BattlePass\\level_81-90.asset作为我的下一步行动。"
    }
}
2024-11-03 02:48:45,499 - INFO Retriever 0 - 是否成功解析：True
2024-11-03 02:48:45,499 - INFO Retriever 0 - operation_type (__det_dir_action):
2024-11-03 02:48:45,499 - INFO Retriever 0 - deep_think
2024-11-03 02:48:45,499 - INFO Retriever 0 - 

——————————————————————————————————————————————————————————————————————————————————————————————————————————————————————————
2024-11-03 02:48:45,499 - INFO Retriever 0 - Assistant:
2024-11-03 02:48:45,502 - INFO Retriever 0 - {
    "deep_think": {
        "thoughts": "我已经阅读了文件D:/Unity/Survaval/Assets/_MyAssets/Scripts/UI/MainUI/StagePanel/StageSelectPanel.cs的内容。根据文件内容，该脚本是一个Unity的C#脚本，用于处理游戏中的关卡选择界面。脚本中包含了关卡选择列表、用户界面元素、数据管理和事件处理等功能。然而，脚本内容并没有直接提及关卡时间设置。因此，我需要继续查找其他文件，以确定是否存在包含关卡时间设置的文件。接下来，我将选择另一个文件进行详细阅读，以确定它是否包含关卡时间设置的相关信息。我选择文件D:\\Unity\\Survaval\\Assets\\_MyAssets\\Data\\BattlePass\\level_81-90.asset作为我的下一步行动。"
    }
}
2024-11-03 02:48:45,502 - INFO Retriever 0 - dict_keys(['deep_think'])
2024-11-03 02:48:45,502 - INFO Retriever 0 - Agent主脑给出的行动：deep_think
参数：{'thoughts': '我已经阅读了文件D:/Unity/Survaval/Assets/_MyAssets/Scripts/UI/MainUI/StagePanel/StageSelectPanel.cs的内容。根据文件内容，该脚本是一个Unity的C#脚本，用于处理游戏中的关卡选择界面。脚本中包含了关卡选择列表、用户界面元素、数据管理和事件处理等功能。然而，脚本内容并没有直接提及关卡时间设置。因此，我需要继续查找其他文件，以确定是否存在包含关卡时间设置的文件。接下来，我将选择另一个文件进行详细阅读，以确定它是否包含关卡时间设置的相关信息。我选择文件D:\\Unity\\Survaval\\Assets\\_MyAssets\\Data\\BattlePass\\level_81-90.asset作为我的下一步行动。', 'repeat_counter': 1, 'continue_think_counter': 1}
2024-11-03 02:48:45,503 - INFO Retriever 0 - Observer: 好的，请继续你的下一步行动或思考。
2024-11-03 02:48:45,504 - INFO Retriever 0 - 

————————————————————————————————————————————————————————————————
2024-11-03 02:48:45,504 - INFO Retriever 0 - 当前窗口总长度：27
2024-11-03 02:48:45,504 - INFO Retriever 0 - 当前更新窗口长度：18
2024-11-03 02:48:45,504 - INFO Retriever 0 - 当前更新窗口长度：18
2024-11-03 02:48:45,504 - INFO Retriever 0 - ————————————————————————————————————————————————————————————————


2024-11-03 02:48:49,248 - INFO Retriever 0 - Agent主脑给出的回答为：{
    "read_file": {
        "file_path": "D:/Unity/Survaval/Assets/_MyAssets/Data/BattlePass/level_81-90.asset"
    }
}
2024-11-03 02:48:49,248 - INFO Retriever 0 - 是否成功解析：True
2024-11-03 02:48:49,248 - INFO Retriever 0 - operation_type (__det_dir_action):
2024-11-03 02:48:49,248 - INFO Retriever 0 - read_file
2024-11-03 02:48:49,248 - INFO Retriever 0 - 

——————————————————————————————————————————————————————————————————————————————————————————————————————————————————————————
2024-11-03 02:48:49,248 - INFO Retriever 0 - Assistant:
2024-11-03 02:48:49,248 - INFO Retriever 0 - {
    "read_file": {
        "file_path": "D:/Unity/Survaval/Assets/_MyAssets/Data/BattlePass/level_81-90.asset"
    }
}
2024-11-03 02:48:49,248 - INFO Retriever 0 - dict_keys(['read_file'])
2024-11-03 02:48:49,252 - INFO Retriever 0 - Agent主脑给出的行动：read_file
参数：{'file_path': 'D:/Unity/Survaval/Assets/_MyAssets/Data/BattlePass/level_81-90.asset', 'top_path': 'D:/Unity/Survaval\\Assets', 'return_file_sum': <bound method TreeGenerationAction.return_file_sum of <Action.tree_gen_action.TreeGenerationAction object at 0x0000012F24949310>>}
2024-11-03 02:48:49,280 - INFO Retriever 0 - Observer: 这是一个名为“D:/Unity/Survaval/Assets/_MyAssets/Data/BattlePass/level_81-90.asset”的文件，该文件里的内容为：
MonoBehaviour:
  m_ObjectHideFlags: 0
  m_CorrespondingSourceObject:
    fileID: 0
  m_PrefabInstance:
    fileID: 0
  m_PrefabAsset:
    fileID: 0
  m_GameObject:
    fileID: 0
  m_Enabled: 1
  m_EditorHideFlags: 0
  m_Script:
    fileID: 11500000
    guid: 5e0d72fb687ee89469221744dc16b378
    type: 3
  m_Name: level_81-90
  m_EditorClassIdentifier: None
  internalID: 1311100035
  Reward: 这是一个包含10个字典元素的列表，该列表中每个字典元素包含如下key：upReward,level,nomalReward，由于列表内容太长因此省略，目前不会影响你的任务。
  AssetName: level_91-100
2024-11-03 02:48:49,283 - INFO Retriever 0 - 

————————————————————————————————————————————————————————————————
2024-11-03 02:48:49,283 - INFO Retriever 0 - 当前窗口总长度：29
2024-11-03 02:48:49,283 - INFO Retriever 0 - 当前更新窗口长度：20
2024-11-03 02:48:49,284 - INFO Retriever 0 - 当前更新窗口长度：20
2024-11-03 02:48:49,284 - INFO Retriever 0 - ————————————————————————————————————————————————————————————————


2024-11-03 02:48:56,704 - INFO Retriever 0 - Agent主脑给出的回答为：{
    "deep_think": {
        "thoughts": "我已经阅读了文件D:/Unity/Survaval/Assets/_MyAssets/Data/BattlePass/level_81-90.asset的内容。根据文件内容，该文件似乎也是一个Unity的资产文件，其中包含了一个名为“Reward”的列表，列表中的每个元素都是一个字典，包含有关关卡奖励的信息。然而，文件内容并没有直接提及关卡时间设置。因此，我需要继续查找其他文件，以确定是否存在包含关卡时间设置的文件。接下来，我将选择另一个文件进行详细阅读，以确定它是否包含关卡时间设置的相关信息。我选择文件D:\\Unity\\Survaval\\Assets\\_MyAssets\\Scripts\\UI\\MainUI\\StagePanel\\StageSelectPanel.cs作为我的下一步行动。"
    }
}
2024-11-03 02:48:56,704 - INFO Retriever 0 - 是否成功解析：True
2024-11-03 02:48:56,706 - INFO Retriever 0 - operation_type (__det_dir_action):
2024-11-03 02:48:56,706 - INFO Retriever 0 - deep_think
2024-11-03 02:48:56,706 - INFO Retriever 0 - 

——————————————————————————————————————————————————————————————————————————————————————————————————————————————————————————
2024-11-03 02:48:56,706 - INFO Retriever 0 - Assistant:
2024-11-03 02:48:56,706 - INFO Retriever 0 - {
    "deep_think": {
        "thoughts": "我已经阅读了文件D:/Unity/Survaval/Assets/_MyAssets/Data/BattlePass/level_81-90.asset的内容。根据文件内容，该文件似乎也是一个Unity的资产文件，其中包含了一个名为“Reward”的列表，列表中的每个元素都是一个字典，包含有关关卡奖励的信息。然而，文件内容并没有直接提及关卡时间设置。因此，我需要继续查找其他文件，以确定是否存在包含关卡时间设置的文件。接下来，我将选择另一个文件进行详细阅读，以确定它是否包含关卡时间设置的相关信息。我选择文件D:\\Unity\\Survaval\\Assets\\_MyAssets\\Scripts\\UI\\MainUI\\StagePanel\\StageSelectPanel.cs作为我的下一步行动。"
    }
}
2024-11-03 02:48:56,706 - INFO Retriever 0 - dict_keys(['deep_think'])
2024-11-03 02:48:56,706 - INFO Retriever 0 - Agent主脑给出的行动：deep_think
参数：{'thoughts': '我已经阅读了文件D:/Unity/Survaval/Assets/_MyAssets/Data/BattlePass/level_81-90.asset的内容。根据文件内容，该文件似乎也是一个Unity的资产文件，其中包含了一个名为“Reward”的列表，列表中的每个元素都是一个字典，包含有关关卡奖励的信息。然而，文件内容并没有直接提及关卡时间设置。因此，我需要继续查找其他文件，以确定是否存在包含关卡时间设置的文件。接下来，我将选择另一个文件进行详细阅读，以确定它是否包含关卡时间设置的相关信息。我选择文件D:\\Unity\\Survaval\\Assets\\_MyAssets\\Scripts\\UI\\MainUI\\StagePanel\\StageSelectPanel.cs作为我的下一步行动。', 'repeat_counter': 1, 'continue_think_counter': 1}
2024-11-03 02:48:56,706 - INFO Retriever 0 - Observer: 好的，请继续你的下一步行动或思考。
2024-11-03 02:48:56,708 - INFO Retriever 0 - 

————————————————————————————————————————————————————————————————
2024-11-03 02:48:56,708 - INFO Retriever 0 - 当前窗口总长度：31
2024-11-03 02:48:56,708 - INFO Retriever 0 - 当前更新窗口长度：22
2024-11-03 02:48:56,708 - INFO Retriever 0 - 当前更新窗口长度：22
2024-11-03 02:48:56,708 - INFO Retriever 0 - ————————————————————————————————————————————————————————————————


2024-11-03 02:48:58,577 - INFO Retriever 0 - Agent主脑给出的回答为：{
    "read_file": {
        "file_path": "D:/Unity/Survaval/Assets/_MyAssets/Scripts/UI/MainUI/StagePanel/StageSelectPanel.cs"
    }
}
2024-11-03 02:48:58,577 - INFO Retriever 0 - 是否成功解析：True
2024-11-03 02:48:58,579 - INFO Retriever 0 - operation_type (__det_dir_action):
2024-11-03 02:48:58,579 - INFO Retriever 0 - read_file
2024-11-03 02:48:58,579 - INFO Retriever 0 - 

——————————————————————————————————————————————————————————————————————————————————————————————————————————————————————————
2024-11-03 02:48:58,579 - INFO Retriever 0 - Assistant:
2024-11-03 02:48:58,579 - INFO Retriever 0 - {
    "read_file": {
        "file_path": "D:/Unity/Survaval/Assets/_MyAssets/Scripts/UI/MainUI/StagePanel/StageSelectPanel.cs"
    }
}
2024-11-03 02:48:58,579 - INFO Retriever 0 - dict_keys(['read_file'])
2024-11-03 02:48:58,579 - INFO Retriever 0 - Agent主脑给出的行动：read_file
参数：{'file_path': 'D:/Unity/Survaval/Assets/_MyAssets/Scripts/UI/MainUI/StagePanel/StageSelectPanel.cs', 'top_path': 'D:/Unity/Survaval\\Assets', 'return_file_sum': <bound method TreeGenerationAction.return_file_sum of <Action.tree_gen_action.TreeGenerationAction object at 0x0000012F24949310>>}
2024-11-03 02:48:58,739 - INFO Retriever 0 - Observer: 这是一个名为“D:/Unity/Survaval/Assets/_MyAssets/Scripts/UI/MainUI/StagePanel/StageSelectPanel.cs”的文件，该文件里的内容为：
由于脚本文件内容过长，暂时仅给出该脚本文件的内容总结:
- ### 总体概述
- **框架和模块化结构**：该脚本定义了一个名为`StageSelectPanel`的类，它继承自`UIBase`并实现了`IEnhancedScrollerDelegate`接口。脚本主要处理游戏中的关卡选择界面。
- **主要功能和目标**：脚本负责显示关卡列表，允许用户选择关卡开始游戏，并提供关闭界面的功能。

### 模块和功能
- **关卡选择列表**：使用`EnhancedScroller`组件来显示和管理关卡列表。
- **用户界面元素**：包括标题、开始按钮、关闭按钮等。
- **数据管理**：管理地图数据，包括关卡信息和新手引导地图。
- **事件处理**：处理开始按钮点击事件、关闭按钮点击事件以及打开和关闭界面的逻辑。

### 类和函数
- **类**：
  - `StageSelectPanel`：主要类，负责关卡选择界面的逻辑。
- **函数**：
  - `Awake()`：初始化函数，设置按钮监听器和游戏数据系统。
  - `Start()`：设置滑动列表的委托。
  - `Open()`：打开界面，设置数据和启用关闭按钮。
  - `Close()`：关闭界面，重置背景和打开大厅面板。
  - `SetData()`：设置关卡数据。
  - `OnStartBtn()`：开始按钮点击事件处理函数。
  - `InitSkillAndEquip()`：初始化装备和技能。
  - `GetNumberOfCells()`、`GetCellViewSize()`、`GetCellView()`：滑动列表接口方法，用于获取数据长度、单元大小和创建单元视图。

### 实现逻辑
- **初始化**：在`Awake()`中设置按钮监听器和游戏数据系统。
- **打开界面**：在`Open()`中设置数据，启用关闭按钮，并处理新手引导。
- **选择关卡**：在`SetData()`中获取所有地图数据，并重新加载数据到滑动列表。
- **开始游戏**：在`OnStartBtn()`中处理开始按钮点击事件，初始化技能和装备，加载游戏场景，并保存游戏。
- **滑动列表**：通过实现滑动列表接口方法来管理关卡列表的显示和交互。
2024-11-03 02:48:58,739 - INFO Retriever 0 - 

————————————————————————————————————————————————————————————————
2024-11-03 02:48:58,739 - INFO Retriever 0 - 当前窗口总长度：33
2024-11-03 02:48:58,741 - INFO Retriever 0 - 当前更新窗口长度：24
2024-11-03 02:48:58,741 - INFO Retriever 0 - 当前更新窗口长度：24
2024-11-03 02:48:58,741 - INFO Retriever 0 - ————————————————————————————————————————————————————————————————


2024-11-03 02:49:01,716 - INFO Retriever 0 - Agent主脑给出的回答为：{
    "deep_think": {
        "thoughts": "我已经阅读了文件D:/Unity/Survaval/Assets/_MyAssets/Scripts/UI/MainUI/StagePanel/StageSelectPanel.cs的内容。根据文件内容，该脚本是一个Unity的C#脚本，用于处理游戏中的关卡选择界面。脚本中包含了关卡选择列表、用户界面元素、数据管理和事件处理等功能。然而，脚本内容仍然没有直接提及关卡时间设置。由于我已经检查了所有检索到的文件，并且没有找到直接与关卡时间设置相关的文件，我认为我的任务已经完成。接下来，我将给出完成任务的确认信息。"
    }
}
2024-11-03 02:49:01,716 - INFO Retriever 0 - 是否成功解析：True
2024-11-03 02:49:01,716 - INFO Retriever 0 - operation_type (__det_dir_action):
2024-11-03 02:49:01,717 - INFO Retriever 0 - deep_think
2024-11-03 02:49:01,717 - INFO Retriever 0 - 

——————————————————————————————————————————————————————————————————————————————————————————————————————————————————————————
2024-11-03 02:49:01,717 - INFO Retriever 0 - Assistant:
2024-11-03 02:49:01,717 - INFO Retriever 0 - {
    "deep_think": {
        "thoughts": "我已经阅读了文件D:/Unity/Survaval/Assets/_MyAssets/Scripts/UI/MainUI/StagePanel/StageSelectPanel.cs的内容。根据文件内容，该脚本是一个Unity的C#脚本，用于处理游戏中的关卡选择界面。脚本中包含了关卡选择列表、用户界面元素、数据管理和事件处理等功能。然而，脚本内容仍然没有直接提及关卡时间设置。由于我已经检查了所有检索到的文件，并且没有找到直接与关卡时间设置相关的文件，我认为我的任务已经完成。接下来，我将给出完成任务的确认信息。"
    }
}
2024-11-03 02:49:01,717 - INFO Retriever 0 - dict_keys(['deep_think'])
2024-11-03 02:49:01,717 - INFO Retriever 0 - Agent主脑给出的行动：deep_think
参数：{'thoughts': '我已经阅读了文件D:/Unity/Survaval/Assets/_MyAssets/Scripts/UI/MainUI/StagePanel/StageSelectPanel.cs的内容。根据文件内容，该脚本是一个Unity的C#脚本，用于处理游戏中的关卡选择界面。脚本中包含了关卡选择列表、用户界面元素、数据管理和事件处理等功能。然而，脚本内容仍然没有直接提及关卡时间设置。由于我已经检查了所有检索到的文件，并且没有找到直接与关卡时间设置相关的文件，我认为我的任务已经完成。接下来，我将给出完成任务的确认信息。', 'repeat_counter': 1, 'continue_think_counter': 1}
2024-11-03 02:49:01,719 - INFO Retriever 0 - Observer: 好的，请继续你的下一步行动或思考。
2024-11-03 02:49:01,719 - INFO Retriever 0 - 

————————————————————————————————————————————————————————————————
2024-11-03 02:49:01,719 - INFO Retriever 0 - 当前窗口总长度：35
2024-11-03 02:49:01,719 - INFO Retriever 0 - 当前更新窗口长度：26
2024-11-03 02:49:01,719 - INFO Retriever 0 - 当前更新窗口长度：26
2024-11-03 02:49:01,719 - INFO Retriever 0 - ————————————————————————————————————————————————————————————————


2024-11-03 02:49:03,916 - INFO Retriever 0 - Agent主脑给出的回答为：```json
{"finish": "我已完成你所给出的任务需求，请你进行确认"}
```
2024-11-03 02:49:03,916 - INFO Retriever 0 - 是否成功解析：True
2024-11-03 02:49:03,917 - INFO Retriever 0 - operation_type (__det_dir_action):
2024-11-03 02:49:03,917 - INFO Retriever 0 - finish
2024-11-03 02:49:03,917 - INFO Retriever 0 - 

——————————————————————————————————————————————————————————————————————————————————————————————————————————————————————————
2024-11-03 02:49:03,917 - INFO Retriever 0 - Assistant:
2024-11-03 02:49:03,917 - INFO Retriever 0 - {"finish": "我已完成你所给出的任务需求，请你进行确认"}
2024-11-03 02:49:03,917 - INFO Retriever 0 - dict_keys(['finish'])
2024-11-03 02:49:03,917 - INFO Retriever 0 - ——————————————————————————————————— 任务结束 ———————————————————————————————————
2024-11-03 02:49:03,917 - INFO Retriever 0 - 

————————————————————————————————————————————————————————————————
2024-11-03 02:49:03,919 - INFO Retriever 0 - 当前窗口总长度：35
2024-11-03 02:49:03,919 - INFO Retriever 0 - 当前更新窗口长度：26
2024-11-03 02:49:03,919 - INFO Retriever 0 - 当前更新窗口长度：26
2024-11-03 02:49:03,919 - INFO Retriever 0 - ————————————————————————————————————————————————————————————————


2024-11-03 02:50:08,746 - INFO Retriever 0 - -------------------------Task Report-----------------------
2024-11-03 02:50:08,746 - INFO Retriever 0 - * 文件一：
    * 文件绝对路径：D:/Unity/Survaval/Assets/_MyAssets/Data/BattlePass/level_31-40.asset
    * 文件内容概述：该文件定义了Unity游戏关卡31至40的奖励系统，涵盖正常和升级奖励。每个关卡对应不同的奖励类型和数值，旨在激励玩家完成挑战。
    * 该文件与问题目标之间的关联性：文件名包含“level”，可能与关卡设置相关，但内容概述中没有提及时间设置，因此与问题目标的关联性较低。

* 文件二：
    * 文件绝对路径：D:/Unity/Survaval/Assets/_MyAssets/Scripts/UI/MainUI/StagePanel/StageSelectItem.cs
    * 文件内容概述：该脚本定义了Unity游戏中的`StageSelectItem`类，作为关卡选择界面中单个关卡信息的展示单元。类继承自`EnhancedScrollerCellView`，负责显示关卡图标、标题、描述等，并处理解锁状态和事件响应。
    * 该文件与问题目标之间的关联性：脚本与关卡选择界面相关，但内容概述中没有提及时间设置，因此与问题目标的关联性较低。

* 文件三：
    * 文件绝对路径：D:/Unity/Survaval/Assets/_MyAssets/Data/BattlePass/level_41-50.asset
    * 文件内容概述：该文件详细定义了Unity游戏关卡41至50的奖励系统，涵盖每个级别的正常和升级奖励。奖励类型包括金币、道具和特殊奖励，具体奖励值和关联数据如地图、角色等均有所配置。
    * 该文件与问题目标之间的关联性：文件名包含“level”，可能与关卡设置相关，但内容概述中没有提及时间设置，因此与问题目标的关联性较低。

* 文件四：
    * 文件绝对路径：D:/Unity/Survaval/Assets/_MyAssets/Data/BattlePass/level_81-90.asset
    * 文件内容概述：该文件为Unity游戏资产“level_81-90.asset”，记录了81至90级关卡的正常与升级奖励配置。每个关卡设有类型7的奖励，正常奖励值为50，升级奖励值为150，涉及地图、物品等数据，但具体引用的数据文件ID均为0。
    * 该文件与问题目标之间的关联性：文件名包含“level”，可能与关卡设置相关，但内容概述中没有提及时间设置，因此与问题目标的关联性较低。

* 文件五：
    * 文件绝对路径：D:/Unity/Survaval/Assets/_MyAssets/Data/BattlePass/level_91-100.asset
    * 文件内容概述：该文件是Unity3D游戏关卡91至100的奖励配置，详细列出了每级关卡的普通和升级奖励，包括奖励类型和数值。配置涵盖了地图、物品、属性等数据，但具体内容以占位符表示。
    * 该文件与问题目标之间的关联性：文件名包含“level”，可能与关卡设置相关，但内容概述中没有提及时间设置，因此与问题目标的关联性较低。

* 文件六：
    * 文件绝对路径：D:/Unity/Survaval/Assets/_MyAssets/Scripts/UI/MainUI/StagePanel/StageSelectPanel.cs
    * 文件内容概述：该脚本定义了一个名为`StageSelectPanel`的类，它继承自`UIBase`并实现了`IEnhancedScrollerDelegate`接口。脚本主要处理游戏中的关卡选择界面。
    * 该文件与问题目标之间的关联性：脚本与关卡选择界面相关，但内容概述中没有提及时间设置，因此与问题目标的关联性较低。

以上是我根据搜索到的文件内容所整理的报告，所有文件都与关卡设置相关，但没有直接提及关卡时间设置。
2024-11-03 02:50:08,747 - INFO Retriever 0 - 
Token Consuming:120030

2024-11-03 02:50:08,747 - INFO Retriever 0 - 
history rounds:18

