2024-11-02 23:08:18,803 - INFO Retriever 0 - Init Retriever.
2024-11-02 23:10:24,251 - INFO Retriever 0 - keywords:“物”，“drop”，“掉落”，“auto-pickup”，“fall”，“掉落物”，“捡拾”，“automatic”，“automatic collection”，“自动”，“matter”，“enemy”，“collect”，“pick up”，“automation”，“thing”，“敌人”，“adversary”，“自动捡拾”
2024-11-02 23:10:24,278 - INFO Retriever 0 - deep_think_conent
:在获取了项目文件的顶层结构后，我还需要结合待查询的问题描述，对于项目中的文件和目录进行一些深度关键词检索。根据任务描述：“请在D:/Unity/Survaval\Assets下各级目录中寻找：游戏过程中靠近敌人掉落物后自动捡拾的逻辑在什么地方实现的？”，我总结出如下可能会出现在各个文件名或者文件内容中的关键词：“物”，“drop”，“掉落”，“auto-pickup”，“fall”，“掉落物”，“捡拾”，“automatic”，“automatic collection”，“自动”，“matter”，“enemy”，“collect”，“pick up”，“automation”，“thing”，“敌人”，“adversary”，“自动捡拾”。
接下来，我将使用retrieve_keywords操作，在项目顶层路径“D:/Unity/Survaval\Assets”下检索这些关键词，从而大致把握可能与问题描述相关的文件或目录的路径。
2024-11-02 23:10:24,522 - INFO Retriever 0 - ——————————————————————————————————————————————————————————————————————————————————————————————————————————————————————————
2024-11-02 23:10:24,553 - INFO Retriever 0 - Assistant:
2024-11-02 23:10:24,582 - INFO Retriever 0 - {
    "deep_think": {
        "thoughts": "好的，接下来我将通过深度思考、仔细计划以及逐步执行的方式，来完成该任务。\n\n首先，在阅读详细的代码细节之前，应该先整体把握整个项目。\n\n在提供的可选的action中，可以通过get_folder_info操作，通过将项目顶层路径作为target_folder_path参数进行传入，来获取获取项目中主要文件夹和主要文件的描述，从而能够先大致把握项目文件的主要文件的文件树结构、基本内容、主要代码概述以及大致功能板块的分布。"
    }
}
2024-11-02 23:10:24,614 - INFO Retriever 0 - 
Observer:
2024-11-02 23:10:24,641 - INFO Retriever 0 - 好的，请继续你的下一步行动或思考。
2024-11-02 23:10:24,670 - INFO Retriever 0 - 
2024-11-02 23:10:25,503 - INFO Retriever 0 - ——————————————————————————————————————————————————————————————————————————————————————————————————————————————————————————
2024-11-02 23:10:25,503 - INFO Retriever 0 - Assistant:
2024-11-02 23:10:25,503 - INFO Retriever 0 - {
    "get_folder_info": {
        "target_folder_path": "D:/Unity/Survaval\\Assets"
    }
}
2024-11-02 23:10:25,503 - INFO Retriever 0 - 
Observer:
2024-11-02 23:10:25,503 - INFO Retriever 0 - 目标文件夹路径：D:/Unity/Survaval\Assets
文件结构树（该结构树可能不完整，仅返回深度小于等于1层的子文件以及文件夹）：
├── AddressableAssetsData
│   ├── AddressableAssetSettings.asset
│   ├── Android
│   ├── AssetGroupTemplates
│   ├── AssetGroups
│   ├── DataBuilders
│   ├── DefaultObject.asset
│   ├── iOS
├── AmplifyShaderEditor
│   ├── AmplifyShaderEditor.asmdef
│   ├── ChangeLog.txt
│   ├── CreatingTerrainsWithASE.txt
│   ├── Plugins
│   ├── Readme.txt
├── BlobHashMaps
│   ├── BlobBuilderExtensions.cs
│   ├── BlobHashMap.cs
│   ├── BlobHashMapIntInt.cs
│   ├── BlobHashMaps.asmdef
│   ├── BlobMultiHashMap.cs
│   ├── Data
├── BuildReport
│   ├── CustomBuildScriptExample.txt
│   ├── GUI
│   ├── README.txt
│   ├── Scripts
│   ├── VERSION.txt
│   ├── license.txt
├── CapturePath
├── DamageNumbersPro
│   ├── DamageNumbersPro.asmdef
│   ├── Documentation.url
│   ├── Editor
│   ├── Fonts
│   ├── Materials
│   ├── Scripts
├── Editor
│   ├── ChannelSetting.cs
│   ├── OrbiteExtenedEditor.cs
│   ├── Resources
│   ├── ShaderStripSettings
├── Editor Default Resources
│   ├── MasterAudio
├── EnhancedScroller v2
│   ├── ChangeLog.txt
│   ├── Documentation
│   ├── Plugins
│   ├── Tutorials
│   ├── readme.txt
│   ├── upgrading from 1.x to 2.x.txt
├── FlockBox
│   ├── Classic
│   ├── DOTS
│   ├── Flock Box Manual.pdf
├── Gizmos
│   ├── MasterAudio
├── Magic Spells Sound Effects V2.0
│   ├── Casting Loops
│   ├── Element Scholls
│   ├── General Spell
│   ├── Medieval Combat Sounds BONUS
│   ├── Special Attack
├── Pixel Arsenal
│   ├── Demo
│   ├── Materials
│   ...
│   ├── Textures
├── Plugins
│   ├── Android
│   ├── DarkTonic
│   ├── Demigiant
│   ├── Editor
│   ├── RelationsInspector
│   ├── Sirenix
│   ├── iOS
├── RPG Icons Pixel Art
│   ├── Aeromancer
│   ├── Alchemy1
│   ...
│   ├── Сrossbowman
├── Resources
│   ├── DOTweenSettings.asset
│   ├── MasterAudio
├── SPUM
│   ├── MonsterOrc_Prefabs
│   ├── MonsterUndeadPrefabs
│   ...
│   ├── Sprite_SheetExporter(Beta)
├── StreamingAssets
├── TextMesh Pro
│   ├── Documentation
│   ├── Fonts
│   ├── Resources
│   ├── Shaders
│   ├── Sprites
├── UniversalRenderPipelineGlobalSettings.asset
├── VirtualButtonsForUnity
│   ├── VirtualButtonsForUnity
├── YouLoftSDK
│   ├── PottingMobileSDK
│   ├── PottingMobileServices
│   ...
│   ├── YouloftTemp.cs
├── ZTools
│   ├── GlobalStringBuilder.cs
│   ├── Localization
│   ├── ZTools.asmdef
├── _MyAssets
│   ├── Animations
│   ├── ArtAssets
│   ...
│   ├── URPSettings


其中，部分主要文件及文件夹的信息如下：
1. Assets
# 路径:D:\\Unity\\Survaval\Assets
# 内容概述:“UniversalRenderPipelineGlobalSettings.asset”文件是Unity项目中用于配置通用渲染管道（URP）全局设置的资产。它涵盖了光照模式、阴影质量、后处理效果以及性能优化等关键设置，如光照层配置、阴影质量选择和后处理效果启用，旨在平衡视觉效果与性能表现，以适应不同游戏的需求。

2. AddressableAssetsData
# 路径:D:\\Unity\\Survaval\Assets\AddressableAssetsData
# 内容概述:### 文件夹内容简述

“AddressableAssetsData”文件夹汇集了Unity游戏开发所需的资源管理和配置文件。其中，Android和iOS子文件夹分别管理针对各自平台的资源状态。AssetGroups和AssetGroupTemplates子文件夹则专注于资源打包和内容更新配置，而DataBuilders子文件夹提供了资源管理和场景加载的脚本配置。此外，AddressableAssetSettings.asset文件负责资源加载和优化全局设置，而DefaultObject.asset则定义了Unity脚本组件的配置。整体而言，这些文件共同构成了游戏资源高效管理和优化的框架。

3. AmplifyShaderEditor
# 路径:D:\\Unity\\Survaval\Assets\AmplifyShaderEditor
# 内容概述:“AmplifyShaderEditor”文件夹汇集了Unity游戏开发中Amplify Shader Editor插件的核心组件与资源，包括编辑器脚本、界面资源、版本更新日志和使用指南。其中，“Editor”子文件夹承载着插件的核心逻辑和操作界面，而“EditorResources”则提供了图形用户界面和渲染资源。更新日志“ChangeLog.txt”详细记录了插件的功能迭代和问题修复，而“CreatingTerrainsWithASE.txt”则指导用户如何利用ASE创建地形着色器。遗憾的是，“Readme.txt”因编码错误无法读取，但预计包含插件的基本使用说明。

4. BlobHashMaps
# 路径:D:\\Unity\\Survaval\Assets\BlobHashMaps
# 内容概述:“BlobHashMaps”文件夹汇集了针对Unity游戏引擎优化的数据结构脚本，包括BlobHashMap和BlobMultiHashMap的实现。核心文件如BlobBuilderHashMapData.cs和BlobHashMapData.cs定义了HashMap和只读哈希表，BlobBuilderExtensions.cs扩展了BlobHashMap功能，BlobHashMap.cs和BlobHashMapIntInt.cs则提供了更丰富的操作和构建器功能。BlobHashMaps.asmdef文件定义了模块依赖，而BlobMultiHashMap.cs引入了多哈希映射支持，共同构成了一个高效的数据管理工具集。

5. BuildReport
# 路径:D:\\Unity\\Survaval\Assets\BuildReport
# 内容概述:“BuildReport”文件夹汇集了Unity游戏引擎的构建报告工具及相关资源，包括UI设计资源（如BRTSkin、NativeSkin和NativeSkinExtraIcons）、自动化构建脚本（如CustomBuildScriptExample.txt）和编辑器脚本（位于Scripts/Editor）。此外，它还包含定义特定窗口样式的皮肤文件（BuildReportWindow.guiskin和BuildReportWindowDark.guiskin），以及工具的许可证信息（license.txt）和使用说明（README.txt）。VERSION.txt文件记录了工具的版本更新历史，突出了新增功能和错误修复。

6. CapturePath
# 路径:D:\\Unity\\Survaval\Assets\CapturePath
# 内容概述:该文件夹内容为空。

7. DamageNumbersPro
# 路径:D:\\Unity\\Survaval\Assets\DamageNumbersPro
# 内容概述:“DamageNumbersPro”文件夹汇集了Unity游戏开发所需的资源，包括编辑器脚本、多种风格的字体、材质和游戏逻辑脚本。其中，编辑器脚本用于资源配置，字体和材质丰富了游戏视觉元素，而脚本集合则支撑了游戏的核心逻辑和交互。此外，汇编定义文件和文档链接文件提供了模块化开发和项目文档的便捷访问。

8. Editor
# 路径:D:\\Unity\\Survaval\Assets\Editor
# 内容概述:### 文件夹内容总结

“Editor”文件夹汇集了Unity项目开发所需的资源与工具。其中，**Resources**子文件夹提供游戏与动画设计的视觉素材，包括角色、场景元素和预制游戏单元。**ShaderStripSettings**包含提升渲染质量的Unity脚本组件，而**ChannelSetting.cs**脚本则用于管理不同渠道的SDK和项目配置。此外，**OrbiteExtenedEditor.cs**编辑器扩展脚本增强了文本编辑和屏幕截图功能，辅助设计和开发流程。整体上，这些资源与工具相互关联，共同服务于Unity项目的开发与优化。

9. Editor Default Resources
# 路径:D:\\Unity\\Survaval\Assets\Editor Default Resources
# 内容概述:“Editor Default Resources”文件夹汇集了多种音频处理相关的图标，包括播放、暂停、停止等控制图标，以及复制、删除、保存等操作图标，还有LED灯状态指示和扬声器图标等。这些图标共同服务于音频编辑和界面设计，为用户提供了直观的操作和状态指示。

10. EnhancedScroller v2
# 路径:D:\\Unity\\Survaval\Assets\EnhancedScroller v2
# 内容概述:该“EnhancedScroller v2”文件夹汇集了Unity游戏开发中EnhancedScroller插件的全面资源，包括用户手册、插件代码、教程和更新日志。用户手册详细介绍了插件的使用方法，插件代码则由组件、单元格视图和动画系统等组成，旨在提升UI开发效率。教程资源帮助开发者快速上手，而更新日志和升级指南则提供了插件版本间的变化和升级指导。

11. FlockBox
# 路径:D:\\Unity\\Survaval\Assets\FlockBox
# 内容概述:### 文件夹内容精简总结

“Flock Box”文件夹是Unity游戏开发项目，集成了视觉资源、游戏逻辑脚本和DOTS架构相关资源。其中，**Classic**子文件夹提供游戏场景、预制体和艺术资源，**DOTS**子文件夹则专注于DOTS架构的脚本和材料。项目手册“Flock Box Manual.pdf”详细介绍了项目结构、资源使用和开发指南，为开发者提供了全面的项目操作指导。

12. Gizmos
# 路径:D:\\Unity\\Survaval\Assets\Gizmos
# 内容概述:“Gizmos”文件夹汇集了音频处理相关的图标设计，包括“MasterAudio”品牌标识和“PlaylistController”播放列表控制功能的图标，旨在为音频软件界面提供视觉元素。

13. Magic Spells Sound Effects V2.0
# 路径:D:\\Unity\\Survaval\Assets\Magic Spells Sound Effects V2.0
# 内容概述:“Magic Spells Sound Effects V2.0”文件夹汇集了丰富的音效资源，包括循环施法音效、元素相关施法音效、通用魔法效果、中世纪战斗声音以及特定攻击音效。这些音效覆盖了从增益攻击到治疗，从施法到战斗动作，适用于游戏、影视等多媒体项目，且文件命名清晰，便于快速查找和使用。

14. Pixel Arsenal
# 路径:D:\\Unity\\Survaval\Assets\Pixel Arsenal
# 内容概述:“Pixel Arsenal”文件夹汇集了丰富的游戏开发资源，包括视觉素材（如天空盒和纹理）、预制体（如界面元素和特效）、场景素材、Unity脚本（用于游戏逻辑）和音频效果。这些资源相互关联，共同构建了游戏和视觉效果的基础，适用于Unity等游戏引擎。文件夹内的“ReadMe.txt”文件提供了资源使用指南和潜在的技术支持信息。

15. Plugins
# 路径:D:\\Unity\\Survaval\Assets\Plugins
# 内容概述:“Plugins”文件夹汇集了多平台游戏开发资源，包括Android应用开发工具、Unity游戏资源包如音频和网络同步插件，以及编辑器扩展和iOS应用开发组件。其中，Android子文件夹提供项目配置和第三方库；Unity相关资源如DarkTonic和Demigiant则专注于音频和网络同步，以及动画处理；Editor子文件夹增强Unity编辑器功能；iOS子文件夹涵盖性能监控和广告集成等iOS特有功能。这些资源相互关联，共同构建了一个全面的游戏开发环境。

16. Resources
# 路径:D:\\Unity\\Survaval\Assets\Resources
# 内容概述:### 文件夹内容总结

“Resources”文件夹汇集了Unity游戏项目的关键配置资源，包括“MasterAudioSettings.asset”用于音频处理和插件配置，以及“DOTweenSettings.asset”用于动画和缓动库的详细设置，两者共同确保游戏音效和动画的优化与流畅。

17. RPG Icons Pixel Art
# 路径:D:\\Unity\\Survaval\Assets\RPG Icons Pixel Art
# 内容概述:当然可以。以下是融合后的简短内容：

“Support contact.pdf”文件提供客户支持联系信息，包括电话、电子邮件和在线支持服务，并附有服务时间表、常见问题解答以及用户反馈表单，旨在为用户提供便捷的咨询与支持服务。

18. SPUM
# 路径:D:\\Unity\\Survaval\Assets\SPUM
# 内容概述:“SPUM”文件夹汇集了丰富的游戏开发资源，包括怪物与角色预制体、动画素材、图像资源、字体、材质以及Unity脚本等。它涵盖了从角色模型和动画到编辑器扩展和场景设置的全方位内容，旨在支持游戏开发、3D建模和动画制作项目。文件夹内不同子目录紧密关联，共同构成了一个完整的项目资源库。

19. StreamingAssets
# 路径:D:\\Unity\\Survaval\Assets\StreamingAssets
# 内容概述:“StreamingAssets”文件夹主要存储流媒体应用所需的资源，包括视频、音频和图像文件，以及相关的配置和脚本文件。该文件夹内部分为视频、音频、图像、配置和脚本等子文件夹，各自管理不同类型的媒体资源和播放逻辑配置，以确保资源的高效加载和流式传输。

20. TextMesh Pro
# 路径:D:\\Unity\\Survaval\Assets\TextMesh Pro
# 内容概述:该“TextMesh Pro”文件夹汇集了TextMesh Pro软件的用户指南、Liberation Sans字体资源、Unity项目资源包以及表情符号素材。其中，用户指南详细介绍了软件操作，Liberation Sans字体提供多种样式，Unity资源包包括字体、材质和精灵资产，着色器文件则专注于图形渲染，而表情符号资源则便于集成到项目中。这些内容相互关联，共同服务于游戏开发与图形设计的需求。

21. VirtualButtonsForUnity
# 路径:D:\\Unity\\Survaval\Assets\VirtualButtonsForUnity
# 内容概述:### 文件夹内容概览

“VirtualButtonsForUnity”文件夹是Unity游戏开发资源，集成了虚拟按钮、方向垫和摇杆预制体及脚本，旨在增强游戏交互体验。内含示例项目、预制体、脚本、图像资源和详细文档，方便开发者快速集成和使用。

22. YouLoftSDK
# 路径:D:\\Unity\\Survaval\Assets\YouLoftSDK
# 内容概述:### 文件夹内容总结

“YouLoftSDK”文件夹是Unity游戏开发者的综合工具包，集成了广告管理、支付、用户管理、数据同步等功能模块。其中，**PottingMobileSDK** 提供了Android和iOS平台的插件和脚本，**PottingMobileServices** 则包含了跨平台服务接口和功能脚本。广告管理、支付、礼包兑换等具体功能由 **YouLoftAd.cs**、**YouLoftPay.cs** 和 **YouLoftRedeemcode.cs** 等文件实现，而 **YouLoftSDKManager.cs** 负责管理这些模块，确保它们协同工作。此外，**YouLoftLogin.cs** 处理用户登录，**YouLoftEvent.cs** 和 **YouloftTemp.cs** 分别提供事件跟踪和配置同步功能，共同支撑游戏的整体运行。

23. ZTools
# 路径:D:\\Unity\\Survaval\Assets\ZTools
# 内容概述:### 文件夹内容总结
“ZTools”文件夹汇集了Unity游戏开发中本地化和字符串操作的工具。其中，包含用于本地化文本管理的脚本，如`StaticLocalizedText.cs`和`StaticLocalizedText_UGUI.cs`，以及`Strings.cs`用于管理本地化字符串。此外，`GlobalStringBuilder.cs`提供了全局字符串构建功能，优化了字符串操作性能。而“ZTools.asmdef”文件则定义了项目中的“ZTools”程序集，管理着相关脚本文件的引用和编译。这些工具共同构成了一个高效且模块化的开发环境。

24. _MyAssets
# 路径:D:\\Unity\\Survaval\Assets\_MyAssets
# 内容概述:“_MyAssets”文件夹是游戏开发的核心资源库，汇集了动画、艺术资产、音频、数据配置、编辑器资源、字体、图标、脚本、着色器等关键文件，以及预制体和场景设计。它为游戏提供了丰富的视觉和音频效果，并通过详细的配置文件和脚本实现了复杂的游戏逻辑和交互。文件夹内资源相互关联，共同支撑起游戏的整体架构和功能实现。

25. UniversalRenderPipelineGlobalSettings.asset
# 路径:D:\\Unity\\Survaval\Assets\UniversalRenderPipelineGlobalSettings.asset
# 内容概述:### 简化总结

该文件是Unity的通用渲染管道全局设置配置，定义了8个光照层（如Light Layer default至Light Layer 7）。它还包含了性能优化设置，如移除调试变体和未使用变体，以及不支持运行时调试显示。


2024-11-02 23:10:25,506 - INFO Retriever 0 - 
2024-11-02 23:10:25,506 - INFO Retriever 0 - ——————————————————————————————————————————————————————————————————————————————————————————————————————————————————————————
2024-11-02 23:10:25,506 - INFO Retriever 0 - Assistant:
2024-11-02 23:10:25,506 - INFO Retriever 0 - {
    "deep_think": {
        "thoughts": "在获取了项目文件的顶层结构后，我还需要结合待查询的问题描述，对于项目中的文件和目录进行一些深度关键词检索。根据任务描述：“请在D:/Unity/Survaval\\Assets下各级目录中寻找：游戏过程中靠近敌人掉落物后自动捡拾的逻辑在什么地方实现的？”，我总结出如下可能会出现在各个文件名或者文件内容中的关键词：“物”，“drop”，“掉落”，“auto-pickup”，“fall”，“掉落物”，“捡拾”，“automatic”，“automatic collection”，“自动”，“matter”，“enemy”，“collect”，“pick up”，“automation”，“thing”，“敌人”，“adversary”，“自动捡拾”。\n接下来，我将使用retrieve_keywords操作，在项目顶层路径“D:/Unity/Survaval\\Assets”下检索这些关键词，从而大致把握可能与问题描述相关的文件或目录的路径。"
    }
}
2024-11-02 23:10:25,507 - INFO Retriever 0 - 
Observer:
2024-11-02 23:10:25,507 - INFO Retriever 0 - 好的，请继续你的下一步行动或思考。
2024-11-02 23:10:25,507 - INFO Retriever 0 - 
2024-11-02 23:10:26,934 - INFO Retriever 0 - ——————————————————————————————————————————————————————————————————————————————————————————————————————————————————————————
2024-11-02 23:10:26,938 - INFO Retriever 0 - Assistant:
2024-11-02 23:10:26,938 - INFO Retriever 0 - {
    "retrieve_keywords": {
        "keyword_list": [
            "物",
            "drop",
            "掉落",
            "auto-pickup",
            "fall",
            "掉落物",
            "捡拾",
            "automatic",
            "automatic collection",
            "自动",
            "matter",
            "enemy",
            "collect",
            "pick up",
            "automation",
            "thing",
            "敌人",
            "adversary",
            "自动捡拾"
        ]
    }
}
2024-11-02 23:10:26,938 - INFO Retriever 0 - 
Observer:
2024-11-02 23:10:26,960 - INFO Retriever 0 - 根据你提供的关键词，我检索到以下目录或文件，它们的绝对路径如下：


1. D:\\Unity\\Survaval\Assets\_MyAssets\RuntimePrefabs\Drops
## 文件夹内容总结

“Drops”文件夹汇集了多个游戏内奖励的预制体文件，包括不同等级的宝箱、硬币以及增加生命值、幸运值和磁铁效果的物品。文件名中的数字指示了奖励的种类和强度。

2. D:\\Unity\\Survaval\Assets\_MyAssets\ArtAssets\Enemies\Skeletons\enemy_special_drop_0_mat.mat
这是一个名为“enemy_special_drop_0_mat.mat”的文件。

3. D:\\Unity\\Survaval\Assets\_MyAssets\Scripts\Item\DropOrbSystem.cs
该脚本文件“DropOrbSystem.cs”定义了多个系统类，共同构成了游戏中的掉落物系统。主要模块包括`DropOrbGenerateSystem`用于生成和管理掉落物，`DropOrbAttractToPlayerSystem`负责吸引玩家至掉落物并处理拾取逻辑，`DestroyAllEnemiesSystem`和`FreezeAllEnemiesSystem`分别用于销毁和冻结敌人，而`DropOrbDestructionSystem`处理掉落物被拾取后的销毁事件。每个系统类都包含特定的方法，如`OnCreate`用于初始化，`OnUpdate`用于执行主要逻辑，确保掉落物、敌人和玩家之间的交互得以顺畅进行。

4. D:\\Unity\\Survaval\Assets\_MyAssets\Texture\BattleTexture
“BattleTexture”文件夹汇集了多种战斗奖励相关的纹理图片，包括不同类型的掉落效果，如经验、生命值、幸运值和磁铁效果，适用于游戏界面设计或奖励展示。

5. D:\\Unity\\Survaval\Assets\_MyAssets\Texture\BattleTexture\luck_drop.png
这是一个名为“luck_drop.png”的文件。

6. D:\\Unity\\Survaval\Assets\_MyAssets\Scripts\Character\EnemyComponent.cs
该脚本“EnemyComponent.cs”定义了Unity游戏中的敌人相关数据结构。主要包含`EnemyData`结构体，用于存储敌人的索引、伤害、金币掉落等属性；`SuperBossTag`和`SupperBoss`结构体分别用于标记和跟踪超级BOSS的存在与状态；`DropEquipFram`则可能涉及装备碎片的掉落逻辑。这些结构体作为组件数据，便于在Unity的Entity系统中管理和使用。

7. D:\\Unity\\Survaval\Assets\_MyAssets\Data\Drops
### 文件夹内容总结

“Drops”文件夹汇集了Unity游戏开发中用于控制物品掉落的脚本资产，包括宝箱、金币、装备等不同类型物品的掉落逻辑配置。文件夹内资产如Drop_Chest_1至Drop_Chest_3定义了不同等级宝箱的掉落属性，而Drop_Coin系列资产则针对金币掉落进行细致配置。此外，Drop_Equip、Drop_goldMagnet等资产分别管理特定装备和磁铁的掉落规则。最后，_Drop_Generate_Data资产则汇总了所有掉落物品的配置数据，共同构成了游戏中的物品掉落系统。

8. D:\\Unity\\Survaval\Assets\_MyAssets\ArtAssets\Items\mat_drop_chest_1.mat
这是一个名为“mat_drop_chest_1.mat”的文件。


请注意，这些目录或文件可能不全都和你的任务目标相关，仅供参考。请你基于具体的文件内容概述，结合你的任务目标，认真思考分析后，优先选择最有可能与任务相关的目录或文件进行进一步的检查。
2024-11-02 23:10:26,965 - INFO Retriever 0 - 
2024-11-02 23:10:32,498 - INFO Retriever 0 - Agent主脑给出的回答为：{
    "deep_think": {
        "thoughts": "根据检索到的目录和文件列表，我注意到'DropOrbSystem.cs'这个文件名中包含了'Orb'和'System'这两个关键词，这表明它可能与掉落物的生成和系统管理有关。此外，'DropOrbAttractToPlayerSystem'这个类名中包含了'AttractToPlayer'，这可能意味着它负责将掉落物吸引到玩家附近，这与自动捡拾的逻辑相关。因此，我计划首先检查'DropOrbSystem.cs'文件，看看它是否包含了自动捡拾的逻辑。"
    }
}
2024-11-02 23:10:32,498 - INFO Retriever 0 - 是否成功解析：True
2024-11-02 23:10:32,498 - INFO Retriever 0 - operation_type (__det_dir_action):
2024-11-02 23:10:32,498 - INFO Retriever 0 - deep_think
2024-11-02 23:10:32,498 - INFO Retriever 0 - 

——————————————————————————————————————————————————————————————————————————————————————————————————————————————————————————
2024-11-02 23:10:32,498 - INFO Retriever 0 - Assistant:
2024-11-02 23:10:32,498 - INFO Retriever 0 - {
    "deep_think": {
        "thoughts": "根据检索到的目录和文件列表，我注意到'DropOrbSystem.cs'这个文件名中包含了'Orb'和'System'这两个关键词，这表明它可能与掉落物的生成和系统管理有关。此外，'DropOrbAttractToPlayerSystem'这个类名中包含了'AttractToPlayer'，这可能意味着它负责将掉落物吸引到玩家附近，这与自动捡拾的逻辑相关。因此，我计划首先检查'DropOrbSystem.cs'文件，看看它是否包含了自动捡拾的逻辑。"
    }
}
2024-11-02 23:10:32,498 - INFO Retriever 0 - dict_keys(['deep_think'])
2024-11-02 23:10:32,500 - INFO Retriever 0 - Agent主脑给出的行动：deep_think
参数：{'thoughts': "根据检索到的目录和文件列表，我注意到'DropOrbSystem.cs'这个文件名中包含了'Orb'和'System'这两个关键词，这表明它可能与掉落物的生成和系统管理有关。此外，'DropOrbAttractToPlayerSystem'这个类名中包含了'AttractToPlayer'，这可能意味着它负责将掉落物吸引到玩家附近，这与自动捡拾的逻辑相关。因此，我计划首先检查'DropOrbSystem.cs'文件，看看它是否包含了自动捡拾的逻辑。", 'repeat_counter': 1, 'continue_think_counter': 1}
2024-11-02 23:10:32,501 - INFO Retriever 0 - Observer: 好的，请继续你的下一步行动或思考。
2024-11-02 23:10:32,502 - INFO Retriever 0 - 

————————————————————————————————————————————————————————————————
2024-11-02 23:10:32,502 - INFO Retriever 0 - 当前窗口总长度：11
2024-11-02 23:10:32,502 - INFO Retriever 0 - 当前更新窗口长度：2
2024-11-02 23:10:32,502 - INFO Retriever 0 - 当前更新窗口长度：2
2024-11-02 23:10:32,502 - INFO Retriever 0 - ————————————————————————————————————————————————————————————————


2024-11-02 23:10:36,051 - INFO Retriever 0 - Agent主脑给出的回答为：{
    "read_file": {
        "file_path": "D:/Unity/Survaval\\Assets/_MyAssets/Scripts/Item/DropOrbSystem.cs"
    }
}
2024-11-02 23:10:36,051 - INFO Retriever 0 - 是否成功解析：True
2024-11-02 23:10:36,051 - INFO Retriever 0 - operation_type (__det_dir_action):
2024-11-02 23:10:36,051 - INFO Retriever 0 - read_file
2024-11-02 23:10:36,082 - INFO Retriever 0 - 

——————————————————————————————————————————————————————————————————————————————————————————————————————————————————————————
2024-11-02 23:10:36,083 - INFO Retriever 0 - Assistant:
2024-11-02 23:10:36,083 - INFO Retriever 0 - {
    "read_file": {
        "file_path": "D:/Unity/Survaval\\Assets/_MyAssets/Scripts/Item/DropOrbSystem.cs"
    }
}
2024-11-02 23:10:36,084 - INFO Retriever 0 - dict_keys(['read_file'])
2024-11-02 23:10:36,085 - INFO Retriever 0 - Agent主脑给出的行动：read_file
参数：{'file_path': 'D:/Unity/Survaval\\Assets/_MyAssets/Scripts/Item/DropOrbSystem.cs', 'top_path': 'D:/Unity/Survaval\\Assets', 'return_file_sum': <bound method TreeGenerationAction.return_file_sum of <Action.tree_gen_action.TreeGenerationAction object at 0x000001E4FDAB91C0>>}
2024-11-02 23:10:36,287 - INFO Retriever 0 - Observer: 这是一个名为“Assets/_MyAssets/Scripts/Item/DropOrbSystem.cs”的文件，该文件里的内容为：
由于脚本文件内容过长，暂时仅给出该脚本文件的内容总结:
- ### 脚本内容总结

#### 1. 总体概述
- **框架和模块化结构**：脚本包含多个系统类，每个类负责游戏中的特定功能，如生成掉落物、吸引玩家到掉落物、销毁敌人和掉落物等。
- **主要功能**：脚本的主要功能是管理游戏中的掉落物系统，包括生成、吸引玩家、拾取和销毁掉落物。

#### 2. 模块和功能
- **DropOrbGenerateSystem**：生成和管理掉落物，包括加载预制体和创建掉落物实体。
- **DropOrbAttractToPlayerSystem**：吸引玩家到掉落物，并处理拾取逻辑。
- **DestroyAllEnemiesSystem**：销毁所有敌人。
- **FreezeAllEnemiesSystem**：冻结所有敌人。
- **DropOrbDestructionSystem**：处理掉落物被拾取后的逻辑。

#### 3. 类和函数
- **DropOrbGenerateSystem**：包含`CheckAndLoadOrbPrefab`、`OnCreate`、`OnDestroy`和`OnUpdate`等方法。
- **DropOrbAttractToPlayerSystem**：包含`OnCreate`、`OnDestroy`和`OnUpdate`等方法。
- **DestroyAllEnemiesSystem**：包含`OnCreate`和`OnUpdate`等方法。
- **FreezeAllEnemiesSystem**：包含`OnUpdate`方法。
- **DropOrbDestructionSystem**：包含`OnCreate`和`OnUpdate`等方法。

#### 4. 实现逻辑
- **DropOrbGenerateSystem**：在`OnCreate`中初始化查询和命令缓冲区，在`OnUpdate`中检查和加载掉落物预制体，并创建新的掉落物实体。
- **DropOrbAttractToPlayerSystem**：在`OnUpdate`中处理掉落物的吸引和拾取逻辑，包括播放声音和更新游戏状态。
- **DestroyAllEnemiesSystem**：在`OnUpdate`中检查游戏运行数据，如果设置了清除所有敌人的标志，则销毁所有符合条件的敌人实体。
- **FreezeAllEnemiesSystem**：在`OnUpdate`中检查游戏运行数据，如果设置了冻结时间，则将所有敌人的冻结状态设置为真。
- **DropOrbDestructionSystem**：在`OnUpdate`中销毁掉落物实体，并触发拾取事件。
2024-11-02 23:10:36,290 - INFO Retriever 0 - 

————————————————————————————————————————————————————————————————
2024-11-02 23:10:36,291 - INFO Retriever 0 - 当前窗口总长度：13
2024-11-02 23:10:36,291 - INFO Retriever 0 - 当前更新窗口长度：4
2024-11-02 23:10:36,291 - INFO Retriever 0 - 当前更新窗口长度：4
2024-11-02 23:10:36,292 - INFO Retriever 0 - ————————————————————————————————————————————————————————————————


2024-11-02 23:10:44,409 - INFO Retriever 0 - Agent主脑给出的回答为：{
    "deep_think": {
        "thoughts": "从'DropOrbSystem.cs'的内容概述来看，该脚本确实包含了与掉落物生成、吸引玩家以及掉落物销毁相关的逻辑。特别是'DropOrbAttractToPlayerSystem'类，它负责吸引玩家到掉落物并处理拾取逻辑，这与自动捡拾的功能紧密相关。因此，我可以确定'DropOrbSystem.cs'文件中包含了游戏过程中靠近敌人掉落物后自动捡拾的逻辑实现。"
    }
}
2024-11-02 23:10:44,410 - INFO Retriever 0 - 是否成功解析：True
2024-11-02 23:10:44,410 - INFO Retriever 0 - operation_type (__det_dir_action):
2024-11-02 23:10:44,410 - INFO Retriever 0 - deep_think
2024-11-02 23:10:44,410 - INFO Retriever 0 - 

——————————————————————————————————————————————————————————————————————————————————————————————————————————————————————————
2024-11-02 23:10:44,411 - INFO Retriever 0 - Assistant:
2024-11-02 23:10:44,411 - INFO Retriever 0 - {
    "deep_think": {
        "thoughts": "从'DropOrbSystem.cs'的内容概述来看，该脚本确实包含了与掉落物生成、吸引玩家以及掉落物销毁相关的逻辑。特别是'DropOrbAttractToPlayerSystem'类，它负责吸引玩家到掉落物并处理拾取逻辑，这与自动捡拾的功能紧密相关。因此，我可以确定'DropOrbSystem.cs'文件中包含了游戏过程中靠近敌人掉落物后自动捡拾的逻辑实现。"
    }
}
2024-11-02 23:10:44,411 - INFO Retriever 0 - dict_keys(['deep_think'])
2024-11-02 23:10:44,411 - INFO Retriever 0 - Agent主脑给出的行动：deep_think
参数：{'thoughts': "从'DropOrbSystem.cs'的内容概述来看，该脚本确实包含了与掉落物生成、吸引玩家以及掉落物销毁相关的逻辑。特别是'DropOrbAttractToPlayerSystem'类，它负责吸引玩家到掉落物并处理拾取逻辑，这与自动捡拾的功能紧密相关。因此，我可以确定'DropOrbSystem.cs'文件中包含了游戏过程中靠近敌人掉落物后自动捡拾的逻辑实现。", 'repeat_counter': 1, 'continue_think_counter': 1}
2024-11-02 23:10:44,412 - INFO Retriever 0 - Observer: 好的，请继续你的下一步行动或思考。
2024-11-02 23:10:44,413 - INFO Retriever 0 - 

————————————————————————————————————————————————————————————————
2024-11-02 23:10:44,413 - INFO Retriever 0 - 当前窗口总长度：15
2024-11-02 23:10:44,413 - INFO Retriever 0 - 当前更新窗口长度：6
2024-11-02 23:10:44,413 - INFO Retriever 0 - 当前更新窗口长度：6
2024-11-02 23:10:44,413 - INFO Retriever 0 - ————————————————————————————————————————————————————————————————


2024-11-02 23:10:46,981 - INFO Retriever 0 - Agent主脑给出的回答为：{
    "finish": "我已完成你所给出的任务需求，请你进行确认"
}
2024-11-02 23:10:46,981 - INFO Retriever 0 - 是否成功解析：True
2024-11-02 23:10:46,981 - INFO Retriever 0 - operation_type (__det_dir_action):
2024-11-02 23:10:46,981 - INFO Retriever 0 - finish
2024-11-02 23:10:46,981 - INFO Retriever 0 - 

——————————————————————————————————————————————————————————————————————————————————————————————————————————————————————————
2024-11-02 23:10:46,981 - INFO Retriever 0 - Assistant:
2024-11-02 23:10:46,981 - INFO Retriever 0 - {
    "finish": "我已完成你所给出的任务需求，请你进行确认"
}
2024-11-02 23:10:46,981 - INFO Retriever 0 - dict_keys(['finish'])
2024-11-02 23:10:46,981 - INFO Retriever 0 - ——————————————————————————————————— 任务结束 ———————————————————————————————————
2024-11-02 23:10:46,981 - INFO Retriever 0 - 

————————————————————————————————————————————————————————————————
2024-11-02 23:10:46,981 - INFO Retriever 0 - 当前窗口总长度：15
2024-11-02 23:10:46,981 - INFO Retriever 0 - 当前更新窗口长度：6
2024-11-02 23:10:46,981 - INFO Retriever 0 - 当前更新窗口长度：6
2024-11-02 23:10:46,981 - INFO Retriever 0 - ————————————————————————————————————————————————————————————————


2024-11-02 23:11:18,167 - INFO Retriever 0 - -------------------------Task Report-----------------------
2024-11-02 23:11:18,167 - INFO Retriever 0 - * 文件一：
    * 文件绝对路径：D:/Unity/Survaval\Assets/_MyAssets/Scripts/Item/DropOrbSystem.cs
    * 文件内容概述：该脚本定义了多个系统类，用于管理游戏中的掉落物系统，包括生成、吸引玩家、拾取和销毁掉落物。主要类有'DropOrbGenerateSystem'、'DropOrbAttractToPlayerSystem'、'DestroyAllEnemiesSystem'、'FreezeAllEnemiesSystem'和'DropOrbDestructionSystem'。
    * 该文件与问题目标之间的关联性：'DropOrbAttractToPlayerSystem'类负责吸引玩家到掉落物并处理拾取逻辑，这与自动捡拾的功能紧密相关，因此该文件包含了游戏过程中靠近敌人掉落物后自动捡拾的逻辑实现。

* 文件二：
    * 文件绝对路径：D:/Unity/Survaval\Assets/_MyAssets/ArtAssets/Enemies/Skeletons/enemy_special_drop_0_mat.mat
    * 文件内容概述：这是一个名为“enemy_special_drop_0_mat.mat”的材质文件，可能用于敌人掉落特殊物品时的材质效果。
    * 该文件与问题目标之间的关联性：虽然这个文件与敌人的特殊掉落物相关，但它是一个材质文件，不包含逻辑代码，因此与自动捡拾的逻辑实现无直接关联。

* 文件三：
    * 文件绝对路径：D:/Unity/Survaval\Assets/_MyAssets/Data/Drops
    * 文件内容概述：该文件夹包含多个脚本资产，用于控制物品掉落的逻辑配置，包括宝箱、金币、装备等不同类型物品的掉落属性。
    * 该文件与问题目标之间的关联性：虽然这个文件夹包含了掉落物品的配置数据，但它主要涉及掉落物品的属性设置，不包含自动捡拾的逻辑实现。

* 文件四：
    * 文件绝对路径：D:/Unity/Survaval\Assets/_MyAssets/Scripts/Character/EnemyComponent.cs
    * 文件内容概述：该脚本定义了Unity游戏中的敌人相关数据结构，包括敌人的索引、伤害、金币掉落等属性，以及可能涉及装备碎片的掉落逻辑。
    * 该文件与问题目标之间的关联性：虽然这个脚本定义了敌人的属性和可能涉及掉落逻辑，但它主要关注敌人的数据结构，不包含自动捡拾的逻辑实现。

* 文件五：
    * 文件绝对路径：D:/Unity/Survaval\Assets/_MyAssets/ArtAssets/Items/mat_drop_chest_1.mat
    * 文件内容概述：这是一个名为“mat_drop_chest_1.mat”的材质文件，可能用于掉落宝箱时的材质效果。
    * 该文件与问题目标之间的关联性：虽然这个文件与掉落宝箱相关，但它是一个材质文件，不包含逻辑代码，因此与自动捡拾的逻辑实现无直接关联。

* 文件六：
    * 文件绝对路径：D:/Unity/Survaval\Assets/_MyAssets/Texture/BattleTexture/luck_drop.png
    * 文件内容概述：这是一个名为“luck_drop.png”的纹理图片，可能用于表示掉落幸运值的效果。
    * 该文件与问题目标之间的关联性：虽然这个文件与掉落幸运值相关，但它是一个纹理图片，不包含逻辑代码，因此与自动捡拾的逻辑实现无直接关联。

* 文件七：
    * 文件绝对路径：D:/Unity/Survaval\Assets/_MyAssets/Texture/BattleTexture
    * 文件内容概述：该文件夹汇集了多种战斗奖励相关的纹理图片，包括不同类型的掉落效果，如经验、生命值、幸运值和磁铁效果。
    * 该文件与问题目标之间的关联性：虽然这个文件夹包含了掉落效果的纹理图片，但它不包含逻辑代码，因此与自动捡拾的逻辑实现无直接关联。

* 文件八：
    * 文件绝对路径：D:/Unity/Survaval\Assets/_MyAssets/RuntimePrefabs/Drops
    * 文件内容概述：该文件夹汇集了多个游戏内奖励的预制体文件，包括不同等级的宝箱、硬币以及增加生命值、幸运值和磁铁效果的物品。
    * 该文件与问题目标之间的关联性：虽然这个文件夹包含了掉落物品的预制体，但它不包含逻辑代码，因此与自动捡拾的逻辑实现无直接关联。

以上是我根据搜索到的所有信息，整理出的与问题目标相关的文件绝对路径及其内容概述，并阐述了它们与问题目标之间可能的关联性。
2024-11-02 23:11:18,167 - INFO Retriever 0 - 
Token Consuming:33946

2024-11-02 23:11:18,167 - INFO Retriever 0 - 
history rounds:8

