2024-11-02 23:08:18,803 - INFO Retriever 0 - Init Retriever.
2024-11-02 23:10:23,917 - INFO Retriever 0 - keywords:“物”，“drop”，“掉落”，“automatic pickup”，“fall”，“掉落物”，“捡拾”，“automatic”，“auto retrieval”，“自动”，“matter”，“enemy”，“collect”，“pick up”，“auto”，“thing”，“敌人”，“adversary”，“自动捡拾”
2024-11-02 23:10:23,917 - INFO Retriever 0 - deep_think_conent
:在获取了项目文件的顶层结构后，我还需要结合待查询的问题描述，对于项目中的文件和目录进行一些深度关键词检索。根据任务描述：“请在D:/Unity/Survaval\Assets下各级目录中寻找：游戏过程中靠近敌人掉落物后自动捡拾的逻辑在什么地方实现的？”，我总结出如下可能会出现在各个文件名或者文件内容中的关键词：“物”，“drop”，“掉落”，“automatic pickup”，“fall”，“掉落物”，“捡拾”，“automatic”，“auto retrieval”，“自动”，“matter”，“enemy”，“collect”，“pick up”，“auto”，“thing”，“敌人”，“adversary”，“自动捡拾”。
接下来，我将使用retrieve_keywords操作，在项目顶层路径“D:/Unity/Survaval\Assets”下检索这些关键词，从而大致把握可能与问题描述相关的文件或目录的路径。
2024-11-02 23:10:23,919 - INFO Retriever 0 - ——————————————————————————————————————————————————————————————————————————————————————————————————————————————————————————
2024-11-02 23:10:23,921 - INFO Retriever 0 - Assistant:
2024-11-02 23:10:23,921 - INFO Retriever 0 - {
    "deep_think": {
        "thoughts": "好的，接下来我将通过深度思考、仔细计划以及逐步执行的方式，来完成该任务。\n\n首先，在阅读详细的代码细节之前，应该先整体把握整个项目。\n\n在提供的可选的action中，可以通过get_folder_info操作，通过将项目顶层路径作为target_folder_path参数进行传入，来获取获取项目中主要文件夹和主要文件的描述，从而能够先大致把握项目文件的主要文件的文件树结构、基本内容、主要代码概述以及大致功能板块的分布。"
    }
}
2024-11-02 23:10:23,922 - INFO Retriever 0 - 
Observer:
2024-11-02 23:10:23,922 - INFO Retriever 0 - 好的，请继续你的下一步行动或思考。
2024-11-02 23:10:23,922 - INFO Retriever 0 - 
2024-11-02 23:10:23,968 - INFO Retriever 0 - ——————————————————————————————————————————————————————————————————————————————————————————————————————————————————————————
2024-11-02 23:10:23,968 - INFO Retriever 0 - Assistant:
2024-11-02 23:10:23,968 - INFO Retriever 0 - {
    "get_folder_info": {
        "target_folder_path": "D:/Unity/Survaval\\Assets"
    }
}
2024-11-02 23:10:23,969 - INFO Retriever 0 - 
Observer:
2024-11-02 23:10:23,969 - INFO Retriever 0 - 目标文件夹路径：D:/Unity/Survaval\Assets
文件结构树（该结构树可能不完整，仅返回深度小于等于1层的子文件以及文件夹）：
├── AddressableAssetsData
│   ├── AddressableAssetSettings.asset
│   ├── Android
│   ├── AssetGroupTemplates
│   ├── AssetGroups
│   ├── DataBuilders
│   ├── DefaultObject.asset
│   ├── iOS
├── AmplifyShaderEditor
│   ├── AmplifyShaderEditor.asmdef
│   ├── ChangeLog.txt
│   ├── CreatingTerrainsWithASE.txt
│   ├── Plugins
│   ├── Readme.txt
├── BlobHashMaps
│   ├── BlobBuilderExtensions.cs
│   ├── BlobHashMap.cs
│   ├── BlobHashMapIntInt.cs
│   ├── BlobHashMaps.asmdef
│   ├── BlobMultiHashMap.cs
│   ├── Data
├── BuildReport
│   ├── CustomBuildScriptExample.txt
│   ├── GUI
│   ├── README.txt
│   ├── Scripts
│   ├── VERSION.txt
│   ├── license.txt
├── CapturePath
├── DamageNumbersPro
│   ├── DamageNumbersPro.asmdef
│   ├── Documentation.url
│   ├── Editor
│   ├── Fonts
│   ├── Materials
│   ├── Scripts
├── Editor
│   ├── ChannelSetting.cs
│   ├── OrbiteExtenedEditor.cs
│   ├── Resources
│   ├── ShaderStripSettings
├── Editor Default Resources
│   ├── MasterAudio
├── EnhancedScroller v2
│   ├── ChangeLog.txt
│   ├── Documentation
│   ├── Plugins
│   ├── Tutorials
│   ├── readme.txt
│   ├── upgrading from 1.x to 2.x.txt
├── FlockBox
│   ├── Classic
│   ├── DOTS
│   ├── Flock Box Manual.pdf
├── Gizmos
│   ├── MasterAudio
├── Magic Spells Sound Effects V2.0
│   ├── Casting Loops
│   ├── Element Scholls
│   ├── General Spell
│   ├── Medieval Combat Sounds BONUS
│   ├── Special Attack
├── Pixel Arsenal
│   ├── Demo
│   ├── Materials
│   ...
│   ├── Textures
├── Plugins
│   ├── Android
│   ├── DarkTonic
│   ├── Demigiant
│   ├── Editor
│   ├── RelationsInspector
│   ├── Sirenix
│   ├── iOS
├── RPG Icons Pixel Art
│   ├── Aeromancer
│   ├── Alchemy1
│   ...
│   ├── Сrossbowman
├── Resources
│   ├── DOTweenSettings.asset
│   ├── MasterAudio
├── SPUM
│   ├── MonsterOrc_Prefabs
│   ├── MonsterUndeadPrefabs
│   ...
│   ├── Sprite_SheetExporter(Beta)
├── StreamingAssets
├── TextMesh Pro
│   ├── Documentation
│   ├── Fonts
│   ├── Resources
│   ├── Shaders
│   ├── Sprites
├── UniversalRenderPipelineGlobalSettings.asset
├── VirtualButtonsForUnity
│   ├── VirtualButtonsForUnity
├── YouLoftSDK
│   ├── PottingMobileSDK
│   ├── PottingMobileServices
│   ...
│   ├── YouloftTemp.cs
├── ZTools
│   ├── GlobalStringBuilder.cs
│   ├── Localization
│   ├── ZTools.asmdef
├── _MyAssets
│   ├── Animations
│   ├── ArtAssets
│   ...
│   ├── URPSettings


其中，部分主要文件及文件夹的信息如下：
1. Assets
# 路径:D:\\Unity\\Survaval\Assets
# 内容概述:“UniversalRenderPipelineGlobalSettings.asset”文件是Unity项目中用于配置通用渲染管道（URP）全局设置的资产。它涵盖了光照模式、阴影质量、后处理效果以及性能优化等关键设置，如光照层配置、阴影质量选择和后处理效果启用，旨在平衡视觉效果与性能表现，以适应不同游戏的需求。

2. AddressableAssetsData
# 路径:D:\\Unity\\Survaval\Assets\AddressableAssetsData
# 内容概述:### 文件夹内容简述

“AddressableAssetsData”文件夹汇集了Unity游戏开发所需的资源管理和配置文件。其中，Android和iOS子文件夹分别管理针对各自平台的资源状态。AssetGroups和AssetGroupTemplates子文件夹则专注于资源打包和内容更新配置，而DataBuilders子文件夹提供了资源管理和场景加载的脚本配置。此外，AddressableAssetSettings.asset文件负责资源加载和优化全局设置，而DefaultObject.asset则定义了Unity脚本组件的配置。整体而言，这些文件共同构成了游戏资源高效管理和优化的框架。

3. AmplifyShaderEditor
# 路径:D:\\Unity\\Survaval\Assets\AmplifyShaderEditor
# 内容概述:“AmplifyShaderEditor”文件夹汇集了Unity游戏开发中Amplify Shader Editor插件的核心组件与资源，包括编辑器脚本、界面资源、版本更新日志和使用指南。其中，“Editor”子文件夹承载着插件的核心逻辑和操作界面，而“EditorResources”则提供了图形用户界面和渲染资源。更新日志“ChangeLog.txt”详细记录了插件的功能迭代和问题修复，而“CreatingTerrainsWithASE.txt”则指导用户如何利用ASE创建地形着色器。遗憾的是，“Readme.txt”因编码错误无法读取，但预计包含插件的基本使用说明。

4. BlobHashMaps
# 路径:D:\\Unity\\Survaval\Assets\BlobHashMaps
# 内容概述:“BlobHashMaps”文件夹汇集了针对Unity游戏引擎优化的数据结构脚本，包括BlobHashMap和BlobMultiHashMap的实现。核心文件如BlobBuilderHashMapData.cs和BlobHashMapData.cs定义了HashMap和只读哈希表，BlobBuilderExtensions.cs扩展了BlobHashMap功能，BlobHashMap.cs和BlobHashMapIntInt.cs则提供了更丰富的操作和构建器功能。BlobHashMaps.asmdef文件定义了模块依赖，而BlobMultiHashMap.cs引入了多哈希映射支持，共同构成了一个高效的数据管理工具集。

5. BuildReport
# 路径:D:\\Unity\\Survaval\Assets\BuildReport
# 内容概述:“BuildReport”文件夹汇集了Unity游戏引擎的构建报告工具及相关资源，包括UI设计资源（如BRTSkin、NativeSkin和NativeSkinExtraIcons）、自动化构建脚本（如CustomBuildScriptExample.txt）和编辑器脚本（位于Scripts/Editor）。此外，它还包含定义特定窗口样式的皮肤文件（BuildReportWindow.guiskin和BuildReportWindowDark.guiskin），以及工具的许可证信息（license.txt）和使用说明（README.txt）。VERSION.txt文件记录了工具的版本更新历史，突出了新增功能和错误修复。

6. CapturePath
# 路径:D:\\Unity\\Survaval\Assets\CapturePath
# 内容概述:该文件夹内容为空。

7. DamageNumbersPro
# 路径:D:\\Unity\\Survaval\Assets\DamageNumbersPro
# 内容概述:“DamageNumbersPro”文件夹汇集了Unity游戏开发所需的资源，包括编辑器脚本、多种风格的字体、材质和游戏逻辑脚本。其中，编辑器脚本用于资源配置，字体和材质丰富了游戏视觉元素，而脚本集合则支撑了游戏的核心逻辑和交互。此外，汇编定义文件和文档链接文件提供了模块化开发和项目文档的便捷访问。

8. Editor
# 路径:D:\\Unity\\Survaval\Assets\Editor
# 内容概述:### 文件夹内容总结

“Editor”文件夹汇集了Unity项目开发所需的资源与工具。其中，**Resources**子文件夹提供游戏与动画设计的视觉素材，包括角色、场景元素和预制游戏单元。**ShaderStripSettings**包含提升渲染质量的Unity脚本组件，而**ChannelSetting.cs**脚本则用于管理不同渠道的SDK和项目配置。此外，**OrbiteExtenedEditor.cs**编辑器扩展脚本增强了文本编辑和屏幕截图功能，辅助设计和开发流程。整体上，这些资源与工具相互关联，共同服务于Unity项目的开发与优化。

9. Editor Default Resources
# 路径:D:\\Unity\\Survaval\Assets\Editor Default Resources
# 内容概述:“Editor Default Resources”文件夹汇集了多种音频处理相关的图标，包括播放、暂停、停止等控制图标，以及复制、删除、保存等操作图标，还有LED灯状态指示和扬声器图标等。这些图标共同服务于音频编辑和界面设计，为用户提供了直观的操作和状态指示。

10. EnhancedScroller v2
# 路径:D:\\Unity\\Survaval\Assets\EnhancedScroller v2
# 内容概述:该“EnhancedScroller v2”文件夹汇集了Unity游戏开发中EnhancedScroller插件的全面资源，包括用户手册、插件代码、教程和更新日志。用户手册详细介绍了插件的使用方法，插件代码则由组件、单元格视图和动画系统等组成，旨在提升UI开发效率。教程资源帮助开发者快速上手，而更新日志和升级指南则提供了插件版本间的变化和升级指导。

11. FlockBox
# 路径:D:\\Unity\\Survaval\Assets\FlockBox
# 内容概述:### 文件夹内容精简总结

“Flock Box”文件夹是Unity游戏开发项目，集成了视觉资源、游戏逻辑脚本和DOTS架构相关资源。其中，**Classic**子文件夹提供游戏场景、预制体和艺术资源，**DOTS**子文件夹则专注于DOTS架构的脚本和材料。项目手册“Flock Box Manual.pdf”详细介绍了项目结构、资源使用和开发指南，为开发者提供了全面的项目操作指导。

12. Gizmos
# 路径:D:\\Unity\\Survaval\Assets\Gizmos
# 内容概述:“Gizmos”文件夹汇集了音频处理相关的图标设计，包括“MasterAudio”品牌标识和“PlaylistController”播放列表控制功能的图标，旨在为音频软件界面提供视觉元素。

13. Magic Spells Sound Effects V2.0
# 路径:D:\\Unity\\Survaval\Assets\Magic Spells Sound Effects V2.0
# 内容概述:“Magic Spells Sound Effects V2.0”文件夹汇集了丰富的音效资源，包括循环施法音效、元素相关施法音效、通用魔法效果、中世纪战斗声音以及特定攻击音效。这些音效覆盖了从增益攻击到治疗，从施法到战斗动作，适用于游戏、影视等多媒体项目，且文件命名清晰，便于快速查找和使用。

14. Pixel Arsenal
# 路径:D:\\Unity\\Survaval\Assets\Pixel Arsenal
# 内容概述:“Pixel Arsenal”文件夹汇集了丰富的游戏开发资源，包括视觉素材（如天空盒和纹理）、预制体（如界面元素和特效）、场景素材、Unity脚本（用于游戏逻辑）和音频效果。这些资源相互关联，共同构建了游戏和视觉效果的基础，适用于Unity等游戏引擎。文件夹内的“ReadMe.txt”文件提供了资源使用指南和潜在的技术支持信息。

15. Plugins
# 路径:D:\\Unity\\Survaval\Assets\Plugins
# 内容概述:“Plugins”文件夹汇集了多平台游戏开发资源，包括Android应用开发工具、Unity游戏资源包如音频和网络同步插件，以及编辑器扩展和iOS应用开发组件。其中，Android子文件夹提供项目配置和第三方库；Unity相关资源如DarkTonic和Demigiant则专注于音频和网络同步，以及动画处理；Editor子文件夹增强Unity编辑器功能；iOS子文件夹涵盖性能监控和广告集成等iOS特有功能。这些资源相互关联，共同构建了一个全面的游戏开发环境。

16. Resources
# 路径:D:\\Unity\\Survaval\Assets\Resources
# 内容概述:### 文件夹内容总结

“Resources”文件夹汇集了Unity游戏项目的关键配置资源，包括“MasterAudioSettings.asset”用于音频处理和插件配置，以及“DOTweenSettings.asset”用于动画和缓动库的详细设置，两者共同确保游戏音效和动画的优化与流畅。

17. RPG Icons Pixel Art
# 路径:D:\\Unity\\Survaval\Assets\RPG Icons Pixel Art
# 内容概述:当然可以。以下是融合后的简短内容：

“Support contact.pdf”文件提供客户支持联系信息，包括电话、电子邮件和在线支持服务，并附有服务时间表、常见问题解答以及用户反馈表单，旨在为用户提供便捷的咨询与支持服务。

18. SPUM
# 路径:D:\\Unity\\Survaval\Assets\SPUM
# 内容概述:“SPUM”文件夹汇集了丰富的游戏开发资源，包括怪物与角色预制体、动画素材、图像资源、字体、材质以及Unity脚本等。它涵盖了从角色模型和动画到编辑器扩展和场景设置的全方位内容，旨在支持游戏开发、3D建模和动画制作项目。文件夹内不同子目录紧密关联，共同构成了一个完整的项目资源库。

19. StreamingAssets
# 路径:D:\\Unity\\Survaval\Assets\StreamingAssets
# 内容概述:“StreamingAssets”文件夹主要存储流媒体应用所需的资源，包括视频、音频和图像文件，以及相关的配置和脚本文件。该文件夹内部分为视频、音频、图像、配置和脚本等子文件夹，各自管理不同类型的媒体资源和播放逻辑配置，以确保资源的高效加载和流式传输。

20. TextMesh Pro
# 路径:D:\\Unity\\Survaval\Assets\TextMesh Pro
# 内容概述:该“TextMesh Pro”文件夹汇集了TextMesh Pro软件的用户指南、Liberation Sans字体资源、Unity项目资源包以及表情符号素材。其中，用户指南详细介绍了软件操作，Liberation Sans字体提供多种样式，Unity资源包包括字体、材质和精灵资产，着色器文件则专注于图形渲染，而表情符号资源则便于集成到项目中。这些内容相互关联，共同服务于游戏开发与图形设计的需求。

21. VirtualButtonsForUnity
# 路径:D:\\Unity\\Survaval\Assets\VirtualButtonsForUnity
# 内容概述:### 文件夹内容概览

“VirtualButtonsForUnity”文件夹是Unity游戏开发资源，集成了虚拟按钮、方向垫和摇杆预制体及脚本，旨在增强游戏交互体验。内含示例项目、预制体、脚本、图像资源和详细文档，方便开发者快速集成和使用。

22. YouLoftSDK
# 路径:D:\\Unity\\Survaval\Assets\YouLoftSDK
# 内容概述:### 文件夹内容总结

“YouLoftSDK”文件夹是Unity游戏开发者的综合工具包，集成了广告管理、支付、用户管理、数据同步等功能模块。其中，**PottingMobileSDK** 提供了Android和iOS平台的插件和脚本，**PottingMobileServices** 则包含了跨平台服务接口和功能脚本。广告管理、支付、礼包兑换等具体功能由 **YouLoftAd.cs**、**YouLoftPay.cs** 和 **YouLoftRedeemcode.cs** 等文件实现，而 **YouLoftSDKManager.cs** 负责管理这些模块，确保它们协同工作。此外，**YouLoftLogin.cs** 处理用户登录，**YouLoftEvent.cs** 和 **YouloftTemp.cs** 分别提供事件跟踪和配置同步功能，共同支撑游戏的整体运行。

23. ZTools
# 路径:D:\\Unity\\Survaval\Assets\ZTools
# 内容概述:### 文件夹内容总结
“ZTools”文件夹汇集了Unity游戏开发中本地化和字符串操作的工具。其中，包含用于本地化文本管理的脚本，如`StaticLocalizedText.cs`和`StaticLocalizedText_UGUI.cs`，以及`Strings.cs`用于管理本地化字符串。此外，`GlobalStringBuilder.cs`提供了全局字符串构建功能，优化了字符串操作性能。而“ZTools.asmdef”文件则定义了项目中的“ZTools”程序集，管理着相关脚本文件的引用和编译。这些工具共同构成了一个高效且模块化的开发环境。

24. _MyAssets
# 路径:D:\\Unity\\Survaval\Assets\_MyAssets
# 内容概述:“_MyAssets”文件夹是游戏开发的核心资源库，汇集了动画、艺术资产、音频、数据配置、编辑器资源、字体、图标、脚本、着色器等关键文件，以及预制体和场景设计。它为游戏提供了丰富的视觉和音频效果，并通过详细的配置文件和脚本实现了复杂的游戏逻辑和交互。文件夹内资源相互关联，共同支撑起游戏的整体架构和功能实现。

25. UniversalRenderPipelineGlobalSettings.asset
# 路径:D:\\Unity\\Survaval\Assets\UniversalRenderPipelineGlobalSettings.asset
# 内容概述:### 简化总结

该文件是Unity的通用渲染管道全局设置配置，定义了8个光照层（如Light Layer default至Light Layer 7）。它还包含了性能优化设置，如移除调试变体和未使用变体，以及不支持运行时调试显示。


2024-11-02 23:10:23,971 - INFO Retriever 0 - 
2024-11-02 23:10:23,971 - INFO Retriever 0 - ——————————————————————————————————————————————————————————————————————————————————————————————————————————————————————————
2024-11-02 23:10:23,972 - INFO Retriever 0 - Assistant:
2024-11-02 23:10:23,972 - INFO Retriever 0 - {
    "deep_think": {
        "thoughts": "在获取了项目文件的顶层结构后，我还需要结合待查询的问题描述，对于项目中的文件和目录进行一些深度关键词检索。根据任务描述：“请在D:/Unity/Survaval\\Assets下各级目录中寻找：游戏过程中靠近敌人掉落物后自动捡拾的逻辑在什么地方实现的？”，我总结出如下可能会出现在各个文件名或者文件内容中的关键词：“物”，“drop”，“掉落”，“automatic pickup”，“fall”，“掉落物”，“捡拾”，“automatic”，“auto retrieval”，“自动”，“matter”，“enemy”，“collect”，“pick up”，“auto”，“thing”，“敌人”，“adversary”，“自动捡拾”。\n接下来，我将使用retrieve_keywords操作，在项目顶层路径“D:/Unity/Survaval\\Assets”下检索这些关键词，从而大致把握可能与问题描述相关的文件或目录的路径。"
    }
}
2024-11-02 23:10:23,972 - INFO Retriever 0 - 
Observer:
2024-11-02 23:10:23,972 - INFO Retriever 0 - 好的，请继续你的下一步行动或思考。
2024-11-02 23:10:23,973 - INFO Retriever 0 - 
2024-11-02 23:10:25,483 - INFO Retriever 0 - ——————————————————————————————————————————————————————————————————————————————————————————————————————————————————————————
2024-11-02 23:10:25,483 - INFO Retriever 0 - Assistant:
2024-11-02 23:10:25,483 - INFO Retriever 0 - {
    "retrieve_keywords": {
        "keyword_list": [
            "物",
            "drop",
            "掉落",
            "automatic pickup",
            "fall",
            "掉落物",
            "捡拾",
            "automatic",
            "auto retrieval",
            "自动",
            "matter",
            "enemy",
            "collect",
            "pick up",
            "auto",
            "thing",
            "敌人",
            "adversary",
            "自动捡拾"
        ]
    }
}
2024-11-02 23:10:25,483 - INFO Retriever 0 - 
Observer:
2024-11-02 23:10:25,483 - INFO Retriever 0 - 根据你提供的关键词，我检索到以下目录或文件，它们的绝对路径如下：


1. D:\\Unity\\Survaval\Assets\_MyAssets\RuntimePrefabs\Drops
## 文件夹内容总结

“Drops”文件夹汇集了多个游戏内奖励的预制体文件，包括不同等级的宝箱、硬币以及增加生命值、幸运值和磁铁效果的物品。文件名中的数字指示了奖励的种类和强度。

2. D:\\Unity\\Survaval\Packages\com.unity.entities@0.17.0-preview.41\DocCodeSamples.Tests\DisableAutoCreation.cs
这是一个名为“DisableAutoCreation.cs”的文件。该文件中的内容为：
这是一个名为“DisableAutoCreation.cs”的文件，该文件里的内容为：
1|[assembly: Unity.Entities.DisableAutoCreation]
2|//This declaration prevents the systems in the documentation sample source from being auto-created.


3. D:\\Unity\\Survaval\Assets\_MyAssets\ArtAssets\Enemies\Skeletons\enemy_special_drop_0_mat.mat
这是一个名为“enemy_special_drop_0_mat.mat”的文件。

4. D:\\Unity\\Survaval\Assets\_MyAssets\Scripts\Item\DropOrbSystem.cs
该脚本文件“DropOrbSystem.cs”定义了多个系统类，共同构成了游戏中的掉落物系统。主要模块包括`DropOrbGenerateSystem`用于生成和管理掉落物，`DropOrbAttractToPlayerSystem`负责吸引玩家至掉落物并处理拾取逻辑，`DestroyAllEnemiesSystem`和`FreezeAllEnemiesSystem`分别用于销毁和冻结敌人，而`DropOrbDestructionSystem`处理掉落物被拾取后的销毁事件。每个系统类都包含特定的方法，如`OnCreate`用于初始化，`OnUpdate`用于执行主要逻辑，确保掉落物、敌人和玩家之间的交互得以顺畅进行。

5. D:\\Unity\\Survaval\Assets\_MyAssets\Texture\BattleTexture
“BattleTexture”文件夹汇集了多种战斗奖励相关的纹理图片，包括不同类型的掉落效果，如经验、生命值、幸运值和磁铁效果，适用于游戏界面设计或奖励展示。

6. D:\\Unity\\Survaval\Assets\_MyAssets\Texture\BattleTexture\luck_drop.png
这是一个名为“luck_drop.png”的文件。

7. D:\\Unity\\Survaval\Assets\_MyAssets\Scripts\Character\EnemyComponent.cs
该脚本“EnemyComponent.cs”定义了Unity游戏中的敌人相关数据结构。主要包含`EnemyData`结构体，用于存储敌人的索引、伤害、金币掉落等属性；`SuperBossTag`和`SupperBoss`结构体分别用于标记和跟踪超级BOSS的存在与状态；`DropEquipFram`则可能涉及装备碎片的掉落逻辑。这些结构体作为组件数据，便于在Unity的Entity系统中管理和使用。

8. D:\\Unity\\Survaval\Assets\_MyAssets\Data\Drops
### 文件夹内容总结

“Drops”文件夹汇集了Unity游戏开发中用于控制物品掉落的脚本资产，包括宝箱、金币、装备等不同类型物品的掉落逻辑配置。文件夹内资产如Drop_Chest_1至Drop_Chest_3定义了不同等级宝箱的掉落属性，而Drop_Coin系列资产则针对金币掉落进行细致配置。此外，Drop_Equip、Drop_goldMagnet等资产分别管理特定装备和磁铁的掉落规则。最后，_Drop_Generate_Data资产则汇总了所有掉落物品的配置数据，共同构成了游戏中的物品掉落系统。


请注意，这些目录或文件可能不全都和你的任务目标相关，仅供参考。请你基于具体的文件内容概述，结合你的任务目标，认真思考分析后，优先选择最有可能与任务相关的目录或文件进行进一步的检查。
2024-11-02 23:10:25,483 - INFO Retriever 0 - 
2024-11-02 23:10:31,055 - INFO Retriever 0 - Agent主脑给出的回答为：{
    "deep_think": {
        "thoughts": "根据检索到的结果，我发现有几个文件和目录可能与任务目标相关。特别是“D:\\Unity\\Survaval\\Assets\\_MyAssets\\Scripts\\Item\\DropOrbSystem.cs”这个文件，它的内容概述表明它定义了多个系统类，共同构成了游戏中的掉落物系统，包括生成和管理掉落物、吸引玩家至掉落物并处理拾取逻辑等。这很可能包含了游戏过程中靠近敌人掉落物后自动捡拾的逻辑。因此，我将选择读取这个文件的内容，以确认是否包含了所需的逻辑。"
    }
}
2024-11-02 23:10:31,055 - INFO Retriever 0 - 是否成功解析：True
2024-11-02 23:10:31,055 - INFO Retriever 0 - operation_type (__det_dir_action):
2024-11-02 23:10:31,058 - INFO Retriever 0 - deep_think
2024-11-02 23:10:31,058 - INFO Retriever 0 - 

——————————————————————————————————————————————————————————————————————————————————————————————————————————————————————————
2024-11-02 23:10:31,058 - INFO Retriever 0 - Assistant:
2024-11-02 23:10:31,058 - INFO Retriever 0 - {
    "deep_think": {
        "thoughts": "根据检索到的结果，我发现有几个文件和目录可能与任务目标相关。特别是“D:\\Unity\\Survaval\\Assets\\_MyAssets\\Scripts\\Item\\DropOrbSystem.cs”这个文件，它的内容概述表明它定义了多个系统类，共同构成了游戏中的掉落物系统，包括生成和管理掉落物、吸引玩家至掉落物并处理拾取逻辑等。这很可能包含了游戏过程中靠近敌人掉落物后自动捡拾的逻辑。因此，我将选择读取这个文件的内容，以确认是否包含了所需的逻辑。"
    }
}
2024-11-02 23:10:31,058 - INFO Retriever 0 - dict_keys(['deep_think'])
2024-11-02 23:10:31,058 - INFO Retriever 0 - Agent主脑给出的行动：deep_think
参数：{'thoughts': '根据检索到的结果，我发现有几个文件和目录可能与任务目标相关。特别是“D:\\Unity\\Survaval\\Assets\\_MyAssets\\Scripts\\Item\\DropOrbSystem.cs”这个文件，它的内容概述表明它定义了多个系统类，共同构成了游戏中的掉落物系统，包括生成和管理掉落物、吸引玩家至掉落物并处理拾取逻辑等。这很可能包含了游戏过程中靠近敌人掉落物后自动捡拾的逻辑。因此，我将选择读取这个文件的内容，以确认是否包含了所需的逻辑。', 'repeat_counter': 1, 'continue_think_counter': 1}
2024-11-02 23:10:31,058 - INFO Retriever 0 - Observer: 好的，请继续你的下一步行动或思考。
2024-11-02 23:10:31,059 - INFO Retriever 0 - 

————————————————————————————————————————————————————————————————
2024-11-02 23:10:31,059 - INFO Retriever 0 - 当前窗口总长度：11
2024-11-02 23:10:31,059 - INFO Retriever 0 - 当前更新窗口长度：2
2024-11-02 23:10:31,059 - INFO Retriever 0 - 当前更新窗口长度：2
2024-11-02 23:10:31,059 - INFO Retriever 0 - ————————————————————————————————————————————————————————————————


2024-11-02 23:10:33,767 - INFO Retriever 0 - Agent主脑给出的回答为：{
    "read_file": {
        "file_path": "D:/Unity/Survaval\\Assets\\_MyAssets\\Scripts\\Item\\DropOrbSystem.cs"
    }
}
2024-11-02 23:10:33,771 - INFO Retriever 0 - 是否成功解析：True
2024-11-02 23:10:33,771 - INFO Retriever 0 - operation_type (__det_dir_action):
2024-11-02 23:10:33,771 - INFO Retriever 0 - read_file
2024-11-02 23:10:33,772 - INFO Retriever 0 - 

——————————————————————————————————————————————————————————————————————————————————————————————————————————————————————————
2024-11-02 23:10:33,772 - INFO Retriever 0 - Assistant:
2024-11-02 23:10:33,772 - INFO Retriever 0 - {
    "read_file": {
        "file_path": "D:/Unity/Survaval\\Assets\\_MyAssets\\Scripts\\Item\\DropOrbSystem.cs"
    }
}
2024-11-02 23:10:33,772 - INFO Retriever 0 - dict_keys(['read_file'])
2024-11-02 23:10:33,772 - INFO Retriever 0 - Agent主脑给出的行动：read_file
参数：{'file_path': 'D:/Unity/Survaval\\Assets\\_MyAssets\\Scripts\\Item\\DropOrbSystem.cs', 'top_path': 'D:/Unity/Survaval\\Assets', 'return_file_sum': <bound method TreeGenerationAction.return_file_sum of <Action.tree_gen_action.TreeGenerationAction object at 0x000001E4ED283430>>}
2024-11-02 23:10:34,011 - INFO Retriever 0 - Observer: 这是一个名为“DropOrbSystem.cs”的文件，该文件里的内容为：
由于脚本文件内容过长，暂时仅给出该脚本文件的内容总结:
- ### 脚本内容总结

#### 1. 总体概述
- **框架和模块化结构**：脚本包含多个系统类，每个类负责游戏中的特定功能，如生成掉落物、吸引玩家到掉落物、销毁敌人和掉落物等。
- **主要功能**：脚本的主要功能是管理游戏中的掉落物系统，包括生成、吸引玩家、拾取和销毁掉落物。

#### 2. 模块和功能
- **DropOrbGenerateSystem**：生成和管理掉落物，包括加载预制体和创建掉落物实体。
- **DropOrbAttractToPlayerSystem**：吸引玩家到掉落物，并处理拾取逻辑。
- **DestroyAllEnemiesSystem**：销毁所有敌人。
- **FreezeAllEnemiesSystem**：冻结所有敌人。
- **DropOrbDestructionSystem**：处理掉落物被拾取后的逻辑。

#### 3. 类和函数
- **DropOrbGenerateSystem**：包含`CheckAndLoadOrbPrefab`、`OnCreate`、`OnDestroy`和`OnUpdate`等方法。
- **DropOrbAttractToPlayerSystem**：包含`OnCreate`、`OnDestroy`和`OnUpdate`等方法。
- **DestroyAllEnemiesSystem**：包含`OnCreate`和`OnUpdate`等方法。
- **FreezeAllEnemiesSystem**：包含`OnUpdate`方法。
- **DropOrbDestructionSystem**：包含`OnCreate`和`OnUpdate`等方法。

#### 4. 实现逻辑
- **DropOrbGenerateSystem**：在`OnCreate`中初始化查询和命令缓冲区，在`OnUpdate`中检查和加载掉落物预制体，并创建新的掉落物实体。
- **DropOrbAttractToPlayerSystem**：在`OnUpdate`中处理掉落物的吸引和拾取逻辑，包括播放声音和更新游戏状态。
- **DestroyAllEnemiesSystem**：在`OnUpdate`中检查游戏运行数据，如果设置了清除所有敌人的标志，则销毁所有符合条件的敌人实体。
- **FreezeAllEnemiesSystem**：在`OnUpdate`中检查游戏运行数据，如果设置了冻结时间，则将所有敌人的冻结状态设置为真。
- **DropOrbDestructionSystem**：在`OnUpdate`中销毁掉落物实体，并触发拾取事件。
2024-11-02 23:10:34,015 - INFO Retriever 0 - 

————————————————————————————————————————————————————————————————
2024-11-02 23:10:34,017 - INFO Retriever 0 - 当前窗口总长度：13
2024-11-02 23:10:34,017 - INFO Retriever 0 - 当前更新窗口长度：4
2024-11-02 23:10:34,017 - INFO Retriever 0 - 当前更新窗口长度：4
2024-11-02 23:10:34,017 - INFO Retriever 0 - ————————————————————————————————————————————————————————————————


2024-11-02 23:11:13,578 - INFO Retriever 0 - Agent主脑给出的回答为：{
    "deep_think": {
        "thoughts": "根据“DropOrbSystem.cs”文件的内容概述，我们可以看到这个脚本确实包含了管理掉落物系统的逻辑，包括生成、吸引玩家、拾取和销毁掉落物。特别是“DropOrbAttractToPlayerSystem”类，它负责吸引玩家到掉落物，并处理拾取逻辑。这表明自动捡拾的逻辑很可能在这个类中实现。为了确认这一点，我需要读取这个类的详细内容。"
    }
}
2024-11-02 23:11:13,578 - INFO Retriever 0 - 是否成功解析：True
2024-11-02 23:11:13,578 - INFO Retriever 0 - operation_type (__det_dir_action):
2024-11-02 23:11:13,578 - INFO Retriever 0 - deep_think
2024-11-02 23:11:13,579 - INFO Retriever 0 - 

——————————————————————————————————————————————————————————————————————————————————————————————————————————————————————————
2024-11-02 23:11:13,579 - INFO Retriever 0 - Assistant:
2024-11-02 23:11:13,579 - INFO Retriever 0 - {
    "deep_think": {
        "thoughts": "根据“DropOrbSystem.cs”文件的内容概述，我们可以看到这个脚本确实包含了管理掉落物系统的逻辑，包括生成、吸引玩家、拾取和销毁掉落物。特别是“DropOrbAttractToPlayerSystem”类，它负责吸引玩家到掉落物，并处理拾取逻辑。这表明自动捡拾的逻辑很可能在这个类中实现。为了确认这一点，我需要读取这个类的详细内容。"
    }
}
2024-11-02 23:11:13,579 - INFO Retriever 0 - dict_keys(['deep_think'])
2024-11-02 23:11:13,581 - INFO Retriever 0 - Agent主脑给出的行动：deep_think
参数：{'thoughts': '根据“DropOrbSystem.cs”文件的内容概述，我们可以看到这个脚本确实包含了管理掉落物系统的逻辑，包括生成、吸引玩家、拾取和销毁掉落物。特别是“DropOrbAttractToPlayerSystem”类，它负责吸引玩家到掉落物，并处理拾取逻辑。这表明自动捡拾的逻辑很可能在这个类中实现。为了确认这一点，我需要读取这个类的详细内容。', 'repeat_counter': 1, 'continue_think_counter': 1}
2024-11-02 23:11:13,581 - INFO Retriever 0 - Observer: 好的，请继续你的下一步行动或思考。
2024-11-02 23:11:13,582 - INFO Retriever 0 - 

————————————————————————————————————————————————————————————————
2024-11-02 23:11:13,582 - INFO Retriever 0 - 当前窗口总长度：15
2024-11-02 23:11:13,582 - INFO Retriever 0 - 当前更新窗口长度：6
2024-11-02 23:11:13,582 - INFO Retriever 0 - 当前更新窗口长度：6
2024-11-02 23:11:13,583 - INFO Retriever 0 - ————————————————————————————————————————————————————————————————


2024-11-02 23:11:17,626 - INFO Retriever 0 - Agent主脑给出的回答为：{
    "read_long_details": {
        "file_path": "D:/Unity/Survaval\\Assets\\_MyAssets\\Scripts\\Item\\DropOrbSystem.cs"
    }
}
2024-11-02 23:11:17,627 - INFO Retriever 0 - 是否成功解析：True
2024-11-02 23:11:17,627 - INFO Retriever 0 - operation_type (__det_dir_action):
2024-11-02 23:11:17,627 - INFO Retriever 0 - read_long_details
2024-11-02 23:11:17,627 - INFO Retriever 0 - 

——————————————————————————————————————————————————————————————————————————————————————————————————————————————————————————
2024-11-02 23:11:17,628 - INFO Retriever 0 - Assistant:
2024-11-02 23:11:17,628 - INFO Retriever 0 - {
    "read_long_details": {
        "file_path": "D:/Unity/Survaval\\Assets\\_MyAssets\\Scripts\\Item\\DropOrbSystem.cs"
    }
}
2024-11-02 23:11:17,628 - INFO Retriever 0 - dict_keys(['read_long_details'])
2024-11-02 23:11:17,628 - INFO Retriever 0 - Agent主脑给出的行动：read_long_details
参数：{'file_path': 'D:/Unity/Survaval\\Assets\\_MyAssets\\Scripts\\Item\\DropOrbSystem.cs', 'top_path': 'D:/Unity/Survaval\\Assets', 'return_file_sum': <bound method TreeGenerationAction.return_file_sum of <Action.tree_gen_action.TreeGenerationAction object at 0x000001E4ED283430>>}
2024-11-02 23:11:17,630 - INFO Retriever 0 - Observer: 这是一个名为“DropOrbSystem.cs”的文件，该文件里的内容为：
  1|using Game;
  2|using System;
  3|using CloudFine.FlockBox.DOTS;
  4|using DarkTonic.MasterAudio;
  5|using DOTSSound;
  6|using OrbitGames.DOTSCore;
  7|using OrbitGames.DOTSWeaponSystem;
  8|using Unity.Collections;
  9|using Unity.Entities;
 10|using Unity.Mathematics;
 11|using Unity.Transforms;
 12|using UnityEngine;
 13|using UnityEngine.AddressableAssets.DOTSExtension;
 14|
 15|public class DropOrbGenerateSystem : SystemBase
 16|{
 17|    private NativeHashMap<int, FixedString64> dropOrbPrefabKeys;
 18|    private BeginInitializationEntityCommandBufferSystem ecbSystem;
 19|    private EntityQuery aliveOrbQuery;
 20|    private EntityQuery commandQuery;
 21|    private EntityQuery outOfRangeQuery;
 22|
 23|
 24|    /// <summary>
 25|    /// 掉落物出现时
 26|    /// </summary>
 27|    public event Action<int, float2> onDropCreated;
 28|
 29|    private void CheckAndLoadOrbPrefab()
 30|    {
 31|        if (!dropOrbPrefabKeys.IsCreated)
 32|        {
 33|            GameDataSystem dataSystem = World.DefaultGameObjectInjectionWorld.GetOrCreateSystem<GameDataSystem>();
 34|            var dropPrefabsData = dataSystem.GetCollection()?.dropGenerateDatas;
 35|            if (dropPrefabsData != null)
 36|            {
 37|                dropOrbPrefabKeys = new NativeHashMap<int, FixedString64>(dropPrefabsData.Count, Allocator.Persistent);
 38|
 39|                foreach (var data in dropPrefabsData)
 40|                {
 41|                    dropOrbPrefabKeys.Add(data.Key, (string) data.Value.RuntimeKey);
 42|                    this.LoadDOTSPrefab(dropOrbPrefabKeys[data.Key]);
 43|                }
 44|            }
 45|        }
 46|    }
 47|
 48|    protected override void OnCreate()
 49|    {
 50|        ecbSystem = World.GetOrCreateSystem<BeginInitializationEntityCommandBufferSystem>();
 51|        aliveOrbQuery = GetEntityQuery(ComponentType.ReadOnly<CoinOrbComponent>());
 52|        RequireSingletonForUpdate<PlayerComponent>();
 53|
 54|
 55|        CheckAndLoadOrbPrefab();
 56|    }
 57|
 58|    protected override void OnDestroy()
 59|    {
 60|        if (dropOrbPrefabKeys.IsCreated)
 61|            dropOrbPrefabKeys.Dispose();
 62|    }
 63|
 64|    protected override void OnUpdate()
 65|    {
 66|        //暂停也应该执行这些
 67|        // if (this.IsGamePaused()) return;
 68|
 69|        CheckAndLoadOrbPrefab();
 70|        if (!dropOrbPrefabKeys.IsCreated) return;
 71|
 72|        var dropKeys = dropOrbPrefabKeys;
 73|        var map = this.GetDOTSPrefabMapping();
 74|        var ecb = ecbSystem.CreateCommandBuffer();
 75|        var ecbParallel = ecb.AsParallelWriter();
 76|
 77|        //掉落金币
 78|        var maxCount = GameplayManager.instance == null ? 50 : GameplayManager.instance.maxOrbOnScreen;
 79|        var aliveOrbCount = aliveOrbQuery.CalculateEntityCount();
 80|        var commandCount = commandQuery.CalculateEntityCount();
 81|        var destroyedCoinCount = new NativeArray<int>(2, Allocator.TempJob); //找到超出屏幕范围的
 82|
 83|        if (aliveOrbCount + commandCount > maxCount)
 84|        {
 85|            // Dependency =
 86|            //     this.GetSingletonWithoutSyncPoint<PlayerComponent, LocalToWorld>(Dependency, Allocator.TempJob,
 87|            //         out var playerPos);
 88|
 89|            var toDestroyCount = (aliveOrbCount + commandCount) - maxCount;
 90|
 91|            Dependency = Entities
 92|                // .WithReadOnly(playerPos)
 93|                // .WithDisposeOnCompletion(playerPos)
 94|                .WithStoreEntityQueryInField(ref outOfRangeQuery)
 95|                .WithNone<ExpOrbInsideVisibleRangeTag>()
 96|                .ForEach((Entity e, in CoinOrbComponent coinOrb) => //, in Translation position) =>
 97|                {
 98|                    if (destroyedCoinCount[0] >= toDestroyCount) return;
 99|                    if (coinOrb.coinCount > 1) return;
100|
101|                    // var playerPosition2D = playerPos.Value.Position;
102|                    // var thisPos = position.Value;
103|                    // var x = thisPos.x - playerPosition2D.x;
104|                    // var y = thisPos.y - playerPosition2D.y;
105|                    // if (x > 10 || x < -10 || y > 10 || y < -10)
106|                    // {
107|                    destroyedCoinCount[0]++;
108|                    //destroyedCoinCount[1] += coinOrb.coinCount;
109|                    ecb.DestroyEntity(e);
110|                    // }
111|                }).Schedule(Dependency);
112|
113|            //如果这都不够，再从屏幕里面选
114|            if (outOfRangeQuery.CalculateEntityCount() < toDestroyCount)
115|            {
116|                Dependency = Entities
117|                    .WithAll<ExpOrbInsideVisibleRangeTag>()
118|                    .ForEach((Entity e, in CoinOrbComponent coinOrb) =>
119|                    {
120|                        if (destroyedCoinCount[0] >= toDestroyCount) return;
121|                        if (coinOrb.coinCount > 1) return;
122|
123|                        destroyedCoinCount[0]++;
124|                        //destroyedCoinCount[1] += coinOrb.coinCount;
125|                        ecb.DestroyEntity(e);
126|                    }).Schedule(Dependency);
127|            }
128|        }
129|
130|        Dependency = Entities
131|            .WithReadOnly(dropKeys)
132|            .WithReadOnly(map)
133|            // .WithReadOnly(destroyedCoinCount)
134|            .WithDisposeOnCompletion(destroyedCoinCount)
135|            .WithStoreEntityQueryInField(ref commandQuery)
136|            .ForEach((Entity e, int entityInQueryIndex, in CoinOrbCreateCommand command) =>
137|            {
138|                var dropId = command.dropId;
139|                if (dropKeys.ContainsKey(dropId))
140|                {
141|                    var prefabKey = dropKeys[dropId];
142|                    if (map.ContainsKey(prefabKey))
143|                    {
144|                        var prefab = map[prefabKey];
145|
146|                        ecbParallel.DestroyEntity(entityInQueryIndex, e);
147|                        var orb = ecbParallel.Instantiate(entityInQueryIndex, prefab);
148|                        ecbParallel.SetComponent(entityInQueryIndex, orb,
149|                            new Translation() {Value = new float3(command.position, 0)});
150|                        ecbParallel.SetComponent(entityInQueryIndex, orb,
151|                            new CoinOrbComponent() {coinCount = command.coinCount}); // + (destroyedCoinCount[1] / commandCount)});
152|                        ecbParallel.SetComponent(entityInQueryIndex, orb,
153|                            new TimeWaitComponent() {waitTime = 0.5f});
154|
155|                        destroyedCoinCount[0]--;
156|                    }
157|                    else
158|                    {
159|                        Debug.LogError($"prefabMap doesn't ContainsKey({prefabKey})");
160|                    }
161|                }
162|                else
163|                {
164|                    Debug.LogError($"dropKeys donesn't Contains dropId({dropId})");
165|                }
166|            }).ScheduleParallel(Dependency);
167|
168|        //通知掉落物位置(不含包括金币)
169|        Entities
170|            .WithoutBurst()
171|            .ForEach((in DropOrbCreateCommand command) =>
172|            {
173|                //如果需要获取Id,可以使用Entity的Index和Version(两个必须同时匹配)
174|                var dropId = command.dropId;
175|                var pos = command.realPosition;
176|
177|                onDropCreated?.Invoke(dropId, pos);
178|            }).Run();
179|
180|        //掉落其它物品
181|        Entities
182|            .WithReadOnly(dropKeys)
183|            .WithReadOnly(map)
184|            .ForEach((Entity e, int entityInQueryIndex, in DropOrbCreateCommand command) =>
185|            {
186|                var dropId = command.dropId;
187|                if (dropKeys.ContainsKey(dropId))
188|                {
189|                    var prefabKey = dropKeys[dropId];
190|                    if (map.ContainsKey(prefabKey))
191|                    {
192|                        var prefab = map[prefabKey];
193|
194|                        ecbParallel.DestroyEntity(entityInQueryIndex, e);
195|                        var orb = ecbParallel.Instantiate(entityInQueryIndex, prefab);
196|                        ecbParallel.SetComponent(entityInQueryIndex, orb,
197|                            new Translation() {Value = new float3(command.position, 0)});
198|                        ecbParallel.SetComponent(entityInQueryIndex, orb,
199|                            new DropOrbComponent() {dropId = dropId});
200|                        ecbParallel.SetComponent(entityInQueryIndex, orb,
201|                            new TimeWaitComponent() {waitTime = 0.5f});
202|                    }
203|                    else
204|                    {
205|                        Debug.LogError($"prefabMap doesn't ContainsKey({prefabKey})");
206|                    }
207|                }
208|                else
209|                {
210|                    Debug.LogError($"dropKeys donesn't Contains dropId({dropId})");
211|                }
212|            }).ScheduleParallel();
213|
214|        ecbSystem.AddJobHandleForProducer(Dependency);
215|    }
216|}
217|
218|public class DropOrbAttractToPlayerSystem : SystemBase
219|{
220|    private GameDataSystem dataSystem;
221|    private EndSimulationEntityCommandBufferSystem ecbSystem;
222|    private EntityArchetype dropCollectCommand;
223|
224|    private EntityArchetype dotsSoundPlayCommand;
225|    private uint? collectSoundKey;
226|    private const string collectSoundType = "Buff_Pick";
227|
228|    private uint? coinPickSoundKey;
229|    private const string coinPickSoundType = "PickUp1";
230|    private NativeArray<float> currentPitch;
231|
232|    private WeaponRootSystem weaponRootSystem;
233|
234|    protected override void OnCreate()
235|    {
236|        dataSystem = World.GetOrCreateSystem<GameDataSystem>();
237|        ecbSystem = World.GetOrCreateSystem<EndSimulationEntityCommandBufferSystem>();
238|        RequireSingletonForUpdate<GameplayComponentData>();
239|        RequireSingletonForUpdate<PlayerComponent>();
240|        dropCollectCommand = EntityManager.CreateArchetype(ComponentType.ReadOnly<DropCollectedCommand>());
241|
242|        dotsSoundPlayCommand = EntityManager.CreateArchetype(ComponentType.ReadOnly<DOTSSoundPlayCommand>(),
243|            ComponentType.ReadOnly<GameCleanTag>());
244|        collectSoundKey = null;
245|        coinPickSoundKey = null;
246|
247|        currentPitch = new NativeArray<float>(1, Allocator.Persistent);
248|
249|        weaponRootSystem = World.GetOrCreateSystem<WeaponRootSystem>();
250|    }
251|
252|    protected override void OnDestroy()
253|    {
254|        currentPitch.Dispose();
255|    }
256|
257|    protected override void OnUpdate()
258|    {
259|        if (!collectSoundKey.HasValue)
260|        {
261|            if (MasterAudio.SafeInstance != null)
262|                collectSoundKey = MasterAudio.SafeInstance.GetGroupNameKey(collectSoundType);
263|        }
264|
265|        if (!coinPickSoundKey.HasValue)
266|        {
267|            if (MasterAudio.SafeInstance != null)
268|                coinPickSoundKey = MasterAudio.SafeInstance.GetGroupNameKey(coinPickSoundType);
269|        }
270|
271|        var cmd = dotsSoundPlayCommand;
272|        var collectKey = collectSoundKey.HasValue ? collectSoundKey.Value : uint.MaxValue;
273|        var coinPickKey = coinPickSoundKey.HasValue ? coinPickSoundKey.Value : uint.MaxValue;
274|
275|        var gameData = dataSystem.gameDataBlob;
276|
277|        var ecb = ecbSystem.CreateCommandBuffer().AsParallelWriter();
278|        var ecbo = ecbSystem.CreateCommandBuffer();
279|        var gameplayEntity = GetSingletonEntity<GameplayComponentData>();
280|        var playerEntity = GetSingletonEntity<PlayerComponent>();
281|        var dt = Time.DeltaTime;
282|        var collectCommandArch = dropCollectCommand;
283|        var coinAdded = new NativeArray<int>(1, Allocator.TempJob);
284|
285|        var weaponObs1 = weaponRootSystem.WeaponDic;
286|
287|        Dependency =
288|            this.GetSingletonWithoutSyncPoint<LocalToWorld>(playerEntity, Dependency, Allocator.TempJob,
289|                out var playerPos);
290|        Dependency =
291|            this.GetSingletonWithoutSyncPoint<PlayerRuntimeData>(Dependency, Allocator.TempJob,
292|                out var playerRuntimeData);
293|        Dependency =
294|            this.GetSingletonWithoutSyncPoint<GameplayRuntimeData>(Dependency, Allocator.TempJob,
295|                out var gameplayRuntimeData);
296|
297|        
298|        var query = GetEntityQuery(typeof(SuperBossTag));
299|        if (!query.IsEmpty)
300|        {
301|            Dependency = Entities.ForEach((Entity e,  int entityInQueryIndex, ref CoinMagnet coniMagnet) =>
302|            {
303|                ecb.DestroyEntity(entityInQueryIndex,e);
304|            }).ScheduleParallel(Dependency);
305|            Dependency = Entities.ForEach((Entity e,  int entityInQueryIndex, ref CoinOrbComponent coniMagnet) =>
306|            {
307|                coniMagnet.isMagnet = true;
308|            }).ScheduleParallel(Dependency);
309|        }
310|
311|        //拾取金币
312|        Dependency = Entities
313|            .WithReadOnly(gameplayRuntimeData)
314|            .WithReadOnly(playerRuntimeData)
315|            .WithReadOnly(playerPos)
316|            .WithNativeDisableParallelForRestriction(coinAdded)
317|            .ForEach((Entity e, int entityInQueryIndex, ref Translation position, in CoinOrbComponent dropOrb, in TimeWaitComponent timeWait) =>
318|            {
319|                //暂停状态不允许吸
320|                if (gameplayRuntimeData.Value.gamePaused) return;
321|                if (timeWait.waitTime > 0) return;
322|
323|                var playerPosition2D = new float3(playerPos.Value.Position.xy, 0);
324|                var absorbExpDistanceSq = playerRuntimeData.Value.absorbExpDistanceSq;
325|
326|                var thisPos = position.Value;
327|                thisPos.z = 0f;
328|                
329|                if (math.distancesq(thisPos, playerPosition2D) <= absorbExpDistanceSq||dropOrb.isMagnet)
330|                {
331|                    position.Value = MoveTowards(new float3(position.Value.xy, 0), playerPosition2D, dt * 10,
332|                        out var arrived, dropOrb.isMagnet);
333|                    if (arrived)
334|                    {
335|                        coinAdded[0] += dropOrb.coinCount;
336|                        ecb.DestroyEntity(entityInQueryIndex, e);
337|                    }
338|                }
339|            }).ScheduleParallel(Dependency);
340|        
341|        Dependency = Entities
342|            .WithReadOnly(coinAdded)
343|            .ForEach((int entityInQueryIndex, in DynamicBuffer<EquipComponent> equipComponents) =>
344|                {
345|                    //拾取金币降低冷却
346|                   // Debug.LogError("拾取金币降低冷却触发");
347|                    if (coinAdded[0]>0)
348|                    {
349|                        //Debug.LogError("拾取金币降低冷却触发");
350|                        for (int i = 0; i < equipComponents.Length; i++)
351|                        {
352|                            if (equipComponents[i].effectType == EquipEffectType.PickGoldCool)
353|                            {
354|                                var command = ecb.CreateEntity(entityInQueryIndex);
355|                                ecb.AddComponent<ReduceWeaponCDCommand>(entityInQueryIndex, command);
356|                                ecb.SetComponent(entityInQueryIndex, command, new ReduceWeaponCDCommand()
357|                                {
358|                                    //weaponID = equipComponents[i].ItemrootId,
359|                                    reduceTime = (float) equipComponents[i].value
360|                                });
361|                            }
362|                        }
363|                    }
364|                }
365|            ).Schedule(Dependency);
366|
367|
368|        var p = currentPitch;
369|        Dependency = Entities
370|            .WithReadOnly(coinAdded)
371|            .WithReadOnly(playerRuntimeData)
372|            .WithReadOnly(playerPos)
373|            .WithDisposeOnCompletion(coinAdded)
374|            .ForEach((ref GamePlayGetGoldData getGoldData) =>
375|            {
376|                p[0] -= dt * 0.5f;
377|                if (p[0] < 1f)
378|                    p[0] = 1f;
379|
380|                var coinGained = coinAdded[0];
381|
382|                if (coinGained > 0)
383|                {
384|                    var coinAdd = coinGained * (1 + playerRuntimeData.Value.greed + playerRuntimeData.Value.coinAddition);
385|                    getGoldData.currentGold += coinAdd;
386|
387|                    if (coinPickKey < uint.MaxValue)
388|                    {
389|                        p[0] += 0.05f;
390|                        if (p[0] >= 2f)
391|                            p[0] = 2f;
392|
393|                        var cmdEntity = ecbo.CreateEntity(cmd);
394|                        ecbo.SetComponent(cmdEntity, new DOTSSoundPlayCommand()
395|                        {
396|                            playPosition = playerPos.Value.Position,
397|                            followEntity = Entity.Null,
398|                            soundDataIndex = coinPickKey,
399|                            overridePitch = p[0]
400|                        });
401|                    }
402|                }
403|            }).Schedule(Dependency);
404|
405|        //拾取其它掉落物
406|        Dependency = Entities
407|            .WithReadOnly(gameplayRuntimeData)
408|            .WithReadOnly(playerRuntimeData)
409|            .WithReadOnly(playerPos)
410|            .WithDisposeOnCompletion(gameplayRuntimeData)
411|            .WithDisposeOnCompletion(playerRuntimeData)
412|            .WithDisposeOnCompletion(playerPos)
413|            .ForEach((Entity e, int entityInQueryIndex, ref Translation position, in DropOrbComponent dropOrb, in TimeWaitComponent timeWait) =>
414|            {
415|                if (gameplayRuntimeData.Value.gamePaused) return;
416|
417|                var thisPos = position.Value;
418|                thisPos.z = 0f;
419|
420|                ref var dropData = ref gameData.Value.allDropData;
421|
422|                if (dropData.TryGetValue(dropOrb.dropId, out var idx))
423|                {
424|                    if (timeWait.waitTime > 0) return;
425|
426|                    var playerPosition = playerPos.Value.Position;
427|
428|                    ref var data = ref gameData.Value.drops[idx];
429|                    if (data.mustCloseToPick)
430|                    {
431|                        //注意距离的设置，有可能会同时靠近多个宝箱?
432|                        if (math.distancesq(thisPos.xy, playerPosition.xy) <= 1f)
433|                        {
434|                            var collectCommand = ecb.CreateEntity(entityInQueryIndex, collectCommandArch);
435|                            ecb.SetComponent(entityInQueryIndex, collectCommand, new DropCollectedCommand()
436|                            {
437|                                dropId = dropOrb.dropId,
438|                                position = thisPos.xy,
439|                                realPosition = thisPos.xy - new float2(0, 0.5f),
440|                            });
441|
442|                            switch (data.type)
443|                            {
444|                                case DropType.Coin:
445|                                    var gameplayData = GetComponent<GamePlayGetGoldData>(gameplayEntity);
446|                                    gameplayData.currentGold += data.count * (1 + playerRuntimeData.Value.greed);
447|                                    ecb.SetComponent(entityInQueryIndex, gameplayEntity, gameplayData);
448|                                    break;
449|                                case DropType.Hp:
450|                                    var playerHpData = GetComponent<PlayerHpComponent>(playerEntity);
451|                                    playerHpData.currentHp += data.count;
452|                                    playerHpData.currentHp = math.clamp(playerHpData.currentHp, 0f,
453|                                        playerHpData.currentMaxHp);
454|                                    ecb.SetComponent(entityInQueryIndex, playerEntity, playerHpData);
455|                                    break;
456|                                case DropType.Lucky: //掉落的幸运值直接加到基础值里
457|                                    var playerBaseData = GetComponent<PlayerBaseData>(playerEntity);
458|                                    playerBaseData.baseLucky += data.count / 10f;
459|                                    ecb.SetComponent(entityInQueryIndex, playerEntity, playerBaseData);
460|                                    break;
461|                                case DropType.Chest:
462|                                    var chestData = GetComponent<GamePlayChestRunTimeData>(gameplayEntity);
463|                                    chestData.chest = (int) data.count;
464|                                    chestData.rank = data.chestRank;
465|                                    ecb.SetComponent(entityInQueryIndex, gameplayEntity, chestData);
466|                                    break;
467|                                case DropType.CollectAllExp:
468|                                    var runtimeData = playerRuntimeData.Value;
469|                                    runtimeData.autoCollectExp = true;
470|                                    ecb.SetComponent(entityInQueryIndex, playerEntity, runtimeData);
471|                                    //Debug.Log("autoCollectExp = true");
472|
473|                                    if (collectKey < uint.MaxValue)
474|                                    {
475|                                        var cmdEntity = ecb.CreateEntity(entityInQueryIndex, cmd);
476|                                        ecb.SetComponent(entityInQueryIndex, cmdEntity, new DOTSSoundPlayCommand()
477|                                        {
478|                                            playPosition = playerPosition,
479|                                            followEntity = Entity.Null,
480|                                            soundDataIndex = collectKey
481|                                        });
482|                                    }
483|
484|                                    break;
485|                                case DropType.ClearAllEnemy:
486|                                    var gameplayData2 = GetComponent<GameplayRuntimeData>(gameplayEntity);
487|                                    gameplayData2.clearAllEnemy = true;
488|                                    ecb.SetComponent(entityInQueryIndex, gameplayEntity, gameplayData2);
489|                                    break;
490|                                case DropType.Freeze:
491|                                    var gameplayData3 = GetComponent<GameplayRuntimeData>(gameplayEntity);
492|                                    gameplayData3.freezeTime = data.count;
493|                                    ecb.SetComponent(entityInQueryIndex, gameplayEntity, gameplayData3);
494|                                    break;
495|                                case DropType.TempWeapon:
496|                                    var gameplayData4 = GetComponent<GameplayRuntimeData>(gameplayEntity);
497|                                    gameplayData4.tempWeapon = (int) data.count;
498|                                    ecb.SetComponent(entityInQueryIndex, gameplayEntity, gameplayData4);
499|                                    break;
500|                                case DropType.CollectAllGold:
501|                                    var coinObj = ecb.CreateEntity(entityInQueryIndex, cmd);
502|                                    ecb.AddComponent(entityInQueryIndex, coinObj,new CoinMagnet());
503|                                    break;
504|                                default:
505|                                    break;
506|                            }
507|
508|                            ecb.DestroyEntity(entityInQueryIndex, e);
509|                        }
510|                    }
511|                    else if (math.distancesq(thisPos.xy, playerPosition.xy) <= playerRuntimeData.Value.absorbExpDistanceSq)
512|                    {
513|                        position.Value = MoveTowards(new float3(position.Value.xy, 0), playerPosition, dt * 10,
514|                            out var arrived);
515|                        if (arrived)
516|                        {
517|                            //宝箱都是要走进才能拾取,所以这里其实不需要加入Command
518|                            var collectCommand = ecb.CreateEntity(entityInQueryIndex, collectCommandArch);
519|                            ecb.SetComponent(entityInQueryIndex, collectCommand, new DropCollectedCommand()
520|                            {
521|                                dropId = dropOrb.dropId,
522|                                position = thisPos.xy,
523|                            });
524|
525|                            switch (data.type)
526|                            {
527|                                case DropType.Coin:
528|                                    var gameplayData = GetComponent<GamePlayGetGoldData>(gameplayEntity);
529|                                    gameplayData.currentGold += data.count * (1 + playerRuntimeData.Value.greed);
530|                                    ecb.SetComponent(entityInQueryIndex, gameplayEntity, gameplayData);
531|                                    break;
532|                                case DropType.Hp:
533|                                    var playerHpData = GetComponent<PlayerHpComponent>(playerEntity);
534|                                    playerHpData.currentHp += data.count;
535|                                    playerHpData.currentHp = math.clamp(playerHpData.currentHp, 0f,
536|                                        playerHpData.currentMaxHp);
537|                                    ecb.SetComponent(entityInQueryIndex, playerEntity, playerHpData);
538|// #if UNITY_EDITOR
539|//                                     Debug.Log($"[EDITOR ONLY] 拾取鸡腿，血量：{data.count}");
540|// #endif
541|                                    break;
542|                                case DropType.Lucky: //拾取的幸运值直接加到基础值里
543|                                    var playerBaseData = GetComponent<PlayerBaseData>(playerEntity);
544|                                    playerBaseData.baseLucky += data.count / 10f;
545|                                    ecb.SetComponent(entityInQueryIndex, playerEntity, playerBaseData);
546|                                    break;
547|                                case DropType.Chest:
548|                                    var chestData = GetComponent<GamePlayChestRunTimeData>(gameplayEntity);
549|                                    chestData.chest = (int) data.count;
550|                                    chestData.rank = data.chestRank;
551|                                    ecb.SetComponent(entityInQueryIndex, gameplayEntity, chestData);
552|                                    break;
553|                                case DropType.CollectAllExp:
554|                                    var runtimeData = playerRuntimeData.Value;
555|                                    runtimeData.autoCollectExp = true;
556|                                    ecb.SetComponent(entityInQueryIndex, playerEntity, runtimeData);
557|
558|                                    if (collectKey < uint.MaxValue)
559|                                    {
560|                                        var cmdEntity = ecb.CreateEntity(entityInQueryIndex, cmd);
561|                                        ecb.SetComponent(entityInQueryIndex, cmdEntity, new DOTSSoundPlayCommand()
562|                                        {
563|                                            playPosition = playerPosition,
564|                                            followEntity = Entity.Null,
565|                                            soundDataIndex = collectKey
566|                                        });
567|                                    }
568|
569|                                    break;
570|                                case DropType.ClearAllEnemy:
571|                                    var gameplayData2 = GetComponent<GameplayRuntimeData>(gameplayEntity);
572|                                    gameplayData2.clearAllEnemy = true;
573|                                    ecb.SetComponent(entityInQueryIndex, gameplayEntity, gameplayData2);
574|                                    break;
575|                                case DropType.Freeze:
576|                                    var gameplayData3 = GetComponent<GameplayRuntimeData>(gameplayEntity);
577|                                    gameplayData3.freezeTime = data.count;
578|                                    ecb.SetComponent(entityInQueryIndex, gameplayEntity, gameplayData3);
579|                                    break;
580|                                case DropType.TempWeapon:
581|                                    var gameplayData4 = GetComponent<GameplayRuntimeData>(gameplayEntity);
582|                                    gameplayData4.tempWeapon = (int) data.count;
583|                                    ecb.SetComponent(entityInQueryIndex, gameplayEntity, gameplayData4);
584|                                    break;
585|                                case DropType.CollectAllGold:
586|                                    var coinObj = ecb.CreateEntity(entityInQueryIndex, cmd);
587|                                    ecb.AddComponent(entityInQueryIndex, coinObj,new CoinMagnet());
588|                                    break;
589|                                default:
590|                                    break;
591|                            }
592|
593|                            ecb.DestroyEntity(entityInQueryIndex, e);
594|                        }
595|                    }
596|                }
597|            }).ScheduleParallel(Dependency);
598|
599|        ecbSystem.AddJobHandleForProducer(Dependency);
600|    }
601|
602|    // private static float3 MoveTowards(float3 from, float3 to, float distance, out bool arrived)
603|    // {
604|    //     var vector = to - from;
605|    //     var sqrtLength = math.lengthsq(vector);
606|    //     if (sqrtLength <= math.EPSILON || sqrtLength <= distance * distance)
607|    //     {
608|    //         arrived = true;
609|    //         return to;
610|    //     }
611|    //
612|    //     var length = math.sqrt(sqrtLength);
613|    //     arrived = false;
614|    //     return from + vector / (length / distance);
615|    // }
616|
617|    private static float3 MoveTowards(float3 from, float3 to, float distance, out bool arrived, bool spiral = false)
618|    {
619|        var vector = to - from;
620|        var sqrtLength = math.lengthsq(vector);
621|        if (sqrtLength <= math.EPSILON || sqrtLength <= distance * distance)
622|        {
623|            arrived = true;
624|            return to;
625|        }
626|
627|        var length = math.sqrt(sqrtLength);
628|        arrived = false;
629|        float3 pos = from + vector / (length / distance); //当前的位置
630|        if (spiral)
631|        {
632|            var _length = math.sqrt(math.lengthsq(to - pos));
633|            float angle = GetAngleB((Vector3) to, (Vector3) pos);
634|            angle += 5;
635|            if (angle > 180) angle -= 360;
636|            return GetPos(to, _length, angle);
637|        }
638|        else
639|        {
640|            return pos;
641|        }
642|    }
643|
644|    private static float GetAngleB(Vector3 oringPos, Vector3 targetPos)
645|    {
646|        Vector3 targetDir = targetPos - oringPos;
647|        Vector3 velocity = Quaternion.Inverse(quaternion.identity) * targetDir; //对目标向量进行反向旋转，得到的新向量与z轴的夹角即为目标向量与当前物体方向的夹角       
648|        float angle = math.atan2(velocity.x, velocity.y) * Mathf.Rad2Deg; //返回tan值为x/z的角的弧度，再转化为度数。
649|        return angle;
650|    }
651|
652|    public static float3 GetPos(Vector3 orginPos, float dis, float angle)
653|    {
654|        float radian = angle * Mathf.Deg2Rad;
655|        float x = math.sin(radian) * dis;
656|        float y = math.cos(radian) * dis;
657|        return new float3(orginPos.x + x, orginPos.y + y, 0);
658|    }
659|}
660|
661|//清屏BUFF
662|[UpdateInGroup(typeof(LateSimulationSystemGroup))]
663|public class DestroyAllEnemiesSystem : SystemBase
664|{
665|    private EndSimulationEntityCommandBufferSystem ecbSystem;
666|    private EntityQuery aliveEnemyQuery;
667|
668|    protected override void OnCreate()
669|    {
670|        ecbSystem = World.GetOrCreateSystem<EndSimulationEntityCommandBufferSystem>();
671|        RequireSingletonForUpdate<GameplayRuntimeData>();
672|
673|        aliveEnemyQuery = GetEntityQuery(ComponentType.ReadOnly<EnemyData>(),
674|            ComponentType.ReadOnly<WeaponTargetComponent>(),
675|            ComponentType.Exclude<WeaponTargetDeadTag>());
676|    }
677|
678|    protected override void OnUpdate()
679|    {
680|        var ecb = ecbSystem.CreateCommandBuffer();
681|
682|        var cachedQuery = aliveEnemyQuery;
683|
684|        Entities
685|            .WithoutBurst() //BURST这里有BUG
686|            .ForEach((int entityInQueryIndex, ref GameplayRuntimeData runtimeData) =>
687|            {
688|                if (runtimeData.clearAllEnemy)
689|                {
690|                    runtimeData.clearAllEnemy = false;
691|
692|                    //GameplayRuntimeData是个singleton
693|                    //肯定只有一个，但如果不这么搞万一出现了两个GameplayRuntimeData
694|                    //这里就会报错
695|                    if (entityInQueryIndex == 0)
696|                        ecb.AddComponentForEntityQuery<WeaponTargetDeadTag>(cachedQuery);
697|                }
698|            }).Run();
699|
700|        ecbSystem.AddJobHandleForProducer(Dependency);
701|    }
702|}
703|
704|[UpdateInGroup(typeof(LateSimulationSystemGroup))]
705|[UpdateAfter(typeof(DestroyAllEnemiesSystem))]
706|public class FreezeAllEnemiesSystem : SystemBase
707|{
708|    protected override void OnUpdate()
709|    {
710|        //建议这个BUFF不要放到GameplayRuntimeData里面
711|        //专门给个struct
712|        //这样就可以用WithChangeFilter减少判断频率了。
713|
714|        Dependency =
715|            this.GetSingletonWithoutSyncPoint<GameplayRuntimeData>(Dependency, Allocator.TempJob,
716|                out var gameplayRuntimeData);
717|
718|        Dependency = Entities
719|            .WithAll<EnemyData>()
720|            .WithNone<DestroyDelayComponent>()
721|            .WithReadOnly(gameplayRuntimeData)
722|            .WithDisposeOnCompletion(gameplayRuntimeData)
723|            .ForEach((ref AgentData agent) =>
724|            {
725|                var freeze = gameplayRuntimeData.Value.freezeTime > 0f;
726|                agent.isFreeze = freeze;
727|            }).ScheduleParallel(Dependency);
728|    }
729|}
730|
731|[UpdateInGroup(typeof(SafePostMonoBehaviorSystemGroup))]
732|public class DropOrbDestructionSystem : SystemBase
733|{
734|    /// <summary>
735|    /// 掉落物被拾取时
736|    /// </summary>
737|    public event Action<int, float2> onDropCollected;
738|
739|    private EndSimulationEntityCommandBufferSystem ecbSystem;
740|    private EntityQuery query;
741|
742|    protected override void OnCreate()
743|    {
744|        ecbSystem = World.GetOrCreateSystem<EndSimulationEntityCommandBufferSystem>();
745|    }
746|
747|    protected override void OnUpdate()
748|    {
749|        var ecb = ecbSystem.CreateCommandBuffer();
750|        ecb.DestroyEntitiesForEntityQuery(query);
751|
752|        //通知掉落物被拾取
753|        Entities
754|            .WithStoreEntityQueryInField(ref query)
755|            .WithoutBurst()
756|            .ForEach((in DropCollectedCommand command) =>
757|            {
758|                var dropId = command.dropId;
759|                var pos = command.realPosition;
760|
761|                onDropCollected?.Invoke(dropId, pos);
762|            }).Run();
763|
764|        ecbSystem.AddJobHandleForProducer(Dependency);
765|    }
766|}
2024-11-02 23:11:17,639 - INFO Retriever 0 - 

————————————————————————————————————————————————————————————————
2024-11-02 23:11:17,639 - INFO Retriever 0 - 当前窗口总长度：17
2024-11-02 23:11:17,639 - INFO Retriever 0 - 当前更新窗口长度：8
2024-11-02 23:11:17,640 - INFO Retriever 0 - 当前更新窗口长度：8
2024-11-02 23:11:17,641 - INFO Retriever 0 - ————————————————————————————————————————————————————————————————


2024-11-02 23:12:12,517 - INFO Retriever 0 - Agent主脑给出的回答为：{
    "deep_think": {
        "thoughts": "在阅读了“DropOrbSystem.cs”文件的内容后，我注意到“DropOrbAttractToPlayerSystem”类中包含了处理掉落物吸引玩家并自动捡拾的逻辑。具体来说，这个类中的`OnUpdate`方法包含了吸引玩家到掉落物并处理拾取逻辑的代码。在`OnUpdate`方法中，系统会检查掉落物是否在玩家的吸收范围内，如果是，则会将掉落物移动到玩家附近，并在到达玩家位置时销毁掉落物实体，触发拾取事件。这表明自动捡拾的逻辑确实在这个类中实现。因此，我可以确认任务已经完成，并且相关的逻辑已经在程序中生效。"
    }
}
2024-11-02 23:12:12,517 - INFO Retriever 0 - 是否成功解析：True
2024-11-02 23:12:12,517 - INFO Retriever 0 - operation_type (__det_dir_action):
2024-11-02 23:12:12,517 - INFO Retriever 0 - deep_think
2024-11-02 23:12:12,517 - INFO Retriever 0 - 

——————————————————————————————————————————————————————————————————————————————————————————————————————————————————————————
2024-11-02 23:12:12,517 - INFO Retriever 0 - Assistant:
2024-11-02 23:12:12,517 - INFO Retriever 0 - {
    "deep_think": {
        "thoughts": "在阅读了“DropOrbSystem.cs”文件的内容后，我注意到“DropOrbAttractToPlayerSystem”类中包含了处理掉落物吸引玩家并自动捡拾的逻辑。具体来说，这个类中的`OnUpdate`方法包含了吸引玩家到掉落物并处理拾取逻辑的代码。在`OnUpdate`方法中，系统会检查掉落物是否在玩家的吸收范围内，如果是，则会将掉落物移动到玩家附近，并在到达玩家位置时销毁掉落物实体，触发拾取事件。这表明自动捡拾的逻辑确实在这个类中实现。因此，我可以确认任务已经完成，并且相关的逻辑已经在程序中生效。"
    }
}
2024-11-02 23:12:12,520 - INFO Retriever 0 - dict_keys(['deep_think'])
2024-11-02 23:12:12,521 - INFO Retriever 0 - Agent主脑给出的行动：deep_think
参数：{'thoughts': '在阅读了“DropOrbSystem.cs”文件的内容后，我注意到“DropOrbAttractToPlayerSystem”类中包含了处理掉落物吸引玩家并自动捡拾的逻辑。具体来说，这个类中的`OnUpdate`方法包含了吸引玩家到掉落物并处理拾取逻辑的代码。在`OnUpdate`方法中，系统会检查掉落物是否在玩家的吸收范围内，如果是，则会将掉落物移动到玩家附近，并在到达玩家位置时销毁掉落物实体，触发拾取事件。这表明自动捡拾的逻辑确实在这个类中实现。因此，我可以确认任务已经完成，并且相关的逻辑已经在程序中生效。', 'repeat_counter': 1, 'continue_think_counter': 1}
2024-11-02 23:12:12,521 - INFO Retriever 0 - Observer: 好的，请继续你的下一步行动或思考。
2024-11-02 23:12:12,522 - INFO Retriever 0 - 

————————————————————————————————————————————————————————————————
2024-11-02 23:12:12,522 - INFO Retriever 0 - 当前窗口总长度：19
2024-11-02 23:12:12,523 - INFO Retriever 0 - 当前更新窗口长度：10
2024-11-02 23:12:12,523 - INFO Retriever 0 - 当前更新窗口长度：10
2024-11-02 23:12:12,523 - INFO Retriever 0 - ————————————————————————————————————————————————————————————————


2024-11-02 23:13:06,792 - INFO Retriever 0 - Agent主脑给出的回答为：{
    "finish": "我已完成你所给出的任务需求，请你进行确认"
}
2024-11-02 23:13:06,793 - INFO Retriever 0 - 是否成功解析：True
2024-11-02 23:13:06,794 - INFO Retriever 0 - operation_type (__det_dir_action):
2024-11-02 23:13:06,794 - INFO Retriever 0 - finish
2024-11-02 23:13:06,794 - INFO Retriever 0 - 

——————————————————————————————————————————————————————————————————————————————————————————————————————————————————————————
2024-11-02 23:13:06,796 - INFO Retriever 0 - Assistant:
2024-11-02 23:13:06,796 - INFO Retriever 0 - {
    "finish": "我已完成你所给出的任务需求，请你进行确认"
}
2024-11-02 23:13:06,796 - INFO Retriever 0 - dict_keys(['finish'])
2024-11-02 23:13:06,796 - INFO Retriever 0 - ——————————————————————————————————— 任务结束 ———————————————————————————————————
2024-11-02 23:13:06,796 - INFO Retriever 0 - 

————————————————————————————————————————————————————————————————
2024-11-02 23:13:06,796 - INFO Retriever 0 - 当前窗口总长度：19
2024-11-02 23:13:06,797 - INFO Retriever 0 - 当前更新窗口长度：10
2024-11-02 23:13:06,797 - INFO Retriever 0 - 当前更新窗口长度：10
2024-11-02 23:13:06,797 - INFO Retriever 0 - ————————————————————————————————————————————————————————————————


2024-11-02 23:16:57,705 - INFO Retriever 0 - -------------------------Task Report-----------------------
2024-11-02 23:16:57,706 - INFO Retriever 0 - * 文件一：
    * 文件绝对路径：D:/Unity/Survaval/Assets/_MyAssets/Scripts/Item/DropOrbSystem.cs
    * 文件内容概述：该脚本文件定义了多个系统类，共同构成了游戏中的掉落物系统。主要模块包括`DropOrbGenerateSystem`用于生成和管理掉落物，`DropOrbAttractToPlayerSystem`负责吸引玩家至掉落物并处理拾取逻辑，`DestroyAllEnemiesSystem`和`FreezeAllEnemiesSystem`分别用于销毁和冻结敌人，而`DropOrbDestructionSystem`处理掉落物被拾取后的销毁事件。每个系统类都包含特定的方法，如`OnCreate`用于初始化，`OnUpdate`用于执行主要逻辑，确保掉落物、敌人和玩家之间的交互得以顺畅进行。
    * 该文件与问题目标之间的关联性：文件中定义的`DropOrbAttractToPlayerSystem`类直接关联到问题目标，因为它负责吸引玩家到掉落物并处理拾取逻辑，这包括了游戏过程中靠近敌人掉落物后自动捡拾的逻辑实现。

* 文件二：
    * 文件绝对路径：D:/Unity/Survaval/Assets/_MyAssets/Scripts/Character/EnemyComponent.cs
    * 文件内容概述：该脚本定义了Unity游戏中的敌人相关数据结构。主要包含`EnemyData`结构体，用于存储敌人的索引、伤害、金币掉落等属性；`SuperBossTag`和`SupperBoss`结构体分别用于标记和跟踪超级BOSS的存在与状态；`DropEquipFram`则可能涉及装备碎片的掉落逻辑。这些结构体作为组件数据，便于在Unity的Entity系统中管理和使用。
    * 该文件与问题目标之间的关联性：虽然这个文件主要定义了敌人的数据结构，但它可能间接关联到问题目标，因为敌人的属性可能包括掉落物的类型和数量，这些信息会影响掉落物的生成和玩家捡拾逻辑。

* 文件三：
    * 文件绝对路径：D:/Unity/Survaval/Assets/_MyAssets/Data/Drops
    * 文件内容概述：该文件夹汇集了Unity游戏开发中用于控制物品掉落的脚本资产，包括宝箱、金币、装备等不同类型物品的掉落逻辑配置。文件夹内资产如Drop_Chest_1至Drop_Chest_3定义了不同等级宝箱的掉落属性，而Drop_Coin系列资产则针对金币掉落进行细致配置。此外，Drop_Equip、Drop_goldMagnet等资产分别管理特定装备和磁铁的掉落规则。最后，_Drop_Generate_Data资产则汇总了所有掉落物品的配置数据，共同构成了游戏中的物品掉落系统。
    * 该文件与问题目标之间的关联性：这个文件夹直接关联到问题目标，因为它包含了控制物品掉落的脚本资产，这些资产定义了掉落物品的类型、属性和规则，这些信息是自动捡拾逻辑实现的基础。

* 文件四：
    * 文件绝对路径：D:/Unity/Survaval/Assets/_MyAssets/ArtAssets/Enemies/Skeletons/enemy_special_drop_0_mat.mat
    * 文件内容概述：这是一个名为“enemy_special_drop_0_mat.mat”的文件，它可能是一个材质文件，用于定义敌人特殊掉落物的材质属性。
    * 该文件与问题目标之间的关联性：这个文件可能间接关联到问题目标，因为它定义了敌人特殊掉落物的材质，这些掉落物可能是玩家需要捡拾的物品之一。

* 文件五：
    * 文件绝对路径：D:/Unity/Survaval/Assets/_MyAssets/Texture/BattleTexture
    * 文件内容概述：该文件夹汇集了多种战斗奖励相关的纹理图片，包括不同类型的掉落效果，如经验、生命值、幸运值和磁铁效果，适用于游戏界面设计或奖励展示。
    * 该文件与问题目标之间的关联性：这个文件夹可能间接关联到问题目标，因为它包含了战斗奖励的纹理图片，这些奖励可能是玩家需要捡拾的物品之一。

* 文件六：
    * 文件绝对路径：D:/Unity/Survaval/Assets/_MyAssets/Texture/BattleTexture/luck_drop.png
    * 文件内容概述：这是一个名为“luck_drop.png”的文件，它可能是一个纹理图片，用于表示幸运值掉落效果。
    * 该文件与问题目标之间的关联性：这个文件可能间接关联到问题目标，因为它表示了幸运值掉落效果，这可能是玩家需要捡拾的物品之一。

* 文件七：
    * 文件绝对路径：D:/Unity/Survaval/Assets/_MyAssets/RuntimePrefabs/Drops
    * 文件内容概述：该文件夹汇集了多个游戏内奖励的预制体文件，包括不同等级的宝箱、硬币以及增加生命值、幸运值和磁铁效果的物品。文件名中的数字指示了奖励的种类和强度。
    * 该文件与问题目标之间的关联性：这个文件夹直接关联到问题目标，因为它包含了游戏内奖励的预制体文件，这些预制体是玩家需要捡拾的物品之一。

* 文件八：
    * 文件绝对路径：D:/Unity/Survaval/Packages/com.unity.entities@0.17.0-preview.41/DocCodeSamples.Tests/DisableAutoCreation.cs
    * 文件内容概述：这是一个名为“DisableAutoCreation.cs”的文件，该文件里的内容为：这是一个名为“DisableAutoCreation.cs”的文件，该文件里的内容为：
1|[assembly: Unity.Entities.DisableAutoCreation]
2|//This declaration prevents the systems in the documentation sample source from being auto-created.
    * 该文件与问题目标之间的关联性：这个文件与问题目标没有直接关联，它是一个示例文件，用于说明如何禁用Unity实体系统的自动创建。
2024-11-02 23:16:57,706 - INFO Retriever 0 - 
Token Consuming:74115

2024-11-02 23:16:57,707 - INFO Retriever 0 - 
history rounds:10

