2024-11-28 21:05:53,796 - INFO Retriever 0 - Init Retriever.
2024-11-28 21:06:01,133 - INFO Retriever 0 - keywords:“['length', '长度', 'time', '限制', '时间', 'limitation', 'hour']”，“['length', '长度', 'time', '限制', '时间', 'limitation', 'hour']”，“['length', '长度', 'time', '限制', '时间', 'limitation', 'hour']”
2024-11-28 21:06:01,133 - INFO Retriever 0 - deep_think_conent
:在获取了项目文件的顶层结构后，我还需要结合待查询的问题描述，对于项目中的文件和目录进行一些深度关键词检索。根据任务描述：“请在D:/my_file/MyFile/YunSi/Project/Games/Cocos/CocosCyberpunk_all/CocosCyberpunk\Assets下各级目录中寻找：这个项目中关于游戏时间长度限制的设置是在哪里实现的？”，我总结出如下可能会出现在各个文件名或者文件内容中的关键词：“['length', '长度', 'time', '限制', '时间', 'limitation', 'hour']”，“['length', '长度', 'time', '限制', '时间', 'limitation', 'hour']”，“['length', '长度', 'time', '限制', '时间', 'limitation', 'hour']”。
接下来，我将使用retrieve_keywords操作，在项目顶层路径“D:/my_file/MyFile/YunSi/Project/Games/Cocos/CocosCyberpunk_all/CocosCyberpunk\Assets”下检索这些关键词，从而大致把握可能与问题描述相关的文件或目录的路径。
2024-11-28 21:06:01,138 - INFO Retriever 0 - ——————————————————————————————————————————————————————————————————————————————————————————————————————————————————————————
2024-11-28 21:06:01,139 - INFO Retriever 0 - Assistant:
2024-11-28 21:06:01,141 - INFO Retriever 0 - {
    "deep_think": {
        "thoughts": "好的，接下来我将通过深度思考、仔细计划以及逐步执行的方式，来完成该任务。\n\n首先，在阅读详细的代码细节之前，应该先整体把握整个项目。\n\n在提供的可选的action中，可以通过get_folder_info操作，通过将项目顶层路径作为target_folder_path参数进行传入，来获取获取项目中主要文件夹和主要文件的描述，从而能够先大致把握项目文件的主要文件的文件树结构、基本内容、主要代码概述以及大致功能板块的分布。"
    }
}
2024-11-28 21:06:01,142 - INFO Retriever 0 - 
Observer:
2024-11-28 21:06:01,142 - INFO Retriever 0 - 好的，请继续你的下一步行动或思考。
2024-11-28 21:06:01,143 - INFO Retriever 0 - 
2024-11-28 21:06:01,795 - INFO Retriever 0 - ——————————————————————————————————————————————————————————————————————————————————————————————————————————————————————————
2024-11-28 21:06:01,796 - INFO Retriever 0 - Assistant:
2024-11-28 21:06:01,797 - INFO Retriever 0 - {
    "get_folder_info": {
        "target_folder_path": "D:/my_file/MyFile/YunSi/Project/Games/Cocos/CocosCyberpunk_all/CocosCyberpunk\\Assets"
    }
}
2024-11-28 21:06:01,797 - INFO Retriever 0 - 
Observer:
2024-11-28 21:06:01,805 - INFO Retriever 0 - 目标路径D:/my_file/MyFile/YunSi/Project/Games/Cocos/CocosCyberpunk_all/CocosCyberpunk\Assets不存在。

2024-11-28 21:06:01,976 - INFO Retriever 0 - 
2024-11-28 21:06:01,978 - INFO Retriever 0 - ——————————————————————————————————————————————————————————————————————————————————————————————————————————————————————————
2024-11-28 21:06:02,136 - INFO Retriever 0 - Assistant:
2024-11-28 21:06:02,138 - INFO Retriever 0 - {
    "deep_think": {
        "thoughts": "在获取了项目文件的顶层结构后，我还需要结合待查询的问题描述，对于项目中的文件和目录进行一些深度关键词检索。根据任务描述：“请在D:/my_file/MyFile/YunSi/Project/Games/Cocos/CocosCyberpunk_all/CocosCyberpunk\\Assets下各级目录中寻找：这个项目中关于游戏时间长度限制的设置是在哪里实现的？”，我总结出如下可能会出现在各个文件名或者文件内容中的关键词：“['length', '长度', 'time', '限制', '时间', 'limitation', 'hour']”，“['length', '长度', 'time', '限制', '时间', 'limitation', 'hour']”，“['length', '长度', 'time', '限制', '时间', 'limitation', 'hour']”。\n接下来，我将使用retrieve_keywords操作，在项目顶层路径“D:/my_file/MyFile/YunSi/Project/Games/Cocos/CocosCyberpunk_all/CocosCyberpunk\\Assets”下检索这些关键词，从而大致把握可能与问题描述相关的文件或目录的路径。"
    }
}
2024-11-28 21:06:02,139 - INFO Retriever 0 - 
Observer:
2024-11-28 21:06:02,141 - INFO Retriever 0 - 好的，请继续你的下一步行动或思考。
2024-11-28 21:06:02,141 - INFO Retriever 0 - 
2024-11-28 21:06:02,147 - INFO Retriever 0 - ——————————————————————————————————————————————————————————————————————————————————————————————————————————————————————————
2024-11-28 21:06:02,298 - INFO Retriever 0 - Assistant:
2024-11-28 21:06:02,300 - INFO Retriever 0 - {
    "retrieve_keywords": {
        "keyword_list": [
            [
                "length",
                "长度",
                "time",
                "限制",
                "时间",
                "limitation",
                "hour"
            ],
            [
                "length",
                "长度",
                "time",
                "限制",
                "时间",
                "limitation",
                "hour"
            ],
            [
                "length",
                "长度",
                "time",
                "限制",
                "时间",
                "limitation",
                "hour"
            ]
        ]
    }
}
2024-11-28 21:06:02,302 - INFO Retriever 0 - 
Observer:
2024-11-28 21:06:02,303 - INFO Retriever 0 - 文件一：
    * 文件绝对路径：D:/my_file/MyFile/YunSi/Project/Games/Cocos/CocosCyberpunk_all/CocosCyberpunk\assets\scripts\core\ik\ik-bone.ts
    * 文件内容概述：该脚本定义了`Bone`类，用于表示骨骼并管理其旋转和位置，包含长度、轴和节点等属性，并提供了`swing`方法来调整骨骼旋转，以及`static solverSwing`方法对一系列骨骼进行旋转调整。
    * 是否与问题相关：否
    * 具体分析：该文件主要涉及骨骼的旋转和位置调整，与游戏时间长度限制的设置无关。

文件二：
    * 文件绝对路径：D:/my_file/MyFile/YunSi/Project/Games/Cocos/CocosCyberpunk_all/CocosCyberpunk\assets\scripts\logic\effect\fx-bullet-tracer.ts
    * 文件内容概述：该脚本负责生成子弹轨迹效果，通过初始化节点池和监听事件来管理轨迹节点，主要功能模块包括初始化节点池、生成轨迹、管理节点复用以及延迟隐藏轨迹。
    * 是否与问题相关：否
    * 具体分析：该文件主要涉及子弹轨迹效果的生成和管理，与游戏时间长度限制的设置无关。

文件三：
    * 文件绝对路径：D:/my_file/MyFile/YunSi/Project/Games/Cocos/CocosCyberpunk_all/CocosCyberpunk\temp\programming\packer-driver\targets\preview\chunks\13\1302255585257fd4214c351c8234c02a6e71f61b.js
    * 文件内容概述：该脚本是一个Cocos Creator框架下的TypeScript模块，提供一系列3D空间数学和几何工具，包括角度与弧度转换、数值限制、插值、空间转换、距离计算、向量操作等。
    * 是否与问题相关：否
    * 具体分析：该文件主要涉及3D空间数学和几何工具，与游戏时间长度限制的设置无关。

文件四：
    * 文件绝对路径：D:/my_file/MyFile/YunSi/Project/Games/Cocos/CocosCyberpunk_all/CocosCyberpunk\extensions\pipeline\pipeline\utils\orbit-camera.ts
    * 文件内容概述：该脚本是一个Cocos Creator组件，用于实现环绕相机功能，包含初始化设置、触摸事件处理、旋转范围限制和平滑更新逻辑。
    * 是否与问题相关：否
    * 具体分析：该文件主要涉及环绕相机功能的实现，与游戏时间长度限制的设置无关。

根据以上分析，检索到的文件都与游戏时间长度限制的设置无关。
2024-11-28 21:06:02,304 - INFO Retriever 0 - 
2024-11-28 21:06:12,470 - INFO Retriever 0 - Agent主脑给出的回答为：{
    "deep_think": {
        "thoughts": "根据目前检索到的文件信息，似乎没有直接相关的文件涉及到游戏时间长度限制的设置。这可能意味着这样的设置不是直接以明显的文件名或内容出现在项目中，或者它可能被包含在某个特定的配置文件或脚本中，而没有被检索到。\n\n接下来，我需要考虑是否有必要检查项目中的配置文件，如.json或.asset文件，因为这些文件可能会包含此类设置。另外，我也可以考虑检查脚本文件，特别是那些可能负责游戏逻辑或游戏管理的脚本。\n\n在进一步行动之前，我应该先确认一下项目结构中是否有这类文件的存在，然后再决定下一步的行动。"
    }
}
2024-11-28 21:06:12,471 - INFO Retriever 0 - 是否成功解析：True
2024-11-28 21:06:12,471 - INFO Retriever 0 - operation_type (__det_dir_action):
2024-11-28 21:06:12,471 - INFO Retriever 0 - deep_think
2024-11-28 21:06:12,471 - INFO Retriever 0 - 

——————————————————————————————————————————————————————————————————————————————————————————————————————————————————————————
2024-11-28 21:06:12,472 - INFO Retriever 0 - Assistant:
2024-11-28 21:06:12,472 - INFO Retriever 0 - {
    "deep_think": {
        "thoughts": "根据目前检索到的文件信息，似乎没有直接相关的文件涉及到游戏时间长度限制的设置。这可能意味着这样的设置不是直接以明显的文件名或内容出现在项目中，或者它可能被包含在某个特定的配置文件或脚本中，而没有被检索到。\n\n接下来，我需要考虑是否有必要检查项目中的配置文件，如.json或.asset文件，因为这些文件可能会包含此类设置。另外，我也可以考虑检查脚本文件，特别是那些可能负责游戏逻辑或游戏管理的脚本。\n\n在进一步行动之前，我应该先确认一下项目结构中是否有这类文件的存在，然后再决定下一步的行动。"
    }
}
2024-11-28 21:06:12,472 - INFO Retriever 0 - dict_keys(['deep_think'])
2024-11-28 21:06:12,472 - INFO Retriever 0 - Agent主脑给出的行动：deep_think
参数：{'thoughts': '根据目前检索到的文件信息，似乎没有直接相关的文件涉及到游戏时间长度限制的设置。这可能意味着这样的设置不是直接以明显的文件名或内容出现在项目中，或者它可能被包含在某个特定的配置文件或脚本中，而没有被检索到。\n\n接下来，我需要考虑是否有必要检查项目中的配置文件，如.json或.asset文件，因为这些文件可能会包含此类设置。另外，我也可以考虑检查脚本文件，特别是那些可能负责游戏逻辑或游戏管理的脚本。\n\n在进一步行动之前，我应该先确认一下项目结构中是否有这类文件的存在，然后再决定下一步的行动。', 'repeat_counter': 1, 'continue_think_counter': 1}
2024-11-28 21:06:12,473 - INFO Retriever 0 - Observer: 好的，请继续你的下一步行动或思考。
2024-11-28 21:06:12,474 - INFO Retriever 0 - 

————————————————————————————————————————————————————————————————
2024-11-28 21:06:12,474 - INFO Retriever 0 - 当前窗口总长度：11
2024-11-28 21:06:12,474 - INFO Retriever 0 - 当前更新窗口长度：2
2024-11-28 21:06:12,474 - INFO Retriever 0 - 当前更新窗口长度：2
2024-11-28 21:06:12,475 - INFO Retriever 0 - ————————————————————————————————————————————————————————————————


2024-11-28 21:06:15,659 - INFO Retriever 0 - Agent主脑给出的回答为：{
    "get_folder_info": {
        "target_folder_path": "D:/my_file/MyFile/YunSi/Project/Games/Cocos/CocosCyberpunk_all/CocosCyberpunk/assets"
    }
}
2024-11-28 21:06:15,660 - INFO Retriever 0 - 是否成功解析：True
2024-11-28 21:06:15,660 - INFO Retriever 0 - operation_type (__det_dir_action):
2024-11-28 21:06:15,660 - INFO Retriever 0 - get_folder_info
2024-11-28 21:06:15,660 - INFO Retriever 0 - 

——————————————————————————————————————————————————————————————————————————————————————————————————————————————————————————
2024-11-28 21:06:15,661 - INFO Retriever 0 - Assistant:
2024-11-28 21:06:15,661 - INFO Retriever 0 - {
    "get_folder_info": {
        "target_folder_path": "D:/my_file/MyFile/YunSi/Project/Games/Cocos/CocosCyberpunk_all/CocosCyberpunk/assets"
    }
}
2024-11-28 21:06:15,661 - INFO Retriever 0 - dict_keys(['get_folder_info'])
2024-11-28 21:06:15,661 - INFO Retriever 0 - Agent主脑给出的行动：get_folder_info
参数：{'target_folder_path': 'D:/my_file/MyFile/YunSi/Project/Games/Cocos/CocosCyberpunk_all/CocosCyberpunk/assets'}
2024-11-28 21:06:15,675 - INFO Retriever 0 - Observer: 目标文件夹路径：D:/my_file/MyFile/YunSi/Project/Games/Cocos/CocosCyberpunk_all/CocosCyberpunk/assets
文件结构树（该结构树可能不完整，仅返回深度小于等于1层的子文件以及文件夹）：
├── .DS_Store
├── LightFX
│   ├── lfx.log
│   ├── output
│   ├── tmp
├── animations
│   ├── animation.anim
├── res
│   ├── animation-mask
│   ├── animations
│   ...
│   ├── ui
├── resources
│   ├── action
│   ├── actor
│   ...
│   ├── ui
├── scene
│   ├── reflectionProbe_0.png
│   ├── reflectionProbe_0_convolution
│   ├── reflectionProbe_1.png
│   ├── reflectionProbe_1_convolution
│   ├── reflectionProbe_2.png
│   ├── reflectionProbe_2_convolution
├── scene-development
│   ├── scene-animation-graph.scene
│   ├── scene-animation.scene
│   ...
│   ├── scene-waypath.scene
├── scene-game-start.scene
├── scene.scene
├── scripts
│   ├── .DS_Store
│   ├── core
│   ├── gm
│   ├── logic
│   ├── test
├── src
│   ├── utils
├── test
│   ├── LightFX
│   ├── animation-to-oribit.ts
│   ...
│   ├── test-transparent.mtl


其中，部分主要文件及文件夹的信息如下：
1. assets
# 路径:D:/my_file/MyFile/YunSi/Project/Games/Cocos/CocosCyberpunk_all/CocosCyberpunk\assets
# 内容概述:“assets”文件夹汇集了游戏或动画项目的多种资源，包括动画、图形渲染文件、3D模型材质、场景设置以及开发脚本。其中，动画和场景开发资源如“animations”和“scene-development”文件夹，以及“resources”资源包，构成了项目的核心内容。图形渲染和视觉特效方面，有“LightFX”和“scene”文件夹提供支持。此外，包含Unity预制体和Cocos Creator脚本的“scripts”和“src”文件夹，则负责游戏逻辑和性能优化。整体而言，这些资源共同支撑起项目的视觉呈现和功能实现。

2. animations
# 路径:D:/my_file/MyFile/YunSi/Project/Games/Cocos/CocosCyberpunk_all/CocosCyberpunk\assets\animations
# 内容概述:该“animations”文件夹专注于存储动画资源，其中包含一个名为“animation.anim”的动画文件，直接反映了文件夹的核心内容。

3. LightFX
# 路径:D:/my_file/MyFile/YunSi/Project/Games/Cocos/CocosCyberpunk_all/CocosCyberpunk\assets\LightFX
# 内容概述:“LightFX”文件夹汇集了与三维模型渲染相关的文件，包括配置文件“lfx.out”、渲染视图图片（如LFX_Mesh_0000.png至LFX_Mesh_0011.png）以及日志文件“lfx.log”，后者记录了渲染过程的关键信息。此外，子文件夹“tmp”内含有临时数据和备份文件，可能与渲染过程或程序运行日志相关联。

4. res
# 路径:D:/my_file/MyFile/YunSi/Project/Games/Cocos/CocosCyberpunk_all/CocosCyberpunk\assets\res
# 内容概述:“res”文件夹汇集了多种资源，包括动画遮罩、动画文件、曲线模型、特效、3D模型、材质、音频、UI设计等，主要用于游戏和动画制作。其中，动画文件如“animations”和“player_modes”包含角色动作和UI效果，3D模型如“enemy_model”和“meshes”则涉及角色和场景构建，特效文件夹“effect”和“muzzle_enemy”提供了视觉和音效支持。此外，还有字体、材质、音频、UI设计等资源，共同构成了一个完整的游戏或动画项目资源库。

5. resources
# 路径:D:/my_file/MyFile/YunSi/Project/Games/Cocos/CocosCyberpunk_all/CocosCyberpunk\assets\resources
# 内容概述:“resources”文件夹是游戏开发的核心资源库，汇集了动作配置、角色预制、AI行为定义、曲线资源、详细数据配置、特效预制、图标与分数等级图片、本地化文本、3D模型网格、音频资源、UI组件以及资源缓存配置。这些资源相互关联，共同支撑着游戏的核心功能、视觉表现、交互体验和本地化需求。

6. scene
# 路径:D:/my_file/MyFile/YunSi/Project/Games/Cocos/CocosCyberpunk_all/CocosCyberpunk\assets\scene
# 内容概述:“scene”文件夹汇集了多个子文件夹，每个包含从“mipmap_0.png”至“mipmap_5.png”的纹理文件，用于优化3D场景中反射探针的渲染效果。这些文件夹共同服务于模拟环境反射，确保在不同距离和视角下提供高质量的图像效果。

7. scene-development
# 路径:D:/my_file/MyFile/YunSi/Project/Games/Cocos/CocosCyberpunk_all/CocosCyberpunk\assets\scene-development
# 内容概述:“scene-development”文件夹汇集了多个场景开发相关文件，包括动画流程图、玩家动画、UI界面、射击线等，旨在支持游戏或动画项目的场景构建与交互设计。文件类型多样，如动画场景、标志、菜单、测试资源加载等，彼此间紧密关联，共同构成了项目场景开发的完整资源集。

8. scripts
# 路径:D:/my_file/MyFile/YunSi/Project/Games/Cocos/CocosCyberpunk_all/CocosCyberpunk\assets\scripts
# 内容概述:"scripts"文件夹汇集了游戏开发的关键脚本，包括用于Mac OS X系统文件夹设置的`.DS_Store`文件，以及针对Cocos Creator的游戏管理脚本（如`gm.ts`和`dev.ts`）。核心逻辑部分由`logic`文件夹中的多个子文件夹构成，涵盖角色系统、动画、相机控制等，而`test`文件夹则专注于游戏组件的测试，如导航、物理和动画。这些脚本和文件共同支撑着游戏的整体架构和功能实现。

9. src
# 路径:D:/my_file/MyFile/YunSi/Project/Games/Cocos/CocosCyberpunk_all/CocosCyberpunk\assets\src
# 内容概述:“src”文件夹汇集了针对Cocos Creator和Unity引擎的优化脚本，包括用于Cocos Creator的`disable-update-ubo.ts`，旨在减少UBO更新以提升性能；以及Unity的`switch-probe.ts`，用于调整反射探针以优化视觉效果。这些脚本共同服务于游戏渲染性能的提升。

10. test
# 路径:D:/my_file/MyFile/YunSi/Project/Games/Cocos/CocosCyberpunk_all/CocosCyberpunk\assets\test
# 内容概述:"test"文件夹汇集了视觉特效渲染、游戏开发及场景构建的相关文件。其中，"LightFX"子文件夹存储项目输出与日志，便于调试；"scripts"子文件夹包含游戏开发脚本，如场景建模和摄像机控制。此外，存在多个场景文件和预制体，用于构建游戏环境，以及材质文件和特效文件，增强视觉效果。脚本如"animation-to-orbit.ts"和"test-reflect.ts"等，分别处理动画与相机轨道交互以及反射探针与材质的交互，体现了文件夹内容的多样性和功能性。

11. .DS_Store
# 路径:D:/my_file/MyFile/YunSi/Project/Games/Cocos/CocosCyberpunk_all/CocosCyberpunk\assets\.DS_Store
# 内容概述:这是一个名为“.DS_Store”的文件。

12. scene-game-start.scene
# 路径:D:/my_file/MyFile/YunSi/Project/Games/Cocos/CocosCyberpunk_all/CocosCyberpunk\assets\scene-game-start.scene
# 内容概述:这是一个名为“scene-game-start.scene”的文件。

13. scene.scene
# 路径:D:/my_file/MyFile/YunSi/Project/Games/Cocos/CocosCyberpunk_all/CocosCyberpunk\assets\scene.scene
# 内容概述:这是一个名为“scene.scene”的文件。


2024-11-28 21:06:15,677 - INFO Retriever 0 - 

————————————————————————————————————————————————————————————————
2024-11-28 21:06:15,677 - INFO Retriever 0 - 当前窗口总长度：13
2024-11-28 21:06:15,678 - INFO Retriever 0 - 当前更新窗口长度：4
2024-11-28 21:06:15,678 - INFO Retriever 0 - 当前更新窗口长度：4
2024-11-28 21:06:15,678 - INFO Retriever 0 - ————————————————————————————————————————————————————————————————


2024-11-28 21:06:20,040 - INFO Retriever 0 - Agent主脑给出的回答为：{
    "deep_think": {
        "thoughts": "根据获取到的文件结构树和主要文件及文件夹的信息，我们可以看到项目中包含了多个文件夹，其中一些可能包含与游戏时间长度限制相关的设置。例如，'scripts'文件夹可能包含游戏逻辑脚本，而'resources'文件夹可能包含游戏配置文件。接下来，我将重点关注这些文件夹，并尝试在这些文件夹中寻找可能包含游戏时间长度限制设置的文件。"
    }
}
2024-11-28 21:06:20,040 - INFO Retriever 0 - 是否成功解析：True
2024-11-28 21:06:20,040 - INFO Retriever 0 - operation_type (__det_dir_action):
2024-11-28 21:06:20,040 - INFO Retriever 0 - deep_think
2024-11-28 21:06:20,040 - INFO Retriever 0 - 

——————————————————————————————————————————————————————————————————————————————————————————————————————————————————————————
2024-11-28 21:06:20,041 - INFO Retriever 0 - Assistant:
2024-11-28 21:06:20,041 - INFO Retriever 0 - {
    "deep_think": {
        "thoughts": "根据获取到的文件结构树和主要文件及文件夹的信息，我们可以看到项目中包含了多个文件夹，其中一些可能包含与游戏时间长度限制相关的设置。例如，'scripts'文件夹可能包含游戏逻辑脚本，而'resources'文件夹可能包含游戏配置文件。接下来，我将重点关注这些文件夹，并尝试在这些文件夹中寻找可能包含游戏时间长度限制设置的文件。"
    }
}
2024-11-28 21:06:20,041 - INFO Retriever 0 - dict_keys(['deep_think'])
2024-11-28 21:06:20,042 - INFO Retriever 0 - Agent主脑给出的行动：deep_think
参数：{'thoughts': "根据获取到的文件结构树和主要文件及文件夹的信息，我们可以看到项目中包含了多个文件夹，其中一些可能包含与游戏时间长度限制相关的设置。例如，'scripts'文件夹可能包含游戏逻辑脚本，而'resources'文件夹可能包含游戏配置文件。接下来，我将重点关注这些文件夹，并尝试在这些文件夹中寻找可能包含游戏时间长度限制设置的文件。", 'repeat_counter': 1, 'continue_think_counter': 1}
2024-11-28 21:06:20,042 - INFO Retriever 0 - Observer: 好的，请继续你的下一步行动或思考。
2024-11-28 21:06:20,043 - INFO Retriever 0 - 

————————————————————————————————————————————————————————————————
2024-11-28 21:06:20,043 - INFO Retriever 0 - 当前窗口总长度：15
2024-11-28 21:06:20,043 - INFO Retriever 0 - 当前更新窗口长度：6
2024-11-28 21:06:20,043 - INFO Retriever 0 - 当前更新窗口长度：6
2024-11-28 21:06:20,045 - INFO Retriever 0 - ————————————————————————————————————————————————————————————————


2024-11-28 21:06:22,209 - INFO Retriever 0 - Agent主脑给出的回答为：{
    "retrieve_keywords": {
        "keyword_list": [
            [
                "length",
                "长度",
                "time",
                "限制",
                "时间",
                "limitation",
                "hour"
            ],
            [
                "length",
                "长度",
                "time",
                "限制",
                "时间",
                "limitation",
                "hour"
            ],
            [
                "length",
                "长度",
                "time",
                "限制",
                "时间",
                "limitation",
                "hour"
            ]
        ]
    }
}
2024-11-28 21:06:22,209 - INFO Retriever 0 - 是否成功解析：True
2024-11-28 21:06:22,210 - INFO Retriever 0 - operation_type (__det_dir_action):
2024-11-28 21:06:22,210 - INFO Retriever 0 - retrieve_keywords
2024-11-28 21:06:22,210 - INFO Retriever 0 - 

——————————————————————————————————————————————————————————————————————————————————————————————————————————————————————————
2024-11-28 21:06:22,210 - INFO Retriever 0 - Assistant:
2024-11-28 21:06:22,211 - INFO Retriever 0 - {
    "retrieve_keywords": {
        "keyword_list": [
            [
                "length",
                "长度",
                "time",
                "限制",
                "时间",
                "limitation",
                "hour"
            ],
            [
                "length",
                "长度",
                "time",
                "限制",
                "时间",
                "limitation",
                "hour"
            ],
            [
                "length",
                "长度",
                "time",
                "限制",
                "时间",
                "limitation",
                "hour"
            ]
        ]
    }
}
2024-11-28 21:06:22,211 - INFO Retriever 0 - dict_keys(['retrieve_keywords'])
2024-11-28 21:06:22,211 - INFO Retriever 0 - Agent主脑给出的行动：retrieve_keywords
参数：{'keyword_list': [['length', '长度', 'time', '限制', '时间', 'limitation', 'hour'], ['length', '长度', 'time', '限制', '时间', 'limitation', 'hour'], ['length', '长度', 'time', '限制', '时间', 'limitation', 'hour']]}
