2024-11-28 21:05:53,795 - INFO Retriever 0 - Init Retriever.
2024-11-28 21:06:01,134 - INFO Retriever 0 - keywords:“['length', '长度', 'time', '限制', '时间', 'limitation', 'hour']”，“['length', '长度', 'time', '限制', '时间', 'limitation', 'hour']”，“['length', '长度', 'time', '限制', '时间', 'limitation', 'hour']”
2024-11-28 21:06:01,135 - INFO Retriever 0 - deep_think_conent
:在获取了项目文件的顶层结构后，我还需要结合待查询的问题描述，对于项目中的文件和目录进行一些深度关键词检索。根据任务描述：“请在D:/my_file/MyFile/YunSi/Project/Games/Cocos/CocosCyberpunk_all/CocosCyberpunk\Assets下各级目录中寻找：这个项目中关于游戏时间长度限制的设置是在哪里实现的？”，我总结出如下可能会出现在各个文件名或者文件内容中的关键词：“['length', '长度', 'time', '限制', '时间', 'limitation', 'hour']”，“['length', '长度', 'time', '限制', '时间', 'limitation', 'hour']”，“['length', '长度', 'time', '限制', '时间', 'limitation', 'hour']”。
接下来，我将使用retrieve_keywords操作，在项目顶层路径“D:/my_file/MyFile/YunSi/Project/Games/Cocos/CocosCyberpunk_all/CocosCyberpunk\Assets”下检索这些关键词，从而大致把握可能与问题描述相关的文件或目录的路径。
2024-11-28 21:06:01,139 - INFO Retriever 0 - ——————————————————————————————————————————————————————————————————————————————————————————————————————————————————————————
2024-11-28 21:06:01,140 - INFO Retriever 0 - Assistant:
2024-11-28 21:06:01,141 - INFO Retriever 0 - {
    "deep_think": {
        "thoughts": "好的，接下来我将通过深度思考、仔细计划以及逐步执行的方式，来完成该任务。\n\n首先，在阅读详细的代码细节之前，应该先整体把握整个项目。\n\n在提供的可选的action中，可以通过get_folder_info操作，通过将项目顶层路径作为target_folder_path参数进行传入，来获取获取项目中主要文件夹和主要文件的描述，从而能够先大致把握项目文件的主要文件的文件树结构、基本内容、主要代码概述以及大致功能板块的分布。"
    }
}
2024-11-28 21:06:01,142 - INFO Retriever 0 - 
Observer:
2024-11-28 21:06:01,142 - INFO Retriever 0 - 好的，请继续你的下一步行动或思考。
2024-11-28 21:06:01,181 - INFO Retriever 0 - 
2024-11-28 21:06:01,798 - INFO Retriever 0 - ——————————————————————————————————————————————————————————————————————————————————————————————————————————————————————————
2024-11-28 21:06:01,973 - INFO Retriever 0 - Assistant:
2024-11-28 21:06:01,976 - INFO Retriever 0 - {
    "get_folder_info": {
        "target_folder_path": "D:/my_file/MyFile/YunSi/Project/Games/Cocos/CocosCyberpunk_all/CocosCyberpunk\\Assets"
    }
}
2024-11-28 21:06:01,977 - INFO Retriever 0 - 
Observer:
2024-11-28 21:06:01,978 - INFO Retriever 0 - 目标路径D:/my_file/MyFile/YunSi/Project/Games/Cocos/CocosCyberpunk_all/CocosCyberpunk\Assets不存在。

2024-11-28 21:06:01,979 - INFO Retriever 0 - 
2024-11-28 21:06:02,138 - INFO Retriever 0 - ——————————————————————————————————————————————————————————————————————————————————————————————————————————————————————————
2024-11-28 21:06:02,138 - INFO Retriever 0 - Assistant:
2024-11-28 21:06:02,139 - INFO Retriever 0 - {
    "deep_think": {
        "thoughts": "在获取了项目文件的顶层结构后，我还需要结合待查询的问题描述，对于项目中的文件和目录进行一些深度关键词检索。根据任务描述：“请在D:/my_file/MyFile/YunSi/Project/Games/Cocos/CocosCyberpunk_all/CocosCyberpunk\\Assets下各级目录中寻找：这个项目中关于游戏时间长度限制的设置是在哪里实现的？”，我总结出如下可能会出现在各个文件名或者文件内容中的关键词：“['length', '长度', 'time', '限制', '时间', 'limitation', 'hour']”，“['length', '长度', 'time', '限制', '时间', 'limitation', 'hour']”，“['length', '长度', 'time', '限制', '时间', 'limitation', 'hour']”。\n接下来，我将使用retrieve_keywords操作，在项目顶层路径“D:/my_file/MyFile/YunSi/Project/Games/Cocos/CocosCyberpunk_all/CocosCyberpunk\\Assets”下检索这些关键词，从而大致把握可能与问题描述相关的文件或目录的路径。"
    }
}
2024-11-28 21:06:02,141 - INFO Retriever 0 - 
Observer:
2024-11-28 21:06:02,142 - INFO Retriever 0 - 好的，请继续你的下一步行动或思考。
2024-11-28 21:06:02,142 - INFO Retriever 0 - 
2024-11-28 21:06:02,192 - INFO Retriever 0 - ——————————————————————————————————————————————————————————————————————————————————————————————————————————————————————————
2024-11-28 21:06:02,299 - INFO Retriever 0 - Assistant:
2024-11-28 21:06:02,300 - INFO Retriever 0 - {
    "retrieve_keywords": {
        "keyword_list": [
            [
                "length",
                "长度",
                "time",
                "限制",
                "时间",
                "limitation",
                "hour"
            ],
            [
                "length",
                "长度",
                "time",
                "限制",
                "时间",
                "limitation",
                "hour"
            ],
            [
                "length",
                "长度",
                "time",
                "限制",
                "时间",
                "limitation",
                "hour"
            ]
        ]
    }
}
2024-11-28 21:06:02,302 - INFO Retriever 0 - 
Observer:
2024-11-28 21:06:02,303 - INFO Retriever 0 - 文件一：
    * 文件绝对路径：D:/my_file/MyFile/YunSi/Project/Games/Cocos/CocosCyberpunk_all/CocosCyberpunk\assets\scripts\core\ik\ik-bone.ts
    * 文件内容概述：该脚本定义了`Bone`类，用于表示骨骼并管理其旋转和位置，包含长度、轴和节点等属性，并提供了`swing`方法来调整骨骼旋转，以及`static solverSwing`方法对一系列骨骼进行旋转调整。
    * 是否与问题相关：否
    * 具体分析：该文件主要涉及骨骼的旋转和位置调整，与游戏时间长度限制的设置无关。

文件二：
    * 文件绝对路径：D:/my_file/MyFile/YunSi/Project/Games/Cocos/CocosCyberpunk_all/CocosCyberpunk\assets\scripts\logic\effect\fx-bullet-tracer.ts
    * 文件内容概述：该脚本负责生成子弹轨迹效果，通过初始化节点池和监听事件来管理轨迹节点，主要功能模块包括初始化节点池、生成轨迹、管理节点复用以及延迟隐藏轨迹。
    * 是否与问题相关：否
    * 具体分析：该文件主要涉及子弹轨迹效果的生成和管理，与游戏时间长度限制的设置无关。

文件三：
    * 文件绝对路径：D:/my_file/MyFile/YunSi/Project/Games/Cocos/CocosCyberpunk_all/CocosCyberpunk\temp\programming\packer-driver\targets\preview\chunks\13\1302255585257fd4214c351c8234c02a6e71f61b.js
    * 文件内容概述：该脚本是一个Cocos Creator框架下的TypeScript模块，提供一系列3D空间数学和几何工具，包括角度与弧度转换、数值限制、插值、空间转换、距离计算、向量操作等。
    * 是否与问题相关：否
    * 具体分析：该文件主要涉及3D空间数学和几何工具，与游戏时间长度限制的设置无关。

文件四：
    * 文件绝对路径：D:/my_file/MyFile/YunSi/Project/Games/Cocos/CocosCyberpunk_all/CocosCyberpunk\extensions\pipeline\pipeline\utils\orbit-camera.ts
    * 文件内容概述：该脚本是一个Cocos Creator组件，用于实现环绕相机功能，包含初始化设置、触摸事件处理、旋转范围限制和平滑更新逻辑。
    * 是否与问题相关：否
    * 具体分析：该文件主要涉及环绕相机功能的实现，与游戏时间长度限制的设置无关。

根据以上分析，检索到的文件都与游戏时间长度限制的设置无关。
2024-11-28 21:06:02,304 - INFO Retriever 0 - 
2024-11-28 21:06:10,467 - INFO Retriever 0 - Agent主脑给出的回答为：{
    "deep_think": {
        "thoughts": "根据目前检索到的文件信息，似乎没有找到与游戏时间长度限制设置相关的文件。考虑到可能存在关键词没有覆盖到或者文件名不包含关键词的情况，我需要进一步扩大搜索范围或检查其他可能包含相关设置的文件类型。\n\n由于游戏时间长度限制可能是在游戏的配置文件或者特定的脚本中设置，我需要检查以下可能的位置：\n1. 游戏的配置文件，例如.json或.asset文件。\n2. 游戏逻辑相关的脚本文件，特别是那些与游戏流程控制或者游戏管理相关的脚本。\n3. 任何提到时间管理的类或函数。\n\n接下来，我将使用get_folder_info操作来获取项目顶层目录的信息，以便我能够发现可能包含上述类型文件的目录。"
    }
}
2024-11-28 21:06:10,468 - INFO Retriever 0 - 是否成功解析：True
2024-11-28 21:06:10,468 - INFO Retriever 0 - operation_type (__det_dir_action):
2024-11-28 21:06:10,468 - INFO Retriever 0 - deep_think
2024-11-28 21:06:10,468 - INFO Retriever 0 - 

——————————————————————————————————————————————————————————————————————————————————————————————————————————————————————————
2024-11-28 21:06:10,468 - INFO Retriever 0 - Assistant:
2024-11-28 21:06:10,470 - INFO Retriever 0 - {
    "deep_think": {
        "thoughts": "根据目前检索到的文件信息，似乎没有找到与游戏时间长度限制设置相关的文件。考虑到可能存在关键词没有覆盖到或者文件名不包含关键词的情况，我需要进一步扩大搜索范围或检查其他可能包含相关设置的文件类型。\n\n由于游戏时间长度限制可能是在游戏的配置文件或者特定的脚本中设置，我需要检查以下可能的位置：\n1. 游戏的配置文件，例如.json或.asset文件。\n2. 游戏逻辑相关的脚本文件，特别是那些与游戏流程控制或者游戏管理相关的脚本。\n3. 任何提到时间管理的类或函数。\n\n接下来，我将使用get_folder_info操作来获取项目顶层目录的信息，以便我能够发现可能包含上述类型文件的目录。"
    }
}
2024-11-28 21:06:10,470 - INFO Retriever 0 - dict_keys(['deep_think'])
2024-11-28 21:06:10,470 - INFO Retriever 0 - Agent主脑给出的行动：deep_think
参数：{'thoughts': '根据目前检索到的文件信息，似乎没有找到与游戏时间长度限制设置相关的文件。考虑到可能存在关键词没有覆盖到或者文件名不包含关键词的情况，我需要进一步扩大搜索范围或检查其他可能包含相关设置的文件类型。\n\n由于游戏时间长度限制可能是在游戏的配置文件或者特定的脚本中设置，我需要检查以下可能的位置：\n1. 游戏的配置文件，例如.json或.asset文件。\n2. 游戏逻辑相关的脚本文件，特别是那些与游戏流程控制或者游戏管理相关的脚本。\n3. 任何提到时间管理的类或函数。\n\n接下来，我将使用get_folder_info操作来获取项目顶层目录的信息，以便我能够发现可能包含上述类型文件的目录。', 'repeat_counter': 1, 'continue_think_counter': 1}
2024-11-28 21:06:10,471 - INFO Retriever 0 - Observer: 好的，请继续你的下一步行动或思考。
2024-11-28 21:06:10,472 - INFO Retriever 0 - 

————————————————————————————————————————————————————————————————
2024-11-28 21:06:10,472 - INFO Retriever 0 - 当前窗口总长度：11
2024-11-28 21:06:10,472 - INFO Retriever 0 - 当前更新窗口长度：2
2024-11-28 21:06:10,472 - INFO Retriever 0 - 当前更新窗口长度：2
2024-11-28 21:06:10,472 - INFO Retriever 0 - ————————————————————————————————————————————————————————————————


2024-11-28 21:06:13,842 - INFO Retriever 0 - Agent主脑给出的回答为：{
    "get_folder_info": {
        "target_folder_path": "D:/my_file/MyFile/YunSi/Project/Games/Cocos/CocosCyberpunk_all/CocosCyberpunk"
    }
}
2024-11-28 21:06:13,843 - INFO Retriever 0 - 是否成功解析：True
2024-11-28 21:06:13,843 - INFO Retriever 0 - operation_type (__det_dir_action):
2024-11-28 21:06:13,843 - INFO Retriever 0 - get_folder_info
2024-11-28 21:06:13,843 - INFO Retriever 0 - 

——————————————————————————————————————————————————————————————————————————————————————————————————————————————————————————
2024-11-28 21:06:13,844 - INFO Retriever 0 - Assistant:
2024-11-28 21:06:13,844 - INFO Retriever 0 - {
    "get_folder_info": {
        "target_folder_path": "D:/my_file/MyFile/YunSi/Project/Games/Cocos/CocosCyberpunk_all/CocosCyberpunk"
    }
}
2024-11-28 21:06:13,844 - INFO Retriever 0 - dict_keys(['get_folder_info'])
2024-11-28 21:06:13,844 - INFO Retriever 0 - Agent主脑给出的行动：get_folder_info
参数：{'target_folder_path': 'D:/my_file/MyFile/YunSi/Project/Games/Cocos/CocosCyberpunk_all/CocosCyberpunk'}
2024-11-28 21:06:13,859 - INFO Retriever 0 - Observer: 目标文件夹路径：D:/my_file/MyFile/YunSi/Project/Games/Cocos/CocosCyberpunk_all/CocosCyberpunk
文件结构树（该结构树可能不完整，仅返回深度小于等于1层的子文件以及文件夹）：
├── .DS_Store
├── .gitignore
├── README.md
├── assets
│   ├── .DS_Store
│   ├── LightFX
│   ...
│   ├── test
├── extensions
│   └── pipeline
├── library
│   ├── .assets-data.json
│   ├── .assets-dependency.json
│   ├── .assets-info1.0.0.json
│   ...
│   ├── fe
│   └── ff
├── licenses
│   ├── Cocos Cyberpunk Copyright Notice.md
│   ├── Cocos Cyberpunk 内容许可协议.md
│   └── Cocos Cyberpunnk Content License Agreement.md
├── package-lock.json
├── package.json
├── profiles
│   └── v2
├── settings
│   └── v2
├── temp
│   ├── asset-db
│   ├── declarations
│   ├── logs
│   ├── profiles
│   ├── programming
│   └── tsconfig.cocos.json
└── tsconfig.json


其中，部分主要文件及文件夹的信息如下：
1. .git
# 路径:D:/my_file/MyFile/YunSi/Project/Games/Cocos/CocosCyberpunk_all/CocosCyberpunk\.git
# 内容概述:该Git仓库文件夹包含钩子脚本、信息管理配置、空对象存储和引用信息。钩子脚本如applypatch-msg和commit-msg等，用于自定义Git行为；info文件夹中的exclude文件用于筛选信息；objects文件夹预留空文件可能用于未来存储；refs文件夹的heads和tags子文件夹目前为空，但用于存储引用和标签。配置文件config和description提供仓库设置和描述，而HEAD文件指示当前活跃分支。

2. assets
# 路径:D:/my_file/MyFile/YunSi/Project/Games/Cocos/CocosCyberpunk_all/CocosCyberpunk\assets
# 内容概述:“assets”文件夹汇集了游戏或动画项目的多种资源，包括动画、图形渲染文件、3D模型材质、场景设置以及开发脚本。其中，动画和场景开发资源如“animations”和“scene-development”文件夹，以及“resources”资源包，构成了项目的核心内容。图形渲染和视觉特效方面，有“LightFX”和“scene”文件夹提供支持。此外，包含Unity预制体和Cocos Creator脚本的“scripts”和“src”文件夹，则负责游戏逻辑和性能优化。整体而言，这些资源共同支撑起项目的视觉呈现和功能实现。

3. extensions
# 路径:D:/my_file/MyFile/YunSi/Project/Games/Cocos/CocosCyberpunk_all/CocosCyberpunk\extensions
# 内容概述:### 文件夹内容概述

“extensions”文件夹是针对游戏开发的资源库，整合了类型定义、组件脚本、工具集、渲染效果等资源，旨在为开发者提供全面的开发支持。它包含类型定义文件、Cocos Creator插件、国际化配置、Vue.js组件、静态资源以及项目配置文件，所有内容相互关联，共同构建了一个完整且优化的游戏开发环境。

4. licenses
# 路径:D:/my_file/MyFile/YunSi/Project/Games/Cocos/CocosCyberpunk_all/CocosCyberpunk\licenses
# 内容概述:该“licenses”文件夹汇集了Cocos Cyberpunk的版权声明与内容许可协议，旨在明确用户在使用Cocos Cyberpunk源代码及艺术资源时的许可条款。版权声明详细说明了许可类型、使用限制和知识产权归属，而内容许可协议则进一步阐述了用户的使用权利、义务、隐私政策及免责声明，确保用户在遵守相关条款的前提下，合法、合规地使用软件资源。

5. profiles
# 路径:D:/my_file/MyFile/YunSi/Project/Games/Cocos/CocosCyberpunk_all/CocosCyberpunk\profiles
# 内容概述:"‘profiles’文件夹汇集了项目在不同开发环境与平台上的配置文件，包括编辑器设置和针对Android、iOS等平台的构建配置，旨在简化项目部署与构建流程。"

6. settings
# 路径:D:/my_file/MyFile/YunSi/Project/Games/Cocos/CocosCyberpunk_all/CocosCyberpunk\settings
# 内容概述:### 文件夹内容概览
"settings"文件夹是游戏或应用的配置中心，包含`default-profiles`（预留的配置文件夹）和`packages`（存储针对不同平台和组件的JSON配置文件），确保软件在不同平台上的正确设置和运行。

7. temp
# 路径:D:/my_file/MyFile/YunSi/Project/Games/Cocos/CocosCyberpunk_all/CocosCyberpunk\temp
# 内容概述:“temp”文件夹集成了项目资源数据库、开发工具配置、运行日志、资源管理和场景配置文件，以及TypeScript编译器设置。其中，资源数据库“asset-db”整理了图像、效果和模型等资源，并记录了转换和系统日志；声明文件“declarations”提供了Cocos Creator框架的类型信息；日志文件“logs”追踪项目运行细节；“profiles”存储资源状态和场景配置；“programming”包含系统日志和版本信息；而“tsconfig.cocos.json”确保了TypeScript代码的编译正确性。这些文件和文件夹相互关联，共同支撑项目的开发和管理。

8. .DS_Store
# 路径:D:/my_file/MyFile/YunSi/Project/Games/Cocos/CocosCyberpunk_all/CocosCyberpunk\.DS_Store
# 内容概述:这是一个名为“.DS_Store”的文件。

9. .gitignore
# 路径:D:/my_file/MyFile/YunSi/Project/Games/Cocos/CocosCyberpunk_all/CocosCyberpunk\.gitignore
# 内容概述:这是一个名为“.gitignore”的文件。

10. package-lock.json
# 路径:D:/my_file/MyFile/YunSi/Project/Games/Cocos/CocosCyberpunk_all/CocosCyberpunk\package-lock.json
# 内容概述:该“package-lock.json”文件记录了名为“NewProject”的项目的版本3.7.0的依赖信息，包括所有直接和开发依赖的版本号及来源。文件采用锁文件版本2，确保了项目在不同环境中的依赖一致性。

11. package.json
# 路径:D:/my_file/MyFile/YunSi/Project/Games/Cocos/CocosCyberpunk_all/CocosCyberpunk\package.json
# 内容概述:### 简要总结
“package.json”文件为CocosCyberpunk项目提供了核心配置，包括项目名称、UUID、创建者版本（3.8.4）、项目版本（3.8.0）以及开发依赖（如ESLint和ESLint-plugin-react）。此外，文件中还包含了用于标识和存储的_sourceId和_storeId。

12. README.md
# 路径:D:/my_file/MyFile/YunSi/Project/Games/Cocos/CocosCyberpunk_all/CocosCyberpunk\README.md
# 内容概述:### 简化版总结

Cocos Cyberpunk 是一款以Cyberpunk艺术风格为特色的Cocos Creator高级功能演示项目。版本v1.6基于Cocos Creator v3.7.1及以上版本，支持Windows、macOS、iOS和Android平台。项目资源受Cocos版权保护，用户需遵守相关许可协议。项目包含可玩场景、城市环境、游戏预制件和逻辑脚本，适用于移动触摸屏和桌面键盘鼠标操作。游戏场景艺术由The ArtCore studios制作。

13. tsconfig.json
# 路径:D:/my_file/MyFile/YunSi/Project/Games/Cocos/CocosCyberpunk_all/CocosCyberpunk\tsconfig.json
# 内容概述:### 文本分析员AI

#### 文本文件内容总结

- 该文件是 TypeScript 编译器配置文件 `tsconfig.json`，继承自 `./temp/tsconfig.cocos.json`。它定义了编译选项，如输出模块格式为 ES2022，兼容目标为 ES2017，并启用了合成默认导入和跳过库检查等特性。


2024-11-28 21:06:13,861 - INFO Retriever 0 - 

————————————————————————————————————————————————————————————————
2024-11-28 21:06:13,861 - INFO Retriever 0 - 当前窗口总长度：13
2024-11-28 21:06:13,861 - INFO Retriever 0 - 当前更新窗口长度：4
2024-11-28 21:06:13,861 - INFO Retriever 0 - 当前更新窗口长度：4
2024-11-28 21:06:13,862 - INFO Retriever 0 - ————————————————————————————————————————————————————————————————


2024-11-28 21:06:19,908 - INFO Retriever 0 - Agent主脑给出的回答为：{
    "deep_think": {
        "thoughts": "根据获取的项目顶层目录信息，我注意到“assets”文件夹可能包含与游戏逻辑相关的脚本和资源，而“extensions”文件夹可能包含一些工具和组件，这些都有可能包含关于游戏时间长度限制的设置。我还需要检查“settings”文件夹，因为游戏设置通常存储在配置文件中。\n\n接下来，我将使用get_folder_info操作来获取“assets”和“settings”文件夹的信息，以便我能够发现可能包含相关设置的文件。"
    }
}
2024-11-28 21:06:19,908 - INFO Retriever 0 - 是否成功解析：True
2024-11-28 21:06:19,909 - INFO Retriever 0 - operation_type (__det_dir_action):
2024-11-28 21:06:19,909 - INFO Retriever 0 - deep_think
2024-11-28 21:06:19,909 - INFO Retriever 0 - 

——————————————————————————————————————————————————————————————————————————————————————————————————————————————————————————
2024-11-28 21:06:19,909 - INFO Retriever 0 - Assistant:
2024-11-28 21:06:19,909 - INFO Retriever 0 - {
    "deep_think": {
        "thoughts": "根据获取的项目顶层目录信息，我注意到“assets”文件夹可能包含与游戏逻辑相关的脚本和资源，而“extensions”文件夹可能包含一些工具和组件，这些都有可能包含关于游戏时间长度限制的设置。我还需要检查“settings”文件夹，因为游戏设置通常存储在配置文件中。\n\n接下来，我将使用get_folder_info操作来获取“assets”和“settings”文件夹的信息，以便我能够发现可能包含相关设置的文件。"
    }
}
2024-11-28 21:06:19,910 - INFO Retriever 0 - dict_keys(['deep_think'])
2024-11-28 21:06:19,910 - INFO Retriever 0 - Agent主脑给出的行动：deep_think
参数：{'thoughts': '根据获取的项目顶层目录信息，我注意到“assets”文件夹可能包含与游戏逻辑相关的脚本和资源，而“extensions”文件夹可能包含一些工具和组件，这些都有可能包含关于游戏时间长度限制的设置。我还需要检查“settings”文件夹，因为游戏设置通常存储在配置文件中。\n\n接下来，我将使用get_folder_info操作来获取“assets”和“settings”文件夹的信息，以便我能够发现可能包含相关设置的文件。', 'repeat_counter': 1, 'continue_think_counter': 1}
2024-11-28 21:06:19,910 - INFO Retriever 0 - Observer: 好的，请继续你的下一步行动或思考。
2024-11-28 21:06:19,912 - INFO Retriever 0 - 

————————————————————————————————————————————————————————————————
2024-11-28 21:06:19,912 - INFO Retriever 0 - 当前窗口总长度：15
2024-11-28 21:06:19,912 - INFO Retriever 0 - 当前更新窗口长度：6
2024-11-28 21:06:19,912 - INFO Retriever 0 - 当前更新窗口长度：6
2024-11-28 21:06:19,912 - INFO Retriever 0 - ————————————————————————————————————————————————————————————————


2024-11-28 21:06:22,515 - INFO Retriever 0 - Agent主脑给出的回答为：{
    "get_folder_info": {
        "target_folder_path": "D:/my_file/MyFile/YunSi/Project/Games/Cocos/CocosCyberpunk_all/CocosCyberpunk/assets"
    }
}
2024-11-28 21:06:22,515 - INFO Retriever 0 - 是否成功解析：True
2024-11-28 21:06:22,515 - INFO Retriever 0 - operation_type (__det_dir_action):
2024-11-28 21:06:22,515 - INFO Retriever 0 - get_folder_info
2024-11-28 21:06:22,515 - INFO Retriever 0 - 

——————————————————————————————————————————————————————————————————————————————————————————————————————————————————————————
2024-11-28 21:06:22,515 - INFO Retriever 0 - Assistant:
2024-11-28 21:06:22,516 - INFO Retriever 0 - {
    "get_folder_info": {
        "target_folder_path": "D:/my_file/MyFile/YunSi/Project/Games/Cocos/CocosCyberpunk_all/CocosCyberpunk/assets"
    }
}
2024-11-28 21:06:22,516 - INFO Retriever 0 - dict_keys(['get_folder_info'])
2024-11-28 21:06:22,516 - INFO Retriever 0 - Agent主脑给出的行动：get_folder_info
参数：{'target_folder_path': 'D:/my_file/MyFile/YunSi/Project/Games/Cocos/CocosCyberpunk_all/CocosCyberpunk/assets'}
2024-11-28 21:06:22,529 - INFO Retriever 0 - Observer: 目标文件夹路径：D:/my_file/MyFile/YunSi/Project/Games/Cocos/CocosCyberpunk_all/CocosCyberpunk/assets
文件结构树（该结构树可能不完整，仅返回深度小于等于1层的子文件以及文件夹）：
├── .DS_Store
├── LightFX
│   ├── lfx.log
│   ├── output
│   ├── tmp
├── animations
│   ├── animation.anim
├── res
│   ├── animation-mask
│   ├── animations
│   ...
│   ├── ui
├── resources
│   ├── action
│   ├── actor
│   ...
│   ├── ui
├── scene
│   ├── reflectionProbe_0.png
│   ├── reflectionProbe_0_convolution
│   ├── reflectionProbe_1.png
│   ├── reflectionProbe_1_convolution
│   ├── reflectionProbe_2.png
│   ├── reflectionProbe_2_convolution
├── scene-development
│   ├── scene-animation-graph.scene
│   ├── scene-animation.scene
│   ...
│   ├── scene-waypath.scene
├── scene-game-start.scene
├── scene.scene
├── scripts
│   ├── .DS_Store
│   ├── core
│   ├── gm
│   ├── logic
│   ├── test
├── src
│   ├── utils
├── test
│   ├── LightFX
│   ├── animation-to-oribit.ts
│   ...
│   ├── test-transparent.mtl


其中，部分主要文件及文件夹的信息如下：
1. assets
# 路径:D:/my_file/MyFile/YunSi/Project/Games/Cocos/CocosCyberpunk_all/CocosCyberpunk\assets
# 内容概述:“assets”文件夹汇集了游戏或动画项目的多种资源，包括动画、图形渲染文件、3D模型材质、场景设置以及开发脚本。其中，动画和场景开发资源如“animations”和“scene-development”文件夹，以及“resources”资源包，构成了项目的核心内容。图形渲染和视觉特效方面，有“LightFX”和“scene”文件夹提供支持。此外，包含Unity预制体和Cocos Creator脚本的“scripts”和“src”文件夹，则负责游戏逻辑和性能优化。整体而言，这些资源共同支撑起项目的视觉呈现和功能实现。

2. animations
# 路径:D:/my_file/MyFile/YunSi/Project/Games/Cocos/CocosCyberpunk_all/CocosCyberpunk\assets\animations
# 内容概述:该“animations”文件夹专注于存储动画资源，其中包含一个名为“animation.anim”的动画文件，直接反映了文件夹的核心内容。

3. LightFX
# 路径:D:/my_file/MyFile/YunSi/Project/Games/Cocos/CocosCyberpunk_all/CocosCyberpunk\assets\LightFX
# 内容概述:“LightFX”文件夹汇集了与三维模型渲染相关的文件，包括配置文件“lfx.out”、渲染视图图片（如LFX_Mesh_0000.png至LFX_Mesh_0011.png）以及日志文件“lfx.log”，后者记录了渲染过程的关键信息。此外，子文件夹“tmp”内含有临时数据和备份文件，可能与渲染过程或程序运行日志相关联。

4. res
# 路径:D:/my_file/MyFile/YunSi/Project/Games/Cocos/CocosCyberpunk_all/CocosCyberpunk\assets\res
# 内容概述:“res”文件夹汇集了多种资源，包括动画遮罩、动画文件、曲线模型、特效、3D模型、材质、音频、UI设计等，主要用于游戏和动画制作。其中，动画文件如“animations”和“player_modes”包含角色动作和UI效果，3D模型如“enemy_model”和“meshes”则涉及角色和场景构建，特效文件夹“effect”和“muzzle_enemy”提供了视觉和音效支持。此外，还有字体、材质、音频、UI设计等资源，共同构成了一个完整的游戏或动画项目资源库。

5. resources
# 路径:D:/my_file/MyFile/YunSi/Project/Games/Cocos/CocosCyberpunk_all/CocosCyberpunk\assets\resources
# 内容概述:“resources”文件夹是游戏开发的核心资源库，汇集了动作配置、角色预制、AI行为定义、曲线资源、详细数据配置、特效预制、图标与分数等级图片、本地化文本、3D模型网格、音频资源、UI组件以及资源缓存配置。这些资源相互关联，共同支撑着游戏的核心功能、视觉表现、交互体验和本地化需求。

6. scene
# 路径:D:/my_file/MyFile/YunSi/Project/Games/Cocos/CocosCyberpunk_all/CocosCyberpunk\assets\scene
# 内容概述:“scene”文件夹汇集了多个子文件夹，每个包含从“mipmap_0.png”至“mipmap_5.png”的纹理文件，用于优化3D场景中反射探针的渲染效果。这些文件夹共同服务于模拟环境反射，确保在不同距离和视角下提供高质量的图像效果。

7. scene-development
# 路径:D:/my_file/MyFile/YunSi/Project/Games/Cocos/CocosCyberpunk_all/CocosCyberpunk\assets\scene-development
# 内容概述:“scene-development”文件夹汇集了多个场景开发相关文件，包括动画流程图、玩家动画、UI界面、射击线等，旨在支持游戏或动画项目的场景构建与交互设计。文件类型多样，如动画场景、标志、菜单、测试资源加载等，彼此间紧密关联，共同构成了项目场景开发的完整资源集。

8. scripts
# 路径:D:/my_file/MyFile/YunSi/Project/Games/Cocos/CocosCyberpunk_all/CocosCyberpunk\assets\scripts
# 内容概述:"scripts"文件夹汇集了游戏开发的关键脚本，包括用于Mac OS X系统文件夹设置的`.DS_Store`文件，以及针对Cocos Creator的游戏管理脚本（如`gm.ts`和`dev.ts`）。核心逻辑部分由`logic`文件夹中的多个子文件夹构成，涵盖角色系统、动画、相机控制等，而`test`文件夹则专注于游戏组件的测试，如导航、物理和动画。这些脚本和文件共同支撑着游戏的整体架构和功能实现。

9. src
# 路径:D:/my_file/MyFile/YunSi/Project/Games/Cocos/CocosCyberpunk_all/CocosCyberpunk\assets\src
# 内容概述:“src”文件夹汇集了针对Cocos Creator和Unity引擎的优化脚本，包括用于Cocos Creator的`disable-update-ubo.ts`，旨在减少UBO更新以提升性能；以及Unity的`switch-probe.ts`，用于调整反射探针以优化视觉效果。这些脚本共同服务于游戏渲染性能的提升。

10. test
# 路径:D:/my_file/MyFile/YunSi/Project/Games/Cocos/CocosCyberpunk_all/CocosCyberpunk\assets\test
# 内容概述:"test"文件夹汇集了视觉特效渲染、游戏开发及场景构建的相关文件。其中，"LightFX"子文件夹存储项目输出与日志，便于调试；"scripts"子文件夹包含游戏开发脚本，如场景建模和摄像机控制。此外，存在多个场景文件和预制体，用于构建游戏环境，以及材质文件和特效文件，增强视觉效果。脚本如"animation-to-orbit.ts"和"test-reflect.ts"等，分别处理动画与相机轨道交互以及反射探针与材质的交互，体现了文件夹内容的多样性和功能性。

11. .DS_Store
# 路径:D:/my_file/MyFile/YunSi/Project/Games/Cocos/CocosCyberpunk_all/CocosCyberpunk\assets\.DS_Store
# 内容概述:这是一个名为“.DS_Store”的文件。

12. scene-game-start.scene
# 路径:D:/my_file/MyFile/YunSi/Project/Games/Cocos/CocosCyberpunk_all/CocosCyberpunk\assets\scene-game-start.scene
# 内容概述:这是一个名为“scene-game-start.scene”的文件。

13. scene.scene
# 路径:D:/my_file/MyFile/YunSi/Project/Games/Cocos/CocosCyberpunk_all/CocosCyberpunk\assets\scene.scene
# 内容概述:这是一个名为“scene.scene”的文件。


2024-11-28 21:06:22,531 - INFO Retriever 0 - 

————————————————————————————————————————————————————————————————
2024-11-28 21:06:22,532 - INFO Retriever 0 - 当前窗口总长度：17
2024-11-28 21:06:22,532 - INFO Retriever 0 - 当前更新窗口长度：8
2024-11-28 21:06:22,532 - INFO Retriever 0 - 当前更新窗口长度：8
2024-11-28 21:06:22,532 - INFO Retriever 0 - ————————————————————————————————————————————————————————————————


2024-11-28 21:06:26,129 - INFO Retriever 0 - Agent主脑给出的回答为：{
    "get_folder_info": {
        "target_folder_path": "D:/my_file/MyFile/YunSi/Project/Games/Cocos/CocosCyberpunk_all/CocosCyberpunk/settings"
    }
}
2024-11-28 21:06:26,130 - INFO Retriever 0 - 是否成功解析：True
2024-11-28 21:06:26,130 - INFO Retriever 0 - operation_type (__det_dir_action):
2024-11-28 21:06:26,130 - INFO Retriever 0 - get_folder_info
2024-11-28 21:06:26,130 - INFO Retriever 0 - 

——————————————————————————————————————————————————————————————————————————————————————————————————————————————————————————
2024-11-28 21:06:26,130 - INFO Retriever 0 - Assistant:
2024-11-28 21:06:26,130 - INFO Retriever 0 - {
    "get_folder_info": {
        "target_folder_path": "D:/my_file/MyFile/YunSi/Project/Games/Cocos/CocosCyberpunk_all/CocosCyberpunk/settings"
    }
}
2024-11-28 21:06:26,131 - INFO Retriever 0 - dict_keys(['get_folder_info'])
2024-11-28 21:06:26,131 - INFO Retriever 0 - Agent主脑给出的行动：get_folder_info
参数：{'target_folder_path': 'D:/my_file/MyFile/YunSi/Project/Games/Cocos/CocosCyberpunk_all/CocosCyberpunk/settings'}
2024-11-28 21:06:26,138 - INFO Retriever 0 - Observer: 目标文件夹路径：D:/my_file/MyFile/YunSi/Project/Games/Cocos/CocosCyberpunk_all/CocosCyberpunk/settings
文件结构树（该结构树可能不完整，仅返回深度小于等于1层的子文件以及文件夹）：
└── v2
│   ├── default-profiles
│   └── packages


其中，部分主要文件及文件夹的信息如下：
1. settings
# 路径:D:/my_file/MyFile/YunSi/Project/Games/Cocos/CocosCyberpunk_all/CocosCyberpunk\settings
# 内容概述:### 文件夹内容概览
"settings"文件夹是游戏或应用的配置中心，包含`default-profiles`（预留的配置文件夹）和`packages`（存储针对不同平台和组件的JSON配置文件），确保软件在不同平台上的正确设置和运行。

2. v2
# 路径:D:/my_file/MyFile/YunSi/Project/Games/Cocos/CocosCyberpunk_all/CocosCyberpunk\settings\v2
# 内容概述:### 文件夹内容概览
“v2”文件夹内包含“default-profiles”空文件夹和“packages”文件夹。后者汇集了针对不同平台（如Android、iOS、Web等）的游戏和应用配置文件，涉及版本、构建设置、资源管理和引擎模块等，为多平台开发提供全面支持。


2024-11-28 21:06:26,139 - INFO Retriever 0 - 

————————————————————————————————————————————————————————————————
2024-11-28 21:06:26,139 - INFO Retriever 0 - 当前窗口总长度：19
2024-11-28 21:06:26,139 - INFO Retriever 0 - 当前更新窗口长度：10
2024-11-28 21:06:26,139 - INFO Retriever 0 - 当前更新窗口长度：10
2024-11-28 21:06:26,139 - INFO Retriever 0 - ————————————————————————————————————————————————————————————————


2024-11-28 21:06:29,681 - INFO Retriever 0 - Agent主脑给出的回答为：{
    "get_folder_info": {
        "target_folder_path": "D:/my_file/MyFile/YunSi/Project/Games/Cocos/CocosCyberpunk_all/CocosCyberpunk/settings/v2/packages"
    }
}
2024-11-28 21:06:29,682 - INFO Retriever 0 - 是否成功解析：True
2024-11-28 21:06:29,683 - INFO Retriever 0 - operation_type (__det_dir_action):
2024-11-28 21:06:29,683 - INFO Retriever 0 - get_folder_info
2024-11-28 21:06:29,683 - INFO Retriever 0 - 

——————————————————————————————————————————————————————————————————————————————————————————————————————————————————————————
2024-11-28 21:06:29,691 - INFO Retriever 0 - Assistant:
2024-11-28 21:06:29,711 - INFO Retriever 0 - {
    "get_folder_info": {
        "target_folder_path": "D:/my_file/MyFile/YunSi/Project/Games/Cocos/CocosCyberpunk_all/CocosCyberpunk/settings/v2/packages"
    }
}
2024-11-28 21:06:29,741 - INFO Retriever 0 - dict_keys(['get_folder_info'])
2024-11-28 21:06:29,819 - INFO Retriever 0 - Agent主脑给出的行动：get_folder_info
参数：{'target_folder_path': 'D:/my_file/MyFile/YunSi/Project/Games/Cocos/CocosCyberpunk_all/CocosCyberpunk/settings/v2/packages'}
2024-11-28 21:06:30,060 - INFO Retriever 0 - Observer: 目标文件夹路径：D:/my_file/MyFile/YunSi/Project/Games/Cocos/CocosCyberpunk_all/CocosCyberpunk/settings/v2/packages
文件结构树（该结构树可能不完整，仅返回深度小于等于1层的子文件以及文件夹）：
├── alipay-mini-game.json
├── android.json
├── baidu-mini-game.json
├── builder.json
├── bytedance-mini-game.json
├── cocos-play.json
├── cocos-service.json
├── device.json
├── engine.json
├── huawei-quick-game.json
├── information.json
├── ios.json
├── lightmap.json
├── native.json
├── oppo-mini-game.json
├── preview.json
├── program.json
├── project.json
├── scene.json
├── shortcuts.json
├── ui-kit.json
├── vivo-mini-game.json
├── web-desktop.json
├── web-mobile.json
├── wechatgame.json
├── windows.json
└── xiaomi-quick-game.json


其中，部分主要文件及文件夹的信息如下：
1. packages
# 路径:D:/my_file/MyFile/YunSi/Project/Games/Cocos/CocosCyberpunk_all/CocosCyberpunk\settings\v2\packages
# 内容概述:### 文件夹内容总结
“packages”文件夹汇集了针对多平台游戏和应用的配置文件，包括版本信息、构建设置、资源打包、引擎模块配置和场景设置等。文件如`builder.json`和`engine.json`涉及构建和引擎配置，而`alipay-mini-game.json`至`xiaomi-quick-game.json`等则分别针对不同平台（如支付宝、安卓、百度、抖音等）提供了具体配置，确保游戏或应用的兼容性和性能优化。

2. alipay-mini-game.json
# 路径:D:/my_file/MyFile/YunSi/Project/Games/Cocos/CocosCyberpunk_all/CocosCyberpunk\settings\v2\packages\alipay-mini-game.json
# 内容概述:这是一个名为“alipay-mini-game.json”的文件。该文件中的内容为：
这是一个名为“alipay-mini-game.json”的文件，该文件里的内容为：
{
  "__version__": "1.0.2"
}


3. android.json
# 路径:D:/my_file/MyFile/YunSi/Project/Games/Cocos/CocosCyberpunk_all/CocosCyberpunk\settings\v2\packages\android.json
# 内容概述:这是一个名为“android.json”的文件。该文件中的内容为：
这是一个名为“android.json”的文件，该文件里的内容为：
{
  "__version__": "1.0.1"
}


4. baidu-mini-game.json
# 路径:D:/my_file/MyFile/YunSi/Project/Games/Cocos/CocosCyberpunk_all/CocosCyberpunk\settings\v2\packages\baidu-mini-game.json
# 内容概述:这是一个名为“baidu-mini-game.json”的文件。该文件中的内容为：
这是一个名为“baidu-mini-game.json”的文件，该文件里的内容为：
{
  "__version__": "1.0.1"
}


5. builder.json
# 路径:D:/my_file/MyFile/YunSi/Project/Games/Cocos/CocosCyberpunk_all/CocosCyberpunk\settings\v2\packages\builder.json
# 内容概述:### 简要总结
“builder.json”文件定义了纹理压缩和资源打包的配置。纹理压缩预设为“compressed”，适用于Android、iOS和Web平台，使用中等质量的ASTC_8x8和PNG 80质量。资源打包配置包括自定义设置，如`auto_05deQh8t9C47lqezq6UmVk`和`auto_b8fnJ4NEdKaq1G/CmtBRW3`，均采用`merge_dep`压缩类型，且配置为不使用远程压缩。

6. bytedance-mini-game.json
# 路径:D:/my_file/MyFile/YunSi/Project/Games/Cocos/CocosCyberpunk_all/CocosCyberpunk\settings\v2\packages\bytedance-mini-game.json
# 内容概述:这是一个名为“bytedance-mini-game.json”的文件。该文件中的内容为：
这是一个名为“bytedance-mini-game.json”的文件，该文件里的内容为：
{
  "__version__": "1.0.3"
}


7. cocos-play.json
# 路径:D:/my_file/MyFile/YunSi/Project/Games/Cocos/CocosCyberpunk_all/CocosCyberpunk\settings\v2\packages\cocos-play.json
# 内容概述:这是一个名为“cocos-play.json”的文件。该文件中的内容为：
这是一个名为“cocos-play.json”的文件，该文件里的内容为：
{
  "__version__": "1.0.1"
}


8. cocos-service.json
# 路径:D:/my_file/MyFile/YunSi/Project/Games/Cocos/CocosCyberpunk_all/CocosCyberpunk\settings\v2\packages\cocos-service.json
# 内容概述:该文件为“UNKNOW GAME”游戏的配置信息，记录了游戏的基本信息（如应用ID和配置ID），并关联了默认配置“Default”。文件版本为3.0.7，但未包含具体的服务设置。

9. device.json
# 路径:D:/my_file/MyFile/YunSi/Project/Games/Cocos/CocosCyberpunk_all/CocosCyberpunk\settings\v2\packages\device.json
# 内容概述:这是一个名为“device.json”的文件。该文件中的内容为：
这是一个名为“device.json”的文件，该文件里的内容为：
{
  "__version__": "1.0.1"
}


10. engine.json
# 路径:D:/my_file/MyFile/YunSi/Project/Games/Cocos/CocosCyberpunk_all/CocosCyberpunk\settings\v2\packages\engine.json
# 内容概述:### 文本内容总结
“engine.json”文件是图形引擎的配置文件，详细列出了各模块的启用状态（如缓存、图形、物理、音频等），以及全局设置（如自定义管线启用、图像缓存清理等）。文件还包含了宏配置和版本信息，确保引擎按照指定参数运行。

11. huawei-quick-game.json
# 路径:D:/my_file/MyFile/YunSi/Project/Games/Cocos/CocosCyberpunk_all/CocosCyberpunk\settings\v2\packages\huawei-quick-game.json
# 内容概述:这是一个名为“huawei-quick-game.json”的文件。该文件中的内容为：
这是一个名为“huawei-quick-game.json”的文件，该文件里的内容为：
{
  "__version__": "1.0.3"
}


12. information.json
# 路径:D:/my_file/MyFile/YunSi/Project/Games/Cocos/CocosCyberpunk_all/CocosCyberpunk\settings\v2\packages\information.json
# 内容概述:### 简要总结

该JSON文件“information.json”定义了游戏或应用的启动画面配置，包括自定义启动画面、移除启动画面和时间戳设置。当前，所有这些配置均未启用，且每个配置项提供了一个指向表单链接的接口，用于可能的进一步配置。

13. ios.json
# 路径:D:/my_file/MyFile/YunSi/Project/Games/Cocos/CocosCyberpunk_all/CocosCyberpunk\settings\v2\packages\ios.json
# 内容概述:### 简要总结

该“ios.json”文件定义了iOS应用的启动画面配置，版本为1.0.1。配置项包括显示比例、总显示时间、水印位置等，均采用默认值。启动画面和背景图片以Base64编码嵌入，支持自动适配屏幕。

14. lightmap.json
# 路径:D:/my_file/MyFile/YunSi/Project/Games/Cocos/CocosCyberpunk_all/CocosCyberpunk\settings\v2\packages\lightmap.json
# 内容概述:### 简要总结

该文件“lightmap.json”记录了光照映射的版本1.0.4数据，包含多个映射结果及其路径。每个结果以唯一ID标识，并关联到特定目录，如"C:\\workspace\\fireball\\projects\\cyberpunk\\assets\\LightFX"。文件旨在提供光照映射的详细信息，便于后续处理。

15. native.json
# 路径:D:/my_file/MyFile/YunSi/Project/Games/Cocos/CocosCyberpunk_all/CocosCyberpunk\settings\v2\packages\native.json
# 内容概述:这是一个名为“native.json”的文件。该文件中的内容为：
这是一个名为“native.json”的文件，该文件里的内容为：
{
  "__version__": "1.0.2"
}


16. oppo-mini-game.json
# 路径:D:/my_file/MyFile/YunSi/Project/Games/Cocos/CocosCyberpunk_all/CocosCyberpunk\settings\v2\packages\oppo-mini-game.json
# 内容概述:这是一个名为“oppo-mini-game.json”的文件。该文件中的内容为：
这是一个名为“oppo-mini-game.json”的文件，该文件里的内容为：
{
  "__version__": "1.0.3"
}


17. preview.json
# 路径:D:/my_file/MyFile/YunSi/Project/Games/Cocos/CocosCyberpunk_all/CocosCyberpunk\settings\v2\packages\preview.json
# 内容概述:这是一个名为“preview.json”的文件。该文件中的内容为：
这是一个名为“preview.json”的文件，该文件里的内容为：
{
  "__version__": "1.0.1"
}


18. program.json
# 路径:D:/my_file/MyFile/YunSi/Project/Games/Cocos/CocosCyberpunk_all/CocosCyberpunk\settings\v2\packages\program.json
# 内容概述:这是一个名为“program.json”的文件。该文件中的内容为：
这是一个名为“program.json”的文件，该文件里的内容为：
{
  "__version__": "1.0.4"
}


19. project.json
# 路径:D:/my_file/MyFile/YunSi/Project/Games/Cocos/CocosCyberpunk_all/CocosCyberpunk\settings\v2\packages\project.json
# 内容概述:### 简要总结

"project.json" 文件定义了项目配置，包括渲染管道ID（fd8ec536-a354-4a17-9c74-4f3883c378c8）和设计分辨率（1334x750像素）。物理设置定义了六个碰撞组（如DROP、WALL等）及其碰撞规则。此外，文件还配置了FPS、MOTION和RENDER-ID层，并保留了脚本中的符号链接。

20. scene.json
# 路径:D:/my_file/MyFile/YunSi/Project/Games/Cocos/CocosCyberpunk_all/CocosCyberpunk\settings\v2\packages\scene.json
# 内容概述:该“scene.json”文件为场景配置，版本为1.0.1。包含三个反射探针的UUID列表和当前场景的UUID，用于识别和操作场景中的资源。

21. shortcuts.json
# 路径:D:/my_file/MyFile/YunSi/Project/Games/Cocos/CocosCyberpunk_all/CocosCyberpunk\settings\v2\packages\shortcuts.json
# 内容概述:这是一个名为“shortcuts.json”的文件。该文件中的内容为：
这是一个名为“shortcuts.json”的文件，该文件里的内容为：
{
  "__version__": "1.0.1"
}


22. ui-kit.json
# 路径:D:/my_file/MyFile/YunSi/Project/Games/Cocos/CocosCyberpunk_all/CocosCyberpunk\settings\v2\packages\ui-kit.json
# 内容概述:这是一个名为“ui-kit.json”的文件。该文件中的内容为：
这是一个名为“ui-kit.json”的文件，该文件里的内容为：
{
  "__version__": "1.0.1"
}


23. vivo-mini-game.json
# 路径:D:/my_file/MyFile/YunSi/Project/Games/Cocos/CocosCyberpunk_all/CocosCyberpunk\settings\v2\packages\vivo-mini-game.json
# 内容概述:这是一个名为“vivo-mini-game.json”的文件。该文件中的内容为：
这是一个名为“vivo-mini-game.json”的文件，该文件里的内容为：
{
  "__version__": "1.0.3"
}


24. web-desktop.json
# 路径:D:/my_file/MyFile/YunSi/Project/Games/Cocos/CocosCyberpunk_all/CocosCyberpunk\settings\v2\packages\web-desktop.json
# 内容概述:这是一个名为“web-desktop.json”的文件。该文件中的内容为：
这是一个名为“web-desktop.json”的文件，该文件里的内容为：
{
  "__version__": "1.0.1"
}


25. web-mobile.json
# 路径:D:/my_file/MyFile/YunSi/Project/Games/Cocos/CocosCyberpunk_all/CocosCyberpunk\settings\v2\packages\web-mobile.json
# 内容概述:这是一个名为“web-mobile.json”的文件。该文件中的内容为：
这是一个名为“web-mobile.json”的文件，该文件里的内容为：
{
  "__version__": "1.0.1"
}


26. wechatgame.json
# 路径:D:/my_file/MyFile/YunSi/Project/Games/Cocos/CocosCyberpunk_all/CocosCyberpunk\settings\v2\packages\wechatgame.json
# 内容概述:这是一个名为“wechatgame.json”的文件。该文件中的内容为：
这是一个名为“wechatgame.json”的文件，该文件里的内容为：
{
  "__version__": "1.0.4"
}


27. windows.json
# 路径:D:/my_file/MyFile/YunSi/Project/Games/Cocos/CocosCyberpunk_all/CocosCyberpunk\settings\v2\packages\windows.json
# 内容概述:这是一个名为“windows.json”的文件。该文件中的内容为：
这是一个名为“windows.json”的文件，该文件里的内容为：
{
  "__version__": "1.0.1"
}


28. xiaomi-quick-game.json
# 路径:D:/my_file/MyFile/YunSi/Project/Games/Cocos/CocosCyberpunk_all/CocosCyberpunk\settings\v2\packages\xiaomi-quick-game.json
# 内容概述:这是一个名为“xiaomi-quick-game.json”的文件。该文件中的内容为：
这是一个名为“xiaomi-quick-game.json”的文件，该文件里的内容为：
{
  "__version__": "1.0.2"
}



2024-11-28 21:06:30,064 - INFO Retriever 0 - 

————————————————————————————————————————————————————————————————
2024-11-28 21:06:30,064 - INFO Retriever 0 - 当前窗口总长度：21
2024-11-28 21:06:30,064 - INFO Retriever 0 - 当前更新窗口长度：12
2024-11-28 21:06:30,064 - INFO Retriever 0 - 当前更新窗口长度：12
2024-11-28 21:06:30,065 - INFO Retriever 0 - ————————————————————————————————————————————————————————————————


2024-11-28 21:06:36,459 - INFO Retriever 0 - Agent主脑给出的回答为：{
    "deep_think": {
        "thoughts": "根据获取的“settings”文件夹下的“packages”子文件夹信息，我注意到其中包含多个平台的配置文件，这些文件可能包含游戏时间长度限制的设置。特别是“project.json”文件，它定义了项目配置，包括设计分辨率和物理设置，可能包含游戏时间长度限制的设置。\n\n接下来，我将使用read_file操作来读取“project.json”文件的内容，以便我能够找到关于游戏时间长度限制的设置。"
    }
}
2024-11-28 21:06:36,460 - INFO Retriever 0 - 是否成功解析：True
2024-11-28 21:06:36,460 - INFO Retriever 0 - operation_type (__det_dir_action):
2024-11-28 21:06:36,460 - INFO Retriever 0 - deep_think
2024-11-28 21:06:36,460 - INFO Retriever 0 - 

——————————————————————————————————————————————————————————————————————————————————————————————————————————————————————————
2024-11-28 21:06:36,461 - INFO Retriever 0 - Assistant:
2024-11-28 21:06:36,461 - INFO Retriever 0 - {
    "deep_think": {
        "thoughts": "根据获取的“settings”文件夹下的“packages”子文件夹信息，我注意到其中包含多个平台的配置文件，这些文件可能包含游戏时间长度限制的设置。特别是“project.json”文件，它定义了项目配置，包括设计分辨率和物理设置，可能包含游戏时间长度限制的设置。\n\n接下来，我将使用read_file操作来读取“project.json”文件的内容，以便我能够找到关于游戏时间长度限制的设置。"
    }
}
2024-11-28 21:06:36,461 - INFO Retriever 0 - dict_keys(['deep_think'])
2024-11-28 21:06:36,461 - INFO Retriever 0 - Agent主脑给出的行动：deep_think
参数：{'thoughts': '根据获取的“settings”文件夹下的“packages”子文件夹信息，我注意到其中包含多个平台的配置文件，这些文件可能包含游戏时间长度限制的设置。特别是“project.json”文件，它定义了项目配置，包括设计分辨率和物理设置，可能包含游戏时间长度限制的设置。\n\n接下来，我将使用read_file操作来读取“project.json”文件的内容，以便我能够找到关于游戏时间长度限制的设置。', 'repeat_counter': 1, 'continue_think_counter': 1}
2024-11-28 21:06:36,462 - INFO Retriever 0 - Observer: 好的，请继续你的下一步行动或思考。
2024-11-28 21:06:36,463 - INFO Retriever 0 - 

————————————————————————————————————————————————————————————————
2024-11-28 21:06:36,463 - INFO Retriever 0 - 当前窗口总长度：23
2024-11-28 21:06:36,464 - INFO Retriever 0 - 当前更新窗口长度：14
2024-11-28 21:06:36,464 - INFO Retriever 0 - 当前更新窗口长度：14
2024-11-28 21:06:36,464 - INFO Retriever 0 - ————————————————————————————————————————————————————————————————


2024-11-28 21:06:41,076 - INFO Retriever 0 - Agent主脑给出的回答为：{
    "read_file": {
        "file_path": "D:/my_file/MyFile/YunSi/Project/Games/Cocos/CocosCyberpunk_all/CocosCyberpunk/settings/v2/packages/project.json"
    }
}
2024-11-28 21:06:41,077 - INFO Retriever 0 - 是否成功解析：True
2024-11-28 21:06:41,077 - INFO Retriever 0 - operation_type (__det_dir_action):
2024-11-28 21:06:41,077 - INFO Retriever 0 - read_file
2024-11-28 21:06:41,077 - INFO Retriever 0 - 

——————————————————————————————————————————————————————————————————————————————————————————————————————————————————————————
2024-11-28 21:06:41,078 - INFO Retriever 0 - Assistant:
2024-11-28 21:06:41,078 - INFO Retriever 0 - {
    "read_file": {
        "file_path": "D:/my_file/MyFile/YunSi/Project/Games/Cocos/CocosCyberpunk_all/CocosCyberpunk/settings/v2/packages/project.json"
    }
}
2024-11-28 21:06:41,078 - INFO Retriever 0 - dict_keys(['read_file'])
2024-11-28 21:06:41,078 - INFO Retriever 0 - Agent主脑给出的行动：read_file
参数：{'file_path': 'D:/my_file/MyFile/YunSi/Project/Games/Cocos/CocosCyberpunk_all/CocosCyberpunk/settings/v2/packages/project.json', 'top_path': 'D:/my_file/MyFile/YunSi/Project/Games/Cocos/CocosCyberpunk_all/CocosCyberpunk\\Assets', 'return_file_sum': <bound method TreeGenerationAction.return_file_sum of <Action.tree_gen_action.TreeGenerationAction object at 0x0000023C7B98FC70>>}
2024-11-28 21:06:41,079 - INFO Retriever 0 - Observer: 这是一个名为“D:/my_file/MyFile/YunSi/Project/Games/Cocos/CocosCyberpunk_all/CocosCyberpunk/settings/v2/packages/project.json”的文件，该文件里的内容为：
{
  "general": {
    "renderPipeline": "fd8ec536-a354-4a17-9c74-4f3883c378c8",
    "designResolution": {
      "width": 1334,
      "height": 750
    }
  },
  "custom_joint_texture_layouts": [],
  "__version__": "1.0.6",
  "fbx": {
    "legacyFbxImporter": {
      "visible": true
    }
  },
  "physics": {
    "collisionGroups": [
      {
        "index": 1,
        "name": "DROP"
      },
      {
        "index": 2,
        "name": "WALL"
      },
      {
        "index": 3,
        "name": "ACTOR_PART"
      },
      {
        "index": 4,
        "name": "GROUND"
      },
      {
        "index": 5,
        "name": "PLAYER"
      },
      {
        "index": 6,
        "name": "BULLET"
      }
    ],
    "collisionMatrix": {
      "0": 49,
      "1": 18,
      "2": 112,
      "3": 80,
      "4": 63,
      "5": 21,
      "6": 12
    }
  },
  "layer": [
    {
      "name": "FPS",
      "value": 1
    },
    {
      "name": "MOTION",
      "value": 2
    },
    {
      "name": "RENDER-ID",
      "value": 4
    }
  ],
  "script": {
    "preserveSymlinks": true
  }
}

2024-11-28 21:06:41,082 - INFO Retriever 0 - 

————————————————————————————————————————————————————————————————
2024-11-28 21:06:41,082 - INFO Retriever 0 - 当前窗口总长度：25
2024-11-28 21:06:41,082 - INFO Retriever 0 - 当前更新窗口长度：16
2024-11-28 21:06:41,082 - INFO Retriever 0 - 当前更新窗口长度：16
2024-11-28 21:06:41,082 - INFO Retriever 0 - ————————————————————————————————————————————————————————————————


2024-11-28 21:06:47,929 - INFO Retriever 0 - Agent主脑给出的回答为：{
    "deep_think": {
        "thoughts": "我已经读取了“project.json”文件的内容，但在这个文件中并没有找到关于游戏时间长度限制的设置。根据文件内容，它主要包含了渲染管道ID、设计分辨率、物理设置和图层配置等信息。\n\n考虑到游戏时间长度限制可能是在游戏的配置文件或者特定的脚本中设置，我需要继续检查其他可能包含相关设置的文件。由于“scripts”文件夹可能包含与游戏逻辑相关的脚本，我将继续检查这个文件夹。\n\n接下来，我将使用get_folder_info操作来获取“scripts”文件夹的信息，以便我能够发现可能包含相关设置的文件。"
    }
}
2024-11-28 21:06:47,929 - INFO Retriever 0 - 是否成功解析：True
2024-11-28 21:06:47,930 - INFO Retriever 0 - operation_type (__det_dir_action):
2024-11-28 21:06:47,930 - INFO Retriever 0 - deep_think
2024-11-28 21:06:47,930 - INFO Retriever 0 - 

——————————————————————————————————————————————————————————————————————————————————————————————————————————————————————————
2024-11-28 21:06:47,930 - INFO Retriever 0 - Assistant:
2024-11-28 21:06:47,930 - INFO Retriever 0 - {
    "deep_think": {
        "thoughts": "我已经读取了“project.json”文件的内容，但在这个文件中并没有找到关于游戏时间长度限制的设置。根据文件内容，它主要包含了渲染管道ID、设计分辨率、物理设置和图层配置等信息。\n\n考虑到游戏时间长度限制可能是在游戏的配置文件或者特定的脚本中设置，我需要继续检查其他可能包含相关设置的文件。由于“scripts”文件夹可能包含与游戏逻辑相关的脚本，我将继续检查这个文件夹。\n\n接下来，我将使用get_folder_info操作来获取“scripts”文件夹的信息，以便我能够发现可能包含相关设置的文件。"
    }
}
2024-11-28 21:06:47,931 - INFO Retriever 0 - dict_keys(['deep_think'])
2024-11-28 21:06:47,931 - INFO Retriever 0 - Agent主脑给出的行动：deep_think
参数：{'thoughts': '我已经读取了“project.json”文件的内容，但在这个文件中并没有找到关于游戏时间长度限制的设置。根据文件内容，它主要包含了渲染管道ID、设计分辨率、物理设置和图层配置等信息。\n\n考虑到游戏时间长度限制可能是在游戏的配置文件或者特定的脚本中设置，我需要继续检查其他可能包含相关设置的文件。由于“scripts”文件夹可能包含与游戏逻辑相关的脚本，我将继续检查这个文件夹。\n\n接下来，我将使用get_folder_info操作来获取“scripts”文件夹的信息，以便我能够发现可能包含相关设置的文件。', 'repeat_counter': 1, 'continue_think_counter': 1}
2024-11-28 21:06:47,931 - INFO Retriever 0 - Observer: 好的，请继续你的下一步行动或思考。
2024-11-28 21:06:47,932 - INFO Retriever 0 - 

————————————————————————————————————————————————————————————————
2024-11-28 21:06:47,932 - INFO Retriever 0 - 当前窗口总长度：27
2024-11-28 21:06:47,932 - INFO Retriever 0 - 当前更新窗口长度：18
2024-11-28 21:06:47,932 - INFO Retriever 0 - 当前更新窗口长度：18
2024-11-28 21:06:47,933 - INFO Retriever 0 - ————————————————————————————————————————————————————————————————


2024-11-28 21:06:52,383 - INFO Retriever 0 - Agent主脑给出的回答为：{
    "get_folder_info": {
        "target_folder_path": "D:/my_file/MyFile/YunSi/Project/Games/Cocos/CocosCyberpunk_all/CocosCyberpunk/assets/scripts"
    }
}
2024-11-28 21:06:52,383 - INFO Retriever 0 - 是否成功解析：True
2024-11-28 21:06:52,384 - INFO Retriever 0 - operation_type (__det_dir_action):
2024-11-28 21:06:52,384 - INFO Retriever 0 - get_folder_info
2024-11-28 21:06:52,384 - INFO Retriever 0 - 

——————————————————————————————————————————————————————————————————————————————————————————————————————————————————————————
2024-11-28 21:06:52,384 - INFO Retriever 0 - Assistant:
2024-11-28 21:06:52,385 - INFO Retriever 0 - {
    "get_folder_info": {
        "target_folder_path": "D:/my_file/MyFile/YunSi/Project/Games/Cocos/CocosCyberpunk_all/CocosCyberpunk/assets/scripts"
    }
}
2024-11-28 21:06:52,385 - INFO Retriever 0 - dict_keys(['get_folder_info'])
2024-11-28 21:06:52,385 - INFO Retriever 0 - Agent主脑给出的行动：get_folder_info
参数：{'target_folder_path': 'D:/my_file/MyFile/YunSi/Project/Games/Cocos/CocosCyberpunk_all/CocosCyberpunk/assets/scripts'}
2024-11-28 21:06:52,392 - INFO Retriever 0 - Observer: 目标文件夹路径：D:/my_file/MyFile/YunSi/Project/Games/Cocos/CocosCyberpunk_all/CocosCyberpunk/assets/scripts
文件结构树（该结构树可能不完整，仅返回深度小于等于1层的子文件以及文件夹）：
├── .DS_Store
├── core
│   ├── .DS_Store
│   ├── action
│   ...
├── gm
│   ├── dev.ts
│   ├── gm.ts
├── logic
│   ├── actor
│   ├── anim-graph
│   ...
│   ├── ui
├── test
│   ├── delay-play.ts
│   ├── delay_play_animation.ts
│   ...
│   ├── test-ui.ts


其中，部分主要文件及文件夹的信息如下：
1. scripts
# 路径:D:/my_file/MyFile/YunSi/Project/Games/Cocos/CocosCyberpunk_all/CocosCyberpunk\assets\scripts
# 内容概述:"scripts"文件夹汇集了游戏开发的关键脚本，包括用于Mac OS X系统文件夹设置的`.DS_Store`文件，以及针对Cocos Creator的游戏管理脚本（如`gm.ts`和`dev.ts`）。核心逻辑部分由`logic`文件夹中的多个子文件夹构成，涵盖角色系统、动画、相机控制等，而`test`文件夹则专注于游戏组件的测试，如导航、物理和动画。这些脚本和文件共同支撑着游戏的整体架构和功能实现。

2. core
# 路径:D:/my_file/MyFile/YunSi/Project/Games/Cocos/CocosCyberpunk_all/CocosCyberpunk\assets\scripts\core
# 内容概述:该“core”文件夹汇集了Cocos Creator游戏开发的核心资源，包括动作管理系统、角色管理脚本、游戏AI、Electron应用交互、音频管理、曲线处理、数据管理、编辑器插件、视觉效果、图形处理、引导流程、逆运动学、输入处理、本地化、消息系统、单例模式、渲染工具、资源管理、场景加载、传感器功能、任务管理、UI组件和实用工具等，旨在提供全面的游戏开发支持。文件夹中的文件和子文件夹紧密协作，共同构成了游戏逻辑、视觉呈现和交互体验的基础。

3. gm
# 路径:D:/my_file/MyFile/YunSi/Project/Games/Cocos/CocosCyberpunk_all/CocosCyberpunk\assets\scripts\gm
# 内容概述:## 文件夹内容精简总结

“gm”文件夹包含两个TypeScript脚本，`dev.ts`负责监听键盘事件并发送消息，而`gm.ts`则提供全局游戏管理命令。这两个脚本相互配合，共同实现游戏的数据管理和交互控制。

4. logic
# 路径:D:/my_file/MyFile/YunSi/Project/Games/Cocos/CocosCyberpunk_all/CocosCyberpunk\assets\scripts\logic
# 内容概述:“logic”文件夹是游戏开发的核心逻辑集散地，汇集了角色行为、动画控制、相机操作、数据管理、特效制作、初始化加载、物品系统、关卡设计、UI交互等多个子文件夹。其中，`actor`和`anim-graph`负责角色行为与动画；`camera`实现相机控制；`data`管理游戏数据；`effect`提供视觉特效；`init`负责资源预加载和初始化；`item`处理物品交互；`level`管理关卡内容；`logo`定义游戏标识；`msg`控制组件激活；`navigation`提供路径规划；`ui`构建用户界面。这些子文件夹中的脚本相互协作，共同支撑起游戏的整体架构和功能实现。

5. test
# 路径:D:/my_file/MyFile/YunSi/Project/Games/Cocos/CocosCyberpunk_all/CocosCyberpunk\assets\scripts\test
# 内容概述:### 文件夹内容总结

“test”文件夹汇集了游戏开发的核心组件和脚本，涵盖导航、物理、动画、用户界面和资源加载等多个方面。主要子文件夹包括：

- **steeringbehaviors**：提供导航和游戏行为配置，如`nav-test-steering.json`定义导航测试配置，`test-move-target.ts`和`test-steering-init.ts`控制角色移动和初始化导航系统。
- **test-physic**：涉及物理交互，`test-physic.scene`和`test-physic.ts`实现碰撞检测和射线投射。
- **test-pose**：包含角色控制脚本，如`test-pose-move.ts`处理键盘输入和动画控制。
- **其他脚本**：如`delay-play.ts`控制动画延迟播放，`tap-play.ts`管理游戏暂停，以及一系列用于动画控制、物理交互和资源加载的脚本。

这些文件和脚本相互关联，共同支撑起游戏项目的角色控制、动画、物理和用户界面等功能。

6. .DS_Store
# 路径:D:/my_file/MyFile/YunSi/Project/Games/Cocos/CocosCyberpunk_all/CocosCyberpunk\assets\scripts\.DS_Store
# 内容概述:这是一个名为“.DS_Store”的文件。


2024-11-28 21:06:52,395 - INFO Retriever 0 - 

————————————————————————————————————————————————————————————————
2024-11-28 21:06:52,395 - INFO Retriever 0 - 当前窗口总长度：29
2024-11-28 21:06:52,395 - INFO Retriever 0 - 当前更新窗口长度：20
2024-11-28 21:06:52,395 - INFO Retriever 0 - 当前更新窗口长度：20
2024-11-28 21:06:52,395 - INFO Retriever 0 - ————————————————————————————————————————————————————————————————


2024-11-28 21:06:55,977 - INFO Retriever 0 - Agent主脑给出的回答为：{
    "retrieve_keywords": {
        "keyword_list": [
            [
                "length",
                "长度",
                "time",
                "限制",
                "时间",
                "limitation",
                "hour"
            ]
        ]
    }
}
2024-11-28 21:06:55,977 - INFO Retriever 0 - 是否成功解析：True
2024-11-28 21:06:55,977 - INFO Retriever 0 - operation_type (__det_dir_action):
2024-11-28 21:06:55,978 - INFO Retriever 0 - retrieve_keywords
2024-11-28 21:06:55,978 - INFO Retriever 0 - 

——————————————————————————————————————————————————————————————————————————————————————————————————————————————————————————
2024-11-28 21:06:55,978 - INFO Retriever 0 - Assistant:
2024-11-28 21:06:55,978 - INFO Retriever 0 - {
    "retrieve_keywords": {
        "keyword_list": [
            [
                "length",
                "长度",
                "time",
                "限制",
                "时间",
                "limitation",
                "hour"
            ]
        ]
    }
}
2024-11-28 21:06:55,978 - INFO Retriever 0 - dict_keys(['retrieve_keywords'])
2024-11-28 21:06:55,979 - INFO Retriever 0 - Agent主脑给出的行动：retrieve_keywords
参数：{'keyword_list': [['length', '长度', 'time', '限制', '时间', 'limitation', 'hour']]}
