2024-11-28 21:05:53,795 - INFO Retriever 0 - Init Retriever.
2024-11-28 21:06:01,132 - INFO Retriever 0 - keywords:“['length', '长度', 'time', '限制', '时间', 'limitation', 'hour']”，“['length', '长度', 'time', '限制', '时间', 'limitation', 'hour']”，“['length', '长度', 'time', '限制', '时间', 'limitation', 'hour']”
2024-11-28 21:06:01,132 - INFO Retriever 0 - deep_think_conent
:在获取了项目文件的顶层结构后，我还需要结合待查询的问题描述，对于项目中的文件和目录进行一些深度关键词检索。根据任务描述：“请在D:/my_file/MyFile/YunSi/Project/Games/Cocos/CocosCyberpunk_all/CocosCyberpunk\Assets下各级目录中寻找：这个项目中关于游戏时间长度限制的设置是在哪里实现的？”，我总结出如下可能会出现在各个文件名或者文件内容中的关键词：“['length', '长度', 'time', '限制', '时间', 'limitation', 'hour']”，“['length', '长度', 'time', '限制', '时间', 'limitation', 'hour']”，“['length', '长度', 'time', '限制', '时间', 'limitation', 'hour']”。
接下来，我将使用retrieve_keywords操作，在项目顶层路径“D:/my_file/MyFile/YunSi/Project/Games/Cocos/CocosCyberpunk_all/CocosCyberpunk\Assets”下检索这些关键词，从而大致把握可能与问题描述相关的文件或目录的路径。
2024-11-28 21:06:01,137 - INFO Retriever 0 - ——————————————————————————————————————————————————————————————————————————————————————————————————————————————————————————
2024-11-28 21:06:01,137 - INFO Retriever 0 - Assistant:
2024-11-28 21:06:01,139 - INFO Retriever 0 - {
    "deep_think": {
        "thoughts": "好的，接下来我将通过深度思考、仔细计划以及逐步执行的方式，来完成该任务。\n\n首先，在阅读详细的代码细节之前，应该先整体把握整个项目。\n\n在提供的可选的action中，可以通过get_folder_info操作，通过将项目顶层路径作为target_folder_path参数进行传入，来获取获取项目中主要文件夹和主要文件的描述，从而能够先大致把握项目文件的主要文件的文件树结构、基本内容、主要代码概述以及大致功能板块的分布。"
    }
}
2024-11-28 21:06:01,140 - INFO Retriever 0 - 
Observer:
2024-11-28 21:06:01,142 - INFO Retriever 0 - 好的，请继续你的下一步行动或思考。
2024-11-28 21:06:01,143 - INFO Retriever 0 - 
2024-11-28 21:06:01,796 - INFO Retriever 0 - ——————————————————————————————————————————————————————————————————————————————————————————————————————————————————————————
2024-11-28 21:06:01,797 - INFO Retriever 0 - Assistant:
2024-11-28 21:06:01,798 - INFO Retriever 0 - {
    "get_folder_info": {
        "target_folder_path": "D:/my_file/MyFile/YunSi/Project/Games/Cocos/CocosCyberpunk_all/CocosCyberpunk\\Assets"
    }
}
2024-11-28 21:06:01,972 - INFO Retriever 0 - 
Observer:
2024-11-28 21:06:01,975 - INFO Retriever 0 - 目标路径D:/my_file/MyFile/YunSi/Project/Games/Cocos/CocosCyberpunk_all/CocosCyberpunk\Assets不存在。

2024-11-28 21:06:01,976 - INFO Retriever 0 - 
2024-11-28 21:06:01,977 - INFO Retriever 0 - ——————————————————————————————————————————————————————————————————————————————————————————————————————————————————————————
2024-11-28 21:06:01,978 - INFO Retriever 0 - Assistant:
2024-11-28 21:06:02,136 - INFO Retriever 0 - {
    "deep_think": {
        "thoughts": "在获取了项目文件的顶层结构后，我还需要结合待查询的问题描述，对于项目中的文件和目录进行一些深度关键词检索。根据任务描述：“请在D:/my_file/MyFile/YunSi/Project/Games/Cocos/CocosCyberpunk_all/CocosCyberpunk\\Assets下各级目录中寻找：这个项目中关于游戏时间长度限制的设置是在哪里实现的？”，我总结出如下可能会出现在各个文件名或者文件内容中的关键词：“['length', '长度', 'time', '限制', '时间', 'limitation', 'hour']”，“['length', '长度', 'time', '限制', '时间', 'limitation', 'hour']”，“['length', '长度', 'time', '限制', '时间', 'limitation', 'hour']”。\n接下来，我将使用retrieve_keywords操作，在项目顶层路径“D:/my_file/MyFile/YunSi/Project/Games/Cocos/CocosCyberpunk_all/CocosCyberpunk\\Assets”下检索这些关键词，从而大致把握可能与问题描述相关的文件或目录的路径。"
    }
}
2024-11-28 21:06:02,139 - INFO Retriever 0 - 
Observer:
2024-11-28 21:06:02,141 - INFO Retriever 0 - 好的，请继续你的下一步行动或思考。
2024-11-28 21:06:02,161 - INFO Retriever 0 - 
2024-11-28 21:06:02,301 - INFO Retriever 0 - ——————————————————————————————————————————————————————————————————————————————————————————————————————————————————————————
2024-11-28 21:06:02,302 - INFO Retriever 0 - Assistant:
2024-11-28 21:06:02,304 - INFO Retriever 0 - {
    "retrieve_keywords": {
        "keyword_list": [
            [
                "length",
                "长度",
                "time",
                "限制",
                "时间",
                "limitation",
                "hour"
            ],
            [
                "length",
                "长度",
                "time",
                "限制",
                "时间",
                "limitation",
                "hour"
            ],
            [
                "length",
                "长度",
                "time",
                "限制",
                "时间",
                "limitation",
                "hour"
            ]
        ]
    }
}
2024-11-28 21:06:02,305 - INFO Retriever 0 - 
Observer:
2024-11-28 21:06:02,307 - INFO Retriever 0 - 文件一：
    * 文件绝对路径：D:/my_file/MyFile/YunSi/Project/Games/Cocos/CocosCyberpunk_all/CocosCyberpunk\assets\scripts\core\ik\ik-bone.ts
    * 文件内容概述：该脚本定义了`Bone`类，用于表示骨骼并管理其旋转和位置，包含长度、轴和节点等属性，并提供了`swing`方法来调整骨骼旋转，以及`static solverSwing`方法对一系列骨骼进行旋转调整。
    * 是否与问题相关：否
    * 具体分析：该文件主要涉及骨骼的旋转和位置调整，与游戏时间长度限制的设置无关。

文件二：
    * 文件绝对路径：D:/my_file/MyFile/YunSi/Project/Games/Cocos/CocosCyberpunk_all/CocosCyberpunk\assets\scripts\logic\effect\fx-bullet-tracer.ts
    * 文件内容概述：该脚本负责生成子弹轨迹效果，通过初始化节点池和监听事件来管理轨迹节点，主要功能模块包括初始化节点池、生成轨迹、管理节点复用以及延迟隐藏轨迹。
    * 是否与问题相关：否
    * 具体分析：该文件主要涉及子弹轨迹效果的生成和管理，与游戏时间长度限制的设置无关。

文件三：
    * 文件绝对路径：D:/my_file/MyFile/YunSi/Project/Games/Cocos/CocosCyberpunk_all/CocosCyberpunk\temp\programming\packer-driver\targets\preview\chunks\13\1302255585257fd4214c351c8234c02a6e71f61b.js
    * 文件内容概述：该脚本是一个Cocos Creator框架下的TypeScript模块，提供一系列3D空间数学和几何工具，包括角度与弧度转换、数值限制、插值、空间转换、距离计算、向量操作等。
    * 是否与问题相关：否
    * 具体分析：该文件主要涉及3D空间数学和几何工具，与游戏时间长度限制的设置无关。

文件四：
    * 文件绝对路径：D:/my_file/MyFile/YunSi/Project/Games/Cocos/CocosCyberpunk_all/CocosCyberpunk\extensions\pipeline\pipeline\utils\orbit-camera.ts
    * 文件内容概述：该脚本是一个Cocos Creator组件，用于实现环绕相机功能，包含初始化设置、触摸事件处理、旋转范围限制和平滑更新逻辑。
    * 是否与问题相关：否
    * 具体分析：该文件主要涉及环绕相机功能的实现，与游戏时间长度限制的设置无关。

根据以上分析，检索到的文件都与游戏时间长度限制的设置无关。
2024-11-28 21:06:02,309 - INFO Retriever 0 - 
2024-11-28 21:06:09,186 - INFO Retriever 0 - Agent主脑给出的回答为：{
    "deep_think": {
        "thoughts": "根据目前检索到的文件信息，似乎没有直接相关的文件涉及到游戏时间长度限制的设置。考虑到游戏时间长度限制可能是在游戏的配置文件或者特定的脚本中设置，我需要进一步检查项目中的配置文件和脚本文件。\n\n我注意到在Unity项目中，配置信息有时会存储在.asset文件中。因此，我需要检查是否存在相关的.asset文件，这些文件可能包含游戏的配置信息。\n\n接下来，我将使用get_folder_info操作来获取项目中可能包含配置信息的目录和文件的列表，特别是检查是否存在名为'Config'、'Settings'或类似名称的文件夹或文件。"
    }
}
2024-11-28 21:06:09,187 - INFO Retriever 0 - 是否成功解析：True
2024-11-28 21:06:09,187 - INFO Retriever 0 - operation_type (__det_dir_action):
2024-11-28 21:06:09,187 - INFO Retriever 0 - deep_think
2024-11-28 21:06:09,188 - INFO Retriever 0 - 

——————————————————————————————————————————————————————————————————————————————————————————————————————————————————————————
2024-11-28 21:06:09,188 - INFO Retriever 0 - Assistant:
2024-11-28 21:06:09,188 - INFO Retriever 0 - {
    "deep_think": {
        "thoughts": "根据目前检索到的文件信息，似乎没有直接相关的文件涉及到游戏时间长度限制的设置。考虑到游戏时间长度限制可能是在游戏的配置文件或者特定的脚本中设置，我需要进一步检查项目中的配置文件和脚本文件。\n\n我注意到在Unity项目中，配置信息有时会存储在.asset文件中。因此，我需要检查是否存在相关的.asset文件，这些文件可能包含游戏的配置信息。\n\n接下来，我将使用get_folder_info操作来获取项目中可能包含配置信息的目录和文件的列表，特别是检查是否存在名为'Config'、'Settings'或类似名称的文件夹或文件。"
    }
}
2024-11-28 21:06:09,189 - INFO Retriever 0 - dict_keys(['deep_think'])
2024-11-28 21:06:09,189 - INFO Retriever 0 - Agent主脑给出的行动：deep_think
参数：{'thoughts': "根据目前检索到的文件信息，似乎没有直接相关的文件涉及到游戏时间长度限制的设置。考虑到游戏时间长度限制可能是在游戏的配置文件或者特定的脚本中设置，我需要进一步检查项目中的配置文件和脚本文件。\n\n我注意到在Unity项目中，配置信息有时会存储在.asset文件中。因此，我需要检查是否存在相关的.asset文件，这些文件可能包含游戏的配置信息。\n\n接下来，我将使用get_folder_info操作来获取项目中可能包含配置信息的目录和文件的列表，特别是检查是否存在名为'Config'、'Settings'或类似名称的文件夹或文件。", 'repeat_counter': 1, 'continue_think_counter': 1}
2024-11-28 21:06:09,189 - INFO Retriever 0 - Observer: 好的，请继续你的下一步行动或思考。
2024-11-28 21:06:09,190 - INFO Retriever 0 - 

————————————————————————————————————————————————————————————————
2024-11-28 21:06:09,191 - INFO Retriever 0 - 当前窗口总长度：11
2024-11-28 21:06:09,191 - INFO Retriever 0 - 当前更新窗口长度：2
2024-11-28 21:06:09,191 - INFO Retriever 0 - 当前更新窗口长度：2
2024-11-28 21:06:09,191 - INFO Retriever 0 - ————————————————————————————————————————————————————————————————


2024-11-28 21:06:12,758 - INFO Retriever 0 - Agent主脑给出的回答为：{
    "get_folder_info": {
        "target_folder_path": "D:/my_file/MyFile/YunSi/Project/Games/Cocos/CocosCyberpunk_all/CocosCyberpunk\\Assets"
    }
}
2024-11-28 21:06:12,758 - INFO Retriever 0 - 是否成功解析：True
2024-11-28 21:06:12,759 - INFO Retriever 0 - operation_type (__det_dir_action):
2024-11-28 21:06:12,759 - INFO Retriever 0 - get_folder_info
2024-11-28 21:06:12,759 - INFO Retriever 0 - 

——————————————————————————————————————————————————————————————————————————————————————————————————————————————————————————
2024-11-28 21:06:12,759 - INFO Retriever 0 - Assistant:
2024-11-28 21:06:12,759 - INFO Retriever 0 - {
    "get_folder_info": {
        "target_folder_path": "D:/my_file/MyFile/YunSi/Project/Games/Cocos/CocosCyberpunk_all/CocosCyberpunk\\Assets"
    }
}
2024-11-28 21:06:12,760 - INFO Retriever 0 - dict_keys(['get_folder_info'])
2024-11-28 21:06:12,760 - INFO Retriever 0 - Agent主脑给出的行动：get_folder_info
参数：{'target_folder_path': 'D:/my_file/MyFile/YunSi/Project/Games/Cocos/CocosCyberpunk_all/CocosCyberpunk\\Assets'}
2024-11-28 21:06:12,911 - INFO Retriever 0 - Observer: 目标路径D:/my_file/MyFile/YunSi/Project/Games/Cocos/CocosCyberpunk_all/CocosCyberpunk\Assets不存在。

2024-11-28 21:06:12,913 - INFO Retriever 0 - 

————————————————————————————————————————————————————————————————
2024-11-28 21:06:12,913 - INFO Retriever 0 - 当前窗口总长度：13
2024-11-28 21:06:12,913 - INFO Retriever 0 - 当前更新窗口长度：4
2024-11-28 21:06:12,913 - INFO Retriever 0 - 当前更新窗口长度：4
2024-11-28 21:06:12,913 - INFO Retriever 0 - ————————————————————————————————————————————————————————————————


2024-11-28 21:06:17,471 - INFO Retriever 0 - Agent主脑给出的回答为：{
    "deep_think": {
        "thoughts": "似乎我一直在尝试访问一个不存在的路径。这可能是因为路径输入错误或者项目文件实际上位于其他位置。为了解决这个问题，我需要确认正确的项目文件夹路径。\n\n我将停止当前的操作，并向用户提供一个消息，要求他们确认或提供正确的项目文件夹路径。"
    }
}
2024-11-28 21:06:17,471 - INFO Retriever 0 - 是否成功解析：True
2024-11-28 21:06:17,472 - INFO Retriever 0 - operation_type (__det_dir_action):
2024-11-28 21:06:17,472 - INFO Retriever 0 - deep_think
2024-11-28 21:06:17,472 - INFO Retriever 0 - 

——————————————————————————————————————————————————————————————————————————————————————————————————————————————————————————
2024-11-28 21:06:17,472 - INFO Retriever 0 - Assistant:
2024-11-28 21:06:17,473 - INFO Retriever 0 - {
    "deep_think": {
        "thoughts": "似乎我一直在尝试访问一个不存在的路径。这可能是因为路径输入错误或者项目文件实际上位于其他位置。为了解决这个问题，我需要确认正确的项目文件夹路径。\n\n我将停止当前的操作，并向用户提供一个消息，要求他们确认或提供正确的项目文件夹路径。"
    }
}
2024-11-28 21:06:17,473 - INFO Retriever 0 - dict_keys(['deep_think'])
2024-11-28 21:06:17,473 - INFO Retriever 0 - Agent主脑给出的行动：deep_think
参数：{'thoughts': '似乎我一直在尝试访问一个不存在的路径。这可能是因为路径输入错误或者项目文件实际上位于其他位置。为了解决这个问题，我需要确认正确的项目文件夹路径。\n\n我将停止当前的操作，并向用户提供一个消息，要求他们确认或提供正确的项目文件夹路径。', 'repeat_counter': 1, 'continue_think_counter': 1}
2024-11-28 21:06:17,474 - INFO Retriever 0 - Observer: 好的，请继续你的下一步行动或思考。
2024-11-28 21:06:17,475 - INFO Retriever 0 - 

————————————————————————————————————————————————————————————————
2024-11-28 21:06:17,475 - INFO Retriever 0 - 当前窗口总长度：15
2024-11-28 21:06:17,475 - INFO Retriever 0 - 当前更新窗口长度：6
2024-11-28 21:06:17,475 - INFO Retriever 0 - 当前更新窗口长度：6
2024-11-28 21:06:17,476 - INFO Retriever 0 - ————————————————————————————————————————————————————————————————


2024-11-28 21:06:20,564 - INFO Retriever 0 - Agent主脑给出的回答为：{"finish": "我无法继续执行任务，因为目标路径不存在。请确认并提供正确的项目文件夹路径，以便我能够继续查找关于游戏时间长度限制的设置。"}
2024-11-28 21:06:20,564 - INFO Retriever 0 - 是否成功解析：True
2024-11-28 21:06:20,564 - INFO Retriever 0 - operation_type (__det_dir_action):
2024-11-28 21:06:20,564 - INFO Retriever 0 - finish
2024-11-28 21:06:20,564 - INFO Retriever 0 - 

——————————————————————————————————————————————————————————————————————————————————————————————————————————————————————————
2024-11-28 21:06:20,565 - INFO Retriever 0 - Assistant:
2024-11-28 21:06:20,565 - INFO Retriever 0 - {"finish": "我无法继续执行任务，因为目标路径不存在。请确认并提供正确的项目文件夹路径，以便我能够继续查找关于游戏时间长度限制的设置。"}
2024-11-28 21:06:20,565 - INFO Retriever 0 - dict_keys(['finish'])
2024-11-28 21:06:20,565 - INFO Retriever 0 - ——————————————————————————————————— 任务结束 ———————————————————————————————————
2024-11-28 21:06:20,565 - INFO Retriever 0 - 

————————————————————————————————————————————————————————————————
2024-11-28 21:06:20,566 - INFO Retriever 0 - 当前窗口总长度：15
2024-11-28 21:06:20,566 - INFO Retriever 0 - 当前更新窗口长度：6
2024-11-28 21:06:20,566 - INFO Retriever 0 - 当前更新窗口长度：6
2024-11-28 21:06:20,566 - INFO Retriever 0 - ————————————————————————————————————————————————————————————————


2024-11-28 21:06:37,633 - INFO Retriever 0 - -------------------------Task Report-----------------------
2024-11-28 21:06:37,633 - INFO Retriever 0 - * 文件一：
    * 文件绝对路径：D:/my_file/MyFile/YunSi/Project/Games/Cocos/CocosCyberpunk_all/CocosCyberpunk\assets\scripts\core\ik\ik-bone.ts
    * 文件内容概述：该脚本定义了`Bone`类，用于表示骨骼并管理其旋转和位置，包含长度、轴和节点等属性，并提供了`swing`方法来调整骨骼旋转，以及`static solverSwing`方法对一系列骨骼进行旋转调整。
    * 该文件与问题目标之间的关联性：该文件与游戏时间长度限制的设置无关，因为它主要处理的是骨骼动画相关的功能。

* 文件二：
    * 文件绝对路径：D:/my_file/MyFile/YunSi/Project/Games/Cocos/CocosCyberpunk_all/CocosCyberpunk\assets\scripts\logic\effect\fx-bullet-tracer.ts
    * 文件内容概述：该脚本负责生成子弹轨迹效果，通过初始化节点池和监听事件来管理轨迹节点，主要功能模块包括初始化节点池、生成轨迹、管理节点复用以及延迟隐藏轨迹。
    * 该文件与问题目标之间的关联性：该文件与游戏时间长度限制的设置无关，它主要涉及子弹轨迹效果的实现。

* 文件三：
    * 文件绝对路径：D:/my_file/MyFile/YunSi/Project/Games/Cocos/CocosCyberpunk_all/CocosCyberpunk\temp\programming\packer-driver\targets\preview\chunks\13\1302255585257fd4214c351c8234c02a6e71f61b.js
    * 文件内容概述：该脚本是一个Cocos Creator框架下的TypeScript模块，提供一系列3D空间数学和几何工具，包括角度与弧度转换、数值限制、插值、空间转换、距离计算、向量操作等。
    * 该文件与问题目标之间的关联性：该文件与游戏时间长度限制的设置无关，它主要提供了一些数学和几何工具。

* 文件四：
    * 文件绝对路径：D:/my_file/MyFile/YunSi/Project/Games/Cocos/CocosCyberpunk_all/CocosCyberpunk\extensions\pipeline\pipeline\utils\orbit-camera.ts
    * 文件内容概述：该脚本是一个Cocos Creator组件，用于实现环绕相机功能，包含初始化设置、触摸事件处理、旋转范围限制和平滑更新逻辑。
    * 该文件与问题目标之间的关联性：该文件与游戏时间长度限制的设置无关，它主要处理的是环绕相机功能的实现。

在本次项目文件搜索过程中，没有找到与游戏时间长度限制的设置直接相关的文件。可能是因为相关的设置位于其他未检查的文件中，或者使用了不同的关键词。需要进一步的信息来定位相关的配置文件或脚本。
2024-11-28 21:06:37,634 - INFO Retriever 0 - 
Token Consuming:13588

2024-11-28 21:06:37,634 - INFO Retriever 0 - 
history rounds:8

