2024-11-28 21:05:53,795 - INFO Retriever 0 - Init Retriever.
2024-11-28 21:06:01,831 - INFO Retriever 0 - keywords:“['length', '长度', 'time', '限制', '时间', 'limitation', 'hour']”，“['length', '长度', 'time', '限制', '时间', 'limitation', 'hour']”，“['length', '长度', 'time', '限制', '时间', 'limitation', 'hour']”
2024-11-28 21:06:01,976 - INFO Retriever 0 - deep_think_conent
:在获取了项目文件的顶层结构后，我还需要结合待查询的问题描述，对于项目中的文件和目录进行一些深度关键词检索。根据任务描述：“请在D:/my_file/MyFile/YunSi/Project/Games/Cocos/CocosCyberpunk_all/CocosCyberpunk\Assets下各级目录中寻找：这个项目中关于游戏时间长度限制的设置是在哪里实现的？”，我总结出如下可能会出现在各个文件名或者文件内容中的关键词：“['length', '长度', 'time', '限制', '时间', 'limitation', 'hour']”，“['length', '长度', 'time', '限制', '时间', 'limitation', 'hour']”，“['length', '长度', 'time', '限制', '时间', 'limitation', 'hour']”。
接下来，我将使用retrieve_keywords操作，在项目顶层路径“D:/my_file/MyFile/YunSi/Project/Games/Cocos/CocosCyberpunk_all/CocosCyberpunk\Assets”下检索这些关键词，从而大致把握可能与问题描述相关的文件或目录的路径。
2024-11-28 21:06:02,082 - INFO Retriever 0 - ——————————————————————————————————————————————————————————————————————————————————————————————————————————————————————————
2024-11-28 21:06:02,136 - INFO Retriever 0 - Assistant:
2024-11-28 21:06:02,138 - INFO Retriever 0 - {
    "deep_think": {
        "thoughts": "好的，接下来我将通过深度思考、仔细计划以及逐步执行的方式，来完成该任务。\n\n首先，在阅读详细的代码细节之前，应该先整体把握整个项目。\n\n在提供的可选的action中，可以通过get_folder_info操作，通过将项目顶层路径作为target_folder_path参数进行传入，来获取获取项目中主要文件夹和主要文件的描述，从而能够先大致把握项目文件的主要文件的文件树结构、基本内容、主要代码概述以及大致功能板块的分布。"
    }
}
2024-11-28 21:06:02,139 - INFO Retriever 0 - 
Observer:
2024-11-28 21:06:02,141 - INFO Retriever 0 - 好的，请继续你的下一步行动或思考。
2024-11-28 21:06:02,141 - INFO Retriever 0 - 
2024-11-28 21:06:02,300 - INFO Retriever 0 - ——————————————————————————————————————————————————————————————————————————————————————————————————————————————————————————
2024-11-28 21:06:02,301 - INFO Retriever 0 - Assistant:
2024-11-28 21:06:02,301 - INFO Retriever 0 - {
    "get_folder_info": {
        "target_folder_path": "D:/my_file/MyFile/YunSi/Project/Games/Cocos/CocosCyberpunk_all/CocosCyberpunk\\Assets"
    }
}
2024-11-28 21:06:02,303 - INFO Retriever 0 - 
Observer:
2024-11-28 21:06:02,305 - INFO Retriever 0 - 目标路径D:/my_file/MyFile/YunSi/Project/Games/Cocos/CocosCyberpunk_all/CocosCyberpunk\Assets不存在。

2024-11-28 21:06:02,306 - INFO Retriever 0 - 
2024-11-28 21:06:02,307 - INFO Retriever 0 - ——————————————————————————————————————————————————————————————————————————————————————————————————————————————————————————
2024-11-28 21:06:02,311 - INFO Retriever 0 - Assistant:
2024-11-28 21:06:02,311 - INFO Retriever 0 - {
    "deep_think": {
        "thoughts": "在获取了项目文件的顶层结构后，我还需要结合待查询的问题描述，对于项目中的文件和目录进行一些深度关键词检索。根据任务描述：“请在D:/my_file/MyFile/YunSi/Project/Games/Cocos/CocosCyberpunk_all/CocosCyberpunk\\Assets下各级目录中寻找：这个项目中关于游戏时间长度限制的设置是在哪里实现的？”，我总结出如下可能会出现在各个文件名或者文件内容中的关键词：“['length', '长度', 'time', '限制', '时间', 'limitation', 'hour']”，“['length', '长度', 'time', '限制', '时间', 'limitation', 'hour']”，“['length', '长度', 'time', '限制', '时间', 'limitation', 'hour']”。\n接下来，我将使用retrieve_keywords操作，在项目顶层路径“D:/my_file/MyFile/YunSi/Project/Games/Cocos/CocosCyberpunk_all/CocosCyberpunk\\Assets”下检索这些关键词，从而大致把握可能与问题描述相关的文件或目录的路径。"
    }
}
2024-11-28 21:06:02,312 - INFO Retriever 0 - 
Observer:
2024-11-28 21:06:02,312 - INFO Retriever 0 - 好的，请继续你的下一步行动或思考。
2024-11-28 21:06:02,313 - INFO Retriever 0 - 
2024-11-28 21:06:02,315 - INFO Retriever 0 - ——————————————————————————————————————————————————————————————————————————————————————————————————————————————————————————
2024-11-28 21:06:02,315 - INFO Retriever 0 - Assistant:
2024-11-28 21:06:02,316 - INFO Retriever 0 - {
    "retrieve_keywords": {
        "keyword_list": [
            [
                "length",
                "长度",
                "time",
                "限制",
                "时间",
                "limitation",
                "hour"
            ],
            [
                "length",
                "长度",
                "time",
                "限制",
                "时间",
                "limitation",
                "hour"
            ],
            [
                "length",
                "长度",
                "time",
                "限制",
                "时间",
                "limitation",
                "hour"
            ]
        ]
    }
}
2024-11-28 21:06:02,318 - INFO Retriever 0 - 
Observer:
2024-11-28 21:06:02,318 - INFO Retriever 0 - 文件一：
    * 文件绝对路径：D:/my_file/MyFile/YunSi/Project/Games/Cocos/CocosCyberpunk_all/CocosCyberpunk\assets\scripts\core\ik\ik-bone.ts
    * 文件内容概述：该脚本定义了`Bone`类，用于表示骨骼并管理其旋转和位置，包含长度、轴和节点等属性，并提供了`swing`方法来调整骨骼旋转，以及`static solverSwing`方法对一系列骨骼进行旋转调整。
    * 是否与问题相关：否
    * 具体分析：该文件主要涉及骨骼的旋转和位置调整，与游戏时间长度限制的设置无关。

文件二：
    * 文件绝对路径：D:/my_file/MyFile/YunSi/Project/Games/Cocos/CocosCyberpunk_all/CocosCyberpunk\assets\scripts\logic\effect\fx-bullet-tracer.ts
    * 文件内容概述：该脚本负责生成子弹轨迹效果，通过初始化节点池和监听事件来管理轨迹节点，主要功能模块包括初始化节点池、生成轨迹、管理节点复用以及延迟隐藏轨迹。
    * 是否与问题相关：否
    * 具体分析：该文件主要涉及子弹轨迹效果的生成和管理，与游戏时间长度限制的设置无关。

文件三：
    * 文件绝对路径：D:/my_file/MyFile/YunSi/Project/Games/Cocos/CocosCyberpunk_all/CocosCyberpunk\temp\programming\packer-driver\targets\preview\chunks\13\1302255585257fd4214c351c8234c02a6e71f61b.js
    * 文件内容概述：该脚本是一个Cocos Creator框架下的TypeScript模块，提供一系列3D空间数学和几何工具，包括角度与弧度转换、数值限制、插值、空间转换、距离计算、向量操作等。
    * 是否与问题相关：否
    * 具体分析：该文件主要涉及3D空间数学和几何工具，与游戏时间长度限制的设置无关。

文件四：
    * 文件绝对路径：D:/my_file/MyFile/YunSi/Project/Games/Cocos/CocosCyberpunk_all/CocosCyberpunk\extensions\pipeline\pipeline\utils\orbit-camera.ts
    * 文件内容概述：该脚本是一个Cocos Creator组件，用于实现环绕相机功能，包含初始化设置、触摸事件处理、旋转范围限制和平滑更新逻辑。
    * 是否与问题相关：否
    * 具体分析：该文件主要涉及环绕相机功能的实现，与游戏时间长度限制的设置无关。

根据以上分析，检索到的文件都与游戏时间长度限制的设置无关。
2024-11-28 21:06:02,319 - INFO Retriever 0 - 
2024-11-28 21:06:08,911 - INFO Retriever 0 - Agent主脑给出的回答为：{
    "deep_think": {
        "thoughts": "根据目前检索到的文件信息，似乎没有直接相关的文件涉及到游戏时间长度限制的设置。这可能意味着相关的设置不是在单独的脚本文件中实现的，而是在项目的配置文件或者是在编辑器中直接设置的。考虑到这一点，我需要检查项目是否有相关的配置文件，比如可能存在的asset文件，或者检查是否有相关的编辑器设置。接下来，我将尝试寻找项目中可能包含此类设置的文件，例如检查是否有名为'GameConfig'或类似名称的asset文件。"
    }
}
2024-11-28 21:06:08,911 - INFO Retriever 0 - 是否成功解析：True
2024-11-28 21:06:08,911 - INFO Retriever 0 - operation_type (__det_dir_action):
2024-11-28 21:06:08,911 - INFO Retriever 0 - deep_think
2024-11-28 21:06:08,912 - INFO Retriever 0 - 

——————————————————————————————————————————————————————————————————————————————————————————————————————————————————————————
2024-11-28 21:06:08,912 - INFO Retriever 0 - Assistant:
2024-11-28 21:06:08,912 - INFO Retriever 0 - {
    "deep_think": {
        "thoughts": "根据目前检索到的文件信息，似乎没有直接相关的文件涉及到游戏时间长度限制的设置。这可能意味着相关的设置不是在单独的脚本文件中实现的，而是在项目的配置文件或者是在编辑器中直接设置的。考虑到这一点，我需要检查项目是否有相关的配置文件，比如可能存在的asset文件，或者检查是否有相关的编辑器设置。接下来，我将尝试寻找项目中可能包含此类设置的文件，例如检查是否有名为'GameConfig'或类似名称的asset文件。"
    }
}
2024-11-28 21:06:08,912 - INFO Retriever 0 - dict_keys(['deep_think'])
2024-11-28 21:06:08,913 - INFO Retriever 0 - Agent主脑给出的行动：deep_think
参数：{'thoughts': "根据目前检索到的文件信息，似乎没有直接相关的文件涉及到游戏时间长度限制的设置。这可能意味着相关的设置不是在单独的脚本文件中实现的，而是在项目的配置文件或者是在编辑器中直接设置的。考虑到这一点，我需要检查项目是否有相关的配置文件，比如可能存在的asset文件，或者检查是否有相关的编辑器设置。接下来，我将尝试寻找项目中可能包含此类设置的文件，例如检查是否有名为'GameConfig'或类似名称的asset文件。", 'repeat_counter': 1, 'continue_think_counter': 1}
2024-11-28 21:06:08,913 - INFO Retriever 0 - Observer: 好的，请继续你的下一步行动或思考。
2024-11-28 21:06:08,914 - INFO Retriever 0 - 

————————————————————————————————————————————————————————————————
2024-11-28 21:06:08,915 - INFO Retriever 0 - 当前窗口总长度：11
2024-11-28 21:06:08,915 - INFO Retriever 0 - 当前更新窗口长度：2
2024-11-28 21:06:08,915 - INFO Retriever 0 - 当前更新窗口长度：2
2024-11-28 21:06:08,915 - INFO Retriever 0 - ————————————————————————————————————————————————————————————————


2024-11-28 21:06:12,382 - INFO Retriever 0 - Agent主脑给出的回答为：{
    "retrieve_keywords": {
        "keyword_list": [
            ["GameConfig", "游戏配置", "配置文件", "settings", "设置"]
        ]
    }
}
2024-11-28 21:06:12,382 - INFO Retriever 0 - 是否成功解析：True
2024-11-28 21:06:12,382 - INFO Retriever 0 - operation_type (__det_dir_action):
2024-11-28 21:06:12,382 - INFO Retriever 0 - retrieve_keywords
2024-11-28 21:06:12,383 - INFO Retriever 0 - 

——————————————————————————————————————————————————————————————————————————————————————————————————————————————————————————
2024-11-28 21:06:12,383 - INFO Retriever 0 - Assistant:
2024-11-28 21:06:12,383 - INFO Retriever 0 - {
    "retrieve_keywords": {
        "keyword_list": [
            ["GameConfig", "游戏配置", "配置文件", "settings", "设置"]
        ]
    }
}
2024-11-28 21:06:12,383 - INFO Retriever 0 - dict_keys(['retrieve_keywords'])
2024-11-28 21:06:12,383 - INFO Retriever 0 - Agent主脑给出的行动：retrieve_keywords
参数：{'keyword_list': [['GameConfig', '游戏配置', '配置文件', 'settings', '设置']]}
