2024-11-03 07:30:27,035 - INFO Retriever 0 - Init Retriever.
2024-11-03 07:32:09,486 - INFO Retriever 0 - keywords:“列表”，“shop”，“商店”，“数据”，“清单”，“data filling”，“shopping list”，“data”，“menu”，“list”，“store list”，“bill of fare”，“store”，“填充”，“主”，“商店列表”，“fill”，“fill in”，“菜单”，“master”，“数据填充”，“data population”
2024-11-03 07:32:09,503 - INFO Retriever 0 - deep_think_conent
:在获取了项目文件的顶层结构后，我还需要结合待查询的问题描述，对于项目中的文件和目录进行一些深度关键词检索。根据任务描述：“请在D:/Unity/Survaval\Assets下各级目录中寻找：游戏主菜单中商店列表数据填充在什么地方实现的？”，我总结出如下可能会出现在各个文件名或者文件内容中的关键词：“列表”，“shop”，“商店”，“数据”，“清单”，“data filling”，“shopping list”，“data”，“menu”，“list”，“store list”，“bill of fare”，“store”，“填充”，“主”，“商店列表”，“fill”，“fill in”，“菜单”，“master”，“数据填充”，“data population”。
接下来，我将使用retrieve_keywords操作，在项目顶层路径“D:/Unity/Survaval\Assets”下检索这些关键词，从而大致把握可能与问题描述相关的文件或目录的路径。
2024-11-03 07:32:09,572 - INFO Retriever 0 - ——————————————————————————————————————————————————————————————————————————————————————————————————————————————————————————
2024-11-03 07:32:09,582 - INFO Retriever 0 - Assistant:
2024-11-03 07:32:09,583 - INFO Retriever 0 - {
    "deep_think": {
        "thoughts": "好的，接下来我将通过深度思考、仔细计划以及逐步执行的方式，来完成该任务。\n\n首先，在阅读详细的代码细节之前，应该先整体把握整个项目。\n\n在提供的可选的action中，可以通过get_folder_info操作，通过将项目顶层路径作为target_folder_path参数进行传入，来获取获取项目中主要文件夹和主要文件的描述，从而能够先大致把握项目文件的主要文件的文件树结构、基本内容、主要代码概述以及大致功能板块的分布。"
    }
}
2024-11-03 07:32:09,586 - INFO Retriever 0 - 
Observer:
2024-11-03 07:32:09,597 - INFO Retriever 0 - 好的，请继续你的下一步行动或思考。
2024-11-03 07:32:09,599 - INFO Retriever 0 - 
2024-11-03 07:32:11,504 - INFO Retriever 0 - ——————————————————————————————————————————————————————————————————————————————————————————————————————————————————————————
2024-11-03 07:32:11,546 - INFO Retriever 0 - Assistant:
2024-11-03 07:32:11,548 - INFO Retriever 0 - {
    "get_folder_info": {
        "target_folder_path": "D:/Unity/Survaval\\Assets"
    }
}
2024-11-03 07:32:11,564 - INFO Retriever 0 - 
Observer:
2024-11-03 07:32:11,572 - INFO Retriever 0 - 目标文件夹路径：D:/Unity/Survaval\Assets
文件结构树（该结构树可能不完整，仅返回深度小于等于1层的子文件以及文件夹）：
├── AddressableAssetsData
│   ├── AddressableAssetSettings.asset
│   ├── Android
│   ├── AssetGroupTemplates
│   ├── AssetGroups
│   ├── DataBuilders
│   ├── DefaultObject.asset
│   ├── iOS
├── AmplifyShaderEditor
│   ├── AmplifyShaderEditor.asmdef
│   ├── ChangeLog.txt
│   ├── CreatingTerrainsWithASE.txt
│   ├── Plugins
│   ├── Readme.txt
├── BlobHashMaps
│   ├── BlobBuilderExtensions.cs
│   ├── BlobHashMap.cs
│   ├── BlobHashMapIntInt.cs
│   ├── BlobHashMaps.asmdef
│   ├── BlobMultiHashMap.cs
│   ├── Data
├── BuildReport
│   ├── CustomBuildScriptExample.txt
│   ├── GUI
│   ├── README.txt
│   ├── Scripts
│   ├── VERSION.txt
│   ├── license.txt
├── CapturePath
├── DamageNumbersPro
│   ├── DamageNumbersPro.asmdef
│   ├── Documentation.url
│   ├── Editor
│   ├── Fonts
│   ├── Materials
│   ├── Scripts
├── Editor
│   ├── ChannelSetting.cs
│   ├── OrbiteExtenedEditor.cs
│   ├── Resources
│   ├── ShaderStripSettings
├── Editor Default Resources
│   ├── MasterAudio
├── EnhancedScroller v2
│   ├── ChangeLog.txt
│   ├── Documentation
│   ├── Plugins
│   ├── Tutorials
│   ├── readme.txt
│   ├── upgrading from 1.x to 2.x.txt
├── FlockBox
│   ├── Classic
│   ├── DOTS
│   ├── Flock Box Manual.pdf
├── Gizmos
│   ├── MasterAudio
├── Magic Spells Sound Effects V2.0
│   ├── Casting Loops
│   ├── Element Scholls
│   ├── General Spell
│   ├── Medieval Combat Sounds BONUS
│   ├── Special Attack
├── Pixel Arsenal
│   ├── Demo
│   ├── Materials
│   ...
│   ├── Textures
├── Plugins
│   ├── Android
│   ├── DarkTonic
│   ├── Demigiant
│   ├── Editor
│   ├── RelationsInspector
│   ├── Sirenix
│   ├── iOS
├── RPG Icons Pixel Art
│   ├── Aeromancer
│   ├── Alchemy1
│   ...
│   ├── Сrossbowman
├── Resources
│   ├── DOTweenSettings.asset
│   ├── MasterAudio
├── SPUM
│   ├── MonsterOrc_Prefabs
│   ├── MonsterUndeadPrefabs
│   ...
│   ├── Sprite_SheetExporter(Beta)
├── StreamingAssets
├── TextMesh Pro
│   ├── Documentation
│   ├── Fonts
│   ├── Resources
│   ├── Shaders
│   ├── Sprites
├── UniversalRenderPipelineGlobalSettings.asset
├── VirtualButtonsForUnity
│   ├── VirtualButtonsForUnity
├── YouLoftSDK
│   ├── PottingMobileSDK
│   ├── PottingMobileServices
│   ...
│   ├── YouloftTemp.cs
├── ZTools
│   ├── GlobalStringBuilder.cs
│   ├── Localization
│   ├── ZTools.asmdef
├── _MyAssets
│   ├── Animations
│   ├── ArtAssets
│   ...
│   ├── URPSettings


其中，部分主要文件及文件夹的信息如下：
1. Assets
# 路径:D:\\Unity\\Survaval\Assets
# 内容概述:“UniversalRenderPipelineGlobalSettings.asset”文件是Unity项目中用于配置通用渲染管道（URP）全局设置的资产。它涵盖了光照模式、阴影质量、后处理效果以及性能优化等关键设置，如光照层配置、阴影质量选择和后处理效果启用，旨在平衡视觉效果与性能表现，以适应不同游戏的需求。

2. AddressableAssetsData
# 路径:D:\\Unity\\Survaval\Assets\AddressableAssetsData
# 内容概述:### 文件夹内容简述

“AddressableAssetsData”文件夹汇集了Unity游戏开发所需的资源管理和配置文件。其中，Android和iOS子文件夹分别管理针对各自平台的资源状态。AssetGroups和AssetGroupTemplates子文件夹则专注于资源打包和内容更新配置，而DataBuilders子文件夹提供了资源管理和场景加载的脚本配置。此外，AddressableAssetSettings.asset文件负责资源加载和优化全局设置，而DefaultObject.asset则定义了Unity脚本组件的配置。整体而言，这些文件共同构成了游戏资源高效管理和优化的框架。

3. AmplifyShaderEditor
# 路径:D:\\Unity\\Survaval\Assets\AmplifyShaderEditor
# 内容概述:“AmplifyShaderEditor”文件夹汇集了Unity游戏开发中Amplify Shader Editor插件的核心组件与资源，包括编辑器脚本、界面资源、版本更新日志和使用指南。其中，“Editor”子文件夹承载着插件的核心逻辑和操作界面，而“EditorResources”则提供了图形用户界面和渲染资源。更新日志“ChangeLog.txt”详细记录了插件的功能迭代和问题修复，而“CreatingTerrainsWithASE.txt”则指导用户如何利用ASE创建地形着色器。遗憾的是，“Readme.txt”因编码错误无法读取，但预计包含插件的基本使用说明。

4. BlobHashMaps
# 路径:D:\\Unity\\Survaval\Assets\BlobHashMaps
# 内容概述:“BlobHashMaps”文件夹汇集了针对Unity游戏引擎优化的数据结构脚本，包括BlobHashMap和BlobMultiHashMap的实现。核心文件如BlobBuilderHashMapData.cs和BlobHashMapData.cs定义了HashMap和只读哈希表，BlobBuilderExtensions.cs扩展了BlobHashMap功能，BlobHashMap.cs和BlobHashMapIntInt.cs则提供了更丰富的操作和构建器功能。BlobHashMaps.asmdef文件定义了模块依赖，而BlobMultiHashMap.cs引入了多哈希映射支持，共同构成了一个高效的数据管理工具集。

5. BuildReport
# 路径:D:\\Unity\\Survaval\Assets\BuildReport
# 内容概述:“BuildReport”文件夹汇集了Unity游戏引擎的构建报告工具及相关资源，包括UI设计资源（如BRTSkin、NativeSkin和NativeSkinExtraIcons）、自动化构建脚本（如CustomBuildScriptExample.txt）和编辑器脚本（位于Scripts/Editor）。此外，它还包含定义特定窗口样式的皮肤文件（BuildReportWindow.guiskin和BuildReportWindowDark.guiskin），以及工具的许可证信息（license.txt）和使用说明（README.txt）。VERSION.txt文件记录了工具的版本更新历史，突出了新增功能和错误修复。

6. CapturePath
# 路径:D:\\Unity\\Survaval\Assets\CapturePath
# 内容概述:该文件夹内容为空。

7. DamageNumbersPro
# 路径:D:\\Unity\\Survaval\Assets\DamageNumbersPro
# 内容概述:“DamageNumbersPro”文件夹汇集了Unity游戏开发所需的资源，包括编辑器脚本、多种风格的字体、材质和游戏逻辑脚本。其中，编辑器脚本用于资源配置，字体和材质丰富了游戏视觉元素，而脚本集合则支撑了游戏的核心逻辑和交互。此外，汇编定义文件和文档链接文件提供了模块化开发和项目文档的便捷访问。

8. Editor
# 路径:D:\\Unity\\Survaval\Assets\Editor
# 内容概述:### 文件夹内容总结

“Editor”文件夹汇集了Unity项目开发所需的资源与工具。其中，**Resources**子文件夹提供游戏与动画设计的视觉素材，包括角色、场景元素和预制游戏单元。**ShaderStripSettings**包含提升渲染质量的Unity脚本组件，而**ChannelSetting.cs**脚本则用于管理不同渠道的SDK和项目配置。此外，**OrbiteExtenedEditor.cs**编辑器扩展脚本增强了文本编辑和屏幕截图功能，辅助设计和开发流程。整体上，这些资源与工具相互关联，共同服务于Unity项目的开发与优化。

9. Editor Default Resources
# 路径:D:\\Unity\\Survaval\Assets\Editor Default Resources
# 内容概述:“Editor Default Resources”文件夹汇集了多种音频处理相关的图标，包括播放、暂停、停止等控制图标，以及复制、删除、保存等操作图标，还有LED灯状态指示和扬声器图标等。这些图标共同服务于音频编辑和界面设计，为用户提供了直观的操作和状态指示。

10. EnhancedScroller v2
# 路径:D:\\Unity\\Survaval\Assets\EnhancedScroller v2
# 内容概述:该“EnhancedScroller v2”文件夹汇集了Unity游戏开发中EnhancedScroller插件的全面资源，包括用户手册、插件代码、教程和更新日志。用户手册详细介绍了插件的使用方法，插件代码则由组件、单元格视图和动画系统等组成，旨在提升UI开发效率。教程资源帮助开发者快速上手，而更新日志和升级指南则提供了插件版本间的变化和升级指导。

11. FlockBox
# 路径:D:\\Unity\\Survaval\Assets\FlockBox
# 内容概述:### 文件夹内容精简总结

“Flock Box”文件夹是Unity游戏开发项目，集成了视觉资源、游戏逻辑脚本和DOTS架构相关资源。其中，**Classic**子文件夹提供游戏场景、预制体和艺术资源，**DOTS**子文件夹则专注于DOTS架构的脚本和材料。项目手册“Flock Box Manual.pdf”详细介绍了项目结构、资源使用和开发指南，为开发者提供了全面的项目操作指导。

12. Gizmos
# 路径:D:\\Unity\\Survaval\Assets\Gizmos
# 内容概述:“Gizmos”文件夹汇集了音频处理相关的图标设计，包括“MasterAudio”品牌标识和“PlaylistController”播放列表控制功能的图标，旨在为音频软件界面提供视觉元素。

13. Magic Spells Sound Effects V2.0
# 路径:D:\\Unity\\Survaval\Assets\Magic Spells Sound Effects V2.0
# 内容概述:“Magic Spells Sound Effects V2.0”文件夹汇集了丰富的音效资源，包括循环施法音效、元素相关施法音效、通用魔法效果、中世纪战斗声音以及特定攻击音效。这些音效覆盖了从增益攻击到治疗，从施法到战斗动作，适用于游戏、影视等多媒体项目，且文件命名清晰，便于快速查找和使用。

14. Pixel Arsenal
# 路径:D:\\Unity\\Survaval\Assets\Pixel Arsenal
# 内容概述:“Pixel Arsenal”文件夹汇集了丰富的游戏开发资源，包括视觉素材（如天空盒和纹理）、预制体（如界面元素和特效）、场景素材、Unity脚本（用于游戏逻辑）和音频效果。这些资源相互关联，共同构建了游戏和视觉效果的基础，适用于Unity等游戏引擎。文件夹内的“ReadMe.txt”文件提供了资源使用指南和潜在的技术支持信息。

15. Plugins
# 路径:D:\\Unity\\Survaval\Assets\Plugins
# 内容概述:“Plugins”文件夹汇集了多平台游戏开发资源，包括Android应用开发工具、Unity游戏资源包如音频和网络同步插件，以及编辑器扩展和iOS应用开发组件。其中，Android子文件夹提供项目配置和第三方库；Unity相关资源如DarkTonic和Demigiant则专注于音频和网络同步，以及动画处理；Editor子文件夹增强Unity编辑器功能；iOS子文件夹涵盖性能监控和广告集成等iOS特有功能。这些资源相互关联，共同构建了一个全面的游戏开发环境。

16. Resources
# 路径:D:\\Unity\\Survaval\Assets\Resources
# 内容概述:### 文件夹内容总结

“Resources”文件夹汇集了Unity游戏项目的关键配置资源，包括“MasterAudioSettings.asset”用于音频处理和插件配置，以及“DOTweenSettings.asset”用于动画和缓动库的详细设置，两者共同确保游戏音效和动画的优化与流畅。

17. RPG Icons Pixel Art
# 路径:D:\\Unity\\Survaval\Assets\RPG Icons Pixel Art
# 内容概述:当然可以。以下是融合后的简短内容：

“Support contact.pdf”文件提供客户支持联系信息，包括电话、电子邮件和在线支持服务，并附有服务时间表、常见问题解答以及用户反馈表单，旨在为用户提供便捷的咨询与支持服务。

18. SPUM
# 路径:D:\\Unity\\Survaval\Assets\SPUM
# 内容概述:“SPUM”文件夹汇集了丰富的游戏开发资源，包括怪物与角色预制体、动画素材、图像资源、字体、材质以及Unity脚本等。它涵盖了从角色模型和动画到编辑器扩展和场景设置的全方位内容，旨在支持游戏开发、3D建模和动画制作项目。文件夹内不同子目录紧密关联，共同构成了一个完整的项目资源库。

19. StreamingAssets
# 路径:D:\\Unity\\Survaval\Assets\StreamingAssets
# 内容概述:“StreamingAssets”文件夹主要存储流媒体应用所需的资源，包括视频、音频和图像文件，以及相关的配置和脚本文件。该文件夹内部分为视频、音频、图像、配置和脚本等子文件夹，各自管理不同类型的媒体资源和播放逻辑配置，以确保资源的高效加载和流式传输。

20. TextMesh Pro
# 路径:D:\\Unity\\Survaval\Assets\TextMesh Pro
# 内容概述:该“TextMesh Pro”文件夹汇集了TextMesh Pro软件的用户指南、Liberation Sans字体资源、Unity项目资源包以及表情符号素材。其中，用户指南详细介绍了软件操作，Liberation Sans字体提供多种样式，Unity资源包包括字体、材质和精灵资产，着色器文件则专注于图形渲染，而表情符号资源则便于集成到项目中。这些内容相互关联，共同服务于游戏开发与图形设计的需求。

21. VirtualButtonsForUnity
# 路径:D:\\Unity\\Survaval\Assets\VirtualButtonsForUnity
# 内容概述:### 文件夹内容概览

“VirtualButtonsForUnity”文件夹是Unity游戏开发资源，集成了虚拟按钮、方向垫和摇杆预制体及脚本，旨在增强游戏交互体验。内含示例项目、预制体、脚本、图像资源和详细文档，方便开发者快速集成和使用。

22. YouLoftSDK
# 路径:D:\\Unity\\Survaval\Assets\YouLoftSDK
# 内容概述:### 文件夹内容总结

“YouLoftSDK”文件夹是Unity游戏开发者的综合工具包，集成了广告管理、支付、用户管理、数据同步等功能模块。其中，**PottingMobileSDK** 提供了Android和iOS平台的插件和脚本，**PottingMobileServices** 则包含了跨平台服务接口和功能脚本。广告管理、支付、礼包兑换等具体功能由 **YouLoftAd.cs**、**YouLoftPay.cs** 和 **YouLoftRedeemcode.cs** 等文件实现，而 **YouLoftSDKManager.cs** 负责管理这些模块，确保它们协同工作。此外，**YouLoftLogin.cs** 处理用户登录，**YouLoftEvent.cs** 和 **YouloftTemp.cs** 分别提供事件跟踪和配置同步功能，共同支撑游戏的整体运行。

23. ZTools
# 路径:D:\\Unity\\Survaval\Assets\ZTools
# 内容概述:### 文件夹内容总结
“ZTools”文件夹汇集了Unity游戏开发中本地化和字符串操作的工具。其中，包含用于本地化文本管理的脚本，如`StaticLocalizedText.cs`和`StaticLocalizedText_UGUI.cs`，以及`Strings.cs`用于管理本地化字符串。此外，`GlobalStringBuilder.cs`提供了全局字符串构建功能，优化了字符串操作性能。而“ZTools.asmdef”文件则定义了项目中的“ZTools”程序集，管理着相关脚本文件的引用和编译。这些工具共同构成了一个高效且模块化的开发环境。

24. _MyAssets
# 路径:D:\\Unity\\Survaval\Assets\_MyAssets
# 内容概述:“_MyAssets”文件夹是游戏开发的核心资源库，汇集了动画、艺术资产、音频、数据配置、编辑器资源、字体、图标、脚本、着色器等关键文件，以及预制体和场景设计。它为游戏提供了丰富的视觉和音频效果，并通过详细的配置文件和脚本实现了复杂的游戏逻辑和交互。文件夹内资源相互关联，共同支撑起游戏的整体架构和功能实现。

25. UniversalRenderPipelineGlobalSettings.asset
# 路径:D:\\Unity\\Survaval\Assets\UniversalRenderPipelineGlobalSettings.asset
# 内容概述:### 简化总结

该文件是Unity的通用渲染管道全局设置配置，定义了8个光照层（如Light Layer default至Light Layer 7）。它还包含了性能优化设置，如移除调试变体和未使用变体，以及不支持运行时调试显示。


2024-11-03 07:32:11,582 - INFO Retriever 0 - 
2024-11-03 07:32:11,593 - INFO Retriever 0 - ——————————————————————————————————————————————————————————————————————————————————————————————————————————————————————————
2024-11-03 07:32:11,599 - INFO Retriever 0 - Assistant:
2024-11-03 07:32:11,641 - INFO Retriever 0 - {
    "deep_think": {
        "thoughts": "在获取了项目文件的顶层结构后，我还需要结合待查询的问题描述，对于项目中的文件和目录进行一些深度关键词检索。根据任务描述：“请在D:/Unity/Survaval\\Assets下各级目录中寻找：游戏主菜单中商店列表数据填充在什么地方实现的？”，我总结出如下可能会出现在各个文件名或者文件内容中的关键词：“列表”，“shop”，“商店”，“数据”，“清单”，“data filling”，“shopping list”，“data”，“menu”，“list”，“store list”，“bill of fare”，“store”，“填充”，“主”，“商店列表”，“fill”，“fill in”，“菜单”，“master”，“数据填充”，“data population”。\n接下来，我将使用retrieve_keywords操作，在项目顶层路径“D:/Unity/Survaval\\Assets”下检索这些关键词，从而大致把握可能与问题描述相关的文件或目录的路径。"
    }
}
2024-11-03 07:32:11,679 - INFO Retriever 0 - 
Observer:
2024-11-03 07:32:11,684 - INFO Retriever 0 - 好的，请继续你的下一步行动或思考。
2024-11-03 07:32:11,684 - INFO Retriever 0 - 
2024-11-03 07:32:13,197 - INFO Retriever 0 - ——————————————————————————————————————————————————————————————————————————————————————————————————————————————————————————
2024-11-03 07:32:13,202 - INFO Retriever 0 - Assistant:
2024-11-03 07:32:13,205 - INFO Retriever 0 - {
    "retrieve_keywords": {
        "keyword_list": [
            "列表",
            "shop",
            "商店",
            "数据",
            "清单",
            "data filling",
            "shopping list",
            "data",
            "menu",
            "list",
            "store list",
            "bill of fare",
            "store",
            "填充",
            "主",
            "商店列表",
            "fill",
            "fill in",
            "菜单",
            "master",
            "数据填充",
            "data population"
        ]
    }
}
2024-11-03 07:32:13,220 - INFO Retriever 0 - 
Observer:
2024-11-03 07:32:13,226 - INFO Retriever 0 - 根据你提供的关键词，我检索到以下目录或文件，它们的绝对路径如下：


1. D:\\Unity\\Survaval\Library\PackageCache\com.unity.timeline@1.6.4\Documentation~\images\workflow_nesting_master.png
这是一个名为“workflow_nesting_master.png”的文件。

2. D:\\Unity\\Survaval\Assets\Editor Default Resources\MasterAudio\inspector_header_master_audio.png
这是一个名为“inspector_header_master_audio.png”的文件。

3. D:\\Unity\\Survaval\Assets\_MyAssets\Scenes\start_menu.unity
这是一个名为“start_menu.unity”的文件。

4. D:\\Unity\\Survaval\Assets\_MyAssets\Texture\icon\shop-dimond6.png
这是一个名为“shop-dimond6.png”的文件。

5. D:\\Unity\\Survaval\Library\PackageCache\com.unity.timeline@1.6.4\Documentation~\images\timeline_cog_menu.png
这是一个名为“timeline_cog_menu.png”的文件。

6. D:\\Unity\\Survaval\Library\PackageCache\com.unity.timeline@1.6.4\Documentation~\images\timeline_humanoid_match_menu.png
这是一个名为“timeline_humanoid_match_menu.png”的文件。

7. D:\\Unity\\Survaval\Library\PackageCache\com.unity.timeline@1.6.4\Documentation~\images\timeline_workflow_recorded_clip_track_menu.png
这是一个名为“timeline_workflow_recorded_clip_track_menu.png”的文件。

8. D:\\Unity\\Survaval\Packages\com.unity.entities@0.17.0-preview.41\Unity.Scenes\GlobalAssetObjectResolver.cs
该脚本定义了`GlobalAssetObjectResolver`类，用于在Unity引擎中管理资源的解析和加载。该类提供了一系列方法来添加、更新、验证和解析资源对象，同时支持资源的卸载和查找。它通过一个内部字典存储资源信息，包括资源清单、资源包和目标哈希，支持高效的资源管理和访问。


请注意，这些目录或文件可能不全都和你的任务目标相关，仅供参考。请你基于具体的文件内容概述，结合你的任务目标，认真思考分析后，优先选择最有可能与任务相关的目录或文件进行进一步的检查。
2024-11-03 07:32:13,244 - INFO Retriever 0 - 
2024-11-03 07:32:23,479 - INFO Retriever 0 - Agent主脑给出的回答为：有可能与任务相关的目录或文件进行进一步的检查。
2024-11-03 07:32:23,479 - INFO Retriever 0 - 是否成功解析：True
2024-11-03 07:32:23,479 - INFO Retriever 0 - operation_type (__det_dir_action):
2024-11-03 07:32:23,479 - INFO Retriever 0 - 有可能与任务相关的目录或文件
2024-11-03 07:32:23,479 - INFO Retriever 0 - 

——————————————————————————————————————————————————————————————————————————————————————————————————————————————————————————
2024-11-03 07:32:23,479 - INFO Retriever 0 - Assistant:
2024-11-03 07:32:23,479 - INFO Retriever 0 - {
  "有可能与任务相关的目录或文件": "进行进一步的检查。"
}
2024-11-03 07:32:23,479 - INFO Retriever 0 - dict_keys(['有可能与任务相关的目录或文件'])
2024-11-03 07:32:23,481 - WARNING Retriever 0 - 你给出的操作类型不属于指定的操作类型。可以进行的操作类型有：['get_folder_info', 'read_file', 'read_long_details', 'retrieve_keywords', 'deep_think']，请重新给出你的操作。
2024-11-03 07:32:23,481 - INFO Retriever 0 - 

————————————————————————————————————————————————————————————————
2024-11-03 07:32:23,481 - INFO Retriever 0 - 当前窗口总长度：11
2024-11-03 07:32:23,483 - INFO Retriever 0 - 当前更新窗口长度：2
2024-11-03 07:32:23,483 - INFO Retriever 0 - 当前更新窗口长度：2
2024-11-03 07:32:23,483 - INFO Retriever 0 - ————————————————————————————————————————————————————————————————


2024-11-03 07:34:23,935 - INFO Retriever 0 - Agent主脑给出的回答为：{
    "deep_think": {
        "thoughts": "从检索到的结果来看，似乎没有直接指向商店列表数据填充的文件。不过，我们可以注意到“start_menu.unity”这个文件，它可能是游戏主菜单的场景文件。商店列表数据填充通常会在场景文件中实现，或者与场景文件紧密相关。因此，我们可以先查看这个场景文件的内容，看看是否有相关的脚本或者组件。"
    }
}
2024-11-03 07:34:23,935 - INFO Retriever 0 - 是否成功解析：True
2024-11-03 07:34:23,935 - INFO Retriever 0 - operation_type (__det_dir_action):
2024-11-03 07:34:23,936 - INFO Retriever 0 - deep_think
2024-11-03 07:34:23,936 - INFO Retriever 0 - 

——————————————————————————————————————————————————————————————————————————————————————————————————————————————————————————
2024-11-03 07:34:23,937 - INFO Retriever 0 - Assistant:
2024-11-03 07:34:23,937 - INFO Retriever 0 - {
    "deep_think": {
        "thoughts": "从检索到的结果来看，似乎没有直接指向商店列表数据填充的文件。不过，我们可以注意到“start_menu.unity”这个文件，它可能是游戏主菜单的场景文件。商店列表数据填充通常会在场景文件中实现，或者与场景文件紧密相关。因此，我们可以先查看这个场景文件的内容，看看是否有相关的脚本或者组件。"
    }
}
2024-11-03 07:34:23,937 - INFO Retriever 0 - dict_keys(['deep_think'])
2024-11-03 07:34:23,937 - INFO Retriever 0 - Agent主脑给出的行动：deep_think
参数：{'thoughts': '从检索到的结果来看，似乎没有直接指向商店列表数据填充的文件。不过，我们可以注意到“start_menu.unity”这个文件，它可能是游戏主菜单的场景文件。商店列表数据填充通常会在场景文件中实现，或者与场景文件紧密相关。因此，我们可以先查看这个场景文件的内容，看看是否有相关的脚本或者组件。', 'repeat_counter': 1, 'continue_think_counter': 1}
2024-11-03 07:34:23,938 - INFO Retriever 0 - Observer: 好的，请继续你的下一步行动或思考。
2024-11-03 07:34:23,938 - INFO Retriever 0 - 

————————————————————————————————————————————————————————————————
2024-11-03 07:34:23,940 - INFO Retriever 0 - 当前窗口总长度：13
2024-11-03 07:34:23,940 - INFO Retriever 0 - 当前更新窗口长度：4
2024-11-03 07:34:23,940 - INFO Retriever 0 - 当前更新窗口长度：4
2024-11-03 07:34:23,940 - INFO Retriever 0 - ————————————————————————————————————————————————————————————————


2024-11-03 07:34:26,356 - INFO Retriever 0 - Agent主脑给出的回答为：{
    "read_file": {
        "file_path": "D:/Unity/Survaval\\Assets\\_MyAssets\\Scenes\\start_menu.unity"
    }
}
2024-11-03 07:34:26,356 - INFO Retriever 0 - 是否成功解析：True
2024-11-03 07:34:26,356 - INFO Retriever 0 - operation_type (__det_dir_action):
2024-11-03 07:34:26,356 - INFO Retriever 0 - read_file
2024-11-03 07:34:26,359 - INFO Retriever 0 - 

——————————————————————————————————————————————————————————————————————————————————————————————————————————————————————————
2024-11-03 07:34:26,359 - INFO Retriever 0 - Assistant:
2024-11-03 07:34:26,359 - INFO Retriever 0 - {
    "read_file": {
        "file_path": "D:/Unity/Survaval\\Assets\\_MyAssets\\Scenes\\start_menu.unity"
    }
}
2024-11-03 07:34:26,359 - INFO Retriever 0 - dict_keys(['read_file'])
2024-11-03 07:34:26,359 - INFO Retriever 0 - Agent主脑给出的行动：read_file
参数：{'file_path': 'D:/Unity/Survaval\\Assets\\_MyAssets\\Scenes\\start_menu.unity', 'top_path': 'D:/Unity/Survaval\\Assets', 'return_file_sum': <bound method TreeGenerationAction.return_file_sum of <Action.tree_gen_action.TreeGenerationAction object at 0x0000020B4FC8E730>>}
2024-11-03 07:34:26,359 - INFO Retriever 0 - Observer: 这是一个名为“start_menu.unity”的文件。
2024-11-03 07:34:26,361 - INFO Retriever 0 - 

————————————————————————————————————————————————————————————————
2024-11-03 07:34:26,361 - INFO Retriever 0 - 当前窗口总长度：15
2024-11-03 07:34:26,361 - INFO Retriever 0 - 当前更新窗口长度：6
2024-11-03 07:34:26,361 - INFO Retriever 0 - 当前更新窗口长度：6
2024-11-03 07:34:26,361 - INFO Retriever 0 - ————————————————————————————————————————————————————————————————


2024-11-03 07:34:31,983 - INFO Retriever 0 - Agent主脑给出的回答为：{
    "deep_think": {
        "thoughts": "从返回的结果来看，似乎没有直接提供文件内容。这可能是因为文件内容过长，或者文件格式不适合直接读取。在这种情况下，我们可以尝试读取该文件的细节内容，以便获取更详细的信息。"
    }
}
2024-11-03 07:34:31,983 - INFO Retriever 0 - 是否成功解析：True
2024-11-03 07:34:31,983 - INFO Retriever 0 - operation_type (__det_dir_action):
2024-11-03 07:34:31,986 - INFO Retriever 0 - deep_think
2024-11-03 07:34:31,986 - INFO Retriever 0 - 

——————————————————————————————————————————————————————————————————————————————————————————————————————————————————————————
2024-11-03 07:34:31,986 - INFO Retriever 0 - Assistant:
2024-11-03 07:34:31,986 - INFO Retriever 0 - {
    "deep_think": {
        "thoughts": "从返回的结果来看，似乎没有直接提供文件内容。这可能是因为文件内容过长，或者文件格式不适合直接读取。在这种情况下，我们可以尝试读取该文件的细节内容，以便获取更详细的信息。"
    }
}
2024-11-03 07:34:31,986 - INFO Retriever 0 - dict_keys(['deep_think'])
2024-11-03 07:34:31,986 - INFO Retriever 0 - Agent主脑给出的行动：deep_think
参数：{'thoughts': '从返回的结果来看，似乎没有直接提供文件内容。这可能是因为文件内容过长，或者文件格式不适合直接读取。在这种情况下，我们可以尝试读取该文件的细节内容，以便获取更详细的信息。', 'repeat_counter': 1, 'continue_think_counter': 1}
2024-11-03 07:34:31,986 - INFO Retriever 0 - Observer: 好的，请继续你的下一步行动或思考。
2024-11-03 07:34:31,988 - INFO Retriever 0 - 

————————————————————————————————————————————————————————————————
2024-11-03 07:34:31,988 - INFO Retriever 0 - 当前窗口总长度：17
2024-11-03 07:34:31,988 - INFO Retriever 0 - 当前更新窗口长度：8
2024-11-03 07:34:31,988 - INFO Retriever 0 - 当前更新窗口长度：8
2024-11-03 07:34:31,988 - INFO Retriever 0 - ————————————————————————————————————————————————————————————————


2024-11-03 07:35:03,583 - INFO Retriever 0 - Agent主脑给出的回答为：{
    "read_long_details": {
        "file_path": "D:/Unity/Survaval\\Assets\\_MyAssets\\Scenes\\start_menu.unity"
    }
}
2024-11-03 07:35:03,583 - INFO Retriever 0 - 是否成功解析：True
2024-11-03 07:35:03,583 - INFO Retriever 0 - operation_type (__det_dir_action):
2024-11-03 07:35:03,583 - INFO Retriever 0 - read_long_details
2024-11-03 07:35:03,583 - INFO Retriever 0 - 

——————————————————————————————————————————————————————————————————————————————————————————————————————————————————————————
2024-11-03 07:35:03,583 - INFO Retriever 0 - Assistant:
2024-11-03 07:35:03,583 - INFO Retriever 0 - {
    "read_long_details": {
        "file_path": "D:/Unity/Survaval\\Assets\\_MyAssets\\Scenes\\start_menu.unity"
    }
}
2024-11-03 07:35:03,583 - INFO Retriever 0 - dict_keys(['read_long_details'])
2024-11-03 07:35:03,583 - INFO Retriever 0 - Agent主脑给出的行动：read_long_details
参数：{'file_path': 'D:/Unity/Survaval\\Assets\\_MyAssets\\Scenes\\start_menu.unity', 'top_path': 'D:/Unity/Survaval\\Assets', 'return_file_sum': <bound method TreeGenerationAction.return_file_sum of <Action.tree_gen_action.TreeGenerationAction object at 0x0000020B4FC8E730>>}
2024-11-03 07:35:03,585 - INFO Retriever 0 - Observer: 这是一个名为“start_menu.unity”的文件。
2024-11-03 07:35:03,585 - INFO Retriever 0 - 

————————————————————————————————————————————————————————————————
2024-11-03 07:35:03,585 - INFO Retriever 0 - 当前窗口总长度：19
2024-11-03 07:35:03,585 - INFO Retriever 0 - 当前更新窗口长度：10
2024-11-03 07:35:03,585 - INFO Retriever 0 - 当前更新窗口长度：10
2024-11-03 07:35:03,585 - INFO Retriever 0 - ————————————————————————————————————————————————————————————————


2024-11-03 07:35:26,275 - INFO Retriever 0 - Agent主脑给出的回答为：{
    "deep_think": {
        "thoughts": "从返回的结果来看，似乎没有获取到“start_menu.unity”文件的详细内容。这可能是因为文件内容过长，或者文件格式不适合直接读取。在这种情况下，我们可以尝试读取该文件的细节内容，以便获取更详细的信息。"
    }
}
2024-11-03 07:35:26,275 - INFO Retriever 0 - 是否成功解析：True
2024-11-03 07:35:26,275 - INFO Retriever 0 - operation_type (__det_dir_action):
2024-11-03 07:35:26,276 - INFO Retriever 0 - deep_think
2024-11-03 07:35:26,276 - INFO Retriever 0 - 

——————————————————————————————————————————————————————————————————————————————————————————————————————————————————————————
2024-11-03 07:35:26,276 - INFO Retriever 0 - Assistant:
2024-11-03 07:35:26,276 - INFO Retriever 0 - {
    "deep_think": {
        "thoughts": "从返回的结果来看，似乎没有获取到“start_menu.unity”文件的详细内容。这可能是因为文件内容过长，或者文件格式不适合直接读取。在这种情况下，我们可以尝试读取该文件的细节内容，以便获取更详细的信息。"
    }
}
2024-11-03 07:35:26,276 - INFO Retriever 0 - dict_keys(['deep_think'])
2024-11-03 07:35:26,276 - INFO Retriever 0 - Agent主脑给出的行动：deep_think
参数：{'thoughts': '从返回的结果来看，似乎没有获取到“start_menu.unity”文件的详细内容。这可能是因为文件内容过长，或者文件格式不适合直接读取。在这种情况下，我们可以尝试读取该文件的细节内容，以便获取更详细的信息。', 'repeat_counter': 1, 'continue_think_counter': 1}
2024-11-03 07:35:26,278 - INFO Retriever 0 - Observer: 好的，请继续你的下一步行动或思考。
2024-11-03 07:35:26,279 - INFO Retriever 0 - 

————————————————————————————————————————————————————————————————
2024-11-03 07:35:26,279 - INFO Retriever 0 - 当前窗口总长度：21
2024-11-03 07:35:26,279 - INFO Retriever 0 - 当前更新窗口长度：12
2024-11-03 07:35:26,279 - INFO Retriever 0 - 当前更新窗口长度：12
2024-11-03 07:35:26,280 - INFO Retriever 0 - ————————————————————————————————————————————————————————————————


2024-11-03 07:35:42,138 - INFO Retriever 0 - Agent主脑给出的回答为：{
    "deep_think": {
        "thoughts": "由于无法直接读取“start_menu.unity”文件的内容，我们需要考虑其他可能的文件。根据Unity项目的结构，商店列表数据填充的实现可能涉及到脚本文件（.cs），也可能涉及到资源文件（.asset）。我们可以尝试在项目中搜索这些类型的文件，并查看它们的名称和路径，以便找到可能的实现位置。"
    }
}
2024-11-03 07:35:42,139 - INFO Retriever 0 - 是否成功解析：True
2024-11-03 07:35:42,139 - INFO Retriever 0 - operation_type (__det_dir_action):
2024-11-03 07:35:42,139 - INFO Retriever 0 - deep_think
2024-11-03 07:35:42,139 - INFO Retriever 0 - 

——————————————————————————————————————————————————————————————————————————————————————————————————————————————————————————
2024-11-03 07:35:42,139 - INFO Retriever 0 - Assistant:
2024-11-03 07:35:42,139 - INFO Retriever 0 - {
    "deep_think": {
        "thoughts": "由于无法直接读取“start_menu.unity”文件的内容，我们需要考虑其他可能的文件。根据Unity项目的结构，商店列表数据填充的实现可能涉及到脚本文件（.cs），也可能涉及到资源文件（.asset）。我们可以尝试在项目中搜索这些类型的文件，并查看它们的名称和路径，以便找到可能的实现位置。"
    }
}
2024-11-03 07:35:42,139 - INFO Retriever 0 - dict_keys(['deep_think'])
2024-11-03 07:35:42,139 - INFO Retriever 0 - Agent主脑给出的行动：deep_think
参数：{'thoughts': '由于无法直接读取“start_menu.unity”文件的内容，我们需要考虑其他可能的文件。根据Unity项目的结构，商店列表数据填充的实现可能涉及到脚本文件（.cs），也可能涉及到资源文件（.asset）。我们可以尝试在项目中搜索这些类型的文件，并查看它们的名称和路径，以便找到可能的实现位置。', 'repeat_counter': 1, 'continue_think_counter': 1}
2024-11-03 07:35:42,139 - INFO Retriever 0 - Observer: 好的，请继续你的下一步行动或思考。
2024-11-03 07:35:42,142 - INFO Retriever 0 - 

————————————————————————————————————————————————————————————————
2024-11-03 07:35:42,142 - INFO Retriever 0 - 当前窗口总长度：23
2024-11-03 07:35:42,142 - INFO Retriever 0 - 当前更新窗口长度：14
2024-11-03 07:35:42,142 - INFO Retriever 0 - 当前更新窗口长度：14
2024-11-03 07:35:42,142 - INFO Retriever 0 - ————————————————————————————————————————————————————————————————


2024-11-03 07:35:47,335 - INFO Retriever 0 - Agent主脑给出的回答为：{
    "get_folder_info": {
        "target_folder_path": "D:/Unity/Survaval\\Assets\\_MyAssets\\Scenes"
    }
}
2024-11-03 07:35:47,335 - INFO Retriever 0 - 是否成功解析：True
2024-11-03 07:35:47,335 - INFO Retriever 0 - operation_type (__det_dir_action):
2024-11-03 07:35:47,335 - INFO Retriever 0 - get_folder_info
2024-11-03 07:35:47,337 - INFO Retriever 0 - 

——————————————————————————————————————————————————————————————————————————————————————————————————————————————————————————
2024-11-03 07:35:47,337 - INFO Retriever 0 - Assistant:
2024-11-03 07:35:47,337 - INFO Retriever 0 - {
    "get_folder_info": {
        "target_folder_path": "D:/Unity/Survaval\\Assets\\_MyAssets\\Scenes"
    }
}
2024-11-03 07:35:47,337 - INFO Retriever 0 - dict_keys(['get_folder_info'])
2024-11-03 07:35:47,337 - INFO Retriever 0 - Agent主脑给出的行动：get_folder_info
参数：{'target_folder_path': 'D:/Unity/Survaval\\Assets\\_MyAssets\\Scenes'}
2024-11-03 07:35:47,521 - INFO Retriever 0 - Observer: 目标文件夹路径：D:/Unity/Survaval\Assets\_MyAssets\Scenes
文件结构树（该结构树可能不完整，仅返回深度小于等于1层的子文件以及文件夹）：


其中，部分主要文件及文件夹的信息如下：
1. Scenes
# 路径:D:\\Unity\\Survaval\Assets\_MyAssets\Scenes
# 内容概述:“Scenes文件夹汇集了多种场景相关的文件，包含图片、文档和视频等，旨在展示不同环境下的视觉元素。其中，图片子文件夹展示了多样化的场景图像，文档子文件夹则收录了场景描述和设计理念，而视频子文件夹则提供了动态场景演示。这些文件相互关联，共同构成了一个全面展示各类场景的资料库。”

2. game_launch.unity
# 路径:D:\\Unity\\Survaval\Assets\_MyAssets\Scenes\game_launch.unity
# 内容概述:这是一个名为“game_launch.unity”的文件。

3. performance_test_scene.unity
# 路径:D:\\Unity\\Survaval\Assets\_MyAssets\Scenes\performance_test_scene.unity
# 内容概述:这是一个名为“performance_test_scene.unity”的文件。

4. start_menu.unity
# 路径:D:\\Unity\\Survaval\Assets\_MyAssets\Scenes\start_menu.unity
# 内容概述:这是一个名为“start_menu.unity”的文件。

5. vfx_maker.unity
# 路径:D:\\Unity\\Survaval\Assets\_MyAssets\Scenes\vfx_maker.unity
# 内容概述:这是一个名为“vfx_maker.unity”的文件。


2024-11-03 07:35:47,522 - INFO Retriever 0 - 

————————————————————————————————————————————————————————————————
2024-11-03 07:35:47,522 - INFO Retriever 0 - 当前窗口总长度：25
2024-11-03 07:35:47,522 - INFO Retriever 0 - 当前更新窗口长度：16
2024-11-03 07:35:47,522 - INFO Retriever 0 - 当前更新窗口长度：16
2024-11-03 07:35:47,522 - INFO Retriever 0 - ————————————————————————————————————————————————————————————————


2024-11-03 07:35:55,131 - INFO Retriever 0 - Agent主脑给出的回答为：{
    "deep_think": {
        "thoughts": "从返回的结果来看，Scenes文件夹下有多个场景文件，包括game_launch.unity、performance_test_scene.unity、start_menu.unity和vfx_maker.unity。由于商店列表数据填充通常会在主菜单场景中实现，因此start_menu.unity是最有可能包含相关实现的文件。然而，由于无法直接读取场景文件的内容，我们需要考虑其他可能的文件。根据Unity项目的结构，商店列表数据填充的实现可能涉及到脚本文件（.cs），也可能涉及到资源文件（.asset）。我们可以尝试在项目中搜索这些类型的文件，并查看它们的名称和路径，以便找到可能的实现位置。"
    }
}
2024-11-03 07:35:55,132 - INFO Retriever 0 - 是否成功解析：True
2024-11-03 07:35:55,132 - INFO Retriever 0 - operation_type (__det_dir_action):
2024-11-03 07:35:55,132 - INFO Retriever 0 - deep_think
2024-11-03 07:35:55,133 - INFO Retriever 0 - 

——————————————————————————————————————————————————————————————————————————————————————————————————————————————————————————
2024-11-03 07:35:55,133 - INFO Retriever 0 - Assistant:
2024-11-03 07:35:55,133 - INFO Retriever 0 - {
    "deep_think": {
        "thoughts": "从返回的结果来看，Scenes文件夹下有多个场景文件，包括game_launch.unity、performance_test_scene.unity、start_menu.unity和vfx_maker.unity。由于商店列表数据填充通常会在主菜单场景中实现，因此start_menu.unity是最有可能包含相关实现的文件。然而，由于无法直接读取场景文件的内容，我们需要考虑其他可能的文件。根据Unity项目的结构，商店列表数据填充的实现可能涉及到脚本文件（.cs），也可能涉及到资源文件（.asset）。我们可以尝试在项目中搜索这些类型的文件，并查看它们的名称和路径，以便找到可能的实现位置。"
    }
}
2024-11-03 07:35:55,133 - INFO Retriever 0 - dict_keys(['deep_think'])
2024-11-03 07:35:55,133 - INFO Retriever 0 - Agent主脑给出的行动：deep_think
参数：{'thoughts': '从返回的结果来看，Scenes文件夹下有多个场景文件，包括game_launch.unity、performance_test_scene.unity、start_menu.unity和vfx_maker.unity。由于商店列表数据填充通常会在主菜单场景中实现，因此start_menu.unity是最有可能包含相关实现的文件。然而，由于无法直接读取场景文件的内容，我们需要考虑其他可能的文件。根据Unity项目的结构，商店列表数据填充的实现可能涉及到脚本文件（.cs），也可能涉及到资源文件（.asset）。我们可以尝试在项目中搜索这些类型的文件，并查看它们的名称和路径，以便找到可能的实现位置。', 'repeat_counter': 1, 'continue_think_counter': 1}
2024-11-03 07:35:55,134 - INFO Retriever 0 - Observer: 好的，请继续你的下一步行动或思考。
2024-11-03 07:35:55,137 - INFO Retriever 0 - 

————————————————————————————————————————————————————————————————
2024-11-03 07:35:55,137 - INFO Retriever 0 - 当前窗口总长度：27
2024-11-03 07:35:55,137 - INFO Retriever 0 - 当前更新窗口长度：18
2024-11-03 07:35:55,138 - INFO Retriever 0 - 当前更新窗口长度：18
2024-11-03 07:35:55,138 - INFO Retriever 0 - ————————————————————————————————————————————————————————————————


2024-11-03 07:36:26,310 - INFO Retriever 0 - Agent主脑给出的回答为：{
    "get_folder_info": {
        "target_folder_path": "D:/Unity/Survaval\\Assets"
    }
}
2024-11-03 07:36:26,312 - INFO Retriever 0 - 是否成功解析：True
2024-11-03 07:36:26,312 - INFO Retriever 0 - operation_type (__det_dir_action):
2024-11-03 07:36:26,312 - INFO Retriever 0 - get_folder_info
2024-11-03 07:36:26,312 - INFO Retriever 0 - 

——————————————————————————————————————————————————————————————————————————————————————————————————————————————————————————
2024-11-03 07:36:26,313 - INFO Retriever 0 - Assistant:
2024-11-03 07:36:26,313 - INFO Retriever 0 - {
    "get_folder_info": {
        "target_folder_path": "D:/Unity/Survaval\\Assets"
    }
}
2024-11-03 07:36:26,313 - INFO Retriever 0 - dict_keys(['get_folder_info'])
2024-11-03 07:36:26,313 - INFO Retriever 0 - Agent主脑给出的行动：get_folder_info
参数：{'target_folder_path': 'D:/Unity/Survaval\\Assets'}
2024-11-03 07:36:26,362 - INFO Retriever 0 - Observer: 目标文件夹路径：D:/Unity/Survaval\Assets
文件结构树（该结构树可能不完整，仅返回深度小于等于1层的子文件以及文件夹）：
├── AddressableAssetsData
│   ├── AddressableAssetSettings.asset
│   ├── Android
│   ├── AssetGroupTemplates
│   ├── AssetGroups
│   ├── DataBuilders
│   ├── DefaultObject.asset
│   ├── iOS
├── AmplifyShaderEditor
│   ├── AmplifyShaderEditor.asmdef
│   ├── ChangeLog.txt
│   ├── CreatingTerrainsWithASE.txt
│   ├── Plugins
│   ├── Readme.txt
├── BlobHashMaps
│   ├── BlobBuilderExtensions.cs
│   ├── BlobHashMap.cs
│   ├── BlobHashMapIntInt.cs
│   ├── BlobHashMaps.asmdef
│   ├── BlobMultiHashMap.cs
│   ├── Data
├── BuildReport
│   ├── CustomBuildScriptExample.txt
│   ├── GUI
│   ├── README.txt
│   ├── Scripts
│   ├── VERSION.txt
│   ├── license.txt
├── CapturePath
├── DamageNumbersPro
│   ├── DamageNumbersPro.asmdef
│   ├── Documentation.url
│   ├── Editor
│   ├── Fonts
│   ├── Materials
│   ├── Scripts
├── Editor
│   ├── ChannelSetting.cs
│   ├── OrbiteExtenedEditor.cs
│   ├── Resources
│   ├── ShaderStripSettings
├── Editor Default Resources
│   ├── MasterAudio
├── EnhancedScroller v2
│   ├── ChangeLog.txt
│   ├── Documentation
│   ├── Plugins
│   ├── Tutorials
│   ├── readme.txt
│   ├── upgrading from 1.x to 2.x.txt
├── FlockBox
│   ├── Classic
│   ├── DOTS
│   ├── Flock Box Manual.pdf
├── Gizmos
│   ├── MasterAudio
├── Magic Spells Sound Effects V2.0
│   ├── Casting Loops
│   ├── Element Scholls
│   ├── General Spell
│   ├── Medieval Combat Sounds BONUS
│   ├── Special Attack
├── Pixel Arsenal
│   ├── Demo
│   ├── Materials
│   ...
│   ├── Textures
├── Plugins
│   ├── Android
│   ├── DarkTonic
│   ├── Demigiant
│   ├── Editor
│   ├── RelationsInspector
│   ├── Sirenix
│   ├── iOS
├── RPG Icons Pixel Art
│   ├── Aeromancer
│   ├── Alchemy1
│   ...
│   ├── Сrossbowman
├── Resources
│   ├── DOTweenSettings.asset
│   ├── MasterAudio
├── SPUM
│   ├── MonsterOrc_Prefabs
│   ├── MonsterUndeadPrefabs
│   ...
│   ├── Sprite_SheetExporter(Beta)
├── StreamingAssets
├── TextMesh Pro
│   ├── Documentation
│   ├── Fonts
│   ├── Resources
│   ├── Shaders
│   ├── Sprites
├── UniversalRenderPipelineGlobalSettings.asset
├── VirtualButtonsForUnity
│   ├── VirtualButtonsForUnity
├── YouLoftSDK
│   ├── PottingMobileSDK
│   ├── PottingMobileServices
│   ...
│   ├── YouloftTemp.cs
├── ZTools
│   ├── GlobalStringBuilder.cs
│   ├── Localization
│   ├── ZTools.asmdef
├── _MyAssets
│   ├── Animations
│   ├── ArtAssets
│   ...
│   ├── URPSettings


其中，部分主要文件及文件夹的信息如下：
1. Assets
# 路径:D:\\Unity\\Survaval\Assets
# 内容概述:“UniversalRenderPipelineGlobalSettings.asset”文件是Unity项目中用于配置通用渲染管道（URP）全局设置的资产。它涵盖了光照模式、阴影质量、后处理效果以及性能优化等关键设置，如光照层配置、阴影质量选择和后处理效果启用，旨在平衡视觉效果与性能表现，以适应不同游戏的需求。

2. AddressableAssetsData
# 路径:D:\\Unity\\Survaval\Assets\AddressableAssetsData
# 内容概述:### 文件夹内容简述

“AddressableAssetsData”文件夹汇集了Unity游戏开发所需的资源管理和配置文件。其中，Android和iOS子文件夹分别管理针对各自平台的资源状态。AssetGroups和AssetGroupTemplates子文件夹则专注于资源打包和内容更新配置，而DataBuilders子文件夹提供了资源管理和场景加载的脚本配置。此外，AddressableAssetSettings.asset文件负责资源加载和优化全局设置，而DefaultObject.asset则定义了Unity脚本组件的配置。整体而言，这些文件共同构成了游戏资源高效管理和优化的框架。

3. AmplifyShaderEditor
# 路径:D:\\Unity\\Survaval\Assets\AmplifyShaderEditor
# 内容概述:“AmplifyShaderEditor”文件夹汇集了Unity游戏开发中Amplify Shader Editor插件的核心组件与资源，包括编辑器脚本、界面资源、版本更新日志和使用指南。其中，“Editor”子文件夹承载着插件的核心逻辑和操作界面，而“EditorResources”则提供了图形用户界面和渲染资源。更新日志“ChangeLog.txt”详细记录了插件的功能迭代和问题修复，而“CreatingTerrainsWithASE.txt”则指导用户如何利用ASE创建地形着色器。遗憾的是，“Readme.txt”因编码错误无法读取，但预计包含插件的基本使用说明。

4. BlobHashMaps
# 路径:D:\\Unity\\Survaval\Assets\BlobHashMaps
# 内容概述:“BlobHashMaps”文件夹汇集了针对Unity游戏引擎优化的数据结构脚本，包括BlobHashMap和BlobMultiHashMap的实现。核心文件如BlobBuilderHashMapData.cs和BlobHashMapData.cs定义了HashMap和只读哈希表，BlobBuilderExtensions.cs扩展了BlobHashMap功能，BlobHashMap.cs和BlobHashMapIntInt.cs则提供了更丰富的操作和构建器功能。BlobHashMaps.asmdef文件定义了模块依赖，而BlobMultiHashMap.cs引入了多哈希映射支持，共同构成了一个高效的数据管理工具集。

5. BuildReport
# 路径:D:\\Unity\\Survaval\Assets\BuildReport
# 内容概述:“BuildReport”文件夹汇集了Unity游戏引擎的构建报告工具及相关资源，包括UI设计资源（如BRTSkin、NativeSkin和NativeSkinExtraIcons）、自动化构建脚本（如CustomBuildScriptExample.txt）和编辑器脚本（位于Scripts/Editor）。此外，它还包含定义特定窗口样式的皮肤文件（BuildReportWindow.guiskin和BuildReportWindowDark.guiskin），以及工具的许可证信息（license.txt）和使用说明（README.txt）。VERSION.txt文件记录了工具的版本更新历史，突出了新增功能和错误修复。

6. CapturePath
# 路径:D:\\Unity\\Survaval\Assets\CapturePath
# 内容概述:该文件夹内容为空。

7. DamageNumbersPro
# 路径:D:\\Unity\\Survaval\Assets\DamageNumbersPro
# 内容概述:“DamageNumbersPro”文件夹汇集了Unity游戏开发所需的资源，包括编辑器脚本、多种风格的字体、材质和游戏逻辑脚本。其中，编辑器脚本用于资源配置，字体和材质丰富了游戏视觉元素，而脚本集合则支撑了游戏的核心逻辑和交互。此外，汇编定义文件和文档链接文件提供了模块化开发和项目文档的便捷访问。

8. Editor
# 路径:D:\\Unity\\Survaval\Assets\Editor
# 内容概述:### 文件夹内容总结

“Editor”文件夹汇集了Unity项目开发所需的资源与工具。其中，**Resources**子文件夹提供游戏与动画设计的视觉素材，包括角色、场景元素和预制游戏单元。**ShaderStripSettings**包含提升渲染质量的Unity脚本组件，而**ChannelSetting.cs**脚本则用于管理不同渠道的SDK和项目配置。此外，**OrbiteExtenedEditor.cs**编辑器扩展脚本增强了文本编辑和屏幕截图功能，辅助设计和开发流程。整体上，这些资源与工具相互关联，共同服务于Unity项目的开发与优化。

9. Editor Default Resources
# 路径:D:\\Unity\\Survaval\Assets\Editor Default Resources
# 内容概述:“Editor Default Resources”文件夹汇集了多种音频处理相关的图标，包括播放、暂停、停止等控制图标，以及复制、删除、保存等操作图标，还有LED灯状态指示和扬声器图标等。这些图标共同服务于音频编辑和界面设计，为用户提供了直观的操作和状态指示。

10. EnhancedScroller v2
# 路径:D:\\Unity\\Survaval\Assets\EnhancedScroller v2
# 内容概述:该“EnhancedScroller v2”文件夹汇集了Unity游戏开发中EnhancedScroller插件的全面资源，包括用户手册、插件代码、教程和更新日志。用户手册详细介绍了插件的使用方法，插件代码则由组件、单元格视图和动画系统等组成，旨在提升UI开发效率。教程资源帮助开发者快速上手，而更新日志和升级指南则提供了插件版本间的变化和升级指导。

11. FlockBox
# 路径:D:\\Unity\\Survaval\Assets\FlockBox
# 内容概述:### 文件夹内容精简总结

“Flock Box”文件夹是Unity游戏开发项目，集成了视觉资源、游戏逻辑脚本和DOTS架构相关资源。其中，**Classic**子文件夹提供游戏场景、预制体和艺术资源，**DOTS**子文件夹则专注于DOTS架构的脚本和材料。项目手册“Flock Box Manual.pdf”详细介绍了项目结构、资源使用和开发指南，为开发者提供了全面的项目操作指导。

12. Gizmos
# 路径:D:\\Unity\\Survaval\Assets\Gizmos
# 内容概述:“Gizmos”文件夹汇集了音频处理相关的图标设计，包括“MasterAudio”品牌标识和“PlaylistController”播放列表控制功能的图标，旨在为音频软件界面提供视觉元素。

13. Magic Spells Sound Effects V2.0
# 路径:D:\\Unity\\Survaval\Assets\Magic Spells Sound Effects V2.0
# 内容概述:“Magic Spells Sound Effects V2.0”文件夹汇集了丰富的音效资源，包括循环施法音效、元素相关施法音效、通用魔法效果、中世纪战斗声音以及特定攻击音效。这些音效覆盖了从增益攻击到治疗，从施法到战斗动作，适用于游戏、影视等多媒体项目，且文件命名清晰，便于快速查找和使用。

14. Pixel Arsenal
# 路径:D:\\Unity\\Survaval\Assets\Pixel Arsenal
# 内容概述:“Pixel Arsenal”文件夹汇集了丰富的游戏开发资源，包括视觉素材（如天空盒和纹理）、预制体（如界面元素和特效）、场景素材、Unity脚本（用于游戏逻辑）和音频效果。这些资源相互关联，共同构建了游戏和视觉效果的基础，适用于Unity等游戏引擎。文件夹内的“ReadMe.txt”文件提供了资源使用指南和潜在的技术支持信息。

15. Plugins
# 路径:D:\\Unity\\Survaval\Assets\Plugins
# 内容概述:“Plugins”文件夹汇集了多平台游戏开发资源，包括Android应用开发工具、Unity游戏资源包如音频和网络同步插件，以及编辑器扩展和iOS应用开发组件。其中，Android子文件夹提供项目配置和第三方库；Unity相关资源如DarkTonic和Demigiant则专注于音频和网络同步，以及动画处理；Editor子文件夹增强Unity编辑器功能；iOS子文件夹涵盖性能监控和广告集成等iOS特有功能。这些资源相互关联，共同构建了一个全面的游戏开发环境。

16. Resources
# 路径:D:\\Unity\\Survaval\Assets\Resources
# 内容概述:### 文件夹内容总结

“Resources”文件夹汇集了Unity游戏项目的关键配置资源，包括“MasterAudioSettings.asset”用于音频处理和插件配置，以及“DOTweenSettings.asset”用于动画和缓动库的详细设置，两者共同确保游戏音效和动画的优化与流畅。

17. RPG Icons Pixel Art
# 路径:D:\\Unity\\Survaval\Assets\RPG Icons Pixel Art
# 内容概述:当然可以。以下是融合后的简短内容：

“Support contact.pdf”文件提供客户支持联系信息，包括电话、电子邮件和在线支持服务，并附有服务时间表、常见问题解答以及用户反馈表单，旨在为用户提供便捷的咨询与支持服务。

18. SPUM
# 路径:D:\\Unity\\Survaval\Assets\SPUM
# 内容概述:“SPUM”文件夹汇集了丰富的游戏开发资源，包括怪物与角色预制体、动画素材、图像资源、字体、材质以及Unity脚本等。它涵盖了从角色模型和动画到编辑器扩展和场景设置的全方位内容，旨在支持游戏开发、3D建模和动画制作项目。文件夹内不同子目录紧密关联，共同构成了一个完整的项目资源库。

19. StreamingAssets
# 路径:D:\\Unity\\Survaval\Assets\StreamingAssets
# 内容概述:“StreamingAssets”文件夹主要存储流媒体应用所需的资源，包括视频、音频和图像文件，以及相关的配置和脚本文件。该文件夹内部分为视频、音频、图像、配置和脚本等子文件夹，各自管理不同类型的媒体资源和播放逻辑配置，以确保资源的高效加载和流式传输。

20. TextMesh Pro
# 路径:D:\\Unity\\Survaval\Assets\TextMesh Pro
# 内容概述:该“TextMesh Pro”文件夹汇集了TextMesh Pro软件的用户指南、Liberation Sans字体资源、Unity项目资源包以及表情符号素材。其中，用户指南详细介绍了软件操作，Liberation Sans字体提供多种样式，Unity资源包包括字体、材质和精灵资产，着色器文件则专注于图形渲染，而表情符号资源则便于集成到项目中。这些内容相互关联，共同服务于游戏开发与图形设计的需求。

21. VirtualButtonsForUnity
# 路径:D:\\Unity\\Survaval\Assets\VirtualButtonsForUnity
# 内容概述:### 文件夹内容概览

“VirtualButtonsForUnity”文件夹是Unity游戏开发资源，集成了虚拟按钮、方向垫和摇杆预制体及脚本，旨在增强游戏交互体验。内含示例项目、预制体、脚本、图像资源和详细文档，方便开发者快速集成和使用。

22. YouLoftSDK
# 路径:D:\\Unity\\Survaval\Assets\YouLoftSDK
# 内容概述:### 文件夹内容总结

“YouLoftSDK”文件夹是Unity游戏开发者的综合工具包，集成了广告管理、支付、用户管理、数据同步等功能模块。其中，**PottingMobileSDK** 提供了Android和iOS平台的插件和脚本，**PottingMobileServices** 则包含了跨平台服务接口和功能脚本。广告管理、支付、礼包兑换等具体功能由 **YouLoftAd.cs**、**YouLoftPay.cs** 和 **YouLoftRedeemcode.cs** 等文件实现，而 **YouLoftSDKManager.cs** 负责管理这些模块，确保它们协同工作。此外，**YouLoftLogin.cs** 处理用户登录，**YouLoftEvent.cs** 和 **YouloftTemp.cs** 分别提供事件跟踪和配置同步功能，共同支撑游戏的整体运行。

23. ZTools
# 路径:D:\\Unity\\Survaval\Assets\ZTools
# 内容概述:### 文件夹内容总结
“ZTools”文件夹汇集了Unity游戏开发中本地化和字符串操作的工具。其中，包含用于本地化文本管理的脚本，如`StaticLocalizedText.cs`和`StaticLocalizedText_UGUI.cs`，以及`Strings.cs`用于管理本地化字符串。此外，`GlobalStringBuilder.cs`提供了全局字符串构建功能，优化了字符串操作性能。而“ZTools.asmdef”文件则定义了项目中的“ZTools”程序集，管理着相关脚本文件的引用和编译。这些工具共同构成了一个高效且模块化的开发环境。

24. _MyAssets
# 路径:D:\\Unity\\Survaval\Assets\_MyAssets
# 内容概述:“_MyAssets”文件夹是游戏开发的核心资源库，汇集了动画、艺术资产、音频、数据配置、编辑器资源、字体、图标、脚本、着色器等关键文件，以及预制体和场景设计。它为游戏提供了丰富的视觉和音频效果，并通过详细的配置文件和脚本实现了复杂的游戏逻辑和交互。文件夹内资源相互关联，共同支撑起游戏的整体架构和功能实现。

25. UniversalRenderPipelineGlobalSettings.asset
# 路径:D:\\Unity\\Survaval\Assets\UniversalRenderPipelineGlobalSettings.asset
# 内容概述:### 简化总结

该文件是Unity的通用渲染管道全局设置配置，定义了8个光照层（如Light Layer default至Light Layer 7）。它还包含了性能优化设置，如移除调试变体和未使用变体，以及不支持运行时调试显示。


2024-11-03 07:36:26,366 - INFO Retriever 0 - 

————————————————————————————————————————————————————————————————
2024-11-03 07:36:26,366 - INFO Retriever 0 - 当前窗口总长度：29
2024-11-03 07:36:26,366 - INFO Retriever 0 - 当前更新窗口长度：20
2024-11-03 07:36:26,366 - INFO Retriever 0 - 当前更新窗口长度：20
2024-11-03 07:36:26,367 - INFO Retriever 0 - ————————————————————————————————————————————————————————————————


2024-11-03 07:36:40,133 - INFO Retriever 0 - Agent主脑给出的回答为：使用`retrieve_keywords`操作，在项目顶层路径“D:/Unity/Survaval/Assets”下检索以下关键词：“shop list”，“store list”，“menu data”，“data filling”，“shopping data”，“menu items”，“store items”。这将有助于找到与商店列表数据填充相关的文件或目录。
2024-11-03 07:36:40,133 - INFO Retriever 0 - 是否成功解析：True
2024-11-03 07:36:40,133 - INFO Retriever 0 - 

——————————————————————————————————————————————————————————————————————————————————————————————————————————————————————————
2024-11-03 07:36:40,133 - INFO Retriever 0 - Assistant:
2024-11-03 07:36:40,133 - INFO Retriever 0 - {
  "操作": "使用`retrieve_keywords`操作",
  "项目顶层路径": "D:/Unity/Survaval/Assets",
  "检索关键词": [
    "shop list",
    "store list",
    "menu data",
    "data filling",
    "shopping data",
    "menu items",
    "store items"
  ]
}
2024-11-03 07:36:40,133 - INFO Retriever 0 - dict_keys(['操作', '项目顶层路径', '检索关键词'])
2024-11-03 07:36:40,133 - WARNING Retriever 0 - Agent主脑给出的回答为：
2024-11-03 07:36:40,136 - WARNING Retriever 0 - {
  "操作": "使用`retrieve_keywords`操作",
  "项目顶层路径": "D:/Unity/Survaval/Assets",
  "检索关键词": [
    "shop list",
    "store list",
    "menu data",
    "data filling",
    "shopping data",
    "menu items",
    "store items"
  ]
}
2024-11-03 07:36:40,136 - WARNING Retriever 0 - 该回答不符合格式要求，需重新生成。
2024-11-03 07:36:40,137 - INFO Retriever 0 - 

————————————————————————————————————————————————————————————————
2024-11-03 07:36:40,137 - INFO Retriever 0 - 当前窗口总长度：31
2024-11-03 07:36:40,137 - INFO Retriever 0 - 当前更新窗口长度：22
2024-11-03 07:36:40,137 - INFO Retriever 0 - 当前更新窗口长度：22
2024-11-03 07:36:40,137 - INFO Retriever 0 - ————————————————————————————————————————————————————————————————


2024-11-03 07:36:57,821 - INFO Retriever 0 - Agent主脑给出的回答为：{
    "retrieve_keywords": {
        "keyword_list": [
            "shop list",
            "store list",
            "menu data",
            "data filling",
            "shopping data",
            "menu items",
            "store items"
        ]
    }
}
2024-11-03 07:36:57,821 - INFO Retriever 0 - 是否成功解析：True
2024-11-03 07:36:57,821 - INFO Retriever 0 - operation_type (__det_dir_action):
2024-11-03 07:36:57,821 - INFO Retriever 0 - retrieve_keywords
2024-11-03 07:36:57,821 - INFO Retriever 0 - 

——————————————————————————————————————————————————————————————————————————————————————————————————————————————————————————
2024-11-03 07:36:57,821 - INFO Retriever 0 - Assistant:
2024-11-03 07:36:57,821 - INFO Retriever 0 - {
    "retrieve_keywords": {
        "keyword_list": [
            "shop list",
            "store list",
            "menu data",
            "data filling",
            "shopping data",
            "menu items",
            "store items"
        ]
    }
}
2024-11-03 07:36:57,821 - INFO Retriever 0 - dict_keys(['retrieve_keywords'])
2024-11-03 07:36:57,821 - INFO Retriever 0 - Agent主脑给出的行动：retrieve_keywords
参数：{'keyword_list': ['shop list', 'store list', 'menu data', 'data filling', 'shopping data', 'menu items', 'store items']}
2024-11-03 07:36:58,373 - INFO Retriever 0 - Observer: 根据你提供的关键词，我未能检索到任何目录或文件中含有相应的关键词。你可以尝试提供别的关键词进行检索。
2024-11-03 07:36:58,378 - INFO Retriever 0 - 

————————————————————————————————————————————————————————————————
2024-11-03 07:36:58,379 - INFO Retriever 0 - 当前窗口总长度：33
2024-11-03 07:36:58,379 - INFO Retriever 0 - 当前更新窗口长度：24
2024-11-03 07:36:58,379 - INFO Retriever 0 - 当前更新窗口长度：24
2024-11-03 07:36:58,379 - INFO Retriever 0 - ————————————————————————————————————————————————————————————————


2024-11-03 07:37:00,941 - INFO Retriever 0 - Agent主脑给出的回答为：{
    "deep_think": {
        "thoughts": "由于之前的关键词检索没有找到任何相关文件，我需要重新考虑可能的关键词。商店列表数据填充可能涉及到游戏逻辑的实现，这通常会在脚本文件中完成。因此，我需要搜索包含常见编程语言关键词的文件，比如C#（Unity的主要编程语言），以及与游戏逻辑和菜单相关的关键词。我将尝试使用这些新的关键词进行检索。"
    }
}
2024-11-03 07:37:00,946 - INFO Retriever 0 - 是否成功解析：True
2024-11-03 07:37:00,946 - INFO Retriever 0 - operation_type (__det_dir_action):
2024-11-03 07:37:00,947 - INFO Retriever 0 - deep_think
2024-11-03 07:37:00,947 - INFO Retriever 0 - 

——————————————————————————————————————————————————————————————————————————————————————————————————————————————————————————
2024-11-03 07:37:00,947 - INFO Retriever 0 - Assistant:
2024-11-03 07:37:00,947 - INFO Retriever 0 - {
    "deep_think": {
        "thoughts": "由于之前的关键词检索没有找到任何相关文件，我需要重新考虑可能的关键词。商店列表数据填充可能涉及到游戏逻辑的实现，这通常会在脚本文件中完成。因此，我需要搜索包含常见编程语言关键词的文件，比如C#（Unity的主要编程语言），以及与游戏逻辑和菜单相关的关键词。我将尝试使用这些新的关键词进行检索。"
    }
}
2024-11-03 07:37:00,947 - INFO Retriever 0 - dict_keys(['deep_think'])
2024-11-03 07:37:00,947 - INFO Retriever 0 - Agent主脑给出的行动：deep_think
参数：{'thoughts': '由于之前的关键词检索没有找到任何相关文件，我需要重新考虑可能的关键词。商店列表数据填充可能涉及到游戏逻辑的实现，这通常会在脚本文件中完成。因此，我需要搜索包含常见编程语言关键词的文件，比如C#（Unity的主要编程语言），以及与游戏逻辑和菜单相关的关键词。我将尝试使用这些新的关键词进行检索。', 'repeat_counter': 1, 'continue_think_counter': 1}
2024-11-03 07:37:00,948 - INFO Retriever 0 - Observer: 好的，请继续你的下一步行动或思考。
2024-11-03 07:37:00,949 - INFO Retriever 0 - 

————————————————————————————————————————————————————————————————
2024-11-03 07:37:00,949 - INFO Retriever 0 - 当前窗口总长度：35
2024-11-03 07:37:00,949 - INFO Retriever 0 - 当前更新窗口长度：26
2024-11-03 07:37:00,949 - INFO Retriever 0 - 当前更新窗口长度：26
2024-11-03 07:37:00,949 - INFO Retriever 0 - ————————————————————————————————————————————————————————————————


2024-11-03 07:37:03,114 - INFO Retriever 0 - Agent主脑给出的回答为：{
    "retrieve_keywords": {
        "keyword_list": [
            "C#",
            "Unity",
            "menu",
            "game logic",
            "shop",
            "store",
            "list",
            "data"
        ]
    }
}
2024-11-03 07:37:03,114 - INFO Retriever 0 - 是否成功解析：True
2024-11-03 07:37:03,114 - INFO Retriever 0 - operation_type (__det_dir_action):
2024-11-03 07:37:03,114 - INFO Retriever 0 - retrieve_keywords
2024-11-03 07:37:03,114 - INFO Retriever 0 - 

——————————————————————————————————————————————————————————————————————————————————————————————————————————————————————————
2024-11-03 07:37:03,114 - INFO Retriever 0 - Assistant:
2024-11-03 07:37:03,114 - INFO Retriever 0 - {
    "retrieve_keywords": {
        "keyword_list": [
            "C#",
            "Unity",
            "menu",
            "game logic",
            "shop",
            "store",
            "list",
            "data"
        ]
    }
}
2024-11-03 07:37:03,116 - INFO Retriever 0 - dict_keys(['retrieve_keywords'])
2024-11-03 07:37:03,116 - INFO Retriever 0 - Agent主脑给出的行动：retrieve_keywords
参数：{'keyword_list': ['C#', 'Unity', 'menu', 'game logic', 'shop', 'store', 'list', 'data']}
2024-11-03 07:37:03,546 - INFO Retriever 0 - Observer: 根据你提供的关键词，我检索到以下目录或文件，它们的绝对路径如下：


1. D:\\Unity\\Survaval\Assets\_MyAssets\Scenes\start_menu.unity
这是一个名为“start_menu.unity”的文件。

2. D:\\Unity\\Survaval\Assets\_MyAssets\Texture\icon\shop-dimond4.png
这是一个名为“shop-dimond4.png”的文件。

3. D:\\Unity\\Survaval\Library\PackageCache\com.unity.timeline@1.6.4\Documentation~\images\timeline_cog_menu.png
这是一个名为“timeline_cog_menu.png”的文件。

4. D:\\Unity\\Survaval\Library\PackageCache\com.unity.render-pipelines.universal@12.1.7\Documentation~\Images\2D\2d-lights-gameobject-menu.png
这是一个名为“2d-lights-gameobject-menu.png”的文件。

5. D:\\Unity\\Survaval\Library\PackageCache\com.unity.timeline@1.6.4\Documentation~\images\timeline_workflow_recorded_clip_track_menu.png
这是一个名为“timeline_workflow_recorded_clip_track_menu.png”的文件。

6. D:\\Unity\\Survaval\Assets\DamageNumbersPro\Materials\Basic\Basic-Cool.asset
。

**融合后的内容**：

该数据包含一个名为 m_StreamData 的结构体，其中包含一个指向 /data/xxx 路径的指针，以及一个空的字节数组。该数组大小为 0，意味着没有实际的数据被存储。

7. D:\\Unity\\Survaval\Packages\com.unity.collections@0.15.0-preview.21\Unity.Collections\FixedList.gen.cs
。

This code snippet is a C# implementation of a set of unmanaged, fixed-size lists for various data types (byte, int, float) with sizes ranging from 32 to 4096 bytes. The lists are designed for high performance and are compatible with Unity's Burst compiler, making them suitable for use in performance-critical applications.

The code defines a base class `FixedListBase<T>` that provides common fu……（内容过长，暂时省略）

8. D:\\Unity\\Survaval\Assets\Plugins\Sirenix\Odin Inspector\Modules\Unity.Localization.data
这是一个名为“Unity.Localization.data”的文件。


请注意，这些目录或文件可能不全都和你的任务目标相关，仅供参考。请你基于具体的文件内容概述，结合你的任务目标，认真思考分析后，优先选择最有可能与任务相关的目录或文件进行进一步的检查。
2024-11-03 07:37:03,549 - INFO Retriever 0 - 

————————————————————————————————————————————————————————————————
2024-11-03 07:37:03,550 - INFO Retriever 0 - 当前窗口总长度：37
2024-11-03 07:37:03,550 - INFO Retriever 0 - 当前更新窗口长度：28
2024-11-03 07:37:03,550 - INFO Retriever 0 - 当前更新窗口长度：28
2024-11-03 07:37:03,550 - INFO Retriever 0 - ————————————————————————————————————————————————————————————————


2024-11-03 07:37:47,400 - INFO Retriever 0 - Agent主脑给出的回答为：{
    "deep_think": {
        "thoughts": "从检索到的结果来看，似乎没有直接指向商店列表数据填充的文件。不过，我们可以注意到“start_menu.unity”这个文件，它可能是游戏主菜单的场景文件。商店列表数据填充通常会在场景文件中实现，或者与场景文件紧密相关。因此，我们可以先查看这个场景文件的内容，看看是否有相关的脚本或者组件。"
    }
}
2024-11-03 07:37:47,400 - INFO Retriever 0 - 是否成功解析：True
2024-11-03 07:37:47,400 - INFO Retriever 0 - operation_type (__det_dir_action):
2024-11-03 07:37:47,400 - INFO Retriever 0 - deep_think
2024-11-03 07:37:47,400 - INFO Retriever 0 - 

——————————————————————————————————————————————————————————————————————————————————————————————————————————————————————————
2024-11-03 07:37:47,400 - INFO Retriever 0 - Assistant:
2024-11-03 07:37:47,400 - INFO Retriever 0 - {
    "deep_think": {
        "thoughts": "从检索到的结果来看，似乎没有直接指向商店列表数据填充的文件。不过，我们可以注意到“start_menu.unity”这个文件，它可能是游戏主菜单的场景文件。商店列表数据填充通常会在场景文件中实现，或者与场景文件紧密相关。因此，我们可以先查看这个场景文件的内容，看看是否有相关的脚本或者组件。"
    }
}
2024-11-03 07:37:47,400 - INFO Retriever 0 - dict_keys(['deep_think'])
2024-11-03 07:37:47,400 - INFO Retriever 0 - Agent主脑给出的行动：deep_think
参数：{'thoughts': '从检索到的结果来看，似乎没有直接指向商店列表数据填充的文件。不过，我们可以注意到“start_menu.unity”这个文件，它可能是游戏主菜单的场景文件。商店列表数据填充通常会在场景文件中实现，或者与场景文件紧密相关。因此，我们可以先查看这个场景文件的内容，看看是否有相关的脚本或者组件。', 'repeat_counter': 1, 'continue_think_counter': 1}
2024-11-03 07:37:47,400 - INFO Retriever 0 - Observer: 好的，请继续你的下一步行动或思考。
2024-11-03 07:37:47,404 - INFO Retriever 0 - 

————————————————————————————————————————————————————————————————
2024-11-03 07:37:47,405 - INFO Retriever 0 - 当前窗口总长度：39
2024-11-03 07:37:47,405 - INFO Retriever 0 - 当前更新窗口长度：30
2024-11-03 07:37:47,405 - INFO Retriever 0 - 当前更新窗口长度：30
2024-11-03 07:37:47,405 - INFO Retriever 0 - -- updated_window_size >= self._compress_window_size --
2024-11-03 07:37:47,405 - INFO Retriever 0 - 进行窗口压缩
2024-11-03 07:40:24,741 - INFO Retriever 0 - window report:
* 文件一：
    * 文件绝对路径：D:/Unity/Survaval\Assets\_MyAssets\Scenes\start_menu.unity
    * 文件内容概述：这是一个名为“start_menu.unity”的文件，可能是游戏主菜单的场景文件。
    * 是否与问题相关：不确定
    * 具体分析：由于无法直接读取场景文件的内容，无法确定其是否包含商店列表数据填充的实现。需要进一步检查。

* 文件二：
    * 文件绝对路径：D:/Unity/Survaval\Assets\_MyAssets\Texture\icon\shop-dimond4.png
    * 文件内容概述：这是一个名为“shop-dimond4.png”的文件，可能是商店相关的图标。
    * 是否与问题相关：不确定
    * 具体分析：图标文件通常不包含商店列表数据填充的实现，但可能与商店界面设计相关。

* 文件三：
    * 文件绝对路径：D:/Unity/Survaval\Library\PackageCache\com.unity.timeline@1.6.4\Documentation~\images\timeline_cog_menu.png
    * 文件内容概述：这是一个名为“timeline_cog_menu.png”的文件，可能是Unity Timeline插件的菜单图标。
    * 是否与问题相关：无关
    * 具体分析：该文件与Unity Timeline插件相关，与商店列表数据填充无关。

* 文件四：
    * 文件绝对路径：D:/Unity/Survaval\Library\PackageCache\com.unity.render-pipelines.universal@12.1.7\Documentation~\Images\2D\2d-lights-gameobject-menu.png
    * 文件内容概述：这是一个名为“2d-lights-gameobject-menu.png”的文件，可能是Unity 2D渲染管道的菜单图标。
    * 是否与问题相关：无关
    * 具体分析：该文件与Unity 2D渲染管道相关，与商店列表数据填充无关。

* 文件五：
    * 文件绝对路径：D:/Unity/Survaval\Library\PackageCache\com.unity.timeline@1.6.4\Documentation~\images\timeline_workflow_recorded_clip_track_menu.png
    * 文件内容概述：这是一个名为“timeline_workflow_recorded_clip_track_menu.png”的文件，可能是Unity Timeline插件的菜单图标。
    * 是否与问题相关：无关
    * 具体分析：该文件与Unity Timeline插件相关，与商店列表数据填充无关。

* 文件六：
    * 文件绝对路径：D:/Unity/Survaval\Assets\DamageNumbersPro\Materials\Basic\Basic-Cool.asset
    * 文件内容概述：这是一个名为“Basic-Cool.asset”的文件，可能是与DamageNumbersPro插件相关的材质资源。
    * 是否与问题相关：无关
    * 具体分析：该文件与DamageNumbersPro插件相关，与商店列表数据填充无关。

* 文件七：
    * 文件绝对路径：D:/Unity/Survaval\Packages\com.unity.collections@0.15.0-preview.21\Unity.Collections\FixedList.gen.cs
    * 文件内容概述：这是一个名为“FixedList.gen.cs”的文件，可能是Unity Collections包中的固定大小列表生成代码。
    * 是否与问题相关：无关
    * 具体分析：该文件与Unity Collections包相关，与商店列表数据填充无关。

* 文件八：
    * 文件绝对路径：D:/Unity/Survaval\Assets\Plugins\Sirenix\Odin Inspector\Modules\Unity.Localization.data
    * 文件内容概述：这是一个名为“Unity.Localization.data”的文件，可能是与Sirenix Odin Inspector插件相关的本地化数据文件。
    * 是否与问题相关：无关
    * 具体分析：该文件与Sirenix Odin Inspector插件相关，与商店列表数据填充无关。
2024-11-03 07:40:24,744 - INFO Retriever 0 - 





——————————————————————————————Log compressed history list—————————————————————————————————
2024-11-03 07:40:24,744 - INFO Retriever 0 - ——————————————————————————————————————————order 1————————————————————————————————————————————




2024-11-03 07:40:24,744 - INFO Retriever 0 - user:
请在D:/Unity/Survaval\Assets下各级目录中寻找：游戏主菜单中商店列表数据填充在什么地方实现的？
2024-11-03 07:40:24,745 - INFO Retriever 0 - assistant:
{
    "deep_think": {
        "thoughts": "好的，接下来我将通过深度思考、仔细计划以及逐步执行的方式，来完成该任务。\n\n首先，在阅读详细的代码细节之前，应该先整体把握整个项目。\n\n在提供的可选的action中，可以通过get_folder_info操作，通过将项目顶层路径作为target_folder_path参数进行传入，来获取获取项目中主要文件夹和主要文件的描述，从而能够先大致把握项目文件的主要文件的文件树结构、基本内容、主要代码概述以及大致功能板块的分布。"
    }
}
2024-11-03 07:40:24,745 - INFO Retriever 0 - user:
好的，请继续你的下一步行动或思考。
2024-11-03 07:40:24,745 - INFO Retriever 0 - assistant:
{
    "get_folder_info": {
        "target_folder_path": "D:/Unity/Survaval\\Assets"
    }
}
2024-11-03 07:40:24,745 - INFO Retriever 0 - user:
目标文件夹路径：D:/Unity/Survaval\Assets
文件结构树（该结构树可能不完整，仅返回深度小于等于1层的子文件以及文件夹）：
├── AddressableAssetsData
│   ├── AddressableAssetSettings.asset
│   ├── Android
│   ├── AssetGroupTemplates
│   ├── AssetGroups
│   ├── DataBuilders
│   ├── DefaultObject.asset
│   ├── iOS
├── AmplifyShaderEditor
│   ├── AmplifyShaderEditor.asmdef
│   ├── ChangeLog.txt
│   ├── CreatingTerrainsWithASE.txt
│   ├── Plugins
│   ├── Readme.txt
├── BlobHashMaps
│   ├── BlobBuilderExtensions.cs
│   ├── BlobHashMap.cs
│   ├── BlobHashMapIntInt.cs
│   ├── BlobHashMaps.asmdef
│   ├── BlobMultiHashMap.cs
│   ├── Data
├── BuildReport
│   ├── CustomBuildScriptExample.txt
│   ├── GUI
│   ├── README.txt
│   ├── Scripts
│   ├── VERSION.txt
│   ├── license.txt
├── CapturePath
├── DamageNumbersPro
│   ├── DamageNumbersPro.asmdef
│   ├── Documentation.url
│   ├── Editor
│   ├── Fonts
│   ├── Materials
│   ├── Scripts
├── Editor
│   ├── ChannelSetting.cs
│   ├── OrbiteExtenedEditor.cs
│   ├── Resources
│   ├── ShaderStripSettings
├── Editor Default Resources
│   ├── MasterAudio
├── EnhancedScroller v2
│   ├── ChangeLog.txt
│   ├── Documentation
│   ├── Plugins
│   ├── Tutorials
│   ├── readme.txt
│   ├── upgrading from 1.x to 2.x.txt
├── FlockBox
│   ├── Classic
│   ├── DOTS
│   ├── Flock Box Manual.pdf
├── Gizmos
│   ├── MasterAudio
├── Magic Spells Sound Effects V2.0
│   ├── Casting Loops
│   ├── Element Scholls
│   ├── General Spell
│   ├── Medieval Combat Sounds BONUS
│   ├── Special Attack
├── Pixel Arsenal
│   ├── Demo
│   ├── Materials
│   ...
│   ├── Textures
├── Plugins
│   ├── Android
│   ├── DarkTonic
│   ├── Demigiant
│   ├── Editor
│   ├── RelationsInspector
│   ├── Sirenix
│   ├── iOS
├── RPG Icons Pixel Art
│   ├── Aeromancer
│   ├── Alchemy1
│   ...
│   ├── Сrossbowman
├── Resources
│   ├── DOTweenSettings.asset
│   ├── MasterAudio
├── SPUM
│   ├── MonsterOrc_Prefabs
│   ├── MonsterUndeadPrefabs
│   ...
│   ├── Sprite_SheetExporter(Beta)
├── StreamingAssets
├── TextMesh Pro
│   ├── Documentation
│   ├── Fonts
│   ├── Resources
│   ├── Shaders
│   ├── Sprites
├── UniversalRenderPipelineGlobalSettings.asset
├── VirtualButtonsForUnity
│   ├── VirtualButtonsForUnity
├── YouLoftSDK
│   ├── PottingMobileSDK
│   ├── PottingMobileServices
│   ...
│   ├── YouloftTemp.cs
├── ZTools
│   ├── GlobalStringBuilder.cs
│   ├── Localization
│   ├── ZTools.asmdef
├── _MyAssets
│   ├── Animations
│   ├── ArtAssets
│   ...
│   ├── URPSettings


其中，部分主要文件及文件夹的信息如下：
1. Assets
# 路径:D:\\Unity\\Survaval\Assets
# 内容概述:“UniversalRenderPipelineGlobalSettings.asset”文件是Unity项目中用于配置通用渲染管道（URP）全局设置的资产。它涵盖了光照模式、阴影质量、后处理效果以及性能优化等关键设置，如光照层配置、阴影质量选择和后处理效果启用，旨在平衡视觉效果与性能表现，以适应不同游戏的需求。

2. AddressableAssetsData
# 路径:D:\\Unity\\Survaval\Assets\AddressableAssetsData
# 内容概述:### 文件夹内容简述

“AddressableAssetsData”文件夹汇集了Unity游戏开发所需的资源管理和配置文件。其中，Android和iOS子文件夹分别管理针对各自平台的资源状态。AssetGroups和AssetGroupTemplates子文件夹则专注于资源打包和内容更新配置，而DataBuilders子文件夹提供了资源管理和场景加载的脚本配置。此外，AddressableAssetSettings.asset文件负责资源加载和优化全局设置，而DefaultObject.asset则定义了Unity脚本组件的配置。整体而言，这些文件共同构成了游戏资源高效管理和优化的框架。

3. AmplifyShaderEditor
# 路径:D:\\Unity\\Survaval\Assets\AmplifyShaderEditor
# 内容概述:“AmplifyShaderEditor”文件夹汇集了Unity游戏开发中Amplify Shader Editor插件的核心组件与资源，包括编辑器脚本、界面资源、版本更新日志和使用指南。其中，“Editor”子文件夹承载着插件的核心逻辑和操作界面，而“EditorResources”则提供了图形用户界面和渲染资源。更新日志“ChangeLog.txt”详细记录了插件的功能迭代和问题修复，而“CreatingTerrainsWithASE.txt”则指导用户如何利用ASE创建地形着色器。遗憾的是，“Readme.txt”因编码错误无法读取，但预计包含插件的基本使用说明。

4. BlobHashMaps
# 路径:D:\\Unity\\Survaval\Assets\BlobHashMaps
# 内容概述:“BlobHashMaps”文件夹汇集了针对Unity游戏引擎优化的数据结构脚本，包括BlobHashMap和BlobMultiHashMap的实现。核心文件如BlobBuilderHashMapData.cs和BlobHashMapData.cs定义了HashMap和只读哈希表，BlobBuilderExtensions.cs扩展了BlobHashMap功能，BlobHashMap.cs和BlobHashMapIntInt.cs则提供了更丰富的操作和构建器功能。BlobHashMaps.asmdef文件定义了模块依赖，而BlobMultiHashMap.cs引入了多哈希映射支持，共同构成了一个高效的数据管理工具集。

5. BuildReport
# 路径:D:\\Unity\\Survaval\Assets\BuildReport
# 内容概述:“BuildReport”文件夹汇集了Unity游戏引擎的构建报告工具及相关资源，包括UI设计资源（如BRTSkin、NativeSkin和NativeSkinExtraIcons）、自动化构建脚本（如CustomBuildScriptExample.txt）和编辑器脚本（位于Scripts/Editor）。此外，它还包含定义特定窗口样式的皮肤文件（BuildReportWindow.guiskin和BuildReportWindowDark.guiskin），以及工具的许可证信息（license.txt）和使用说明（README.txt）。VERSION.txt文件记录了工具的版本更新历史，突出了新增功能和错误修复。

6. CapturePath
# 路径:D:\\Unity\\Survaval\Assets\CapturePath
# 内容概述:该文件夹内容为空。

7. DamageNumbersPro
# 路径:D:\\Unity\\Survaval\Assets\DamageNumbersPro
# 内容概述:“DamageNumbersPro”文件夹汇集了Unity游戏开发所需的资源，包括编辑器脚本、多种风格的字体、材质和游戏逻辑脚本。其中，编辑器脚本用于资源配置，字体和材质丰富了游戏视觉元素，而脚本集合则支撑了游戏的核心逻辑和交互。此外，汇编定义文件和文档链接文件提供了模块化开发和项目文档的便捷访问。

8. Editor
# 路径:D:\\Unity\\Survaval\Assets\Editor
# 内容概述:### 文件夹内容总结

“Editor”文件夹汇集了Unity项目开发所需的资源与工具。其中，**Resources**子文件夹提供游戏与动画设计的视觉素材，包括角色、场景元素和预制游戏单元。**ShaderStripSettings**包含提升渲染质量的Unity脚本组件，而**ChannelSetting.cs**脚本则用于管理不同渠道的SDK和项目配置。此外，**OrbiteExtenedEditor.cs**编辑器扩展脚本增强了文本编辑和屏幕截图功能，辅助设计和开发流程。整体上，这些资源与工具相互关联，共同服务于Unity项目的开发与优化。

9. Editor Default Resources
# 路径:D:\\Unity\\Survaval\Assets\Editor Default Resources
# 内容概述:“Editor Default Resources”文件夹汇集了多种音频处理相关的图标，包括播放、暂停、停止等控制图标，以及复制、删除、保存等操作图标，还有LED灯状态指示和扬声器图标等。这些图标共同服务于音频编辑和界面设计，为用户提供了直观的操作和状态指示。

10. EnhancedScroller v2
# 路径:D:\\Unity\\Survaval\Assets\EnhancedScroller v2
# 内容概述:该“EnhancedScroller v2”文件夹汇集了Unity游戏开发中EnhancedScroller插件的全面资源，包括用户手册、插件代码、教程和更新日志。用户手册详细介绍了插件的使用方法，插件代码则由组件、单元格视图和动画系统等组成，旨在提升UI开发效率。教程资源帮助开发者快速上手，而更新日志和升级指南则提供了插件版本间的变化和升级指导。

11. FlockBox
# 路径:D:\\Unity\\Survaval\Assets\FlockBox
# 内容概述:### 文件夹内容精简总结

“Flock Box”文件夹是Unity游戏开发项目，集成了视觉资源、游戏逻辑脚本和DOTS架构相关资源。其中，**Classic**子文件夹提供游戏场景、预制体和艺术资源，**DOTS**子文件夹则专注于DOTS架构的脚本和材料。项目手册“Flock Box Manual.pdf”详细介绍了项目结构、资源使用和开发指南，为开发者提供了全面的项目操作指导。

12. Gizmos
# 路径:D:\\Unity\\Survaval\Assets\Gizmos
# 内容概述:“Gizmos”文件夹汇集了音频处理相关的图标设计，包括“MasterAudio”品牌标识和“PlaylistController”播放列表控制功能的图标，旨在为音频软件界面提供视觉元素。

13. Magic Spells Sound Effects V2.0
# 路径:D:\\Unity\\Survaval\Assets\Magic Spells Sound Effects V2.0
# 内容概述:“Magic Spells Sound Effects V2.0”文件夹汇集了丰富的音效资源，包括循环施法音效、元素相关施法音效、通用魔法效果、中世纪战斗声音以及特定攻击音效。这些音效覆盖了从增益攻击到治疗，从施法到战斗动作，适用于游戏、影视等多媒体项目，且文件命名清晰，便于快速查找和使用。

14. Pixel Arsenal
# 路径:D:\\Unity\\Survaval\Assets\Pixel Arsenal
# 内容概述:“Pixel Arsenal”文件夹汇集了丰富的游戏开发资源，包括视觉素材（如天空盒和纹理）、预制体（如界面元素和特效）、场景素材、Unity脚本（用于游戏逻辑）和音频效果。这些资源相互关联，共同构建了游戏和视觉效果的基础，适用于Unity等游戏引擎。文件夹内的“ReadMe.txt”文件提供了资源使用指南和潜在的技术支持信息。

15. Plugins
# 路径:D:\\Unity\\Survaval\Assets\Plugins
# 内容概述:“Plugins”文件夹汇集了多平台游戏开发资源，包括Android应用开发工具、Unity游戏资源包如音频和网络同步插件，以及编辑器扩展和iOS应用开发组件。其中，Android子文件夹提供项目配置和第三方库；Unity相关资源如DarkTonic和Demigiant则专注于音频和网络同步，以及动画处理；Editor子文件夹增强Unity编辑器功能；iOS子文件夹涵盖性能监控和广告集成等iOS特有功能。这些资源相互关联，共同构建了一个全面的游戏开发环境。

16. Resources
# 路径:D:\\Unity\\Survaval\Assets\Resources
# 内容概述:### 文件夹内容总结

“Resources”文件夹汇集了Unity游戏项目的关键配置资源，包括“MasterAudioSettings.asset”用于音频处理和插件配置，以及“DOTweenSettings.asset”用于动画和缓动库的详细设置，两者共同确保游戏音效和动画的优化与流畅。

17. RPG Icons Pixel Art
# 路径:D:\\Unity\\Survaval\Assets\RPG Icons Pixel Art
# 内容概述:当然可以。以下是融合后的简短内容：

“Support contact.pdf”文件提供客户支持联系信息，包括电话、电子邮件和在线支持服务，并附有服务时间表、常见问题解答以及用户反馈表单，旨在为用户提供便捷的咨询与支持服务。

18. SPUM
# 路径:D:\\Unity\\Survaval\Assets\SPUM
# 内容概述:“SPUM”文件夹汇集了丰富的游戏开发资源，包括怪物与角色预制体、动画素材、图像资源、字体、材质以及Unity脚本等。它涵盖了从角色模型和动画到编辑器扩展和场景设置的全方位内容，旨在支持游戏开发、3D建模和动画制作项目。文件夹内不同子目录紧密关联，共同构成了一个完整的项目资源库。

19. StreamingAssets
# 路径:D:\\Unity\\Survaval\Assets\StreamingAssets
# 内容概述:“StreamingAssets”文件夹主要存储流媒体应用所需的资源，包括视频、音频和图像文件，以及相关的配置和脚本文件。该文件夹内部分为视频、音频、图像、配置和脚本等子文件夹，各自管理不同类型的媒体资源和播放逻辑配置，以确保资源的高效加载和流式传输。

20. TextMesh Pro
# 路径:D:\\Unity\\Survaval\Assets\TextMesh Pro
# 内容概述:该“TextMesh Pro”文件夹汇集了TextMesh Pro软件的用户指南、Liberation Sans字体资源、Unity项目资源包以及表情符号素材。其中，用户指南详细介绍了软件操作，Liberation Sans字体提供多种样式，Unity资源包包括字体、材质和精灵资产，着色器文件则专注于图形渲染，而表情符号资源则便于集成到项目中。这些内容相互关联，共同服务于游戏开发与图形设计的需求。

21. VirtualButtonsForUnity
# 路径:D:\\Unity\\Survaval\Assets\VirtualButtonsForUnity
# 内容概述:### 文件夹内容概览

“VirtualButtonsForUnity”文件夹是Unity游戏开发资源，集成了虚拟按钮、方向垫和摇杆预制体及脚本，旨在增强游戏交互体验。内含示例项目、预制体、脚本、图像资源和详细文档，方便开发者快速集成和使用。

22. YouLoftSDK
# 路径:D:\\Unity\\Survaval\Assets\YouLoftSDK
# 内容概述:### 文件夹内容总结

“YouLoftSDK”文件夹是Unity游戏开发者的综合工具包，集成了广告管理、支付、用户管理、数据同步等功能模块。其中，**PottingMobileSDK** 提供了Android和iOS平台的插件和脚本，**PottingMobileServices** 则包含了跨平台服务接口和功能脚本。广告管理、支付、礼包兑换等具体功能由 **YouLoftAd.cs**、**YouLoftPay.cs** 和 **YouLoftRedeemcode.cs** 等文件实现，而 **YouLoftSDKManager.cs** 负责管理这些模块，确保它们协同工作。此外，**YouLoftLogin.cs** 处理用户登录，**YouLoftEvent.cs** 和 **YouloftTemp.cs** 分别提供事件跟踪和配置同步功能，共同支撑游戏的整体运行。

23. ZTools
# 路径:D:\\Unity\\Survaval\Assets\ZTools
# 内容概述:### 文件夹内容总结
“ZTools”文件夹汇集了Unity游戏开发中本地化和字符串操作的工具。其中，包含用于本地化文本管理的脚本，如`StaticLocalizedText.cs`和`StaticLocalizedText_UGUI.cs`，以及`Strings.cs`用于管理本地化字符串。此外，`GlobalStringBuilder.cs`提供了全局字符串构建功能，优化了字符串操作性能。而“ZTools.asmdef”文件则定义了项目中的“ZTools”程序集，管理着相关脚本文件的引用和编译。这些工具共同构成了一个高效且模块化的开发环境。

24. _MyAssets
# 路径:D:\\Unity\\Survaval\Assets\_MyAssets
# 内容概述:“_MyAssets”文件夹是游戏开发的核心资源库，汇集了动画、艺术资产、音频、数据配置、编辑器资源、字体、图标、脚本、着色器等关键文件，以及预制体和场景设计。它为游戏提供了丰富的视觉和音频效果，并通过详细的配置文件和脚本实现了复杂的游戏逻辑和交互。文件夹内资源相互关联，共同支撑起游戏的整体架构和功能实现。

25. UniversalRenderPipelineGlobalSettings.asset
# 路径:D:\\Unity\\Survaval\Assets\UniversalRenderPipelineGlobalSettings.asset
# 内容概述:### 简化总结

该文件是Unity的通用渲染管道全局设置配置，定义了8个光照层（如Light Layer default至Light Layer 7）。它还包含了性能优化设置，如移除调试变体和未使用变体，以及不支持运行时调试显示。


2024-11-03 07:40:24,748 - INFO Retriever 0 - assistant:
{
    "deep_think": {
        "thoughts": "在获取了项目文件的顶层结构后，我还需要结合待查询的问题描述，对于项目中的文件和目录进行一些深度关键词检索。根据任务描述：“请在D:/Unity/Survaval\\Assets下各级目录中寻找：游戏主菜单中商店列表数据填充在什么地方实现的？”，我总结出如下可能会出现在各个文件名或者文件内容中的关键词：“列表”，“shop”，“商店”，“数据”，“清单”，“data filling”，“shopping list”，“data”，“menu”，“list”，“store list”，“bill of fare”，“store”，“填充”，“主”，“商店列表”，“fill”，“fill in”，“菜单”，“master”，“数据填充”，“data population”。\n接下来，我将使用retrieve_keywords操作，在项目顶层路径“D:/Unity/Survaval\\Assets”下检索这些关键词，从而大致把握可能与问题描述相关的文件或目录的路径。"
    }
}
2024-11-03 07:40:24,749 - INFO Retriever 0 - user:
好的，请继续你的下一步行动或思考。
2024-11-03 07:40:24,749 - INFO Retriever 0 - assistant:
{
    "retrieve_keywords": {
        "keyword_list": [
            "列表",
            "shop",
            "商店",
            "数据",
            "清单",
            "data filling",
            "shopping list",
            "data",
            "menu",
            "list",
            "store list",
            "bill of fare",
            "store",
            "填充",
            "主",
            "商店列表",
            "fill",
            "fill in",
            "菜单",
            "master",
            "数据填充",
            "data population"
        ]
    }
}
2024-11-03 07:40:24,749 - INFO Retriever 0 - user:
根据你提供的关键词，我检索到以下目录或文件，它们的绝对路径如下：


1. D:\\Unity\\Survaval\Library\PackageCache\com.unity.timeline@1.6.4\Documentation~\images\workflow_nesting_master.png
这是一个名为“workflow_nesting_master.png”的文件。

2. D:\\Unity\\Survaval\Assets\Editor Default Resources\MasterAudio\inspector_header_master_audio.png
这是一个名为“inspector_header_master_audio.png”的文件。

3. D:\\Unity\\Survaval\Assets\_MyAssets\Scenes\start_menu.unity
这是一个名为“start_menu.unity”的文件。

4. D:\\Unity\\Survaval\Assets\_MyAssets\Texture\icon\shop-dimond6.png
这是一个名为“shop-dimond6.png”的文件。

5. D:\\Unity\\Survaval\Library\PackageCache\com.unity.timeline@1.6.4\Documentation~\images\timeline_cog_menu.png
这是一个名为“timeline_cog_menu.png”的文件。

6. D:\\Unity\\Survaval\Library\PackageCache\com.unity.timeline@1.6.4\Documentation~\images\timeline_humanoid_match_menu.png
这是一个名为“timeline_humanoid_match_menu.png”的文件。

7. D:\\Unity\\Survaval\Library\PackageCache\com.unity.timeline@1.6.4\Documentation~\images\timeline_workflow_recorded_clip_track_menu.png
这是一个名为“timeline_workflow_recorded_clip_track_menu.png”的文件。

8. D:\\Unity\\Survaval\Packages\com.unity.entities@0.17.0-preview.41\Unity.Scenes\GlobalAssetObjectResolver.cs
该脚本定义了`GlobalAssetObjectResolver`类，用于在Unity引擎中管理资源的解析和加载。该类提供了一系列方法来添加、更新、验证和解析资源对象，同时支持资源的卸载和查找。它通过一个内部字典存储资源信息，包括资源清单、资源包和目标哈希，支持高效的资源管理和访问。


请注意，这些目录或文件可能不全都和你的任务目标相关，仅供参考。请你基于具体的文件内容概述，结合你的任务目标，认真思考分析后，优先选择最有可能与任务相关的目录或文件进行进一步的检查。
2024-11-03 07:40:24,749 - INFO Retriever 0 - assistant:
好的。在我进行下一步行动或思考前，我又回顾了一下，以下是之前已经遍历过的文件信息：

* 文件一：
    * 文件绝对路径：D:/Unity/Survaval\Assets\_MyAssets\Scenes\start_menu.unity
    * 文件内容概述：这是一个名为“start_menu.unity”的文件，可能是游戏主菜单的场景文件。
    * 是否与问题相关：不确定
    * 具体分析：由于无法直接读取场景文件的内容，无法确定其是否包含商店列表数据填充的实现。需要进一步检查。

* 文件二：
    * 文件绝对路径：D:/Unity/Survaval\Assets\_MyAssets\Texture\icon\shop-dimond4.png
    * 文件内容概述：这是一个名为“shop-dimond4.png”的文件，可能是商店相关的图标。
    * 是否与问题相关：不确定
    * 具体分析：图标文件通常不包含商店列表数据填充的实现，但可能与商店界面设计相关。

* 文件三：
    * 文件绝对路径：D:/Unity/Survaval\Library\PackageCache\com.unity.timeline@1.6.4\Documentation~\images\timeline_cog_menu.png
    * 文件内容概述：这是一个名为“timeline_cog_menu.png”的文件，可能是Unity Timeline插件的菜单图标。
    * 是否与问题相关：无关
    * 具体分析：该文件与Unity Timeline插件相关，与商店列表数据填充无关。

* 文件四：
    * 文件绝对路径：D:/Unity/Survaval\Library\PackageCache\com.unity.render-pipelines.universal@12.1.7\Documentation~\Images\2D\2d-lights-gameobject-menu.png
    * 文件内容概述：这是一个名为“2d-lights-gameobject-menu.png”的文件，可能是Unity 2D渲染管道的菜单图标。
    * 是否与问题相关：无关
    * 具体分析：该文件与Unity 2D渲染管道相关，与商店列表数据填充无关。

* 文件五：
    * 文件绝对路径：D:/Unity/Survaval\Library\PackageCache\com.unity.timeline@1.6.4\Documentation~\images\timeline_workflow_recorded_clip_track_menu.png
    * 文件内容概述：这是一个名为“timeline_workflow_recorded_clip_track_menu.png”的文件，可能是Unity Timeline插件的菜单图标。
    * 是否与问题相关：无关
    * 具体分析：该文件与Unity Timeline插件相关，与商店列表数据填充无关。

* 文件六：
    * 文件绝对路径：D:/Unity/Survaval\Assets\DamageNumbersPro\Materials\Basic\Basic-Cool.asset
    * 文件内容概述：这是一个名为“Basic-Cool.asset”的文件，可能是与DamageNumbersPro插件相关的材质资源。
    * 是否与问题相关：无关
    * 具体分析：该文件与DamageNumbersPro插件相关，与商店列表数据填充无关。

* 文件七：
    * 文件绝对路径：D:/Unity/Survaval\Packages\com.unity.collections@0.15.0-preview.21\Unity.Collections\FixedList.gen.cs
    * 文件内容概述：这是一个名为“FixedList.gen.cs”的文件，可能是Unity Collections包中的固定大小列表生成代码。
    * 是否与问题相关：无关
    * 具体分析：该文件与Unity Collections包相关，与商店列表数据填充无关。

* 文件八：
    * 文件绝对路径：D:/Unity/Survaval\Assets\Plugins\Sirenix\Odin Inspector\Modules\Unity.Localization.data
    * 文件内容概述：这是一个名为“Unity.Localization.data”的文件，可能是与Sirenix Odin Inspector插件相关的本地化数据文件。
    * 是否与问题相关：无关
    * 具体分析：该文件与Sirenix Odin Inspector插件相关，与商店列表数据填充无关。

以上是我回顾的之前已经遍历过的文件信息。接下来，我将基于上述的进度，继续进行任务。
2024-11-03 07:40:24,749 - INFO Retriever 0 - user:
好的，请继续你的下一步行动或思考。
2024-11-03 07:40:24,749 - INFO Retriever 0 - 

——————————————————————————————————————————————————————————————————————————————————————————
2024-11-03 07:40:24,752 - INFO Retriever 0 - ——————————————————————————————————————————————————————————————————————————————————————————
2024-11-03 07:40:24,752 - INFO Retriever 0 - ————————————————————————————————————————————————————————————————


2024-11-03 07:40:32,136 - INFO Retriever 0 - Agent主脑给出的回答为：{
    "deep_think": {
        "thoughts": "根据之前检索到的文件列表，我注意到“start_menu.unity”文件可能是游戏主菜单的场景文件，而“shop-dimond6.png”文件可能是商店相关的图标。这两个文件可能与商店列表数据填充的实现有关。接下来，我将使用read_file操作，读取“start_menu.unity”文件的内容，以查看其是否包含商店列表数据填充的实现。"
    }
}
2024-11-03 07:40:32,137 - INFO Retriever 0 - 是否成功解析：True
2024-11-03 07:40:32,137 - INFO Retriever 0 - operation_type (__det_dir_action):
2024-11-03 07:40:32,137 - INFO Retriever 0 - deep_think
2024-11-03 07:40:32,137 - INFO Retriever 0 - 

——————————————————————————————————————————————————————————————————————————————————————————————————————————————————————————
2024-11-03 07:40:32,137 - INFO Retriever 0 - Assistant:
2024-11-03 07:40:32,138 - INFO Retriever 0 - {
    "deep_think": {
        "thoughts": "根据之前检索到的文件列表，我注意到“start_menu.unity”文件可能是游戏主菜单的场景文件，而“shop-dimond6.png”文件可能是商店相关的图标。这两个文件可能与商店列表数据填充的实现有关。接下来，我将使用read_file操作，读取“start_menu.unity”文件的内容，以查看其是否包含商店列表数据填充的实现。"
    }
}
2024-11-03 07:40:32,138 - INFO Retriever 0 - dict_keys(['deep_think'])
2024-11-03 07:40:32,138 - INFO Retriever 0 - Agent主脑给出的行动：deep_think
参数：{'thoughts': '根据之前检索到的文件列表，我注意到“start_menu.unity”文件可能是游戏主菜单的场景文件，而“shop-dimond6.png”文件可能是商店相关的图标。这两个文件可能与商店列表数据填充的实现有关。接下来，我将使用read_file操作，读取“start_menu.unity”文件的内容，以查看其是否包含商店列表数据填充的实现。', 'repeat_counter': 1, 'continue_think_counter': 1}
2024-11-03 07:40:32,138 - INFO Retriever 0 - Observer: 好的，请继续你的下一步行动或思考。
2024-11-03 07:40:32,141 - INFO Retriever 0 - 

————————————————————————————————————————————————————————————————
2024-11-03 07:40:32,142 - INFO Retriever 0 - 当前窗口总长度：13
2024-11-03 07:40:32,143 - INFO Retriever 0 - 当前更新窗口长度：4
2024-11-03 07:40:32,143 - INFO Retriever 0 - 当前更新窗口长度：4
2024-11-03 07:40:32,144 - INFO Retriever 0 - ————————————————————————————————————————————————————————————————


2024-11-03 07:40:38,366 - INFO Retriever 0 - Agent主脑给出的回答为：{
    "read_file": {
        "file_path": "D:/Unity/Survaval\\Assets\\_MyAssets\\Scenes\\start_menu.unity"
    }
}
2024-11-03 07:40:38,366 - INFO Retriever 0 - 是否成功解析：True
2024-11-03 07:40:38,366 - INFO Retriever 0 - operation_type (__det_dir_action):
2024-11-03 07:40:38,366 - INFO Retriever 0 - read_file
2024-11-03 07:40:38,368 - INFO Retriever 0 - 

——————————————————————————————————————————————————————————————————————————————————————————————————————————————————————————
2024-11-03 07:40:38,368 - INFO Retriever 0 - Assistant:
2024-11-03 07:40:38,368 - INFO Retriever 0 - {
    "read_file": {
        "file_path": "D:/Unity/Survaval\\Assets\\_MyAssets\\Scenes\\start_menu.unity"
    }
}
2024-11-03 07:40:38,368 - INFO Retriever 0 - dict_keys(['read_file'])
2024-11-03 07:40:38,368 - INFO Retriever 0 - Agent主脑给出的行动：read_file
参数：{'file_path': 'D:/Unity/Survaval\\Assets\\_MyAssets\\Scenes\\start_menu.unity', 'top_path': 'D:/Unity/Survaval\\Assets', 'return_file_sum': <bound method TreeGenerationAction.return_file_sum of <Action.tree_gen_action.TreeGenerationAction object at 0x0000020B4FC8E730>>}
2024-11-03 07:40:38,369 - INFO Retriever 0 - Observer: 这是一个名为“start_menu.unity”的文件。
2024-11-03 07:40:38,370 - INFO Retriever 0 - 

————————————————————————————————————————————————————————————————
2024-11-03 07:40:38,370 - INFO Retriever 0 - 当前窗口总长度：15
2024-11-03 07:40:38,370 - INFO Retriever 0 - 当前更新窗口长度：6
2024-11-03 07:40:38,370 - INFO Retriever 0 - 当前更新窗口长度：6
2024-11-03 07:40:38,371 - INFO Retriever 0 - ————————————————————————————————————————————————————————————————


2024-11-03 07:40:45,604 - INFO Retriever 0 - Agent主脑给出的回答为：{
    "deep_think": {
        "thoughts": "由于“start_menu.unity”文件的内容无法直接读取，我无法确定其是否包含商店列表数据填充的实现。因此，我需要进一步考虑其他可能的文件或目录。根据之前的检索结果，我注意到“shop-dimond6.png”文件可能是商店相关的图标，但图标文件通常不包含商店列表数据填充的实现。因此，我需要重新考虑我的策略。\n\n考虑到商店列表数据填充的实现可能涉及到游戏逻辑或UI设计，我决定将搜索范围缩小到与游戏逻辑和UI设计相关的目录。在Unity项目中，这些目录通常包括“Scripts”和“Editor”目录。因此，我将使用get_folder_info操作，获取“D:/Unity/Survaval\\Assets\\_MyAssets\\Scripts”目录下的文件信息，以查找可能与商店列表数据填充相关的脚本文件。"
    }
}
2024-11-03 07:40:45,605 - INFO Retriever 0 - 是否成功解析：True
2024-11-03 07:40:45,605 - INFO Retriever 0 - operation_type (__det_dir_action):
2024-11-03 07:40:45,605 - INFO Retriever 0 - deep_think
2024-11-03 07:40:45,605 - INFO Retriever 0 - 

——————————————————————————————————————————————————————————————————————————————————————————————————————————————————————————
2024-11-03 07:40:45,605 - INFO Retriever 0 - Assistant:
2024-11-03 07:40:45,606 - INFO Retriever 0 - {
    "deep_think": {
        "thoughts": "由于“start_menu.unity”文件的内容无法直接读取，我无法确定其是否包含商店列表数据填充的实现。因此，我需要进一步考虑其他可能的文件或目录。根据之前的检索结果，我注意到“shop-dimond6.png”文件可能是商店相关的图标，但图标文件通常不包含商店列表数据填充的实现。因此，我需要重新考虑我的策略。\n\n考虑到商店列表数据填充的实现可能涉及到游戏逻辑或UI设计，我决定将搜索范围缩小到与游戏逻辑和UI设计相关的目录。在Unity项目中，这些目录通常包括“Scripts”和“Editor”目录。因此，我将使用get_folder_info操作，获取“D:/Unity/Survaval\\Assets\\_MyAssets\\Scripts”目录下的文件信息，以查找可能与商店列表数据填充相关的脚本文件。"
    }
}
2024-11-03 07:40:45,606 - INFO Retriever 0 - dict_keys(['deep_think'])
2024-11-03 07:40:45,606 - INFO Retriever 0 - Agent主脑给出的行动：deep_think
参数：{'thoughts': '由于“start_menu.unity”文件的内容无法直接读取，我无法确定其是否包含商店列表数据填充的实现。因此，我需要进一步考虑其他可能的文件或目录。根据之前的检索结果，我注意到“shop-dimond6.png”文件可能是商店相关的图标，但图标文件通常不包含商店列表数据填充的实现。因此，我需要重新考虑我的策略。\n\n考虑到商店列表数据填充的实现可能涉及到游戏逻辑或UI设计，我决定将搜索范围缩小到与游戏逻辑和UI设计相关的目录。在Unity项目中，这些目录通常包括“Scripts”和“Editor”目录。因此，我将使用get_folder_info操作，获取“D:/Unity/Survaval\\Assets\\_MyAssets\\Scripts”目录下的文件信息，以查找可能与商店列表数据填充相关的脚本文件。', 'repeat_counter': 1, 'continue_think_counter': 1}
2024-11-03 07:40:45,607 - INFO Retriever 0 - Observer: 好的，请继续你的下一步行动或思考。
2024-11-03 07:40:45,608 - INFO Retriever 0 - 

————————————————————————————————————————————————————————————————
2024-11-03 07:40:45,608 - INFO Retriever 0 - 当前窗口总长度：17
2024-11-03 07:40:45,608 - INFO Retriever 0 - 当前更新窗口长度：8
2024-11-03 07:40:45,608 - INFO Retriever 0 - 当前更新窗口长度：8
2024-11-03 07:40:45,608 - INFO Retriever 0 - ————————————————————————————————————————————————————————————————


2024-11-03 07:40:49,553 - INFO Retriever 0 - Agent主脑给出的回答为：{
    "get_folder_info": {
        "target_folder_path": "D:/Unity/Survaval\\Assets\\_MyAssets\\Scripts"
    }
}
2024-11-03 07:40:49,553 - INFO Retriever 0 - 是否成功解析：True
2024-11-03 07:40:49,554 - INFO Retriever 0 - operation_type (__det_dir_action):
2024-11-03 07:40:49,554 - INFO Retriever 0 - get_folder_info
2024-11-03 07:40:49,554 - INFO Retriever 0 - 

——————————————————————————————————————————————————————————————————————————————————————————————————————————————————————————
2024-11-03 07:40:49,554 - INFO Retriever 0 - Assistant:
2024-11-03 07:40:49,554 - INFO Retriever 0 - {
    "get_folder_info": {
        "target_folder_path": "D:/Unity/Survaval\\Assets\\_MyAssets\\Scripts"
    }
}
2024-11-03 07:40:49,555 - INFO Retriever 0 - dict_keys(['get_folder_info'])
2024-11-03 07:40:49,555 - INFO Retriever 0 - Agent主脑给出的行动：get_folder_info
参数：{'target_folder_path': 'D:/Unity/Survaval\\Assets\\_MyAssets\\Scripts'}
2024-11-03 07:40:49,791 - INFO Retriever 0 - Observer: 目标文件夹路径：D:/Unity/Survaval\Assets\_MyAssets\Scripts
文件结构树（该结构树可能不完整，仅返回深度小于等于1层的子文件以及文件夹）：
├── Character
│   ├── AlwaysTtrans
│   ├── CriSprite
│   ...
│   ├── Tag
├── DOTSSimpleRenderer
│   ├── DOTSSimpleCullingSystem.cs
│   ├── DOTSSimpleRenderFeature.cs
│   ├── DOTSSimpleRenderGroup.cs
│   ├── DOTSSimpleRenderer.cs
│   ├── DOTSSimpleRendererComponents.cs
├── DOTSSound
│   ├── DOTSSoundComponent.cs
│   ├── DOTSSoundComponentData.cs
│   ├── DOTSSoundPlaySystem.cs
├── Data
│   ├── AchivementData.cs
│   ├── BattlePassData.cs
│   ...
│   ├── WeaponData.cs
├── Enviorment
│   ├── EnvironmentGrid.cs
├── GameSystem
│   ├── DamageNumberSpawner.cs
│   ├── FlushBuffSystem.cs
│   ...
│   ├── WeaponRootSystem.cs
├── Gameplay
│   ├── BuffValue.cs
│   ├── FlockBoxBoundarySyncSystem.cs
│   ...
│   ├── WeaponFireOnceTag.cs
├── Item
│   ├── DropOrb.cs
│   ├── DropOrbComponent.cs
│   ...
│   ├── WeaponUpgradeInfo.cs
├── Save
│   ├── SaveData.cs
│   ├── SaveManager.cs
├── UI
│   ├── AdAndPurchase.cs
│   ├── AudioSourceInit.cs
│   ...
│   ├── Utility
├── Utility
│   ├── AssetReferenceUIFolderRestriction.cs
│   ├── GameCommon.cs
│   ├── GameExtension.cs


其中，部分主要文件及文件夹的信息如下：
1. Scripts
# 路径:D:\\Unity\\Survaval\Assets\_MyAssets\Scripts
# 内容概述:“Scripts”文件夹是Unity游戏项目的核心脚本库，集成了角色管理、数据管理、渲染优化、声音处理、环境构建、游戏玩法、系统组件、UI设计和辅助工具等多种功能。它包含的角色脚本如动画和敌人管理，与游戏玩法和数据管理脚本紧密协作，共同构建了游戏的角色系统和核心逻辑。同时，渲染和声音优化脚本提升了性能，而UI脚本则负责交互界面。此外，通用工具和扩展功能脚本为游戏提供了额外的辅助和灵活性，确保了项目的整体流畅性和功能性。

2. Character
# 路径:D:\\Unity\\Survaval\Assets\_MyAssets\Scripts\Character
# 内容概述:“Character”文件夹汇集了Unity游戏引擎中角色系统的关键脚本，包括角色属性、技能、动画和交互逻辑。其中，**AlwaysTtrans**、**CriSprite**、**Equip**等子文件夹分别处理角色旋转、暴击图标动画和装备系统，而**Enemy**、**Player**等子文件夹则专注于敌人管理和玩家控制。这些脚本通过定义数据结构和系统组件，确保角色和敌人能够正确交互，并实现动画和视觉效果。整体上，文件夹内容紧密关联，共同构建了游戏角色的动态和互动体验。

3. Data
# 路径:D:\\Unity\\Survaval\Assets\_MyAssets\Scripts\Data
# 内容概述:### 文件夹内容概要

“Data”文件夹汇集了Unity游戏开发的核心数据管理脚本，涵盖成就、战令、奖励、技能、属性、角色、地图等关键游戏元素。文件夹内包含多个C#脚本，如管理成就和战令数据的脚本，以及处理物品、装备和地图配置的脚本。这些脚本不仅定义了游戏数据结构，还提供了编辑器集成功能，便于在Unity编辑器中创建和管理游戏资产，确保了游戏数据的一致性和可维护性。

4. DOTSSimpleRenderer
# 路径:D:\\Unity\\Survaval\Assets\_MyAssets\Scripts\DOTSSimpleRenderer
# 内容概述:### 文件夹内容概要

该“DOTSSimpleRenderer”文件夹汇集了Unity游戏引擎中用于优化渲染性能的脚本文件。主要包含以下内容：

- **DOTSSimpleCullingSystem.cs**：实现物体剔除逻辑，优化渲染效率。
- **DOTSSimpleRenderer.cs**：负责将GameObject转换为DOTS组件数据，便于在DOTS系统中处理。
- **DOTSSimpleRendererComponents.cs**：定义了存储渲染数据的结构体，支持Unity实体系统。
- **DOTSSimpleRenderFeature.cs**：管理渲染通道，处理不透明和透明物体的渲染。
- **DOTSSimpleRenderGroup.cs**：创建DOTS渲染组，组织和管理渲染相关系统。

这些脚本相互协作，通过剔除、数据转换和渲染通道管理，共同提升渲染性能和效率。

5. DOTSSound
# 路径:D:\\Unity\\Survaval\Assets\_MyAssets\Scripts\DOTSSound
# 内容概述:该“DOTSSound”文件夹汇集了Unity ECS架构下的声音管理脚本。主要文件DOTSSoundComponent.cs负责将游戏对象转换为ECS实体，并利用DOTSSoundComponentData.cs中定义的数据结构来配置声音源。DOTSSoundPlaySystem.cs则包含负责生成和执行声音播放命令的系统，包括处理声音源生成和粒子效果关联的子系统。整体上，这些脚本协同工作，以高效地在Unity游戏中管理声音播放。

6. Enviorment
# 路径:D:\\Unity\\Survaval\Assets\_MyAssets\Scripts\Enviorment
# 内容概述:## 文件夹内容简述

“Enviorment”文件夹内包含的“EnvironmentGrid.cs”脚本，是Unity游戏环境网格管理的核心。该脚本定义了`EnvironmentGrid`类，负责根据玩家选择加载相应地图纹理，并在玩家移动时同步更新网格纹理，确保游戏环境与玩家动作实时匹配。

7. Gameplay
# 路径:D:\\Unity\\Survaval\Assets\_MyAssets\Scripts\Gameplay
# 内容概述:“Gameplay”文件夹汇集了Unity游戏开发的关键脚本，包括增益效果管理（BuffValue.cs）、边界同步（FlockBoxBoundarySyncSystem.cs）、游戏组件数据定义（GameplayComponents.cs）、游戏数据存储（GameplayData.cs）、属性升级计算（GameplayFormula.cs）、游戏管理（GameplayManager.cs）和游戏系统（GameplaySystem.cs）。这些脚本协同工作，定义了游戏的核心玩法逻辑、数据结构和系统管理，确保游戏流程的顺畅和玩家交互的连贯性。

8. GameSystem
# 路径:D:\\Unity\\Survaval\Assets\_MyAssets\Scripts\GameSystem
# 内容概述:“GameSystem”文件夹汇集了Unity游戏开发的关键脚本，包括DamageNumberSpawner.cs用于生成攻击伤害数字，FlushBuffSystem.cs处理技能效果刷新，NPCWeaponKeepFireSystem.cs确保NPC持续射击，以及WeaponRootSystem.cs管理武器生命周期。此外，GameDataSystem.cs负责游戏数据管理，PrefabWarmingSystem.cs优化预制体加载，WeaponBaseParameterSyncSystem.cs同步武器参数。这些脚本相互协作，共同支撑起游戏的核心功能。

9. Item
# 路径:D:\\Unity\\Survaval\Assets\_MyAssets\Scripts\Item
# 内容概述:“Item”文件夹汇集了Unity游戏开发中的关键脚本，专注于武器系统、掉落物管理、经验球处理、NPC武器设置、时间控制、武器升级以及实体转换等功能。这些脚本通过ECS架构优化性能，包括武器缩放与粒子效果控制（WeaponRound）、掉落物生成与销毁逻辑（DropOrb系列）、经验球生成与收集管理（ExpOrb系列）、NPC武器数据转换（NPCWeaponObject）、时间组件更新（TimeComponent和TimeWaitSystem）、武器技能标识与升级信息处理（WeaponActiveSkillUsageTag和WeaponUpgradeInfo），以及武器与玩家关系的管理（WeaponAlignWithPlayer和WeaponConstantFollowPlayer）。这些脚本相互关联，共同构成了游戏的核心交互和系统功能。

10. Save
# 路径:D:\\Unity\\Survaval\Assets\_MyAssets\Scripts\Save
# 内容概述:“Save”文件夹汇集了Unity游戏开发中的数据管理脚本，其中`SaveData.cs`定义了用于存储玩家游戏数据的结构体，而`SaveManager.cs`则负责这些数据的保存与加载，包括使用`PlayerPrefs`进行序列化处理和数据版本管理，确保玩家进度和设置得以持久化。

11. UI
# 路径:D:\\Unity\\Survaval\Assets\_MyAssets\Scripts\UI
# 内容概述:“UI”文件夹汇集了Unity游戏开发的UI脚本，涵盖战斗、货币、新手引导、主界面、工具类和辅助功能。其中，`BattleUI`管理战斗相关UI，`CurrencyUI`处理货币系统，`Guide`负责新手引导，`MainUI`构建游戏主界面框架。此外，`Utility`提供UI适配和辅助工具，`AdAndPurchase`整合广告和支付功能，而`UIHelper`等脚本则辅助数据管理和UI控制，确保游戏UI的完整性和功能性。

12. Utility
# 路径:D:\\Unity\\Survaval\Assets\_MyAssets\Scripts\Utility
# 内容概述:“Utility”文件夹汇集了Unity游戏开发辅助脚本，包含`AssetReferenceUIFolderRestriction.cs`用于UI界面资产引用限制，`GameCommon.cs`提供通用工具如日志记录和时间处理，以及`GameExtension.cs`实现游戏扩展功能，如本地化和音频处理，这些脚本相互协作，共同支撑游戏逻辑的构建。


2024-11-03 07:40:49,793 - INFO Retriever 0 - 

————————————————————————————————————————————————————————————————
2024-11-03 07:40:49,796 - INFO Retriever 0 - 当前窗口总长度：19
2024-11-03 07:40:49,796 - INFO Retriever 0 - 当前更新窗口长度：10
2024-11-03 07:40:49,796 - INFO Retriever 0 - 当前更新窗口长度：10
2024-11-03 07:40:49,796 - INFO Retriever 0 - ————————————————————————————————————————————————————————————————


2024-11-03 07:40:55,390 - INFO Retriever 0 - Agent主脑给出的回答为：{
    "deep_think": {
        "thoughts": "在获取了“D:/Unity/Survaval\\Assets\\_MyAssets\\Scripts”目录下的文件信息后，我注意到“Data”文件夹可能包含商店列表数据填充的实现，因为它通常用于存储游戏数据。我将使用get_folder_info操作，获取“D:/Unity/Survaval\\Assets\\_MyAssets\\Scripts\\Data”目录下的文件信息，以查找可能与商店列表数据填充相关的脚本文件。"
    }
}
2024-11-03 07:40:55,390 - INFO Retriever 0 - 是否成功解析：True
2024-11-03 07:40:55,390 - INFO Retriever 0 - operation_type (__det_dir_action):
2024-11-03 07:40:55,390 - INFO Retriever 0 - deep_think
2024-11-03 07:40:55,390 - INFO Retriever 0 - 

——————————————————————————————————————————————————————————————————————————————————————————————————————————————————————————
2024-11-03 07:40:55,390 - INFO Retriever 0 - Assistant:
2024-11-03 07:40:55,390 - INFO Retriever 0 - {
    "deep_think": {
        "thoughts": "在获取了“D:/Unity/Survaval\\Assets\\_MyAssets\\Scripts”目录下的文件信息后，我注意到“Data”文件夹可能包含商店列表数据填充的实现，因为它通常用于存储游戏数据。我将使用get_folder_info操作，获取“D:/Unity/Survaval\\Assets\\_MyAssets\\Scripts\\Data”目录下的文件信息，以查找可能与商店列表数据填充相关的脚本文件。"
    }
}
2024-11-03 07:40:55,390 - INFO Retriever 0 - dict_keys(['deep_think'])
2024-11-03 07:40:55,394 - INFO Retriever 0 - Agent主脑给出的行动：deep_think
参数：{'thoughts': '在获取了“D:/Unity/Survaval\\Assets\\_MyAssets\\Scripts”目录下的文件信息后，我注意到“Data”文件夹可能包含商店列表数据填充的实现，因为它通常用于存储游戏数据。我将使用get_folder_info操作，获取“D:/Unity/Survaval\\Assets\\_MyAssets\\Scripts\\Data”目录下的文件信息，以查找可能与商店列表数据填充相关的脚本文件。', 'repeat_counter': 1, 'continue_think_counter': 1}
2024-11-03 07:40:55,394 - INFO Retriever 0 - Observer: 好的，请继续你的下一步行动或思考。
2024-11-03 07:40:55,394 - INFO Retriever 0 - 

————————————————————————————————————————————————————————————————
2024-11-03 07:40:55,394 - INFO Retriever 0 - 当前窗口总长度：21
2024-11-03 07:40:55,394 - INFO Retriever 0 - 当前更新窗口长度：12
2024-11-03 07:40:55,394 - INFO Retriever 0 - 当前更新窗口长度：12
2024-11-03 07:40:55,394 - INFO Retriever 0 - ————————————————————————————————————————————————————————————————


2024-11-03 07:41:59,664 - INFO Retriever 0 - 

————————————————————————————————————STOP IN POS 2————————————————————————————————————


