2024-11-29 09:18:41,018 - INFO Retriever 0 - Init Retriever.
2024-11-29 09:18:48,854 - INFO Retriever 0 - keywords:“['启动', 'sheet', 'Commencement', '层面', '物品', 'level', '主', 'page', '开始', 'plane', 'object', 'master', '主页面对象', 'begin', '页面', '对象', '按钮', 'button', 'knob', 'home page']”，“['页面', 'page', '开始', '按键', 'button', 'key', 'about', 'sheet', '主', '的', 'Commencement', 'of', 'master']”，“['启动', 'sheet', 'Commencement', '层面', '物品', 'event', 'level', '主', 'Button Press Event', 'page', '开始', 'plane', 'object', 'master', 'begin', '主页面对象', '页面', '对象', '按钮', '按键', '按键事件', 'button', '事件', 'key', 'knob', 'home page', 'Key Press Event', 'incident']”
2024-11-29 09:18:48,855 - INFO Retriever 0 - deep_think_conent
:在获取了项目文件的顶层结构后，我还需要结合待查询的问题描述，对于项目中的文件和目录进行一些深度关键词检索。根据任务描述：“请在D:/my_file/MyFile/YunSi/Project/Games/Cocos/CocosCyberpunk_all/CocosCyberpunk\Assets下各级目录中寻找：主页面的开始游戏按键是如何让游戏开始的，代码层面的逻辑是怎样的”，我总结出如下可能会出现在各个文件名或者文件内容中的关键词：“['启动', 'sheet', 'Commencement', '层面', '物品', 'level', '主', 'page', '开始', 'plane', 'object', 'master', '主页面对象', 'begin', '页面', '对象', '按钮', 'button', 'knob', 'home page']”，“['页面', 'page', '开始', '按键', 'button', 'key', 'about', 'sheet', '主', '的', 'Commencement', 'of', 'master']”，“['启动', 'sheet', 'Commencement', '层面', '物品', 'event', 'level', '主', 'Button Press Event', 'page', '开始', 'plane', 'object', 'master', 'begin', '主页面对象', '页面', '对象', '按钮', '按键', '按键事件', 'button', '事件', 'key', 'knob', 'home page', 'Key Press Event', 'incident']”。
接下来，我将使用retrieve_keywords操作，在项目顶层路径“D:/my_file/MyFile/YunSi/Project/Games/Cocos/CocosCyberpunk_all/CocosCyberpunk\Assets”下检索这些关键词，从而大致把握可能与问题描述相关的文件或目录的路径。
2024-11-29 09:18:48,857 - INFO Retriever 0 - ——————————————————————————————————————————————————————————————————————————————————————————————————————————————————————————
2024-11-29 09:18:48,860 - INFO Retriever 0 - Assistant:
2024-11-29 09:18:48,861 - INFO Retriever 0 - {
    "deep_think": {
        "thoughts": "好的，接下来我将通过深度思考、仔细计划以及逐步执行的方式，来完成该任务。\n\n首先，在阅读详细的代码细节之前，应该先整体把握整个项目。\n\n在提供的可选的action中，可以通过get_folder_info操作，通过将项目顶层路径作为target_folder_path参数进行传入，来获取获取项目中主要文件夹和主要文件的描述，从而能够先大致把握项目文件的主要文件的文件树结构、基本内容、主要代码概述以及大致功能板块的分布。"
    }
}
2024-11-29 09:18:48,862 - INFO Retriever 0 - 
Observer:
2024-11-29 09:18:48,863 - INFO Retriever 0 - 好的，请继续你的下一步行动或思考。
2024-11-29 09:18:48,889 - INFO Retriever 0 - 
2024-11-29 09:18:49,834 - INFO Retriever 0 - ——————————————————————————————————————————————————————————————————————————————————————————————————————————————————————————
2024-11-29 09:18:49,836 - INFO Retriever 0 - Assistant:
2024-11-29 09:18:49,837 - INFO Retriever 0 - {
    "get_folder_info": {
        "target_folder_path": "D:/my_file/MyFile/YunSi/Project/Games/Cocos/CocosCyberpunk_all/CocosCyberpunk\\Assets"
    }
}
2024-11-29 09:18:49,838 - INFO Retriever 0 - 
Observer:
2024-11-29 09:18:49,841 - INFO Retriever 0 - 目标路径D:/my_file/MyFile/YunSi/Project/Games/Cocos/CocosCyberpunk_all/CocosCyberpunk\Assets不存在。

2024-11-29 09:18:49,843 - INFO Retriever 0 - 
2024-11-29 09:18:49,845 - INFO Retriever 0 - ——————————————————————————————————————————————————————————————————————————————————————————————————————————————————————————
2024-11-29 09:18:49,846 - INFO Retriever 0 - Assistant:
2024-11-29 09:18:49,849 - INFO Retriever 0 - {
    "deep_think": {
        "thoughts": "在获取了项目文件的顶层结构后，我还需要结合待查询的问题描述，对于项目中的文件和目录进行一些深度关键词检索。根据任务描述：“请在D:/my_file/MyFile/YunSi/Project/Games/Cocos/CocosCyberpunk_all/CocosCyberpunk\\Assets下各级目录中寻找：主页面的开始游戏按键是如何让游戏开始的，代码层面的逻辑是怎样的”，我总结出如下可能会出现在各个文件名或者文件内容中的关键词：“['启动', 'sheet', 'Commencement', '层面', '物品', 'level', '主', 'page', '开始', 'plane', 'object', 'master', '主页面对象', 'begin', '页面', '对象', '按钮', 'button', 'knob', 'home page']”，“['页面', 'page', '开始', '按键', 'button', 'key', 'about', 'sheet', '主', '的', 'Commencement', 'of', 'master']”，“['启动', 'sheet', 'Commencement', '层面', '物品', 'event', 'level', '主', 'Button Press Event', 'page', '开始', 'plane', 'object', 'master', 'begin', '主页面对象', '页面', '对象', '按钮', '按键', '按键事件', 'button', '事件', 'key', 'knob', 'home page', 'Key Press Event', 'incident']”。\n接下来，我将使用retrieve_keywords操作，在项目顶层路径“D:/my_file/MyFile/YunSi/Project/Games/Cocos/CocosCyberpunk_all/CocosCyberpunk\\Assets”下检索这些关键词，从而大致把握可能与问题描述相关的文件或目录的路径。"
    }
}
2024-11-29 09:18:49,849 - INFO Retriever 0 - 
Observer:
2024-11-29 09:18:49,852 - INFO Retriever 0 - 好的，请继续你的下一步行动或思考。
2024-11-29 09:18:49,853 - INFO Retriever 0 - 
2024-11-29 09:18:49,855 - INFO Retriever 0 - ——————————————————————————————————————————————————————————————————————————————————————————————————————————————————————————
2024-11-29 09:18:49,856 - INFO Retriever 0 - Assistant:
2024-11-29 09:18:49,860 - INFO Retriever 0 - {
    "retrieve_keywords": {
        "keyword_list": [
            [
                "启动",
                "sheet",
                "Commencement",
                "层面",
                "物品",
                "level",
                "主",
                "page",
                "开始",
                "plane",
                "object",
                "master",
                "主页面对象",
                "begin",
                "页面",
                "对象",
                "按钮",
                "button",
                "knob",
                "home page"
            ],
            [
                "页面",
                "page",
                "开始",
                "按键",
                "button",
                "key",
                "about",
                "sheet",
                "主",
                "的",
                "Commencement",
                "of",
                "master"
            ],
            [
                "启动",
                "sheet",
                "Commencement",
                "层面",
                "物品",
                "event",
                "level",
                "主",
                "Button Press Event",
                "page",
                "开始",
                "plane",
                "object",
                "master",
                "begin",
                "主页面对象",
                "页面",
                "对象",
                "按钮",
                "按键",
                "按键事件",
                "button",
                "事件",
                "key",
                "knob",
                "home page",
                "Key Press Event",
                "incident"
            ]
        ]
    }
}
2024-11-29 09:18:49,863 - INFO Retriever 0 - 
Observer:
2024-11-29 09:18:49,863 - INFO Retriever 0 - 根据您的问题和提供的搜索结果，以下是与“主页面的开始游戏按键是如何让游戏开始的，代码层面的逻辑是怎样的”这一主题最相关的文件：

* 文件一：
    * 文件绝对路径：D:/my_file/MyFile/YunSi/Project/Games/Cocos/CocosCyberpunk_all/CocosCyberpunk/library/20/20a5d8cb-ccad-4543-a937-fccd98c9f3de.json
    * 文件内容概述：该JSON文件描述了一个名为“pageView”的页面视图预制件，包含了多个节点和组件，这些节点和组件可能包括开始游戏按键的布局和功能定义。
    * 是否与问题相关：可能相关
    * 具体分析：这个文件定义了一个页面视图，可能包含了开始游戏按键的布局和视觉元素。要了解按键背后的代码逻辑，可能需要进一步查看与这个预制件相关的脚本文件或事件监听器代码。

由于TFIDF搜索结果中没有直接指向开始游戏按键的代码逻辑，而且Retrieve搜索结果未能找到相关文件，因此无法直接提供按键触发游戏开始的代码层面逻辑。您可能需要进一步检查与“pageView”预制件相关的脚本文件，或者检查游戏中的事件监听器，以找到触发游戏开始的具体代码实现。
2024-11-29 09:18:49,865 - INFO Retriever 0 - 
2024-11-29 09:19:08,889 - INFO Retriever 0 - Agent主脑给出的回答为：{
    "deep_think": {
        "thoughts": "根据搜索结果，我们发现了一个可能包含开始游戏按键布局和功能定义的JSON文件。这个文件似乎描述了一个名为“pageView”的页面视图预制件。然而，要了解按键背后的代码逻辑，我们需要查看与这个预制件相关的脚本文件或事件监听器代码。\n\n接下来，我们应该检查这个JSON文件所在的目录，以及任何可能引用这个预制件的脚本文件。我们可以使用get_folder_info操作来获取这个目录下的文件信息，然后寻找与预制件相关的脚本文件。"
    }
}
2024-11-29 09:19:08,889 - INFO Retriever 0 - 是否成功解析：True
2024-11-29 09:19:08,890 - INFO Retriever 0 - operation_type (__det_dir_action):
2024-11-29 09:19:08,890 - INFO Retriever 0 - deep_think
2024-11-29 09:19:08,890 - INFO Retriever 0 - 

——————————————————————————————————————————————————————————————————————————————————————————————————————————————————————————
2024-11-29 09:19:08,890 - INFO Retriever 0 - Assistant:
2024-11-29 09:19:08,890 - INFO Retriever 0 - {
    "deep_think": {
        "thoughts": "根据搜索结果，我们发现了一个可能包含开始游戏按键布局和功能定义的JSON文件。这个文件似乎描述了一个名为“pageView”的页面视图预制件。然而，要了解按键背后的代码逻辑，我们需要查看与这个预制件相关的脚本文件或事件监听器代码。\n\n接下来，我们应该检查这个JSON文件所在的目录，以及任何可能引用这个预制件的脚本文件。我们可以使用get_folder_info操作来获取这个目录下的文件信息，然后寻找与预制件相关的脚本文件。"
    }
}
2024-11-29 09:19:08,890 - INFO Retriever 0 - dict_keys(['deep_think'])
2024-11-29 09:19:08,891 - INFO Retriever 0 - Agent主脑给出的行动：deep_think
参数：{'thoughts': '根据搜索结果，我们发现了一个可能包含开始游戏按键布局和功能定义的JSON文件。这个文件似乎描述了一个名为“pageView”的页面视图预制件。然而，要了解按键背后的代码逻辑，我们需要查看与这个预制件相关的脚本文件或事件监听器代码。\n\n接下来，我们应该检查这个JSON文件所在的目录，以及任何可能引用这个预制件的脚本文件。我们可以使用get_folder_info操作来获取这个目录下的文件信息，然后寻找与预制件相关的脚本文件。', 'repeat_counter': 1, 'continue_think_counter': 1}
2024-11-29 09:19:08,891 - INFO Retriever 0 - Observer: 好的，请继续你的下一步行动或思考。
2024-11-29 09:19:08,892 - INFO Retriever 0 - 

————————————————————————————————————————————————————————————————
2024-11-29 09:19:08,892 - INFO Retriever 0 - 当前窗口总长度：11
2024-11-29 09:19:08,892 - INFO Retriever 0 - 当前更新窗口长度：2
2024-11-29 09:19:08,892 - INFO Retriever 0 - 当前更新窗口长度：2
2024-11-29 09:19:08,893 - INFO Retriever 0 - ————————————————————————————————————————————————————————————————


2024-11-29 09:19:12,028 - INFO Retriever 0 - Agent主脑给出的回答为：{
    "get_folder_info": {
        "target_folder_path": "D:/my_file/MyFile/YunSi/Project/Games/Cocos/CocosCyberpunk_all/CocosCyberpunk/library/20"
    }
}
2024-11-29 09:19:12,028 - INFO Retriever 0 - 是否成功解析：True
2024-11-29 09:19:12,029 - INFO Retriever 0 - operation_type (__det_dir_action):
2024-11-29 09:19:12,029 - INFO Retriever 0 - get_folder_info
2024-11-29 09:19:12,029 - INFO Retriever 0 - 

——————————————————————————————————————————————————————————————————————————————————————————————————————————————————————————
2024-11-29 09:19:12,029 - INFO Retriever 0 - Assistant:
2024-11-29 09:19:12,029 - INFO Retriever 0 - {
    "get_folder_info": {
        "target_folder_path": "D:/my_file/MyFile/YunSi/Project/Games/Cocos/CocosCyberpunk_all/CocosCyberpunk/library/20"
    }
}
2024-11-29 09:19:12,030 - INFO Retriever 0 - dict_keys(['get_folder_info'])
2024-11-29 09:19:12,030 - INFO Retriever 0 - Agent主脑给出的行动：get_folder_info
参数：{'target_folder_path': 'D:/my_file/MyFile/YunSi/Project/Games/Cocos/CocosCyberpunk_all/CocosCyberpunk/library/20'}
2024-11-29 09:19:12,094 - INFO Retriever 0 - Observer: 目标文件夹路径：D:/my_file/MyFile/YunSi/Project/Games/Cocos/CocosCyberpunk_all/CocosCyberpunk/library/20
文件结构树（该结构树可能不完整，仅返回深度小于等于1层的子文件以及文件夹）：
├── 200329f7-0bbd-49f7-bf9c-e70283b92f4c.json
├── 200329f7-0bbd-49f7-bf9c-e70283b92f4c.png
├── 200329f7-0bbd-49f7-bf9c-e70283b92f4c@6c48a.json
├── 2009bd9c-9d28-4c7b-9fc5-fb322e240b73.json
├── 2009bd9c-9d28-4c7b-9fc5-fb322e240b73.png
├── 2009bd9c-9d28-4c7b-9fc5-fb322e240b73@6c48a.json
├── 201554ab-9ee1-4474-a68a-11d70079bbf5@9d156.json
├── 201554ab-9ee1-4474-a68a-11d70079bbf5@a8e8f.bin
├── 201554ab-9ee1-4474-a68a-11d70079bbf5@a8e8f.json
├── 20397b12-7836-4a8b-abab-21b5162e80e2@67008.bin
├── 20397b12-7836-4a8b-abab-21b5162e80e2@67008.json
├── 20397b12-7836-4a8b-abab-21b5162e80e2@f0843.json
├── 205c17d2-cfc2-4d14-aacf-0ae87ddeaf4d
│   └── __original-animation-0.cconb
├── 205c17d2-cfc2-4d14-aacf-0ae87ddeaf4d@1a2f5.cconb
├── 205c17d2-cfc2-4d14-aacf-0ae87ddeaf4d@d0dad.json
├── 207e136c-9a49-465a-81f0-aefcf4a13a4b@80769.bin
├── 207e136c-9a49-465a-81f0-aefcf4a13a4b@80769.json
├── 207e136c-9a49-465a-81f0-aefcf4a13a4b@9d156.json
├── 20835ba4-6145-4fbc-a58a-051ce700aa3e.json
├── 20835ba4-6145-4fbc-a58a-051ce700aa3e.png
├── 20835ba4-6145-4fbc-a58a-051ce700aa3e@6c48a.json
├── 20835ba4-6145-4fbc-a58a-051ce700aa3e@f9941.json
├── 208c15d3-13fc-4b01-bf5c-97a3f6a48cda.json
├── 208c15d3-13fc-4b01-bf5c-97a3f6a48cda.png
├── 208c15d3-13fc-4b01-bf5c-97a3f6a48cda@6c48a.json
├── 208c15d3-13fc-4b01-bf5c-97a3f6a48cda@f9941.json
├── 20957ea8-0129-4dfc-b930-d2b86f5e750d@0088c.bin
├── 20957ea8-0129-4dfc-b930-d2b86f5e750d@0088c.json
├── 20957ea8-0129-4dfc-b930-d2b86f5e750d@9d156.json
├── 20983781-5314-45e7-add6-a26db78c429e.json
├── 20983781-5314-45e7-add6-a26db78c429e.png
├── 20983781-5314-45e7-add6-a26db78c429e@6c48a.json
├── 20a5d8cb-ccad-4543-a937-fccd98c9f3de.json
├── 20d7ed25-80b6-4090-8349-9d2113418894@45b70.bin
├── 20d7ed25-80b6-4090-8349-9d2113418894@45b70.json
├── 20d7ed25-80b6-4090-8349-9d2113418894@9d156.json
├── 20d99e09-8c0c-44a1-bfac-fa9827f87b32.json
├── 20d99e09-8c0c-44a1-bfac-fa9827f87b32.png
├── 20d99e09-8c0c-44a1-bfac-fa9827f87b32@6c48a.json
├── 20ef894e-8eea-4239-a664-5b525acabda8.json
├── 20ef894e-8eea-4239-a664-5b525acabda8.png
├── 20ef894e-8eea-4239-a664-5b525acabda8@6c48a.json
├── 20f557f4-d613-4009-8b26-581b6a653f26@46037.bin
├── 20f557f4-d613-4009-8b26-581b6a653f26@46037.json
├── 20f557f4-d613-4009-8b26-581b6a653f26@53b6b.json
├── 20fe583d-2f55-46c9-819f-e3091524b7db@97504.bin
├── 20fe583d-2f55-46c9-819f-e3091524b7db@97504.json
└── 20fe583d-2f55-46c9-819f-e3091524b7db@f0843.json


其中，部分主要文件及文件夹的信息如下：
1. 20
# 路径:D:/my_file/MyFile/YunSi/Project/Games/Cocos/CocosCyberpunk_all/CocosCyberpunk\library\20
# 内容概述:### 文件夹内容总结

该文件夹“20”汇集了多种3D游戏开发资源，包括动画、纹理、模型和场景配置文件。主要文件类型为`.json`，用于存储配置信息，如纹理资源、3D模型结构和场景布局。此外，还有`.png`和`.bin`文件，分别代表图像资源和模型数据。文件间通过共享资源ID紧密关联，共同构成了一个完整的游戏或应用项目。

2. 205c17d2-cfc2-4d14-aacf-0ae87ddeaf4d
# 路径:D:/my_file/MyFile/YunSi/Project/Games/Cocos/CocosCyberpunk_all/CocosCyberpunk\library\20\205c17d2-cfc2-4d14-aacf-0ae87ddeaf4d
# 内容概述:该文件夹“205c17d2-cfc2-4d14-aacf-0ae87ddeaf4d”主要包含一个名为“__original-animation-0.cconb”的文件，疑似为动画或相关媒体内容的核心文件。文件夹内无其他子文件或文件夹。

3. 200329f7-0bbd-49f7-bf9c-e70283b92f4c.json
# 路径:D:/my_file/MyFile/YunSi/Project/Games/Cocos/CocosCyberpunk_all/CocosCyberpunk\library\20\200329f7-0bbd-49f7-bf9c-e70283b92f4c.json
# 内容概述:这是一个名为“200329f7-0bbd-49f7-bf9c-e70283b92f4c.json”的文件。该文件中的内容为：
这是一个名为“200329f7-0bbd-49f7-bf9c-e70283b92f4c.json”的文件，该文件里的内容为：
{
  "__type__": "cc.ImageAsset",
  "content": {
    "fmt": "0",
    "w": 0,
    "h": 0
  }
}

4. 200329f7-0bbd-49f7-bf9c-e70283b92f4c.png
# 路径:D:/my_file/MyFile/YunSi/Project/Games/Cocos/CocosCyberpunk_all/CocosCyberpunk\library\20\200329f7-0bbd-49f7-bf9c-e70283b92f4c.png
# 内容概述:这是一个名为“200329f7-0bbd-49f7-bf9c-e70283b92f4c.png”的文件。

5. 200329f7-0bbd-49f7-bf9c-e70283b92f4c@6c48a.json
# 路径:D:/my_file/MyFile/YunSi/Project/Games/Cocos/CocosCyberpunk_all/CocosCyberpunk\library\20\200329f7-0bbd-49f7-bf9c-e70283b92f4c@6c48a.json
# 内容概述:该文本文件描述了一个`cc.Texture2D`纹理资源，其基础尺寸为2x2像素，且所有MIP级别均指向同一资源`200329f7-0bbd-49f7-bf9c-e70283b92f4c`。

6. 2009bd9c-9d28-4c7b-9fc5-fb322e240b73.json
# 路径:D:/my_file/MyFile/YunSi/Project/Games/Cocos/CocosCyberpunk_all/CocosCyberpunk\library\20\2009bd9c-9d28-4c7b-9fc5-fb322e240b73.json
# 内容概述:这是一个名为“2009bd9c-9d28-4c7b-9fc5-fb322e240b73.json”的文件。该文件中的内容为：
这是一个名为“2009bd9c-9d28-4c7b-9fc5-fb322e240b73.json”的文件，该文件里的内容为：
{
  "__type__": "cc.ImageAsset",
  "content": {
    "fmt": "0",
    "w": 0,
    "h": 0
  }
}

7. 2009bd9c-9d28-4c7b-9fc5-fb322e240b73.png
# 路径:D:/my_file/MyFile/YunSi/Project/Games/Cocos/CocosCyberpunk_all/CocosCyberpunk\library\20\2009bd9c-9d28-4c7b-9fc5-fb322e240b73.png
# 内容概述:这是一个名为“2009bd9c-9d28-4c7b-9fc5-fb322e240b73.png”的文件。

8. 2009bd9c-9d28-4c7b-9fc5-fb322e240b73@6c48a.json
# 路径:D:/my_file/MyFile/YunSi/Project/Games/Cocos/CocosCyberpunk_all/CocosCyberpunk\library\20\2009bd9c-9d28-4c7b-9fc5-fb322e240b73@6c48a.json
# 内容概述:### 文本文件内容总结

该文件描述了一个`cc.Texture2D`纹理资源，包含基础参数`base`和Mipmap资源标识符。`base`字段为`"2,2,0,0,0,0"`，而`mipmaps`字段指向标识符`"2009bd9c-9d28-4c7b-9fc5-fb322e240b73"`，用于识别纹理资源。

9. 201554ab-9ee1-4474-a68a-11d70079bbf5@9d156.json
# 路径:D:/my_file/MyFile/YunSi/Project/Games/Cocos/CocosCyberpunk_all/CocosCyberpunk\library\20\201554ab-9ee1-4474-a68a-11d70079bbf5@9d156.json
# 内容概述:### 简要总结
该文件描述了一个3D场景中的节点结构，包括名为“lod_0”的节点及其子节点“Mesh”。文件详细了节点位置、旋转、缩放等属性，并配置了“MeshRenderer”组件的渲染设置，如阴影模式和反射探针。此外，还包含了模型的烘焙设置，如光照探针的使用。

10. 201554ab-9ee1-4474-a68a-11d70079bbf5@a8e8f.bin
# 路径:D:/my_file/MyFile/YunSi/Project/Games/Cocos/CocosCyberpunk_all/CocosCyberpunk\library\20\201554ab-9ee1-4474-a68a-11d70079bbf5@a8e8f.bin
# 内容概述:这是一个名为“201554ab-9ee1-4474-a68a-11d70079bbf5@a8e8f.bin”的文件。

11. 201554ab-9ee1-4474-a68a-11d70079bbf5@a8e8f.json
# 路径:D:/my_file/MyFile/YunSi/Project/Games/Cocos/CocosCyberpunk_all/CocosCyberpunk\library\20\201554ab-9ee1-4474-a68a-11d70079bbf5@a8e8f.json
# 内容概述:### 简化总结

该文件详细记录了一个三维网格模型（cc.Mesh）的详细信息，包括其顶点属性（位置、法线、纹理坐标等）和边界范围。模型以二进制格式存储，并提供了顶点集合的索引视图，便于在渲染时访问。

12. 20397b12-7836-4a8b-abab-21b5162e80e2@67008.bin
# 路径:D:/my_file/MyFile/YunSi/Project/Games/Cocos/CocosCyberpunk_all/CocosCyberpunk\library\20\20397b12-7836-4a8b-abab-21b5162e80e2@67008.bin
# 内容概述:这是一个名为“20397b12-7836-4a8b-abab-21b5162e80e2@67008.bin”的文件。

13. 20397b12-7836-4a8b-abab-21b5162e80e2@67008.json
# 路径:D:/my_file/MyFile/YunSi/Project/Games/Cocos/CocosCyberpunk_all/CocosCyberpunk\library\20\20397b12-7836-4a8b-abab-21b5162e80e2@67008.json
# 内容概述:该文件描述了一个三维网格模型（cc.Mesh），包含两个几何元素，每个元素都有顶点索引和索引视图。模型顶点数据包括位置、法线、纹理坐标和切线等属性，且未进行归一化处理。模型在三维空间中的位置范围由最小和最大坐标点界定。

14. 20397b12-7836-4a8b-abab-21b5162e80e2@f0843.json
# 路径:D:/my_file/MyFile/YunSi/Project/Games/Cocos/CocosCyberpunk_all/CocosCyberpunk\library\20\20397b12-7836-4a8b-abab-21b5162e80e2@f0843.json
# 内容概述:### 简要总结

该文件描述了一个3D游戏资源配置，包括预制件“cc.Prefab”的基本属性，节点“lod_1”的位置和缩放设置，网格“Mesh”的渲染组件，以及网格渲染器“cc.MeshRenderer”的材质和阴影设置。此外，还包含了模型烘焙设置和预制件的具体信息，如文件ID和关联的预制件实例。

15. 205c17d2-cfc2-4d14-aacf-0ae87ddeaf4d@1a2f5.cconb
# 路径:D:/my_file/MyFile/YunSi/Project/Games/Cocos/CocosCyberpunk_all/CocosCyberpunk\library\20\205c17d2-cfc2-4d14-aacf-0ae87ddeaf4d@1a2f5.cconb
# 内容概述:这是一个名为“205c17d2-cfc2-4d14-aacf-0ae87ddeaf4d@1a2f5.cconb”的文件。

16. 205c17d2-cfc2-4d14-aacf-0ae87ddeaf4d@d0dad.json
# 路径:D:/my_file/MyFile/YunSi/Project/Games/Cocos/CocosCyberpunk_all/CocosCyberpunk\library\20\205c17d2-cfc2-4d14-aacf-0ae87ddeaf4d@d0dad.json
# 内容概述:### 文本内容总结
该JSON文件详细记录了一个三维角色模型的结构和动画信息。文件内包含角色各部分（如手臂、腿部、头部）的节点属性，包括位置、旋转和缩放，以及动画剪辑的UUID和播放设置。这些数据对于游戏或动画中的角色构建和动画实现至关重要。

17. 207e136c-9a49-465a-81f0-aefcf4a13a4b@80769.bin
# 路径:D:/my_file/MyFile/YunSi/Project/Games/Cocos/CocosCyberpunk_all/CocosCyberpunk\library\20\207e136c-9a49-465a-81f0-aefcf4a13a4b@80769.bin
# 内容概述:这是一个名为“207e136c-9a49-465a-81f0-aefcf4a13a4b@80769.bin”的文件。

18. 207e136c-9a49-465a-81f0-aefcf4a13a4b@80769.json
# 路径:D:/my_file/MyFile/YunSi/Project/Games/Cocos/CocosCyberpunk_all/CocosCyberpunk\library\20\207e136c-9a49-465a-81f0-aefcf4a13a4b@80769.json
# 内容概述:该文件详细描述了一个3D网格对象“cc.Mesh”，包含170个顶点及其属性（如位置、法线、纹理坐标等），以及696个索引定义顶点连接。网格的X、Y、Z坐标范围从-0.206852至0.206852，适用于3D图形和游戏开发。文件还提供了数据格式和访问权限信息，以确保网格数据的有效使用和验证。

19. 207e136c-9a49-465a-81f0-aefcf4a13a4b@9d156.json
# 路径:D:/my_file/MyFile/YunSi/Project/Games/Cocos/CocosCyberpunk_all/CocosCyberpunk\library\20\207e136c-9a49-465a-81f0-aefcf4a13a4b@9d156.json
# 内容概述:### 简要总结
该JSON文件描述了一个3D场景中的节点结构，包括名为“lod_0”的根节点及其子节点“Mesh”，后者装备了cc.MeshRenderer组件以渲染3D网格。文件还包含了渲染器的详细设置，如材质、阴影和烘焙参数，以及预制件的文件ID和烘焙设置信息。

20. 20835ba4-6145-4fbc-a58a-051ce700aa3e.json
# 路径:D:/my_file/MyFile/YunSi/Project/Games/Cocos/CocosCyberpunk_all/CocosCyberpunk\library\20\20835ba4-6145-4fbc-a58a-051ce700aa3e.json
# 内容概述:这是一个名为“20835ba4-6145-4fbc-a58a-051ce700aa3e.json”的文件。该文件中的内容为：
这是一个名为“20835ba4-6145-4fbc-a58a-051ce700aa3e.json”的文件，该文件里的内容为：
{
  "__type__": "cc.ImageAsset",
  "content": {
    "fmt": "0",
    "w": 0,
    "h": 0
  }
}

21. 20835ba4-6145-4fbc-a58a-051ce700aa3e.png
# 路径:D:/my_file/MyFile/YunSi/Project/Games/Cocos/CocosCyberpunk_all/CocosCyberpunk\library\20\20835ba4-6145-4fbc-a58a-051ce700aa3e.png
# 内容概述:这是一个名为“20835ba4-6145-4fbc-a58a-051ce700aa3e.png”的文件。

22. 20835ba4-6145-4fbc-a58a-051ce700aa3e@6c48a.json
# 路径:D:/my_file/MyFile/YunSi/Project/Games/Cocos/CocosCyberpunk_all/CocosCyberpunk\library\20\20835ba4-6145-4fbc-a58a-051ce700aa3e@6c48a.json
# 内容概述:该文件描述了一个`cc.Texture2D`纹理资源，包含基本格式信息（如颜色通道数）和关联的米普贴图名称。

23. 20835ba4-6145-4fbc-a58a-051ce700aa3e@f9941.json
# 路径:D:/my_file/MyFile/YunSi/Project/Games/Cocos/CocosCyberpunk_all/CocosCyberpunk\library\20\20835ba4-6145-4fbc-a58a-051ce700aa3e@f9941.json
# 内容概述:该文件详细描述了一个名为“default_btn_normal”的SpriteFrame，用于游戏或图形界面中的按钮图像。图像尺寸为40x40像素，位于纹理左上角，未旋转，具有12像素的裁剪边界。文件提供了顶点位置和纹理坐标，确保图像正确渲染。纹理文件名为“20835ba4-6145-4fbc-a58a-051ce700aa3e@6c48a”，并设置了像素与单位的比例和锚点位置。

24. 208c15d3-13fc-4b01-bf5c-97a3f6a48cda.json
# 路径:D:/my_file/MyFile/YunSi/Project/Games/Cocos/CocosCyberpunk_all/CocosCyberpunk\library\20\208c15d3-13fc-4b01-bf5c-97a3f6a48cda.json
# 内容概述:这是一个名为“208c15d3-13fc-4b01-bf5c-97a3f6a48cda.json”的文件。该文件中的内容为：
这是一个名为“208c15d3-13fc-4b01-bf5c-97a3f6a48cda.json”的文件，该文件里的内容为：
{
  "__type__": "cc.ImageAsset",
  "content": {
    "fmt": "0",
    "w": 0,
    "h": 0
  }
}

25. 208c15d3-13fc-4b01-bf5c-97a3f6a48cda.png
# 路径:D:/my_file/MyFile/YunSi/Project/Games/Cocos/CocosCyberpunk_all/CocosCyberpunk\library\20\208c15d3-13fc-4b01-bf5c-97a3f6a48cda.png
# 内容概述:这是一个名为“208c15d3-13fc-4b01-bf5c-97a3f6a48cda.png”的文件。

26. 208c15d3-13fc-4b01-bf5c-97a3f6a48cda@6c48a.json
# 路径:D:/my_file/MyFile/YunSi/Project/Games/Cocos/CocosCyberpunk_all/CocosCyberpunk\library\20\208c15d3-13fc-4b01-bf5c-97a3f6a48cda@6c48a.json
# 内容概述:该文本文件定义了一个cc.Texture2D类型的二维纹理资源，其尺寸为2x2像素，颜色通道全为黑色（0,0,0,0），并附带一个ID为“208c15d3-13fc-4b01-bf5c-97a3f6a48cda”的Mipmap。

27. 208c15d3-13fc-4b01-bf5c-97a3f6a48cda@f9941.json
# 路径:D:/my_file/MyFile/YunSi/Project/Games/Cocos/CocosCyberpunk_all/CocosCyberpunk\library\20\208c15d3-13fc-4b01-bf5c-97a3f6a48cda@f9941.json
# 内容概述:该文件描述了一个名为“img_icon_machine_gun_1”的SpriteFrame，用于显示机枪图标。图标基于纹理资源“208c15d3-13fc-4b01-bf5c-97a3f6a48cda@6c48a”，尺寸为46x49像素，位于纹理左上角（0,0）。SpriteFrame未旋转，采用默认网格类型，且具有标准锚点设置。

28. 20957ea8-0129-4dfc-b930-d2b86f5e750d@0088c.bin
# 路径:D:/my_file/MyFile/YunSi/Project/Games/Cocos/CocosCyberpunk_all/CocosCyberpunk\library\20\20957ea8-0129-4dfc-b930-d2b86f5e750d@0088c.bin
# 内容概述:这是一个名为“20957ea8-0129-4dfc-b930-d2b86f5e750d@0088c.bin”的文件。

29. 20957ea8-0129-4dfc-b930-d2b86f5e750d@0088c.json
# 路径:D:/my_file/MyFile/YunSi/Project/Games/Cocos/CocosCyberpunk_all/CocosCyberpunk\library\20\20957ea8-0129-4dfc-b930-d2b86f5e750d@0088c.json
# 内容概述:该文件描述了一个三维网格模型，包含三个顶点集合，每个集合包含位置、法线、纹理坐标等属性。模型具有明确的边界，定义了其在三维空间中的尺寸。

30. 20957ea8-0129-4dfc-b930-d2b86f5e750d@9d156.json
# 路径:D:/my_file/MyFile/YunSi/Project/Games/Cocos/CocosCyberpunk_all/CocosCyberpunk\library\20\20957ea8-0129-4dfc-b930-d2b86f5e750d@9d156.json
# 内容概述:### 简要总结
该JSON文件定义了一个3D场景，包含节点层次结构、Mesh节点及其渲染器（cc.MeshRenderer）配置，以及多个预制件和烘焙设置。节点具有位置、旋转和缩放属性，渲染器组件负责材质和阴影处理。预制件信息包括文件ID和实例配置。

31. 20983781-5314-45e7-add6-a26db78c429e.json
# 路径:D:/my_file/MyFile/YunSi/Project/Games/Cocos/CocosCyberpunk_all/CocosCyberpunk\library\20\20983781-5314-45e7-add6-a26db78c429e.json
# 内容概述:这是一个名为“20983781-5314-45e7-add6-a26db78c429e.json”的文件。该文件中的内容为：
这是一个名为“20983781-5314-45e7-add6-a26db78c429e.json”的文件，该文件里的内容为：
{
  "__type__": "cc.ImageAsset",
  "content": {
    "fmt": "0",
    "w": 0,
    "h": 0
  }
}

32. 20983781-5314-45e7-add6-a26db78c429e.png
# 路径:D:/my_file/MyFile/YunSi/Project/Games/Cocos/CocosCyberpunk_all/CocosCyberpunk\library\20\20983781-5314-45e7-add6-a26db78c429e.png
# 内容概述:这是一个名为“20983781-5314-45e7-add6-a26db78c429e.png”的文件。

33. 20983781-5314-45e7-add6-a26db78c429e@6c48a.json
# 路径:D:/my_file/MyFile/YunSi/Project/Games/Cocos/CocosCyberpunk_all/CocosCyberpunk\library\20\20983781-5314-45e7-add6-a26db78c429e@6c48a.json
# 内容概述:### 简化总结

该文件定义了一个名为“20983781-5314-45e7-add6-a26db78c429e@6c48a.json”的二维纹理资源（cc.Texture2D），包含基本配置和Mipmap信息。

34. 20a5d8cb-ccad-4543-a937-fccd98c9f3de.json
# 路径:D:/my_file/MyFile/YunSi/Project/Games/Cocos/CocosCyberpunk_all/CocosCyberpunk\library\20\20a5d8cb-ccad-4543-a937-fccd98c9f3de.json
# 内容概述:### 简要总结

该JSON文件详细描述了一个名为“pageView”的页面视图预制件，包含多个节点和组件。节点如“pageView”、“view”、“content”等构建了视图结构，而组件如“UITransform”、“Sprite”等赋予节点功能。预制件信息包括文件ID和UUID，用于资源引用。属性设置定义了节点位置、旋转、缩放等，以及组件特定参数，共同构成了页面视图的完整配置。

35. 20d7ed25-80b6-4090-8349-9d2113418894@45b70.bin
# 路径:D:/my_file/MyFile/YunSi/Project/Games/Cocos/CocosCyberpunk_all/CocosCyberpunk\library\20\20d7ed25-80b6-4090-8349-9d2113418894@45b70.bin
# 内容概述:这是一个名为“20d7ed25-80b6-4090-8349-9d2113418894@45b70.bin”的文件。

36. 20d7ed25-80b6-4090-8349-9d2113418894@45b70.json
# 路径:D:/my_file/MyFile/YunSi/Project/Games/Cocos/CocosCyberpunk_all/CocosCyberpunk\library\20\20d7ed25-80b6-4090-8349-9d2113418894@45b70.json
# 内容概述:该文件描述了一个3D网格模型，类型为cc.Mesh，包含300个顶点，采用三角形渲染。模型具有位置、法线、纹理坐标、切线和颜色等顶点属性，并定义了其在三维空间中的位置范围。

37. 20d7ed25-80b6-4090-8349-9d2113418894@9d156.json
# 路径:D:/my_file/MyFile/YunSi/Project/Games/Cocos/CocosCyberpunk_all/CocosCyberpunk\library\20\20d7ed25-80b6-4090-8349-9d2113418894@9d156.json
# 内容概述:### 简要总结
该JSON文件定义了一个3D场景，核心节点为“lod_0”，其下包含名为“Mesh”的子节点，负责渲染3D网格。Mesh节点使用了cc.MeshRenderer组件，并配置了烘焙设置以优化光照和阴影效果。预制件信息通过cc.PrefabInfo提供，包括文件ID和实例引用。

38. 20d99e09-8c0c-44a1-bfac-fa9827f87b32.json
# 路径:D:/my_file/MyFile/YunSi/Project/Games/Cocos/CocosCyberpunk_all/CocosCyberpunk\library\20\20d99e09-8c0c-44a1-bfac-fa9827f87b32.json
# 内容概述:这是一个名为“20d99e09-8c0c-44a1-bfac-fa9827f87b32.json”的文件。该文件中的内容为：
这是一个名为“20d99e09-8c0c-44a1-bfac-fa9827f87b32.json”的文件，该文件里的内容为：
{
  "__type__": "cc.ImageAsset",
  "content": {
    "fmt": "0",
    "w": 0,
    "h": 0
  }
}

39. 20d99e09-8c0c-44a1-bfac-fa9827f87b32.png
# 路径:D:/my_file/MyFile/YunSi/Project/Games/Cocos/CocosCyberpunk_all/CocosCyberpunk\library\20\20d99e09-8c0c-44a1-bfac-fa9827f87b32.png
# 内容概述:这是一个名为“20d99e09-8c0c-44a1-bfac-fa9827f87b32.png”的文件。

40. 20d99e09-8c0c-44a1-bfac-fa9827f87b32@6c48a.json
# 路径:D:/my_file/MyFile/YunSi/Project/Games/Cocos/CocosCyberpunk_all/CocosCyberpunk\library\20\20d99e09-8c0c-44a1-bfac-fa9827f87b32@6c48a.json
# 内容概述:该文件定义了一个Cocos Creator引擎的纹理对象（cc.Texture2D），包含基本参数和指向子资源的标识符。纹理参数以“base”字段表示，而“mipmaps”字段则指向了一个特定的纹理资源。

41. 20ef894e-8eea-4239-a664-5b525acabda8.json
# 路径:D:/my_file/MyFile/YunSi/Project/Games/Cocos/CocosCyberpunk_all/CocosCyberpunk\library\20\20ef894e-8eea-4239-a664-5b525acabda8.json
# 内容概述:这是一个名为“20ef894e-8eea-4239-a664-5b525acabda8.json”的文件。该文件中的内容为：
这是一个名为“20ef894e-8eea-4239-a664-5b525acabda8.json”的文件，该文件里的内容为：
{
  "__type__": "cc.ImageAsset",
  "content": {
    "fmt": "0",
    "w": 0,
    "h": 0
  }
}

42. 20ef894e-8eea-4239-a664-5b525acabda8.png
# 路径:D:/my_file/MyFile/YunSi/Project/Games/Cocos/CocosCyberpunk_all/CocosCyberpunk\library\20\20ef894e-8eea-4239-a664-5b525acabda8.png
# 内容概述:这是一个名为“20ef894e-8eea-4239-a664-5b525acabda8.png”的文件。

43. 20ef894e-8eea-4239-a664-5b525acabda8@6c48a.json
# 路径:D:/my_file/MyFile/YunSi/Project/Games/Cocos/CocosCyberpunk_all/CocosCyberpunk\library\20\20ef894e-8eea-4239-a664-5b525acabda8@6c48a.json
# 内容概述:### 简要总结

该文件描述了一个`cc.Texture2D`类型的二维纹理资源，包含基础尺寸和颜色信息（`base: "2,2,0,0,0,0"`），以及关联的Mipmap资源列表，其中首个Mipmap与纹理资源ID一致。

44. 20f557f4-d613-4009-8b26-581b6a653f26@46037.bin
# 路径:D:/my_file/MyFile/YunSi/Project/Games/Cocos/CocosCyberpunk_all/CocosCyberpunk\library\20\20f557f4-d613-4009-8b26-581b6a653f26@46037.bin
# 内容概述:这是一个名为“20f557f4-d613-4009-8b26-581b6a653f26@46037.bin”的文件。

45. 20f557f4-d613-4009-8b26-581b6a653f26@46037.json
# 路径:D:/my_file/MyFile/YunSi/Project/Games/Cocos/CocosCyberpunk_all/CocosCyberpunk\library\20\20f557f4-d613-4009-8b26-581b6a653f26@46037.json
# 内容概述:该文件描述了一个三维网格模型，包含多个原始几何体，每个几何体具有特定的顶点集合和属性，如位置、法线、纹理坐标等。模型具有明确的三维空间位置范围，并允许数据访问。

46. 20f557f4-d613-4009-8b26-581b6a653f26@53b6b.json
# 路径:D:/my_file/MyFile/YunSi/Project/Games/Cocos/CocosCyberpunk_all/CocosCyberpunk\library\20\20f557f4-d613-4009-8b26-581b6a653f26@53b6b.json
# 内容概述:### 简要总结
该文件详细描述了一个3D场景的配置，包括节点结构、位置、旋转、缩放等属性，以及节点所使用的预制件和渲染组件（如MeshRenderer）。特别指出，场景中包含一个名为"Mesh"的节点，其渲染器组件配置了阴影模式，且场景配置基于特定的预制件和烘焙设置。

47. 20fe583d-2f55-46c9-819f-e3091524b7db@97504.bin
# 路径:D:/my_file/MyFile/YunSi/Project/Games/Cocos/CocosCyberpunk_all/CocosCyberpunk\library\20\20fe583d-2f55-46c9-819f-e3091524b7db@97504.bin
# 内容概述:这是一个名为“20fe583d-2f55-46c9-819f-e3091524b7db@97504.bin”的文件。

48. 20fe583d-2f55-46c9-819f-e3091524b7db@97504.json
# 路径:D:/my_file/MyFile/YunSi/Project/Games/Cocos/CocosCyberpunk_all/CocosCyberpunk\library\20\20fe583d-2f55-46c9-819f-e3091524b7db@97504.json
# 内容概述:该文件描述了一个Cocos Creator引擎中的3D网格对象，包含顶点属性如位置、法线、纹理坐标等，以及网格的几何结构（三角形模式）和位置范围。此外，提供了网格的唯一标识哈希值和访问权限。

49. 20fe583d-2f55-46c9-819f-e3091524b7db@f0843.json
# 路径:D:/my_file/MyFile/YunSi/Project/Games/Cocos/CocosCyberpunk_all/CocosCyberpunk\library\20\20fe583d-2f55-46c9-819f-e3091524b7db@f0843.json
# 内容概述:### 简要总结
文本文件详细描述了Cocos Creator框架下3D场景的节点配置，包括`lod_1`和`Mesh`节点的基本属性如位置、旋转和缩放，以及`Mesh`节点的`cc.MeshRenderer`组件设置，如材质和阴影模式。此外，文件还提供了预制体的相关信息，表明节点可能基于预制体实例化。


2024-11-29 09:19:12,098 - INFO Retriever 0 - 

————————————————————————————————————————————————————————————————
2024-11-29 09:19:12,098 - INFO Retriever 0 - 当前窗口总长度：13
2024-11-29 09:19:12,099 - INFO Retriever 0 - 当前更新窗口长度：4
2024-11-29 09:19:12,099 - INFO Retriever 0 - 当前更新窗口长度：4
2024-11-29 09:19:12,099 - INFO Retriever 0 - ————————————————————————————————————————————————————————————————


2024-11-29 09:19:18,898 - INFO Retriever 0 - Agent主脑给出的回答为：{
    "deep_think": {
        "thoughts": "根据获取的文件信息，我们发现了一个名为“pageView”的页面视图预制件，这很可能与主页面的开始游戏按键相关。接下来，我们需要查看与这个预制件相关的脚本文件或事件监听器代码，以找到触发游戏开始的具体代码实现。\n\n我们可以使用get_folder_info操作来获取“pageView”预制件所在的目录下的文件信息，然后寻找与预制件相关的脚本文件。"
    }
}
2024-11-29 09:19:18,898 - INFO Retriever 0 - 是否成功解析：True
2024-11-29 09:19:18,902 - INFO Retriever 0 - operation_type (__det_dir_action):
2024-11-29 09:19:18,902 - INFO Retriever 0 - deep_think
2024-11-29 09:19:18,903 - INFO Retriever 0 - 

——————————————————————————————————————————————————————————————————————————————————————————————————————————————————————————
2024-11-29 09:19:18,903 - INFO Retriever 0 - Assistant:
2024-11-29 09:19:18,904 - INFO Retriever 0 - {
    "deep_think": {
        "thoughts": "根据获取的文件信息，我们发现了一个名为“pageView”的页面视图预制件，这很可能与主页面的开始游戏按键相关。接下来，我们需要查看与这个预制件相关的脚本文件或事件监听器代码，以找到触发游戏开始的具体代码实现。\n\n我们可以使用get_folder_info操作来获取“pageView”预制件所在的目录下的文件信息，然后寻找与预制件相关的脚本文件。"
    }
}
2024-11-29 09:19:18,904 - INFO Retriever 0 - dict_keys(['deep_think'])
2024-11-29 09:19:18,905 - INFO Retriever 0 - Agent主脑给出的行动：deep_think
参数：{'thoughts': '根据获取的文件信息，我们发现了一个名为“pageView”的页面视图预制件，这很可能与主页面的开始游戏按键相关。接下来，我们需要查看与这个预制件相关的脚本文件或事件监听器代码，以找到触发游戏开始的具体代码实现。\n\n我们可以使用get_folder_info操作来获取“pageView”预制件所在的目录下的文件信息，然后寻找与预制件相关的脚本文件。', 'repeat_counter': 1, 'continue_think_counter': 1}
2024-11-29 09:19:18,911 - INFO Retriever 0 - Observer: 好的，请继续你的下一步行动或思考。
2024-11-29 09:19:18,965 - INFO Retriever 0 - 

————————————————————————————————————————————————————————————————
2024-11-29 09:19:18,966 - INFO Retriever 0 - 当前窗口总长度：15
2024-11-29 09:19:18,966 - INFO Retriever 0 - 当前更新窗口长度：6
2024-11-29 09:19:18,967 - INFO Retriever 0 - 当前更新窗口长度：6
2024-11-29 09:19:18,967 - INFO Retriever 0 - ————————————————————————————————————————————————————————————————


2024-11-29 09:19:22,555 - INFO Retriever 0 - Agent主脑给出的回答为：{
    "read_file": {
        "file_path": "D:/my_file/MyFile/YunSi/Project/Games/Cocos/CocosCyberpunk_all/CocosCyberpunk/library/20/20a5d8cb-ccad-4543-a937-fccd98c9f3de.json"
    }
}
2024-11-29 09:19:22,556 - INFO Retriever 0 - 是否成功解析：True
2024-11-29 09:19:22,556 - INFO Retriever 0 - operation_type (__det_dir_action):
2024-11-29 09:19:22,556 - INFO Retriever 0 - read_file
2024-11-29 09:19:22,556 - INFO Retriever 0 - 

——————————————————————————————————————————————————————————————————————————————————————————————————————————————————————————
2024-11-29 09:19:22,556 - INFO Retriever 0 - Assistant:
2024-11-29 09:19:22,557 - INFO Retriever 0 - {
    "read_file": {
        "file_path": "D:/my_file/MyFile/YunSi/Project/Games/Cocos/CocosCyberpunk_all/CocosCyberpunk/library/20/20a5d8cb-ccad-4543-a937-fccd98c9f3de.json"
    }
}
2024-11-29 09:19:22,557 - INFO Retriever 0 - dict_keys(['read_file'])
2024-11-29 09:19:22,557 - INFO Retriever 0 - Agent主脑给出的行动：read_file
参数：{'file_path': 'D:/my_file/MyFile/YunSi/Project/Games/Cocos/CocosCyberpunk_all/CocosCyberpunk/library/20/20a5d8cb-ccad-4543-a937-fccd98c9f3de.json', 'top_path': 'D:/my_file/MyFile/YunSi/Project/Games/Cocos/CocosCyberpunk_all/CocosCyberpunk\\Assets', 'return_file_sum': <bound method TreeGenerationAction.return_file_sum of <Action.tree_gen_action.TreeGenerationAction object at 0x0000018EFE34B8E0>>}
2024-11-29 09:19:22,558 - INFO Retriever 0 - Observer: 这是一个名为“D:/my_file/MyFile/YunSi/Project/Games/Cocos/CocosCyberpunk_all/CocosCyberpunk/library/20/20a5d8cb-ccad-4543-a937-fccd98c9f3de.json”的文件，该文件里的内容为：
[
  {
    "__type__": "cc.Prefab",
    "_name": "pageView",
    "_objFlags": 0,
    "_native": "",
    "data": {
      "__id__": 1
    },
    "optimizationPolicy": 0,
    "asyncLoadAssets": false,
    "persistent": false
  },
  {
    "__type__": "cc.Node",
    "_name": "pageView",
    "_objFlags": 0,
    "_parent": null,
    "_children": [
      {
        "__id__": 2
      },
      {
        "__id__": 32
      }
    ],
    "_active": true,
    "_components": [
      {
        "__id__": 38
      },
      {
        "__id__": 40
      },
      {
        "__id__": 42
      }
    ],
    "_prefab": {
      "__id__": 44
    },
    "_lpos": {
      "__type__": "cc.Vec3",
      "x": -0.94,
      "y": 22.798,
      "z": 0
    },
    "_lrot": {
      "__type__": "cc.Quat",
      "x": 0,
      "y": 0,
      "z": 0,
      "w": 1
    },
    "_lscale": {
      "__type__": "cc.Vec3",
      "x": 1,
      "y": 1,
      "z": 1
    },
    "_layer": 33554432,
    "_euler": {
      "__type__": "cc.Vec3",
      "x": 0,
      "y": 0,
      "z": 0
    },
    "_id": ""
  },
  {
    "__type__": "cc.Node",
    "_name": "view",
    "_objFlags": 0,
    "_parent": {
      "__id__": 1
    },
    "_children": [
      {
        "__id__": 3
      }
    ],
    "_active": true,
    "_components": [
      {
        "__id__": 27
      },
      {
        "__id__": 29
      }
    ],
    "_prefab": {
      "__id__": 31
    },
    "_lpos": {
      "__type__": "cc.Vec3",
      "x": 0,
      "y": 0,
      "z": 0
    },
    "_lrot": {
      "__type__": "cc.Quat",
      "x": 0,
      "y": 0,
      "z": 0,
      "w": 1
    },
    "_lscale": {
      "__type__": "cc.Vec3",
      "x": 1,
      "y": 1,
      "z": 1
    },
    "_layer": 33554432,
    "_euler": {
      "__type__": "cc.Vec3",
      "x": 0,
      "y": 0,
      "z": 0
    },
    "_id": ""
  },
  {
    "__type__": "cc.Node",
    "_name": "content",
    "_objFlags": 0,
    "_parent": {
      "__id__": 2
    },
    "_children": [
      {
        "__id__": 4
      },
      {
        "__id__": 10
      },
      {
        "__id__": 16
      }
    ],
    "_active": true,
    "_components": [
      {
        "__id__": 22
      },
      {
        "__id__": 24
      }
    ],
    "_prefab": {
      "__id__": 26
    },
    "_lpos": {
      "__type__": "cc.Vec3",
      "x": -250,
      "y": 7.549516567451064e-15,
      "z": 0
    },
    "_lrot": {
      "__type__": "cc.Quat",
      "x": 0,
      "y": 0,
      "z": 0,
      "w": 1
    },
    "_lscale": {
      "__type__": "cc.Vec3",
      "x": 1,
      "y": 1,
      "z": 1
    },
    "_layer": 33554432,
    "_euler": {
      "__type__": "cc.Vec3",
      "x": 0,
      "y": 0,
      "z": 0
    },
    "_id": ""
  },
  {
    "__type__": "cc.Node",
    "_name": "page1",
    "_objFlags": 0,
    "_parent": {
      "__id__": 3
    },
    "_children": [],
    "_active": true,
    "_components": [
      {
        "__id__": 5
      },
      {
        "__id__": 7
      }
    ],
    "_prefab": {
      "__id__": 9
    },
    "_lpos": {
      "__type__": "cc.Vec3",
      "x": 250,
      "y": 0,
      "z": 0
    },
    "_lrot": {
      "__type__": "cc.Quat",
      "x": 0,
      "y": 0,
      "z": 0,
      "w": 1
    },
    "_lscale": {
      "__type__": "cc.Vec3",
      "x": 1,
      "y": 1,
      "z": 1
    },
    "_layer": 33554432,
    "_euler": {
      "__type__": "cc.Vec3",
      "x": 0,
      "y": 0,
      "z": 0
    },
    "_id": ""
  },
  {
    "__type__": "cc.UITransform",
    "_name": "",
    "_objFlags": 0,
    "node": {
      "__id__": 4
    },
    "_enabled": true,
    "__prefab": {
      "__id__": 6
    },
    "_priority": 0,
    "_contentSize": {
      "__type__": "cc.Size",
      "width": 500,
      "height": 300
    },
    "_anchorPoint": {
      "__type__": "cc.Vec2",
      "x": 0.5,
      "y": 0.5
    },
    "_id": ""
  },
  {
    "__type__": "cc.CompPrefabInfo",
    "fileId": "b5sM9g3kJDEq9eoxtvjd92"
  },
  {
    "__type__": "cc.Sprite",
    "_name": "",
    "_objFlags": 0,
    "node": {
      "__id__": 4
    },
    "_enabled": true,
    "__prefab": {
      "__id__": 8
    },
    "_visFlags": 0,
    "_customMaterial": null,
    "_srcBlendFactor": 2,
    "_dstBlendFactor": 4,
    "_color": {
      "__type__": "cc.Color",
      "r": 199,
      "g": 115,
      "b": 115,
      "a": 255
    },
    "_spriteFrame": {
      "__uuid__": "b730527c-3233-41c2-aaf7-7cdab58f9749@f9941"
    },
    "_type": 1,
    "_fillType": 0,
    "_sizeMode": 0,
    "_fillCenter": {
      "__type__": "cc.Vec2",
      "x": 0,
      "y": 0
    },
    "_fillStart": 0,
    "_fillRange": 0,
    "_isTrimmedMode": true,
    "_useGrayscale": false,
    "_atlas": null,
    "_id": ""
  },
  {
    "__type__": "cc.CompPrefabInfo",
    "fileId": "caphIITHFPSpbjE921BKQI"
  },
  {
    "__type__": "cc.PrefabInfo",
    "root": {
      "__id__": 1
    },
    "asset": {
      "__uuid__": "20a5d8cb-ccad-4543-a937-fccd98c9f3de"
    },
    "fileId": "420fEzKrZE7oOsyr/lpDSv"
  },
  {
    "__type__": "cc.Node",
    "_name": "page2",
    "_objFlags": 0,
    "_parent": {
      "__id__": 3
    },
    "_children": [],
    "_active": true,
    "_components": [
      {
        "__id__": 11
      },
      {
        "__id__": 13
      }
    ],
    "_prefab": {
      "__id__": 15
    },
    "_lpos": {
      "__type__": "cc.Vec3",
      "x": 750,
      "y": 0,
      "z": 0
    },
    "_lrot": {
      "__type__": "cc.Quat",
      "x": 0,
      "y": 0,
      "z": 0,
      "w": 1
    },
    "_lscale": {
      "__type__": "cc.Vec3",
      "x": 1,
      "y": 1,
      "z": 1
    },
    "_layer": 33554432,
    "_euler": {
      "__type__": "cc.Vec3",
      "x": 0,
      "y": 0,
      "z": 0
    },
    "_id": ""
  },
  {
    "__type__": "cc.UITransform",
    "_name": "",
    "_objFlags": 0,
    "node": {
      "__id__": 10
    },
    "_enabled": true,
    "__prefab": {
      "__id__": 12
    },
    "_priority": 0,
    "_contentSize": {
      "__type__": "cc.Size",
      "width": 500,
      "height": 300
    },
    "_anchorPoint": {
      "__type__": "cc.Vec2",
      "x": 0.5,
      "y": 0.5
    },
    "_id": ""
  },
  {
    "__type__": "cc.CompPrefabInfo",
    "fileId": "02+/HUMNxNUY1fwvhTLA22"
  },
  {
    "__type__": "cc.Sprite",
    "_name": "",
    "_objFlags": 0,
    "node": {
      "__id__": 10
    },
    "_enabled": true,
    "__prefab": {
      "__id__": 14
    },
    "_visFlags": 0,
    "_customMaterial": null,
    "_srcBlendFactor": 2,
    "_dstBlendFactor": 4,
    "_color": {
      "__type__": "cc.Color",
      "r": 97,
      "g": 93,
      "b": 200,
      "a": 255
    },
    "_spriteFrame": {
      "__uuid__": "b730527c-3233-41c2-aaf7-7cdab58f9749@f9941"
    },
    "_type": 1,
    "_fillType": 0,
    "_sizeMode": 0,
    "_fillCenter": {
      "__type__": "cc.Vec2",
      "x": 0,
      "y": 0
    },
    "_fillStart": 0,
    "_fillRange": 0,
    "_isTrimmedMode": true,
    "_useGrayscale": false,
    "_atlas": null,
    "_id": ""
  },
  {
    "__type__": "cc.CompPrefabInfo",
    "fileId": "0eZkXz1VZNRL+M2aQouICH"
  },
  {
    "__type__": "cc.PrefabInfo",
    "root": {
      "__id__": 1
    },
    "asset": {
      "__uuid__": "20a5d8cb-ccad-4543-a937-fccd98c9f3de"
    },
    "fileId": "650lXdebtHaYLYZ6nM+I3J"
  },
  {
    "__type__": "cc.Node",
    "_name": "page3",
    "_objFlags": 0,
    "_parent": {
      "__id__": 3
    },
    "_children": [],
    "_active": true,
    "_components": [
      {
        "__id__": 17
      },
      {
        "__id__": 19
      }
    ],
    "_prefab": {
      "__id__": 21
    },
    "_lpos": {
      "__type__": "cc.Vec3",
      "x": 1250,
      "y": 0,
      "z": 0
    },
    "_lrot": {
      "__type__": "cc.Quat",
      "x": 0,
      "y": 0,
      "z": 0,
      "w": 1
    },
    "_lscale": {
      "__type__": "cc.Vec3",
      "x": 1,
      "y": 1,
      "z": 1
    },
    "_layer": 33554432,
    "_euler": {
      "__type__": "cc.Vec3",
      "x": 0,
      "y": 0,
      "z": 0
    },
    "_id": ""
  },
  {
    "__type__": "cc.UITransform",
    "_name": "",
    "_objFlags": 0,
    "node": {
      "__id__": 16
    },
    "_enabled": true,
    "__prefab": {
      "__id__": 18
    },
    "_priority": 0,
    "_contentSize": {
      "__type__": "cc.Size",
      "width": 500,
      "height": 300
    },
    "_anchorPoint": {
      "__type__": "cc.Vec2",
      "x": 0.5,
      "y": 0.5
    },
    "_id": ""
  },
  {
    "__type__": "cc.CompPrefabInfo",
    "fileId": "5daLkUbwVMXqDJa9hAUZR0"
  },
  {
    "__type__": "cc.Sprite",
    "_name": "",
    "_objFlags": 0,
    "node": {
      "__id__": 16
    },
    "_enabled": true,
    "__prefab": {
      "__id__": 20
    },
    "_visFlags": 0,
    "_customMaterial": null,
    "_srcBlendFactor": 2,
    "_dstBlendFactor": 4,
    "_color": {
      "__type__": "cc.Color",
      "r": 53,
      "g": 216,
      "b": 156,
      "a": 255
    },
    "_spriteFrame": {
      "__uuid__": "b730527c-3233-41c2-aaf7-7cdab58f9749@f9941"
    },
    "_type": 1,
    "_fillType": 0,
    "_sizeMode": 0,
    "_fillCenter": {
      "__type__": "cc.Vec2",
      "x": 0,
      "y": 0
    },
    "_fillStart": 0,
    "_fillRange": 0,
    "_isTrimmedMode": true,
    "_useGrayscale": false,
    "_atlas": null,
    "_id": ""
  },
  {
    "__type__": "cc.CompPrefabInfo",
    "fileId": "047maJVOpAKbNYJDzt5Hhe"
  },
  {
    "__type__": "cc.PrefabInfo",
    "root": {
      "__id__": 1
    },
    "asset": {
      "__uuid__": "20a5d8cb-ccad-4543-a937-fccd98c9f3de"
    },
    "fileId": "f17hrIT+RHcoUg4sbj1e6a"
  },
  {
    "__type__": "cc.UITransform",
    "_name": "",
    "_objFlags": 0,
    "node": {
      "__id__": 3
    },
    "_enabled": true,
    "__prefab": {
      "__id__": 23
    },
    "_priority": 0,
    "_contentSize": {
      "__type__": "cc.Size",
      "width": 1500,
      "height": 300
    },
    "_anchorPoint": {
      "__type__": "cc.Vec2",
      "x": 0,
      "y": 0.5
    },
    "_id": ""
  },
  {
    "__type__": "cc.CompPrefabInfo",
    "fileId": "09MiESWllLZaRdasGJ/zf+"
  },
  {
    "__type__": "cc.Layout",
    "_name": "",
    "_objFlags": 0,
    "node": {
      "__id__": 3
    },
    "_enabled": true,
    "__prefab": {
      "__id__": 25
    },
    "_resizeMode": 1,
    "_layoutType": 1,
    "_cellSize": {
      "__type__": "cc.Size",
      "width": 40,
      "height": 40
    },
    "_startAxis": 0,
    "_paddingLeft": 0,
    "_paddingRight": 0,
    "_paddingTop": 0,
    "_paddingBottom": 0,
    "_spacingX": 0,
    "_spacingY": 0,
    "_verticalDirection": 1,
    "_horizontalDirection": 0,
    "_constraint": 0,
    "_constraintNum": 2,
    "_affectedByScale": false,
    "_isAlign": true,
    "_id": ""
  },
  {
    "__type__": "cc.CompPrefabInfo",
    "fileId": "d65L7G5HtO4Ib0ND5kWAd5"
  },
  {
    "__type__": "cc.PrefabInfo",
    "root": {
      "__id__": 1
    },
    "asset": {
      "__uuid__": "20a5d8cb-ccad-4543-a937-fccd98c9f3de"
    },
    "fileId": "420lQGg8RP6bVfGctaKLB8"
  },
  {
    "__type__": "cc.UITransform",
    "_name": "",
    "_objFlags": 0,
    "node": {
      "__id__": 2
    },
    "_enabled": true,
    "__prefab": {
      "__id__": 28
    },
    "_priority": 0,
    "_contentSize": {
      "__type__": "cc.Size",
      "width": 500,
      "height": 300
    },
    "_anchorPoint": {
      "__type__": "cc.Vec2",
      "x": 0.5,
      "y": 0.5
    },
    "_id": ""
  },
  {
    "__type__": "cc.CompPrefabInfo",
    "fileId": "27sL1UK1tKbZofFl3ceFso"
  },
  {
    "__type__": "cc.Mask",
    "_name": "",
    "_objFlags": 0,
    "node": {
      "__id__": 2
    },
    "_enabled": true,
    "__prefab": {
      "__id__": 30
    },
    "_visFlags": 0,
    "_customMaterial": null,
    "_srcBlendFactor": 2,
    "_dstBlendFactor": 4,
    "_color": {
      "__type__": "cc.Color",
      "r": 255,
      "g": 255,
      "b": 255,
      "a": 255
    },
    "_type": 0,
    "_inverted": false,
    "_segments": 64,
    "_alphaThreshold": 0.1,
    "_id": ""
  },
  {
    "__type__": "cc.CompPrefabInfo",
    "fileId": "9b/WuWM39KzZfKN7y3t1Mq"
  },
  {
    "__type__": "cc.PrefabInfo",
    "root": {
      "__id__": 1
    },
    "asset": {
      "__uuid__": "20a5d8cb-ccad-4543-a937-fccd98c9f3de"
    },
    "fileId": "b02pLdLTlDzpSu2HI2+8J1"
  },
  {
    "__type__": "cc.Node",
    "_name": "indicator",
    "_objFlags": 0,
    "_parent": {
      "__id__": 1
    },
    "_children": [],
    "_active": true,
    "_components": [
      {
        "__id__": 33
      },
      {
        "__id__": 35
      }
    ],
    "_prefab": {
      "__id__": 37
    },
    "_lpos": {
      "__type__": "cc.Vec3",
      "x": 0,
      "y": -178.977,
      "z": 0
    },
    "_lrot": {
      "__type__": "cc.Quat",
      "x": 0,
      "y": 0,
      "z": 0,
      "w": 1
    },
    "_lscale": {
      "__type__": "cc.Vec3",
      "x": 1,
      "y": 1,
      "z": 1
    },
    "_layer": 33554432,
    "_euler": {
      "__type__": "cc.Vec3",
      "x": 0,
      "y": 0,
      "z": 0
    },
    "_id": ""
  },
  {
    "__type__": "cc.UITransform",
    "_name": "",
    "_objFlags": 0,
    "node": {
      "__id__": 32
    },
    "_enabled": true,
    "__prefab": {
      "__id__": 34
    },
    "_priority": 0,
    "_contentSize": {
      "__type__": "cc.Size",
      "width": 500,
      "height": 60
    },
    "_anchorPoint": {
      "__type__": "cc.Vec2",
      "x": 0.5,
      "y": 0.5
    },
    "_id": ""
  },
  {
    "__type__": "cc.CompPrefabInfo",
    "fileId": "e4APRgXX5GnYn+jIdNYZQY"
  },
  {
    "__type__": "cc.PageViewIndicator",
    "_name": "",
    "_objFlags": 0,
    "node": {
      "__id__": 32
    },
    "_enabled": true,
    "__prefab": {
      "__id__": 36
    },
    "spacing": 10,
    "_spriteFrame": {
      "__uuid__": "afc47931-f066-46b0-90be-9fe61f213428@f9941"
    },
    "_direction": 0,
    "_cellSize": {
      "__type__": "cc.Size",
      "width": 10,
      "height": 10
    },
    "_id": ""
  },
  {
    "__type__": "cc.CompPrefabInfo",
    "fileId": "06eKp4lNtKN6/xsyQf1TUr"
  },
  {
    "__type__": "cc.PrefabInfo",
    "root": {
      "__id__": 1
    },
    "asset": {
      "__uuid__": "20a5d8cb-ccad-4543-a937-fccd98c9f3de"
    },
    "fileId": "50/xjxY5pJ0Y0dRLDLkTGz"
  },
  {
    "__type__": "cc.UITransform",
    "_name": "pageView-horizontal<UITransform>",
    "_objFlags": 0,
    "node": {
      "__id__": 1
    },
    "_enabled": true,
    "__prefab": {
      "__id__": 39
    },
    "_priority": 0,
    "_contentSize": {
      "__type__": "cc.Size",
      "width": 500,
      "height": 400
    },
    "_anchorPoint": {
      "__type__": "cc.Vec2",
      "x": 0.5,
      "y": 0.5
    },
    "_id": ""
  },
  {
    "__type__": "cc.CompPrefabInfo",
    "fileId": "f6HCKBPf1AgYk/vD8DtAzy"
  },
  {
    "__type__": "cc.Sprite",
    "_name": "pageView-horizontal<Sprite>",
    "_objFlags": 0,
    "node": {
      "__id__": 1
    },
    "_enabled": true,
    "__prefab": {
      "__id__": 41
    },
    "_visFlags": 0,
    "_customMaterial": null,
    "_srcBlendFactor": 2,
    "_dstBlendFactor": 4,
    "_color": {
      "__type__": "cc.Color",
      "r": 255,
      "g": 255,
      "b": 255,
      "a": 255
    },
    "_spriteFrame": {
      "__uuid__": "b730527c-3233-41c2-aaf7-7cdab58f9749@f9941"
    },
    "_type": 1,
    "_fillType": 0,
    "_sizeMode": 0,
    "_fillCenter": {
      "__type__": "cc.Vec2",
      "x": 0,
      "y": 0
    },
    "_fillStart": 0,
    "_fillRange": 0,
    "_isTrimmedMode": true,
    "_useGrayscale": false,
    "_atlas": null,
    "_id": ""
  },
  {
    "__type__": "cc.CompPrefabInfo",
    "fileId": "59Wq4+gGtAdbm0iHKljE25"
  },
  {
    "__type__": "cc.PageView",
    "_name": "pageView-horizontal<PageView>",
    "_objFlags": 0,
    "node": {
      "__id__": 1
    },
    "_enabled": true,
    "__prefab": {
      "__id__": 43
    },
    "bounceDuration": 1,
    "brake": 0.5,
    "elastic": true,
    "inertia": true,
    "horizontal": false,
    "vertical": true,
    "cancelInnerEvents": true,
    "scrollEvents": [],
    "_content": {
      "__id__": 3
    },
    "_horizontalScrollBar": null,
    "_verticalScrollBar": null,
    "autoPageTurningThreshold": 100,
    "pageTurningSpeed": 0.3,
    "pageEvents": [],
    "_sizeMode": 0,
    "_direction": 0,
    "_scrollThreshold": 0.5,
    "_pageTurningEventTiming": 0.1,
    "_indicator": {
      "__id__": 35
    },
    "_id": ""
  },
  {
    "__type__": "cc.CompPrefabInfo",
    "fileId": "9aISCZ7W9H7bSr3VKT9Epv"
  },
  {
    "__type__": "cc.PrefabInfo",
    "root": {
      "__id__": 1
    },
    "asset": {
      "__uuid__": "20a5d8cb-ccad-4543-a937-fccd98c9f3de"
    },
    "fileId": "6eq+AK+UZHBpcOVwZfbLaD"
  }
]
2024-11-29 09:19:22,567 - INFO Retriever 0 - 

————————————————————————————————————————————————————————————————
2024-11-29 09:19:22,567 - INFO Retriever 0 - 当前窗口总长度：17
2024-11-29 09:19:22,568 - INFO Retriever 0 - 当前更新窗口长度：8
2024-11-29 09:19:22,568 - INFO Retriever 0 - 当前更新窗口长度：8
2024-11-29 09:19:22,568 - INFO Retriever 0 - ————————————————————————————————————————————————————————————————


2024-11-29 09:19:26,563 - INFO Retriever 0 - Agent主脑给出的回答为：{
    "deep_think": {
        "thoughts": "根据读取到的文件内容，我们可以看到这是一个预制件文件，其中定义了一个名为“pageView”的页面视图。这个文件包含了页面视图的结构和组件信息，但没有直接提供开始游戏按键的代码逻辑。\n\n为了找到开始游戏按键的代码逻辑，我们需要查看与这个预制件相关的脚本文件。我们可以使用get_folder_info操作来获取“pageView”预制件所在的目录下的文件信息，然后寻找与预制件相关的脚本文件。"
    }
}
2024-11-29 09:19:26,563 - INFO Retriever 0 - 是否成功解析：True
2024-11-29 09:19:26,563 - INFO Retriever 0 - operation_type (__det_dir_action):
2024-11-29 09:19:26,563 - INFO Retriever 0 - deep_think
2024-11-29 09:19:26,563 - INFO Retriever 0 - 

——————————————————————————————————————————————————————————————————————————————————————————————————————————————————————————
2024-11-29 09:19:26,563 - INFO Retriever 0 - Assistant:
2024-11-29 09:19:26,563 - INFO Retriever 0 - {
    "deep_think": {
        "thoughts": "根据读取到的文件内容，我们可以看到这是一个预制件文件，其中定义了一个名为“pageView”的页面视图。这个文件包含了页面视图的结构和组件信息，但没有直接提供开始游戏按键的代码逻辑。\n\n为了找到开始游戏按键的代码逻辑，我们需要查看与这个预制件相关的脚本文件。我们可以使用get_folder_info操作来获取“pageView”预制件所在的目录下的文件信息，然后寻找与预制件相关的脚本文件。"
    }
}
2024-11-29 09:19:26,564 - INFO Retriever 0 - dict_keys(['deep_think'])
2024-11-29 09:19:26,564 - INFO Retriever 0 - Agent主脑给出的行动：deep_think
参数：{'thoughts': '根据读取到的文件内容，我们可以看到这是一个预制件文件，其中定义了一个名为“pageView”的页面视图。这个文件包含了页面视图的结构和组件信息，但没有直接提供开始游戏按键的代码逻辑。\n\n为了找到开始游戏按键的代码逻辑，我们需要查看与这个预制件相关的脚本文件。我们可以使用get_folder_info操作来获取“pageView”预制件所在的目录下的文件信息，然后寻找与预制件相关的脚本文件。', 'repeat_counter': 1, 'continue_think_counter': 1}
2024-11-29 09:19:26,564 - INFO Retriever 0 - Observer: 好的，请继续你的下一步行动或思考。
2024-11-29 09:19:26,565 - INFO Retriever 0 - 

————————————————————————————————————————————————————————————————
2024-11-29 09:19:26,566 - INFO Retriever 0 - 当前窗口总长度：19
2024-11-29 09:19:26,566 - INFO Retriever 0 - 当前更新窗口长度：10
2024-11-29 09:19:26,566 - INFO Retriever 0 - 当前更新窗口长度：10
2024-11-29 09:19:26,566 - INFO Retriever 0 - ————————————————————————————————————————————————————————————————


2024-11-29 09:19:34,826 - INFO Retriever 0 - Agent主脑给出的回答为：{
    "get_folder_info": {
        "target_folder_path": "D:/my_file/MyFile/YunSi/Project/Games/Cocos/CocosCyberpunk_all/CocosCyberpunk/library/20"
    }
}
2024-11-29 09:19:34,827 - INFO Retriever 0 - 是否成功解析：True
2024-11-29 09:19:34,827 - INFO Retriever 0 - operation_type (__det_dir_action):
2024-11-29 09:19:34,827 - INFO Retriever 0 - get_folder_info
2024-11-29 09:19:34,827 - INFO Retriever 0 - 

——————————————————————————————————————————————————————————————————————————————————————————————————————————————————————————
2024-11-29 09:19:34,827 - INFO Retriever 0 - Assistant:
2024-11-29 09:19:34,827 - INFO Retriever 0 - {
    "get_folder_info": {
        "target_folder_path": "D:/my_file/MyFile/YunSi/Project/Games/Cocos/CocosCyberpunk_all/CocosCyberpunk/library/20"
    }
}
2024-11-29 09:19:34,828 - INFO Retriever 0 - dict_keys(['get_folder_info'])
2024-11-29 09:19:34,828 - INFO Retriever 0 - Agent主脑给出的行动：get_folder_info
参数：{'target_folder_path': 'D:/my_file/MyFile/YunSi/Project/Games/Cocos/CocosCyberpunk_all/CocosCyberpunk/library/20'}
2024-11-29 09:19:34,894 - INFO Retriever 0 - Observer: 目标文件夹路径：D:/my_file/MyFile/YunSi/Project/Games/Cocos/CocosCyberpunk_all/CocosCyberpunk/library/20
文件结构树（该结构树可能不完整，仅返回深度小于等于1层的子文件以及文件夹）：
├── 200329f7-0bbd-49f7-bf9c-e70283b92f4c.json
├── 200329f7-0bbd-49f7-bf9c-e70283b92f4c.png
├── 200329f7-0bbd-49f7-bf9c-e70283b92f4c@6c48a.json
├── 2009bd9c-9d28-4c7b-9fc5-fb322e240b73.json
├── 2009bd9c-9d28-4c7b-9fc5-fb322e240b73.png
├── 2009bd9c-9d28-4c7b-9fc5-fb322e240b73@6c48a.json
├── 201554ab-9ee1-4474-a68a-11d70079bbf5@9d156.json
├── 201554ab-9ee1-4474-a68a-11d70079bbf5@a8e8f.bin
├── 201554ab-9ee1-4474-a68a-11d70079bbf5@a8e8f.json
├── 20397b12-7836-4a8b-abab-21b5162e80e2@67008.bin
├── 20397b12-7836-4a8b-abab-21b5162e80e2@67008.json
├── 20397b12-7836-4a8b-abab-21b5162e80e2@f0843.json
├── 205c17d2-cfc2-4d14-aacf-0ae87ddeaf4d
│   └── __original-animation-0.cconb
├── 205c17d2-cfc2-4d14-aacf-0ae87ddeaf4d@1a2f5.cconb
├── 205c17d2-cfc2-4d14-aacf-0ae87ddeaf4d@d0dad.json
├── 207e136c-9a49-465a-81f0-aefcf4a13a4b@80769.bin
├── 207e136c-9a49-465a-81f0-aefcf4a13a4b@80769.json
├── 207e136c-9a49-465a-81f0-aefcf4a13a4b@9d156.json
├── 20835ba4-6145-4fbc-a58a-051ce700aa3e.json
├── 20835ba4-6145-4fbc-a58a-051ce700aa3e.png
├── 20835ba4-6145-4fbc-a58a-051ce700aa3e@6c48a.json
├── 20835ba4-6145-4fbc-a58a-051ce700aa3e@f9941.json
├── 208c15d3-13fc-4b01-bf5c-97a3f6a48cda.json
├── 208c15d3-13fc-4b01-bf5c-97a3f6a48cda.png
├── 208c15d3-13fc-4b01-bf5c-97a3f6a48cda@6c48a.json
├── 208c15d3-13fc-4b01-bf5c-97a3f6a48cda@f9941.json
├── 20957ea8-0129-4dfc-b930-d2b86f5e750d@0088c.bin
├── 20957ea8-0129-4dfc-b930-d2b86f5e750d@0088c.json
├── 20957ea8-0129-4dfc-b930-d2b86f5e750d@9d156.json
├── 20983781-5314-45e7-add6-a26db78c429e.json
├── 20983781-5314-45e7-add6-a26db78c429e.png
├── 20983781-5314-45e7-add6-a26db78c429e@6c48a.json
├── 20a5d8cb-ccad-4543-a937-fccd98c9f3de.json
├── 20d7ed25-80b6-4090-8349-9d2113418894@45b70.bin
├── 20d7ed25-80b6-4090-8349-9d2113418894@45b70.json
├── 20d7ed25-80b6-4090-8349-9d2113418894@9d156.json
├── 20d99e09-8c0c-44a1-bfac-fa9827f87b32.json
├── 20d99e09-8c0c-44a1-bfac-fa9827f87b32.png
├── 20d99e09-8c0c-44a1-bfac-fa9827f87b32@6c48a.json
├── 20ef894e-8eea-4239-a664-5b525acabda8.json
├── 20ef894e-8eea-4239-a664-5b525acabda8.png
├── 20ef894e-8eea-4239-a664-5b525acabda8@6c48a.json
├── 20f557f4-d613-4009-8b26-581b6a653f26@46037.bin
├── 20f557f4-d613-4009-8b26-581b6a653f26@46037.json
├── 20f557f4-d613-4009-8b26-581b6a653f26@53b6b.json
├── 20fe583d-2f55-46c9-819f-e3091524b7db@97504.bin
├── 20fe583d-2f55-46c9-819f-e3091524b7db@97504.json
└── 20fe583d-2f55-46c9-819f-e3091524b7db@f0843.json


其中，部分主要文件及文件夹的信息如下：
1. 20
# 路径:D:/my_file/MyFile/YunSi/Project/Games/Cocos/CocosCyberpunk_all/CocosCyberpunk\library\20
# 内容概述:### 文件夹内容总结

该文件夹“20”汇集了多种3D游戏开发资源，包括动画、纹理、模型和场景配置文件。主要文件类型为`.json`，用于存储配置信息，如纹理资源、3D模型结构和场景布局。此外，还有`.png`和`.bin`文件，分别代表图像资源和模型数据。文件间通过共享资源ID紧密关联，共同构成了一个完整的游戏或应用项目。

2. 205c17d2-cfc2-4d14-aacf-0ae87ddeaf4d
# 路径:D:/my_file/MyFile/YunSi/Project/Games/Cocos/CocosCyberpunk_all/CocosCyberpunk\library\20\205c17d2-cfc2-4d14-aacf-0ae87ddeaf4d
# 内容概述:该文件夹“205c17d2-cfc2-4d14-aacf-0ae87ddeaf4d”主要包含一个名为“__original-animation-0.cconb”的文件，疑似为动画或相关媒体内容的核心文件。文件夹内无其他子文件或文件夹。

3. 200329f7-0bbd-49f7-bf9c-e70283b92f4c.json
# 路径:D:/my_file/MyFile/YunSi/Project/Games/Cocos/CocosCyberpunk_all/CocosCyberpunk\library\20\200329f7-0bbd-49f7-bf9c-e70283b92f4c.json
# 内容概述:这是一个名为“200329f7-0bbd-49f7-bf9c-e70283b92f4c.json”的文件。该文件中的内容为：
这是一个名为“200329f7-0bbd-49f7-bf9c-e70283b92f4c.json”的文件，该文件里的内容为：
{
  "__type__": "cc.ImageAsset",
  "content": {
    "fmt": "0",
    "w": 0,
    "h": 0
  }
}

4. 200329f7-0bbd-49f7-bf9c-e70283b92f4c.png
# 路径:D:/my_file/MyFile/YunSi/Project/Games/Cocos/CocosCyberpunk_all/CocosCyberpunk\library\20\200329f7-0bbd-49f7-bf9c-e70283b92f4c.png
# 内容概述:这是一个名为“200329f7-0bbd-49f7-bf9c-e70283b92f4c.png”的文件。

5. 200329f7-0bbd-49f7-bf9c-e70283b92f4c@6c48a.json
# 路径:D:/my_file/MyFile/YunSi/Project/Games/Cocos/CocosCyberpunk_all/CocosCyberpunk\library\20\200329f7-0bbd-49f7-bf9c-e70283b92f4c@6c48a.json
# 内容概述:该文本文件描述了一个`cc.Texture2D`纹理资源，其基础尺寸为2x2像素，且所有MIP级别均指向同一资源`200329f7-0bbd-49f7-bf9c-e70283b92f4c`。

6. 2009bd9c-9d28-4c7b-9fc5-fb322e240b73.json
# 路径:D:/my_file/MyFile/YunSi/Project/Games/Cocos/CocosCyberpunk_all/CocosCyberpunk\library\20\2009bd9c-9d28-4c7b-9fc5-fb322e240b73.json
# 内容概述:这是一个名为“2009bd9c-9d28-4c7b-9fc5-fb322e240b73.json”的文件。该文件中的内容为：
这是一个名为“2009bd9c-9d28-4c7b-9fc5-fb322e240b73.json”的文件，该文件里的内容为：
{
  "__type__": "cc.ImageAsset",
  "content": {
    "fmt": "0",
    "w": 0,
    "h": 0
  }
}

7. 2009bd9c-9d28-4c7b-9fc5-fb322e240b73.png
# 路径:D:/my_file/MyFile/YunSi/Project/Games/Cocos/CocosCyberpunk_all/CocosCyberpunk\library\20\2009bd9c-9d28-4c7b-9fc5-fb322e240b73.png
# 内容概述:这是一个名为“2009bd9c-9d28-4c7b-9fc5-fb322e240b73.png”的文件。

8. 2009bd9c-9d28-4c7b-9fc5-fb322e240b73@6c48a.json
# 路径:D:/my_file/MyFile/YunSi/Project/Games/Cocos/CocosCyberpunk_all/CocosCyberpunk\library\20\2009bd9c-9d28-4c7b-9fc5-fb322e240b73@6c48a.json
# 内容概述:### 文本文件内容总结

该文件描述了一个`cc.Texture2D`纹理资源，包含基础参数`base`和Mipmap资源标识符。`base`字段为`"2,2,0,0,0,0"`，而`mipmaps`字段指向标识符`"2009bd9c-9d28-4c7b-9fc5-fb322e240b73"`，用于识别纹理资源。

9. 201554ab-9ee1-4474-a68a-11d70079bbf5@9d156.json
# 路径:D:/my_file/MyFile/YunSi/Project/Games/Cocos/CocosCyberpunk_all/CocosCyberpunk\library\20\201554ab-9ee1-4474-a68a-11d70079bbf5@9d156.json
# 内容概述:### 简要总结
该文件描述了一个3D场景中的节点结构，包括名为“lod_0”的节点及其子节点“Mesh”。文件详细了节点位置、旋转、缩放等属性，并配置了“MeshRenderer”组件的渲染设置，如阴影模式和反射探针。此外，还包含了模型的烘焙设置，如光照探针的使用。

10. 201554ab-9ee1-4474-a68a-11d70079bbf5@a8e8f.bin
# 路径:D:/my_file/MyFile/YunSi/Project/Games/Cocos/CocosCyberpunk_all/CocosCyberpunk\library\20\201554ab-9ee1-4474-a68a-11d70079bbf5@a8e8f.bin
# 内容概述:这是一个名为“201554ab-9ee1-4474-a68a-11d70079bbf5@a8e8f.bin”的文件。

11. 201554ab-9ee1-4474-a68a-11d70079bbf5@a8e8f.json
# 路径:D:/my_file/MyFile/YunSi/Project/Games/Cocos/CocosCyberpunk_all/CocosCyberpunk\library\20\201554ab-9ee1-4474-a68a-11d70079bbf5@a8e8f.json
# 内容概述:### 简化总结

该文件详细记录了一个三维网格模型（cc.Mesh）的详细信息，包括其顶点属性（位置、法线、纹理坐标等）和边界范围。模型以二进制格式存储，并提供了顶点集合的索引视图，便于在渲染时访问。

12. 20397b12-7836-4a8b-abab-21b5162e80e2@67008.bin
# 路径:D:/my_file/MyFile/YunSi/Project/Games/Cocos/CocosCyberpunk_all/CocosCyberpunk\library\20\20397b12-7836-4a8b-abab-21b5162e80e2@67008.bin
# 内容概述:这是一个名为“20397b12-7836-4a8b-abab-21b5162e80e2@67008.bin”的文件。

13. 20397b12-7836-4a8b-abab-21b5162e80e2@67008.json
# 路径:D:/my_file/MyFile/YunSi/Project/Games/Cocos/CocosCyberpunk_all/CocosCyberpunk\library\20\20397b12-7836-4a8b-abab-21b5162e80e2@67008.json
# 内容概述:该文件描述了一个三维网格模型（cc.Mesh），包含两个几何元素，每个元素都有顶点索引和索引视图。模型顶点数据包括位置、法线、纹理坐标和切线等属性，且未进行归一化处理。模型在三维空间中的位置范围由最小和最大坐标点界定。

14. 20397b12-7836-4a8b-abab-21b5162e80e2@f0843.json
# 路径:D:/my_file/MyFile/YunSi/Project/Games/Cocos/CocosCyberpunk_all/CocosCyberpunk\library\20\20397b12-7836-4a8b-abab-21b5162e80e2@f0843.json
# 内容概述:### 简要总结

该文件描述了一个3D游戏资源配置，包括预制件“cc.Prefab”的基本属性，节点“lod_1”的位置和缩放设置，网格“Mesh”的渲染组件，以及网格渲染器“cc.MeshRenderer”的材质和阴影设置。此外，还包含了模型烘焙设置和预制件的具体信息，如文件ID和关联的预制件实例。

15. 205c17d2-cfc2-4d14-aacf-0ae87ddeaf4d@1a2f5.cconb
# 路径:D:/my_file/MyFile/YunSi/Project/Games/Cocos/CocosCyberpunk_all/CocosCyberpunk\library\20\205c17d2-cfc2-4d14-aacf-0ae87ddeaf4d@1a2f5.cconb
# 内容概述:这是一个名为“205c17d2-cfc2-4d14-aacf-0ae87ddeaf4d@1a2f5.cconb”的文件。

16. 205c17d2-cfc2-4d14-aacf-0ae87ddeaf4d@d0dad.json
# 路径:D:/my_file/MyFile/YunSi/Project/Games/Cocos/CocosCyberpunk_all/CocosCyberpunk\library\20\205c17d2-cfc2-4d14-aacf-0ae87ddeaf4d@d0dad.json
# 内容概述:### 文本内容总结
该JSON文件详细记录了一个三维角色模型的结构和动画信息。文件内包含角色各部分（如手臂、腿部、头部）的节点属性，包括位置、旋转和缩放，以及动画剪辑的UUID和播放设置。这些数据对于游戏或动画中的角色构建和动画实现至关重要。

17. 207e136c-9a49-465a-81f0-aefcf4a13a4b@80769.bin
# 路径:D:/my_file/MyFile/YunSi/Project/Games/Cocos/CocosCyberpunk_all/CocosCyberpunk\library\20\207e136c-9a49-465a-81f0-aefcf4a13a4b@80769.bin
# 内容概述:这是一个名为“207e136c-9a49-465a-81f0-aefcf4a13a4b@80769.bin”的文件。

18. 207e136c-9a49-465a-81f0-aefcf4a13a4b@80769.json
# 路径:D:/my_file/MyFile/YunSi/Project/Games/Cocos/CocosCyberpunk_all/CocosCyberpunk\library\20\207e136c-9a49-465a-81f0-aefcf4a13a4b@80769.json
# 内容概述:该文件详细描述了一个3D网格对象“cc.Mesh”，包含170个顶点及其属性（如位置、法线、纹理坐标等），以及696个索引定义顶点连接。网格的X、Y、Z坐标范围从-0.206852至0.206852，适用于3D图形和游戏开发。文件还提供了数据格式和访问权限信息，以确保网格数据的有效使用和验证。

19. 207e136c-9a49-465a-81f0-aefcf4a13a4b@9d156.json
# 路径:D:/my_file/MyFile/YunSi/Project/Games/Cocos/CocosCyberpunk_all/CocosCyberpunk\library\20\207e136c-9a49-465a-81f0-aefcf4a13a4b@9d156.json
# 内容概述:### 简要总结
该JSON文件描述了一个3D场景中的节点结构，包括名为“lod_0”的根节点及其子节点“Mesh”，后者装备了cc.MeshRenderer组件以渲染3D网格。文件还包含了渲染器的详细设置，如材质、阴影和烘焙参数，以及预制件的文件ID和烘焙设置信息。

20. 20835ba4-6145-4fbc-a58a-051ce700aa3e.json
# 路径:D:/my_file/MyFile/YunSi/Project/Games/Cocos/CocosCyberpunk_all/CocosCyberpunk\library\20\20835ba4-6145-4fbc-a58a-051ce700aa3e.json
# 内容概述:这是一个名为“20835ba4-6145-4fbc-a58a-051ce700aa3e.json”的文件。该文件中的内容为：
这是一个名为“20835ba4-6145-4fbc-a58a-051ce700aa3e.json”的文件，该文件里的内容为：
{
  "__type__": "cc.ImageAsset",
  "content": {
    "fmt": "0",
    "w": 0,
    "h": 0
  }
}

21. 20835ba4-6145-4fbc-a58a-051ce700aa3e.png
# 路径:D:/my_file/MyFile/YunSi/Project/Games/Cocos/CocosCyberpunk_all/CocosCyberpunk\library\20\20835ba4-6145-4fbc-a58a-051ce700aa3e.png
# 内容概述:这是一个名为“20835ba4-6145-4fbc-a58a-051ce700aa3e.png”的文件。

22. 20835ba4-6145-4fbc-a58a-051ce700aa3e@6c48a.json
# 路径:D:/my_file/MyFile/YunSi/Project/Games/Cocos/CocosCyberpunk_all/CocosCyberpunk\library\20\20835ba4-6145-4fbc-a58a-051ce700aa3e@6c48a.json
# 内容概述:该文件描述了一个`cc.Texture2D`纹理资源，包含基本格式信息（如颜色通道数）和关联的米普贴图名称。

23. 20835ba4-6145-4fbc-a58a-051ce700aa3e@f9941.json
# 路径:D:/my_file/MyFile/YunSi/Project/Games/Cocos/CocosCyberpunk_all/CocosCyberpunk\library\20\20835ba4-6145-4fbc-a58a-051ce700aa3e@f9941.json
# 内容概述:该文件详细描述了一个名为“default_btn_normal”的SpriteFrame，用于游戏或图形界面中的按钮图像。图像尺寸为40x40像素，位于纹理左上角，未旋转，具有12像素的裁剪边界。文件提供了顶点位置和纹理坐标，确保图像正确渲染。纹理文件名为“20835ba4-6145-4fbc-a58a-051ce700aa3e@6c48a”，并设置了像素与单位的比例和锚点位置。

24. 208c15d3-13fc-4b01-bf5c-97a3f6a48cda.json
# 路径:D:/my_file/MyFile/YunSi/Project/Games/Cocos/CocosCyberpunk_all/CocosCyberpunk\library\20\208c15d3-13fc-4b01-bf5c-97a3f6a48cda.json
# 内容概述:这是一个名为“208c15d3-13fc-4b01-bf5c-97a3f6a48cda.json”的文件。该文件中的内容为：
这是一个名为“208c15d3-13fc-4b01-bf5c-97a3f6a48cda.json”的文件，该文件里的内容为：
{
  "__type__": "cc.ImageAsset",
  "content": {
    "fmt": "0",
    "w": 0,
    "h": 0
  }
}

25. 208c15d3-13fc-4b01-bf5c-97a3f6a48cda.png
# 路径:D:/my_file/MyFile/YunSi/Project/Games/Cocos/CocosCyberpunk_all/CocosCyberpunk\library\20\208c15d3-13fc-4b01-bf5c-97a3f6a48cda.png
# 内容概述:这是一个名为“208c15d3-13fc-4b01-bf5c-97a3f6a48cda.png”的文件。

26. 208c15d3-13fc-4b01-bf5c-97a3f6a48cda@6c48a.json
# 路径:D:/my_file/MyFile/YunSi/Project/Games/Cocos/CocosCyberpunk_all/CocosCyberpunk\library\20\208c15d3-13fc-4b01-bf5c-97a3f6a48cda@6c48a.json
# 内容概述:该文本文件定义了一个cc.Texture2D类型的二维纹理资源，其尺寸为2x2像素，颜色通道全为黑色（0,0,0,0），并附带一个ID为“208c15d3-13fc-4b01-bf5c-97a3f6a48cda”的Mipmap。

27. 208c15d3-13fc-4b01-bf5c-97a3f6a48cda@f9941.json
# 路径:D:/my_file/MyFile/YunSi/Project/Games/Cocos/CocosCyberpunk_all/CocosCyberpunk\library\20\208c15d3-13fc-4b01-bf5c-97a3f6a48cda@f9941.json
# 内容概述:该文件描述了一个名为“img_icon_machine_gun_1”的SpriteFrame，用于显示机枪图标。图标基于纹理资源“208c15d3-13fc-4b01-bf5c-97a3f6a48cda@6c48a”，尺寸为46x49像素，位于纹理左上角（0,0）。SpriteFrame未旋转，采用默认网格类型，且具有标准锚点设置。

28. 20957ea8-0129-4dfc-b930-d2b86f5e750d@0088c.bin
# 路径:D:/my_file/MyFile/YunSi/Project/Games/Cocos/CocosCyberpunk_all/CocosCyberpunk\library\20\20957ea8-0129-4dfc-b930-d2b86f5e750d@0088c.bin
# 内容概述:这是一个名为“20957ea8-0129-4dfc-b930-d2b86f5e750d@0088c.bin”的文件。

29. 20957ea8-0129-4dfc-b930-d2b86f5e750d@0088c.json
# 路径:D:/my_file/MyFile/YunSi/Project/Games/Cocos/CocosCyberpunk_all/CocosCyberpunk\library\20\20957ea8-0129-4dfc-b930-d2b86f5e750d@0088c.json
# 内容概述:该文件描述了一个三维网格模型，包含三个顶点集合，每个集合包含位置、法线、纹理坐标等属性。模型具有明确的边界，定义了其在三维空间中的尺寸。

30. 20957ea8-0129-4dfc-b930-d2b86f5e750d@9d156.json
# 路径:D:/my_file/MyFile/YunSi/Project/Games/Cocos/CocosCyberpunk_all/CocosCyberpunk\library\20\20957ea8-0129-4dfc-b930-d2b86f5e750d@9d156.json
# 内容概述:### 简要总结
该JSON文件定义了一个3D场景，包含节点层次结构、Mesh节点及其渲染器（cc.MeshRenderer）配置，以及多个预制件和烘焙设置。节点具有位置、旋转和缩放属性，渲染器组件负责材质和阴影处理。预制件信息包括文件ID和实例配置。

31. 20983781-5314-45e7-add6-a26db78c429e.json
# 路径:D:/my_file/MyFile/YunSi/Project/Games/Cocos/CocosCyberpunk_all/CocosCyberpunk\library\20\20983781-5314-45e7-add6-a26db78c429e.json
# 内容概述:这是一个名为“20983781-5314-45e7-add6-a26db78c429e.json”的文件。该文件中的内容为：
这是一个名为“20983781-5314-45e7-add6-a26db78c429e.json”的文件，该文件里的内容为：
{
  "__type__": "cc.ImageAsset",
  "content": {
    "fmt": "0",
    "w": 0,
    "h": 0
  }
}

32. 20983781-5314-45e7-add6-a26db78c429e.png
# 路径:D:/my_file/MyFile/YunSi/Project/Games/Cocos/CocosCyberpunk_all/CocosCyberpunk\library\20\20983781-5314-45e7-add6-a26db78c429e.png
# 内容概述:这是一个名为“20983781-5314-45e7-add6-a26db78c429e.png”的文件。

33. 20983781-5314-45e7-add6-a26db78c429e@6c48a.json
# 路径:D:/my_file/MyFile/YunSi/Project/Games/Cocos/CocosCyberpunk_all/CocosCyberpunk\library\20\20983781-5314-45e7-add6-a26db78c429e@6c48a.json
# 内容概述:### 简化总结

该文件定义了一个名为“20983781-5314-45e7-add6-a26db78c429e@6c48a.json”的二维纹理资源（cc.Texture2D），包含基本配置和Mipmap信息。

34. 20a5d8cb-ccad-4543-a937-fccd98c9f3de.json
# 路径:D:/my_file/MyFile/YunSi/Project/Games/Cocos/CocosCyberpunk_all/CocosCyberpunk\library\20\20a5d8cb-ccad-4543-a937-fccd98c9f3de.json
# 内容概述:### 简要总结

该JSON文件详细描述了一个名为“pageView”的页面视图预制件，包含多个节点和组件。节点如“pageView”、“view”、“content”等构建了视图结构，而组件如“UITransform”、“Sprite”等赋予节点功能。预制件信息包括文件ID和UUID，用于资源引用。属性设置定义了节点位置、旋转、缩放等，以及组件特定参数，共同构成了页面视图的完整配置。

35. 20d7ed25-80b6-4090-8349-9d2113418894@45b70.bin
# 路径:D:/my_file/MyFile/YunSi/Project/Games/Cocos/CocosCyberpunk_all/CocosCyberpunk\library\20\20d7ed25-80b6-4090-8349-9d2113418894@45b70.bin
# 内容概述:这是一个名为“20d7ed25-80b6-4090-8349-9d2113418894@45b70.bin”的文件。

36. 20d7ed25-80b6-4090-8349-9d2113418894@45b70.json
# 路径:D:/my_file/MyFile/YunSi/Project/Games/Cocos/CocosCyberpunk_all/CocosCyberpunk\library\20\20d7ed25-80b6-4090-8349-9d2113418894@45b70.json
# 内容概述:该文件描述了一个3D网格模型，类型为cc.Mesh，包含300个顶点，采用三角形渲染。模型具有位置、法线、纹理坐标、切线和颜色等顶点属性，并定义了其在三维空间中的位置范围。

37. 20d7ed25-80b6-4090-8349-9d2113418894@9d156.json
# 路径:D:/my_file/MyFile/YunSi/Project/Games/Cocos/CocosCyberpunk_all/CocosCyberpunk\library\20\20d7ed25-80b6-4090-8349-9d2113418894@9d156.json
# 内容概述:### 简要总结
该JSON文件定义了一个3D场景，核心节点为“lod_0”，其下包含名为“Mesh”的子节点，负责渲染3D网格。Mesh节点使用了cc.MeshRenderer组件，并配置了烘焙设置以优化光照和阴影效果。预制件信息通过cc.PrefabInfo提供，包括文件ID和实例引用。

38. 20d99e09-8c0c-44a1-bfac-fa9827f87b32.json
# 路径:D:/my_file/MyFile/YunSi/Project/Games/Cocos/CocosCyberpunk_all/CocosCyberpunk\library\20\20d99e09-8c0c-44a1-bfac-fa9827f87b32.json
# 内容概述:这是一个名为“20d99e09-8c0c-44a1-bfac-fa9827f87b32.json”的文件。该文件中的内容为：
这是一个名为“20d99e09-8c0c-44a1-bfac-fa9827f87b32.json”的文件，该文件里的内容为：
{
  "__type__": "cc.ImageAsset",
  "content": {
    "fmt": "0",
    "w": 0,
    "h": 0
  }
}

39. 20d99e09-8c0c-44a1-bfac-fa9827f87b32.png
# 路径:D:/my_file/MyFile/YunSi/Project/Games/Cocos/CocosCyberpunk_all/CocosCyberpunk\library\20\20d99e09-8c0c-44a1-bfac-fa9827f87b32.png
# 内容概述:这是一个名为“20d99e09-8c0c-44a1-bfac-fa9827f87b32.png”的文件。

40. 20d99e09-8c0c-44a1-bfac-fa9827f87b32@6c48a.json
# 路径:D:/my_file/MyFile/YunSi/Project/Games/Cocos/CocosCyberpunk_all/CocosCyberpunk\library\20\20d99e09-8c0c-44a1-bfac-fa9827f87b32@6c48a.json
# 内容概述:该文件定义了一个Cocos Creator引擎的纹理对象（cc.Texture2D），包含基本参数和指向子资源的标识符。纹理参数以“base”字段表示，而“mipmaps”字段则指向了一个特定的纹理资源。

41. 20ef894e-8eea-4239-a664-5b525acabda8.json
# 路径:D:/my_file/MyFile/YunSi/Project/Games/Cocos/CocosCyberpunk_all/CocosCyberpunk\library\20\20ef894e-8eea-4239-a664-5b525acabda8.json
# 内容概述:这是一个名为“20ef894e-8eea-4239-a664-5b525acabda8.json”的文件。该文件中的内容为：
这是一个名为“20ef894e-8eea-4239-a664-5b525acabda8.json”的文件，该文件里的内容为：
{
  "__type__": "cc.ImageAsset",
  "content": {
    "fmt": "0",
    "w": 0,
    "h": 0
  }
}

42. 20ef894e-8eea-4239-a664-5b525acabda8.png
# 路径:D:/my_file/MyFile/YunSi/Project/Games/Cocos/CocosCyberpunk_all/CocosCyberpunk\library\20\20ef894e-8eea-4239-a664-5b525acabda8.png
# 内容概述:这是一个名为“20ef894e-8eea-4239-a664-5b525acabda8.png”的文件。

43. 20ef894e-8eea-4239-a664-5b525acabda8@6c48a.json
# 路径:D:/my_file/MyFile/YunSi/Project/Games/Cocos/CocosCyberpunk_all/CocosCyberpunk\library\20\20ef894e-8eea-4239-a664-5b525acabda8@6c48a.json
# 内容概述:### 简要总结

该文件描述了一个`cc.Texture2D`类型的二维纹理资源，包含基础尺寸和颜色信息（`base: "2,2,0,0,0,0"`），以及关联的Mipmap资源列表，其中首个Mipmap与纹理资源ID一致。

44. 20f557f4-d613-4009-8b26-581b6a653f26@46037.bin
# 路径:D:/my_file/MyFile/YunSi/Project/Games/Cocos/CocosCyberpunk_all/CocosCyberpunk\library\20\20f557f4-d613-4009-8b26-581b6a653f26@46037.bin
# 内容概述:这是一个名为“20f557f4-d613-4009-8b26-581b6a653f26@46037.bin”的文件。

45. 20f557f4-d613-4009-8b26-581b6a653f26@46037.json
# 路径:D:/my_file/MyFile/YunSi/Project/Games/Cocos/CocosCyberpunk_all/CocosCyberpunk\library\20\20f557f4-d613-4009-8b26-581b6a653f26@46037.json
# 内容概述:该文件描述了一个三维网格模型，包含多个原始几何体，每个几何体具有特定的顶点集合和属性，如位置、法线、纹理坐标等。模型具有明确的三维空间位置范围，并允许数据访问。

46. 20f557f4-d613-4009-8b26-581b6a653f26@53b6b.json
# 路径:D:/my_file/MyFile/YunSi/Project/Games/Cocos/CocosCyberpunk_all/CocosCyberpunk\library\20\20f557f4-d613-4009-8b26-581b6a653f26@53b6b.json
# 内容概述:### 简要总结
该文件详细描述了一个3D场景的配置，包括节点结构、位置、旋转、缩放等属性，以及节点所使用的预制件和渲染组件（如MeshRenderer）。特别指出，场景中包含一个名为"Mesh"的节点，其渲染器组件配置了阴影模式，且场景配置基于特定的预制件和烘焙设置。

47. 20fe583d-2f55-46c9-819f-e3091524b7db@97504.bin
# 路径:D:/my_file/MyFile/YunSi/Project/Games/Cocos/CocosCyberpunk_all/CocosCyberpunk\library\20\20fe583d-2f55-46c9-819f-e3091524b7db@97504.bin
# 内容概述:这是一个名为“20fe583d-2f55-46c9-819f-e3091524b7db@97504.bin”的文件。

48. 20fe583d-2f55-46c9-819f-e3091524b7db@97504.json
# 路径:D:/my_file/MyFile/YunSi/Project/Games/Cocos/CocosCyberpunk_all/CocosCyberpunk\library\20\20fe583d-2f55-46c9-819f-e3091524b7db@97504.json
# 内容概述:该文件描述了一个Cocos Creator引擎中的3D网格对象，包含顶点属性如位置、法线、纹理坐标等，以及网格的几何结构（三角形模式）和位置范围。此外，提供了网格的唯一标识哈希值和访问权限。

49. 20fe583d-2f55-46c9-819f-e3091524b7db@f0843.json
# 路径:D:/my_file/MyFile/YunSi/Project/Games/Cocos/CocosCyberpunk_all/CocosCyberpunk\library\20\20fe583d-2f55-46c9-819f-e3091524b7db@f0843.json
# 内容概述:### 简要总结
文本文件详细描述了Cocos Creator框架下3D场景的节点配置，包括`lod_1`和`Mesh`节点的基本属性如位置、旋转和缩放，以及`Mesh`节点的`cc.MeshRenderer`组件设置，如材质和阴影模式。此外，文件还提供了预制体的相关信息，表明节点可能基于预制体实例化。


2024-11-29 09:19:34,898 - INFO Retriever 0 - 

————————————————————————————————————————————————————————————————
2024-11-29 09:19:34,898 - INFO Retriever 0 - 当前窗口总长度：21
2024-11-29 09:19:34,899 - INFO Retriever 0 - 当前更新窗口长度：12
2024-11-29 09:19:34,899 - INFO Retriever 0 - 当前更新窗口长度：12
2024-11-29 09:19:34,899 - INFO Retriever 0 - ————————————————————————————————————————————————————————————————


2024-11-29 09:19:39,326 - INFO Retriever 0 - Agent主脑给出的回答为：{
    "finish": "我已完成你所给出的任务需求，请你进行确认"
}
2024-11-29 09:19:39,326 - INFO Retriever 0 - 是否成功解析：True
2024-11-29 09:19:39,327 - INFO Retriever 0 - operation_type (__det_dir_action):
2024-11-29 09:19:39,327 - INFO Retriever 0 - finish
2024-11-29 09:19:39,327 - INFO Retriever 0 - 

——————————————————————————————————————————————————————————————————————————————————————————————————————————————————————————
2024-11-29 09:19:39,327 - INFO Retriever 0 - Assistant:
2024-11-29 09:19:39,328 - INFO Retriever 0 - {
    "finish": "我已完成你所给出的任务需求，请你进行确认"
}
2024-11-29 09:19:39,328 - INFO Retriever 0 - dict_keys(['finish'])
2024-11-29 09:19:39,328 - INFO Retriever 0 - ——————————————————————————————————— 任务结束 ———————————————————————————————————
2024-11-29 09:19:39,328 - INFO Retriever 0 - 

————————————————————————————————————————————————————————————————
2024-11-29 09:19:39,328 - INFO Retriever 0 - 当前窗口总长度：21
2024-11-29 09:19:39,328 - INFO Retriever 0 - 当前更新窗口长度：12
2024-11-29 09:19:39,329 - INFO Retriever 0 - 当前更新窗口长度：12
2024-11-29 09:19:39,329 - INFO Retriever 0 - ————————————————————————————————————————————————————————————————


2024-11-29 09:19:54,765 - INFO Retriever 0 - -------------------------Task Report-----------------------
2024-11-29 09:19:54,767 - INFO Retriever 0 - * 文件一：
    * 文件绝对路径：D:/my_file/MyFile/YunSi/Project/Games/Cocos/CocosCyberpunk_all/CocosCyberpunk/library/20/20a5d8cb-ccad-4543-a937-fccd98c9f3de.json
    * 文件内容概述：该文件是一个预制件文件，定义了一个名为“pageView”的页面视图。文件中包含了页面视图的结构和组件信息，但没有直接提供开始游戏按键的代码逻辑。
    * 该文件与问题目标之间的关联性：该文件定义了主页面的结构，可能包含开始游戏按键的布局和视觉元素，但需要进一步查看与这个预制件相关的脚本文件或事件监听器代码来了解按键背后的代码逻辑。

* 文件二：
    * 文件绝对路径：D:/my_file/MyFile/YunSi/Project/Games/Cocos/CocosCyberpunk_all/CocosCyberpunk/library/20/20835ba4-6145-4fbc-a58a-051ce700aa3e@f9941.json
    * 文件内容概述：该文件详细描述了一个名为“default_btn_normal”的SpriteFrame，用于游戏或图形界面中的按钮图像。图像尺寸为40x40像素，位于纹理左上角，未旋转，具有12像素的裁剪边界。文件提供了顶点位置和纹理坐标，确保图像正确渲染。
    * 该文件与问题目标之间的关联性：该文件定义了一个按钮的图像资源，可能与主页面的开始游戏按键相关，但需要进一步查看与这个图像资源相关的脚本文件或事件监听器代码来了解按键背后的代码逻辑。

* 文件三：
    * 文件绝对路径：D:/my_file/MyFile/YunSi/Project/Games/Cocos/CocosCyberpunk_all/CocosCyberpunk/library/20/208c15d3-13fc-4b01-bf5c-97a3f6a48cda@f9941.json
    * 文件内容概述：该文件描述了一个名为“img_icon_machine_gun_1”的SpriteFrame，用于显示机枪图标。图标基于纹理资源“208c15d3-13fc-4b01-bf5c-97a3f6a48cda@6c48a”，尺寸为46x49像素，位于纹理左上角（0,0）。SpriteFrame未旋转，采用默认网格类型，且具有标准锚点设置。
    * 该文件与问题目标之间的关联性：该文件定义了一个图标资源，与主页面的开始游戏按键没有直接关联。

* 文件四：
    * 文件绝对路径：D:/my_file/MyFile/YunSi/Project/Games/Cocos/CocosCyberpunk_all/CocosCyberpunk/library/20/20957ea8-0129-4dfc-b930-d2b86f5e750d@0088c.json
    * 文件内容概述：该文件描述了一个三维网格模型，包含三个顶点集合，每个集合包含位置、法线、纹理坐标等属性。模型具有明确的边界，定义了其在三维空间中的尺寸。
    * 该文件与问题目标之间的关联性：该文件定义了一个三维网格模型，与主页面的开始游戏按键没有直接关联。

* 文件五：
    * 文件绝对路径：D:/my_file/MyFile/YunSi/Project/Games/Cocos/CocosCyberpunk_all/CocosCyberpunk/library/20/20983781-5314-45e7-add6-a26db78c429e@6c48a.json
    * 文件内容概述：该文件定义了一个名为“20983781-5314-45e7-add6-a26db78c429e@6c48a.json”的二维纹理资源（cc.Texture2D），包含基本配置和Mipmap信息。
    * 该文件与问题目标之间的关联性：该文件定义了一个二维纹理资源，与主页面的开始游戏按键没有直接关联。

* 文件六：
    * 文件绝对路径：D:/my_file/MyFile/YunSi/Project/Games/Cocos/CocosCyberpunk_all/CocosCyberpunk/library/20/20a5d8cb-ccad-4543-a937-fccd98c9f3de.json
    * 文件内容概述：该文件是一个预制件文件，定义了一个名为“pageView”的页面视图。文件中包含了页面视图的结构和组件信息，但没有直接提供开始游戏按键的代码逻辑。
    * 该文件与问题目标之间的关联性：该文件定义了主页面的结构，可能包含开始游戏按键的布局和视觉元素，但需要进一步查看与这个预制件相关的脚本文件或事件监听器代码来了解按键背后的代码逻辑。
2024-11-29 09:19:54,768 - INFO Retriever 0 - 
Token Consuming:128073

2024-11-29 09:19:54,768 - INFO Retriever 0 - 
history rounds:11

