2024-10-08 22:27:29,332 - INFO Retriever 0 - Init Retriever.
2024-10-08 22:27:40,081 - INFO Retriever 0 - keywords:“物”，“掉落物”，“drop”，“thing”，“玩家”，“adversary”，“collect”，“捡拾”，“掉落”，“pick up”，“敌人”，“fall”，“enemy”，“matter”，“player”
2024-10-08 22:27:40,081 - INFO Retriever 0 - deep_think_conent
:在获取了项目文件的顶层结构后，我还需要结合待查询的问题描述，对于项目中的文件和目录进行一些深度关键词检索。根据任务描述：“请在D:\Unity\open-project-1-main\UOP1_Project\Assets下各级目录中寻找：游戏过程中玩家捡拾敌人掉落物的逻辑在什么地方实现的？”，我总结出如下可能会出现在各个文件名或者文件内容中的关键词：“物”，“掉落物”，“drop”，“thing”，“玩家”，“adversary”，“collect”，“捡拾”，“掉落”，“pick up”，“敌人”，“fall”，“enemy”，“matter”，“player”。
接下来，我将使用retrieve_keywords操作，在项目顶层路径“D:\Unity\open-project-1-main\UOP1_Project\Assets”下检索这些关键词，从而大致把握可能与问题描述相关的文件或目录的路径。
2024-10-08 22:27:40,085 - INFO Retriever 0 - ——————————————————————————————————————————————————————————————————————————————————————————————————————————————————————————
2024-10-08 22:27:40,085 - INFO Retriever 0 - Assistant:
2024-10-08 22:27:40,086 - INFO Retriever 0 - {
    "deep_think": {
        "thoughts": "好的，接下来我将通过深度思考、仔细计划以及逐步执行的方式，来完成该任务。\n\n首先，在阅读详细的代码细节之前，应该先整体把握整个项目。\n\n在提供的可选的action中，可以通过get_folder_info操作，通过将项目顶层路径作为target_folder_path参数进行传入，来获取获取项目中主要文件夹和主要文件的描述，从而能够先大致把握项目文件的主要文件的文件树结构、基本内容、主要代码概述以及大致功能板块的分布。"
    }
}
2024-10-08 22:27:40,086 - INFO Retriever 0 - 
Observer:
2024-10-08 22:27:40,087 - INFO Retriever 0 - 好的，请继续你的下一步行动或思考。
2024-10-08 22:27:40,087 - INFO Retriever 0 - 
2024-10-08 22:27:40,825 - INFO Retriever 0 - ——————————————————————————————————————————————————————————————————————————————————————————————————————————————————————————
2024-10-08 22:27:40,826 - INFO Retriever 0 - Assistant:
2024-10-08 22:27:40,826 - INFO Retriever 0 - {
    "get_folder_info": {
        "target_folder_path": "D:\\Unity\\open-project-1-main\\UOP1_Project\\Assets"
    }
}
2024-10-08 22:27:40,828 - INFO Retriever 0 - 
Observer:
2024-10-08 22:27:40,828 - INFO Retriever 0 - 目标文件夹路径：D:\Unity\open-project-1-main\UOP1_Project\Assets
文件结构树（该结构树可能不完整，仅返回深度小于等于1层的子文件以及文件夹）：
├── .DS_Store
├── Addons
│   ├── DOTween
│   ├── TextMeshPro
├── AddressableAssetsData
│   ├── AddressableAssetSettings.asset
│   ├── AssetGroupTemplates
│   ├── AssetGroups
│   ├── DataBuilders
│   ├── DefaultObject.asset
│   ├── Windows
├── Art
│   ├── Accessories
│   ├── Characters
│   ...
│   ├── UI
├── Audio
│   ├── Music
│   ├── SFX
├── Cutscenes
│   ├── AudioTests.playable
│   ├── BeachCandyCutscene.playable
│   ...
│   ├── TownCutscene.playable
├── LocalizationFiles
│   ├── .DS_Store
│   ├── AssetTables
│   ├── GoogleSheetService_ChopChop.asset
│   ├── Locales
│   ├── LocalizationSettings.asset
├── Prefabs
│   ├── Accessories
│   ├── Audio
│   ...
│   ├── _SceneChunks
├── ProBuilder Data
│   ├── Default Color Palette.asset
│   ├── Default Material Palette.asset
├── Scenes
│   ├── Examples
│   ├── Locations
│   ├── Managers
│   ├── Menus
│   ├── WIP
│   ├── Whiteboxing
├── ScriptableObjects
│   ├── Audio
│   ├── Configs
│   ...
│   ├── StateMachine
├── Scripts
│   ├── Animation
│   ├── Audio
│   ...
│   ├── UI
├── Settings
│   ├── Audio
│   ├── Graphics
│   ├── Input
│   ├── LightBakingSettings
│   ├── Presets
├── Shaders
│   ├── AggroEffect.shadergraph
│   ├── CustomHLSL
│   ...
│   ├── Water_Sea.shadergraph
├── TextData
│   ├── ContributorsList.txt
├── Tutorials
│   ├── Icons
│   ├── Images
│   ├── TutorialProjectSettings.asset
│   ├── TutorialWelcomePage.asset
│   ├── Tutorials.asset
├── WIP
│   ├── Materials
│   ├── Prefabs
│   ├── SourceFiles
│   ├── Textures


其中，部分主要文件及文件夹的信息如下：
1. Assets
# 路径:D:/Unity/open-project-1-main/UOP1_Project\Assets
# 内容概述:“Assets”文件夹汇集了Unity游戏开发所需的多种资源，包括动画、文本处理、音频、艺术资产、场景和脚本等。其中，“Addons”子文件夹提供了DOTween和TextMeshPro等插件，分别用于动画和文本渲染；“AddressableAssetsData”则专注于资源管理和配置；“Art”包含3D模型、动画和视觉效果等创意资源；“Audio”提供背景音乐和声音效果；“Cutscenes”包含剧情相关文件；“LocalizationFiles”支持多语言本地化；“Prefabs”提供可复用的游戏对象；“Scenes”涉及场景设计和导航；“ScriptableObjects”存储游戏配置；“Scripts”包含脚本文件；“Settings”管理音频、图形和输入设置；“Shaders”提供自定义着色器；“TextData”记录项目贡献者；“Tutorials”提供开发指导；“WIP”存放开发中的资源。整体上，这些文件夹和文件协同工作，构成了一个完整且功能丰富的游戏开发环境。

2. Addons
# 路径:D:/Unity/open-project-1-main/UOP1_Project\Assets\Addons
# 内容概述:“Addons”文件夹汇集了两个Unity插件：DOTween和TextMeshPro。DOTween提供全面的动画和缓动解决方案，包含编辑器工具和模块化脚本，旨在增强Unity中的动画效果。TextMeshPro则专注于文本渲染和视觉效果，提供丰富的字体资源、样式表和表情符号，以丰富游戏中的文本显示。两个插件均附有详细的使用说明和许可协议，旨在为Unity开发者提供高效的内容创作工具。

3. AddressableAssetsData
# 路径:D:/Unity/open-project-1-main/UOP1_Project\Assets\AddressableAssetsData
# 内容概述:### 简化版文件夹内容总结

“AddressableAssetsData”文件夹是Unity游戏开发的核心资源管理区域，汇集了资源打包模板、详细配置文件、脚本组件以及操作系统相关状态文件。它包括资源管理模板（AssetGroupTemplates）、资源与场景管理配置（AssetGroups）、脚本配置（DataBuilders）、操作系统资源状态文件（Windows和OSX），以及可寻址资源设置（AddressableAssetSettings.asset）和默认对象配置（DefaultObject.asset）。这些文件和文件夹协同工作，确保了游戏资源的有效管理和优化。

4. Art
# 路径:D:/Unity/open-project-1-main/UOP1_Project\Assets\Art
# 内容概述:“Art”文件夹汇集了丰富多样的创意资源，包括3D模型、动画、字体、视觉效果和用户界面设计等，适用于游戏开发、动画制作和视觉设计。其中，**Accessories** 和 **Characters** 提供了丰富的角色和道具模型，**Effects** 包含了用于特效制作的资源，**Font** 提供了字体设计和智能合约代码，**Items** 和 **Nature** 则专注于游戏和动画中的物品和自然景观设计。此外，**Materials**、**Skybox**、**Textures** 和 **UI** 分别提供了材质、环境纹理、用户界面元素等，共同构成了一个全面的艺术资源库。

5. Audio
# 路径:D:/Unity/open-project-1-main/UOP1_Project\Assets\Audio
# 内容概述:“Audio”文件夹汇集了音乐与声音效果两大类资源。其中，“Music”子文件夹专注于为游戏或多媒体项目中的不同场景提供定制背景音乐，包括海滩、森林、城镇等，以及一系列主题音乐和暂停菜单音乐。而“SFX”子文件夹则包含了丰富的声音效果，涵盖角色动作、厨房环境以及界面交互等，旨在增强多媒体项目的沉浸感和互动性。这两个子文件夹的资源相互配合，共同构建了项目的音频环境。

6. Cutscenes
# 路径:D:/Unity/open-project-1-main/UOP1_Project\Assets\Cutscenes
# 内容概述:### 文件夹内容总结

“Cutscenes”文件夹汇集了多种游戏剧情相关的可播放文件，包括海滩、镇子等场景的剧情片段，如开场、游戏结束等。这些文件与“Signals”文件夹中的信号文件协同工作，共同构建游戏的故事情节和动态事件。

7. LocalizationFiles
# 路径:D:/Unity/open-project-1-main/UOP1_Project\Assets\LocalizationFiles
# 内容概述:### 文件夹内容总结

“LocalizationFiles”文件夹汇集了Unity游戏开发所需的本地化资源和配置文件。其中，.DS_Store文件负责Mac系统文件夹个性化设置，而“Locales”子文件夹内包含多语言本地化资产，如英文、法语和意大利语设置。此外，GoogleSheetService_ChopChop.asset脚本组件用于与Google Sheets服务集成，而LocalizationSettings.asset则定义了游戏的本地化设置和格式化规则，确保游戏在不同语言环境下的正确显示。这些文件共同支撑起游戏的多语言功能和数据管理。

8. Prefabs
# 路径:D:/Unity/open-project-1-main/UOP1_Project\Assets\Prefabs
# 内容概述:“Prefabs”文件夹汇集了多样化的预制资源，专为游戏和虚拟现实项目设计。它包含角色装饰、音频管理、NPC与场景构建、动画场景、可收集物品、编辑器工具、视觉效果、食物与家具模型、UI界面、独特场景元素等预制件，旨在加速游戏开发流程，丰富游戏世界和角色设定，同时确保视觉和交互体验的丰富性。

9. ProBuilder Data
# 路径:D:/Unity/open-project-1-main/UOP1_Project\Assets\ProBuilder Data
# 内容概述:“ProBuilder Data”文件夹汇集了两个Unity游戏引擎相关资产文件：一个是“Default Color Palette.asset”，定义了15种默认颜色调色板，供游戏界面和视觉效果使用；另一个是“Default Material Palette.asset”，包含一个Unity材质调色板脚本组件，可能用于存储和应用颜色配置。这两个文件共同服务于游戏视觉设计。

10. Scenes
# 路径:D:/Unity/open-project-1-main/UOP1_Project\Assets\Scenes
# 内容概述:“Scenes”文件夹是Unity游戏开发的核心资源库，汇集了多样化的场景设计元素。其中，“Examples”展示了场景导航网络示例，“Locations”提供了多种场景的光照、反射和导航数据，“Menus”则专注于游戏菜单的光照效果。此外，“WIP”包含正在开发中的场景照明和导航设置，而“Whiteboxing”则涵盖了城镇景观和地图构建资源。整体上，这些文件夹相互关联，共同构建了游戏世界的视觉和功能框架。遗憾的是，“Managers”文件夹的具体内容尚未明确，其关联性分析有待进一步信息。

11. ScriptableObjects
# 路径:D:/Unity/open-project-1-main/UOP1_Project\Assets\ScriptableObjects
# 内容概述:“ScriptableObjects”文件夹是Unity游戏项目的核心配置中心，汇集了音频、游戏机制、对话、事件通道、游戏状态、输入管理、交互、库存、物品类型、路径、任务、运行时锚点、保存系统、场景数据和状态机等关键组件的配置文件。这些文件相互关联，共同支撑起游戏的基本机制和玩家体验，确保了从音效到游戏逻辑的每一部分都能无缝协作，为玩家提供连贯且丰富的游戏体验。

12. Scripts
# 路径:D:/Unity/open-project-1-main/UOP1_Project\Assets\Scripts
# 内容概述:“Scripts”文件夹是Unity游戏开发的核心，汇集了动画控制、音频管理、角色行为、摄像机操作、场景管理等关键脚本，旨在构建流畅的游戏体验。它还包含了对话系统、库存管理、用户界面、输入处理、交互逻辑等脚本，确保游戏交互丰富且直观。此外，文件夹内还涵盖了保存系统、状态机、系统设置、本地化工具以及编辑器辅助工具，以支持高效的游戏开发和资源管理。这些脚本相互协作，共同构成了一个功能全面、结构清晰的游戏开发框架。

13. Settings
# 路径:D:/Unity/open-project-1-main/UOP1_Project\Assets\Settings
# 内容概述:“Settings”文件夹汇集了游戏开发的关键配置文件，包括音频混合器设置、图形渲染和视觉效果配置、输入系统定义、光照烘焙参数以及预设导入设置。这些子文件夹（Audio、Graphics、Input、LightBakingSettings、Presets）分别针对音频处理、视觉效果、玩家交互、光照效果优化和文件导入优化，确保游戏在音效、视觉、操作和性能上的高质量体验。

14. Shaders
# 路径:D:/Unity/open-project-1-main/UOP1_Project\Assets\Shaders
# 内容概述:“Shaders”文件夹汇集了多种图形渲染和视觉效果资源，包括自定义着色器代码（如CustomHLSL中的自定义光照效果）、调试工具（如Debug文件夹中的顶点着色器调试）、以及一系列子图文件（如SubGraphs中的多种视觉效果子图）。此外，Unused文件夹包含了未使用的Unity项目资源，如自定义渲染脚本、水效果和ShaderGraph编辑文件。这些资源共同服务于图形渲染和视觉效果的开发，适用于游戏和视觉效果制作。

15. TextData
# 路径:D:/Unity/open-project-1-main/UOP1_Project\Assets\TextData
# 内容概述:“TextData”文件夹专注于存储项目贡献者信息，其中包含一个名为“ContributorsList.txt”的文件，记录了项目开发者和艺术家的名单及其角色。

16. Tutorials
# 路径:D:/Unity/open-project-1-main/UOP1_Project\Assets\Tutorials
# 内容概述:“Tutorials”文件夹汇集了Unity游戏开发的丰富资源，包括图标和图像设计文件，用于界面视觉元素。其中，**TutorialProjectSettings.asset** 配置了教程项目的初始场景和相机设置，而**TutorialWelcomePage.asset** 则创建了项目欢迎页面，介绍“Chop Chop”游戏并引导用户。此外，**Tutorials.asset** 提供了教程页面的详细配置，涵盖项目资源获取、讨论论坛、开发日志等，为开发者提供了全面的学习和参与途径。这些文件共同构成了一个完整的教学和资源支持体系，旨在辅助开发者深入学习和实践Unity游戏开发。

17. WIP
# 路径:D:/Unity/open-project-1-main/UOP1_Project\Assets\WIP
# 内容概述:“WIP”文件夹汇集了游戏开发所需的多媒体资源，包括用于场景设计的材质（如草地、天空盒等），预制体组件（如菜单、物体），以及图像素材和纹理（如国旗、地图纹理）。这些资源相互关联，共同构成了游戏世界的视觉和交互基础。

18. .DS_Store
# 路径:D:/Unity/open-project-1-main/UOP1_Project\Assets\.DS_Store
# 内容概述:这是一个名为“.DS_Store”的文件。


2024-10-08 22:27:40,830 - INFO Retriever 0 - 
2024-10-08 22:27:40,830 - INFO Retriever 0 - ——————————————————————————————————————————————————————————————————————————————————————————————————————————————————————————
2024-10-08 22:27:40,831 - INFO Retriever 0 - Assistant:
2024-10-08 22:27:40,831 - INFO Retriever 0 - {
    "deep_think": {
        "thoughts": "在获取了项目文件的顶层结构后，我还需要结合待查询的问题描述，对于项目中的文件和目录进行一些深度关键词检索。根据任务描述：“请在D:\\Unity\\open-project-1-main\\UOP1_Project\\Assets下各级目录中寻找：游戏过程中玩家捡拾敌人掉落物的逻辑在什么地方实现的？”，我总结出如下可能会出现在各个文件名或者文件内容中的关键词：“物”，“掉落物”，“drop”，“thing”，“玩家”，“adversary”，“collect”，“捡拾”，“掉落”，“pick up”，“敌人”，“fall”，“enemy”，“matter”，“player”。\n接下来，我将使用retrieve_keywords操作，在项目顶层路径“D:\\Unity\\open-project-1-main\\UOP1_Project\\Assets”下检索这些关键词，从而大致把握可能与问题描述相关的文件或目录的路径。"
    }
}
2024-10-08 22:27:40,831 - INFO Retriever 0 - 
Observer:
2024-10-08 22:27:40,831 - INFO Retriever 0 - 好的，请继续你的下一步行动或思考。
2024-10-08 22:27:40,832 - INFO Retriever 0 - 
2024-10-08 22:27:47,403 - INFO Retriever 0 - ——————————————————————————————————————————————————————————————————————————————————————————————————————————————————————————
2024-10-08 22:27:47,404 - INFO Retriever 0 - Assistant:
2024-10-08 22:27:47,405 - INFO Retriever 0 - {
    "retrieve_keywords": {
        "top_path": "D:\\Unity\\open-project-1-main\\UOP1_Project\\Assets",
        "key_word_list": [
            "物",
            "掉落物",
            "drop",
            "thing",
            "玩家",
            "adversary",
            "collect",
            "捡拾",
            "掉落",
            "pick up",
            "敌人",
            "fall",
            "enemy",
            "matter",
            "player"
        ]
    }
}
2024-10-08 22:27:47,405 - INFO Retriever 0 - 
Observer:
2024-10-08 22:27:47,405 - INFO Retriever 0 - 根据你提供的关键词，我检索到以下目录或文件，它们的绝对路径如下：
1. D:\Unity\open-project-1-main\UOP1_Project\Assets\Scripts\Characters
“Characters”文件夹汇集了Unity游戏开发中角色相关的脚本资源，包括角色配置（如攻击、奖励、效果和NPC移动）、状态机逻辑、音频处理以及角色行为控制。文件夹内分为多个子目录，如Config存储角色配置脚本，StateMachine包含构建游戏逻辑的脚本，Audio则专注于角色音效。此外，Attack、Attacker、Critter等脚本负责角色具体行为，而NPC、Protagonist等则涉及角色状态和交互。整体上，这些脚本相互协作，共同构成了游戏中的角色系统。

2. D:\Unity\open-project-1-main\UOP1_Project\Assets\ScriptableObjects\Inventory\Items\QuestItems
### 文件夹内容总结
“QuestItems”文件夹汇集了Unity游戏开发中用于定义和配置游戏内物品、食谱和脚本组件的文件。文件夹内包含多个资产配置文件，如“CakeWithRockCandy_Dish.asset”定义了蛋糕的属性，“RockCandy_Recipe.asset”则描述了制作糖果的配方。此外，还有如“GoldenEgg.asset”和“Onion.asset”等脚本组件配置文件，它们定义了游戏对象的属性和行为。这些文件之间相互关联，共同构成了游戏中的物品系统，包括它们的制作过程、外观和功能。

3. D:\Unity\open-project-1-main\UOP1_Project\Assets\LocalizationFiles
### 文件夹内容总结
“LocalizationFiles”文件夹汇集了Unity游戏开发所需的本地化资源和配置文件。其中，.DS_Store文件负责Mac系统文件夹个性化设置，而“Locales”子文件夹内包含多语言本地化资产，如英文、法语和意大利语设置。此外，GoogleSheetService_ChopChop.asset脚本组件用于与Google Sheets服务集成，而LocalizationSettings.asset则定义了游戏的本地化设置和格式化规则，确保游戏在不同语言环境下的正确显示。这些文件共同支撑起游戏的多语言功能和数据管理。

4. D:\Unity\open-project-1-main\UOP1_Project\Assets\ScriptableObjects\Inventory\Items\TestItems
### 文件夹内容概要
“TestItems”文件夹汇集了Unity游戏开发中的多种资产文件，包括脚本组件和配置文件。这些文件定义了游戏中的对象、资源引用、状态属性以及食谱等，如Ginger和Hammer等脚本组件，以及Lemonade和LobsterSoup等预制体和食谱。这些文件相互关联，共同构建了游戏的核心功能和视觉元素。

5. D:\Unity\open-project-1-main\UOP1_Project\Assets\ScriptableObjects\Dialogue\Cutscenes
“Cutscenes”文件夹汇集了Unity游戏引擎的脚本配置文件，涵盖对话逻辑、事件处理和脚本组件配置。其中，文件如“CUT-CANDY.asset”定义了“CUT-CANDY”脚本，涉及属性配置；“CUT-LOSE.asset”和“CUT-WIN.asset”则专注于游戏对话序列，用于特定剧情节点；“CUT-OPEN.asset”和“CUT-SLIME.asset”则分别配置了游戏中的脚本组件和“CUT-SLIME”组件的属性。这些文件共同支撑起游戏的剧情和交互体验。

6. D:\Unity\open-project-1-main\UOP1_Project\Assets\ScriptableObjects\Configs\Droppables
“Droppables”文件夹汇集了Unity游戏中的奖励系统配置文件，涵盖基础、精英、特定怪物（如山岩、植物、岩石和SlimeCritter）以及特殊奖励的设置。文件如BasicRewards.asset和EliteRewards.asset定义了奖励的散射距离和掉落组，而MountainRockCritterReward.asset等则针对特定怪物的奖励逻辑进行定制。此外，NoDrop.asset用于控制特定对象的掉落行为，而SlimeCritterSpecialReward.asset引入了特殊奖励机制，丰富了游戏奖励的多样性。这些文件协同工作，构建了游戏内奖励系统的完整框架。

7. D:\Unity\open-project-1-main\UOP1_Project\Assets\ScriptableObjects\Quests\Questline1\Quest1\Step1
## 文件夹内容精简总结
“Step1”文件夹内包含两个Unity游戏引擎脚本文件，分别为“S1-Q1-QL1.asset”和“SD-S1-Q1-QL1.asset”。前者是“S1-Q1-QL1”组件的脚本配置，涉及属性和资源关联；后者则定义了对话序列“SD-S1-Q1-QL1”，包含对话配置和流程控制，两文件共同支撑游戏对话逻辑。

8. D:\Unity\open-project-1-main\UOP1_Project\Assets\Scripts\UI
“UI”文件夹汇集了Unity游戏开发中用于构建和管理用户界面的关键脚本。它涵盖了对话系统、库存管理、设置界面、加载界面、信用屏幕、通用按钮、健康条、心形显示、交互面板、主菜单、暂停界面、弹窗以及旋转动画等多个方面。这些脚本通过事件和函数调用相互协作，确保了游戏UI的完整性和交互性，共同构成了游戏流程中的关键用户界面元素。

9. D:\Unity\open-project-1-main\UOP1_Project\Assets\Scripts\Gameplay
## 文件夹内容精简总结
“Gameplay”文件夹汇集了Unity游戏开发的核心脚本，包括`GameManager.cs`用于管理游戏状态和事件，`GameStateSO.cs`负责跟踪和管理游戏状态变化，以及`SpawnSystem.cs`负责玩家的生成逻辑。这些脚本相互协作，共同构成了游戏的核心功能框架。

10. D:\Unity\open-project-1-main\UOP1_Project\Assets\Scripts\Quests
### 文件夹内容概览
“Quests”文件夹是Unity游戏开发的核心资源集，专注于任务和对话系统的设计。它包含角色图像、UI布局文件、编辑器脚本和可序列化对象，如任务、任务线和步骤的数据结构。文件夹内分为资源管理、编辑器配置、脚本对象和任务管理器，确保了从资源编辑到任务流程控制的连贯性。关键文件如“QuestManagerSO.cs”和“StepController.cs”负责任务流程和对话步骤的管理，而“Resources”和“ScriptableObjects”则提供了必要的配置和数据支持。

请注意，这些目录或文件可能不全都和你的任务目标相关，仅供参考。请你基于具体的文件内容概述，结合你的任务目标，认真思考分析后，优先选择最有可能与任务相关的目录或文件进行进一步的检查。
2024-10-08 22:27:47,407 - INFO Retriever 0 - 
2024-10-08 22:27:53,762 - INFO Retriever 0 - Agent主脑给出的回答为：{
    "deep_think": {
        "thoughts": "根据检索到的关键词，我注意到“D:\\Unity\\open-project-1-main\\UOP1_Project\\Assets\\ScriptableObjects\\Configs\\Droppables”文件夹中包含了“Droppables”文件夹，这可能涉及到游戏中的掉落物配置。同时，“D:\\Unity\\open-project-1-main\\UOP1_Project\\Assets\\Scripts\\Gameplay”文件夹可能包含管理游戏逻辑的脚本，包括玩家捡拾物品的逻辑。因此，我将优先检查这两个文件夹中的文件，以确定玩家捡拾敌人掉落物的逻辑是否在这些文件中实现。"
    }
}
2024-10-08 22:27:53,764 - INFO Retriever 0 - 是否成功解析：True
2024-10-08 22:27:53,764 - INFO Retriever 0 - operation_type (__det_dir_action):
2024-10-08 22:27:53,764 - INFO Retriever 0 - deep_think
2024-10-08 22:27:53,765 - INFO Retriever 0 - 

——————————————————————————————————————————————————————————————————————————————————————————————————————————————————————————
2024-10-08 22:27:53,765 - INFO Retriever 0 - Assistant:
2024-10-08 22:27:53,765 - INFO Retriever 0 - {
    "deep_think": {
        "thoughts": "根据检索到的关键词，我注意到“D:\\Unity\\open-project-1-main\\UOP1_Project\\Assets\\ScriptableObjects\\Configs\\Droppables”文件夹中包含了“Droppables”文件夹，这可能涉及到游戏中的掉落物配置。同时，“D:\\Unity\\open-project-1-main\\UOP1_Project\\Assets\\Scripts\\Gameplay”文件夹可能包含管理游戏逻辑的脚本，包括玩家捡拾物品的逻辑。因此，我将优先检查这两个文件夹中的文件，以确定玩家捡拾敌人掉落物的逻辑是否在这些文件中实现。"
    }
}
2024-10-08 22:27:53,766 - INFO Retriever 0 - dict_keys(['deep_think'])
2024-10-08 22:27:53,766 - INFO Retriever 0 - Agent主脑给出的行动：deep_think
参数：{'thoughts': '根据检索到的关键词，我注意到“D:\\Unity\\open-project-1-main\\UOP1_Project\\Assets\\ScriptableObjects\\Configs\\Droppables”文件夹中包含了“Droppables”文件夹，这可能涉及到游戏中的掉落物配置。同时，“D:\\Unity\\open-project-1-main\\UOP1_Project\\Assets\\Scripts\\Gameplay”文件夹可能包含管理游戏逻辑的脚本，包括玩家捡拾物品的逻辑。因此，我将优先检查这两个文件夹中的文件，以确定玩家捡拾敌人掉落物的逻辑是否在这些文件中实现。', 'repeat_counter': 1, 'continue_think_counter': 1}
2024-10-08 22:27:53,766 - INFO Retriever 0 - Observer: 好的，请继续你的下一步行动或思考。
2024-10-08 22:27:57,131 - INFO Retriever 0 - Agent主脑给出的回答为：{
    "read_file": {
        "file_path": "D:\\Unity\\open-project-1-main\\UOP1_Project\\Assets\\ScriptableObjects\\Configs\\Droppables\\BasicRewards.asset"
    }
}
2024-10-08 22:27:57,131 - INFO Retriever 0 - 是否成功解析：True
2024-10-08 22:27:57,132 - INFO Retriever 0 - operation_type (__det_dir_action):
2024-10-08 22:27:57,132 - INFO Retriever 0 - read_file
2024-10-08 22:27:57,132 - INFO Retriever 0 - 

——————————————————————————————————————————————————————————————————————————————————————————————————————————————————————————
2024-10-08 22:27:57,132 - INFO Retriever 0 - Assistant:
2024-10-08 22:27:57,132 - INFO Retriever 0 - {
    "read_file": {
        "file_path": "D:\\Unity\\open-project-1-main\\UOP1_Project\\Assets\\ScriptableObjects\\Configs\\Droppables\\BasicRewards.asset"
    }
}
2024-10-08 22:27:57,132 - INFO Retriever 0 - dict_keys(['read_file'])
2024-10-08 22:27:57,133 - INFO Retriever 0 - Agent主脑给出的行动：read_file
参数：{'file_path': 'D:\\Unity\\open-project-1-main\\UOP1_Project\\Assets\\ScriptableObjects\\Configs\\Droppables\\BasicRewards.asset', 'top_path': 'D:\\Unity\\open-project-1-main\\UOP1_Project\\Assets', 'return_file_sum': <bound method TreeGenerationAction.return_file_sum of <Action.tree_gen_action.TreeGenerationAction object at 0x0000019E60E7FFA0>>}
2024-10-08 22:27:57,137 - INFO Retriever 0 - Observer: 这是一个名为“BasicRewards.asset”的文件，该文件里的内容为：
MonoBehaviour:
  m_ObjectHideFlags: 0
  m_CorrespondingSourceObject:
    fileID: 0
  m_PrefabInstance:
    fileID: 0
  m_PrefabAsset:
    fileID: 0
  m_GameObject:
    fileID: 0
  m_Enabled: 1
  m_EditorHideFlags: 0
  m_Script:
    fileID: 11500000
    guid: 64cbe6eac594d2847ab007f73118655a
    type: 3
  m_Name: BasicRewards
  m_EditorClassIdentifier: None
  _scatteringDistance: 0.5
  _dropGroups:
  - _drops:
    - _item:
        fileID: 11400000
        guid: dfda8fd036fda44f29d67f1f214567d6
        type: 2
      _itemDropRate: 0.5
    - _item:
        fileID: 11400000
        guid: e306cbc82b9bb4fe0a2c14a3b69c8dbc
        type: 2
      _itemDropRate: 0.5
    _dropRate: 1
  - _drops:
    - _item:
        fileID: 11400000
        guid: 735a41d8af06c466eb2776c3fff38307
        type: 2
      _itemDropRate: 1
    _dropRate: 0.2
2024-10-08 22:27:59,787 - INFO Retriever 0 - Agent主脑给出的回答为：{
    "read_file": {
        "file_path": "D:\\Unity\\open-project-1-main\\UOP1_Project\\Assets\\Scripts\\Gameplay\\GameManager.cs"
    }
}
2024-10-08 22:27:59,788 - INFO Retriever 0 - 是否成功解析：True
2024-10-08 22:27:59,788 - INFO Retriever 0 - operation_type (__det_dir_action):
2024-10-08 22:27:59,788 - INFO Retriever 0 - read_file
2024-10-08 22:27:59,788 - INFO Retriever 0 - 

——————————————————————————————————————————————————————————————————————————————————————————————————————————————————————————
2024-10-08 22:27:59,790 - INFO Retriever 0 - Assistant:
2024-10-08 22:27:59,790 - INFO Retriever 0 - {
    "read_file": {
        "file_path": "D:\\Unity\\open-project-1-main\\UOP1_Project\\Assets\\Scripts\\Gameplay\\GameManager.cs"
    }
}
2024-10-08 22:27:59,790 - INFO Retriever 0 - dict_keys(['read_file'])
2024-10-08 22:27:59,790 - INFO Retriever 0 - Agent主脑给出的行动：read_file
参数：{'file_path': 'D:\\Unity\\open-project-1-main\\UOP1_Project\\Assets\\Scripts\\Gameplay\\GameManager.cs', 'top_path': 'D:\\Unity\\open-project-1-main\\UOP1_Project\\Assets', 'return_file_sum': <bound method TreeGenerationAction.return_file_sum of <Action.tree_gen_action.TreeGenerationAction object at 0x0000019E60E7FFA0>>}
2024-10-08 22:27:59,829 - INFO Retriever 0 - Observer: 这是一个名为“GameManager.cs”的文件，该文件里的内容为：
由于脚本文件内容过长，暂时仅给出该脚本文件的内容总结:
- ### 总体概述
该脚本名为“GameManager.cs”，是Unity游戏开发中的一部分，负责管理游戏的主要状态和事件。它通过模块化的方式组织代码，主要功能包括初始化游戏状态、处理事件以及管理游戏中的物品和配方。

### 模块和功能
- **初始化模块**：在`Start`和`OnEnable`方法中，脚本初始化游戏状态和注册事件监听器。
- **事件处理模块**：包含`AddRockCandyRecipe`、`AddSweetDoughRecipe`和`AddFinalRecipes`方法，用于响应特定事件并添加物品到库存。
- **游戏开始模块**：`StartGame`方法用于启动游戏，更新游戏状态并开始游戏进程。

### 类和函数
- **类**：`GameManager`继承自`MonoBehaviour`，是Unity中的组件类。
  - **函数**：
    - `StartGame()`：启动游戏，设置游戏状态并开始游戏。
    - `AddRockCandyRecipe()`：添加“Rock Candy Recipe”到库存。
    - `AddSweetDoughRecipe()`：添加“Sweet Dough Recipe”到库存。
    - `AddFinalRecipes()`：将所有“Final Recipes”添加到库存。
    - `OnEnable()`和`OnDisable()`：用于注册和注销事件监听器。

### 实现逻辑
1. 在`Start`方法中调用`StartGame`来初始化游戏。
2. 在`OnEnable`中注册事件监听器，以便在特定事件发生时执行相应的函数。
3. `AddRockCandyRecipe`、`AddSweetDoughRecipe`和`AddFinalRecipes`根据事件触发添加相应的物品到库存。
4. `StartGame`方法中，更新游戏状态为游戏进行中，并启动游戏进程。
2024-10-08 22:28:06,350 - INFO Retriever 0 - Agent主脑给出的回答为：{
    "deep_think": {
        "thoughts": "通过阅读“BasicRewards.asset”文件，我了解到该文件定义了基本的掉落物配置，包括掉落物的散射距离和掉落组。然而，这个文件似乎并没有直接涉及到玩家捡拾敌人掉落物的逻辑。另一方面，“GameManager.cs”脚本文件负责管理游戏的主要状态和事件，包括初始化游戏状态、处理事件以及管理游戏中的物品和配方。尽管这个脚本文件中包含了添加物品到库存的方法，但它并没有直接涉及到玩家捡拾敌人掉落物的逻辑。因此，我需要继续查找其他可能包含玩家捡拾敌人掉落物逻辑的文件。"
    }
}
2024-10-08 22:28:06,351 - INFO Retriever 0 - 是否成功解析：True
2024-10-08 22:28:06,351 - INFO Retriever 0 - operation_type (__det_dir_action):
2024-10-08 22:28:06,351 - INFO Retriever 0 - deep_think
2024-10-08 22:28:06,351 - INFO Retriever 0 - 

——————————————————————————————————————————————————————————————————————————————————————————————————————————————————————————
2024-10-08 22:28:06,352 - INFO Retriever 0 - Assistant:
2024-10-08 22:28:06,352 - INFO Retriever 0 - {
    "deep_think": {
        "thoughts": "通过阅读“BasicRewards.asset”文件，我了解到该文件定义了基本的掉落物配置，包括掉落物的散射距离和掉落组。然而，这个文件似乎并没有直接涉及到玩家捡拾敌人掉落物的逻辑。另一方面，“GameManager.cs”脚本文件负责管理游戏的主要状态和事件，包括初始化游戏状态、处理事件以及管理游戏中的物品和配方。尽管这个脚本文件中包含了添加物品到库存的方法，但它并没有直接涉及到玩家捡拾敌人掉落物的逻辑。因此，我需要继续查找其他可能包含玩家捡拾敌人掉落物逻辑的文件。"
    }
}
2024-10-08 22:28:06,352 - INFO Retriever 0 - dict_keys(['deep_think'])
2024-10-08 22:28:06,352 - INFO Retriever 0 - Agent主脑给出的行动：deep_think
参数：{'thoughts': '通过阅读“BasicRewards.asset”文件，我了解到该文件定义了基本的掉落物配置，包括掉落物的散射距离和掉落组。然而，这个文件似乎并没有直接涉及到玩家捡拾敌人掉落物的逻辑。另一方面，“GameManager.cs”脚本文件负责管理游戏的主要状态和事件，包括初始化游戏状态、处理事件以及管理游戏中的物品和配方。尽管这个脚本文件中包含了添加物品到库存的方法，但它并没有直接涉及到玩家捡拾敌人掉落物的逻辑。因此，我需要继续查找其他可能包含玩家捡拾敌人掉落物逻辑的文件。', 'repeat_counter': 1, 'continue_think_counter': 1}
2024-10-08 22:28:06,353 - INFO Retriever 0 - Observer: 好的，请继续你的下一步行动或思考。
2024-10-08 22:28:09,705 - INFO Retriever 0 - Agent主脑给出的回答为：{
    "read_file": {
        "file_path": "D:\\Unity\\open-project-1-main\\UOP1_Project\\Assets\\Scripts\\Gameplay\\SpawnSystem.cs"
    }
}
2024-10-08 22:28:09,705 - INFO Retriever 0 - 是否成功解析：True
2024-10-08 22:28:09,705 - INFO Retriever 0 - operation_type (__det_dir_action):
2024-10-08 22:28:09,705 - INFO Retriever 0 - read_file
2024-10-08 22:28:09,705 - INFO Retriever 0 - 

——————————————————————————————————————————————————————————————————————————————————————————————————————————————————————————
2024-10-08 22:28:09,706 - INFO Retriever 0 - Assistant:
2024-10-08 22:28:09,706 - INFO Retriever 0 - {
    "read_file": {
        "file_path": "D:\\Unity\\open-project-1-main\\UOP1_Project\\Assets\\Scripts\\Gameplay\\SpawnSystem.cs"
    }
}
2024-10-08 22:28:09,706 - INFO Retriever 0 - dict_keys(['read_file'])
2024-10-08 22:28:09,706 - INFO Retriever 0 - Agent主脑给出的行动：read_file
参数：{'file_path': 'D:\\Unity\\open-project-1-main\\UOP1_Project\\Assets\\Scripts\\Gameplay\\SpawnSystem.cs', 'top_path': 'D:\\Unity\\open-project-1-main\\UOP1_Project\\Assets', 'return_file_sum': <bound method TreeGenerationAction.return_file_sum of <Action.tree_gen_action.TreeGenerationAction object at 0x0000019E60E7FFA0>>}
2024-10-08 22:28:09,746 - INFO Retriever 0 - Observer: 这是一个名为“SpawnSystem.cs”的文件，该文件里的内容为：
由于脚本文件内容过长，暂时仅给出该脚本文件的内容总结:
- ### 脚本内容总结

#### 1. 总体概述
- **框架和模块化结构**：脚本定义了一个名为 `SpawnSystem` 的类，该类继承自 `MonoBehaviour`，用于管理玩家的生成逻辑。
- **主要功能和目标**：脚本的主要功能是在场景准备好时，根据玩家的路径选择合适的生成位置，并实例化玩家预制体。

#### 2. 模块和功能
- **模块**：
  - **Asset References**：引用输入读取器、玩家预制体、变换锚点、事件通道和路径存储。
  - **Scene Ready Event**：场景准备就绪事件。
  - **Spawn Logic**：生成玩家的逻辑。
- **功能**：
  - 查找场景中的生成点。
  - 根据玩家的路径选择生成位置。
  - 实例化玩家预制体。
  - 通知其他系统玩家已生成。

#### 3. 类和函数
- **类**：
  - `SpawnSystem`：管理玩家生成的类。
- **函数**：
  - `Awake()`：初始化时调用，查找所有 `LocationEntrance` 对象和默认生成点。
  - `OnEnable()`：启用时调用，订阅场景准备就绪事件。
  - `OnDisable()`：禁用时调用，取消订阅场景准备就绪事件并重置变换锚点。
  - `GetSpawnLocation()`：获取生成位置。
  - `SpawnPlayer()`：根据场景准备就绪事件生成玩家。

#### 4. 实现逻辑
- **逻辑流程**：
  1. 在 `Awake()` 中初始化生成点。
  2. 在 `OnEnable()` 中订阅场景准备就绪事件。
  3. 当场景准备就绪事件被触发时，`SpawnPlayer()` 被调用。
  4. `SpawnPlayer()` 获取生成位置，实例化玩家预制体，并通知其他系统。
  5. 在 `OnDisable()` 中取消订阅事件并重置变换锚点。
2024-10-08 22:28:14,984 - INFO Retriever 0 - Agent主脑给出的回答为：{
    "deep_think": {
        "thoughts": "通过阅读“SpawnSystem.cs”脚本文件，我了解到该脚本负责管理玩家的生成逻辑，包括在场景准备好时，根据玩家的路径选择合适的生成位置，并实例化玩家预制体。然而，这个脚本并没有涉及到玩家捡拾敌人掉落物的逻辑。因此，我需要继续查找其他可能包含玩家捡拾敌人掉落物逻辑的文件。"
    }
}
2024-10-08 22:28:14,985 - INFO Retriever 0 - 是否成功解析：True
2024-10-08 22:28:14,985 - INFO Retriever 0 - operation_type (__det_dir_action):
2024-10-08 22:28:14,985 - INFO Retriever 0 - deep_think
2024-10-08 22:28:14,985 - INFO Retriever 0 - 

——————————————————————————————————————————————————————————————————————————————————————————————————————————————————————————
2024-10-08 22:28:14,986 - INFO Retriever 0 - Assistant:
2024-10-08 22:28:14,986 - INFO Retriever 0 - {
    "deep_think": {
        "thoughts": "通过阅读“SpawnSystem.cs”脚本文件，我了解到该脚本负责管理玩家的生成逻辑，包括在场景准备好时，根据玩家的路径选择合适的生成位置，并实例化玩家预制体。然而，这个脚本并没有涉及到玩家捡拾敌人掉落物的逻辑。因此，我需要继续查找其他可能包含玩家捡拾敌人掉落物逻辑的文件。"
    }
}
2024-10-08 22:28:14,986 - INFO Retriever 0 - dict_keys(['deep_think'])
2024-10-08 22:28:14,986 - INFO Retriever 0 - Agent主脑给出的行动：deep_think
参数：{'thoughts': '通过阅读“SpawnSystem.cs”脚本文件，我了解到该脚本负责管理玩家的生成逻辑，包括在场景准备好时，根据玩家的路径选择合适的生成位置，并实例化玩家预制体。然而，这个脚本并没有涉及到玩家捡拾敌人掉落物的逻辑。因此，我需要继续查找其他可能包含玩家捡拾敌人掉落物逻辑的文件。', 'repeat_counter': 1, 'continue_think_counter': 1}
2024-10-08 22:28:14,987 - INFO Retriever 0 - Observer: 好的，请继续你的下一步行动或思考。
2024-10-08 22:28:18,739 - INFO Retriever 0 - Agent主脑给出的回答为：{
    "read_file": {
        "file_path": "D:\\Unity\\open-project-1-main\\UOP1_Project\\Assets\\Scripts\\Characters\\Character.cs"
    }
}
2024-10-08 22:28:18,739 - INFO Retriever 0 - 是否成功解析：True
2024-10-08 22:28:18,739 - INFO Retriever 0 - operation_type (__det_dir_action):
2024-10-08 22:28:18,739 - INFO Retriever 0 - read_file
2024-10-08 22:28:18,741 - INFO Retriever 0 - 

——————————————————————————————————————————————————————————————————————————————————————————————————————————————————————————
2024-10-08 22:28:18,741 - INFO Retriever 0 - Assistant:
2024-10-08 22:28:18,741 - INFO Retriever 0 - {
    "read_file": {
        "file_path": "D:\\Unity\\open-project-1-main\\UOP1_Project\\Assets\\Scripts\\Characters\\Character.cs"
    }
}
2024-10-08 22:28:18,741 - INFO Retriever 0 - dict_keys(['read_file'])
2024-10-08 22:28:18,741 - INFO Retriever 0 - Agent主脑给出的行动：read_file
参数：{'file_path': 'D:\\Unity\\open-project-1-main\\UOP1_Project\\Assets\\Scripts\\Characters\\Character.cs', 'top_path': 'D:\\Unity\\open-project-1-main\\UOP1_Project\\Assets', 'return_file_sum': <bound method TreeGenerationAction.return_file_sum of <Action.tree_gen_action.TreeGenerationAction object at 0x0000019E60E7FFA0>>}
2024-10-08 22:28:18,742 - INFO Retriever 0 - Observer: D:\Unity\open-project-1-main\UOP1_Project\Assets\Scripts\Characters\Character.cs 路径错误。

2024-10-08 22:28:23,684 - INFO Retriever 0 - Agent主脑给出的回答为：{
    "deep_think": {
        "thoughts": "由于“Character.cs”文件路径错误，我无法直接读取该文件。考虑到之前已经检查了“GameManager.cs”和“SpawnSystem.cs”文件，这两个文件似乎都没有直接涉及到玩家捡拾敌人掉落物的逻辑。因此，我需要考虑其他可能的文件或文件夹。根据游戏开发的常见实践，玩家捡拾物品的逻辑可能存在于与玩家交互或物品系统相关的脚本中。因此，我将检查“Scripts”文件夹中的其他文件，特别是那些与玩家交互或物品系统相关的文件。"
    }
}
2024-10-08 22:28:23,685 - INFO Retriever 0 - 是否成功解析：True
2024-10-08 22:28:23,685 - INFO Retriever 0 - operation_type (__det_dir_action):
2024-10-08 22:28:23,685 - INFO Retriever 0 - deep_think
2024-10-08 22:28:23,686 - INFO Retriever 0 - 

——————————————————————————————————————————————————————————————————————————————————————————————————————————————————————————
2024-10-08 22:28:23,686 - INFO Retriever 0 - Assistant:
2024-10-08 22:28:23,686 - INFO Retriever 0 - {
    "deep_think": {
        "thoughts": "由于“Character.cs”文件路径错误，我无法直接读取该文件。考虑到之前已经检查了“GameManager.cs”和“SpawnSystem.cs”文件，这两个文件似乎都没有直接涉及到玩家捡拾敌人掉落物的逻辑。因此，我需要考虑其他可能的文件或文件夹。根据游戏开发的常见实践，玩家捡拾物品的逻辑可能存在于与玩家交互或物品系统相关的脚本中。因此，我将检查“Scripts”文件夹中的其他文件，特别是那些与玩家交互或物品系统相关的文件。"
    }
}
2024-10-08 22:28:23,686 - INFO Retriever 0 - dict_keys(['deep_think'])
2024-10-08 22:28:23,686 - INFO Retriever 0 - Agent主脑给出的行动：deep_think
参数：{'thoughts': '由于“Character.cs”文件路径错误，我无法直接读取该文件。考虑到之前已经检查了“GameManager.cs”和“SpawnSystem.cs”文件，这两个文件似乎都没有直接涉及到玩家捡拾敌人掉落物的逻辑。因此，我需要考虑其他可能的文件或文件夹。根据游戏开发的常见实践，玩家捡拾物品的逻辑可能存在于与玩家交互或物品系统相关的脚本中。因此，我将检查“Scripts”文件夹中的其他文件，特别是那些与玩家交互或物品系统相关的文件。', 'repeat_counter': 1, 'continue_think_counter': 1}
2024-10-08 22:28:23,688 - INFO Retriever 0 - Observer: 好的，请继续你的下一步行动或思考。
2024-10-08 22:28:25,504 - INFO Retriever 0 - Agent主脑给出的回答为：{
    "get_folder_info": {
        "target_folder_path": "D:\\Unity\\open-project-1-main\\UOP1_Project\\Assets\\Scripts"
    }
}
2024-10-08 22:28:25,504 - INFO Retriever 0 - 是否成功解析：True
2024-10-08 22:28:25,505 - INFO Retriever 0 - operation_type (__det_dir_action):
2024-10-08 22:28:25,505 - INFO Retriever 0 - get_folder_info
2024-10-08 22:28:25,505 - INFO Retriever 0 - 

——————————————————————————————————————————————————————————————————————————————————————————————————————————————————————————
2024-10-08 22:28:25,505 - INFO Retriever 0 - Assistant:
2024-10-08 22:28:25,505 - INFO Retriever 0 - {
    "get_folder_info": {
        "target_folder_path": "D:\\Unity\\open-project-1-main\\UOP1_Project\\Assets\\Scripts"
    }
}
2024-10-08 22:28:25,506 - INFO Retriever 0 - dict_keys(['get_folder_info'])
2024-10-08 22:28:25,506 - INFO Retriever 0 - Agent主脑给出的行动：get_folder_info
参数：{'target_folder_path': 'D:\\Unity\\open-project-1-main\\UOP1_Project\\Assets\\Scripts'}
2024-10-08 22:28:25,532 - INFO Retriever 0 - Observer: 目标文件夹路径：D:\Unity\open-project-1-main\UOP1_Project\Assets\Scripts
文件结构树（该结构树可能不完整，仅返回深度小于等于1层的子文件以及文件夹）：
├── Animation
│   ├── RandomIdleAnimationBehaviour.cs
├── Audio
│   ├── AudioConfigApplier.cs
│   ├── AudioCue.cs
│   ...
│   ├── SoundEmitters
├── BaseClasses
│   ├── DescriptionBaseSO.cs
├── Camera
│   ├── CameraManager.cs
├── Characters
│   ├── Attack.cs
│   ├── Attacker.cs
│   ...
│   ├── ZoneTriggerController.cs
├── Cutscenes
│   ├── CutsceneAudioConfigSetter.cs
│   ├── CutsceneManager.cs
│   ├── CutsceneSceneLoader.cs
│   ├── CutsceneTrigger.cs
│   ├── DialogueControlTrack
│   ├── TimelineBinder.cs
├── Dialogues
│   ├── ActorSO.cs
│   ├── DialogueDataSO.cs
│   ├── DialogueManager.cs
│   ├── DialogueTrigger.cs
│   ├── Editor
├── EditorTools
│   ├── Attributes
│   ├── Editor
│   ├── MonoBehaviours
├── Effects
│   ├── DissolveHelper.cs
│   ├── FireLight.cs
│   ├── PlayerEffectController.cs
│   ├── VFXUtil.cs
│   ├── Watermill.cs
├── Events
│   ├── IntEventListener.cs
│   ├── NPCMovementSwitcher.cs
│   ├── ScriptableObjects
│   ├── VoidEventListener.cs
├── Factory
│   ├── FactorySO.cs
│   ├── IFactory.cs
├── Gameplay
│   ├── GameManager.cs
│   ├── GameStateSO.cs
│   ├── SpawnSystem.cs
├── Input
│   ├── GameInput.cs
│   ├── InputReader.cs
├── Interaction
│   ├── Interaction.cs
│   ├── InteractionManager.cs
├── Inventory
│   ├── CollectableItem.cs
│   ├── InventoryManager.cs
│   ├── ItemInstance.cs
│   ├── ItemPicker.cs
│   ├── ItemStack.cs
│   ├── ScriptableObjects
├── Localization
│   ├── Editor
│   ├── LocalizeSceneNameFromSO.cs
├── Menu
│   ├── MenuController.cs
│   ├── MenuSelectionHandler.cs
│   ├── MultiInputButton.cs
│   ├── MultiInputSelectableElement.cs
│   ├── README.md
├── Pool
│   ├── ComponentPoolSO.cs
│   ├── Example
│   ├── IPool.cs
│   ├── PoolSO.cs
├── Quests
│   ├── Editor
│   ├── QuestManager.asset
│   ├── QuestManagerSO.cs
│   ├── Resources
│   ├── ScriptableObjects
│   ├── StepController.cs
├── RuntimeAnchors
│   ├── PathStorageSO.cs
│   ├── RuntimeAnchorBase.cs
│   ├── TransformAnchor.cs
├── SaveSystem
│   ├── FileManager.cs
│   ├── Save.cs
│   ├── SaveSystem.cs
│   ├── SerializableScriptableObject.cs
│   ├── SerializedItemStack.cs
├── SceneManagement
│   ├── FallCatcher.cs
│   ├── InitializationLoader.cs
│   ├── LocationEntrance.cs
│   ├── LocationExit.cs
│   ├── SceneLoader.cs
│   ├── ScriptableObjects
│   ├── StartGame.cs
├── StateMachine
│   ├── Core
│   ├── Debugging
│   ├── Editor
│   ├── ScriptableObjects
│   ├── UOP1.StateMachine.asmdef
│   ├── Utilities
├── Systems
│   ├── Settings
├── UI
│   ├── Dialogue
│   ├── FadeController.cs
│   ...
│   ├── UISpinner.cs


其中，部分主要文件及文件夹的信息如下：
1. Scripts
# 路径:D:/Unity/open-project-1-main/UOP1_Project\Assets\Scripts
# 内容概述:“Scripts”文件夹是Unity游戏开发的核心，汇集了动画控制、音频管理、角色行为、摄像机操作、场景管理等关键脚本，旨在构建流畅的游戏体验。它还包含了对话系统、库存管理、用户界面、输入处理、交互逻辑等脚本，确保游戏交互丰富且直观。此外，文件夹内还涵盖了保存系统、状态机、系统设置、本地化工具以及编辑器辅助工具，以支持高效的游戏开发和资源管理。这些脚本相互协作，共同构成了一个功能全面、结构清晰的游戏开发框架。

2. Animation
# 路径:D:/Unity/open-project-1-main/UOP1_Project\Assets\Scripts\Animation
# 内容概述:该“Animation”文件夹专注于Unity动画控制，包含一个名为`RandomIdleAnimationBehaviour.cs`的脚本，该脚本继承自`StateMachineBehaviour`，负责在动画状态切换时随机选择并应用空闲动画，以丰富游戏角色的动画表现。

3. Audio
# 路径:D:/Unity/open-project-1-main/UOP1_Project\Assets\Scripts\Audio
# 内容概述:“Audio”文件夹汇集了Unity游戏音频开发的关键脚本，包括音频配置管理（如`AudioConfigurationSO.cs`）、音频剪辑播放控制（`AudioCueSO.cs`）、以及音频效果的管理和播放（`SoundEmitters`子文件夹）。其中，`AudioManager.cs`负责全面音频控制，而`MusicPlayer.cs`专注于音乐播放。此外，`AudioConfigApplier.cs`确保音频配置的即时应用，`AudioCue.cs`和`AudioCueOnTriggerEnter.cs`则处理音频事件和触发器逻辑，而`OrientListener.cs`则同步游戏对象与相机方向。这些脚本协同工作，为游戏提供丰富且高效的音频体验。

4. BaseClasses
# 路径:D:/Unity/open-project-1-main/UOP1_Project\Assets\Scripts\BaseClasses
# 内容概述:该“BaseClasses”文件夹内包含的“DescriptionBaseSO.cs”文件定义了一个继承自`SerializableScriptableObject`的`DescriptionBaseSO`类，旨在为Unity脚本对象提供一个带有描述文本存储功能的基类，便于在编辑器中序列化和管理对象描述。

5. Camera
# 路径:D:/Unity/open-project-1-main/UOP1_Project\Assets\Scripts\Camera
# 内容概述:该“Camera”文件夹专注于“CameraManager.cs”脚本，该脚本负责管理游戏摄像机，包括控制移动、鼠标锁定、震动响应等，通过模块化设计实现摄像机行为的全面管理，确保游戏体验的流畅性。

6. Characters
# 路径:D:/Unity/open-project-1-main/UOP1_Project\Assets\Scripts\Characters
# 内容概述:“Characters”文件夹汇集了Unity游戏开发中角色相关的脚本资源，包括角色配置（如攻击、奖励、效果和NPC移动）、状态机逻辑、音频处理以及角色行为控制。文件夹内分为多个子目录，如Config存储角色配置脚本，StateMachine包含构建游戏逻辑的脚本，Audio则专注于角色音效。此外，Attack、Attacker、Critter等脚本负责角色具体行为，而NPC、Protagonist等则涉及角色状态和交互。整体上，这些脚本相互协作，共同构成了游戏中的角色系统。

7. Cutscenes
# 路径:D:/Unity/open-project-1-main/UOP1_Project\Assets\Scripts\Cutscenes
# 内容概述:“Cutscenes”文件夹汇集了Unity游戏开发中用于管理和控制场景播放的脚本。它包含对话控制脚本，如`DialogueBehaviour`、`DialogueClip`和`DialogueTrack`，负责对话的显示和播放；音频配置脚本`CutsceneAudioConfigSetter`，用于调整场景中的音量；场景管理脚本`CutsceneManager`，负责场景的播放、暂停和对话显示；场景加载脚本`CutsceneSceneLoader`，用于加载特定场景；触发脚本`CutsceneTrigger`，用于触发场景播放；以及时间轴绑定脚本`TimelineBinder`，确保游戏对象与时间轴同步。这些脚本相互协作，共同构建了游戏中的场景系统。

8. Dialogues
# 路径:D:/Unity/open-project-1-main/UOP1_Project\Assets\Scripts\Dialogues
# 内容概述:“Dialogues”文件夹汇集了Unity对话系统的核心组件，包括扩展Locale系统的CustomMetadata.cs脚本，用于创建和管理角色的ActorSO.cs，定义对话数据的DialogueDataSO.cs，负责对话逻辑的DialogueManager.cs，以及触发对话的DialogueTrigger.cs。这些文件协同工作，为游戏提供丰富且动态的对话体验。

9. EditorTools
# 路径:D:/Unity/open-project-1-main/UOP1_Project\Assets\Scripts\EditorTools
# 内容概述:“EditorTools”文件夹汇集了Unity编辑器增强工具，包括实现只读属性系统的`Attributes`子文件夹、自定义编辑器界面的`Editor`子文件夹，以及提供点击放置、传送、光贴图缩放等编辑器工具的`MonoBehaviours`子文件夹。这些工具旨在提升编辑效率和功能扩展。

10. Effects
# 路径:D:/Unity/open-project-1-main/UOP1_Project\Assets\Scripts\Effects
# 内容概述:“Effects”文件夹汇集了Unity游戏开发中用于创建视觉效果的脚本，包括实现物体溶解的DissolveHelper.cs、模拟火焰动态亮度的FireLight.cs、控制玩家动作粒子效果的PlayerEffectController.cs、数值范围重映射的VFXUtil.cs，以及动态旋转水车轮子的Watermill.cs。这些脚本相互关联，共同构成了游戏中的丰富视觉效果系统。

11. Events
# 路径:D:/Unity/open-project-1-main/UOP1_Project\Assets\Scripts\Events
# 内容概述:“Events”文件夹汇集了Unity游戏开发中用于构建交互式游戏体验的关键脚本。它包含多种事件处理脚本，如对话选择、屏幕淡入淡出、NPC移动等，通过事件通道机制实现模块化交互。文件夹内脚本如`DialogueChoiceChannelSO`、`NPCMovementEventChannelSO`等，共同构建了一个灵活的事件驱动系统，支持游戏逻辑与UI的紧密集成。

12. Factory
# 路径:D:/Unity/open-project-1-main/UOP1_Project\Assets\Scripts\Factory
# 内容概述:### 文件夹内容概述
“Factory”文件夹内包含用于Unity游戏开发的工厂模式相关代码。主要文件包括`FactorySO.cs`，它定义了一个泛型工厂类`FactorySO<T>`，继承自`ScriptableObject`并实现`IFactory<T>`接口，用于创建和管理游戏对象的实例。`IFactory.cs`则定义了`IFactory<T>`接口，规范了工厂模式中创建对象的接口标准。这两个文件共同构成了一个灵活的工厂模式实现，便于在Unity编辑器中管理游戏对象生成。

13. Gameplay
# 路径:D:/Unity/open-project-1-main/UOP1_Project\Assets\Scripts\Gameplay
# 内容概述:## 文件夹内容精简总结

“Gameplay”文件夹汇集了Unity游戏开发的核心脚本，包括`GameManager.cs`用于管理游戏状态和事件，`GameStateSO.cs`负责跟踪和管理游戏状态变化，以及`SpawnSystem.cs`负责玩家的生成逻辑。这些脚本相互协作，共同构成了游戏的核心功能框架。

14. Input
# 路径:D:/Unity/open-project-1-main/UOP1_Project\Assets\Scripts\Input
# 内容概述:## 文件夹内容精简总结

该“Input”文件夹汇集了游戏输入管理脚本，包含`GameInput.cs`和`InputReader.cs`两个关键文件。`GameInput.cs`定义了`@GameInput`类，负责处理游戏输入，包括玩法、菜单、对话和作弊等模块，并实现了资源管理。`InputReader.cs`则继承自`DescriptionBaseSO`，实现了对游戏输入事件的管理，如跳跃、攻击等，并通过事件和回调函数将输入事件传递给相应系统。两者协同工作，确保游戏输入的模块化和高效处理。

15. Interaction
# 路径:D:/Unity/open-project-1-main/UOP1_Project\Assets\Scripts\Interaction
# 内容概述:### 文件夹内容总结

“Interaction”文件夹内包含两个关键脚本，旨在Unity游戏开发中处理玩家与游戏对象的交互。`Interaction.cs`定义了一个公共类，用于封装交互类型和对象，而`InteractionManager.cs`则是一个Unity组件，负责管理玩家与游戏对象的交互，包括拾取、烹饪和交谈，并通过事件监听和UI更新来响应这些交互。这两个脚本协同工作，为游戏中的交互逻辑提供了坚实的基础。

16. Inventory
# 路径:D:/Unity/open-project-1-main/UOP1_Project\Assets\Scripts\Inventory
# 内容概述:### 文件夹内容总结

“Inventory”文件夹汇集了Unity游戏开发中用于管理游戏内物品、库存、食谱和类型数据的脚本。核心脚本包括定义库存、物品类型、食谱和本地化信息的ScriptableObject类，以及处理可收集物品动画和状态的CollectableItem类。InventoryManager类负责库存管理，包括物品的增减和事件监听。此外，ItemInstance和ItemPicker类分别提供对物品实例的访问和选择项目的能力，而ItemStack类用于表示和管理物品堆叠。这些脚本相互协作，共同构建了一个模块化和可扩展的游戏内容管理系统。

17. Localization
# 路径:D:/Unity/open-project-1-main/UOP1_Project\Assets\Scripts\Localization
# 内容概述:### 文件夹内容总结

“Localization”文件夹汇集了Unity游戏本地化工具，包括用于TextMeshProUGUI组件的文本和字体本地化脚本（LocalizeComponent_TMProFont.cs和LocalizeTMProFontEvent.cs），以及一个用于场景名称本地化的脚本（LocalizeSceneNameFromSO.cs）。这些脚本协同工作，确保游戏中的文本和字体能够根据不同语言进行本地化处理。

18. Menu
# 路径:D:/Unity/open-project-1-main/UOP1_Project\Assets\Scripts\Menu
# 内容概述:“Menu”文件夹汇集了Unity游戏菜单系统的核心脚本，包括`MenuController.cs`负责菜单的显示与暂停控制，`MenuSelectionHandler.cs`处理用户选择与交互，`MultiInputButton.cs`和`MultiInputSelectableElement.cs`则增强了按钮的输入响应和交互事件处理。这些脚本协同工作，构建了一个功能完备的菜单交互系统，并通过`README.md`文档提供详细的设置和使用指导。

19. Pool
# 路径:D:/Unity/open-project-1-main/UOP1_Project\Assets\Scripts\Pool
# 内容概述:### 文件夹内容概览

“Pool”文件夹汇集了Unity游戏开发中用于粒子系统和对象池管理的脚本与配置文件。包含粒子系统配置、全局粒子池定义、对象池测试脚本以及对象池和组件池的管理脚本。这些资源旨在优化游戏性能和资源利用，通过对象池机制提高资源重用效率，并支持粒子系统的灵活配置和测试。

20. Quests
# 路径:D:/Unity/open-project-1-main/UOP1_Project\Assets\Scripts\Quests
# 内容概述:### 文件夹内容概览
“Quests”文件夹是Unity游戏开发的核心资源集，专注于任务和对话系统的设计。它包含角色图像、UI布局文件、编辑器脚本和可序列化对象，如任务、任务线和步骤的数据结构。文件夹内分为资源管理、编辑器配置、脚本对象和任务管理器，确保了从资源编辑到任务流程控制的连贯性。关键文件如“QuestManagerSO.cs”和“StepController.cs”负责任务流程和对话步骤的管理，而“Resources”和“ScriptableObjects”则提供了必要的配置和数据支持。

21. RuntimeAnchors
# 路径:D:/Unity/open-project-1-main/UOP1_Project\Assets\Scripts\RuntimeAnchors
# 内容概述:该“RuntimeAnchors”文件夹汇集了Unity游戏开发中路径存储和锚点管理的脚本。其中，`PathStorageSO.cs`负责持久化存储游戏路径信息，而`RuntimeAnchorBase.cs`提供了一个泛型锚点管理框架，`TransformAnchor.cs`则基于此框架实现与`Transform`组件关联的运行时锚点，以支持游戏中的导航和动画。这些脚本相互协作，为游戏场景管理和对象定位提供核心功能。

22. SaveSystem
# 路径:D:/Unity/open-project-1-main/UOP1_Project\Assets\Scripts\SaveSystem
# 内容概述:### 文件夹内容概要
“SaveSystem”文件夹汇集了Unity游戏开发中数据管理的关键脚本。主要包括`FileManager.cs`，负责本地文件读写和移动；`Save.cs`，用于序列化游戏设置和状态；`SaveSystem.cs`，管理游戏数据的保存与加载；`SerializableScriptableObject.cs`，实现Unity编辑器中对象的唯一标识；以及`SerializedItemStack.cs`，封装物品堆栈的序列化信息。这些脚本协同工作，确保游戏数据的有效保存和恢复。

23. SceneManagement
# 路径:D:/Unity/open-project-1-main/UOP1_Project\Assets\Scripts\SceneManagement
# 内容概述:“SceneManagement”文件夹汇集了Unity游戏开发的核心脚本，旨在高效管理游戏场景与设置。其中，ScriptableObjects子文件夹封装了游戏场景、位置、菜单等数据，通过继承基类实现通用场景管理功能。FallCatcher、InitializationLoader、LocationEntrance、LocationExit等脚本分别处理玩家碰撞、游戏初始化、位置入口与出口逻辑。SceneLoader负责场景的异步加载与卸载，而StartGame则管理游戏开始流程，包括新游戏和继续游戏选项。整体上，这些脚本协同工作，确保游戏场景的流畅切换和玩家交互的顺畅进行。

24. StateMachine
# 路径:D:/Unity/open-project-1-main/UOP1_Project\Assets\Scripts\StateMachine
# 内容概述:“StateMachine”文件夹汇集了Unity游戏开发中状态机框架的C#脚本，包括核心组件如状态、动作、条件和转换，以及状态机的管理逻辑。其中，“Core”子文件夹包含基础脚本，如状态组件接口、状态类、动作和条件抽象类，以及状态机核心类；“Debugging”子文件夹提供状态机调试工具；“Editor”子文件夹则集成了状态机设计和编辑工具，如模板、编辑器扩展和窗口；“ScriptableObjects”子文件夹定义了可序列化的对象，用于配置状态机组件；“Utilities”子文件夹提供自定义属性，用于标记初始化字段；“UOP1.StateMachine.asmdef”文件则定义了状态机模块的编译设置和依赖。

25. Systems
# 路径:D:/Unity/open-project-1-main/UOP1_Project\Assets\Scripts\Systems
# 内容概述:“Systems”文件夹汇集了Unity游戏设置管理的关键脚本，包括用于存储设置的`SettingsSO.cs`、管理设置的`SettingsSystem.cs`，以及负责音量、图形和语言设置的UI组件（如`UISettingsAudioComponent.cs`、`UISettingsGraphicsComponent.cs`和`UISettingsLanguageComponent.cs`）。这些脚本紧密协作，通过序列化机制实现设置数据的存储和用户交互，共同构成了一个完整的游戏设置管理系统。

26. UI
# 路径:D:/Unity/open-project-1-main/UOP1_Project\Assets\Scripts\UI
# 内容概述:“UI”文件夹汇集了Unity游戏开发中用于构建和管理用户界面的关键脚本。它涵盖了对话系统、库存管理、设置界面、加载界面、信用屏幕、通用按钮、健康条、心形显示、交互面板、主菜单、暂停界面、弹窗以及旋转动画等多个方面。这些脚本通过事件和函数调用相互协作，确保了游戏UI的完整性和交互性，共同构成了游戏流程中的关键用户界面元素。


2024-10-08 22:28:29,008 - INFO Retriever 0 - Agent主脑给出的回答为：{
    "retrieve_keywords": {
        "top_path": "D:\\Unity\\open-project-1-main\\UOP1_Project\\Assets\\Scripts",
        "key_word_list": [
            "捡拾",
            "collect",
            "drop",
            "thing",
            "player",
            "adversary",
            "item",
            "pick up"
        ]
    }
}
2024-10-08 22:28:29,008 - INFO Retriever 0 - 是否成功解析：True
2024-10-08 22:28:29,010 - INFO Retriever 0 - operation_type (__det_dir_action):
2024-10-08 22:28:29,010 - INFO Retriever 0 - retrieve_keywords
2024-10-08 22:28:29,010 - INFO Retriever 0 - 

——————————————————————————————————————————————————————————————————————————————————————————————————————————————————————————
2024-10-08 22:28:29,010 - INFO Retriever 0 - Assistant:
2024-10-08 22:28:29,010 - INFO Retriever 0 - {
    "retrieve_keywords": {
        "top_path": "D:\\Unity\\open-project-1-main\\UOP1_Project\\Assets\\Scripts",
        "key_word_list": [
            "捡拾",
            "collect",
            "drop",
            "thing",
            "player",
            "adversary",
            "item",
            "pick up"
        ]
    }
}
2024-10-08 22:28:29,010 - INFO Retriever 0 - dict_keys(['retrieve_keywords'])
2024-10-08 22:28:29,011 - INFO Retriever 0 - Agent主脑给出的行动：retrieve_keywords
参数：{'top_path': 'D:\\Unity\\open-project-1-main\\UOP1_Project\\Assets\\Scripts', 'key_word_list': ['捡拾', 'collect', 'drop', 'thing', 'player', 'adversary', 'item', 'pick up'], 'return_short_sum': <bound method TreeGenerationAction.return_short_sum of <Action.tree_gen_action.TreeGenerationAction object at 0x0000019E60E7FFA0>>, 'target_file_types': ['cs', 'asset', 'txt', 'md']}
2024-10-08 22:28:29,438 - INFO Retriever 0 - Observer: 根据你提供的关键词，我检索到以下目录或文件，它们的绝对路径如下：
1. D:\Unity\open-project-1-main\UOP1_Project\Assets\Scripts\UI
“UI”文件夹汇集了Unity游戏开发中用于构建和管理用户界面的关键脚本。它涵盖了对话系统、库存管理、设置界面、加载界面、信用屏幕、通用按钮、健康条、心形显示、交互面板、主菜单、暂停界面、弹窗以及旋转动画等多个方面。这些脚本通过事件和函数调用相互协作，确保了游戏UI的完整性和交互性，共同构成了游戏流程中的关键用户界面元素。

2. D:\Unity\open-project-1-main\UOP1_Project\Assets\Scripts\Inventory
### 文件夹内容总结
“Inventory”文件夹汇集了Unity游戏开发中用于管理游戏内物品、库存、食谱和类型数据的脚本。核心脚本包括定义库存、物品类型、食谱和本地化信息的ScriptableObject类，以及处理可收集物品动画和状态的CollectableItem类。InventoryManager类负责库存管理，包括物品的增减和事件监听。此外，ItemInstance和ItemPicker类分别提供对物品实例的访问和选择项目的能力，而ItemStack类用于表示和管理物品堆叠。这些脚本相互协作，共同构建了一个模块化和可扩展的游戏内容管理系统。

3. D:\Unity\open-project-1-main\UOP1_Project\Assets\Scripts\Characters
“Characters”文件夹汇集了Unity游戏开发中角色相关的脚本资源，包括角色配置（如攻击、奖励、效果和NPC移动）、状态机逻辑、音频处理以及角色行为控制。文件夹内分为多个子目录，如Config存储角色配置脚本，StateMachine包含构建游戏逻辑的脚本，Audio则专注于角色音效。此外，Attack、Attacker、Critter等脚本负责角色具体行为，而NPC、Protagonist等则涉及角色状态和交互。整体上，这些脚本相互协作，共同构成了游戏中的角色系统。

4. D:\Unity\open-project-1-main\UOP1_Project\Assets\Scripts\EditorTools\Editor\SceneSelector
“SceneSelector”文件夹汇集了Unity编辑器中场景选择器的相关脚本。其中，`ColorSelectorWindow.cs`负责实现颜色选择器窗口，`Data.cs`管理场景项数据，`Helper.cs`提供辅助功能，`PreferencesWindow.cs`则创建偏好设置窗口。这些脚本相互协作，共同构成了一个集场景选择、颜色配置和偏好设置于一体的编辑器工具，旨在提升Unity项目中的场景管理效率。

5. D:\Unity\open-project-1-main\UOP1_Project\Assets\Scripts\Quests
### 文件夹内容概览
“Quests”文件夹是Unity游戏开发的核心资源集，专注于任务和对话系统的设计。它包含角色图像、UI布局文件、编辑器脚本和可序列化对象，如任务、任务线和步骤的数据结构。文件夹内分为资源管理、编辑器配置、脚本对象和任务管理器，确保了从资源编辑到任务流程控制的连贯性。关键文件如“QuestManagerSO.cs”和“StepController.cs”负责任务流程和对话步骤的管理，而“Resources”和“ScriptableObjects”则提供了必要的配置和数据支持。

6. D:\Unity\open-project-1-main\UOP1_Project\Assets\Scripts\EditorTools\Editor\ReplaceObject_ContextualHierarchy
“ReplaceObject_ContextualHierarchy”文件夹汇集了Unity编辑器扩展脚本，旨在提升游戏对象和预制件的管理与替换效率。其中，`GameObjectPreview.cs` 脚本负责为Unity游戏对象提供交互式预览，`PrefabSelectionTreeView.cs` 则构建了展示和管理预制件的树形视图。`ReplaceContextMenu.cs` 扩展了GameObject的上下文菜单，实现替换功能，而`ReplacePrefabSearchPopup.cs` 提供了搜索与替换预制件的便捷界面，这些脚本相互协作，共同构成了一个集成的编辑器工具集。

7. D:\Unity\open-project-1-main\UOP1_Project\Assets\Scripts\SaveSystem
### 文件夹内容概要
“SaveSystem”文件夹汇集了Unity游戏开发中数据管理的关键脚本。主要包括`FileManager.cs`，负责本地文件读写和移动；`Save.cs`，用于序列化游戏设置和状态；`SaveSystem.cs`，管理游戏数据的保存与加载；`SerializableScriptableObject.cs`，实现Unity编辑器中对象的唯一标识；以及`SerializedItemStack.cs`，封装物品堆栈的序列化信息。这些脚本协同工作，确保游戏数据的有效保存和恢复。

8. D:\Unity\open-project-1-main\UOP1_Project\Assets\Scripts\Gameplay
## 文件夹内容精简总结
“Gameplay”文件夹汇集了Unity游戏开发的核心脚本，包括`GameManager.cs`用于管理游戏状态和事件，`GameStateSO.cs`负责跟踪和管理游戏状态变化，以及`SpawnSystem.cs`负责玩家的生成逻辑。这些脚本相互协作，共同构成了游戏的核心功能框架。

9. D:\Unity\open-project-1-main\UOP1_Project\Assets\Scripts\Events\ScriptableObjects
“ScriptableObjects”文件夹汇集了Unity游戏开发中用于UI交互和事件管理的C#脚本。这些脚本包括对话选择、屏幕淡入淡出、步骤触发、标签事件等事件通道，以及音频播放、布尔值、对话数据、游戏对象等事件处理。它们共同构建了一个事件驱动的系统，支持游戏逻辑与UI的紧密集成，确保游戏体验的流畅性和交互性。

10. D:\Unity\open-project-1-main\UOP1_Project\Assets\Scripts\Localization\Editor
“Editor”文件夹汇集了两个Unity编辑器插件脚本，旨在实现TextMeshProUGUI组件的本地化。其中，`LocalizeComponent_TMProFont.cs` 脚本负责文本和字体的本地化设置，提供静态方法和事件监听器；而 `LocalizeTMProFontEvent.cs` 脚本则专注于本地化字体资产，包含本地化类和事件处理逻辑，与前者协同工作以实现字体资产的本地化更新。

请注意，这些目录或文件可能不全都和你的任务目标相关，仅供参考。请你基于具体的文件内容概述，结合你的任务目标，认真思考分析后，优先选择最有可能与任务相关的目录或文件进行进一步的检查。
2024-10-08 22:28:32,007 - INFO Retriever 0 - Agent主脑给出的回答为：{
    "read_file": {
        "file_path": "D:\\Unity\\open-project-1-main\\UOP1_Project\\Assets\\Scripts\\Inventory\\InventoryManager.cs"
    }
}
2024-10-08 22:28:32,007 - INFO Retriever 0 - 是否成功解析：True
2024-10-08 22:28:32,007 - INFO Retriever 0 - operation_type (__det_dir_action):
2024-10-08 22:28:32,008 - INFO Retriever 0 - read_file
2024-10-08 22:28:32,008 - INFO Retriever 0 - 

——————————————————————————————————————————————————————————————————————————————————————————————————————————————————————————
2024-10-08 22:28:32,008 - INFO Retriever 0 - Assistant:
2024-10-08 22:28:32,008 - INFO Retriever 0 - {
    "read_file": {
        "file_path": "D:\\Unity\\open-project-1-main\\UOP1_Project\\Assets\\Scripts\\Inventory\\InventoryManager.cs"
    }
}
2024-10-08 22:28:32,009 - INFO Retriever 0 - dict_keys(['read_file'])
2024-10-08 22:28:32,009 - INFO Retriever 0 - Agent主脑给出的行动：read_file
参数：{'file_path': 'D:\\Unity\\open-project-1-main\\UOP1_Project\\Assets\\Scripts\\Inventory\\InventoryManager.cs', 'top_path': 'D:\\Unity\\open-project-1-main\\UOP1_Project\\Assets', 'return_file_sum': <bound method TreeGenerationAction.return_file_sum of <Action.tree_gen_action.TreeGenerationAction object at 0x0000019E60E7FFA0>>}
2024-10-08 22:28:32,046 - INFO Retriever 0 - Observer: 这是一个名为“InventoryManager.cs”的文件，该文件里的内容为：
由于脚本文件内容过长，暂时仅给出该脚本文件的内容总结:
- ### 总体概述
- **框架和模块化结构**：该脚本是一个Unity游戏中的InventoryManager类，负责管理游戏内的物品库存。
- **主要功能和目标**：脚本的主要目标是处理物品的添加、移除、使用、装备等事件，并确保库存数据在每次更改后保存到磁盘。

### 模块和功能
- **事件监听**：脚本监听多个事件，如烹饪、使用、装备物品等，并在事件发生时执行相应的操作。
- **库存管理**：处理物品的增减，并确保库存数据与UI保持同步。

### 类和函数
- **InventoryManager**：主类，继承自`MonoBehaviour`，负责库存管理。
  - `_currentInventory`：当前库存。
  - `_saveSystem`：保存系统，用于将数据保存到磁盘。
  - `_cookRecipeEvent`、`_useItemEvent`等：事件通道，用于监听不同类型的物品事件。

### 实现逻辑
- **事件处理**：`OnEnable`和`OnDisable`方法用于注册和注销事件监听器。
- **物品操作**：`AddItem`、`AddItemStack`、`RemoveItem`等函数用于添加和移除物品。
- **烹饪事件**：`CookRecipeEventRaised`处理烹饪事件，包括移除所需材料并添加结果。
- **使用事件**：`UseItemEventRaised`处理使用物品事件，调用`RemoveItem`。
- **装备事件**：`EquipItemEventRaised`为装备物品事件预留，目前为空函数。
2024-10-08 22:28:36,233 - INFO Retriever 0 - Agent主脑给出的回答为：{
    "read_file": {
        "file_path": "D:\\Unity\\open-project-1-main\\UOP1_Project\\Assets\\Scripts\\Characters\\Character.cs"
    }
}
2024-10-08 22:28:36,234 - INFO Retriever 0 - 是否成功解析：True
2024-10-08 22:28:36,234 - INFO Retriever 0 - operation_type (__det_dir_action):
2024-10-08 22:28:36,234 - INFO Retriever 0 - read_file
2024-10-08 22:28:36,234 - INFO Retriever 0 - 

——————————————————————————————————————————————————————————————————————————————————————————————————————————————————————————
2024-10-08 22:28:36,235 - INFO Retriever 0 - Assistant:
2024-10-08 22:28:36,235 - INFO Retriever 0 - {
    "read_file": {
        "file_path": "D:\\Unity\\open-project-1-main\\UOP1_Project\\Assets\\Scripts\\Characters\\Character.cs"
    }
}
2024-10-08 22:28:36,235 - INFO Retriever 0 - dict_keys(['read_file'])
2024-10-08 22:28:36,236 - INFO Retriever 0 - Agent主脑给出的行动：read_file
参数：{'file_path': 'D:\\Unity\\open-project-1-main\\UOP1_Project\\Assets\\Scripts\\Characters\\Character.cs', 'top_path': 'D:\\Unity\\open-project-1-main\\UOP1_Project\\Assets', 'return_file_sum': <bound method TreeGenerationAction.return_file_sum of <Action.tree_gen_action.TreeGenerationAction object at 0x0000019E60E7FFA0>>}
2024-10-08 22:28:36,237 - INFO Retriever 0 - Observer: D:\Unity\open-project-1-main\UOP1_Project\Assets\Scripts\Characters\Character.cs 路径错误。

2024-10-08 22:28:39,022 - INFO Retriever 0 - Agent主脑给出的回答为：{
    "read_file": {
        "file_path": "D:\\Unity\\open-project-1-main\\UOP1_Project\\Assets\\Scripts\\Interaction\\InteractionManager.cs"
    }
}
2024-10-08 22:28:39,023 - INFO Retriever 0 - 是否成功解析：True
2024-10-08 22:28:39,023 - INFO Retriever 0 - operation_type (__det_dir_action):
2024-10-08 22:28:39,023 - INFO Retriever 0 - read_file
2024-10-08 22:28:39,023 - INFO Retriever 0 - 

——————————————————————————————————————————————————————————————————————————————————————————————————————————————————————————
2024-10-08 22:28:39,024 - INFO Retriever 0 - Assistant:
2024-10-08 22:28:39,024 - INFO Retriever 0 - {
    "read_file": {
        "file_path": "D:\\Unity\\open-project-1-main\\UOP1_Project\\Assets\\Scripts\\Interaction\\InteractionManager.cs"
    }
}
2024-10-08 22:28:39,024 - INFO Retriever 0 - dict_keys(['read_file'])
2024-10-08 22:28:39,024 - INFO Retriever 0 - Agent主脑给出的行动：read_file
参数：{'file_path': 'D:\\Unity\\open-project-1-main\\UOP1_Project\\Assets\\Scripts\\Interaction\\InteractionManager.cs', 'top_path': 'D:\\Unity\\open-project-1-main\\UOP1_Project\\Assets', 'return_file_sum': <bound method TreeGenerationAction.return_file_sum of <Action.tree_gen_action.TreeGenerationAction object at 0x0000019E60E7FFA0>>}
2024-10-08 22:28:39,063 - INFO Retriever 0 - Observer: 这是一个名为“InteractionManager.cs”的文件，该文件里的内容为：
由于脚本文件内容过长，暂时仅给出该脚本文件的内容总结:
- ### 总体概述
- **框架和模块化结构**：该脚本是一个Unity组件，使用C#编写，主要管理玩家与游戏世界中的交互。
- **主要功能和目标**：脚本负责检测玩家与游戏对象的交互，如拾取、烹饪和交谈，并触发相应的游戏事件。

### 模块和功能
- **交互类型枚举**：定义了可能的交互类型，如无交互、拾取、烹饪和交谈。
- **事件通道**：使用`EventChannelSO`来广播和监听不同交互类型的事件。
- **潜在交互存储**：使用`LinkedList`存储玩家可能与之交互的对象。

### 类和函数
- **`InteractionManager`类**：管理交互的主要类，包含事件监听、交互处理和UI更新等功能。
- **`OnEnable`和`OnDisable`**：启用和禁用事件监听。
- **`Collect`**：处理拾取交互，触发拾取事件并销毁对象。
- **`OnInteractionButtonPress`**：处理交互按钮按下事件，根据当前潜在交互执行相应的动作。
- **`OnTriggerChangeDetected`**：检测玩家是否进入或离开交互区域。
- **`AddPotentialInteraction`和`RemovePotentialInteraction`**：添加或移除潜在交互对象。
- **`RequestUpdateUI`**：请求更新交互UI。
- **`OnInteractionEnd`**：处理交互结束事件。
- **`ResetPotentialInteractions`**：重置潜在交互列表。

### 实现逻辑
- 当玩家按下交互按钮时，脚本会检查是否有潜在交互，并设置当前交互类型。
- 根据当前交互类型，脚本会触发相应的事件，如开始烹饪或交谈。
- 当玩家进入或离开交互区域时，脚本会添加或移除潜在交互对象。
- 交互结束后，脚本会更新UI并恢复游戏输入。
2024-10-08 22:28:43,387 - INFO Retriever 0 - Agent主脑给出的回答为：{
    "finish": "我已完成你所给出的任务需求，请你进行确认"
}
2024-10-08 22:28:43,387 - INFO Retriever 0 - 是否成功解析：True
2024-10-08 22:28:43,387 - INFO Retriever 0 - operation_type (__det_dir_action):
2024-10-08 22:28:43,387 - INFO Retriever 0 - finish
2024-10-08 22:28:43,389 - INFO Retriever 0 - 

——————————————————————————————————————————————————————————————————————————————————————————————————————————————————————————
2024-10-08 22:28:43,389 - INFO Retriever 0 - Assistant:
2024-10-08 22:28:43,389 - INFO Retriever 0 - {
    "finish": "我已完成你所给出的任务需求，请你进行确认"
}
2024-10-08 22:28:43,389 - INFO Retriever 0 - dict_keys(['finish'])
2024-10-08 22:28:43,390 - INFO Retriever 0 - ——————————————————————————————————— 任务结束 ———————————————————————————————————
2024-10-08 22:28:58,370 - INFO Retriever 0 - -------------------------Task Report-----------------------
2024-10-08 22:28:58,370 - INFO Retriever 0 - * 文件一：
    * 文件绝对路径：D:\Unity\open-project-1-main\UOP1_Project\Assets\ScriptableObjects\Configs\Droppables\BasicRewards.asset
    * 文件内容概述：该文件定义了基本的掉落物配置，包括掉落物的散射距离和掉落组。它包含了不同类型的掉落物及其掉落率。
    * 该文件与问题目标之间的关联性：该文件提供了掉落物的配置信息，但并没有直接实现玩家捡拾敌人掉落物的逻辑。

* 文件二：
    * 文件绝对路径：D:\Unity\open-project-1-main\UOP1_Project\Assets\Scripts\Gameplay\GameManager.cs
    * 文件内容概述：该脚本负责管理游戏的主要状态和事件，包括初始化游戏状态、处理事件以及管理游戏中的物品和配方。
    * 该文件与问题目标之间的关联性：该文件管理游戏中的物品和配方，但并没有直接实现玩家捡拾敌人掉落物的逻辑。

* 文件三：
    * 文件绝对路径：D:\Unity\open-project-1-main\UOP1_Project\Assets\Scripts\Gameplay\SpawnSystem.cs
    * 文件内容概述：该脚本定义了一个名为 `SpawnSystem` 的类，用于管理玩家的生成逻辑，包括在场景准备好时，根据玩家的路径选择合适的生成位置，并实例化玩家预制体。
    * 该文件与问题目标之间的关联性：该文件负责玩家的生成逻辑，与玩家捡拾敌人掉落物的逻辑没有直接关联。

* 文件四：
    * 文件绝对路径：D:\Unity\open-project-1-main\UOP1_Project\Assets\Scripts\Characters\Character.cs
    * 文件内容概述：该文件的内容无法读取，因此无法提供文件内容概述。
    * 该文件与问题目标之间的关联性：由于无法读取文件内容，无法确定该文件与玩家捡拾敌人掉落物逻辑之间的关联性。

* 文件五：
    * 文件绝对路径：D:\Unity\open-project-1-main\UOP1_Project\Assets\Scripts\Inventory\InventoryManager.cs
    * 文件内容概述：该脚本是一个Unity游戏中的InventoryManager类，负责管理游戏内的物品库存，处理物品的添加、移除、使用、装备等事件。
    * 该文件与问题目标之间的关联性：该文件管理游戏内的物品库存，与玩家捡拾敌人掉落物的逻辑有直接关联，因为捡拾到的敌人掉落物需要被添加到玩家的库存中。

* 文件六：
    * 文件绝对路径：D:\Unity\open-project-1-main\UOP1_Project\Assets\Scripts\Interaction\InteractionManager.cs
    * 文件内容概述：该脚本是一个Unity组件，负责管理玩家与游戏世界中的交互，如拾取、烹饪和交谈，并触发相应的游戏事件。
    * 该文件与问题目标之间的关联性：该文件负责处理玩家的交互事件，包括拾取交互，与玩家捡拾敌人掉落物的逻辑有直接关联。
2024-10-08 22:28:58,371 - INFO Retriever 0 - 
Token Consuming:147207

2024-10-08 22:28:58,371 - INFO Retriever 0 - 
history rounds:18

