2024-10-08 22:27:29,332 - INFO Retriever 0 - Init Retriever.
2024-10-08 22:27:39,041 - INFO Retriever 0 - keywords:“物”，“掉落物”，“drop”，“thing”，“玩家”，“adversary”，“collect”，“捡拾”，“掉落”，“pick up”，“敌人”，“fall”，“enemy”，“matter”，“player”
2024-10-08 22:27:39,042 - INFO Retriever 0 - deep_think_conent
:在获取了项目文件的顶层结构后，我还需要结合待查询的问题描述，对于项目中的文件和目录进行一些深度关键词检索。根据任务描述：“请在D:\Unity\open-project-1-main\UOP1_Project\Assets下各级目录中寻找：游戏过程中玩家捡拾敌人掉落物的逻辑在什么地方实现的？”，我总结出如下可能会出现在各个文件名或者文件内容中的关键词：“物”，“掉落物”，“drop”，“thing”，“玩家”，“adversary”，“collect”，“捡拾”，“掉落”，“pick up”，“敌人”，“fall”，“enemy”，“matter”，“player”。
接下来，我将使用retrieve_keywords操作，在项目顶层路径“D:\Unity\open-project-1-main\UOP1_Project\Assets”下检索这些关键词，从而大致把握可能与问题描述相关的文件或目录的路径。
2024-10-08 22:27:39,047 - INFO Retriever 0 - ——————————————————————————————————————————————————————————————————————————————————————————————————————————————————————————
2024-10-08 22:27:39,047 - INFO Retriever 0 - Assistant:
2024-10-08 22:27:39,049 - INFO Retriever 0 - {
    "deep_think": {
        "thoughts": "好的，接下来我将通过深度思考、仔细计划以及逐步执行的方式，来完成该任务。\n\n首先，在阅读详细的代码细节之前，应该先整体把握整个项目。\n\n在提供的可选的action中，可以通过get_folder_info操作，通过将项目顶层路径作为target_folder_path参数进行传入，来获取获取项目中主要文件夹和主要文件的描述，从而能够先大致把握项目文件的主要文件的文件树结构、基本内容、主要代码概述以及大致功能板块的分布。"
    }
}
2024-10-08 22:27:39,049 - INFO Retriever 0 - 
Observer:
2024-10-08 22:27:39,049 - INFO Retriever 0 - 好的，请继续你的下一步行动或思考。
2024-10-08 22:27:39,049 - INFO Retriever 0 - 
2024-10-08 22:27:39,095 - INFO Retriever 0 - ——————————————————————————————————————————————————————————————————————————————————————————————————————————————————————————
2024-10-08 22:27:39,096 - INFO Retriever 0 - Assistant:
2024-10-08 22:27:39,096 - INFO Retriever 0 - {
    "get_folder_info": {
        "target_folder_path": "D:\\Unity\\open-project-1-main\\UOP1_Project\\Assets"
    }
}
2024-10-08 22:27:39,096 - INFO Retriever 0 - 
Observer:
2024-10-08 22:27:39,096 - INFO Retriever 0 - 目标文件夹路径：D:\Unity\open-project-1-main\UOP1_Project\Assets
文件结构树（该结构树可能不完整，仅返回深度小于等于1层的子文件以及文件夹）：
├── .DS_Store
├── Addons
│   ├── DOTween
│   ├── TextMeshPro
├── AddressableAssetsData
│   ├── AddressableAssetSettings.asset
│   ├── AssetGroupTemplates
│   ├── AssetGroups
│   ├── DataBuilders
│   ├── DefaultObject.asset
│   ├── Windows
├── Art
│   ├── Accessories
│   ├── Characters
│   ...
│   ├── UI
├── Audio
│   ├── Music
│   ├── SFX
├── Cutscenes
│   ├── AudioTests.playable
│   ├── BeachCandyCutscene.playable
│   ...
│   ├── TownCutscene.playable
├── LocalizationFiles
│   ├── .DS_Store
│   ├── AssetTables
│   ├── GoogleSheetService_ChopChop.asset
│   ├── Locales
│   ├── LocalizationSettings.asset
├── Prefabs
│   ├── Accessories
│   ├── Audio
│   ...
│   ├── _SceneChunks
├── ProBuilder Data
│   ├── Default Color Palette.asset
│   ├── Default Material Palette.asset
├── Scenes
│   ├── Examples
│   ├── Locations
│   ├── Managers
│   ├── Menus
│   ├── WIP
│   ├── Whiteboxing
├── ScriptableObjects
│   ├── Audio
│   ├── Configs
│   ...
│   ├── StateMachine
├── Scripts
│   ├── Animation
│   ├── Audio
│   ...
│   ├── UI
├── Settings
│   ├── Audio
│   ├── Graphics
│   ├── Input
│   ├── LightBakingSettings
│   ├── Presets
├── Shaders
│   ├── AggroEffect.shadergraph
│   ├── CustomHLSL
│   ...
│   ├── Water_Sea.shadergraph
├── TextData
│   ├── ContributorsList.txt
├── Tutorials
│   ├── Icons
│   ├── Images
│   ├── TutorialProjectSettings.asset
│   ├── TutorialWelcomePage.asset
│   ├── Tutorials.asset
├── WIP
│   ├── Materials
│   ├── Prefabs
│   ├── SourceFiles
│   ├── Textures


其中，部分主要文件及文件夹的信息如下：
1. Assets
# 路径:D:/Unity/open-project-1-main/UOP1_Project\Assets
# 内容概述:“Assets”文件夹汇集了Unity游戏开发所需的多种资源，包括动画、文本处理、音频、艺术资产、场景和脚本等。其中，“Addons”子文件夹提供了DOTween和TextMeshPro等插件，分别用于动画和文本渲染；“AddressableAssetsData”则专注于资源管理和配置；“Art”包含3D模型、动画和视觉效果等创意资源；“Audio”提供背景音乐和声音效果；“Cutscenes”包含剧情相关文件；“LocalizationFiles”支持多语言本地化；“Prefabs”提供可复用的游戏对象；“Scenes”涉及场景设计和导航；“ScriptableObjects”存储游戏配置；“Scripts”包含脚本文件；“Settings”管理音频、图形和输入设置；“Shaders”提供自定义着色器；“TextData”记录项目贡献者；“Tutorials”提供开发指导；“WIP”存放开发中的资源。整体上，这些文件夹和文件协同工作，构成了一个完整且功能丰富的游戏开发环境。

2. Addons
# 路径:D:/Unity/open-project-1-main/UOP1_Project\Assets\Addons
# 内容概述:“Addons”文件夹汇集了两个Unity插件：DOTween和TextMeshPro。DOTween提供全面的动画和缓动解决方案，包含编辑器工具和模块化脚本，旨在增强Unity中的动画效果。TextMeshPro则专注于文本渲染和视觉效果，提供丰富的字体资源、样式表和表情符号，以丰富游戏中的文本显示。两个插件均附有详细的使用说明和许可协议，旨在为Unity开发者提供高效的内容创作工具。

3. AddressableAssetsData
# 路径:D:/Unity/open-project-1-main/UOP1_Project\Assets\AddressableAssetsData
# 内容概述:### 简化版文件夹内容总结

“AddressableAssetsData”文件夹是Unity游戏开发的核心资源管理区域，汇集了资源打包模板、详细配置文件、脚本组件以及操作系统相关状态文件。它包括资源管理模板（AssetGroupTemplates）、资源与场景管理配置（AssetGroups）、脚本配置（DataBuilders）、操作系统资源状态文件（Windows和OSX），以及可寻址资源设置（AddressableAssetSettings.asset）和默认对象配置（DefaultObject.asset）。这些文件和文件夹协同工作，确保了游戏资源的有效管理和优化。

4. Art
# 路径:D:/Unity/open-project-1-main/UOP1_Project\Assets\Art
# 内容概述:“Art”文件夹汇集了丰富多样的创意资源，包括3D模型、动画、字体、视觉效果和用户界面设计等，适用于游戏开发、动画制作和视觉设计。其中，**Accessories** 和 **Characters** 提供了丰富的角色和道具模型，**Effects** 包含了用于特效制作的资源，**Font** 提供了字体设计和智能合约代码，**Items** 和 **Nature** 则专注于游戏和动画中的物品和自然景观设计。此外，**Materials**、**Skybox**、**Textures** 和 **UI** 分别提供了材质、环境纹理、用户界面元素等，共同构成了一个全面的艺术资源库。

5. Audio
# 路径:D:/Unity/open-project-1-main/UOP1_Project\Assets\Audio
# 内容概述:“Audio”文件夹汇集了音乐与声音效果两大类资源。其中，“Music”子文件夹专注于为游戏或多媒体项目中的不同场景提供定制背景音乐，包括海滩、森林、城镇等，以及一系列主题音乐和暂停菜单音乐。而“SFX”子文件夹则包含了丰富的声音效果，涵盖角色动作、厨房环境以及界面交互等，旨在增强多媒体项目的沉浸感和互动性。这两个子文件夹的资源相互配合，共同构建了项目的音频环境。

6. Cutscenes
# 路径:D:/Unity/open-project-1-main/UOP1_Project\Assets\Cutscenes
# 内容概述:### 文件夹内容总结

“Cutscenes”文件夹汇集了多种游戏剧情相关的可播放文件，包括海滩、镇子等场景的剧情片段，如开场、游戏结束等。这些文件与“Signals”文件夹中的信号文件协同工作，共同构建游戏的故事情节和动态事件。

7. LocalizationFiles
# 路径:D:/Unity/open-project-1-main/UOP1_Project\Assets\LocalizationFiles
# 内容概述:### 文件夹内容总结

“LocalizationFiles”文件夹汇集了Unity游戏开发所需的本地化资源和配置文件。其中，.DS_Store文件负责Mac系统文件夹个性化设置，而“Locales”子文件夹内包含多语言本地化资产，如英文、法语和意大利语设置。此外，GoogleSheetService_ChopChop.asset脚本组件用于与Google Sheets服务集成，而LocalizationSettings.asset则定义了游戏的本地化设置和格式化规则，确保游戏在不同语言环境下的正确显示。这些文件共同支撑起游戏的多语言功能和数据管理。

8. Prefabs
# 路径:D:/Unity/open-project-1-main/UOP1_Project\Assets\Prefabs
# 内容概述:“Prefabs”文件夹汇集了多样化的预制资源，专为游戏和虚拟现实项目设计。它包含角色装饰、音频管理、NPC与场景构建、动画场景、可收集物品、编辑器工具、视觉效果、食物与家具模型、UI界面、独特场景元素等预制件，旨在加速游戏开发流程，丰富游戏世界和角色设定，同时确保视觉和交互体验的丰富性。

9. ProBuilder Data
# 路径:D:/Unity/open-project-1-main/UOP1_Project\Assets\ProBuilder Data
# 内容概述:“ProBuilder Data”文件夹汇集了两个Unity游戏引擎相关资产文件：一个是“Default Color Palette.asset”，定义了15种默认颜色调色板，供游戏界面和视觉效果使用；另一个是“Default Material Palette.asset”，包含一个Unity材质调色板脚本组件，可能用于存储和应用颜色配置。这两个文件共同服务于游戏视觉设计。

10. Scenes
# 路径:D:/Unity/open-project-1-main/UOP1_Project\Assets\Scenes
# 内容概述:“Scenes”文件夹是Unity游戏开发的核心资源库，汇集了多样化的场景设计元素。其中，“Examples”展示了场景导航网络示例，“Locations”提供了多种场景的光照、反射和导航数据，“Menus”则专注于游戏菜单的光照效果。此外，“WIP”包含正在开发中的场景照明和导航设置，而“Whiteboxing”则涵盖了城镇景观和地图构建资源。整体上，这些文件夹相互关联，共同构建了游戏世界的视觉和功能框架。遗憾的是，“Managers”文件夹的具体内容尚未明确，其关联性分析有待进一步信息。

11. ScriptableObjects
# 路径:D:/Unity/open-project-1-main/UOP1_Project\Assets\ScriptableObjects
# 内容概述:“ScriptableObjects”文件夹是Unity游戏项目的核心配置中心，汇集了音频、游戏机制、对话、事件通道、游戏状态、输入管理、交互、库存、物品类型、路径、任务、运行时锚点、保存系统、场景数据和状态机等关键组件的配置文件。这些文件相互关联，共同支撑起游戏的基本机制和玩家体验，确保了从音效到游戏逻辑的每一部分都能无缝协作，为玩家提供连贯且丰富的游戏体验。

12. Scripts
# 路径:D:/Unity/open-project-1-main/UOP1_Project\Assets\Scripts
# 内容概述:“Scripts”文件夹是Unity游戏开发的核心，汇集了动画控制、音频管理、角色行为、摄像机操作、场景管理等关键脚本，旨在构建流畅的游戏体验。它还包含了对话系统、库存管理、用户界面、输入处理、交互逻辑等脚本，确保游戏交互丰富且直观。此外，文件夹内还涵盖了保存系统、状态机、系统设置、本地化工具以及编辑器辅助工具，以支持高效的游戏开发和资源管理。这些脚本相互协作，共同构成了一个功能全面、结构清晰的游戏开发框架。

13. Settings
# 路径:D:/Unity/open-project-1-main/UOP1_Project\Assets\Settings
# 内容概述:“Settings”文件夹汇集了游戏开发的关键配置文件，包括音频混合器设置、图形渲染和视觉效果配置、输入系统定义、光照烘焙参数以及预设导入设置。这些子文件夹（Audio、Graphics、Input、LightBakingSettings、Presets）分别针对音频处理、视觉效果、玩家交互、光照效果优化和文件导入优化，确保游戏在音效、视觉、操作和性能上的高质量体验。

14. Shaders
# 路径:D:/Unity/open-project-1-main/UOP1_Project\Assets\Shaders
# 内容概述:“Shaders”文件夹汇集了多种图形渲染和视觉效果资源，包括自定义着色器代码（如CustomHLSL中的自定义光照效果）、调试工具（如Debug文件夹中的顶点着色器调试）、以及一系列子图文件（如SubGraphs中的多种视觉效果子图）。此外，Unused文件夹包含了未使用的Unity项目资源，如自定义渲染脚本、水效果和ShaderGraph编辑文件。这些资源共同服务于图形渲染和视觉效果的开发，适用于游戏和视觉效果制作。

15. TextData
# 路径:D:/Unity/open-project-1-main/UOP1_Project\Assets\TextData
# 内容概述:“TextData”文件夹专注于存储项目贡献者信息，其中包含一个名为“ContributorsList.txt”的文件，记录了项目开发者和艺术家的名单及其角色。

16. Tutorials
# 路径:D:/Unity/open-project-1-main/UOP1_Project\Assets\Tutorials
# 内容概述:“Tutorials”文件夹汇集了Unity游戏开发的丰富资源，包括图标和图像设计文件，用于界面视觉元素。其中，**TutorialProjectSettings.asset** 配置了教程项目的初始场景和相机设置，而**TutorialWelcomePage.asset** 则创建了项目欢迎页面，介绍“Chop Chop”游戏并引导用户。此外，**Tutorials.asset** 提供了教程页面的详细配置，涵盖项目资源获取、讨论论坛、开发日志等，为开发者提供了全面的学习和参与途径。这些文件共同构成了一个完整的教学和资源支持体系，旨在辅助开发者深入学习和实践Unity游戏开发。

17. WIP
# 路径:D:/Unity/open-project-1-main/UOP1_Project\Assets\WIP
# 内容概述:“WIP”文件夹汇集了游戏开发所需的多媒体资源，包括用于场景设计的材质（如草地、天空盒等），预制体组件（如菜单、物体），以及图像素材和纹理（如国旗、地图纹理）。这些资源相互关联，共同构成了游戏世界的视觉和交互基础。

18. .DS_Store
# 路径:D:/Unity/open-project-1-main/UOP1_Project\Assets\.DS_Store
# 内容概述:这是一个名为“.DS_Store”的文件。


2024-10-08 22:27:39,098 - INFO Retriever 0 - 
2024-10-08 22:27:39,098 - INFO Retriever 0 - ——————————————————————————————————————————————————————————————————————————————————————————————————————————————————————————
2024-10-08 22:27:39,098 - INFO Retriever 0 - Assistant:
2024-10-08 22:27:39,098 - INFO Retriever 0 - {
    "deep_think": {
        "thoughts": "在获取了项目文件的顶层结构后，我还需要结合待查询的问题描述，对于项目中的文件和目录进行一些深度关键词检索。根据任务描述：“请在D:\\Unity\\open-project-1-main\\UOP1_Project\\Assets下各级目录中寻找：游戏过程中玩家捡拾敌人掉落物的逻辑在什么地方实现的？”，我总结出如下可能会出现在各个文件名或者文件内容中的关键词：“物”，“掉落物”，“drop”，“thing”，“玩家”，“adversary”，“collect”，“捡拾”，“掉落”，“pick up”，“敌人”，“fall”，“enemy”，“matter”，“player”。\n接下来，我将使用retrieve_keywords操作，在项目顶层路径“D:\\Unity\\open-project-1-main\\UOP1_Project\\Assets”下检索这些关键词，从而大致把握可能与问题描述相关的文件或目录的路径。"
    }
}
2024-10-08 22:27:39,098 - INFO Retriever 0 - 
Observer:
2024-10-08 22:27:39,099 - INFO Retriever 0 - 好的，请继续你的下一步行动或思考。
2024-10-08 22:27:39,099 - INFO Retriever 0 - 
2024-10-08 22:27:47,064 - INFO Retriever 0 - ——————————————————————————————————————————————————————————————————————————————————————————————————————————————————————————
2024-10-08 22:27:47,064 - INFO Retriever 0 - Assistant:
2024-10-08 22:27:47,066 - INFO Retriever 0 - {
    "retrieve_keywords": {
        "top_path": "D:\\Unity\\open-project-1-main\\UOP1_Project\\Assets",
        "key_word_list": [
            "物",
            "掉落物",
            "drop",
            "thing",
            "玩家",
            "adversary",
            "collect",
            "捡拾",
            "掉落",
            "pick up",
            "敌人",
            "fall",
            "enemy",
            "matter",
            "player"
        ]
    }
}
2024-10-08 22:27:47,070 - INFO Retriever 0 - 
Observer:
2024-10-08 22:27:47,073 - INFO Retriever 0 - 根据你提供的关键词，我检索到以下目录或文件，它们的绝对路径如下：
1. D:\Unity\open-project-1-main\UOP1_Project\Assets\Scripts\Characters
“Characters”文件夹汇集了Unity游戏开发中角色相关的脚本资源，包括角色配置（如攻击、奖励、效果和NPC移动）、状态机逻辑、音频处理以及角色行为控制。文件夹内分为多个子目录，如Config存储角色配置脚本，StateMachine包含构建游戏逻辑的脚本，Audio则专注于角色音效。此外，Attack、Attacker、Critter等脚本负责角色具体行为，而NPC、Protagonist等则涉及角色状态和交互。整体上，这些脚本相互协作，共同构成了游戏中的角色系统。

2. D:\Unity\open-project-1-main\UOP1_Project\Assets\ScriptableObjects\Inventory\Items\QuestItems
### 文件夹内容总结
“QuestItems”文件夹汇集了Unity游戏开发中用于定义和配置游戏内物品、食谱和脚本组件的文件。文件夹内包含多个资产配置文件，如“CakeWithRockCandy_Dish.asset”定义了蛋糕的属性，“RockCandy_Recipe.asset”则描述了制作糖果的配方。此外，还有如“GoldenEgg.asset”和“Onion.asset”等脚本组件配置文件，它们定义了游戏对象的属性和行为。这些文件之间相互关联，共同构成了游戏中的物品系统，包括它们的制作过程、外观和功能。

3. D:\Unity\open-project-1-main\UOP1_Project\Assets\LocalizationFiles
### 文件夹内容总结
“LocalizationFiles”文件夹汇集了Unity游戏开发所需的本地化资源和配置文件。其中，.DS_Store文件负责Mac系统文件夹个性化设置，而“Locales”子文件夹内包含多语言本地化资产，如英文、法语和意大利语设置。此外，GoogleSheetService_ChopChop.asset脚本组件用于与Google Sheets服务集成，而LocalizationSettings.asset则定义了游戏的本地化设置和格式化规则，确保游戏在不同语言环境下的正确显示。这些文件共同支撑起游戏的多语言功能和数据管理。

4. D:\Unity\open-project-1-main\UOP1_Project\Assets\ScriptableObjects\Inventory\Items\TestItems
### 文件夹内容概要
“TestItems”文件夹汇集了Unity游戏开发中的多种资产文件，包括脚本组件和配置文件。这些文件定义了游戏中的对象、资源引用、状态属性以及食谱等，如Ginger和Hammer等脚本组件，以及Lemonade和LobsterSoup等预制体和食谱。这些文件相互关联，共同构建了游戏的核心功能和视觉元素。

5. D:\Unity\open-project-1-main\UOP1_Project\Assets\ScriptableObjects\Dialogue\Cutscenes
“Cutscenes”文件夹汇集了Unity游戏引擎的脚本配置文件，涵盖对话逻辑、事件处理和脚本组件配置。其中，文件如“CUT-CANDY.asset”定义了“CUT-CANDY”脚本，涉及属性配置；“CUT-LOSE.asset”和“CUT-WIN.asset”则专注于游戏对话序列，用于特定剧情节点；“CUT-OPEN.asset”和“CUT-SLIME.asset”则分别配置了游戏中的脚本组件和“CUT-SLIME”组件的属性。这些文件共同支撑起游戏的剧情和交互体验。

6. D:\Unity\open-project-1-main\UOP1_Project\Assets\ScriptableObjects\Configs\Droppables
“Droppables”文件夹汇集了Unity游戏中的奖励系统配置文件，涵盖基础、精英、特定怪物（如山岩、植物、岩石和SlimeCritter）以及特殊奖励的设置。文件如BasicRewards.asset和EliteRewards.asset定义了奖励的散射距离和掉落组，而MountainRockCritterReward.asset等则针对特定怪物的奖励逻辑进行定制。此外，NoDrop.asset用于控制特定对象的掉落行为，而SlimeCritterSpecialReward.asset引入了特殊奖励机制，丰富了游戏奖励的多样性。这些文件协同工作，构建了游戏内奖励系统的完整框架。

7. D:\Unity\open-project-1-main\UOP1_Project\Assets\ScriptableObjects\Quests\Questline1\Quest1\Step1
## 文件夹内容精简总结
“Step1”文件夹内包含两个Unity游戏引擎脚本文件，分别为“S1-Q1-QL1.asset”和“SD-S1-Q1-QL1.asset”。前者是“S1-Q1-QL1”组件的脚本配置，涉及属性和资源关联；后者则定义了对话序列“SD-S1-Q1-QL1”，包含对话配置和流程控制，两文件共同支撑游戏对话逻辑。

8. D:\Unity\open-project-1-main\UOP1_Project\Assets\Scripts\UI
“UI”文件夹汇集了Unity游戏开发中用于构建和管理用户界面的关键脚本。它涵盖了对话系统、库存管理、设置界面、加载界面、信用屏幕、通用按钮、健康条、心形显示、交互面板、主菜单、暂停界面、弹窗以及旋转动画等多个方面。这些脚本通过事件和函数调用相互协作，确保了游戏UI的完整性和交互性，共同构成了游戏流程中的关键用户界面元素。

9. D:\Unity\open-project-1-main\UOP1_Project\Assets\Scripts\Gameplay
## 文件夹内容精简总结
“Gameplay”文件夹汇集了Unity游戏开发的核心脚本，包括`GameManager.cs`用于管理游戏状态和事件，`GameStateSO.cs`负责跟踪和管理游戏状态变化，以及`SpawnSystem.cs`负责玩家的生成逻辑。这些脚本相互协作，共同构成了游戏的核心功能框架。

10. D:\Unity\open-project-1-main\UOP1_Project\Assets\Scripts\Quests
### 文件夹内容概览
“Quests”文件夹是Unity游戏开发的核心资源集，专注于任务和对话系统的设计。它包含角色图像、UI布局文件、编辑器脚本和可序列化对象，如任务、任务线和步骤的数据结构。文件夹内分为资源管理、编辑器配置、脚本对象和任务管理器，确保了从资源编辑到任务流程控制的连贯性。关键文件如“QuestManagerSO.cs”和“StepController.cs”负责任务流程和对话步骤的管理，而“Resources”和“ScriptableObjects”则提供了必要的配置和数据支持。

请注意，这些目录或文件可能不全都和你的任务目标相关，仅供参考。请你基于具体的文件内容概述，结合你的任务目标，认真思考分析后，优先选择最有可能与任务相关的目录或文件进行进一步的检查。
2024-10-08 22:27:47,102 - INFO Retriever 0 - 
2024-10-08 22:27:53,764 - INFO Retriever 0 - Agent主脑给出的回答为：{
    "deep_think": {
        "thoughts": "根据检索到的关键词，我注意到“D:\\Unity\\open-project-1-main\\UOP1_Project\\Assets\\ScriptableObjects\\Configs\\Droppables”这个目录下的文件名和描述与掉落物相关，特别是“Droppables”文件夹，它包含了奖励系统的配置文件，这很可能包含了掉落物的逻辑。接下来，我将使用get_folder_info操作，获取这个文件夹下的文件信息，以便进一步分析。"
    }
}
2024-10-08 22:27:53,765 - INFO Retriever 0 - 是否成功解析：True
2024-10-08 22:27:53,765 - INFO Retriever 0 - operation_type (__det_dir_action):
2024-10-08 22:27:53,765 - INFO Retriever 0 - deep_think
2024-10-08 22:27:53,765 - INFO Retriever 0 - 

——————————————————————————————————————————————————————————————————————————————————————————————————————————————————————————
2024-10-08 22:27:53,766 - INFO Retriever 0 - Assistant:
2024-10-08 22:27:53,766 - INFO Retriever 0 - {
    "deep_think": {
        "thoughts": "根据检索到的关键词，我注意到“D:\\Unity\\open-project-1-main\\UOP1_Project\\Assets\\ScriptableObjects\\Configs\\Droppables”这个目录下的文件名和描述与掉落物相关，特别是“Droppables”文件夹，它包含了奖励系统的配置文件，这很可能包含了掉落物的逻辑。接下来，我将使用get_folder_info操作，获取这个文件夹下的文件信息，以便进一步分析。"
    }
}
2024-10-08 22:27:53,766 - INFO Retriever 0 - dict_keys(['deep_think'])
2024-10-08 22:27:53,768 - INFO Retriever 0 - Agent主脑给出的行动：deep_think
参数：{'thoughts': '根据检索到的关键词，我注意到“D:\\Unity\\open-project-1-main\\UOP1_Project\\Assets\\ScriptableObjects\\Configs\\Droppables”这个目录下的文件名和描述与掉落物相关，特别是“Droppables”文件夹，它包含了奖励系统的配置文件，这很可能包含了掉落物的逻辑。接下来，我将使用get_folder_info操作，获取这个文件夹下的文件信息，以便进一步分析。', 'repeat_counter': 1, 'continue_think_counter': 1}
2024-10-08 22:27:53,768 - INFO Retriever 0 - Observer: 好的，请继续你的下一步行动或思考。
2024-10-08 22:27:58,887 - INFO Retriever 0 - Agent主脑给出的回答为：{
    "get_folder_info": {
        "target_folder_path": "D:\\Unity\\open-project-1-main\\UOP1_Project\\Assets\\ScriptableObjects\\Configs\\Droppables"
    }
}
2024-10-08 22:27:58,887 - INFO Retriever 0 - 是否成功解析：True
2024-10-08 22:27:58,887 - INFO Retriever 0 - operation_type (__det_dir_action):
2024-10-08 22:27:58,887 - INFO Retriever 0 - get_folder_info
2024-10-08 22:27:58,889 - INFO Retriever 0 - 

——————————————————————————————————————————————————————————————————————————————————————————————————————————————————————————
2024-10-08 22:27:58,889 - INFO Retriever 0 - Assistant:
2024-10-08 22:27:58,889 - INFO Retriever 0 - {
    "get_folder_info": {
        "target_folder_path": "D:\\Unity\\open-project-1-main\\UOP1_Project\\Assets\\ScriptableObjects\\Configs\\Droppables"
    }
}
2024-10-08 22:27:58,889 - INFO Retriever 0 - dict_keys(['get_folder_info'])
2024-10-08 22:27:58,890 - INFO Retriever 0 - Agent主脑给出的行动：get_folder_info
参数：{'target_folder_path': 'D:\\Unity\\open-project-1-main\\UOP1_Project\\Assets\\ScriptableObjects\\Configs\\Droppables'}
2024-10-08 22:27:58,928 - INFO Retriever 0 - Observer: 目标文件夹路径：D:\Unity\open-project-1-main\UOP1_Project\Assets\ScriptableObjects\Configs\Droppables
文件结构树（该结构树可能不完整，仅返回深度小于等于1层的子文件以及文件夹）：
├── BasicRewards.asset
├── EliteRewards.asset
├── MountainRockCritterReward.asset
├── NoDrop.asset
├── PlantCritterReward.asset
├── RockCritterReward.asset
├── SlimeCritterReward.asset
├── SlimeCritterSpecialReward.asset


其中，部分主要文件及文件夹的信息如下：
1. Droppables
# 路径:D:/Unity/open-project-1-main/UOP1_Project\Assets\ScriptableObjects\Configs\Droppables
# 内容概述:“Droppables”文件夹汇集了Unity游戏中的奖励系统配置文件，涵盖基础、精英、特定怪物（如山岩、植物、岩石和SlimeCritter）以及特殊奖励的设置。文件如BasicRewards.asset和EliteRewards.asset定义了奖励的散射距离和掉落组，而MountainRockCritterReward.asset等则针对特定怪物的奖励逻辑进行定制。此外，NoDrop.asset用于控制特定对象的掉落行为，而SlimeCritterSpecialReward.asset引入了特殊奖励机制，丰富了游戏奖励的多样性。这些文件协同工作，构建了游戏内奖励系统的完整框架。

2. BasicRewards.asset
# 路径:D:/Unity/open-project-1-main/UOP1_Project\Assets\ScriptableObjects\Configs\Droppables\BasicRewards.asset
# 内容概述:### 简要总结

该文件是Unity游戏中的“BasicRewards”脚本配置，设定了奖励物品的散布距离和掉落规则。配置包含多个掉落组，每组指定了不同物品及其掉落概率，如特定物品的掉落率为0.5或1，整个掉落组的掉落率也各有不同。

3. EliteRewards.asset
# 路径:D:/Unity/open-project-1-main/UOP1_Project\Assets\ScriptableObjects\Configs\Droppables\EliteRewards.asset
# 内容概述:### 文本总结
该文件描述了Unity游戏中的“EliteRewards”脚本组件，负责管理奖励系统的配置。脚本定义了奖励的散射距离为0.5，并设定了多个奖励掉落组，每组包含特定物品及其掉落概率。例如，一个掉落组包含两种物品，每种物品的掉落概率均为0.5，而整个组的掉落概率为1。另一个掉落组包含一种物品，掉落概率为1，组掉落率为0.2。

4. MountainRockCritterReward.asset
# 路径:D:/Unity/open-project-1-main/UOP1_Project\Assets\ScriptableObjects\Configs\Droppables\MountainRockCritterReward.asset
# 内容概述:### 简要总结
该文件描述了Unity游戏中的`MountainRockCritterReward`脚本，用于配置怪物掉落奖励。脚本设定了奖励物品的散布范围为1.5单位，并定义了两个掉落物品及其概率：一个物品掉落概率为20%，另一个为80%，确保至少有一个物品会在怪物击杀后掉落。

5. NoDrop.asset
# 路径:D:/Unity/open-project-1-main/UOP1_Project\Assets\ScriptableObjects\Configs\Droppables\NoDrop.asset
# 内容概述:### 文本分析员AI

#### 简要总结：
文件描述了Unity游戏中的“NoDrop”脚本组件，该组件用于控制游戏对象是否掉落。未提供具体掉落距离和分组控制信息。

6. PlantCritterReward.asset
# 路径:D:/Unity/open-project-1-main/UOP1_Project\Assets\ScriptableObjects\Configs\Droppables\PlantCritterReward.asset
# 内容概述:### 简要总结

该文件定义了Unity游戏对象“PlantCritterReward”的配置，设定了奖励的散布距离为0.5，并定义了一个掉落组，其中包含一个奖励物品，该物品的掉落率为100%。

7. RockCritterReward.asset
# 路径:D:/Unity/open-project-1-main/UOP1_Project\Assets\ScriptableObjects\Configs\Droppables\RockCritterReward.asset
# 内容概述:### 简要总结

该文件是Unity游戏脚本配置，定义了名为“RockCritterReward”的脚本，负责控制奖励物品的掉落。脚本设定了散射距离为1.5，并定义了一个掉落组，其中包含一个物品，该物品以100%的概率掉落。

8. SlimeCritterReward.asset
# 路径:D:/Unity/open-project-1-main/UOP1_Project\Assets\ScriptableObjects\Configs\Droppables\SlimeCritterReward.asset
# 内容概述:该文件描述了Unity游戏中的“SlimeCritterReward”脚本，用于管理SlimeCritter怪物的奖励掉落。脚本配置了奖励的散射距离为1.5，并定义了一个掉落组，其中包含一个100%掉落率的未知物品。

9. SlimeCritterSpecialReward.asset
# 路径:D:/Unity/open-project-1-main/UOP1_Project\Assets\ScriptableObjects\Configs\Droppables\SlimeCritterSpecialReward.asset
# 内容概述:### 简要总结

该文件是Unity游戏中的“SlimeCritterSpecialReward”脚本资产，负责管理特殊奖励的掉落。脚本定义了普通和特殊掉落物品的掉落率，并设置了特殊物品的最大和当前计数限制，以控制奖励的分布。


2024-10-08 22:28:08,473 - INFO Retriever 0 - Agent主脑给出的回答为：{
    "deep_think": {
        "thoughts": "根据获取到的文件信息，我注意到“Droppables”文件夹下的文件似乎与掉落物的配置有关，特别是“BasicRewards.asset”和“EliteRewards.asset”等文件，它们定义了奖励的散射距离和掉落组，这很可能与玩家捡拾敌人掉落物的逻辑有关。为了进一步确认，我需要查看这些文件的具体内容。接下来，我将使用read_file操作，读取“BasicRewards.asset”文件的内容，以获取更详细的信息。"
    }
}
2024-10-08 22:28:08,475 - INFO Retriever 0 - 是否成功解析：True
2024-10-08 22:28:08,476 - INFO Retriever 0 - operation_type (__det_dir_action):
2024-10-08 22:28:08,476 - INFO Retriever 0 - deep_think
2024-10-08 22:28:08,476 - INFO Retriever 0 - 

——————————————————————————————————————————————————————————————————————————————————————————————————————————————————————————
2024-10-08 22:28:08,476 - INFO Retriever 0 - Assistant:
2024-10-08 22:28:08,476 - INFO Retriever 0 - {
    "deep_think": {
        "thoughts": "根据获取到的文件信息，我注意到“Droppables”文件夹下的文件似乎与掉落物的配置有关，特别是“BasicRewards.asset”和“EliteRewards.asset”等文件，它们定义了奖励的散射距离和掉落组，这很可能与玩家捡拾敌人掉落物的逻辑有关。为了进一步确认，我需要查看这些文件的具体内容。接下来，我将使用read_file操作，读取“BasicRewards.asset”文件的内容，以获取更详细的信息。"
    }
}
2024-10-08 22:28:08,477 - INFO Retriever 0 - dict_keys(['deep_think'])
2024-10-08 22:28:08,477 - INFO Retriever 0 - Agent主脑给出的行动：deep_think
参数：{'thoughts': '根据获取到的文件信息，我注意到“Droppables”文件夹下的文件似乎与掉落物的配置有关，特别是“BasicRewards.asset”和“EliteRewards.asset”等文件，它们定义了奖励的散射距离和掉落组，这很可能与玩家捡拾敌人掉落物的逻辑有关。为了进一步确认，我需要查看这些文件的具体内容。接下来，我将使用read_file操作，读取“BasicRewards.asset”文件的内容，以获取更详细的信息。', 'repeat_counter': 1, 'continue_think_counter': 1}
2024-10-08 22:28:08,477 - INFO Retriever 0 - Observer: 好的，请继续你的下一步行动或思考。
2024-10-08 22:28:11,437 - INFO Retriever 0 - Agent主脑给出的回答为：{
    "read_file": {
        "file_path": "D:\\Unity\\open-project-1-main\\UOP1_Project\\Assets\\ScriptableObjects\\Configs\\Droppables\\BasicRewards.asset"
    }
}
2024-10-08 22:28:11,437 - INFO Retriever 0 - 是否成功解析：True
2024-10-08 22:28:11,437 - INFO Retriever 0 - operation_type (__det_dir_action):
2024-10-08 22:28:11,438 - INFO Retriever 0 - read_file
2024-10-08 22:28:11,438 - INFO Retriever 0 - 

——————————————————————————————————————————————————————————————————————————————————————————————————————————————————————————
2024-10-08 22:28:11,438 - INFO Retriever 0 - Assistant:
2024-10-08 22:28:11,438 - INFO Retriever 0 - {
    "read_file": {
        "file_path": "D:\\Unity\\open-project-1-main\\UOP1_Project\\Assets\\ScriptableObjects\\Configs\\Droppables\\BasicRewards.asset"
    }
}
2024-10-08 22:28:11,439 - INFO Retriever 0 - dict_keys(['read_file'])
2024-10-08 22:28:11,439 - INFO Retriever 0 - Agent主脑给出的行动：read_file
参数：{'file_path': 'D:\\Unity\\open-project-1-main\\UOP1_Project\\Assets\\ScriptableObjects\\Configs\\Droppables\\BasicRewards.asset', 'top_path': 'D:\\Unity\\open-project-1-main\\UOP1_Project\\Assets', 'return_file_sum': <bound method TreeGenerationAction.return_file_sum of <Action.tree_gen_action.TreeGenerationAction object at 0x0000019E60E5E3A0>>}
2024-10-08 22:28:11,443 - INFO Retriever 0 - Observer: 这是一个名为“BasicRewards.asset”的文件，该文件里的内容为：
MonoBehaviour:
  m_ObjectHideFlags: 0
  m_CorrespondingSourceObject:
    fileID: 0
  m_PrefabInstance:
    fileID: 0
  m_PrefabAsset:
    fileID: 0
  m_GameObject:
    fileID: 0
  m_Enabled: 1
  m_EditorHideFlags: 0
  m_Script:
    fileID: 11500000
    guid: 64cbe6eac594d2847ab007f73118655a
    type: 3
  m_Name: BasicRewards
  m_EditorClassIdentifier: None
  _scatteringDistance: 0.5
  _dropGroups:
  - _drops:
    - _item:
        fileID: 11400000
        guid: dfda8fd036fda44f29d67f1f214567d6
        type: 2
      _itemDropRate: 0.5
    - _item:
        fileID: 11400000
        guid: e306cbc82b9bb4fe0a2c14a3b69c8dbc
        type: 2
      _itemDropRate: 0.5
    _dropRate: 1
  - _drops:
    - _item:
        fileID: 11400000
        guid: 735a41d8af06c466eb2776c3fff38307
        type: 2
      _itemDropRate: 1
    _dropRate: 0.2
2024-10-08 22:28:22,104 - INFO Retriever 0 - Agent主脑给出的回答为：{
    "deep_think": {
        "thoughts": "通过读取“BasicRewards.asset”文件的内容，我了解到该文件定义了掉落物的散射距离和掉落组。文件中包含了两个掉落组，每个掉落组中都有不同的物品和掉落概率。这表明该文件确实与玩家捡拾敌人掉落物的逻辑有关。为了更全面地理解掉落物的逻辑，我需要继续查看其他相关文件，例如“EliteRewards.asset”和“SlimeCritterReward.asset”等。接下来，我将使用read_file操作，读取“EliteRewards.asset”文件的内容。"
    }
}
2024-10-08 22:28:22,104 - INFO Retriever 0 - 是否成功解析：True
2024-10-08 22:28:22,104 - INFO Retriever 0 - operation_type (__det_dir_action):
2024-10-08 22:28:22,104 - INFO Retriever 0 - deep_think
2024-10-08 22:28:22,104 - INFO Retriever 0 - 

——————————————————————————————————————————————————————————————————————————————————————————————————————————————————————————
2024-10-08 22:28:22,105 - INFO Retriever 0 - Assistant:
2024-10-08 22:28:22,105 - INFO Retriever 0 - {
    "deep_think": {
        "thoughts": "通过读取“BasicRewards.asset”文件的内容，我了解到该文件定义了掉落物的散射距离和掉落组。文件中包含了两个掉落组，每个掉落组中都有不同的物品和掉落概率。这表明该文件确实与玩家捡拾敌人掉落物的逻辑有关。为了更全面地理解掉落物的逻辑，我需要继续查看其他相关文件，例如“EliteRewards.asset”和“SlimeCritterReward.asset”等。接下来，我将使用read_file操作，读取“EliteRewards.asset”文件的内容。"
    }
}
2024-10-08 22:28:22,105 - INFO Retriever 0 - dict_keys(['deep_think'])
2024-10-08 22:28:22,105 - INFO Retriever 0 - Agent主脑给出的行动：deep_think
参数：{'thoughts': '通过读取“BasicRewards.asset”文件的内容，我了解到该文件定义了掉落物的散射距离和掉落组。文件中包含了两个掉落组，每个掉落组中都有不同的物品和掉落概率。这表明该文件确实与玩家捡拾敌人掉落物的逻辑有关。为了更全面地理解掉落物的逻辑，我需要继续查看其他相关文件，例如“EliteRewards.asset”和“SlimeCritterReward.asset”等。接下来，我将使用read_file操作，读取“EliteRewards.asset”文件的内容。', 'repeat_counter': 1, 'continue_think_counter': 1}
2024-10-08 22:28:22,106 - INFO Retriever 0 - Observer: 好的，请继续你的下一步行动或思考。
2024-10-08 22:28:28,404 - INFO Retriever 0 - Agent主脑给出的回答为：{
    "read_file": {
        "file_path": "D:\\Unity\\open-project-1-main\\UOP1_Project\\Assets\\ScriptableObjects\\Configs\\Droppables\\EliteRewards.asset"
    }
}
2024-10-08 22:28:28,404 - INFO Retriever 0 - 是否成功解析：True
2024-10-08 22:28:28,404 - INFO Retriever 0 - operation_type (__det_dir_action):
2024-10-08 22:28:28,404 - INFO Retriever 0 - read_file
2024-10-08 22:28:28,404 - INFO Retriever 0 - 

——————————————————————————————————————————————————————————————————————————————————————————————————————————————————————————
2024-10-08 22:28:28,405 - INFO Retriever 0 - Assistant:
2024-10-08 22:28:28,405 - INFO Retriever 0 - {
    "read_file": {
        "file_path": "D:\\Unity\\open-project-1-main\\UOP1_Project\\Assets\\ScriptableObjects\\Configs\\Droppables\\EliteRewards.asset"
    }
}
2024-10-08 22:28:28,405 - INFO Retriever 0 - dict_keys(['read_file'])
2024-10-08 22:28:28,405 - INFO Retriever 0 - Agent主脑给出的行动：read_file
参数：{'file_path': 'D:\\Unity\\open-project-1-main\\UOP1_Project\\Assets\\ScriptableObjects\\Configs\\Droppables\\EliteRewards.asset', 'top_path': 'D:\\Unity\\open-project-1-main\\UOP1_Project\\Assets', 'return_file_sum': <bound method TreeGenerationAction.return_file_sum of <Action.tree_gen_action.TreeGenerationAction object at 0x0000019E60E5E3A0>>}
2024-10-08 22:28:28,409 - INFO Retriever 0 - Observer: 这是一个名为“EliteRewards.asset”的文件，该文件里的内容为：
MonoBehaviour:
  m_ObjectHideFlags: 0
  m_CorrespondingSourceObject:
    fileID: 0
  m_PrefabInstance:
    fileID: 0
  m_PrefabAsset:
    fileID: 0
  m_GameObject:
    fileID: 0
  m_Enabled: 1
  m_EditorHideFlags: 0
  m_Script:
    fileID: 11500000
    guid: 64cbe6eac594d2847ab007f73118655a
    type: 3
  m_Name: EliteRewards
  m_EditorClassIdentifier: None
  _scatteringDistance: 0.5
  _dropGroups:
  - _drops:
    - _item:
        fileID: 11400000
        guid: 735a41d8af06c466eb2776c3fff38307
        type: 2
      _itemDropRate: 0.5
    - _item:
        fileID: 11400000
        guid: e306cbc82b9bb4fe0a2c14a3b69c8dbc
        type: 2
      _itemDropRate: 0.5
    _dropRate: 1
  - _drops:
    - _item:
        fileID: 11400000
        guid: 5e312e3f158d6b545906c888adc3c8a4
        type: 2
      _itemDropRate: 1
    _dropRate: 0.2
2024-10-08 22:28:32,056 - INFO Retriever 0 - Agent主脑给出的回答为：{
    "deep_think": {
        "thoughts": "通过读取“EliteRewards.asset”文件的内容，我发现它与“BasicRewards.asset”文件类似，也定义了掉落物的散射距离和掉落组。这表明这两个文件可能是用来配置不同类型敌人的掉落物逻辑。为了进一步确认这些文件是否与玩家捡拾敌人掉落物的逻辑直接相关，我需要查看它们是否被引用或使用在游戏的其他脚本中。由于这些文件是ScriptableObjects，我可能会在游戏的主要管理脚本中找到对它们的引用。接下来，我将使用retrieve_keywords操作，在“D:\\Unity\\open-project-1-main\\UOP1_Project\\Assets\\Scripts”目录下检索“BasicRewards”和“EliteRewards”这两个关键词，以查找可能引用这些配置的脚本。"
    }
}
2024-10-08 22:28:32,058 - INFO Retriever 0 - 是否成功解析：True
2024-10-08 22:28:32,059 - INFO Retriever 0 - operation_type (__det_dir_action):
2024-10-08 22:28:32,059 - INFO Retriever 0 - deep_think
2024-10-08 22:28:32,059 - INFO Retriever 0 - 

——————————————————————————————————————————————————————————————————————————————————————————————————————————————————————————
2024-10-08 22:28:32,059 - INFO Retriever 0 - Assistant:
2024-10-08 22:28:32,060 - INFO Retriever 0 - {
    "deep_think": {
        "thoughts": "通过读取“EliteRewards.asset”文件的内容，我发现它与“BasicRewards.asset”文件类似，也定义了掉落物的散射距离和掉落组。这表明这两个文件可能是用来配置不同类型敌人的掉落物逻辑。为了进一步确认这些文件是否与玩家捡拾敌人掉落物的逻辑直接相关，我需要查看它们是否被引用或使用在游戏的其他脚本中。由于这些文件是ScriptableObjects，我可能会在游戏的主要管理脚本中找到对它们的引用。接下来，我将使用retrieve_keywords操作，在“D:\\Unity\\open-project-1-main\\UOP1_Project\\Assets\\Scripts”目录下检索“BasicRewards”和“EliteRewards”这两个关键词，以查找可能引用这些配置的脚本。"
    }
}
2024-10-08 22:28:32,060 - INFO Retriever 0 - dict_keys(['deep_think'])
2024-10-08 22:28:32,061 - INFO Retriever 0 - Agent主脑给出的行动：deep_think
参数：{'thoughts': '通过读取“EliteRewards.asset”文件的内容，我发现它与“BasicRewards.asset”文件类似，也定义了掉落物的散射距离和掉落组。这表明这两个文件可能是用来配置不同类型敌人的掉落物逻辑。为了进一步确认这些文件是否与玩家捡拾敌人掉落物的逻辑直接相关，我需要查看它们是否被引用或使用在游戏的其他脚本中。由于这些文件是ScriptableObjects，我可能会在游戏的主要管理脚本中找到对它们的引用。接下来，我将使用retrieve_keywords操作，在“D:\\Unity\\open-project-1-main\\UOP1_Project\\Assets\\Scripts”目录下检索“BasicRewards”和“EliteRewards”这两个关键词，以查找可能引用这些配置的脚本。', 'repeat_counter': 1, 'continue_think_counter': 1}
2024-10-08 22:28:32,061 - INFO Retriever 0 - Observer: 好的，请继续你的下一步行动或思考。
2024-10-08 22:28:35,197 - INFO Retriever 0 - Agent主脑给出的回答为：{
    "retrieve_keywords": {
        "top_path": "D:\\Unity\\open-project-1-main\\UOP1_Project\\Assets\\Scripts",
        "key_word_list": [
            "BasicRewards",
            "EliteRewards"
        ]
    }
}
2024-10-08 22:28:35,197 - INFO Retriever 0 - 是否成功解析：True
2024-10-08 22:28:35,197 - INFO Retriever 0 - operation_type (__det_dir_action):
2024-10-08 22:28:35,198 - INFO Retriever 0 - retrieve_keywords
2024-10-08 22:28:35,198 - INFO Retriever 0 - 

——————————————————————————————————————————————————————————————————————————————————————————————————————————————————————————
2024-10-08 22:28:35,198 - INFO Retriever 0 - Assistant:
2024-10-08 22:28:35,198 - INFO Retriever 0 - {
    "retrieve_keywords": {
        "top_path": "D:\\Unity\\open-project-1-main\\UOP1_Project\\Assets\\Scripts",
        "key_word_list": [
            "BasicRewards",
            "EliteRewards"
        ]
    }
}
2024-10-08 22:28:35,198 - INFO Retriever 0 - dict_keys(['retrieve_keywords'])
2024-10-08 22:28:35,198 - INFO Retriever 0 - Agent主脑给出的行动：retrieve_keywords
参数：{'top_path': 'D:\\Unity\\open-project-1-main\\UOP1_Project\\Assets\\Scripts', 'key_word_list': ['BasicRewards', 'EliteRewards'], 'return_short_sum': <bound method TreeGenerationAction.return_short_sum of <Action.tree_gen_action.TreeGenerationAction object at 0x0000019E60E5E3A0>>, 'target_file_types': ['cs', 'asset', 'txt', 'md']}
2024-10-08 22:28:35,272 - INFO Retriever 0 - Observer: 根据你提供的关键词，我未能检索到任何目录或文件中含有相应的关键词。你可以尝试提供别的关键词进行检索。
2024-10-08 22:28:38,704 - INFO Retriever 0 - Agent主脑给出的回答为：{
    "deep_think": {
        "thoughts": "由于未能检索到包含“BasicRewards”和“EliteRewards”关键词的文件或目录，我需要尝试其他方法来找到玩家捡拾敌人掉落物的逻辑。考虑到这些配置文件可能被引用或使用在游戏的主要管理脚本中，我需要检查游戏的主要管理脚本。在Unity项目中，通常有一个名为“GameManager”或“GameController”的脚本负责管理游戏的主要逻辑。接下来，我将使用retrieve_keywords操作，在“D:\\Unity\\open-project-1-main\\UOP1_Project\\Assets\\Scripts”目录下检索“GameManager”或“GameController”这两个关键词，以查找可能包含玩家捡拾敌人掉落物逻辑的脚本。"
    }
}
2024-10-08 22:28:38,704 - INFO Retriever 0 - 是否成功解析：True
2024-10-08 22:28:38,704 - INFO Retriever 0 - operation_type (__det_dir_action):
2024-10-08 22:28:38,704 - INFO Retriever 0 - deep_think
2024-10-08 22:28:38,704 - INFO Retriever 0 - 

——————————————————————————————————————————————————————————————————————————————————————————————————————————————————————————
2024-10-08 22:28:38,704 - INFO Retriever 0 - Assistant:
2024-10-08 22:28:38,704 - INFO Retriever 0 - {
    "deep_think": {
        "thoughts": "由于未能检索到包含“BasicRewards”和“EliteRewards”关键词的文件或目录，我需要尝试其他方法来找到玩家捡拾敌人掉落物的逻辑。考虑到这些配置文件可能被引用或使用在游戏的主要管理脚本中，我需要检查游戏的主要管理脚本。在Unity项目中，通常有一个名为“GameManager”或“GameController”的脚本负责管理游戏的主要逻辑。接下来，我将使用retrieve_keywords操作，在“D:\\Unity\\open-project-1-main\\UOP1_Project\\Assets\\Scripts”目录下检索“GameManager”或“GameController”这两个关键词，以查找可能包含玩家捡拾敌人掉落物逻辑的脚本。"
    }
}
2024-10-08 22:28:38,706 - INFO Retriever 0 - dict_keys(['deep_think'])
2024-10-08 22:28:38,706 - INFO Retriever 0 - Agent主脑给出的行动：deep_think
参数：{'thoughts': '由于未能检索到包含“BasicRewards”和“EliteRewards”关键词的文件或目录，我需要尝试其他方法来找到玩家捡拾敌人掉落物的逻辑。考虑到这些配置文件可能被引用或使用在游戏的主要管理脚本中，我需要检查游戏的主要管理脚本。在Unity项目中，通常有一个名为“GameManager”或“GameController”的脚本负责管理游戏的主要逻辑。接下来，我将使用retrieve_keywords操作，在“D:\\Unity\\open-project-1-main\\UOP1_Project\\Assets\\Scripts”目录下检索“GameManager”或“GameController”这两个关键词，以查找可能包含玩家捡拾敌人掉落物逻辑的脚本。', 'repeat_counter': 1, 'continue_think_counter': 1}
2024-10-08 22:28:38,706 - INFO Retriever 0 - Observer: 好的，请继续你的下一步行动或思考。
2024-10-08 22:28:40,802 - INFO Retriever 0 - Agent主脑给出的回答为：{
    "retrieve_keywords": {
        "top_path": "D:\\Unity\\open-project-1-main\\UOP1_Project\\Assets\\Scripts",
        "key_word_list": [
            "GameManager",
            "GameController"
        ]
    }
}
2024-10-08 22:28:40,803 - INFO Retriever 0 - 是否成功解析：True
2024-10-08 22:28:40,803 - INFO Retriever 0 - operation_type (__det_dir_action):
2024-10-08 22:28:40,803 - INFO Retriever 0 - retrieve_keywords
2024-10-08 22:28:40,804 - INFO Retriever 0 - 

——————————————————————————————————————————————————————————————————————————————————————————————————————————————————————————
2024-10-08 22:28:40,804 - INFO Retriever 0 - Assistant:
2024-10-08 22:28:40,804 - INFO Retriever 0 - {
    "retrieve_keywords": {
        "top_path": "D:\\Unity\\open-project-1-main\\UOP1_Project\\Assets\\Scripts",
        "key_word_list": [
            "GameManager",
            "GameController"
        ]
    }
}
2024-10-08 22:28:40,804 - INFO Retriever 0 - dict_keys(['retrieve_keywords'])
2024-10-08 22:28:40,804 - INFO Retriever 0 - Agent主脑给出的行动：retrieve_keywords
参数：{'top_path': 'D:\\Unity\\open-project-1-main\\UOP1_Project\\Assets\\Scripts', 'key_word_list': ['GameManager', 'GameController'], 'return_short_sum': <bound method TreeGenerationAction.return_short_sum of <Action.tree_gen_action.TreeGenerationAction object at 0x0000019E60E5E3A0>>, 'target_file_types': ['cs', 'asset', 'txt', 'md']}
2024-10-08 22:28:40,908 - INFO Retriever 0 - Observer: 根据你提供的关键词，我检索到以下目录或文件，它们的绝对路径如下：
1. D:\Unity\open-project-1-main\UOP1_Project\Assets\Scripts\Gameplay
## 文件夹内容精简总结
“Gameplay”文件夹汇集了Unity游戏开发的核心脚本，包括`GameManager.cs`用于管理游戏状态和事件，`GameStateSO.cs`负责跟踪和管理游戏状态变化，以及`SpawnSystem.cs`负责玩家的生成逻辑。这些脚本相互协作，共同构成了游戏的核心功能框架。

请注意，这些目录或文件可能不全都和你的任务目标相关，仅供参考。请你基于具体的文件内容概述，结合你的任务目标，认真思考分析后，优先选择最有可能与任务相关的目录或文件进行进一步的检查。
2024-10-08 22:28:43,993 - INFO Retriever 0 - Agent主脑给出的回答为：{
    "get_folder_info": {
        "target_folder_path": "D:\\Unity\\open-project-1-main\\UOP1_Project\\Assets\\Scripts\\Gameplay"
    }
}
2024-10-08 22:28:43,993 - INFO Retriever 0 - 是否成功解析：True
2024-10-08 22:28:43,993 - INFO Retriever 0 - operation_type (__det_dir_action):
2024-10-08 22:28:43,993 - INFO Retriever 0 - get_folder_info
2024-10-08 22:28:43,994 - INFO Retriever 0 - 

——————————————————————————————————————————————————————————————————————————————————————————————————————————————————————————
2024-10-08 22:28:43,994 - INFO Retriever 0 - Assistant:
2024-10-08 22:28:43,994 - INFO Retriever 0 - {
    "get_folder_info": {
        "target_folder_path": "D:\\Unity\\open-project-1-main\\UOP1_Project\\Assets\\Scripts\\Gameplay"
    }
}
2024-10-08 22:28:43,994 - INFO Retriever 0 - dict_keys(['get_folder_info'])
2024-10-08 22:28:43,994 - INFO Retriever 0 - Agent主脑给出的行动：get_folder_info
参数：{'target_folder_path': 'D:\\Unity\\open-project-1-main\\UOP1_Project\\Assets\\Scripts\\Gameplay'}
2024-10-08 22:28:44,038 - INFO Retriever 0 - Observer: 目标文件夹路径：D:\Unity\open-project-1-main\UOP1_Project\Assets\Scripts\Gameplay
文件结构树（该结构树可能不完整，仅返回深度小于等于1层的子文件以及文件夹）：
├── GameManager.cs
├── GameStateSO.cs
├── SpawnSystem.cs


其中，部分主要文件及文件夹的信息如下：
1. Gameplay
# 路径:D:/Unity/open-project-1-main/UOP1_Project\Assets\Scripts\Gameplay
# 内容概述:## 文件夹内容精简总结

“Gameplay”文件夹汇集了Unity游戏开发的核心脚本，包括`GameManager.cs`用于管理游戏状态和事件，`GameStateSO.cs`负责跟踪和管理游戏状态变化，以及`SpawnSystem.cs`负责玩家的生成逻辑。这些脚本相互协作，共同构成了游戏的核心功能框架。

2. GameManager.cs
# 路径:D:/Unity/open-project-1-main/UOP1_Project\Assets\Scripts\Gameplay\GameManager.cs
# 内容概述:`GameManager.cs` 是一个Unity游戏组件，负责游戏初始化和状态管理。它初始化游戏状态，注册事件监听器以响应特定事件（如添加配方到库存），并在游戏开始时启动游戏。主要功能模块包括初始化、事件处理和游戏启动。它定义了`StartGame`来启动游戏，以及`AddRockCandyRecipe`、`AddSweetDoughRecipe`和`AddFinalRecipes`来分别添加特定物品到库存。此外，`OnEnable`和`OnDisable`方法用于管理事件监听器的注册和注销。

3. GameStateSO.cs
# 路径:D:/Unity/open-project-1-main/UOP1_Project\Assets\Scripts\Gameplay\GameStateSO.cs
# 内容概述:该脚本定义了`GameStateSO`类，用于管理Unity游戏中的状态转换。它包含游戏状态枚举，支持如游戏进行、暂停、库存等状态，并能够处理战斗状态的触发。类中实现了添加和移除警告敌人的功能，以及更新和重置游戏状态的方法，确保在状态变化时能够触发相应的事件，从而实现状态间的平滑过渡。

4. SpawnSystem.cs
# 路径:D:/Unity/open-project-1-main/UOP1_Project\Assets\Scripts\Gameplay\SpawnSystem.cs
# 内容概述:该脚本定义了 `SpawnSystem` 类，负责管理玩家在游戏场景中的生成逻辑。它通过引用输入读取器、玩家预制体、变换锚点等资源，并在场景准备就绪时触发玩家的生成。`SpawnSystem` 在初始化时收集所有可能的生成点，并在场景激活时根据玩家的路径选择合适的生成位置来实例化玩家。此外，它还处理了事件订阅和取消订阅，确保在启用和禁用时的正确行为。


2024-10-08 22:28:48,497 - INFO Retriever 0 - Agent主脑给出的回答为：{
    "read_file": {
        "file_path": "D:\\Unity\\open-project-1-main\\UOP1_Project\\Assets\\Scripts\\Gameplay\\GameManager.cs"
    }
}
2024-10-08 22:28:48,498 - INFO Retriever 0 - 是否成功解析：True
2024-10-08 22:28:48,498 - INFO Retriever 0 - operation_type (__det_dir_action):
2024-10-08 22:28:48,498 - INFO Retriever 0 - read_file
2024-10-08 22:28:48,498 - INFO Retriever 0 - 

——————————————————————————————————————————————————————————————————————————————————————————————————————————————————————————
2024-10-08 22:28:48,499 - INFO Retriever 0 - Assistant:
2024-10-08 22:28:48,499 - INFO Retriever 0 - {
    "read_file": {
        "file_path": "D:\\Unity\\open-project-1-main\\UOP1_Project\\Assets\\Scripts\\Gameplay\\GameManager.cs"
    }
}
2024-10-08 22:28:48,499 - INFO Retriever 0 - dict_keys(['read_file'])
2024-10-08 22:28:48,499 - INFO Retriever 0 - Agent主脑给出的行动：read_file
参数：{'file_path': 'D:\\Unity\\open-project-1-main\\UOP1_Project\\Assets\\Scripts\\Gameplay\\GameManager.cs', 'top_path': 'D:\\Unity\\open-project-1-main\\UOP1_Project\\Assets', 'return_file_sum': <bound method TreeGenerationAction.return_file_sum of <Action.tree_gen_action.TreeGenerationAction object at 0x0000019E60E5E3A0>>}
2024-10-08 22:28:48,557 - INFO Retriever 0 - Observer: 这是一个名为“GameManager.cs”的文件，该文件里的内容为：
由于脚本文件内容过长，暂时仅给出该脚本文件的内容总结:
- ### 总体概述
该脚本名为“GameManager.cs”，是Unity游戏开发中的一部分，负责管理游戏的主要状态和事件。它通过模块化的方式组织代码，主要功能包括初始化游戏状态、处理事件以及管理游戏中的物品和配方。

### 模块和功能
- **初始化模块**：在`Start`和`OnEnable`方法中，脚本初始化游戏状态和注册事件监听器。
- **事件处理模块**：包含`AddRockCandyRecipe`、`AddSweetDoughRecipe`和`AddFinalRecipes`方法，用于响应特定事件并添加物品到库存。
- **游戏开始模块**：`StartGame`方法用于启动游戏，更新游戏状态并开始游戏进程。

### 类和函数
- **类**：`GameManager`继承自`MonoBehaviour`，是Unity中的组件类。
  - **函数**：
    - `StartGame()`：启动游戏，设置游戏状态并开始游戏。
    - `AddRockCandyRecipe()`：添加“Rock Candy Recipe”到库存。
    - `AddSweetDoughRecipe()`：添加“Sweet Dough Recipe”到库存。
    - `AddFinalRecipes()`：将所有“Final Recipes”添加到库存。
    - `OnEnable()`和`OnDisable()`：用于注册和注销事件监听器。

### 实现逻辑
1. 在`Start`方法中调用`StartGame`来初始化游戏。
2. 在`OnEnable`中注册事件监听器，以便在特定事件发生时执行相应的函数。
3. `AddRockCandyRecipe`、`AddSweetDoughRecipe`和`AddFinalRecipes`根据事件触发添加相应的物品到库存。
4. `StartGame`方法中，更新游戏状态为游戏进行中，并启动游戏进程。
2024-10-08 22:28:55,244 - INFO Retriever 0 - Agent主脑给出的回答为：状态更新模块：`StartGame`方法用于启动游戏，更新游戏状态并开始游戏进程。
2024-10-08 22:28:55,244 - INFO Retriever 0 - 是否成功解析：True
2024-10-08 22:28:55,244 - INFO Retriever 0 - operation_type (__det_dir_action):
2024-10-08 22:28:55,246 - INFO Retriever 0 - 状态更新模块
2024-10-08 22:28:55,246 - INFO Retriever 0 - 

——————————————————————————————————————————————————————————————————————————————————————————————————————————————————————————
2024-10-08 22:28:55,246 - INFO Retriever 0 - Assistant:
2024-10-08 22:28:55,246 - INFO Retriever 0 - {
  "状态更新模块": "StartGame方法用于启动游戏，更新游戏状态并开始游戏进程。"
}
2024-10-08 22:28:55,247 - INFO Retriever 0 - dict_keys(['状态更新模块'])
2024-10-08 22:28:55,247 - WARNING Retriever 0 - 你给出的操作类型不属于指定的操作类型。可以进行的操作类型有：['get_folder_info', 'read_file', 'read_long_details', 'retrieve_keywords', 'deep_think']，请重新给出你的操作。
2024-10-08 22:29:01,558 - INFO Retriever 0 - Agent主脑给出的回答为：{
    "deep_think": {
        "thoughts": "通过阅读“GameManager.cs”文件的内容，我了解到这个脚本负责管理游戏的主要状态和事件，包括初始化游戏状态、处理事件以及管理游戏中的物品和配方。虽然这个脚本看起来与游戏的整体管理有关，但并没有直接提到玩家捡拾敌人掉落物的逻辑。因此，我需要继续查找其他可能包含相关逻辑的脚本。接下来，我将使用read_file操作，读取“GameStateSO.cs”文件的内容，以获取更详细的信息。"
    }
}
2024-10-08 22:29:01,558 - INFO Retriever 0 - 是否成功解析：True
2024-10-08 22:29:01,559 - INFO Retriever 0 - operation_type (__det_dir_action):
2024-10-08 22:29:01,559 - INFO Retriever 0 - deep_think
2024-10-08 22:29:01,559 - INFO Retriever 0 - 

——————————————————————————————————————————————————————————————————————————————————————————————————————————————————————————
2024-10-08 22:29:01,559 - INFO Retriever 0 - Assistant:
2024-10-08 22:29:01,559 - INFO Retriever 0 - {
    "deep_think": {
        "thoughts": "通过阅读“GameManager.cs”文件的内容，我了解到这个脚本负责管理游戏的主要状态和事件，包括初始化游戏状态、处理事件以及管理游戏中的物品和配方。虽然这个脚本看起来与游戏的整体管理有关，但并没有直接提到玩家捡拾敌人掉落物的逻辑。因此，我需要继续查找其他可能包含相关逻辑的脚本。接下来，我将使用read_file操作，读取“GameStateSO.cs”文件的内容，以获取更详细的信息。"
    }
}
2024-10-08 22:29:01,559 - INFO Retriever 0 - dict_keys(['deep_think'])
2024-10-08 22:29:01,560 - INFO Retriever 0 - Agent主脑给出的行动：deep_think
参数：{'thoughts': '通过阅读“GameManager.cs”文件的内容，我了解到这个脚本负责管理游戏的主要状态和事件，包括初始化游戏状态、处理事件以及管理游戏中的物品和配方。虽然这个脚本看起来与游戏的整体管理有关，但并没有直接提到玩家捡拾敌人掉落物的逻辑。因此，我需要继续查找其他可能包含相关逻辑的脚本。接下来，我将使用read_file操作，读取“GameStateSO.cs”文件的内容，以获取更详细的信息。', 'repeat_counter': 1, 'continue_think_counter': 1}
2024-10-08 22:29:01,560 - INFO Retriever 0 - Observer: 好的，请继续你的下一步行动或思考。
2024-10-08 22:29:43,077 - INFO Retriever 0 - Agent主脑给出的回答为：{
    "read_file": {
        "file_path": "D:\\Unity\\open-project-1-main\\UOP1_Project\\Assets\\Scripts\\Gameplay\\GameStateSO.cs"
    }
}
2024-10-08 22:29:43,079 - INFO Retriever 0 - 是否成功解析：True
2024-10-08 22:29:43,079 - INFO Retriever 0 - operation_type (__det_dir_action):
2024-10-08 22:29:43,079 - INFO Retriever 0 - read_file
2024-10-08 22:29:43,079 - INFO Retriever 0 - 

——————————————————————————————————————————————————————————————————————————————————————————————————————————————————————————
2024-10-08 22:29:43,079 - INFO Retriever 0 - Assistant:
2024-10-08 22:29:43,079 - INFO Retriever 0 - {
    "read_file": {
        "file_path": "D:\\Unity\\open-project-1-main\\UOP1_Project\\Assets\\Scripts\\Gameplay\\GameStateSO.cs"
    }
}
2024-10-08 22:29:43,081 - INFO Retriever 0 - dict_keys(['read_file'])
2024-10-08 22:29:43,081 - INFO Retriever 0 - Agent主脑给出的行动：read_file
参数：{'file_path': 'D:\\Unity\\open-project-1-main\\UOP1_Project\\Assets\\Scripts\\Gameplay\\GameStateSO.cs', 'top_path': 'D:\\Unity\\open-project-1-main\\UOP1_Project\\Assets', 'return_file_sum': <bound method TreeGenerationAction.return_file_sum of <Action.tree_gen_action.TreeGenerationAction object at 0x0000019E60E5E3A0>>}
2024-10-08 22:29:43,122 - INFO Retriever 0 - Observer: 这是一个名为“GameStateSO.cs”的文件，该文件里的内容为：
由于脚本文件内容过长，暂时仅给出该脚本文件的内容总结:
- ### 总体概述
该脚本名为“GameStateSO.cs”，属于Unity游戏开发环境中的C#代码。它定义了一个名为`GameStateSO`的类，用于管理游戏状态，包括当前状态、上一个状态以及与战斗状态相关的逻辑。该脚本的主要功能是跟踪游戏状态的变化，并在状态变化时触发事件。

### 模块和功能
- **游戏状态枚举**：定义了游戏可能的状态，如游戏进行、暂停、库存、对话、场景转换和战斗。
- **状态管理**：跟踪当前和上一个游戏状态，并允许状态之间的转换。
- **战斗状态事件**：当游戏进入或退出战斗状态时，触发事件通知其他系统。

### 类和函数
- **GameState**：枚举，定义了游戏的所有可能状态。
- **GameStateSO**：类，包含以下主要函数：
  - `AddAlertEnemy`：添加一个敌人到警告列表，并更新游戏状态为战斗。
  - `RemoveAlertEnemy`：从警告列表中移除一个敌人，并根据列表是否为空更新游戏状态。
  - `UpdateGameState`：更新当前游戏状态，并在必要时触发战斗状态事件。
  - `ResetToPreviousGameState`：将游戏状态重置为上一个状态。

### 实现逻辑
- `GameStateSO`类初始化时创建一个空的敌人警告列表。
- `AddAlertEnemy`和`RemoveAlertEnemy`函数用于管理敌人警告列表，并相应地更新游戏状态。
- `UpdateGameState`函数检查新状态是否与当前状态相同，并在必要时触发事件。
- `ResetToPreviousGameState`函数将游戏状态重置为上一个状态，并处理战斗状态事件的触发。
2024-10-08 22:29:49,242 - INFO Retriever 0 - Agent主脑给出的回答为：{
    "deep_think": {
        "thoughts": "通过阅读“GameStateSO.cs”文件的内容，我了解到这个脚本负责管理游戏状态，包括当前状态、上一个状态以及与战斗状态相关的逻辑。虽然这个脚本看起来与游戏的状态管理有关，但并没有直接提到玩家捡拾敌人掉落物的逻辑。因此，我需要继续查找其他可能包含相关逻辑的脚本。接下来，我将使用read_file操作，读取“SpawnSystem.cs”文件的内容，以获取更详细的信息。"
    }
}
2024-10-08 22:29:49,242 - INFO Retriever 0 - 是否成功解析：True
2024-10-08 22:29:49,243 - INFO Retriever 0 - operation_type (__det_dir_action):
2024-10-08 22:29:49,243 - INFO Retriever 0 - deep_think
2024-10-08 22:29:49,243 - INFO Retriever 0 - 

——————————————————————————————————————————————————————————————————————————————————————————————————————————————————————————
2024-10-08 22:29:49,243 - INFO Retriever 0 - Assistant:
2024-10-08 22:29:49,243 - INFO Retriever 0 - {
    "deep_think": {
        "thoughts": "通过阅读“GameStateSO.cs”文件的内容，我了解到这个脚本负责管理游戏状态，包括当前状态、上一个状态以及与战斗状态相关的逻辑。虽然这个脚本看起来与游戏的状态管理有关，但并没有直接提到玩家捡拾敌人掉落物的逻辑。因此，我需要继续查找其他可能包含相关逻辑的脚本。接下来，我将使用read_file操作，读取“SpawnSystem.cs”文件的内容，以获取更详细的信息。"
    }
}
2024-10-08 22:29:49,243 - INFO Retriever 0 - dict_keys(['deep_think'])
2024-10-08 22:29:49,244 - INFO Retriever 0 - Agent主脑给出的行动：deep_think
参数：{'thoughts': '通过阅读“GameStateSO.cs”文件的内容，我了解到这个脚本负责管理游戏状态，包括当前状态、上一个状态以及与战斗状态相关的逻辑。虽然这个脚本看起来与游戏的状态管理有关，但并没有直接提到玩家捡拾敌人掉落物的逻辑。因此，我需要继续查找其他可能包含相关逻辑的脚本。接下来，我将使用read_file操作，读取“SpawnSystem.cs”文件的内容，以获取更详细的信息。', 'repeat_counter': 1, 'continue_think_counter': 1}
2024-10-08 22:29:49,244 - INFO Retriever 0 - Observer: 好的，请继续你的下一步行动或思考。
2024-10-08 22:29:53,779 - INFO Retriever 0 - Agent主脑给出的回答为：{
    "read_file": {
        "file_path": "D:\\Unity\\open-project-1-main\\UOP1_Project\\Assets\\Scripts\\Gameplay\\SpawnSystem.cs"
    }
}
2024-10-08 22:29:53,779 - INFO Retriever 0 - 是否成功解析：True
2024-10-08 22:29:53,779 - INFO Retriever 0 - operation_type (__det_dir_action):
2024-10-08 22:29:53,780 - INFO Retriever 0 - read_file
2024-10-08 22:29:53,780 - INFO Retriever 0 - 

——————————————————————————————————————————————————————————————————————————————————————————————————————————————————————————
2024-10-08 22:29:53,780 - INFO Retriever 0 - Assistant:
2024-10-08 22:29:53,780 - INFO Retriever 0 - {
    "read_file": {
        "file_path": "D:\\Unity\\open-project-1-main\\UOP1_Project\\Assets\\Scripts\\Gameplay\\SpawnSystem.cs"
    }
}
2024-10-08 22:29:53,780 - INFO Retriever 0 - dict_keys(['read_file'])
2024-10-08 22:29:53,781 - INFO Retriever 0 - Agent主脑给出的行动：read_file
参数：{'file_path': 'D:\\Unity\\open-project-1-main\\UOP1_Project\\Assets\\Scripts\\Gameplay\\SpawnSystem.cs', 'top_path': 'D:\\Unity\\open-project-1-main\\UOP1_Project\\Assets', 'return_file_sum': <bound method TreeGenerationAction.return_file_sum of <Action.tree_gen_action.TreeGenerationAction object at 0x0000019E60E5E3A0>>}
2024-10-08 22:29:53,839 - INFO Retriever 0 - Observer: 这是一个名为“SpawnSystem.cs”的文件，该文件里的内容为：
由于脚本文件内容过长，暂时仅给出该脚本文件的内容总结:
- ### 脚本内容总结

#### 1. 总体概述
- **框架和模块化结构**：脚本定义了一个名为 `SpawnSystem` 的类，该类继承自 `MonoBehaviour`，用于管理玩家的生成逻辑。
- **主要功能和目标**：脚本的主要功能是在场景准备好时，根据玩家的路径选择合适的生成位置，并实例化玩家预制体。

#### 2. 模块和功能
- **模块**：
  - **Asset References**：引用输入读取器、玩家预制体、变换锚点、事件通道和路径存储。
  - **Scene Ready Event**：场景准备就绪事件。
  - **Spawn Logic**：生成玩家的逻辑。
- **功能**：
  - 查找场景中的生成点。
  - 根据玩家的路径选择生成位置。
  - 实例化玩家预制体。
  - 通知其他系统玩家已生成。

#### 3. 类和函数
- **类**：
  - `SpawnSystem`：管理玩家生成的类。
- **函数**：
  - `Awake()`：初始化时调用，查找所有 `LocationEntrance` 对象和默认生成点。
  - `OnEnable()`：启用时调用，订阅场景准备就绪事件。
  - `OnDisable()`：禁用时调用，取消订阅场景准备就绪事件并重置变换锚点。
  - `GetSpawnLocation()`：获取生成位置。
  - `SpawnPlayer()`：根据场景准备就绪事件生成玩家。

#### 4. 实现逻辑
- **逻辑流程**：
  1. 在 `Awake()` 中初始化生成点。
  2. 在 `OnEnable()` 中订阅场景准备就绪事件。
  3. 当场景准备就绪事件被触发时，`SpawnPlayer()` 被调用。
  4. `SpawnPlayer()` 获取生成位置，实例化玩家预制体，并通知其他系统。
  5. 在 `OnDisable()` 中取消订阅事件并重置变换锚点。
2024-10-08 22:30:14,679 - INFO Retriever 0 - Agent主脑给出的回答为：{
    "deep_think": {
        "thoughts": "通过阅读“SpawnSystem.cs”文件的内容，我了解到这个脚本负责管理玩家的生成逻辑，包括在场景准备好时，根据玩家的路径选择合适的生成位置，并实例化玩家预制体。虽然这个脚本看起来与玩家的生成有关，但并没有直接提到玩家捡拾敌人掉落物的逻辑。因此，我需要继续查找其他可能包含相关逻辑的脚本。由于我之前已经检查了“GameManager.cs”、“GameStateSO.cs”和“SpawnSystem.cs”这三个文件，并且没有找到直接相关的逻辑，我需要考虑是否还有其他脚本可能包含玩家捡拾敌人掉落物的逻辑。接下来，我将使用retrieve_keywords操作，在“D:\\Unity\\open-project-1-main\\UOP1_Project\\Assets\\Scripts”目录下检索“collect”、“pick up”和“drop”这三个关键词，以查找可能包含相关逻辑的脚本。"
    }
}
2024-10-08 22:30:14,680 - INFO Retriever 0 - 是否成功解析：True
2024-10-08 22:30:14,680 - INFO Retriever 0 - operation_type (__det_dir_action):
2024-10-08 22:30:14,680 - INFO Retriever 0 - deep_think
2024-10-08 22:30:14,680 - INFO Retriever 0 - 

——————————————————————————————————————————————————————————————————————————————————————————————————————————————————————————
2024-10-08 22:30:14,681 - INFO Retriever 0 - Assistant:
2024-10-08 22:30:14,681 - INFO Retriever 0 - {
    "deep_think": {
        "thoughts": "通过阅读“SpawnSystem.cs”文件的内容，我了解到这个脚本负责管理玩家的生成逻辑，包括在场景准备好时，根据玩家的路径选择合适的生成位置，并实例化玩家预制体。虽然这个脚本看起来与玩家的生成有关，但并没有直接提到玩家捡拾敌人掉落物的逻辑。因此，我需要继续查找其他可能包含相关逻辑的脚本。由于我之前已经检查了“GameManager.cs”、“GameStateSO.cs”和“SpawnSystem.cs”这三个文件，并且没有找到直接相关的逻辑，我需要考虑是否还有其他脚本可能包含玩家捡拾敌人掉落物的逻辑。接下来，我将使用retrieve_keywords操作，在“D:\\Unity\\open-project-1-main\\UOP1_Project\\Assets\\Scripts”目录下检索“collect”、“pick up”和“drop”这三个关键词，以查找可能包含相关逻辑的脚本。"
    }
}
2024-10-08 22:30:14,681 - INFO Retriever 0 - dict_keys(['deep_think'])
2024-10-08 22:30:14,682 - INFO Retriever 0 - Agent主脑给出的行动：deep_think
参数：{'thoughts': '通过阅读“SpawnSystem.cs”文件的内容，我了解到这个脚本负责管理玩家的生成逻辑，包括在场景准备好时，根据玩家的路径选择合适的生成位置，并实例化玩家预制体。虽然这个脚本看起来与玩家的生成有关，但并没有直接提到玩家捡拾敌人掉落物的逻辑。因此，我需要继续查找其他可能包含相关逻辑的脚本。由于我之前已经检查了“GameManager.cs”、“GameStateSO.cs”和“SpawnSystem.cs”这三个文件，并且没有找到直接相关的逻辑，我需要考虑是否还有其他脚本可能包含玩家捡拾敌人掉落物的逻辑。接下来，我将使用retrieve_keywords操作，在“D:\\Unity\\open-project-1-main\\UOP1_Project\\Assets\\Scripts”目录下检索“collect”、“pick up”和“drop”这三个关键词，以查找可能包含相关逻辑的脚本。', 'repeat_counter': 1, 'continue_think_counter': 1}
2024-10-08 22:30:14,682 - INFO Retriever 0 - Observer: 好的，请继续你的下一步行动或思考。
2024-10-08 22:30:19,872 - INFO Retriever 0 - Agent主脑给出的回答为：{
    "retrieve_keywords": {
        "top_path": "D:\\Unity\\open-project-1-main\\UOP1_Project\\Assets\\Scripts",
        "key_word_list": [
            "collect",
            "pick up",
            "drop"
        ]
    }
}
2024-10-08 22:30:19,872 - INFO Retriever 0 - 是否成功解析：True
2024-10-08 22:30:19,872 - INFO Retriever 0 - operation_type (__det_dir_action):
2024-10-08 22:30:19,873 - INFO Retriever 0 - retrieve_keywords
2024-10-08 22:30:19,873 - INFO Retriever 0 - 

——————————————————————————————————————————————————————————————————————————————————————————————————————————————————————————
2024-10-08 22:30:19,873 - INFO Retriever 0 - Assistant:
2024-10-08 22:30:19,873 - INFO Retriever 0 - {
    "retrieve_keywords": {
        "top_path": "D:\\Unity\\open-project-1-main\\UOP1_Project\\Assets\\Scripts",
        "key_word_list": [
            "collect",
            "pick up",
            "drop"
        ]
    }
}
2024-10-08 22:30:19,874 - INFO Retriever 0 - dict_keys(['retrieve_keywords'])
2024-10-08 22:30:19,874 - INFO Retriever 0 - Agent主脑给出的行动：retrieve_keywords
参数：{'top_path': 'D:\\Unity\\open-project-1-main\\UOP1_Project\\Assets\\Scripts', 'key_word_list': ['collect', 'pick up', 'drop'], 'return_short_sum': <bound method TreeGenerationAction.return_short_sum of <Action.tree_gen_action.TreeGenerationAction object at 0x0000019E60E5E3A0>>, 'target_file_types': ['cs', 'asset', 'txt', 'md']}
2024-10-08 22:30:20,315 - INFO Retriever 0 - Observer: 根据你提供的关键词，我检索到以下目录或文件，它们的绝对路径如下：
1. D:\Unity\open-project-1-main\UOP1_Project\Assets\Scripts\Characters
“Characters”文件夹汇集了Unity游戏开发中角色相关的脚本资源，包括角色配置（如攻击、奖励、效果和NPC移动）、状态机逻辑、音频处理以及角色行为控制。文件夹内分为多个子目录，如Config存储角色配置脚本，StateMachine包含构建游戏逻辑的脚本，Audio则专注于角色音效。此外，Attack、Attacker、Critter等脚本负责角色具体行为，而NPC、Protagonist等则涉及角色状态和交互。整体上，这些脚本相互协作，共同构成了游戏中的角色系统。

2. D:\Unity\open-project-1-main\UOP1_Project\Assets\Scripts\UI
“UI”文件夹汇集了Unity游戏开发中用于构建和管理用户界面的关键脚本。它涵盖了对话系统、库存管理、设置界面、加载界面、信用屏幕、通用按钮、健康条、心形显示、交互面板、主菜单、暂停界面、弹窗以及旋转动画等多个方面。这些脚本通过事件和函数调用相互协作，确保了游戏UI的完整性和交互性，共同构成了游戏流程中的关键用户界面元素。

3. D:\Unity\open-project-1-main\UOP1_Project\Assets\Scripts\Quests
### 文件夹内容概览
“Quests”文件夹是Unity游戏开发的核心资源集，专注于任务和对话系统的设计。它包含角色图像、UI布局文件、编辑器脚本和可序列化对象，如任务、任务线和步骤的数据结构。文件夹内分为资源管理、编辑器配置、脚本对象和任务管理器，确保了从资源编辑到任务流程控制的连贯性。关键文件如“QuestManagerSO.cs”和“StepController.cs”负责任务流程和对话步骤的管理，而“Resources”和“ScriptableObjects”则提供了必要的配置和数据支持。

4. D:\Unity\open-project-1-main\UOP1_Project\Assets\Scripts\Localization\Editor
“Editor”文件夹汇集了两个Unity编辑器插件脚本，旨在实现TextMeshProUGUI组件的本地化。其中，`LocalizeComponent_TMProFont.cs` 脚本负责文本和字体的本地化设置，提供静态方法和事件监听器；而 `LocalizeTMProFontEvent.cs` 脚本则专注于本地化字体资产，包含本地化类和事件处理逻辑，与前者协同工作以实现字体资产的本地化更新。

5. D:\Unity\open-project-1-main\UOP1_Project\Assets\Scripts\Dialogues
“Dialogues”文件夹汇集了Unity对话系统的核心组件，包括扩展Locale系统的CustomMetadata.cs脚本，用于创建和管理角色的ActorSO.cs，定义对话数据的DialogueDataSO.cs，负责对话逻辑的DialogueManager.cs，以及触发对话的DialogueTrigger.cs。这些文件协同工作，为游戏提供丰富且动态的对话体验。

6. D:\Unity\open-project-1-main\UOP1_Project\Assets\Scripts\Pool
### 文件夹内容概览
“Pool”文件夹汇集了Unity游戏开发中用于粒子系统和对象池管理的脚本与配置文件。包含粒子系统配置、全局粒子池定义、对象池测试脚本以及对象池和组件池的管理脚本。这些资源旨在优化游戏性能和资源利用，通过对象池机制提高资源重用效率，并支持粒子系统的灵活配置和测试。

7. D:\Unity\open-project-1-main\UOP1_Project\Assets\Scripts\Audio
“Audio”文件夹汇集了Unity游戏音频开发的关键脚本，包括音频配置管理（如`AudioConfigurationSO.cs`）、音频剪辑播放控制（`AudioCueSO.cs`）、以及音频效果的管理和播放（`SoundEmitters`子文件夹）。其中，`AudioManager.cs`负责全面音频控制，而`MusicPlayer.cs`专注于音乐播放。此外，`AudioConfigApplier.cs`确保音频配置的即时应用，`AudioCue.cs`和`AudioCueOnTriggerEnter.cs`则处理音频事件和触发器逻辑，而`OrientListener.cs`则同步游戏对象与相机方向。这些脚本协同工作，为游戏提供丰富且高效的音频体验。

8. D:\Unity\open-project-1-main\UOP1_Project\Assets\Scripts\Inventory
### 文件夹内容总结
“Inventory”文件夹汇集了Unity游戏开发中用于管理游戏内物品、库存、食谱和类型数据的脚本。核心脚本包括定义库存、物品类型、食谱和本地化信息的ScriptableObject类，以及处理可收集物品动画和状态的CollectableItem类。InventoryManager类负责库存管理，包括物品的增减和事件监听。此外，ItemInstance和ItemPicker类分别提供对物品实例的访问和选择项目的能力，而ItemStack类用于表示和管理物品堆叠。这些脚本相互协作，共同构建了一个模块化和可扩展的游戏内容管理系统。

9. D:\Unity\open-project-1-main\UOP1_Project\Assets\Scripts\Systems\Settings
“Settings”文件夹汇集了用于管理Unity游戏设置的核心组件。其中，`SettingsSO.cs`定义了存储游戏设置（如音量、分辨率和语言）的`SettingsSO`类。`SettingsSystem.cs`则负责加载、保存和应用这些设置，同时通过事件通道处理设置变更。此外，`UISettingsAudioComponent.cs`、`UISettingsGraphicsComponent.cs`和`UISettingsLanguageComponent.cs`分别管理音量、图形和语言的用户界面设置，它们与`SettingsSystem.cs`协同工作，确保用户界面与游戏设置的一致性。整体上，这些组件共同构成了一个模块化且易于管理的游戏设置系统。

10. D:\Unity\open-project-1-main\UOP1_Project\Assets\Scripts\EditorTools\Editor\SceneSelector
“SceneSelector”文件夹汇集了Unity编辑器中场景选择器的相关脚本。其中，`ColorSelectorWindow.cs`负责实现颜色选择器窗口，`Data.cs`管理场景项数据，`Helper.cs`提供辅助功能，`PreferencesWindow.cs`则创建偏好设置窗口。这些脚本相互协作，共同构成了一个集场景选择、颜色配置和偏好设置于一体的编辑器工具，旨在提升Unity项目中的场景管理效率。

请注意，这些目录或文件可能不全都和你的任务目标相关，仅供参考。请你基于具体的文件内容概述，结合你的任务目标，认真思考分析后，优先选择最有可能与任务相关的目录或文件进行进一步的检查。
2024-10-08 22:30:25,162 - INFO Retriever 0 - Agent主脑给出的回答为：{
    "deep_think": {
        "thoughts": "根据检索到的关键词，我注意到“Inventory”文件夹和“Systems”文件夹可能包含玩家捡拾敌人掉落物的逻辑。特别是“Inventory”文件夹，它汇集了用于管理游戏内物品、库存、食谱和类型数据的脚本。这很可能包含了玩家捡拾物品的逻辑。接下来，我将使用get_folder_info操作，获取“Inventory”文件夹下的文件信息，以便进一步分析。"
    }
}
2024-10-08 22:30:25,163 - INFO Retriever 0 - 是否成功解析：True
2024-10-08 22:30:25,163 - INFO Retriever 0 - operation_type (__det_dir_action):
2024-10-08 22:30:25,163 - INFO Retriever 0 - deep_think
2024-10-08 22:30:25,163 - INFO Retriever 0 - 

——————————————————————————————————————————————————————————————————————————————————————————————————————————————————————————
2024-10-08 22:30:25,164 - INFO Retriever 0 - Assistant:
2024-10-08 22:30:25,164 - INFO Retriever 0 - {
    "deep_think": {
        "thoughts": "根据检索到的关键词，我注意到“Inventory”文件夹和“Systems”文件夹可能包含玩家捡拾敌人掉落物的逻辑。特别是“Inventory”文件夹，它汇集了用于管理游戏内物品、库存、食谱和类型数据的脚本。这很可能包含了玩家捡拾物品的逻辑。接下来，我将使用get_folder_info操作，获取“Inventory”文件夹下的文件信息，以便进一步分析。"
    }
}
2024-10-08 22:30:25,164 - INFO Retriever 0 - dict_keys(['deep_think'])
2024-10-08 22:30:25,165 - INFO Retriever 0 - Agent主脑给出的行动：deep_think
参数：{'thoughts': '根据检索到的关键词，我注意到“Inventory”文件夹和“Systems”文件夹可能包含玩家捡拾敌人掉落物的逻辑。特别是“Inventory”文件夹，它汇集了用于管理游戏内物品、库存、食谱和类型数据的脚本。这很可能包含了玩家捡拾物品的逻辑。接下来，我将使用get_folder_info操作，获取“Inventory”文件夹下的文件信息，以便进一步分析。', 'repeat_counter': 1, 'continue_think_counter': 1}
2024-10-08 22:30:25,165 - INFO Retriever 0 - Observer: 好的，请继续你的下一步行动或思考。
2024-10-08 22:30:27,709 - INFO Retriever 0 - Agent主脑给出的回答为：{
    "get_folder_info": {
        "target_folder_path": "D:\\Unity\\open-project-1-main\\UOP1_Project\\Assets\\Scripts\\Inventory"
    }
}
2024-10-08 22:30:27,709 - INFO Retriever 0 - 是否成功解析：True
2024-10-08 22:30:27,709 - INFO Retriever 0 - operation_type (__det_dir_action):
2024-10-08 22:30:27,709 - INFO Retriever 0 - get_folder_info
2024-10-08 22:30:27,709 - INFO Retriever 0 - 

——————————————————————————————————————————————————————————————————————————————————————————————————————————————————————————
2024-10-08 22:30:27,709 - INFO Retriever 0 - Assistant:
2024-10-08 22:30:27,709 - INFO Retriever 0 - {
    "get_folder_info": {
        "target_folder_path": "D:\\Unity\\open-project-1-main\\UOP1_Project\\Assets\\Scripts\\Inventory"
    }
}
2024-10-08 22:30:27,711 - INFO Retriever 0 - dict_keys(['get_folder_info'])
2024-10-08 22:30:27,711 - INFO Retriever 0 - Agent主脑给出的行动：get_folder_info
参数：{'target_folder_path': 'D:\\Unity\\open-project-1-main\\UOP1_Project\\Assets\\Scripts\\Inventory'}
2024-10-08 22:30:27,759 - INFO Retriever 0 - Observer: 目标文件夹路径：D:\Unity\open-project-1-main\UOP1_Project\Assets\Scripts\Inventory
文件结构树（该结构树可能不完整，仅返回深度小于等于1层的子文件以及文件夹）：
├── CollectableItem.cs
├── InventoryManager.cs
├── ItemInstance.cs
├── ItemPicker.cs
├── ItemStack.cs
├── ScriptableObjects
│   ├── InventorySO.cs
│   ├── InventoryTabSO.cs
│   ├── ItemRecipeSO.cs
│   ├── ItemSO.cs
│   ├── ItemTypeSO.cs
│   ├── LocalizedItemSO.cs


其中，部分主要文件及文件夹的信息如下：
1. Inventory
# 路径:D:/Unity/open-project-1-main/UOP1_Project\Assets\Scripts\Inventory
# 内容概述:### 文件夹内容总结

“Inventory”文件夹汇集了Unity游戏开发中用于管理游戏内物品、库存、食谱和类型数据的脚本。核心脚本包括定义库存、物品类型、食谱和本地化信息的ScriptableObject类，以及处理可收集物品动画和状态的CollectableItem类。InventoryManager类负责库存管理，包括物品的增减和事件监听。此外，ItemInstance和ItemPicker类分别提供对物品实例的访问和选择项目的能力，而ItemStack类用于表示和管理物品堆叠。这些脚本相互协作，共同构建了一个模块化和可扩展的游戏内容管理系统。

2. ScriptableObjects
# 路径:D:/Unity/open-project-1-main/UOP1_Project\Assets\Scripts\Inventory\ScriptableObjects
# 内容概述:该“ScriptableObjects”文件夹汇集了Unity项目中用于管理游戏内物品、库存和食谱的脚本文件。核心类包括`InventorySO`，用于物品库存管理，以及`ItemSO`，作为物品信息的基类。此外，`ItemRecipeSO`负责食谱资产的创建，`ItemTypeSO`定义了物品类型，而`LocalizedItemSO`则处理物品的本地化信息。这些脚本通过ScriptableObject接口实现，便于在Unity编辑器中配置，共同构成了游戏内容的模块化框架。

3. CollectableItem.cs
# 路径:D:/Unity/open-project-1-main/UOP1_Project\Assets\Scripts\Inventory\CollectableItem.cs
# 内容概述:该脚本定义了Unity中的`CollectableItem`类，用于管理可收集物品的动画和状态。类中包含`Start()`方法初始化动画，`GetItem()`和`SetItem(ItemSO item)`方法用于获取和设置物品状态，以及`AnimateItem()`方法通过DOTween库实现物品的旋转动画。

4. InventoryManager.cs
# 路径:D:/Unity/open-project-1-main/UOP1_Project\Assets\Scripts\Inventory\InventoryManager.cs
# 内容概述:InventoryManager.cs 是一个Unity游戏中的库存管理类，负责处理物品的添加、移除、使用和装备等事件。该类通过监听多个事件通道（如烹饪、使用、装备等）来响应游戏中的库存变化。主要功能包括在事件触发时更新库存，并通过SaveSystem组件确保库存数据在每次更改后保存至磁盘。脚本中定义了事件响应函数，如`AddItem`、`RemoveItem`等，以及处理特定事件的函数，如`CookRecipeEventRaised`用于烹饪事件。

5. ItemInstance.cs
# 路径:D:/Unity/open-project-1-main/UOP1_Project\Assets\Scripts\Inventory\ItemInstance.cs
# 内容概述:`ItemInstance.cs`脚本定义了一个Unity组件类，用于存储和提供对`ItemSO`（Item ScriptableObject）对象的访问。该类包含一个私有字段`_item`和一个公共属性`Item`，后者允许外部代码获取或设置存储的`ItemSO`实例。脚本本身结构简单，不包含方法，主要功能是实现物品实例的数据封装。

6. ItemPicker.cs
# 路径:D:/Unity/open-project-1-main/UOP1_Project\Assets\Scripts\Inventory\ItemPicker.cs
# 内容概述:该脚本是一个Unity组件`ItemPicker`，继承自`MonoBehaviour`，负责在Unity环境中选择项目并通过事件广播选择结果。主要功能是通过`PickItem`方法接收项目对象，并在配置的事件通道有效时触发事件，供其他组件监听。脚本中定义了一个公共方法`PickItem`，用于选择项目并广播事件。

7. ItemStack.cs
# 路径:D:/Unity/open-project-1-main/UOP1_Project\Assets\Scripts\Inventory\ItemStack.cs
# 内容概述:`ItemStack.cs` 文件定义了一个 `ItemStack` 类，用于表示游戏中的物品堆叠。该类包含一个 `ItemSO` 类型的私有字段 `_item` 来存储物品，以及一个公共属性 `Item` 用于访问它。类还包含一个整型公共属性 `Amount` 来表示物品的数量。`ItemStack` 类有三个构造函数：一个默认构造函数初始化为空物品和数量，一个复制构造函数用于创建与现有堆叠相同的副本，以及一个参数化构造函数允许指定具体的物品和数量。


2024-10-08 22:30:31,193 - INFO Retriever 0 - Agent主脑给出的回答为：{
    "read_file": {
        "file_path": "D:\\Unity\\open-project-1-main\\UOP1_Project\\Assets\\Scripts\\Inventory\\CollectableItem.cs"
    }
}
2024-10-08 22:30:31,193 - INFO Retriever 0 - 是否成功解析：True
2024-10-08 22:30:31,193 - INFO Retriever 0 - operation_type (__det_dir_action):
2024-10-08 22:30:31,193 - INFO Retriever 0 - read_file
2024-10-08 22:30:31,193 - INFO Retriever 0 - 

——————————————————————————————————————————————————————————————————————————————————————————————————————————————————————————
2024-10-08 22:30:31,195 - INFO Retriever 0 - Assistant:
2024-10-08 22:30:31,195 - INFO Retriever 0 - {
    "read_file": {
        "file_path": "D:\\Unity\\open-project-1-main\\UOP1_Project\\Assets\\Scripts\\Inventory\\CollectableItem.cs"
    }
}
2024-10-08 22:30:31,195 - INFO Retriever 0 - dict_keys(['read_file'])
2024-10-08 22:30:31,195 - INFO Retriever 0 - Agent主脑给出的行动：read_file
参数：{'file_path': 'D:\\Unity\\open-project-1-main\\UOP1_Project\\Assets\\Scripts\\Inventory\\CollectableItem.cs', 'top_path': 'D:\\Unity\\open-project-1-main\\UOP1_Project\\Assets', 'return_file_sum': <bound method TreeGenerationAction.return_file_sum of <Action.tree_gen_action.TreeGenerationAction object at 0x0000019E60E5E3A0>>}
2024-10-08 22:30:31,235 - INFO Retriever 0 - Observer: 这是一个名为“CollectableItem.cs”的文件，该文件里的内容为：
由于脚本文件内容过长，暂时仅给出该脚本文件的内容总结:
- ### 总体概述
该脚本名为“CollectableItem.cs”，是Unity游戏开发环境中的一部分。它定义了一个名为`CollectableItem`的类，该类负责管理一个可收集物品的动画和状态。

### 模块和功能
- **动画模块**：负责对物品进行旋转动画。
- **物品状态管理**：允许获取和设置当前物品的状态。

### 类和函数
- **类**：`CollectableItem`
  - **作用**：管理可收集物品的动画和状态。
- **函数**：
  - `Start()`: 当游戏对象被激活时调用，启动物品的动画。
  - `GetItem()`: 返回当前物品的状态。
  - `SetItem(ItemSO item)`: 设置当前物品的状态。
  - `AnimateItem()`: 对物品执行旋转动画。

### 实现逻辑
1. 在`Start()`方法中，调用`AnimateItem()`方法来启动动画。
2. `AnimateItem()`方法检查是否有有效的物品游戏对象（_itemGO）。
3. 如果有，使用DOTween库对物品进行旋转动画，旋转180度，持续5秒，并设置为无限循环（-1次循环），循环类型为增量（LoopType.Incremental）。
2024-10-08 22:30:34,122 - INFO Retriever 0 - Agent主脑给出的回答为：{
    "read_file": {
        "file_path": "D:\\Unity\\open-project-1-main\\UOP1_Project\\Assets\\Scripts\\Inventory\\InventoryManager.cs"
    }
}
2024-10-08 22:30:34,122 - INFO Retriever 0 - 是否成功解析：True
2024-10-08 22:30:34,122 - INFO Retriever 0 - operation_type (__det_dir_action):
2024-10-08 22:30:34,123 - INFO Retriever 0 - read_file
2024-10-08 22:30:34,123 - INFO Retriever 0 - 

——————————————————————————————————————————————————————————————————————————————————————————————————————————————————————————
2024-10-08 22:30:34,123 - INFO Retriever 0 - Assistant:
2024-10-08 22:30:34,123 - INFO Retriever 0 - {
    "read_file": {
        "file_path": "D:\\Unity\\open-project-1-main\\UOP1_Project\\Assets\\Scripts\\Inventory\\InventoryManager.cs"
    }
}
2024-10-08 22:30:34,123 - INFO Retriever 0 - dict_keys(['read_file'])
2024-10-08 22:30:34,123 - INFO Retriever 0 - Agent主脑给出的行动：read_file
参数：{'file_path': 'D:\\Unity\\open-project-1-main\\UOP1_Project\\Assets\\Scripts\\Inventory\\InventoryManager.cs', 'top_path': 'D:\\Unity\\open-project-1-main\\UOP1_Project\\Assets', 'return_file_sum': <bound method TreeGenerationAction.return_file_sum of <Action.tree_gen_action.TreeGenerationAction object at 0x0000019E60E5E3A0>>}
2024-10-08 22:30:34,162 - INFO Retriever 0 - Observer: 这是一个名为“InventoryManager.cs”的文件，该文件里的内容为：
由于脚本文件内容过长，暂时仅给出该脚本文件的内容总结:
- ### 总体概述
- **框架和模块化结构**：该脚本是一个Unity游戏中的InventoryManager类，负责管理游戏内的物品库存。
- **主要功能和目标**：脚本的主要目标是处理物品的添加、移除、使用、装备等事件，并确保库存数据在每次更改后保存到磁盘。

### 模块和功能
- **事件监听**：脚本监听多个事件，如烹饪、使用、装备物品等，并在事件发生时执行相应的操作。
- **库存管理**：处理物品的增减，并确保库存数据与UI保持同步。

### 类和函数
- **InventoryManager**：主类，继承自`MonoBehaviour`，负责库存管理。
  - `_currentInventory`：当前库存。
  - `_saveSystem`：保存系统，用于将数据保存到磁盘。
  - `_cookRecipeEvent`、`_useItemEvent`等：事件通道，用于监听不同类型的物品事件。

### 实现逻辑
- **事件处理**：`OnEnable`和`OnDisable`方法用于注册和注销事件监听器。
- **物品操作**：`AddItem`、`AddItemStack`、`RemoveItem`等函数用于添加和移除物品。
- **烹饪事件**：`CookRecipeEventRaised`处理烹饪事件，包括移除所需材料并添加结果。
- **使用事件**：`UseItemEventRaised`处理使用物品事件，调用`RemoveItem`。
- **装备事件**：`EquipItemEventRaised`为装备物品事件预留，目前为空函数。
2024-10-08 22:30:36,659 - INFO Retriever 0 - Agent主脑给出的回答为：{
    "finish": "我已完成你所给出的任务需求，请你进行确认"
}
2024-10-08 22:30:36,660 - INFO Retriever 0 - 是否成功解析：True
2024-10-08 22:30:36,660 - INFO Retriever 0 - operation_type (__det_dir_action):
2024-10-08 22:30:36,660 - INFO Retriever 0 - finish
2024-10-08 22:30:36,660 - INFO Retriever 0 - 

——————————————————————————————————————————————————————————————————————————————————————————————————————————————————————————
2024-10-08 22:30:36,660 - INFO Retriever 0 - Assistant:
2024-10-08 22:30:36,660 - INFO Retriever 0 - {
    "finish": "我已完成你所给出的任务需求，请你进行确认"
}
2024-10-08 22:30:36,661 - INFO Retriever 0 - dict_keys(['finish'])
2024-10-08 22:30:36,661 - INFO Retriever 0 - ——————————————————————————————————— 任务结束 ———————————————————————————————————
2024-10-08 22:30:53,730 - INFO Retriever 0 - -------------------------Task Report-----------------------
2024-10-08 22:30:53,730 - INFO Retriever 0 - * 文件一：
    * 文件绝对路径：D:\Unity\open-project-1-main\UOP1_Project\Assets\ScriptableObjects\Configs\Droppables\BasicRewards.asset
    * 文件内容概述：该文件定义了Unity游戏中的“BasicRewards”脚本配置，设定了奖励物品的散布距离和掉落组。文件中包含了多个掉落组，每个掉落组中都有不同的物品和掉落概率。
    * 该文件与问题目标之间的关联性：该文件与玩家捡拾敌人掉落物的逻辑直接相关，因为它定义了掉落物品的类型和概率，这可能是玩家捡拾逻辑的基础。

* 文件二：
    * 文件绝对路径：D:\Unity\open-project-1-main\UOP1_Project\Assets\ScriptableObjects\Configs\Droppables\EliteRewards.asset
    * 文件内容概述：该文件描述了Unity游戏中的“EliteRewards”脚本组件，负责管理奖励系统的配置。脚本定义了奖励的散射距离和掉落组，每组包含特定物品及其掉落概率。
    * 该文件与问题目标之间的关联性：与文件一类似，该文件也与玩家捡拾敌人掉落物的逻辑直接相关，因为它提供了精英敌人掉落物品的配置。

* 文件三：
    * 文件绝对路径：D:\Unity\open-project-1-main\UOP1_Project\Assets\Scripts\Gameplay\GameManager.cs
    * 文件内容概述：该脚本负责管理游戏的主要状态和事件，包括初始化游戏状态、处理事件以及管理游戏中的物品和配方。
    * 该文件与问题目标之间的关联性：虽然该文件没有直接提到玩家捡拾敌人掉落物的逻辑，但它负责管理游戏的主要逻辑，因此可能包含调用或处理捡拾逻辑的代码。

* 文件四：
    * 文件绝对路径：D:\Unity\open-project-1-main\UOP1_Project\Assets\Scripts\Gameplay\GameStateSO.cs
    * 文件内容概述：该脚本定义了一个名为`GameStateSO`的类，用于管理游戏状态，包括当前状态、上一个状态以及与战斗状态相关的逻辑。
    * 该文件与问题目标之间的关联性：该文件与游戏状态管理有关，但没有直接提到玩家捡拾敌人掉落物的逻辑。

* 文件五：
    * 文件绝对路径：D:\Unity\open-project-1-main\UOP1_Project\Assets\Scripts\Gameplay\SpawnSystem.cs
    * 文件内容概述：该脚本定义了 `SpawnSystem` 类，负责管理玩家在游戏场景中的生成逻辑。
    * 该文件与问题目标之间的关联性：该文件与玩家生成逻辑有关，但没有直接提到玩家捡拾敌人掉落物的逻辑。

* 文件六：
    * 文件绝对路径：D:\Unity\open-project-1-main\UOP1_Project\Assets\Scripts\Inventory\CollectableItem.cs
    * 文件内容概述：该脚本定义了Unity中的`CollectableItem`类，用于管理一个可收集物品的动画和状态。
    * 该文件与问题目标之间的关联性：该文件与可收集物品的动画和状态管理有关，但没有直接提到玩家捡拾逻辑。

* 文件七：
    * 文件绝对路径：D:\Unity\open-project-1-main\UOP1_Project\Assets\Scripts\Inventory\InventoryManager.cs
    * 文件内容概述：该脚本是一个Unity游戏中的库存管理类，负责处理物品的添加、移除、使用和装备等事件。
    * 该文件与问题目标之间的关联性：该文件直接与玩家捡拾敌人掉落物的逻辑相关，因为它负责管理物品的添加和移除，这可能是捡拾逻辑的实现部分。
2024-10-08 22:30:53,732 - INFO Retriever 0 - 
Token Consuming:258622

2024-10-08 22:30:53,733 - INFO Retriever 0 - 
history rounds:28

