2024-10-09 00:28:27,873 - INFO Retriever 0 - Init Retriever.
2024-10-09 00:28:37,264 - INFO Retriever 0 - keywords:“攻击行为”，“怪物”，“aggressive behavior”，“attack behavior”，“creature”，“monster”
2024-10-09 00:28:37,264 - INFO Retriever 0 - deep_think_conent
:在获取了项目文件的顶层结构后，我还需要结合待查询的问题描述，对于项目中的文件和目录进行一些深度关键词检索。根据任务描述：“请在D:\Unity\open-project-1-main\UOP1_Project\Assets下各级目录中寻找：怪物攻击行为的逻辑是在什么地方？”，我总结出如下可能会出现在各个文件名或者文件内容中的关键词：“攻击行为”，“怪物”，“aggressive behavior”，“attack behavior”，“creature”，“monster”。
接下来，我将使用retrieve_keywords操作，在项目顶层路径“D:\Unity\open-project-1-main\UOP1_Project\Assets”下检索这些关键词，从而大致把握可能与问题描述相关的文件或目录的路径。
2024-10-09 00:28:37,268 - INFO Retriever 0 - ——————————————————————————————————————————————————————————————————————————————————————————————————————————————————————————
2024-10-09 00:28:37,268 - INFO Retriever 0 - Assistant:
2024-10-09 00:28:37,274 - INFO Retriever 0 - {
    "deep_think": {
        "thoughts": "好的，接下来我将通过深度思考、仔细计划以及逐步执行的方式，来完成该任务。\n\n首先，在阅读详细的代码细节之前，应该先整体把握整个项目。\n\n在提供的可选的action中，可以通过get_folder_info操作，通过将项目顶层路径作为target_folder_path参数进行传入，来获取获取项目中主要文件夹和主要文件的描述，从而能够先大致把握项目文件的主要文件的文件树结构、基本内容、主要代码概述以及大致功能板块的分布。"
    }
}
2024-10-09 00:28:37,278 - INFO Retriever 0 - 
Observer:
2024-10-09 00:28:37,279 - INFO Retriever 0 - 好的，请继续你的下一步行动或思考。
2024-10-09 00:28:37,280 - INFO Retriever 0 - 
2024-10-09 00:28:37,362 - INFO Retriever 0 - ——————————————————————————————————————————————————————————————————————————————————————————————————————————————————————————
2024-10-09 00:28:37,362 - INFO Retriever 0 - Assistant:
2024-10-09 00:28:37,362 - INFO Retriever 0 - {
    "get_folder_info": {
        "target_folder_path": "D:\\Unity\\open-project-1-main\\UOP1_Project\\Assets"
    }
}
2024-10-09 00:28:37,362 - INFO Retriever 0 - 
Observer:
2024-10-09 00:28:37,362 - INFO Retriever 0 - 目标文件夹路径：D:\Unity\open-project-1-main\UOP1_Project\Assets
文件结构树（该结构树可能不完整，仅返回深度小于等于1层的子文件以及文件夹）：
├── .DS_Store
├── Addons
│   ├── DOTween
│   ├── TextMeshPro
├── AddressableAssetsData
│   ├── AddressableAssetSettings.asset
│   ├── AssetGroupTemplates
│   ├── AssetGroups
│   ├── DataBuilders
│   ├── DefaultObject.asset
│   ├── Windows
├── Art
│   ├── Accessories
│   ├── Characters
│   ...
│   ├── UI
├── Audio
│   ├── Music
│   ├── SFX
├── Cutscenes
│   ├── AudioTests.playable
│   ├── BeachCandyCutscene.playable
│   ...
│   ├── TownCutscene.playable
├── LocalizationFiles
│   ├── .DS_Store
│   ├── AssetTables
│   ├── GoogleSheetService_ChopChop.asset
│   ├── Locales
│   ├── LocalizationSettings.asset
├── Prefabs
│   ├── Accessories
│   ├── Audio
│   ...
│   ├── _SceneChunks
├── ProBuilder Data
│   ├── Default Color Palette.asset
│   ├── Default Material Palette.asset
├── Scenes
│   ├── Examples
│   ├── Locations
│   ├── Managers
│   ├── Menus
│   ├── WIP
│   ├── Whiteboxing
├── ScriptableObjects
│   ├── Audio
│   ├── Configs
│   ...
│   ├── StateMachine
├── Scripts
│   ├── Animation
│   ├── Audio
│   ...
│   ├── UI
├── Settings
│   ├── Audio
│   ├── Graphics
│   ├── Input
│   ├── LightBakingSettings
│   ├── Presets
├── Shaders
│   ├── AggroEffect.shadergraph
│   ├── CustomHLSL
│   ...
│   ├── Water_Sea.shadergraph
├── TextData
│   ├── ContributorsList.txt
├── Tutorials
│   ├── Icons
│   ├── Images
│   ├── TutorialProjectSettings.asset
│   ├── TutorialWelcomePage.asset
│   ├── Tutorials.asset
├── WIP
│   ├── Materials
│   ├── Prefabs
│   ├── SourceFiles
│   ├── Textures


其中，部分主要文件及文件夹的信息如下：
1. Assets
# 路径:D:/Unity/open-project-1-main/UOP1_Project\Assets
# 内容概述:“Assets”文件夹汇集了Unity游戏开发所需的多种资源，包括动画、文本处理、音频、艺术资产、场景和脚本等。其中，“Addons”子文件夹提供了DOTween和TextMeshPro等插件，分别用于动画和文本渲染；“AddressableAssetsData”则专注于资源管理和配置；“Art”包含3D模型、动画和视觉效果等创意资源；“Audio”提供背景音乐和声音效果；“Cutscenes”包含剧情相关文件；“LocalizationFiles”支持多语言本地化；“Prefabs”提供可复用的游戏对象；“Scenes”涉及场景设计和导航；“ScriptableObjects”存储游戏配置；“Scripts”包含脚本文件；“Settings”管理音频、图形和输入设置；“Shaders”提供自定义着色器；“TextData”记录项目贡献者；“Tutorials”提供开发指导；“WIP”存放开发中的资源。整体上，这些文件夹和文件协同工作，构成了一个完整且功能丰富的游戏开发环境。

2. Addons
# 路径:D:/Unity/open-project-1-main/UOP1_Project\Assets\Addons
# 内容概述:“Addons”文件夹汇集了两个Unity插件：DOTween和TextMeshPro。DOTween提供全面的动画和缓动解决方案，包含编辑器工具和模块化脚本，旨在增强Unity中的动画效果。TextMeshPro则专注于文本渲染和视觉效果，提供丰富的字体资源、样式表和表情符号，以丰富游戏中的文本显示。两个插件均附有详细的使用说明和许可协议，旨在为Unity开发者提供高效的内容创作工具。

3. AddressableAssetsData
# 路径:D:/Unity/open-project-1-main/UOP1_Project\Assets\AddressableAssetsData
# 内容概述:### 简化版文件夹内容总结

“AddressableAssetsData”文件夹是Unity游戏开发的核心资源管理区域，汇集了资源打包模板、详细配置文件、脚本组件以及操作系统相关状态文件。它包括资源管理模板（AssetGroupTemplates）、资源与场景管理配置（AssetGroups）、脚本配置（DataBuilders）、操作系统资源状态文件（Windows和OSX），以及可寻址资源设置（AddressableAssetSettings.asset）和默认对象配置（DefaultObject.asset）。这些文件和文件夹协同工作，确保了游戏资源的有效管理和优化。

4. Art
# 路径:D:/Unity/open-project-1-main/UOP1_Project\Assets\Art
# 内容概述:“Art”文件夹汇集了丰富多样的创意资源，包括3D模型、动画、字体、视觉效果和用户界面设计等，适用于游戏开发、动画制作和视觉设计。其中，**Accessories** 和 **Characters** 提供了丰富的角色和道具模型，**Effects** 包含了用于特效制作的资源，**Font** 提供了字体设计和智能合约代码，**Items** 和 **Nature** 则专注于游戏和动画中的物品和自然景观设计。此外，**Materials**、**Skybox**、**Textures** 和 **UI** 分别提供了材质、环境纹理、用户界面元素等，共同构成了一个全面的艺术资源库。

5. Audio
# 路径:D:/Unity/open-project-1-main/UOP1_Project\Assets\Audio
# 内容概述:“Audio”文件夹汇集了音乐与声音效果两大类资源。其中，“Music”子文件夹专注于为游戏或多媒体项目中的不同场景提供定制背景音乐，包括海滩、森林、城镇等，以及一系列主题音乐和暂停菜单音乐。而“SFX”子文件夹则包含了丰富的声音效果，涵盖角色动作、厨房环境以及界面交互等，旨在增强多媒体项目的沉浸感和互动性。这两个子文件夹的资源相互配合，共同构建了项目的音频环境。

6. Cutscenes
# 路径:D:/Unity/open-project-1-main/UOP1_Project\Assets\Cutscenes
# 内容概述:### 文件夹内容总结

“Cutscenes”文件夹汇集了多种游戏剧情相关的可播放文件，包括海滩、镇子等场景的剧情片段，如开场、游戏结束等。这些文件与“Signals”文件夹中的信号文件协同工作，共同构建游戏的故事情节和动态事件。

7. LocalizationFiles
# 路径:D:/Unity/open-project-1-main/UOP1_Project\Assets\LocalizationFiles
# 内容概述:### 文件夹内容总结

“LocalizationFiles”文件夹汇集了Unity游戏开发所需的本地化资源和配置文件。其中，.DS_Store文件负责Mac系统文件夹个性化设置，而“Locales”子文件夹内包含多语言本地化资产，如英文、法语和意大利语设置。此外，GoogleSheetService_ChopChop.asset脚本组件用于与Google Sheets服务集成，而LocalizationSettings.asset则定义了游戏的本地化设置和格式化规则，确保游戏在不同语言环境下的正确显示。这些文件共同支撑起游戏的多语言功能和数据管理。

8. Prefabs
# 路径:D:/Unity/open-project-1-main/UOP1_Project\Assets\Prefabs
# 内容概述:“Prefabs”文件夹汇集了多样化的预制资源，专为游戏和虚拟现实项目设计。它包含角色装饰、音频管理、NPC与场景构建、动画场景、可收集物品、编辑器工具、视觉效果、食物与家具模型、UI界面、独特场景元素等预制件，旨在加速游戏开发流程，丰富游戏世界和角色设定，同时确保视觉和交互体验的丰富性。

9. ProBuilder Data
# 路径:D:/Unity/open-project-1-main/UOP1_Project\Assets\ProBuilder Data
# 内容概述:“ProBuilder Data”文件夹汇集了两个Unity游戏引擎相关资产文件：一个是“Default Color Palette.asset”，定义了15种默认颜色调色板，供游戏界面和视觉效果使用；另一个是“Default Material Palette.asset”，包含一个Unity材质调色板脚本组件，可能用于存储和应用颜色配置。这两个文件共同服务于游戏视觉设计。

10. Scenes
# 路径:D:/Unity/open-project-1-main/UOP1_Project\Assets\Scenes
# 内容概述:“Scenes”文件夹是Unity游戏开发的核心资源库，汇集了多样化的场景设计元素。其中，“Examples”展示了场景导航网络示例，“Locations”提供了多种场景的光照、反射和导航数据，“Menus”则专注于游戏菜单的光照效果。此外，“WIP”包含正在开发中的场景照明和导航设置，而“Whiteboxing”则涵盖了城镇景观和地图构建资源。整体上，这些文件夹相互关联，共同构建了游戏世界的视觉和功能框架。遗憾的是，“Managers”文件夹的具体内容尚未明确，其关联性分析有待进一步信息。

11. ScriptableObjects
# 路径:D:/Unity/open-project-1-main/UOP1_Project\Assets\ScriptableObjects
# 内容概述:“ScriptableObjects”文件夹是Unity游戏项目的核心配置中心，汇集了音频、游戏机制、对话、事件通道、游戏状态、输入管理、交互、库存、物品类型、路径、任务、运行时锚点、保存系统、场景数据和状态机等关键组件的配置文件。这些文件相互关联，共同支撑起游戏的基本机制和玩家体验，确保了从音效到游戏逻辑的每一部分都能无缝协作，为玩家提供连贯且丰富的游戏体验。

12. Scripts
# 路径:D:/Unity/open-project-1-main/UOP1_Project\Assets\Scripts
# 内容概述:“Scripts”文件夹是Unity游戏开发的核心，汇集了动画控制、音频管理、角色行为、摄像机操作、场景管理等关键脚本，旨在构建流畅的游戏体验。它还包含了对话系统、库存管理、用户界面、输入处理、交互逻辑等脚本，确保游戏交互丰富且直观。此外，文件夹内还涵盖了保存系统、状态机、系统设置、本地化工具以及编辑器辅助工具，以支持高效的游戏开发和资源管理。这些脚本相互协作，共同构成了一个功能全面、结构清晰的游戏开发框架。

13. Settings
# 路径:D:/Unity/open-project-1-main/UOP1_Project\Assets\Settings
# 内容概述:“Settings”文件夹汇集了游戏开发的关键配置文件，包括音频混合器设置、图形渲染和视觉效果配置、输入系统定义、光照烘焙参数以及预设导入设置。这些子文件夹（Audio、Graphics、Input、LightBakingSettings、Presets）分别针对音频处理、视觉效果、玩家交互、光照效果优化和文件导入优化，确保游戏在音效、视觉、操作和性能上的高质量体验。

14. Shaders
# 路径:D:/Unity/open-project-1-main/UOP1_Project\Assets\Shaders
# 内容概述:“Shaders”文件夹汇集了多种图形渲染和视觉效果资源，包括自定义着色器代码（如CustomHLSL中的自定义光照效果）、调试工具（如Debug文件夹中的顶点着色器调试）、以及一系列子图文件（如SubGraphs中的多种视觉效果子图）。此外，Unused文件夹包含了未使用的Unity项目资源，如自定义渲染脚本、水效果和ShaderGraph编辑文件。这些资源共同服务于图形渲染和视觉效果的开发，适用于游戏和视觉效果制作。

15. TextData
# 路径:D:/Unity/open-project-1-main/UOP1_Project\Assets\TextData
# 内容概述:“TextData”文件夹专注于存储项目贡献者信息，其中包含一个名为“ContributorsList.txt”的文件，记录了项目开发者和艺术家的名单及其角色。

16. Tutorials
# 路径:D:/Unity/open-project-1-main/UOP1_Project\Assets\Tutorials
# 内容概述:“Tutorials”文件夹汇集了Unity游戏开发的丰富资源，包括图标和图像设计文件，用于界面视觉元素。其中，**TutorialProjectSettings.asset** 配置了教程项目的初始场景和相机设置，而**TutorialWelcomePage.asset** 则创建了项目欢迎页面，介绍“Chop Chop”游戏并引导用户。此外，**Tutorials.asset** 提供了教程页面的详细配置，涵盖项目资源获取、讨论论坛、开发日志等，为开发者提供了全面的学习和参与途径。这些文件共同构成了一个完整的教学和资源支持体系，旨在辅助开发者深入学习和实践Unity游戏开发。

17. WIP
# 路径:D:/Unity/open-project-1-main/UOP1_Project\Assets\WIP
# 内容概述:“WIP”文件夹汇集了游戏开发所需的多媒体资源，包括用于场景设计的材质（如草地、天空盒等），预制体组件（如菜单、物体），以及图像素材和纹理（如国旗、地图纹理）。这些资源相互关联，共同构成了游戏世界的视觉和交互基础。

18. .DS_Store
# 路径:D:/Unity/open-project-1-main/UOP1_Project\Assets\.DS_Store
# 内容概述:这是一个名为“.DS_Store”的文件。


2024-10-09 00:28:37,362 - INFO Retriever 0 - 
2024-10-09 00:28:37,362 - INFO Retriever 0 - ——————————————————————————————————————————————————————————————————————————————————————————————————————————————————————————
2024-10-09 00:28:37,412 - INFO Retriever 0 - Assistant:
2024-10-09 00:28:37,448 - INFO Retriever 0 - {
    "deep_think": {
        "thoughts": "在获取了项目文件的顶层结构后，我还需要结合待查询的问题描述，对于项目中的文件和目录进行一些深度关键词检索。根据任务描述：“请在D:\\Unity\\open-project-1-main\\UOP1_Project\\Assets下各级目录中寻找：怪物攻击行为的逻辑是在什么地方？”，我总结出如下可能会出现在各个文件名或者文件内容中的关键词：“攻击行为”，“怪物”，“aggressive behavior”，“attack behavior”，“creature”，“monster”。\n接下来，我将使用retrieve_keywords操作，在项目顶层路径“D:\\Unity\\open-project-1-main\\UOP1_Project\\Assets”下检索这些关键词，从而大致把握可能与问题描述相关的文件或目录的路径。"
    }
}
2024-10-09 00:28:37,449 - INFO Retriever 0 - 
Observer:
2024-10-09 00:28:37,449 - INFO Retriever 0 - 好的，请继续你的下一步行动或思考。
2024-10-09 00:28:37,449 - INFO Retriever 0 - 
2024-10-09 00:28:45,824 - INFO Retriever 0 - ——————————————————————————————————————————————————————————————————————————————————————————————————————————————————————————
2024-10-09 00:28:45,824 - INFO Retriever 0 - Assistant:
2024-10-09 00:28:45,824 - INFO Retriever 0 - {
    "retrieve_keywords": {
        "top_path": "D:\\Unity\\open-project-1-main\\UOP1_Project\\Assets",
        "key_word_list": [
            "攻击行为",
            "怪物",
            "aggressive behavior",
            "attack behavior",
            "creature",
            "monster"
        ]
    }
}
2024-10-09 00:28:45,824 - INFO Retriever 0 - 
Observer:
2024-10-09 00:28:45,824 - INFO Retriever 0 - 根据你提供的关键词，我检索到以下目录或文件，它们的绝对路径如下：
1. D:\Unity\open-project-1-main\UOP1_Project\Assets\LocalizationFiles\AssetTables\QuestSystem
“QuestSystem”文件夹汇集了Unity游戏对话系统的关键文件。其中，“Questline Dialogue Shared Data.asset”存储对话配置，包括ID、键和元数据；“Questline Dialogue.asset”则是管理对话流程的脚本，并集成Google Sheets Extension以支持对话数据的动态管理。此外，“Questline Dialogue_en.asset”、“Questline Dialogue_fr.asset”和“Questline Dialogue_it.asset”分别提供了英文、法语和意大利语的对话内容，展现了对话系统的多语言支持。这些文件共同构成了游戏对话系统的完整架构。

请注意，这些目录或文件可能不全都和你的任务目标相关，仅供参考。请你基于具体的文件内容概述，结合你的任务目标，认真思考分析后，优先选择最有可能与任务相关的目录或文件进行进一步的检查。
2024-10-09 00:28:45,824 - INFO Retriever 0 - 
2024-10-09 00:28:48,720 - INFO Retriever 0 - Agent主脑给出的回答为：{
    "deep_think": {
        "thoughts": "根据检索结果，我注意到“QuestSystem”文件夹可能与怪物攻击行为逻辑相关，因为攻击行为可能涉及到游戏中的任务或对话系统。然而，这个文件夹主要与对话系统相关，所以它可能不是我们要找的直接答案。我需要进一步检索和检查其他可能的文件夹或文件，以确定怪物攻击行为逻辑的确切位置。\n接下来，我将使用retrieve_keywords操作，在“LocalizationFiles”文件夹下检索关键词，以寻找更具体与攻击行为相关的文件。"
    }
}
2024-10-09 00:28:48,720 - INFO Retriever 0 - 是否成功解析：True
2024-10-09 00:28:48,720 - INFO Retriever 0 - operation_type (__det_dir_action):
2024-10-09 00:28:48,721 - INFO Retriever 0 - deep_think
2024-10-09 00:28:48,721 - INFO Retriever 0 - 

——————————————————————————————————————————————————————————————————————————————————————————————————————————————————————————
2024-10-09 00:28:48,721 - INFO Retriever 0 - Assistant:
2024-10-09 00:28:48,721 - INFO Retriever 0 - {
    "deep_think": {
        "thoughts": "根据检索结果，我注意到“QuestSystem”文件夹可能与怪物攻击行为逻辑相关，因为攻击行为可能涉及到游戏中的任务或对话系统。然而，这个文件夹主要与对话系统相关，所以它可能不是我们要找的直接答案。我需要进一步检索和检查其他可能的文件夹或文件，以确定怪物攻击行为逻辑的确切位置。\n接下来，我将使用retrieve_keywords操作，在“LocalizationFiles”文件夹下检索关键词，以寻找更具体与攻击行为相关的文件。"
    }
}
2024-10-09 00:28:48,722 - INFO Retriever 0 - dict_keys(['deep_think'])
2024-10-09 00:28:48,722 - INFO Retriever 0 - Agent主脑给出的行动：deep_think
参数：{'thoughts': '根据检索结果，我注意到“QuestSystem”文件夹可能与怪物攻击行为逻辑相关，因为攻击行为可能涉及到游戏中的任务或对话系统。然而，这个文件夹主要与对话系统相关，所以它可能不是我们要找的直接答案。我需要进一步检索和检查其他可能的文件夹或文件，以确定怪物攻击行为逻辑的确切位置。\n接下来，我将使用retrieve_keywords操作，在“LocalizationFiles”文件夹下检索关键词，以寻找更具体与攻击行为相关的文件。', 'repeat_counter': 1, 'continue_think_counter': 1}
2024-10-09 00:28:48,723 - INFO Retriever 0 - Observer: 好的，请继续你的下一步行动或思考。
2024-10-09 00:28:52,707 - INFO Retriever 0 - Agent主脑给出的回答为：{
    "retrieve_keywords": {
        "top_path": "D:\\Unity\\open-project-1-main\\UOP1_Project\\Assets\\LocalizationFiles",
        "key_word_list": [
            "攻击行为",
            "怪物",
            "aggressive behavior",
            "attack behavior",
            "creature",
            "monster"
        ]
    }
}
2024-10-09 00:28:52,708 - INFO Retriever 0 - 是否成功解析：True
2024-10-09 00:28:52,708 - INFO Retriever 0 - operation_type (__det_dir_action):
2024-10-09 00:28:52,708 - INFO Retriever 0 - retrieve_keywords
2024-10-09 00:28:52,709 - INFO Retriever 0 - 

——————————————————————————————————————————————————————————————————————————————————————————————————————————————————————————
2024-10-09 00:28:52,727 - INFO Retriever 0 - Assistant:
2024-10-09 00:28:52,728 - INFO Retriever 0 - {
    "retrieve_keywords": {
        "top_path": "D:\\Unity\\open-project-1-main\\UOP1_Project\\Assets\\LocalizationFiles",
        "key_word_list": [
            "攻击行为",
            "怪物",
            "aggressive behavior",
            "attack behavior",
            "creature",
            "monster"
        ]
    }
}
2024-10-09 00:28:52,729 - INFO Retriever 0 - dict_keys(['retrieve_keywords'])
2024-10-09 00:28:52,730 - INFO Retriever 0 - Agent主脑给出的行动：retrieve_keywords
参数：{'top_path': 'D:\\Unity\\open-project-1-main\\UOP1_Project\\Assets\\LocalizationFiles', 'key_word_list': ['攻击行为', '怪物', 'aggressive behavior', 'attack behavior', 'creature', 'monster'], 'return_short_sum': <bound method TreeGenerationAction.return_short_sum of <Action.tree_gen_action.TreeGenerationAction object at 0x000001D219AAC9A0>>, 'target_file_types': ['cs', 'asset', 'txt', 'md']}
2024-10-09 00:28:52,775 - INFO Retriever 0 - Observer: 根据你提供的关键词，我检索到以下目录或文件，它们的绝对路径如下：
1. D:\Unity\open-project-1-main\UOP1_Project\Assets\LocalizationFiles\AssetTables\QuestSystem
“QuestSystem”文件夹汇集了Unity游戏对话系统的关键文件。其中，“Questline Dialogue Shared Data.asset”存储对话配置，包括ID、键和元数据；“Questline Dialogue.asset”则是管理对话流程的脚本，并集成Google Sheets Extension以支持对话数据的动态管理。此外，“Questline Dialogue_en.asset”、“Questline Dialogue_fr.asset”和“Questline Dialogue_it.asset”分别提供了英文、法语和意大利语的对话内容，展现了对话系统的多语言支持。这些文件共同构成了游戏对话系统的完整架构。

请注意，这些目录或文件可能不全都和你的任务目标相关，仅供参考。请你基于具体的文件内容概述，结合你的任务目标，认真思考分析后，优先选择最有可能与任务相关的目录或文件进行进一步的检查。
2024-10-09 00:28:59,058 - INFO Retriever 0 - Agent主脑给出的回答为：{
    "deep_think": {
        "thoughts": "经过检索，我发现“QuestSystem”文件夹与对话系统相关，但与怪物攻击行为逻辑似乎没有直接关联。因此，我需要继续在项目中寻找其他可能包含攻击行为逻辑的文件夹或文件。\n考虑到攻击行为逻辑可能存在于脚本文件中，我将使用retrieve_keywords操作，在“Scripts”文件夹下检索关键词，以寻找可能包含怪物攻击行为逻辑的脚本文件。"
    }
}
2024-10-09 00:28:59,059 - INFO Retriever 0 - 是否成功解析：True
2024-10-09 00:28:59,059 - INFO Retriever 0 - operation_type (__det_dir_action):
2024-10-09 00:28:59,059 - INFO Retriever 0 - deep_think
2024-10-09 00:28:59,059 - INFO Retriever 0 - 

——————————————————————————————————————————————————————————————————————————————————————————————————————————————————————————
2024-10-09 00:28:59,060 - INFO Retriever 0 - Assistant:
2024-10-09 00:28:59,060 - INFO Retriever 0 - {
    "deep_think": {
        "thoughts": "经过检索，我发现“QuestSystem”文件夹与对话系统相关，但与怪物攻击行为逻辑似乎没有直接关联。因此，我需要继续在项目中寻找其他可能包含攻击行为逻辑的文件夹或文件。\n考虑到攻击行为逻辑可能存在于脚本文件中，我将使用retrieve_keywords操作，在“Scripts”文件夹下检索关键词，以寻找可能包含怪物攻击行为逻辑的脚本文件。"
    }
}
2024-10-09 00:28:59,060 - INFO Retriever 0 - dict_keys(['deep_think'])
2024-10-09 00:28:59,062 - INFO Retriever 0 - Agent主脑给出的行动：deep_think
参数：{'thoughts': '经过检索，我发现“QuestSystem”文件夹与对话系统相关，但与怪物攻击行为逻辑似乎没有直接关联。因此，我需要继续在项目中寻找其他可能包含攻击行为逻辑的文件夹或文件。\n考虑到攻击行为逻辑可能存在于脚本文件中，我将使用retrieve_keywords操作，在“Scripts”文件夹下检索关键词，以寻找可能包含怪物攻击行为逻辑的脚本文件。', 'repeat_counter': 1, 'continue_think_counter': 1}
2024-10-09 00:28:59,062 - INFO Retriever 0 - Observer: 好的，请继续你的下一步行动或思考。
2024-10-09 00:29:01,530 - INFO Retriever 0 - Agent主脑给出的回答为：{
    "retrieve_keywords": {
        "top_path": "D:\\Unity\\open-project-1-main\\UOP1_Project\\Assets\\Scripts",
        "key_word_list": [
            "攻击行为",
            "怪物",
            "aggressive behavior",
            "attack behavior",
            "creature",
            "monster"
        ]
    }
}
2024-10-09 00:29:01,531 - INFO Retriever 0 - 是否成功解析：True
2024-10-09 00:29:01,531 - INFO Retriever 0 - operation_type (__det_dir_action):
2024-10-09 00:29:01,531 - INFO Retriever 0 - retrieve_keywords
2024-10-09 00:29:01,532 - INFO Retriever 0 - 

——————————————————————————————————————————————————————————————————————————————————————————————————————————————————————————
2024-10-09 00:29:01,532 - INFO Retriever 0 - Assistant:
2024-10-09 00:29:01,532 - INFO Retriever 0 - {
    "retrieve_keywords": {
        "top_path": "D:\\Unity\\open-project-1-main\\UOP1_Project\\Assets\\Scripts",
        "key_word_list": [
            "攻击行为",
            "怪物",
            "aggressive behavior",
            "attack behavior",
            "creature",
            "monster"
        ]
    }
}
2024-10-09 00:29:01,532 - INFO Retriever 0 - dict_keys(['retrieve_keywords'])
2024-10-09 00:29:01,534 - INFO Retriever 0 - Agent主脑给出的行动：retrieve_keywords
参数：{'top_path': 'D:\\Unity\\open-project-1-main\\UOP1_Project\\Assets\\Scripts', 'key_word_list': ['攻击行为', '怪物', 'aggressive behavior', 'attack behavior', 'creature', 'monster'], 'return_short_sum': <bound method TreeGenerationAction.return_short_sum of <Action.tree_gen_action.TreeGenerationAction object at 0x000001D219AAC9A0>>, 'target_file_types': ['cs', 'asset', 'txt', 'md']}
2024-10-09 00:29:01,612 - INFO Retriever 0 - Observer: 根据你提供的关键词，我未能检索到任何目录或文件中含有相应的关键词。你可以尝试提供别的关键词进行检索。
2024-10-09 00:29:05,075 - INFO Retriever 0 - Agent主脑给出的回答为：{
    "deep_think": {
        "thoughts": "在“Scripts”文件夹下检索关键词未能找到与怪物攻击行为逻辑相关的文件。这可能意味着攻击行为逻辑可能不是直接存储在脚本文件中，或者使用了不同的命名方式。为了进一步探索，我将考虑以下可能性：\n1. 攻击行为逻辑可能被封装在某个特定的脚本组件中，而不是独立的脚本文件。\n2. 攻击行为逻辑可能分布在多个脚本文件中，而不是一个单独的文件。\n3. 攻击行为逻辑可能被封装在某个ScriptableObjects中，例如状态机或配置文件。\n接下来，我将使用get_folder_info操作，在“Scripts”文件夹下获取更详细的信息，以确定是否有任何子文件夹或文件值得进一步检查。"
    }
}
2024-10-09 00:29:05,077 - INFO Retriever 0 - 是否成功解析：True
2024-10-09 00:29:05,077 - INFO Retriever 0 - operation_type (__det_dir_action):
2024-10-09 00:29:05,077 - INFO Retriever 0 - deep_think
2024-10-09 00:29:05,077 - INFO Retriever 0 - 

——————————————————————————————————————————————————————————————————————————————————————————————————————————————————————————
2024-10-09 00:29:05,078 - INFO Retriever 0 - Assistant:
2024-10-09 00:29:05,078 - INFO Retriever 0 - {
    "deep_think": {
        "thoughts": "在“Scripts”文件夹下检索关键词未能找到与怪物攻击行为逻辑相关的文件。这可能意味着攻击行为逻辑可能不是直接存储在脚本文件中，或者使用了不同的命名方式。为了进一步探索，我将考虑以下可能性：\n1. 攻击行为逻辑可能被封装在某个特定的脚本组件中，而不是独立的脚本文件。\n2. 攻击行为逻辑可能分布在多个脚本文件中，而不是一个单独的文件。\n3. 攻击行为逻辑可能被封装在某个ScriptableObjects中，例如状态机或配置文件。\n接下来，我将使用get_folder_info操作，在“Scripts”文件夹下获取更详细的信息，以确定是否有任何子文件夹或文件值得进一步检查。"
    }
}
2024-10-09 00:29:05,078 - INFO Retriever 0 - dict_keys(['deep_think'])
2024-10-09 00:29:05,079 - INFO Retriever 0 - Agent主脑给出的行动：deep_think
参数：{'thoughts': '在“Scripts”文件夹下检索关键词未能找到与怪物攻击行为逻辑相关的文件。这可能意味着攻击行为逻辑可能不是直接存储在脚本文件中，或者使用了不同的命名方式。为了进一步探索，我将考虑以下可能性：\n1. 攻击行为逻辑可能被封装在某个特定的脚本组件中，而不是独立的脚本文件。\n2. 攻击行为逻辑可能分布在多个脚本文件中，而不是一个单独的文件。\n3. 攻击行为逻辑可能被封装在某个ScriptableObjects中，例如状态机或配置文件。\n接下来，我将使用get_folder_info操作，在“Scripts”文件夹下获取更详细的信息，以确定是否有任何子文件夹或文件值得进一步检查。', 'repeat_counter': 1, 'continue_think_counter': 1}
2024-10-09 00:29:05,079 - INFO Retriever 0 - Observer: 好的，请继续你的下一步行动或思考。
2024-10-09 00:29:06,402 - INFO Retriever 0 - Agent主脑给出的回答为：{
    "get_folder_info": {
        "target_folder_path": "D:\\Unity\\open-project-1-main\\UOP1_Project\\Assets\\Scripts"
    }
}
2024-10-09 00:29:06,403 - INFO Retriever 0 - 是否成功解析：True
2024-10-09 00:29:06,403 - INFO Retriever 0 - operation_type (__det_dir_action):
2024-10-09 00:29:06,403 - INFO Retriever 0 - get_folder_info
2024-10-09 00:29:06,403 - INFO Retriever 0 - 

——————————————————————————————————————————————————————————————————————————————————————————————————————————————————————————
2024-10-09 00:29:06,403 - INFO Retriever 0 - Assistant:
2024-10-09 00:29:06,403 - INFO Retriever 0 - {
    "get_folder_info": {
        "target_folder_path": "D:\\Unity\\open-project-1-main\\UOP1_Project\\Assets\\Scripts"
    }
}
2024-10-09 00:29:06,404 - INFO Retriever 0 - dict_keys(['get_folder_info'])
2024-10-09 00:29:06,404 - INFO Retriever 0 - Agent主脑给出的行动：get_folder_info
参数：{'target_folder_path': 'D:\\Unity\\open-project-1-main\\UOP1_Project\\Assets\\Scripts'}
2024-10-09 00:29:06,433 - INFO Retriever 0 - Observer: 目标文件夹路径：D:\Unity\open-project-1-main\UOP1_Project\Assets\Scripts
文件结构树（该结构树可能不完整，仅返回深度小于等于1层的子文件以及文件夹）：
├── Animation
│   ├── RandomIdleAnimationBehaviour.cs
├── Audio
│   ├── AudioConfigApplier.cs
│   ├── AudioCue.cs
│   ...
│   ├── SoundEmitters
├── BaseClasses
│   ├── DescriptionBaseSO.cs
├── Camera
│   ├── CameraManager.cs
├── Characters
│   ├── Attack.cs
│   ├── Attacker.cs
│   ...
│   ├── ZoneTriggerController.cs
├── Cutscenes
│   ├── CutsceneAudioConfigSetter.cs
│   ├── CutsceneManager.cs
│   ├── CutsceneSceneLoader.cs
│   ├── CutsceneTrigger.cs
│   ├── DialogueControlTrack
│   ├── TimelineBinder.cs
├── Dialogues
│   ├── ActorSO.cs
│   ├── DialogueDataSO.cs
│   ├── DialogueManager.cs
│   ├── DialogueTrigger.cs
│   ├── Editor
├── EditorTools
│   ├── Attributes
│   ├── Editor
│   ├── MonoBehaviours
├── Effects
│   ├── DissolveHelper.cs
│   ├── FireLight.cs
│   ├── PlayerEffectController.cs
│   ├── VFXUtil.cs
│   ├── Watermill.cs
├── Events
│   ├── IntEventListener.cs
│   ├── NPCMovementSwitcher.cs
│   ├── ScriptableObjects
│   ├── VoidEventListener.cs
├── Factory
│   ├── FactorySO.cs
│   ├── IFactory.cs
├── Gameplay
│   ├── GameManager.cs
│   ├── GameStateSO.cs
│   ├── SpawnSystem.cs
├── Input
│   ├── GameInput.cs
│   ├── InputReader.cs
├── Interaction
│   ├── Interaction.cs
│   ├── InteractionManager.cs
├── Inventory
│   ├── CollectableItem.cs
│   ├── InventoryManager.cs
│   ├── ItemInstance.cs
│   ├── ItemPicker.cs
│   ├── ItemStack.cs
│   ├── ScriptableObjects
├── Localization
│   ├── Editor
│   ├── LocalizeSceneNameFromSO.cs
├── Menu
│   ├── MenuController.cs
│   ├── MenuSelectionHandler.cs
│   ├── MultiInputButton.cs
│   ├── MultiInputSelectableElement.cs
│   ├── README.md
├── Pool
│   ├── ComponentPoolSO.cs
│   ├── Example
│   ├── IPool.cs
│   ├── PoolSO.cs
├── Quests
│   ├── Editor
│   ├── QuestManager.asset
│   ├── QuestManagerSO.cs
│   ├── Resources
│   ├── ScriptableObjects
│   ├── StepController.cs
├── RuntimeAnchors
│   ├── PathStorageSO.cs
│   ├── RuntimeAnchorBase.cs
│   ├── TransformAnchor.cs
├── SaveSystem
│   ├── FileManager.cs
│   ├── Save.cs
│   ├── SaveSystem.cs
│   ├── SerializableScriptableObject.cs
│   ├── SerializedItemStack.cs
├── SceneManagement
│   ├── FallCatcher.cs
│   ├── InitializationLoader.cs
│   ├── LocationEntrance.cs
│   ├── LocationExit.cs
│   ├── SceneLoader.cs
│   ├── ScriptableObjects
│   ├── StartGame.cs
├── StateMachine
│   ├── Core
│   ├── Debugging
│   ├── Editor
│   ├── ScriptableObjects
│   ├── UOP1.StateMachine.asmdef
│   ├── Utilities
├── Systems
│   ├── Settings
├── UI
│   ├── Dialogue
│   ├── FadeController.cs
│   ...
│   ├── UISpinner.cs


其中，部分主要文件及文件夹的信息如下：
1. Scripts
# 路径:D:/Unity/open-project-1-main/UOP1_Project\Assets\Scripts
# 内容概述:“Scripts”文件夹是Unity游戏开发的核心，汇集了动画控制、音频管理、角色行为、摄像机操作、场景管理等关键脚本，旨在构建流畅的游戏体验。它还包含了对话系统、库存管理、用户界面、输入处理、交互逻辑等脚本，确保游戏交互丰富且直观。此外，文件夹内还涵盖了保存系统、状态机、系统设置、本地化工具以及编辑器辅助工具，以支持高效的游戏开发和资源管理。这些脚本相互协作，共同构成了一个功能全面、结构清晰的游戏开发框架。

2. Animation
# 路径:D:/Unity/open-project-1-main/UOP1_Project\Assets\Scripts\Animation
# 内容概述:该“Animation”文件夹专注于Unity动画控制，包含一个名为`RandomIdleAnimationBehaviour.cs`的脚本，该脚本继承自`StateMachineBehaviour`，负责在动画状态切换时随机选择并应用空闲动画，以丰富游戏角色的动画表现。

3. Audio
# 路径:D:/Unity/open-project-1-main/UOP1_Project\Assets\Scripts\Audio
# 内容概述:“Audio”文件夹汇集了Unity游戏音频开发的关键脚本，包括音频配置管理（如`AudioConfigurationSO.cs`）、音频剪辑播放控制（`AudioCueSO.cs`）、以及音频效果的管理和播放（`SoundEmitters`子文件夹）。其中，`AudioManager.cs`负责全面音频控制，而`MusicPlayer.cs`专注于音乐播放。此外，`AudioConfigApplier.cs`确保音频配置的即时应用，`AudioCue.cs`和`AudioCueOnTriggerEnter.cs`则处理音频事件和触发器逻辑，而`OrientListener.cs`则同步游戏对象与相机方向。这些脚本协同工作，为游戏提供丰富且高效的音频体验。

4. BaseClasses
# 路径:D:/Unity/open-project-1-main/UOP1_Project\Assets\Scripts\BaseClasses
# 内容概述:该“BaseClasses”文件夹内包含的“DescriptionBaseSO.cs”文件定义了一个继承自`SerializableScriptableObject`的`DescriptionBaseSO`类，旨在为Unity脚本对象提供一个带有描述文本存储功能的基类，便于在编辑器中序列化和管理对象描述。

5. Camera
# 路径:D:/Unity/open-project-1-main/UOP1_Project\Assets\Scripts\Camera
# 内容概述:该“Camera”文件夹专注于“CameraManager.cs”脚本，该脚本负责管理游戏摄像机，包括控制移动、鼠标锁定、震动响应等，通过模块化设计实现摄像机行为的全面管理，确保游戏体验的流畅性。

6. Characters
# 路径:D:/Unity/open-project-1-main/UOP1_Project\Assets\Scripts\Characters
# 内容概述:“Characters”文件夹汇集了Unity游戏开发中角色相关的脚本资源，包括角色配置（如攻击、奖励、效果和NPC移动）、状态机逻辑、音频处理以及角色行为控制。文件夹内分为多个子目录，如Config存储角色配置脚本，StateMachine包含构建游戏逻辑的脚本，Audio则专注于角色音效。此外，Attack、Attacker、Critter等脚本负责角色具体行为，而NPC、Protagonist等则涉及角色状态和交互。整体上，这些脚本相互协作，共同构成了游戏中的角色系统。

7. Cutscenes
# 路径:D:/Unity/open-project-1-main/UOP1_Project\Assets\Scripts\Cutscenes
# 内容概述:“Cutscenes”文件夹汇集了Unity游戏开发中用于管理和控制场景播放的脚本。它包含对话控制脚本，如`DialogueBehaviour`、`DialogueClip`和`DialogueTrack`，负责对话的显示和播放；音频配置脚本`CutsceneAudioConfigSetter`，用于调整场景中的音量；场景管理脚本`CutsceneManager`，负责场景的播放、暂停和对话显示；场景加载脚本`CutsceneSceneLoader`，用于加载特定场景；触发脚本`CutsceneTrigger`，用于触发场景播放；以及时间轴绑定脚本`TimelineBinder`，确保游戏对象与时间轴同步。这些脚本相互协作，共同构建了游戏中的场景系统。

8. Dialogues
# 路径:D:/Unity/open-project-1-main/UOP1_Project\Assets\Scripts\Dialogues
# 内容概述:“Dialogues”文件夹汇集了Unity对话系统的核心组件，包括扩展Locale系统的CustomMetadata.cs脚本，用于创建和管理角色的ActorSO.cs，定义对话数据的DialogueDataSO.cs，负责对话逻辑的DialogueManager.cs，以及触发对话的DialogueTrigger.cs。这些文件协同工作，为游戏提供丰富且动态的对话体验。

9. EditorTools
# 路径:D:/Unity/open-project-1-main/UOP1_Project\Assets\Scripts\EditorTools
# 内容概述:“EditorTools”文件夹汇集了Unity编辑器增强工具，包括实现只读属性系统的`Attributes`子文件夹、自定义编辑器界面的`Editor`子文件夹，以及提供点击放置、传送、光贴图缩放等编辑器工具的`MonoBehaviours`子文件夹。这些工具旨在提升编辑效率和功能扩展。

10. Effects
# 路径:D:/Unity/open-project-1-main/UOP1_Project\Assets\Scripts\Effects
# 内容概述:“Effects”文件夹汇集了Unity游戏开发中用于创建视觉效果的脚本，包括实现物体溶解的DissolveHelper.cs、模拟火焰动态亮度的FireLight.cs、控制玩家动作粒子效果的PlayerEffectController.cs、数值范围重映射的VFXUtil.cs，以及动态旋转水车轮子的Watermill.cs。这些脚本相互关联，共同构成了游戏中的丰富视觉效果系统。

11. Events
# 路径:D:/Unity/open-project-1-main/UOP1_Project\Assets\Scripts\Events
# 内容概述:“Events”文件夹汇集了Unity游戏开发中用于构建交互式游戏体验的关键脚本。它包含多种事件处理脚本，如对话选择、屏幕淡入淡出、NPC移动等，通过事件通道机制实现模块化交互。文件夹内脚本如`DialogueChoiceChannelSO`、`NPCMovementEventChannelSO`等，共同构建了一个灵活的事件驱动系统，支持游戏逻辑与UI的紧密集成。

12. Factory
# 路径:D:/Unity/open-project-1-main/UOP1_Project\Assets\Scripts\Factory
# 内容概述:### 文件夹内容概述
“Factory”文件夹内包含用于Unity游戏开发的工厂模式相关代码。主要文件包括`FactorySO.cs`，它定义了一个泛型工厂类`FactorySO<T>`，继承自`ScriptableObject`并实现`IFactory<T>`接口，用于创建和管理游戏对象的实例。`IFactory.cs`则定义了`IFactory<T>`接口，规范了工厂模式中创建对象的接口标准。这两个文件共同构成了一个灵活的工厂模式实现，便于在Unity编辑器中管理游戏对象生成。

13. Gameplay
# 路径:D:/Unity/open-project-1-main/UOP1_Project\Assets\Scripts\Gameplay
# 内容概述:## 文件夹内容精简总结

“Gameplay”文件夹汇集了Unity游戏开发的核心脚本，包括`GameManager.cs`用于管理游戏状态和事件，`GameStateSO.cs`负责跟踪和管理游戏状态变化，以及`SpawnSystem.cs`负责玩家的生成逻辑。这些脚本相互协作，共同构成了游戏的核心功能框架。

14. Input
# 路径:D:/Unity/open-project-1-main/UOP1_Project\Assets\Scripts\Input
# 内容概述:## 文件夹内容精简总结

该“Input”文件夹汇集了游戏输入管理脚本，包含`GameInput.cs`和`InputReader.cs`两个关键文件。`GameInput.cs`定义了`@GameInput`类，负责处理游戏输入，包括玩法、菜单、对话和作弊等模块，并实现了资源管理。`InputReader.cs`则继承自`DescriptionBaseSO`，实现了对游戏输入事件的管理，如跳跃、攻击等，并通过事件和回调函数将输入事件传递给相应系统。两者协同工作，确保游戏输入的模块化和高效处理。

15. Interaction
# 路径:D:/Unity/open-project-1-main/UOP1_Project\Assets\Scripts\Interaction
# 内容概述:### 文件夹内容总结

“Interaction”文件夹内包含两个关键脚本，旨在Unity游戏开发中处理玩家与游戏对象的交互。`Interaction.cs`定义了一个公共类，用于封装交互类型和对象，而`InteractionManager.cs`则是一个Unity组件，负责管理玩家与游戏对象的交互，包括拾取、烹饪和交谈，并通过事件监听和UI更新来响应这些交互。这两个脚本协同工作，为游戏中的交互逻辑提供了坚实的基础。

16. Inventory
# 路径:D:/Unity/open-project-1-main/UOP1_Project\Assets\Scripts\Inventory
# 内容概述:### 文件夹内容总结

“Inventory”文件夹汇集了Unity游戏开发中用于管理游戏内物品、库存、食谱和类型数据的脚本。核心脚本包括定义库存、物品类型、食谱和本地化信息的ScriptableObject类，以及处理可收集物品动画和状态的CollectableItem类。InventoryManager类负责库存管理，包括物品的增减和事件监听。此外，ItemInstance和ItemPicker类分别提供对物品实例的访问和选择项目的能力，而ItemStack类用于表示和管理物品堆叠。这些脚本相互协作，共同构建了一个模块化和可扩展的游戏内容管理系统。

17. Localization
# 路径:D:/Unity/open-project-1-main/UOP1_Project\Assets\Scripts\Localization
# 内容概述:### 文件夹内容总结

“Localization”文件夹汇集了Unity游戏本地化工具，包括用于TextMeshProUGUI组件的文本和字体本地化脚本（LocalizeComponent_TMProFont.cs和LocalizeTMProFontEvent.cs），以及一个用于场景名称本地化的脚本（LocalizeSceneNameFromSO.cs）。这些脚本协同工作，确保游戏中的文本和字体能够根据不同语言进行本地化处理。

18. Menu
# 路径:D:/Unity/open-project-1-main/UOP1_Project\Assets\Scripts\Menu
# 内容概述:“Menu”文件夹汇集了Unity游戏菜单系统的核心脚本，包括`MenuController.cs`负责菜单的显示与暂停控制，`MenuSelectionHandler.cs`处理用户选择与交互，`MultiInputButton.cs`和`MultiInputSelectableElement.cs`则增强了按钮的输入响应和交互事件处理。这些脚本协同工作，构建了一个功能完备的菜单交互系统，并通过`README.md`文档提供详细的设置和使用指导。

19. Pool
# 路径:D:/Unity/open-project-1-main/UOP1_Project\Assets\Scripts\Pool
# 内容概述:### 文件夹内容概览

“Pool”文件夹汇集了Unity游戏开发中用于粒子系统和对象池管理的脚本与配置文件。包含粒子系统配置、全局粒子池定义、对象池测试脚本以及对象池和组件池的管理脚本。这些资源旨在优化游戏性能和资源利用，通过对象池机制提高资源重用效率，并支持粒子系统的灵活配置和测试。

20. Quests
# 路径:D:/Unity/open-project-1-main/UOP1_Project\Assets\Scripts\Quests
# 内容概述:### 文件夹内容概览
“Quests”文件夹是Unity游戏开发的核心资源集，专注于任务和对话系统的设计。它包含角色图像、UI布局文件、编辑器脚本和可序列化对象，如任务、任务线和步骤的数据结构。文件夹内分为资源管理、编辑器配置、脚本对象和任务管理器，确保了从资源编辑到任务流程控制的连贯性。关键文件如“QuestManagerSO.cs”和“StepController.cs”负责任务流程和对话步骤的管理，而“Resources”和“ScriptableObjects”则提供了必要的配置和数据支持。

21. RuntimeAnchors
# 路径:D:/Unity/open-project-1-main/UOP1_Project\Assets\Scripts\RuntimeAnchors
# 内容概述:该“RuntimeAnchors”文件夹汇集了Unity游戏开发中路径存储和锚点管理的脚本。其中，`PathStorageSO.cs`负责持久化存储游戏路径信息，而`RuntimeAnchorBase.cs`提供了一个泛型锚点管理框架，`TransformAnchor.cs`则基于此框架实现与`Transform`组件关联的运行时锚点，以支持游戏中的导航和动画。这些脚本相互协作，为游戏场景管理和对象定位提供核心功能。

22. SaveSystem
# 路径:D:/Unity/open-project-1-main/UOP1_Project\Assets\Scripts\SaveSystem
# 内容概述:### 文件夹内容概要
“SaveSystem”文件夹汇集了Unity游戏开发中数据管理的关键脚本。主要包括`FileManager.cs`，负责本地文件读写和移动；`Save.cs`，用于序列化游戏设置和状态；`SaveSystem.cs`，管理游戏数据的保存与加载；`SerializableScriptableObject.cs`，实现Unity编辑器中对象的唯一标识；以及`SerializedItemStack.cs`，封装物品堆栈的序列化信息。这些脚本协同工作，确保游戏数据的有效保存和恢复。

23. SceneManagement
# 路径:D:/Unity/open-project-1-main/UOP1_Project\Assets\Scripts\SceneManagement
# 内容概述:“SceneManagement”文件夹汇集了Unity游戏开发的核心脚本，旨在高效管理游戏场景与设置。其中，ScriptableObjects子文件夹封装了游戏场景、位置、菜单等数据，通过继承基类实现通用场景管理功能。FallCatcher、InitializationLoader、LocationEntrance、LocationExit等脚本分别处理玩家碰撞、游戏初始化、位置入口与出口逻辑。SceneLoader负责场景的异步加载与卸载，而StartGame则管理游戏开始流程，包括新游戏和继续游戏选项。整体上，这些脚本协同工作，确保游戏场景的流畅切换和玩家交互的顺畅进行。

24. StateMachine
# 路径:D:/Unity/open-project-1-main/UOP1_Project\Assets\Scripts\StateMachine
# 内容概述:“StateMachine”文件夹汇集了Unity游戏开发中状态机框架的C#脚本，包括核心组件如状态、动作、条件和转换，以及状态机的管理逻辑。其中，“Core”子文件夹包含基础脚本，如状态组件接口、状态类、动作和条件抽象类，以及状态机核心类；“Debugging”子文件夹提供状态机调试工具；“Editor”子文件夹则集成了状态机设计和编辑工具，如模板、编辑器扩展和窗口；“ScriptableObjects”子文件夹定义了可序列化的对象，用于配置状态机组件；“Utilities”子文件夹提供自定义属性，用于标记初始化字段；“UOP1.StateMachine.asmdef”文件则定义了状态机模块的编译设置和依赖。

25. Systems
# 路径:D:/Unity/open-project-1-main/UOP1_Project\Assets\Scripts\Systems
# 内容概述:“Systems”文件夹汇集了Unity游戏设置管理的关键脚本，包括用于存储设置的`SettingsSO.cs`、管理设置的`SettingsSystem.cs`，以及负责音量、图形和语言设置的UI组件（如`UISettingsAudioComponent.cs`、`UISettingsGraphicsComponent.cs`和`UISettingsLanguageComponent.cs`）。这些脚本紧密协作，通过序列化机制实现设置数据的存储和用户交互，共同构成了一个完整的游戏设置管理系统。

26. UI
# 路径:D:/Unity/open-project-1-main/UOP1_Project\Assets\Scripts\UI
# 内容概述:“UI”文件夹汇集了Unity游戏开发中用于构建和管理用户界面的关键脚本。它涵盖了对话系统、库存管理、设置界面、加载界面、信用屏幕、通用按钮、健康条、心形显示、交互面板、主菜单、暂停界面、弹窗以及旋转动画等多个方面。这些脚本通过事件和函数调用相互协作，确保了游戏UI的完整性和交互性，共同构成了游戏流程中的关键用户界面元素。


2024-10-09 00:29:09,425 - INFO Retriever 0 - Agent主脑给出的回答为：{
    "deep_think": {
        "thoughts": "从“Scripts”文件夹下的文件结构来看，怪物攻击行为的逻辑很可能位于“Characters”或“StateMachine”文件夹中。在“Characters”文件夹中，有多个脚本与角色行为相关，如“Attack.cs”和“Attacker.cs”，这些可能是实现怪物攻击行为的地方。在“StateMachine”文件夹中，状态机通常用于控制复杂的行为逻辑，因此也可能是怪物攻击行为逻辑的实现地点。接下来，我将使用read_file操作，分别读取“Characters”和“StateMachine”文件夹下的相关脚本文件，以确定怪物攻击行为的逻辑具体位置。"
    }
}
2024-10-09 00:29:09,434 - INFO Retriever 0 - 是否成功解析：True
2024-10-09 00:29:09,434 - INFO Retriever 0 - operation_type (__det_dir_action):
2024-10-09 00:29:09,435 - INFO Retriever 0 - deep_think
2024-10-09 00:29:09,435 - INFO Retriever 0 - 

——————————————————————————————————————————————————————————————————————————————————————————————————————————————————————————
2024-10-09 00:29:09,435 - INFO Retriever 0 - Assistant:
2024-10-09 00:29:09,435 - INFO Retriever 0 - {
    "deep_think": {
        "thoughts": "从“Scripts”文件夹下的文件结构来看，怪物攻击行为的逻辑很可能位于“Characters”或“StateMachine”文件夹中。在“Characters”文件夹中，有多个脚本与角色行为相关，如“Attack.cs”和“Attacker.cs”，这些可能是实现怪物攻击行为的地方。在“StateMachine”文件夹中，状态机通常用于控制复杂的行为逻辑，因此也可能是怪物攻击行为逻辑的实现地点。接下来，我将使用read_file操作，分别读取“Characters”和“StateMachine”文件夹下的相关脚本文件，以确定怪物攻击行为的逻辑具体位置。"
    }
}
2024-10-09 00:29:09,436 - INFO Retriever 0 - dict_keys(['deep_think'])
2024-10-09 00:29:09,437 - INFO Retriever 0 - Agent主脑给出的行动：deep_think
参数：{'thoughts': '从“Scripts”文件夹下的文件结构来看，怪物攻击行为的逻辑很可能位于“Characters”或“StateMachine”文件夹中。在“Characters”文件夹中，有多个脚本与角色行为相关，如“Attack.cs”和“Attacker.cs”，这些可能是实现怪物攻击行为的地方。在“StateMachine”文件夹中，状态机通常用于控制复杂的行为逻辑，因此也可能是怪物攻击行为逻辑的实现地点。接下来，我将使用read_file操作，分别读取“Characters”和“StateMachine”文件夹下的相关脚本文件，以确定怪物攻击行为的逻辑具体位置。', 'repeat_counter': 1, 'continue_think_counter': 1}
2024-10-09 00:29:09,437 - INFO Retriever 0 - Observer: 好的，请继续你的下一步行动或思考。
2024-10-09 00:29:14,849 - INFO Retriever 0 - Agent主脑给出的回答为：{
    "read_file": {
        "file_path": "D:\\Unity\\open-project-1-main\\UOP1_Project\\Assets\\Scripts\\Characters\\Attack.cs"
    }
}
2024-10-09 00:29:14,850 - INFO Retriever 0 - 是否成功解析：True
2024-10-09 00:29:14,850 - INFO Retriever 0 - operation_type (__det_dir_action):
2024-10-09 00:29:14,850 - INFO Retriever 0 - read_file
2024-10-09 00:29:14,850 - INFO Retriever 0 - 

——————————————————————————————————————————————————————————————————————————————————————————————————————————————————————————
2024-10-09 00:29:14,850 - INFO Retriever 0 - Assistant:
2024-10-09 00:29:14,850 - INFO Retriever 0 - {
    "read_file": {
        "file_path": "D:\\Unity\\open-project-1-main\\UOP1_Project\\Assets\\Scripts\\Characters\\Attack.cs"
    }
}
2024-10-09 00:29:14,852 - INFO Retriever 0 - dict_keys(['read_file'])
2024-10-09 00:29:14,852 - INFO Retriever 0 - Agent主脑给出的行动：read_file
参数：{'file_path': 'D:\\Unity\\open-project-1-main\\UOP1_Project\\Assets\\Scripts\\Characters\\Attack.cs', 'top_path': 'D:\\Unity\\open-project-1-main\\UOP1_Project\\Assets', 'return_file_sum': <bound method TreeGenerationAction.return_file_sum of <Action.tree_gen_action.TreeGenerationAction object at 0x000001D219AAC9A0>>}
2024-10-09 00:29:14,895 - INFO Retriever 0 - Observer: 这是一个名为“Attack.cs”的文件，该文件里的内容为：
由于脚本文件内容过长，暂时仅给出该脚本文件的内容总结:
- ### 总体概述
该脚本名为“Attack.cs”，是Unity游戏开发环境中的一部分。它定义了一个名为`Attack`的类，该类继承自`MonoBehaviour`，这意味着它是一个Unity组件，可以附加到游戏对象上。脚本的主要功能是定义一个攻击行为，当游戏对象与另一个具有`Collider`组件的对象碰撞时触发。

### 模块和功能
- **攻击配置管理**：通过`AttackConfigSO`（一个预设对象，用于存储攻击配置）来管理攻击的属性，如攻击强度。
- **碰撞检测**：使用`OnTriggerEnter`方法检测与其他游戏对象的碰撞。
- **攻击执行**：当检测到非友军对象且该对象具有`Damageable`组件时，执行攻击。

### 类和函数
- **类**：`Attack`类
  - **作用**：定义了攻击行为。
  - **关键功能**：控制攻击的触发和执行。

- **函数**：
  - `Awake()`: Unity生命周期函数，在对象被实例化后立即调用。此函数将游戏对象设置为不可见。
  - `OnTriggerEnter(Collider other)`: Unity碰撞检测函数，当游戏对象与另一个具有`Collider`组件的对象发生触发碰撞时调用。它检查碰撞对象是否为友军，如果不是，则尝试获取`Damageable`组件并执行攻击。

### 实现逻辑
1. 在`Awake`方法中，游戏对象被设置为不可见。
2. 在`OnTriggerEnter`方法中，进行以下步骤：
   - 检查碰撞对象是否为友军。
   - 如果不是友军，检查碰撞对象是否具有`Damageable`组件。
   - 如果具有`Damageable`组件且未处于被击中状态，则使用`AttackConfigSO`中的攻击强度对目标执行攻击。
2024-10-09 00:29:17,155 - INFO Retriever 0 - Agent主脑给出的回答为：{
    "read_file": {
        "file_path": "D:\\Unity\\open-project-1-main\\UOP1_Project\\Assets\\Scripts\\StateMachine\\AttackState.cs"
    }
}
2024-10-09 00:29:17,156 - INFO Retriever 0 - 是否成功解析：True
2024-10-09 00:29:17,156 - INFO Retriever 0 - operation_type (__det_dir_action):
2024-10-09 00:29:17,156 - INFO Retriever 0 - read_file
2024-10-09 00:29:17,156 - INFO Retriever 0 - 

——————————————————————————————————————————————————————————————————————————————————————————————————————————————————————————
2024-10-09 00:29:17,156 - INFO Retriever 0 - Assistant:
2024-10-09 00:29:17,158 - INFO Retriever 0 - {
    "read_file": {
        "file_path": "D:\\Unity\\open-project-1-main\\UOP1_Project\\Assets\\Scripts\\StateMachine\\AttackState.cs"
    }
}
2024-10-09 00:29:17,158 - INFO Retriever 0 - dict_keys(['read_file'])
2024-10-09 00:29:17,158 - INFO Retriever 0 - Agent主脑给出的行动：read_file
参数：{'file_path': 'D:\\Unity\\open-project-1-main\\UOP1_Project\\Assets\\Scripts\\StateMachine\\AttackState.cs', 'top_path': 'D:\\Unity\\open-project-1-main\\UOP1_Project\\Assets', 'return_file_sum': <bound method TreeGenerationAction.return_file_sum of <Action.tree_gen_action.TreeGenerationAction object at 0x000001D219AAC9A0>>}
2024-10-09 00:29:17,159 - INFO Retriever 0 - Observer: D:\Unity\open-project-1-main\UOP1_Project\Assets\Scripts\StateMachine\AttackState.cs 路径错误。

2024-10-09 00:29:20,105 - INFO Retriever 0 - Agent主脑给出的回答为：{
    "read_file": {
        "file_path": "D:\\Unity\\open-project-1-main\\UOP1_Project\\Assets\\Scripts\\StateMachine\\AttackState.cs"
    }
}
2024-10-09 00:29:20,105 - INFO Retriever 0 - 是否成功解析：True
2024-10-09 00:29:20,105 - INFO Retriever 0 - operation_type (__det_dir_action):
2024-10-09 00:29:20,105 - INFO Retriever 0 - read_file
2024-10-09 00:29:20,106 - INFO Retriever 0 - 

——————————————————————————————————————————————————————————————————————————————————————————————————————————————————————————
2024-10-09 00:29:20,106 - INFO Retriever 0 - Assistant:
2024-10-09 00:29:20,106 - INFO Retriever 0 - {
    "read_file": {
        "file_path": "D:\\Unity\\open-project-1-main\\UOP1_Project\\Assets\\Scripts\\StateMachine\\AttackState.cs"
    }
}
2024-10-09 00:29:20,106 - INFO Retriever 0 - dict_keys(['read_file'])
2024-10-09 00:29:20,107 - INFO Retriever 0 - Agent主脑给出的行动：read_file
参数：{'file_path': 'D:\\Unity\\open-project-1-main\\UOP1_Project\\Assets\\Scripts\\StateMachine\\AttackState.cs', 'top_path': 'D:\\Unity\\open-project-1-main\\UOP1_Project\\Assets', 'return_file_sum': <bound method TreeGenerationAction.return_file_sum of <Action.tree_gen_action.TreeGenerationAction object at 0x000001D219AAC9A0>>}
2024-10-09 00:29:20,108 - INFO Retriever 0 - Observer: D:\Unity\open-project-1-main\UOP1_Project\Assets\Scripts\StateMachine\AttackState.cs 路径错误。

2024-10-09 00:29:22,166 - INFO Retriever 0 - Agent主脑给出的回答为：{
    "read_file": {
        "file_path": "D:\\Unity\\open-project-1-main\\UOP1_Project\\Assets\\Scripts\\StateMachine\\AttackState.cs"
    }
}
2024-10-09 00:29:22,166 - INFO Retriever 0 - 是否成功解析：True
2024-10-09 00:29:22,167 - INFO Retriever 0 - operation_type (__det_dir_action):
2024-10-09 00:29:22,167 - INFO Retriever 0 - read_file
2024-10-09 00:29:22,167 - INFO Retriever 0 - 

——————————————————————————————————————————————————————————————————————————————————————————————————————————————————————————
2024-10-09 00:29:22,167 - INFO Retriever 0 - Assistant:
2024-10-09 00:29:22,168 - INFO Retriever 0 - {
    "read_file": {
        "file_path": "D:\\Unity\\open-project-1-main\\UOP1_Project\\Assets\\Scripts\\StateMachine\\AttackState.cs"
    }
}
2024-10-09 00:29:22,168 - INFO Retriever 0 - dict_keys(['read_file'])
2024-10-09 00:29:22,168 - INFO Retriever 0 - Agent主脑给出的行动：read_file
参数：{'file_path': 'D:\\Unity\\open-project-1-main\\UOP1_Project\\Assets\\Scripts\\StateMachine\\AttackState.cs', 'top_path': 'D:\\Unity\\open-project-1-main\\UOP1_Project\\Assets', 'return_file_sum': <bound method TreeGenerationAction.return_file_sum of <Action.tree_gen_action.TreeGenerationAction object at 0x000001D219AAC9A0>>}
2024-10-09 00:29:22,169 - INFO Retriever 0 - Observer: D:\Unity\open-project-1-main\UOP1_Project\Assets\Scripts\StateMachine\AttackState.cs 路径错误。

2024-10-09 00:29:24,234 - INFO Retriever 0 - Agent主脑给出的回答为：{
    "read_file": {
        "file_path": "D:\\Unity\\open-project-1-main\\UOP1_Project\\Assets\\Scripts\\StateMachine\\AttackState.cs"
    }
}
2024-10-09 00:29:24,235 - INFO Retriever 0 - 是否成功解析：True
2024-10-09 00:29:24,235 - INFO Retriever 0 - operation_type (__det_dir_action):
2024-10-09 00:29:24,235 - INFO Retriever 0 - read_file
2024-10-09 00:29:24,235 - INFO Retriever 0 - 

——————————————————————————————————————————————————————————————————————————————————————————————————————————————————————————
2024-10-09 00:29:24,236 - INFO Retriever 0 - Assistant:
2024-10-09 00:29:24,236 - INFO Retriever 0 - {
    "read_file": {
        "file_path": "D:\\Unity\\open-project-1-main\\UOP1_Project\\Assets\\Scripts\\StateMachine\\AttackState.cs"
    }
}
2024-10-09 00:29:24,236 - INFO Retriever 0 - dict_keys(['read_file'])
2024-10-09 00:29:24,237 - INFO Retriever 0 - Agent主脑给出的行动：read_file
参数：{'file_path': 'D:\\Unity\\open-project-1-main\\UOP1_Project\\Assets\\Scripts\\StateMachine\\AttackState.cs', 'top_path': 'D:\\Unity\\open-project-1-main\\UOP1_Project\\Assets', 'return_file_sum': <bound method TreeGenerationAction.return_file_sum of <Action.tree_gen_action.TreeGenerationAction object at 0x000001D219AAC9A0>>}
2024-10-09 00:29:24,238 - INFO Retriever 0 - Observer: D:\Unity\open-project-1-main\UOP1_Project\Assets\Scripts\StateMachine\AttackState.cs 路径错误。

2024-10-09 00:29:27,177 - INFO Retriever 0 - Agent主脑给出的回答为：{
    "deep_think": {
        "thoughts": "在尝试读取“StateMachine”文件夹下的“AttackState.cs”文件时，我遇到了路径错误的问题。这可能是因为文件名或路径不正确。为了解决这个问题，我将重新检查“StateMachine”文件夹下的文件，以确定正确的文件路径。"
    }
}
2024-10-09 00:29:27,177 - INFO Retriever 0 - 是否成功解析：True
2024-10-09 00:29:27,177 - INFO Retriever 0 - operation_type (__det_dir_action):
2024-10-09 00:29:27,177 - INFO Retriever 0 - deep_think
2024-10-09 00:29:27,177 - INFO Retriever 0 - 

——————————————————————————————————————————————————————————————————————————————————————————————————————————————————————————
2024-10-09 00:29:27,177 - INFO Retriever 0 - Assistant:
2024-10-09 00:29:27,177 - INFO Retriever 0 - {
    "deep_think": {
        "thoughts": "在尝试读取“StateMachine”文件夹下的“AttackState.cs”文件时，我遇到了路径错误的问题。这可能是因为文件名或路径不正确。为了解决这个问题，我将重新检查“StateMachine”文件夹下的文件，以确定正确的文件路径。"
    }
}
2024-10-09 00:29:27,177 - INFO Retriever 0 - dict_keys(['deep_think'])
2024-10-09 00:29:27,177 - INFO Retriever 0 - Agent主脑给出的行动：deep_think
参数：{'thoughts': '在尝试读取“StateMachine”文件夹下的“AttackState.cs”文件时，我遇到了路径错误的问题。这可能是因为文件名或路径不正确。为了解决这个问题，我将重新检查“StateMachine”文件夹下的文件，以确定正确的文件路径。', 'repeat_counter': 1, 'continue_think_counter': 1}
2024-10-09 00:29:27,177 - INFO Retriever 0 - Observer: 好的，请继续你的下一步行动或思考。
2024-10-09 00:29:29,081 - INFO Retriever 0 - Agent主脑给出的回答为：{
    "get_folder_info": {
        "target_folder_path": "D:\\Unity\\open-project-1-main\\UOP1_Project\\Assets\\Scripts\\StateMachine"
    }
}
2024-10-09 00:29:29,083 - INFO Retriever 0 - 是否成功解析：True
2024-10-09 00:29:29,083 - INFO Retriever 0 - operation_type (__det_dir_action):
2024-10-09 00:29:29,083 - INFO Retriever 0 - get_folder_info
2024-10-09 00:29:29,083 - INFO Retriever 0 - 

——————————————————————————————————————————————————————————————————————————————————————————————————————————————————————————
2024-10-09 00:29:29,084 - INFO Retriever 0 - Assistant:
2024-10-09 00:29:29,084 - INFO Retriever 0 - {
    "get_folder_info": {
        "target_folder_path": "D:\\Unity\\open-project-1-main\\UOP1_Project\\Assets\\Scripts\\StateMachine"
    }
}
2024-10-09 00:29:29,084 - INFO Retriever 0 - dict_keys(['get_folder_info'])
2024-10-09 00:29:29,085 - INFO Retriever 0 - Agent主脑给出的行动：get_folder_info
参数：{'target_folder_path': 'D:\\Unity\\open-project-1-main\\UOP1_Project\\Assets\\Scripts\\StateMachine'}
2024-10-09 00:29:29,134 - INFO Retriever 0 - Observer: 目标文件夹路径：D:\Unity\open-project-1-main\UOP1_Project\Assets\Scripts\StateMachine
文件结构树（该结构树可能不完整，仅返回深度小于等于1层的子文件以及文件夹）：
├── Core
│   ├── IStateComponent.cs
│   ├── State.cs
│   ├── StateAction.cs
│   ├── StateCondition.cs
│   ├── StateMachine.cs
│   ├── StateTransition.cs
├── Debugging
│   ├── StateMachineDebugger.cs
├── Editor
│   ├── StateEditor.cs
│   ├── Templates
│   ...
│   ├── Utilities
├── ScriptableObjects
│   ├── DescriptionSMActionBaseSO.cs
│   ├── StateActionSO.cs
│   ├── StateConditionSO.cs
│   ├── StateSO.cs
│   ├── TransitionTableSO.cs
├── UOP1.StateMachine.asmdef
├── Utilities
│   ├── InitOnlyAttribute.cs


其中，部分主要文件及文件夹的信息如下：
1. StateMachine
# 路径:D:/Unity/open-project-1-main/UOP1_Project\Assets\Scripts\StateMachine
# 内容概述:“StateMachine”文件夹汇集了Unity游戏开发中状态机框架的C#脚本，包括核心组件如状态、动作、条件和转换，以及状态机的管理逻辑。其中，“Core”子文件夹包含基础脚本，如状态组件接口、状态类、动作和条件抽象类，以及状态机核心类；“Debugging”子文件夹提供状态机调试工具；“Editor”子文件夹则集成了状态机设计和编辑工具，如模板、编辑器扩展和窗口；“ScriptableObjects”子文件夹定义了可序列化的对象，用于配置状态机组件；“Utilities”子文件夹提供自定义属性，用于标记初始化字段；“UOP1.StateMachine.asmdef”文件则定义了状态机模块的编译设置和依赖。

2. Core
# 路径:D:/Unity/open-project-1-main/UOP1_Project\Assets\Scripts\StateMachine\Core
# 内容概述:“Core”文件夹汇集了Unity状态机框架的关键脚本，包括定义状态组件接口的“IStateComponent.cs”，实现状态管理的“State.cs”，处理状态动作的“StateAction.cs”，评估条件的“StateCondition.cs”，以及核心状态机逻辑的“StateMachine.cs”和“StateTransition.cs”。这些脚本相互关联，共同构成了一个用于管理游戏对象状态转换的完整框架。

3. Debugging
# 路径:D:/Unity/open-project-1-main/UOP1_Project\Assets\Scripts\StateMachine\Debugging
# 内容概述:## 文件夹内容简述

“Debugging”文件夹包含“StateMachineDebugger.cs”文件，这是一款Unity编辑器工具，用于调试状态机的转换过程，包括记录状态转换、条件评估和动作执行等详细信息。该工具通过`StateMachineDebugger`类及其相关函数，如`Awake`、`TransitionEvaluationBegin`等，实现了对状态机调试的全面支持。

4. Editor
# 路径:D:/Unity/open-project-1-main/UOP1_Project\Assets\Scripts\StateMachine\Editor
# 内容概述:### 文件夹内容概览

“Editor”文件夹汇集了Unity游戏开发中状态机设计和编辑所需的资源，包括脚本模板、工具和编辑器扩展。主要文件包括：

- **Templates**：提供状态机脚本模板，如动作和条件框架，辅助快速开发。
- **Utilities**：集成了编辑器扩展，如过渡项管理、GUI样式配置和属性编辑器，增强状态机编辑体验。
- **StateEditor.cs**：扩展StateSO编辑器界面，允许编辑动作列表。
- **TransitionTableEditor.cs**：管理过渡表，支持添加、删除和排序过渡。
- **TransitionTableEditorWindow.cs**：创建独立编辑器窗口，用于转换表的编辑和管理。
- **样式和布局文件**：定义了编辑器窗口的外观和布局。
- **Assembly Definition文件**：可能用于组织编辑器模块的编译和依赖。

这些资源共同构成了一个全面的状态机开发工具集，旨在简化Unity状态机的创建和管理流程。

5. ScriptableObjects
# 路径:D:/Unity/open-project-1-main/UOP1_Project\Assets\Scripts\StateMachine\ScriptableObjects
# 内容概述:该“ScriptableObjects”文件夹汇集了Unity游戏开发中状态机系统的关键脚本，包括用于描述动作的`DescriptionSMActionBaseSO.cs`，以及管理动作、条件和状态的`StateActionSO.cs`、`StateConditionSO.cs`和`StateSO.cs`。此外，`TransitionTableSO.cs`负责维护状态转换逻辑，确保状态机各组件协同工作。这些脚本共同构成了状态机的配置和管理框架。

6. Utilities
# 路径:D:/Unity/open-project-1-main/UOP1_Project\Assets\Scripts\StateMachine\Utilities
# 内容概述:“Utilities”文件夹内含Unity游戏开发专用的C#脚本文件`InitOnlyAttribute.cs`，该文件定义了`InitOnlyAttribute`自定义属性，用于标记Unity字段在初始化时设置，运行时不可更改。此属性通过继承`PropertyAttribute`，为Unity编辑器提供字段控制功能。

7. UOP1.StateMachine.asmdef
# 路径:D:/Unity/open-project-1-main/UOP1_Project\Assets\Scripts\StateMachine\UOP1.StateMachine.asmdef
# 内容概述:这是一个名为“UOP1.StateMachine.asmdef”的文件。


2024-10-09 00:29:31,337 - INFO Retriever 0 - Agent主脑给出的回答为：{
    "read_file": {
        "file_path": "D:\\Unity\\open-project-1-main\\UOP1_Project\\Assets\\Scripts\\StateMachine\\Core\\State.cs"
    }
}
2024-10-09 00:29:31,337 - INFO Retriever 0 - 是否成功解析：True
2024-10-09 00:29:31,337 - INFO Retriever 0 - operation_type (__det_dir_action):
2024-10-09 00:29:31,338 - INFO Retriever 0 - read_file
2024-10-09 00:29:31,338 - INFO Retriever 0 - 

——————————————————————————————————————————————————————————————————————————————————————————————————————————————————————————
2024-10-09 00:29:31,338 - INFO Retriever 0 - Assistant:
2024-10-09 00:29:31,338 - INFO Retriever 0 - {
    "read_file": {
        "file_path": "D:\\Unity\\open-project-1-main\\UOP1_Project\\Assets\\Scripts\\StateMachine\\Core\\State.cs"
    }
}
2024-10-09 00:29:31,338 - INFO Retriever 0 - dict_keys(['read_file'])
2024-10-09 00:29:31,339 - INFO Retriever 0 - Agent主脑给出的行动：read_file
参数：{'file_path': 'D:\\Unity\\open-project-1-main\\UOP1_Project\\Assets\\Scripts\\StateMachine\\Core\\State.cs', 'top_path': 'D:\\Unity\\open-project-1-main\\UOP1_Project\\Assets', 'return_file_sum': <bound method TreeGenerationAction.return_file_sum of <Action.tree_gen_action.TreeGenerationAction object at 0x000001D219AAC9A0>>}
2024-10-09 00:29:31,379 - INFO Retriever 0 - Observer: 这是一个名为“State.cs”的文件，该文件里的内容为：
由于脚本文件内容过长，暂时仅给出该脚本文件的内容总结:
- ### 总体概述
该脚本名为“State.cs”，属于一个状态机框架的一部分。它定义了一个名为`State`的类，该类用于表示状态机中的一个状态，并管理状态转换和动作。

### 模块和功能
- **状态管理**：定义了状态的基本属性和方法，如状态转换和动作执行。
- **状态进入**：`OnStateEnter`方法用于在状态激活时执行初始化动作。
- **状态更新**：`OnUpdate`方法用于在每一帧更新状态。
- **状态退出**：`OnStateExit`方法用于在状态停止时执行清理动作。
- **状态转换**：`TryGetTransition`方法用于尝试获取当前状态下的下一个状态转换。

### 类和函数
- **类**：`State`
  - `_originSO`：内部状态对象引用。
  - `_stateMachine`：状态机引用。
  - `_transitions`：状态转换数组。
  - `_actions`：状态动作数组。
- **函数**：
  - `State`：构造函数，初始化状态。
  - `OnStateEnter`：状态进入时调用的方法，执行所有转换和动作的`OnStateEnter`方法。
  - `OnUpdate`：每帧更新时调用的方法，执行所有动作的`OnUpdate`方法。
  - `OnStateExit`：状态退出时调用的方法，执行所有转换和动作的`OnStateExit`方法。
  - `TryGetTransition`：尝试获取下一个状态转换的方法。

### 实现逻辑
- 构造函数初始化状态对象，包括状态对象、状态机、转换和动作。
- `OnStateEnter`方法遍历所有转换和动作，并调用它们的`OnStateEnter`方法。
- `OnUpdate`方法遍历所有动作，并调用它们的`OnUpdate`方法。
- `OnStateExit`方法遍历所有转换和动作，并调用它们的`OnStateExit`方法。
- `TryGetTransition`方法遍历所有转换，尝试获取下一个状态，并清除转换条件缓存。
2024-10-09 00:29:35,566 - INFO Retriever 0 - Agent主脑给出的回答为：{
    "read_file": {
        "file_path": "D:\\Unity\\open-project-1-main\\UOP1_Project\\Assets\\Scripts\\StateMachine\\Core\\StateAction.cs"
    }
}
2024-10-09 00:29:35,567 - INFO Retriever 0 - 是否成功解析：True
2024-10-09 00:29:35,567 - INFO Retriever 0 - operation_type (__det_dir_action):
2024-10-09 00:29:35,567 - INFO Retriever 0 - read_file
2024-10-09 00:29:35,567 - INFO Retriever 0 - 

——————————————————————————————————————————————————————————————————————————————————————————————————————————————————————————
2024-10-09 00:29:35,567 - INFO Retriever 0 - Assistant:
2024-10-09 00:29:35,567 - INFO Retriever 0 - {
    "read_file": {
        "file_path": "D:\\Unity\\open-project-1-main\\UOP1_Project\\Assets\\Scripts\\StateMachine\\Core\\StateAction.cs"
    }
}
2024-10-09 00:29:35,567 - INFO Retriever 0 - dict_keys(['read_file'])
2024-10-09 00:29:35,567 - INFO Retriever 0 - Agent主脑给出的行动：read_file
参数：{'file_path': 'D:\\Unity\\open-project-1-main\\UOP1_Project\\Assets\\Scripts\\StateMachine\\Core\\StateAction.cs', 'top_path': 'D:\\Unity\\open-project-1-main\\UOP1_Project\\Assets', 'return_file_sum': <bound method TreeGenerationAction.return_file_sum of <Action.tree_gen_action.TreeGenerationAction object at 0x000001D219AAC9A0>>}
2024-10-09 00:29:35,622 - INFO Retriever 0 - Observer: 这是一个名为“StateAction.cs”的文件，该文件里的内容为：
由于脚本文件内容过长，暂时仅给出该脚本文件的内容总结:
- ### 总体概述
该脚本名为“StateAction.cs”，属于Unity游戏开发环境中的C#代码。它定义了一个名为`StateAction`的抽象类，该类用于表示状态机中的动作。这个类继承自`IStateComponent`接口，并提供了与状态机相关的行为和属性。

### 模块和功能
- **StateAction类**：主要模块，定义了状态动作的基本结构和功能。
  - `OriginSO`属性：提供对关联的`StateActionSO`的访问，用于访问共享数据。
  - `OnUpdate`方法：抽象方法，每个继承自`StateAction`的子类都必须实现，用于在状态机处于特定状态时每帧调用。
  - `Awake`方法：虚方法，用于在创建实例时缓存动作所需的组件。
  - `OnStateEnter`和`OnStateExit`方法：虚方法，分别在状态进入和退出时调用。

### 类和函数
- **StateAction类**：
  - 继承自`IStateComponent`接口。
  - 包含私有字段`_originSO`，用于存储与动作相关的共享对象。
  - 包含`OriginSO`属性，用于访问`StateActionSO`。
  - 包含`OnUpdate`抽象方法，用于每帧更新动作。
  - 包含`Awake`、`OnStateEnter`和`OnStateExit`虚方法，用于状态机的生命周期管理。
- **SpecificMoment枚举**：
  - 定义了三个可能的动作执行时刻：`OnStateEnter`、`OnStateExit`和`OnUpdate`。

### 实现逻辑
- `StateAction`类提供了一个框架，用于创建可以在状态机中执行的动作。
- 子类需要实现`OnUpdate`方法，以定义动作的具体行为。
- `Awake`方法允许子类在实例化时进行初始化。
- `OnStateEnter`和`OnStateExit`方法允许子类在状态改变时执行额外的逻辑。
- `SpecificMoment`枚举提供了灵活性，允许在状态动作中根据不同的时刻执行不同的行为。
2024-10-09 00:29:40,324 - INFO Retriever 0 - Agent主脑给出的回答为：{
    "read_file": {
        "file_path": "D:\\Unity\\open-project-1-main\\UOP1_Project\\Assets\\Scripts\\StateMachine\\Core\\StateTransition.cs"
    }
}
2024-10-09 00:29:40,325 - INFO Retriever 0 - 是否成功解析：True
2024-10-09 00:29:40,325 - INFO Retriever 0 - operation_type (__det_dir_action):
2024-10-09 00:29:40,325 - INFO Retriever 0 - read_file
2024-10-09 00:29:40,326 - INFO Retriever 0 - 

——————————————————————————————————————————————————————————————————————————————————————————————————————————————————————————
2024-10-09 00:29:40,326 - INFO Retriever 0 - Assistant:
2024-10-09 00:29:40,326 - INFO Retriever 0 - {
    "read_file": {
        "file_path": "D:\\Unity\\open-project-1-main\\UOP1_Project\\Assets\\Scripts\\StateMachine\\Core\\StateTransition.cs"
    }
}
2024-10-09 00:29:40,326 - INFO Retriever 0 - dict_keys(['read_file'])
2024-10-09 00:29:40,327 - INFO Retriever 0 - Agent主脑给出的行动：read_file
参数：{'file_path': 'D:\\Unity\\open-project-1-main\\UOP1_Project\\Assets\\Scripts\\StateMachine\\Core\\StateTransition.cs', 'top_path': 'D:\\Unity\\open-project-1-main\\UOP1_Project\\Assets', 'return_file_sum': <bound method TreeGenerationAction.return_file_sum of <Action.tree_gen_action.TreeGenerationAction object at 0x000001D219AAC9A0>>}
2024-10-09 00:29:40,367 - INFO Retriever 0 - Observer: 这是一个名为“StateTransition.cs”的文件，该文件里的内容为：
由于脚本文件内容过长，暂时仅给出该脚本文件的内容总结:
- ### 总体概述
- **框架和模块化结构**：该脚本定义了一个名为`StateTransition`的类，该类实现了`IStateComponent`接口。类中包含了状态转换所需的目标状态、条件数组、结果组以及结果状态。
- **主要功能和目标**：该脚本的主要功能是管理状态转换，检查是否满足转换到目标状态的条件，并在满足条件时执行相应的转换。

### 模块和功能
- **状态转换管理**：负责检查和执行状态之间的转换。
- **条件检查**：包含一个条件数组，用于判断是否满足转换到目标状态的条件。
- **结果组管理**：管理结果组，用于跟踪条件是否满足。

### 类和函数
- **类**：`StateTransition`
  - **作用**：管理状态转换逻辑。
- **函数**：
  - `Init`: 初始化状态转换，设置目标状态、条件和结果组。
  - `TryGetTransition`: 尝试获取转换状态，如果条件满足则返回目标状态。
  - `OnStateEnter`: 当状态进入时调用，用于初始化条件。
  - `OnStateExit`: 当状态退出时调用，用于清理条件。
  - `ShouldTransition`: 检查是否满足转换条件。
  - `ClearConditionsCache`: 清除条件缓存。

### 实现逻辑
- 初始化状态转换时，设置目标状态、条件和结果组。
- 在`ShouldTransition`方法中，遍历条件数组，检查每个条件是否满足，并根据结果组更新结果状态。
- 如果所有条件都满足，则返回目标状态，否则返回`null`。
- 在状态进入和退出时，调用相应的条件初始化和清理方法。
2024-10-09 00:29:47,190 - INFO Retriever 0 - Agent主脑给出的回答为：{
    "deep_think": {
        "thoughts": "通过阅读“State.cs”、“StateAction.cs”和“StateTransition.cs”文件的内容总结，我了解到这些文件是状态机框架的核心部分，它们定义了状态、动作和转换的基本结构和功能。虽然这些文件没有直接提供怪物攻击行为的逻辑，但它们为理解状态机的工作原理和如何实现复杂的行为逻辑提供了基础。\n\n接下来，我将使用read_file操作，读取“Characters”文件夹下的“Attack.cs”文件，以获取更多关于怪物攻击行为逻辑的信息。"
    }
}
2024-10-09 00:29:47,190 - INFO Retriever 0 - 是否成功解析：True
2024-10-09 00:29:47,190 - INFO Retriever 0 - operation_type (__det_dir_action):
2024-10-09 00:29:47,191 - INFO Retriever 0 - deep_think
2024-10-09 00:29:47,191 - INFO Retriever 0 - 

——————————————————————————————————————————————————————————————————————————————————————————————————————————————————————————
2024-10-09 00:29:47,191 - INFO Retriever 0 - Assistant:
2024-10-09 00:29:47,191 - INFO Retriever 0 - {
    "deep_think": {
        "thoughts": "通过阅读“State.cs”、“StateAction.cs”和“StateTransition.cs”文件的内容总结，我了解到这些文件是状态机框架的核心部分，它们定义了状态、动作和转换的基本结构和功能。虽然这些文件没有直接提供怪物攻击行为的逻辑，但它们为理解状态机的工作原理和如何实现复杂的行为逻辑提供了基础。\n\n接下来，我将使用read_file操作，读取“Characters”文件夹下的“Attack.cs”文件，以获取更多关于怪物攻击行为逻辑的信息。"
    }
}
2024-10-09 00:29:47,191 - INFO Retriever 0 - dict_keys(['deep_think'])
2024-10-09 00:29:47,193 - INFO Retriever 0 - Agent主脑给出的行动：deep_think
参数：{'thoughts': '通过阅读“State.cs”、“StateAction.cs”和“StateTransition.cs”文件的内容总结，我了解到这些文件是状态机框架的核心部分，它们定义了状态、动作和转换的基本结构和功能。虽然这些文件没有直接提供怪物攻击行为的逻辑，但它们为理解状态机的工作原理和如何实现复杂的行为逻辑提供了基础。\n\n接下来，我将使用read_file操作，读取“Characters”文件夹下的“Attack.cs”文件，以获取更多关于怪物攻击行为逻辑的信息。', 'repeat_counter': 1, 'continue_think_counter': 1}
2024-10-09 00:29:47,193 - INFO Retriever 0 - Observer: 好的，请继续你的下一步行动或思考。
2024-10-09 00:29:52,181 - INFO Retriever 0 - Agent主脑给出的回答为：{
    "read_file": {
        "file_path": "D:\\Unity\\open-project-1-main\\UOP1_Project\\Assets\\Scripts\\Characters\\Attack.cs"
    }
}
2024-10-09 00:29:52,181 - INFO Retriever 0 - 是否成功解析：True
2024-10-09 00:29:52,181 - INFO Retriever 0 - operation_type (__det_dir_action):
2024-10-09 00:29:52,181 - INFO Retriever 0 - read_file
2024-10-09 00:29:52,181 - INFO Retriever 0 - 

——————————————————————————————————————————————————————————————————————————————————————————————————————————————————————————
2024-10-09 00:29:52,181 - INFO Retriever 0 - Assistant:
2024-10-09 00:29:52,181 - INFO Retriever 0 - {
    "read_file": {
        "file_path": "D:\\Unity\\open-project-1-main\\UOP1_Project\\Assets\\Scripts\\Characters\\Attack.cs"
    }
}
2024-10-09 00:29:52,181 - INFO Retriever 0 - dict_keys(['read_file'])
2024-10-09 00:29:52,181 - INFO Retriever 0 - Agent主脑给出的行动：read_file
参数：{'file_path': 'D:\\Unity\\open-project-1-main\\UOP1_Project\\Assets\\Scripts\\Characters\\Attack.cs', 'top_path': 'D:\\Unity\\open-project-1-main\\UOP1_Project\\Assets', 'return_file_sum': <bound method TreeGenerationAction.return_file_sum of <Action.tree_gen_action.TreeGenerationAction object at 0x000001D219AAC9A0>>}
2024-10-09 00:29:52,229 - INFO Retriever 0 - Observer: 这是一个名为“Attack.cs”的文件，该文件里的内容为：
由于脚本文件内容过长，暂时仅给出该脚本文件的内容总结:
- ### 总体概述
该脚本名为“Attack.cs”，是Unity游戏开发环境中的一部分。它定义了一个名为`Attack`的类，该类继承自`MonoBehaviour`，这意味着它是一个Unity组件，可以附加到游戏对象上。脚本的主要功能是定义一个攻击行为，当游戏对象与另一个具有`Collider`组件的对象碰撞时触发。

### 模块和功能
- **攻击配置管理**：通过`AttackConfigSO`（一个预设对象，用于存储攻击配置）来管理攻击的属性，如攻击强度。
- **碰撞检测**：使用`OnTriggerEnter`方法检测与其他游戏对象的碰撞。
- **攻击执行**：当检测到非友军对象且该对象具有`Damageable`组件时，执行攻击。

### 类和函数
- **类**：`Attack`类
  - **作用**：定义了攻击行为。
  - **关键功能**：控制攻击的触发和执行。

- **函数**：
  - `Awake()`: Unity生命周期函数，在对象被实例化后立即调用。此函数将游戏对象设置为不可见。
  - `OnTriggerEnter(Collider other)`: Unity碰撞检测函数，当游戏对象与另一个具有`Collider`组件的对象发生触发碰撞时调用。它检查碰撞对象是否为友军，如果不是，则尝试获取`Damageable`组件并执行攻击。

### 实现逻辑
1. 在`Awake`方法中，游戏对象被设置为不可见。
2. 在`OnTriggerEnter`方法中，进行以下步骤：
   - 检查碰撞对象是否为友军。
   - 如果不是友军，检查碰撞对象是否具有`Damageable`组件。
   - 如果具有`Damageable`组件且未处于被击中状态，则使用`AttackConfigSO`中的攻击强度对目标执行攻击。
2024-10-09 00:29:54,457 - INFO Retriever 0 - Agent主脑给出的回答为：{
    "finish": "我已完成你所给出的任务需求，请你进行确认"
}
2024-10-09 00:29:54,458 - INFO Retriever 0 - 是否成功解析：True
2024-10-09 00:29:54,458 - INFO Retriever 0 - operation_type (__det_dir_action):
2024-10-09 00:29:54,458 - INFO Retriever 0 - finish
2024-10-09 00:29:54,458 - INFO Retriever 0 - 

——————————————————————————————————————————————————————————————————————————————————————————————————————————————————————————
2024-10-09 00:29:54,458 - INFO Retriever 0 - Assistant:
2024-10-09 00:29:54,459 - INFO Retriever 0 - {
    "finish": "我已完成你所给出的任务需求，请你进行确认"
}
2024-10-09 00:29:54,459 - INFO Retriever 0 - dict_keys(['finish'])
2024-10-09 00:29:54,459 - INFO Retriever 0 - ——————————————————————————————————— 任务结束 ———————————————————————————————————
2024-10-09 00:30:14,442 - INFO Retriever 0 - -------------------------Task Report-----------------------
2024-10-09 00:30:14,442 - INFO Retriever 0 - * 文件一：
    * 文件绝对路径：D:\Unity\open-project-1-main\UOP1_Project\Assets\Scripts\Characters\Attack.cs
    * 文件内容概述：该脚本定义了一个名为`Attack`的类，用于实现游戏对象的攻击行为。它通过检测与具有`Collider`组件的非友军对象的碰撞来触发攻击，并使用`AttackConfigSO`预设对象来管理攻击属性，如攻击强度。
    * 该文件与问题目标之间的关联性：该脚本直接涉及到攻击行为的实现，因此与怪物攻击行为的逻辑直接相关。

* 文件二：
    * 文件绝对路径：D:\Unity\open-project-1-main\UOP1_Project\Assets\Scripts\StateMachine\Core\State.cs
    * 文件内容概述：该脚本定义了一个名为`State`的类，用于表示状态机中的一个状态，并管理状态转换和动作。它提供了状态进入、更新和退出的方法，以及尝试获取下一个状态转换的方法。
    * 该文件与问题目标之间的关联性：虽然该脚本不直接包含攻击行为的逻辑，但它作为状态机框架的一部分，可能被用于管理怪物攻击状态，因此与问题目标间接相关。

* 文件三：
    * 文件绝对路径：D:\Unity\open-project-1-main\UOP1_Project\Assets\Scripts\StateMachine\Core\StateAction.cs
    * 文件内容概述：该脚本定义了一个名为`StateAction`的抽象类，用于表示状态机中的动作。它提供了与状态机相关的行为和属性，如动作执行时刻和关联的共享对象。
    * 该文件与问题目标之间的关联性：该脚本作为状态机动作的基类，可能被用于实现怪物攻击动作，因此与问题目标间接相关。

* 文件四：
    * 文件绝对路径：D:\Unity\open-project-1-main\UOP1_Project\Assets\Scripts\StateMachine\Core\StateTransition.cs
    * 文件内容概述：该脚本定义了一个名为`StateTransition`的类，用于管理状态转换。它提供了检查和执行状态转换的逻辑，包括条件检查和结果组管理。
    * 该文件与问题目标之间的关联性：该脚本作为状态机转换的核心部分，可能被用于控制怪物从非攻击状态转换到攻击状态，因此与问题目标间接相关。

以上是本次项目文件搜索过程中所搜索到的所有与问题目标相关的文件及其内容概述，以及它们与问题目标之间可能的关联性。
2024-10-09 00:30:14,448 - INFO Retriever 0 - 
Token Consuming:205014

2024-10-09 00:30:14,448 - INFO Retriever 0 - 
history rounds:24

