2024-10-10 15:38:36,475 - INFO Retriever 0 - Init Retriever.
2024-10-10 15:38:48,786 - INFO Retriever 0 - keywords:“control”，“player death”，“重生”，“位置”，“position”，“rebirth location”，“beginning”，“初始位置”，“重生位置”，“dying”，“player dying”，“initial position”，“death”，“控制”，“reincarnation”，“玩家”，“revival”，“ UIControl”，“玩家死亡”，“player”，“死亡”，“初始”，“location”
2024-10-10 15:38:48,787 - INFO Retriever 0 - deep_think_conent
:在获取了项目文件的顶层结构后，我还需要结合待查询的问题描述，对于项目中的文件和目录进行一些深度关键词检索。根据任务描述：“请在D:\Unity\open-project-1-main\UOP1_Project\Assets下各级目录中寻找：游戏中玩家死亡后重生的位置以及玩家开局时的初始位置控制在那里？”，我总结出如下可能会出现在各个文件名或者文件内容中的关键词：“control”，“player death”，“重生”，“位置”，“position”，“rebirth location”，“beginning”，“初始位置”，“重生位置”，“dying”，“player dying”，“initial position”，“death”，“控制”，“reincarnation”，“玩家”，“revival”，“ UIControl”，“玩家死亡”，“player”，“死亡”，“初始”，“location”。
接下来，我将使用retrieve_keywords操作，在项目顶层路径“D:\Unity\open-project-1-main\UOP1_Project\Assets”下检索这些关键词，从而大致把握可能与问题描述相关的文件或目录的路径。
2024-10-10 15:38:48,824 - INFO Retriever 0 - ——————————————————————————————————————————————————————————————————————————————————————————————————————————————————————————
2024-10-10 15:38:48,825 - INFO Retriever 0 - Assistant:
2024-10-10 15:38:48,825 - INFO Retriever 0 - {
    "deep_think": {
        "thoughts": "好的，接下来我将通过深度思考、仔细计划以及逐步执行的方式，来完成该任务。\n\n首先，在阅读详细的代码细节之前，应该先整体把握整个项目。\n\n在提供的可选的action中，可以通过get_folder_info操作，通过将项目顶层路径作为target_folder_path参数进行传入，来获取获取项目中主要文件夹和主要文件的描述，从而能够先大致把握项目文件的主要文件的文件树结构、基本内容、主要代码概述以及大致功能板块的分布。"
    }
}
2024-10-10 15:38:48,825 - INFO Retriever 0 - 
Observer:
2024-10-10 15:38:48,825 - INFO Retriever 0 - 好的，请继续你的下一步行动或思考。
2024-10-10 15:38:48,826 - INFO Retriever 0 - 
2024-10-10 15:38:49,438 - INFO Retriever 0 - ——————————————————————————————————————————————————————————————————————————————————————————————————————————————————————————
2024-10-10 15:38:49,438 - INFO Retriever 0 - Assistant:
2024-10-10 15:38:49,438 - INFO Retriever 0 - {
    "get_folder_info": {
        "target_folder_path": "D:\\Unity\\open-project-1-main\\UOP1_Project\\Assets"
    }
}
2024-10-10 15:38:49,438 - INFO Retriever 0 - 
Observer:
2024-10-10 15:38:49,438 - INFO Retriever 0 - 目标文件夹路径：D:\Unity\open-project-1-main\UOP1_Project\Assets
文件结构树（该结构树可能不完整，仅返回深度小于等于1层的子文件以及文件夹）：
├── .DS_Store
├── Addons
│   ├── DOTween
│   ├── TextMeshPro
├── AddressableAssetsData
│   ├── AddressableAssetSettings.asset
│   ├── AssetGroupTemplates
│   ├── AssetGroups
│   ├── DataBuilders
│   ├── DefaultObject.asset
│   ├── Windows
├── Art
│   ├── Accessories
│   ├── Characters
│   ...
│   ├── UI
├── Audio
│   ├── Music
│   ├── SFX
├── Cutscenes
│   ├── AudioTests.playable
│   ├── BeachCandyCutscene.playable
│   ...
│   ├── TownCutscene.playable
├── LocalizationFiles
│   ├── .DS_Store
│   ├── AssetTables
│   ├── GoogleSheetService_ChopChop.asset
│   ├── Locales
│   ├── LocalizationSettings.asset
├── Prefabs
│   ├── Accessories
│   ├── Audio
│   ...
│   ├── _SceneChunks
├── ProBuilder Data
│   ├── Default Color Palette.asset
│   ├── Default Material Palette.asset
├── Scenes
│   ├── Examples
│   ├── Locations
│   ├── Managers
│   ├── Menus
│   ├── WIP
│   ├── Whiteboxing
├── ScriptableObjects
│   ├── Audio
│   ├── Configs
│   ...
│   ├── StateMachine
├── Scripts
│   ├── Animation
│   ├── Audio
│   ...
│   ├── UI
├── Settings
│   ├── Audio
│   ├── Graphics
│   ├── Input
│   ├── LightBakingSettings
│   ├── Presets
├── Shaders
│   ├── AggroEffect.shadergraph
│   ├── CustomHLSL
│   ...
│   ├── Water_Sea.shadergraph
├── TextData
│   ├── ContributorsList.txt
├── Tutorials
│   ├── Icons
│   ├── Images
│   ├── TutorialProjectSettings.asset
│   ├── TutorialWelcomePage.asset
│   ├── Tutorials.asset
├── WIP
│   ├── Materials
│   ├── Prefabs
│   ├── SourceFiles
│   ├── Textures


其中，部分主要文件及文件夹的信息如下：
1. Assets
# 路径:D:/Unity/open-project-1-main/UOP1_Project\Assets
# 内容概述:“Assets”文件夹汇集了Unity游戏开发所需的多种资源，包括动画、文本处理、音频、艺术资产、场景和脚本等。其中，“Addons”子文件夹提供了DOTween和TextMeshPro等插件，分别用于动画和文本渲染；“AddressableAssetsData”则专注于资源管理和配置；“Art”包含3D模型、动画和视觉效果等创意资源；“Audio”提供背景音乐和声音效果；“Cutscenes”包含剧情相关文件；“LocalizationFiles”支持多语言本地化；“Prefabs”提供可复用的游戏对象；“Scenes”涉及场景设计和导航；“ScriptableObjects”存储游戏配置；“Scripts”包含脚本文件；“Settings”管理音频、图形和输入设置；“Shaders”提供自定义着色器；“TextData”记录项目贡献者；“Tutorials”提供开发指导；“WIP”存放开发中的资源。整体上，这些文件夹和文件协同工作，构成了一个完整且功能丰富的游戏开发环境。

2. Addons
# 路径:D:/Unity/open-project-1-main/UOP1_Project\Assets\Addons
# 内容概述:“Addons”文件夹汇集了两个Unity插件：DOTween和TextMeshPro。DOTween提供全面的动画和缓动解决方案，包含编辑器工具和模块化脚本，旨在增强Unity中的动画效果。TextMeshPro则专注于文本渲染和视觉效果，提供丰富的字体资源、样式表和表情符号，以丰富游戏中的文本显示。两个插件均附有详细的使用说明和许可协议，旨在为Unity开发者提供高效的内容创作工具。

3. AddressableAssetsData
# 路径:D:/Unity/open-project-1-main/UOP1_Project\Assets\AddressableAssetsData
# 内容概述:### 简化版文件夹内容总结

“AddressableAssetsData”文件夹是Unity游戏开发的核心资源管理区域，汇集了资源打包模板、详细配置文件、脚本组件以及操作系统相关状态文件。它包括资源管理模板（AssetGroupTemplates）、资源与场景管理配置（AssetGroups）、脚本配置（DataBuilders）、操作系统资源状态文件（Windows和OSX），以及可寻址资源设置（AddressableAssetSettings.asset）和默认对象配置（DefaultObject.asset）。这些文件和文件夹协同工作，确保了游戏资源的有效管理和优化。

4. Art
# 路径:D:/Unity/open-project-1-main/UOP1_Project\Assets\Art
# 内容概述:“Art”文件夹汇集了丰富多样的创意资源，包括3D模型、动画、字体、视觉效果和用户界面设计等，适用于游戏开发、动画制作和视觉设计。其中，**Accessories** 和 **Characters** 提供了丰富的角色和道具模型，**Effects** 包含了用于特效制作的资源，**Font** 提供了字体设计和智能合约代码，**Items** 和 **Nature** 则专注于游戏和动画中的物品和自然景观设计。此外，**Materials**、**Skybox**、**Textures** 和 **UI** 分别提供了材质、环境纹理、用户界面元素等，共同构成了一个全面的艺术资源库。

5. Audio
# 路径:D:/Unity/open-project-1-main/UOP1_Project\Assets\Audio
# 内容概述:“Audio”文件夹汇集了音乐与声音效果两大类资源。其中，“Music”子文件夹专注于为游戏或多媒体项目中的不同场景提供定制背景音乐，包括海滩、森林、城镇等，以及一系列主题音乐和暂停菜单音乐。而“SFX”子文件夹则包含了丰富的声音效果，涵盖角色动作、厨房环境以及界面交互等，旨在增强多媒体项目的沉浸感和互动性。这两个子文件夹的资源相互配合，共同构建了项目的音频环境。

6. Cutscenes
# 路径:D:/Unity/open-project-1-main/UOP1_Project\Assets\Cutscenes
# 内容概述:### 文件夹内容总结

“Cutscenes”文件夹汇集了多种游戏剧情相关的可播放文件，包括海滩、镇子等场景的剧情片段，如开场、游戏结束等。这些文件与“Signals”文件夹中的信号文件协同工作，共同构建游戏的故事情节和动态事件。

7. LocalizationFiles
# 路径:D:/Unity/open-project-1-main/UOP1_Project\Assets\LocalizationFiles
# 内容概述:### 文件夹内容总结

“LocalizationFiles”文件夹汇集了Unity游戏开发所需的本地化资源和配置文件。其中，.DS_Store文件负责Mac系统文件夹个性化设置，而“Locales”子文件夹内包含多语言本地化资产，如英文、法语和意大利语设置。此外，GoogleSheetService_ChopChop.asset脚本组件用于与Google Sheets服务集成，而LocalizationSettings.asset则定义了游戏的本地化设置和格式化规则，确保游戏在不同语言环境下的正确显示。这些文件共同支撑起游戏的多语言功能和数据管理。

8. Prefabs
# 路径:D:/Unity/open-project-1-main/UOP1_Project\Assets\Prefabs
# 内容概述:“Prefabs”文件夹汇集了多样化的预制资源，专为游戏和虚拟现实项目设计。它包含角色装饰、音频管理、NPC与场景构建、动画场景、可收集物品、编辑器工具、视觉效果、食物与家具模型、UI界面、独特场景元素等预制件，旨在加速游戏开发流程，丰富游戏世界和角色设定，同时确保视觉和交互体验的丰富性。

9. ProBuilder Data
# 路径:D:/Unity/open-project-1-main/UOP1_Project\Assets\ProBuilder Data
# 内容概述:“ProBuilder Data”文件夹汇集了两个Unity游戏引擎相关资产文件：一个是“Default Color Palette.asset”，定义了15种默认颜色调色板，供游戏界面和视觉效果使用；另一个是“Default Material Palette.asset”，包含一个Unity材质调色板脚本组件，可能用于存储和应用颜色配置。这两个文件共同服务于游戏视觉设计。

10. Scenes
# 路径:D:/Unity/open-project-1-main/UOP1_Project\Assets\Scenes
# 内容概述:“Scenes”文件夹是Unity游戏开发的核心资源库，汇集了多样化的场景设计元素。其中，“Examples”展示了场景导航网络示例，“Locations”提供了多种场景的光照、反射和导航数据，“Menus”则专注于游戏菜单的光照效果。此外，“WIP”包含正在开发中的场景照明和导航设置，而“Whiteboxing”则涵盖了城镇景观和地图构建资源。整体上，这些文件夹相互关联，共同构建了游戏世界的视觉和功能框架。遗憾的是，“Managers”文件夹的具体内容尚未明确，其关联性分析有待进一步信息。

11. ScriptableObjects
# 路径:D:/Unity/open-project-1-main/UOP1_Project\Assets\ScriptableObjects
# 内容概述:“ScriptableObjects”文件夹是Unity游戏项目的核心配置中心，汇集了音频、游戏机制、对话、事件通道、游戏状态、输入管理、交互、库存、物品类型、路径、任务、运行时锚点、保存系统、场景数据和状态机等关键组件的配置文件。这些文件相互关联，共同支撑起游戏的基本机制和玩家体验，确保了从音效到游戏逻辑的每一部分都能无缝协作，为玩家提供连贯且丰富的游戏体验。

12. Scripts
# 路径:D:/Unity/open-project-1-main/UOP1_Project\Assets\Scripts
# 内容概述:“Scripts”文件夹是Unity游戏开发的核心，汇集了动画控制、音频管理、角色行为、摄像机操作、场景管理等关键脚本，旨在构建流畅的游戏体验。它还包含了对话系统、库存管理、用户界面、输入处理、交互逻辑等脚本，确保游戏交互丰富且直观。此外，文件夹内还涵盖了保存系统、状态机、系统设置、本地化工具以及编辑器辅助工具，以支持高效的游戏开发和资源管理。这些脚本相互协作，共同构成了一个功能全面、结构清晰的游戏开发框架。

13. Settings
# 路径:D:/Unity/open-project-1-main/UOP1_Project\Assets\Settings
# 内容概述:“Settings”文件夹汇集了游戏开发的关键配置文件，包括音频混合器设置、图形渲染和视觉效果配置、输入系统定义、光照烘焙参数以及预设导入设置。这些子文件夹（Audio、Graphics、Input、LightBakingSettings、Presets）分别针对音频处理、视觉效果、玩家交互、光照效果优化和文件导入优化，确保游戏在音效、视觉、操作和性能上的高质量体验。

14. Shaders
# 路径:D:/Unity/open-project-1-main/UOP1_Project\Assets\Shaders
# 内容概述:“Shaders”文件夹汇集了多种图形渲染和视觉效果资源，包括自定义着色器代码（如CustomHLSL中的自定义光照效果）、调试工具（如Debug文件夹中的顶点着色器调试）、以及一系列子图文件（如SubGraphs中的多种视觉效果子图）。此外，Unused文件夹包含了未使用的Unity项目资源，如自定义渲染脚本、水效果和ShaderGraph编辑文件。这些资源共同服务于图形渲染和视觉效果的开发，适用于游戏和视觉效果制作。

15. TextData
# 路径:D:/Unity/open-project-1-main/UOP1_Project\Assets\TextData
# 内容概述:“TextData”文件夹专注于存储项目贡献者信息，其中包含一个名为“ContributorsList.txt”的文件，记录了项目开发者和艺术家的名单及其角色。

16. Tutorials
# 路径:D:/Unity/open-project-1-main/UOP1_Project\Assets\Tutorials
# 内容概述:“Tutorials”文件夹汇集了Unity游戏开发的丰富资源，包括图标和图像设计文件，用于界面视觉元素。其中，**TutorialProjectSettings.asset** 配置了教程项目的初始场景和相机设置，而**TutorialWelcomePage.asset** 则创建了项目欢迎页面，介绍“Chop Chop”游戏并引导用户。此外，**Tutorials.asset** 提供了教程页面的详细配置，涵盖项目资源获取、讨论论坛、开发日志等，为开发者提供了全面的学习和参与途径。这些文件共同构成了一个完整的教学和资源支持体系，旨在辅助开发者深入学习和实践Unity游戏开发。

17. WIP
# 路径:D:/Unity/open-project-1-main/UOP1_Project\Assets\WIP
# 内容概述:“WIP”文件夹汇集了游戏开发所需的多媒体资源，包括用于场景设计的材质（如草地、天空盒等），预制体组件（如菜单、物体），以及图像素材和纹理（如国旗、地图纹理）。这些资源相互关联，共同构成了游戏世界的视觉和交互基础。

18. .DS_Store
# 路径:D:/Unity/open-project-1-main/UOP1_Project\Assets\.DS_Store
# 内容概述:这是一个名为“.DS_Store”的文件。


2024-10-10 15:38:49,440 - INFO Retriever 0 - 
2024-10-10 15:38:49,442 - INFO Retriever 0 - ——————————————————————————————————————————————————————————————————————————————————————————————————————————————————————————
2024-10-10 15:38:49,442 - INFO Retriever 0 - Assistant:
2024-10-10 15:38:49,442 - INFO Retriever 0 - {
    "deep_think": {
        "thoughts": "在获取了项目文件的顶层结构后，我还需要结合待查询的问题描述，对于项目中的文件和目录进行一些深度关键词检索。根据任务描述：“请在D:\\Unity\\open-project-1-main\\UOP1_Project\\Assets下各级目录中寻找：游戏中玩家死亡后重生的位置以及玩家开局时的初始位置控制在那里？”，我总结出如下可能会出现在各个文件名或者文件内容中的关键词：“control”，“player death”，“重生”，“位置”，“position”，“rebirth location”，“beginning”，“初始位置”，“重生位置”，“dying”，“player dying”，“initial position”，“death”，“控制”，“reincarnation”，“玩家”，“revival”，“ UIControl”，“玩家死亡”，“player”，“死亡”，“初始”，“location”。\n接下来，我将使用retrieve_keywords操作，在项目顶层路径“D:\\Unity\\open-project-1-main\\UOP1_Project\\Assets”下检索这些关键词，从而大致把握可能与问题描述相关的文件或目录的路径。"
    }
}
2024-10-10 15:38:49,443 - INFO Retriever 0 - 
Observer:
2024-10-10 15:38:49,443 - INFO Retriever 0 - 好的，请继续你的下一步行动或思考。
2024-10-10 15:38:49,443 - INFO Retriever 0 - 
2024-10-10 15:38:55,089 - INFO Retriever 0 - ——————————————————————————————————————————————————————————————————————————————————————————————————————————————————————————
2024-10-10 15:38:55,236 - INFO Retriever 0 - Assistant:
2024-10-10 15:38:55,295 - INFO Retriever 0 - {
    "retrieve_keywords": {
        "top_path": "D:\\Unity\\open-project-1-main\\UOP1_Project\\Assets",
        "key_word_list": [
            "control",
            "player death",
            "重生",
            "位置",
            "position",
            "rebirth location",
            "beginning",
            "初始位置",
            "重生位置",
            "dying",
            "player dying",
            "initial position",
            "death",
            "控制",
            "reincarnation",
            "玩家",
            "revival",
            " UIControl",
            "玩家死亡",
            "player",
            "死亡",
            "初始",
            "location"
        ]
    }
}
2024-10-10 15:38:55,297 - INFO Retriever 0 - 
Observer:
2024-10-10 15:38:55,298 - INFO Retriever 0 - 根据你提供的关键词，我检索到以下目录或文件，它们的绝对路径如下：
1. D:\Unity\open-project-1-main\UOP1_Project\Assets\Scripts\Characters
“Characters”文件夹汇集了Unity游戏开发中角色相关的脚本资源，包括角色配置（如攻击、奖励、效果和NPC移动）、状态机逻辑、音频处理以及角色行为控制。文件夹内分为多个子目录，如Config存储角色配置脚本，StateMachine包含构建游戏逻辑的脚本，Audio则专注于角色音效。此外，Attack、Attacker、Critter等脚本负责角色具体行为，而NPC、Protagonist等则涉及角色状态和交互。整体上，这些脚本相互协作，共同构成了游戏中的角色系统。

2. D:\Unity\open-project-1-main\UOP1_Project\Assets\Addons\DOTween\Modules
“Modules”文件夹汇集了DOTween插件的核心脚本，旨在为Unity游戏开发提供丰富的动画功能。包含的脚本如`DOTweenModuleAudio.cs`专注于音频动画处理，`DOTweenModulePhysics.cs`和`DOTweenModulePhysics2D.cs`分别针对2D和3D物理对象的动画，而`DOTweenModuleSprite.cs`和`DOTweenModuleUI.cs`则分别处理SpriteRenderer和UI组件的动画。此外，`DOTweenModuleUnityVersion.cs`适配不同Unity版本，提供材质和自定义YieldInstructions动画，`DOTweenModuleUtils.cs`则提供模块初始化和配置工具。这些脚本相互协作，共同构成了DOTween动画库的强大功能体系。

3. D:\Unity\open-project-1-main\UOP1_Project\Assets\Scripts\Input
## 文件夹内容精简总结
该“Input”文件夹汇集了游戏输入管理脚本，包含`GameInput.cs`和`InputReader.cs`两个关键文件。`GameInput.cs`定义了`@GameInput`类，负责处理游戏输入，包括玩法、菜单、对话和作弊等模块，并实现了资源管理。`InputReader.cs`则继承自`DescriptionBaseSO`，实现了对游戏输入事件的管理，如跳跃、攻击等，并通过事件和回调函数将输入事件传递给相应系统。两者协同工作，确保游戏输入的模块化和高效处理。

4. D:\Unity\open-project-1-main\UOP1_Project\Assets\Scripts\SceneManagement
“SceneManagement”文件夹汇集了Unity游戏开发的核心脚本，旨在高效管理游戏场景与设置。其中，ScriptableObjects子文件夹封装了游戏场景、位置、菜单等数据，通过继承基类实现通用场景管理功能。FallCatcher、InitializationLoader、LocationEntrance、LocationExit等脚本分别处理玩家碰撞、游戏初始化、位置入口与出口逻辑。SceneLoader负责场景的异步加载与卸载，而StartGame则管理游戏开始流程，包括新游戏和继续游戏选项。整体上，这些脚本协同工作，确保游戏场景的流畅切换和玩家交互的顺畅进行。

5. D:\Unity\open-project-1-main\UOP1_Project\Assets\Scripts\StateMachine\Editor
### 文件夹内容概览
“Editor”文件夹汇集了Unity游戏开发中状态机设计和编辑所需的资源，包括脚本模板、工具和编辑器扩展。主要文件包括：
- **Templates**：提供状态机脚本模板，如动作和条件框架，辅助快速开发。
- **Utilities**：集成了编辑器扩展，如过渡项管理、GUI样式配置和属性编辑器，增强状态机编辑体验。
- **StateEditor.cs**：扩展StateSO编辑器界面，允许编辑动作列表。
- **TransitionTableEditor.cs**：管理过渡表，支持添加、删除和排序过渡。
- **TransitionTableEditorWindow.cs**：创建独立编辑器窗口，用于转换表的编辑和管理。
- **样式和布局文件**：定义了编辑器窗口的外观和布局。
- **Assembly Definition文件**：可能用于组织编辑器模块的编译和依赖。
这些资源共同构成了一个全面的状态机开发工具集，旨在简化Unity状态机的创建和管理流程。

6. D:\Unity\open-project-1-main\UOP1_Project\Assets\Scripts\Gameplay
## 文件夹内容精简总结
“Gameplay”文件夹汇集了Unity游戏开发的核心脚本，包括`GameManager.cs`用于管理游戏状态和事件，`GameStateSO.cs`负责跟踪和管理游戏状态变化，以及`SpawnSystem.cs`负责玩家的生成逻辑。这些脚本相互协作，共同构成了游戏的核心功能框架。

7. D:\Unity\open-project-1-main\UOP1_Project\Assets\Scripts\EditorTools\MonoBehaviours
“MonoBehaviours”文件夹汇集了Unity编辑器增强工具，包括交互式游戏对象放置（ClickToPlace）、冷启动初始化（EditorColdStartup）、传送功能（EditorTeleporter和LocationTeleporterButton）以及光贴图缩放自动调整（LightmapScaleSetter）。这些脚本协同工作，丰富了Unity编辑器的功能和用户体验。

8. D:\Unity\open-project-1-main\UOP1_Project\Assets\Scripts\UI
“UI”文件夹汇集了Unity游戏开发中用于构建和管理用户界面的关键脚本。它涵盖了对话系统、库存管理、设置界面、加载界面、信用屏幕、通用按钮、健康条、心形显示、交互面板、主菜单、暂停界面、弹窗以及旋转动画等多个方面。这些脚本通过事件和函数调用相互协作，确保了游戏UI的完整性和交互性，共同构成了游戏流程中的关键用户界面元素。

9. D:\Unity\open-project-1-main\UOP1_Project\Assets\ScriptableObjects\StateMachine\Protagonist\Actions
“Actions”文件夹汇集了Unity游戏开发所需的多种脚本资源，包括用于动画状态控制的AnimatorParameters、角色移动逻辑的MovementVector、粒子效果的Particles、声音效果的SFX，以及交互和视觉效果的脚本如ClearInputCache_OnEnter、DestroyPlayer、GetHitFlashingEffect、ResetGetHitState、RespawnPlayer和ShakeCam。这些资源协同工作，为游戏角色动作、视觉效果和交互体验提供全面支持。

10. D:\Unity\open-project-1-main\UOP1_Project\Assets\AddressableAssetsData
### 简化版文件夹内容总结
“AddressableAssetsData”文件夹是Unity游戏开发的核心资源管理区域，汇集了资源打包模板、详细配置文件、脚本组件以及操作系统相关状态文件。它包括资源管理模板（AssetGroupTemplates）、资源与场景管理配置（AssetGroups）、脚本配置（DataBuilders）、操作系统资源状态文件（Windows和OSX），以及可寻址资源设置（AddressableAssetSettings.asset）和默认对象配置（DefaultObject.asset）。这些文件和文件夹协同工作，确保了游戏资源的有效管理和优化。

请注意，这些目录或文件可能不全都和你的任务目标相关，仅供参考。请你基于具体的文件内容概述，结合你的任务目标，认真思考分析后，优先选择最有可能与任务相关的目录或文件进行进一步的检查。
2024-10-10 15:38:55,300 - INFO Retriever 0 - 
2024-10-10 15:38:58,481 - INFO Retriever 0 - Agent主脑给出的回答为：{
    "deep_think": {
        "thoughts": "根据检索结果，我发现了多个可能与玩家重生和初始位置控制相关的文件和目录。其中，`Characters`、`SceneManagement`、`StateMachine`、`Gameplay` 和 `ScriptableObjects` 文件夹或目录看起来最有可能包含与玩家重生和初始位置控制相关的代码。接下来，我将针对这些目录或文件进行更深入的分析，以确定它们是否包含所需的信息。"
    }
}
2024-10-10 15:38:58,481 - INFO Retriever 0 - 是否成功解析：True
2024-10-10 15:38:58,484 - INFO Retriever 0 - operation_type (__det_dir_action):
2024-10-10 15:38:58,484 - INFO Retriever 0 - deep_think
2024-10-10 15:38:58,484 - INFO Retriever 0 - 

——————————————————————————————————————————————————————————————————————————————————————————————————————————————————————————
2024-10-10 15:38:58,484 - INFO Retriever 0 - Assistant:
2024-10-10 15:38:58,484 - INFO Retriever 0 - {
    "deep_think": {
        "thoughts": "根据检索结果，我发现了多个可能与玩家重生和初始位置控制相关的文件和目录。其中，`Characters`、`SceneManagement`、`StateMachine`、`Gameplay` 和 `ScriptableObjects` 文件夹或目录看起来最有可能包含与玩家重生和初始位置控制相关的代码。接下来，我将针对这些目录或文件进行更深入的分析，以确定它们是否包含所需的信息。"
    }
}
2024-10-10 15:38:58,484 - INFO Retriever 0 - dict_keys(['deep_think'])
2024-10-10 15:38:58,486 - INFO Retriever 0 - Agent主脑给出的行动：deep_think
参数：{'thoughts': '根据检索结果，我发现了多个可能与玩家重生和初始位置控制相关的文件和目录。其中，`Characters`、`SceneManagement`、`StateMachine`、`Gameplay` 和 `ScriptableObjects` 文件夹或目录看起来最有可能包含与玩家重生和初始位置控制相关的代码。接下来，我将针对这些目录或文件进行更深入的分析，以确定它们是否包含所需的信息。', 'repeat_counter': 1, 'continue_think_counter': 1}
2024-10-10 15:38:58,486 - INFO Retriever 0 - Observer: 好的，请继续你的下一步行动或思考。
2024-10-10 15:38:58,487 - INFO Retriever 0 - 

————————————————————————————————————————————————————————————————
2024-10-10 15:38:58,488 - INFO Retriever 0 - 当前窗口总长度：11
2024-10-10 15:38:58,488 - INFO Retriever 0 - 当前更新窗口长度：2
2024-10-10 15:38:58,488 - INFO Retriever 0 - 当前更新窗口长度：2
2024-10-10 15:38:58,488 - INFO Retriever 0 - ————————————————————————————————————————————————————————————————


2024-10-10 15:38:59,993 - INFO Retriever 0 - Agent主脑给出的回答为：{
    "get_folder_info": {
        "target_folder_path": "D:\\Unity\\open-project-1-main\\UOP1_Project\\Assets\\Characters"
    }
}
2024-10-10 15:38:59,993 - INFO Retriever 0 - 是否成功解析：True
2024-10-10 15:38:59,993 - INFO Retriever 0 - operation_type (__det_dir_action):
2024-10-10 15:38:59,993 - INFO Retriever 0 - get_folder_info
2024-10-10 15:38:59,993 - INFO Retriever 0 - 

——————————————————————————————————————————————————————————————————————————————————————————————————————————————————————————
2024-10-10 15:38:59,996 - INFO Retriever 0 - Assistant:
2024-10-10 15:38:59,996 - INFO Retriever 0 - {
    "get_folder_info": {
        "target_folder_path": "D:\\Unity\\open-project-1-main\\UOP1_Project\\Assets\\Characters"
    }
}
2024-10-10 15:38:59,996 - INFO Retriever 0 - dict_keys(['get_folder_info'])
2024-10-10 15:38:59,996 - INFO Retriever 0 - Agent主脑给出的行动：get_folder_info
参数：{'target_folder_path': 'D:\\Unity\\open-project-1-main\\UOP1_Project\\Assets\\Characters'}
2024-10-10 15:39:00,272 - INFO Retriever 0 - Observer: 目标路径D:\Unity\open-project-1-main\UOP1_Project\Assets\Characters不存在。

2024-10-10 15:39:00,274 - INFO Retriever 0 - 

————————————————————————————————————————————————————————————————
2024-10-10 15:39:00,274 - INFO Retriever 0 - 当前窗口总长度：13
2024-10-10 15:39:00,274 - INFO Retriever 0 - 当前更新窗口长度：4
2024-10-10 15:39:00,274 - INFO Retriever 0 - 当前更新窗口长度：4
2024-10-10 15:39:00,275 - INFO Retriever 0 - ————————————————————————————————————————————————————————————————


2024-10-10 15:39:01,898 - INFO Retriever 0 - Agent主脑给出的回答为：{
    "get_folder_info": {
        "target_folder_path": "D:\\Unity\\open-project-1-main\\UOP1_Project\\Assets\\SceneManagement"
    }
}
2024-10-10 15:39:01,898 - INFO Retriever 0 - 是否成功解析：True
2024-10-10 15:39:01,898 - INFO Retriever 0 - operation_type (__det_dir_action):
2024-10-10 15:39:01,898 - INFO Retriever 0 - get_folder_info
2024-10-10 15:39:01,898 - INFO Retriever 0 - 

——————————————————————————————————————————————————————————————————————————————————————————————————————————————————————————
2024-10-10 15:39:01,898 - INFO Retriever 0 - Assistant:
2024-10-10 15:39:01,898 - INFO Retriever 0 - {
    "get_folder_info": {
        "target_folder_path": "D:\\Unity\\open-project-1-main\\UOP1_Project\\Assets\\SceneManagement"
    }
}
2024-10-10 15:39:01,898 - INFO Retriever 0 - dict_keys(['get_folder_info'])
2024-10-10 15:39:01,900 - INFO Retriever 0 - Agent主脑给出的行动：get_folder_info
参数：{'target_folder_path': 'D:\\Unity\\open-project-1-main\\UOP1_Project\\Assets\\SceneManagement'}
2024-10-10 15:39:02,117 - INFO Retriever 0 - Observer: 目标路径D:\Unity\open-project-1-main\UOP1_Project\Assets\SceneManagement不存在。

2024-10-10 15:39:02,121 - INFO Retriever 0 - 

————————————————————————————————————————————————————————————————
2024-10-10 15:39:02,121 - INFO Retriever 0 - 当前窗口总长度：15
2024-10-10 15:39:02,121 - INFO Retriever 0 - 当前更新窗口长度：6
2024-10-10 15:39:02,121 - INFO Retriever 0 - 当前更新窗口长度：6
2024-10-10 15:39:02,121 - INFO Retriever 0 - ————————————————————————————————————————————————————————————————


2024-10-10 15:39:05,144 - INFO Retriever 0 - Agent主脑给出的回答为：{
    "get_folder_info": {
        "target_folder_path": "D:\\Unity\\open-project-1-main\\UOP1_Project\\Assets\\StateMachine"
    }
}
2024-10-10 15:39:05,146 - INFO Retriever 0 - 是否成功解析：True
2024-10-10 15:39:05,146 - INFO Retriever 0 - operation_type (__det_dir_action):
2024-10-10 15:39:05,146 - INFO Retriever 0 - get_folder_info
2024-10-10 15:39:05,146 - INFO Retriever 0 - 

——————————————————————————————————————————————————————————————————————————————————————————————————————————————————————————
2024-10-10 15:39:05,147 - INFO Retriever 0 - Assistant:
2024-10-10 15:39:05,147 - INFO Retriever 0 - {
    "get_folder_info": {
        "target_folder_path": "D:\\Unity\\open-project-1-main\\UOP1_Project\\Assets\\StateMachine"
    }
}
2024-10-10 15:39:05,147 - INFO Retriever 0 - dict_keys(['get_folder_info'])
2024-10-10 15:39:05,147 - INFO Retriever 0 - Agent主脑给出的行动：get_folder_info
参数：{'target_folder_path': 'D:\\Unity\\open-project-1-main\\UOP1_Project\\Assets\\StateMachine'}
2024-10-10 15:39:05,367 - INFO Retriever 0 - Observer: 目标路径D:\Unity\open-project-1-main\UOP1_Project\Assets\StateMachine不存在。

2024-10-10 15:39:05,371 - INFO Retriever 0 - 

————————————————————————————————————————————————————————————————
2024-10-10 15:39:05,371 - INFO Retriever 0 - 当前窗口总长度：17
2024-10-10 15:39:05,371 - INFO Retriever 0 - 当前更新窗口长度：8
2024-10-10 15:39:05,371 - INFO Retriever 0 - 当前更新窗口长度：8
2024-10-10 15:39:05,371 - INFO Retriever 0 - ————————————————————————————————————————————————————————————————


2024-10-10 15:39:13,791 - INFO Retriever 0 - Agent主脑给出的回答为：{
    "get_folder_info": {
        "target_folder_path": "D:\\Unity\\open-project-1-main\\UOP1_Project\\Assets\\Gameplay"
    }
}
2024-10-10 15:39:13,797 - INFO Retriever 0 - 是否成功解析：True
2024-10-10 15:39:13,797 - INFO Retriever 0 - operation_type (__det_dir_action):
2024-10-10 15:39:13,797 - INFO Retriever 0 - get_folder_info
2024-10-10 15:39:13,797 - INFO Retriever 0 - 

——————————————————————————————————————————————————————————————————————————————————————————————————————————————————————————
2024-10-10 15:39:13,800 - INFO Retriever 0 - Assistant:
2024-10-10 15:39:13,800 - INFO Retriever 0 - {
    "get_folder_info": {
        "target_folder_path": "D:\\Unity\\open-project-1-main\\UOP1_Project\\Assets\\Gameplay"
    }
}
2024-10-10 15:39:13,800 - INFO Retriever 0 - dict_keys(['get_folder_info'])
2024-10-10 15:39:13,800 - INFO Retriever 0 - Agent主脑给出的行动：get_folder_info
参数：{'target_folder_path': 'D:\\Unity\\open-project-1-main\\UOP1_Project\\Assets\\Gameplay'}
2024-10-10 15:39:14,027 - INFO Retriever 0 - Observer: 目标路径D:\Unity\open-project-1-main\UOP1_Project\Assets\Gameplay不存在。

2024-10-10 15:39:14,030 - INFO Retriever 0 - 

————————————————————————————————————————————————————————————————
2024-10-10 15:39:14,030 - INFO Retriever 0 - 当前窗口总长度：19
2024-10-10 15:39:14,046 - INFO Retriever 0 - 当前更新窗口长度：10
2024-10-10 15:39:14,071 - INFO Retriever 0 - 当前更新窗口长度：10
2024-10-10 15:39:14,071 - INFO Retriever 0 - ————————————————————————————————————————————————————————————————


2024-10-10 15:39:19,059 - INFO Retriever 0 - Agent主脑给出的回答为：{
    "get_folder_info": {
        "target_folder_path": "D:\\Unity\\open-project-1-main\\UOP1_Project\\Assets\\ScriptableObjects"
    }
}
2024-10-10 15:39:19,088 - INFO Retriever 0 - 是否成功解析：True
2024-10-10 15:39:19,115 - INFO Retriever 0 - operation_type (__det_dir_action):
2024-10-10 15:39:19,115 - INFO Retriever 0 - get_folder_info
2024-10-10 15:39:19,118 - INFO Retriever 0 - 

——————————————————————————————————————————————————————————————————————————————————————————————————————————————————————————
2024-10-10 15:39:19,118 - INFO Retriever 0 - Assistant:
2024-10-10 15:39:19,118 - INFO Retriever 0 - {
    "get_folder_info": {
        "target_folder_path": "D:\\Unity\\open-project-1-main\\UOP1_Project\\Assets\\ScriptableObjects"
    }
}
2024-10-10 15:39:19,118 - INFO Retriever 0 - dict_keys(['get_folder_info'])
2024-10-10 15:39:19,118 - INFO Retriever 0 - Agent主脑给出的行动：get_folder_info
参数：{'target_folder_path': 'D:\\Unity\\open-project-1-main\\UOP1_Project\\Assets\\ScriptableObjects'}
2024-10-10 15:39:19,137 - INFO Retriever 0 - Observer: 目标文件夹路径：D:\Unity\open-project-1-main\UOP1_Project\Assets\ScriptableObjects
文件结构树（该结构树可能不完整，仅返回深度小于等于1层的子文件以及文件夹）：
├── Audio
│   ├── AudioConfigurations
│   ├── AudioCues
│   ├── SoundEmitterFactory.asset
│   ├── SoundEmitterPool.asset
├── Configs
│   ├── Attacks
│   ├── Droppables
│   ...
│   ├── TownsfolkEventChannel.asset
├── Dialogue
│   ├── Cutscenes
│   ├── Default
├── EventChannels
│   ├── Audio
│   ├── Camera
│   ...
│   ├── UI
├── Gameplay
│   ├── GameState.asset
│   ├── PathTaken.asset
│   ├── PlayersHealth.asset
├── Input
│   ├── InputReader.asset
├── Interactions
│   ├── Pickup_Interaction.asset
│   ├── StartCooking_Interaction.asset
│   ├── Talk_Interaction.asset
├── Inventory
│   ├── Inventories
│   ├── ItemTypes
│   ├── Items
│   ├── TabTypes
├── Narrative
│   ├── Actors
│   ├── DialogueData
├── Paths
│   ├── Beach_FieldsHill.asset
│   ├── FieldsFarms_TownMarket.asset
│   ...
│   ├── TownMarket_MountainPath.asset
├── Quests
│   ├── Questline1
│   ├── Questline2
│   ├── Questline3
│   ├── Questline4
│   ├── Questline5
│   ├── Questline6
├── RuntimeAnchors
│   ├── GameplayCameraTransform.asset
│   ├── PlayerTransform.asset
├── SaveSystem
│   ├── SaveSystem.asset
│   ├── Settings.asset
├── SceneData
│   ├── Initialization.asset
│   ├── Locations
│   ├── Managers
│   ├── Menus
│   ├── WIP
│   ├── Whiteboxing
├── StateMachine
│   ├── AlwaysFalseCondition.asset
│   ├── Critters
│   ├── GameState
│   ├── NPCs
│   ├── Protagonist


其中，部分主要文件及文件夹的信息如下：
1. ScriptableObjects
# 路径:D:/Unity/open-project-1-main/UOP1_Project\Assets\ScriptableObjects
# 内容概述:“ScriptableObjects”文件夹是Unity游戏项目的核心配置中心，汇集了音频、游戏机制、对话、事件通道、游戏状态、输入管理、交互、库存、物品类型、路径、任务、运行时锚点、保存系统、场景数据和状态机等关键组件的配置文件。这些文件相互关联，共同支撑起游戏的基本机制和玩家体验，确保了从音效到游戏逻辑的每一部分都能无缝协作，为玩家提供连贯且丰富的游戏体验。

2. Audio
# 路径:D:/Unity/open-project-1-main/UOP1_Project\Assets\ScriptableObjects\Audio
# 内容概述:“Audio”文件夹是Unity游戏引擎的音频资源中心，汇集了音频配置文件和实际音频资源。其中，AudioConfigurations子文件夹包含音效、音乐和UI音效的详细配置，如3D音效、火炬音效等。AudioCues子文件夹则存放了针对不同场景和角色的音频资源，包括音乐和音效。此外，SoundEmitterFactory和SoundEmitterPool资产文件分别管理声音发射器的创建和对象池，优化音频播放性能。整体而言，这些文件共同构建了游戏丰富的音频体验。

3. Configs
# 路径:D:/Unity/open-project-1-main/UOP1_Project\Assets\ScriptableObjects\Configs
# 内容概述:“Configs”文件夹是Unity游戏项目的关键配置中心，汇集了攻击行为、奖励系统、生命值管理、击中效果、NPC路径规划以及事件通信等核心配置文件和脚本。其中，Attacks子文件夹定义了基础至精英级别的攻击配置；Droppables子文件夹则涵盖了奖励掉落逻辑；Health子文件夹负责管理游戏对象的生命值；HitEffects子文件夹负责击中时的视觉效果；Pathways子文件夹则专注于NPC的移动逻辑；而NPCRoamingAroundCenter、RockCritterEventChannel、SlimeCritterEventChannel和TownsfolkEventChannel等文件则分别处理特定NPC的行为和事件通信。这些内容共同构成了游戏的核心机制，确保了游戏体验的连贯性和丰富性。

4. Dialogue
# 路径:D:/Unity/open-project-1-main/UOP1_Project\Assets\ScriptableObjects\Dialogue
# 内容概述:“Dialogue”文件夹汇集了Unity游戏引擎的脚本文件，分为“Cutscenes”和“Default”两个子文件夹。前者专注于游戏特定场景的对话逻辑和事件处理，包含如胜利和失败场景的脚本配置；后者则构建了对话系统的整体架构，包括对话组件的定义和配置。这些文件共同定义了游戏中的对话流程和用户交互，确保了游戏剧情的流畅推进。

5. EventChannels
# 路径:D:/Unity/open-project-1-main/UOP1_Project\Assets\ScriptableObjects\EventChannels
# 内容概述:EventChannels文件夹汇集了Unity游戏开发的核心脚本，涵盖音频管理、相机效果、剧情推进、用户交互等多个方面。其中，Audio子文件夹专注于音量控制和播放管理；Camera子文件夹则处理相机震动效果；Cutscene和Dialogue子文件夹负责场景播放、时间线事件和对话逻辑；Gameplay、Health、Interaction、Inventory等子文件夹则涉及游戏交互、健康系统、库存管理和玩家行为。此外，MainMenu、QuestSystem、Questlines、SceneManagement、Settings和UI子文件夹分别处理游戏启动、任务流程、剧情线、场景管理、设置保存和用户界面交互。这些子文件夹和文件共同构成了一个事件驱动的游戏架构，确保了游戏体验的连贯性和丰富性。

6. Gameplay
# 路径:D:/Unity/open-project-1-main/UOP1_Project\Assets\ScriptableObjects\Gameplay
# 内容概述:## 文件夹内容精简总结

“Gameplay”文件夹汇集了Unity游戏引擎的关键脚本，包括管理游戏状态的`GameState.asset`，记录玩家路径的`PathTaken.asset`，以及维护玩家健康的`PlayersHealth.asset`。这些文件协同工作，确保游戏流程的连贯性和玩家体验的完整性。

7. Input
# 路径:D:/Unity/open-project-1-main/UOP1_Project\Assets\ScriptableObjects\Input
# 内容概述:## 简要总结

“Input”文件夹内包含的“InputReader.asset”文件定义了一个Unity3D项目中的“InputReader”脚本，该脚本集中处理输入事件，通过事件委托机制允许其他对象订阅输入。此脚本还可能涉及游戏状态管理，实现输入与游戏状态的交互。

8. Interactions
# 路径:D:/Unity/open-project-1-main/UOP1_Project\Assets\ScriptableObjects\Interactions
# 内容概述:“Interactions”文件夹汇集了Unity游戏引擎中的交互脚本文件，包括处理拾取、烹饪和对话等功能的脚本。其中，“Pickup_Interaction.asset”定义了拾取物品的交互组件，“StartCooking_Interaction.asset”则专注于烹饪交互逻辑，而“Talk_Interaction.asset”则配置了对话交互组件。这些脚本共同构成了游戏中的交互系统，通过共享交互名称、图标和类型等属性，确保了不同交互功能的协同工作。

9. Inventory
# 路径:D:/Unity/open-project-1-main/UOP1_Project\Assets\ScriptableObjects\Inventory
# 内容概述:“Inventory”文件夹汇集了Unity游戏开发中关于物品库存系统的关键配置，包括库存类定义和物品列表，以及用于测试的库存示例。在“ItemTypes”文件夹中，YAML格式的配置文件定义了游戏中的角色定制、食谱、食材和厨具等元素，确保了游戏逻辑的连贯性。而“Items”子文件夹则细分为“QuestItems”和“TestItems”，分别用于存储游戏物品和食谱的详细配置以及测试组件，以支持游戏功能的实现。最后，“TabTypes”文件夹提供了Unity编辑器自定义标签页的配置，增强了编辑器功能的扩展性。

10. Narrative
# 路径:D:/Unity/open-project-1-main/UOP1_Project\Assets\ScriptableObjects\Narrative
# 内容概述:“Narrative”文件夹汇集了Unity游戏开发的核心资源，包括角色和对象配置（如Actors文件夹中的脚本和YAML配置）以及对话系统文件（DialogueData文件夹中的初始化脚本和对话数据）。Actors文件夹中的脚本定义了游戏对象的行为，而DialogueData文件夹则专注于对话逻辑和游戏初始化，如角色移动和对话流程控制。这些文件相互关联，共同支撑起游戏的角色交互和对话系统。

11. Paths
# 路径:D:/Unity/open-project-1-main/UOP1_Project\Assets\ScriptableObjects\Paths
# 内容概述:该文本文件是Unity游戏引擎中名为“TownMarket_MountainPath”的脚本配置，以YAML格式记录了脚本的基本属性，如对象隐藏、启用状态和编辑器显示设置。脚本继承自MonoBehaviour，表明其用于控制城镇市场与山间小径相关的游戏逻辑或行为。

12. Quests
# 路径:D:/Unity/open-project-1-main/UOP1_Project\Assets\ScriptableObjects\Quests
# 内容概述:### 文件夹内容概要

“Quests”文件夹是Unity游戏开发的核心，汇集了多个任务线（Quest Line）的脚本和配置文件。这些文件涵盖了对话、事件、逻辑和步骤，确保游戏剧情的连贯性和玩家体验的一致性。文件夹内包含多个子文件夹，如Questline1至Questline6，每个子文件夹都专注于特定任务线的脚本配置，包括角色行为、对话系统和事件逻辑。文件类型多样，从基础配置到具体逻辑实现，再到组件属性和资源关联，共同构建了游戏中的不同任务环节和剧情发展。

13. RuntimeAnchors
# 路径:D:/Unity/open-project-1-main/UOP1_Project\Assets\ScriptableObjects\RuntimeAnchors
# 内容概述:### 文件夹内容总结

“RuntimeAnchors”文件夹包含两个Unity资产文件，分别为`GameplayCameraTransform.asset`和`PlayerTransform.asset`。前者定义了游戏相机的变换控制脚本，后者则管理玩家的变换信息。这两个脚本协同工作，确保游戏中的相机和玩家变换能够根据游戏逻辑动态调整。

14. SaveSystem
# 路径:D:/Unity/open-project-1-main/UOP1_Project\Assets\ScriptableObjects\SaveSystem
# 内容概述:## 文件夹内容精简总结

“SaveSystem”文件夹内包含两个Unity配置文件：`SaveSystem.asset`和`Settings.asset`。前者负责管理游戏数据的保存与加载，后者则存储游戏设置，如音量、分辨率等，两者协同工作，确保游戏体验的连贯性和个性化配置。

15. SceneData
# 路径:D:/Unity/open-project-1-main/UOP1_Project\Assets\ScriptableObjects\SceneData
# 内容概述:“SceneData”文件夹汇集了Unity游戏开发的多种资源，包括定义游戏场景和位置的“Locations”子文件夹，管理游戏玩法和持久化的“Managers”子文件夹，设计菜单界面的“Menus”子文件夹，以及展示开发进度的“WIP”和“Whiteboxing”子文件夹。其中，“Initialization.asset”文件特别重要，它负责初始化游戏场景，加载持久管理器场景，并触发主菜单加载，确保游戏流程的顺畅启动。这些资源相互关联，共同构建了游戏世界的框架和用户体验。

16. StateMachine
# 路径:D:/Unity/open-project-1-main/UOP1_Project\Assets\ScriptableObjects\StateMachine
# 内容概述:### 文件夹内容精简总结

“StateMachine”文件夹汇集了Unity游戏开发的核心资源，包括角色行为脚本（如Critters）、游戏状态管理（GameState）、NPC行为逻辑（NPCs）以及主角动作与状态管理（Protagonist）。这些资源协同工作，构建了游戏的角色行为、状态转换和整体逻辑，确保了游戏体验的连贯性和丰富性。此外，还包括了如AlwaysFalseCondition.asset这样的特殊脚本配置，用于实现特定的游戏逻辑功能。


2024-10-10 15:39:19,141 - INFO Retriever 0 - 

————————————————————————————————————————————————————————————————
2024-10-10 15:39:19,142 - INFO Retriever 0 - 当前窗口总长度：21
2024-10-10 15:39:19,142 - INFO Retriever 0 - 当前更新窗口长度：12
2024-10-10 15:39:19,142 - INFO Retriever 0 - 当前更新窗口长度：12
2024-10-10 15:39:19,142 - INFO Retriever 0 - ————————————————————————————————————————————————————————————————


2024-10-10 15:39:22,072 - INFO Retriever 0 - Agent主脑给出的回答为：{
    "retrieve_keywords": {
        "top_path": "D:\\Unity\\open-project-1-main\\UOP1_Project\\Assets\\ScriptableObjects",
        "key_word_list": [
            "重生",
            "位置",
            "rebirth location",
            "initial position",
            "revival",
            "player",
            "death",
            "control",
            "location",
            "respawn"
        ]
    }
}
2024-10-10 15:39:22,073 - INFO Retriever 0 - 是否成功解析：True
2024-10-10 15:39:22,073 - INFO Retriever 0 - operation_type (__det_dir_action):
2024-10-10 15:39:22,073 - INFO Retriever 0 - retrieve_keywords
2024-10-10 15:39:22,073 - INFO Retriever 0 - 

——————————————————————————————————————————————————————————————————————————————————————————————————————————————————————————
2024-10-10 15:39:22,073 - INFO Retriever 0 - Assistant:
2024-10-10 15:39:22,073 - INFO Retriever 0 - {
    "retrieve_keywords": {
        "top_path": "D:\\Unity\\open-project-1-main\\UOP1_Project\\Assets\\ScriptableObjects",
        "key_word_list": [
            "重生",
            "位置",
            "rebirth location",
            "initial position",
            "revival",
            "player",
            "death",
            "control",
            "location",
            "respawn"
        ]
    }
}
2024-10-10 15:39:22,073 - INFO Retriever 0 - dict_keys(['retrieve_keywords'])
2024-10-10 15:39:22,075 - INFO Retriever 0 - Agent主脑给出的行动：retrieve_keywords
参数：{'top_path': 'D:\\Unity\\open-project-1-main\\UOP1_Project\\Assets\\ScriptableObjects', 'key_word_list': ['重生', '位置', 'rebirth location', 'initial position', 'revival', 'player', 'death', 'control', 'location', 'respawn'], 'return_short_sum': <bound method TreeGenerationAction.return_short_sum of <Action.tree_gen_action.TreeGenerationAction object at 0x000001EBD8DDE130>>, 'target_file_types': ['cs', 'asset', 'txt', 'md']}
2024-10-10 15:39:22,487 - INFO Retriever 0 - Observer: 根据你提供的关键词，我检索到以下目录或文件，它们的绝对路径如下：
1. D:\Unity\open-project-1-main\UOP1_Project\Assets\ScriptableObjects\StateMachine\Protagonist\Actions
“Actions”文件夹汇集了Unity游戏开发所需的多种脚本资源，包括用于动画状态控制的AnimatorParameters、角色移动逻辑的MovementVector、粒子效果的Particles、声音效果的SFX，以及交互和视觉效果的脚本如ClearInputCache_OnEnter、DestroyPlayer、GetHitFlashingEffect、ResetGetHitState、RespawnPlayer和ShakeCam。这些资源协同工作，为游戏角色动作、视觉效果和交互体验提供全面支持。

2. D:\Unity\open-project-1-main\UOP1_Project\Assets\ScriptableObjects\SceneData\Locations
### 简要总结
“Locations”文件夹汇集了Unity游戏引擎的多个场景配置文件，包括海滩、田野、森林、山洞、城镇内部及市场等。这些文件详细描述了各自场景的脚本配置、音乐轨道和位置名称，共同构建起游戏世界的不同区域及其交互。例如，海滩和海滩夜晚场景共享音乐资源，而田野和山洞则描绘了同一区域的不同地貌。

3. D:\Unity\open-project-1-main\UOP1_Project\Assets\ScriptableObjects\EventChannels\SceneManagement
### 文件夹内容总结
“SceneManagement”文件夹汇集了Unity游戏引擎中用于场景管理和过渡的关键脚本和资产。包含的文件如“ColdStartup_Channel.asset”负责在编辑器中启动游戏时触发场景加载，“LoadLocation_Channel.asset”和“LoadMenu_Channel.asset”则分别处理游戏中的位置场景切换和菜单场景加载。此外，“OnSceneFadeInFinished.asset”和“OnSceneReady.asset”确保场景加载和淡入动画完成后执行后续操作，确保游戏流程的连贯性。这些文件共同协作，以实现场景间的平滑过渡和游戏状态的正确管理。

4. D:\Unity\open-project-1-main\UOP1_Project\Assets\ScriptableObjects\Gameplay
## 文件夹内容精简总结
“Gameplay”文件夹汇集了Unity游戏引擎的关键脚本，包括管理游戏状态的`GameState.asset`，记录玩家路径的`PathTaken.asset`，以及维护玩家健康的`PlayersHealth.asset`。这些文件协同工作，确保游戏流程的连贯性和玩家体验的完整性。

5. D:\Unity\open-project-1-main\UOP1_Project\Assets\ScriptableObjects\EventChannels\Health
“Health”文件夹汇集了Unity游戏开发中与健康系统相关的脚本和配置文件。其中，Cure.asset脚本组件负责监听玩家恢复健康的行为，而UpdateHealthUI.asset则确保健康状态实时反映在UI上。DeathEvent.asset和InflictDamageEvent.asset分别处理玩家死亡和伤害事件，而SetHealthbarEvent.asset用于设置和更新游戏对象的健康条。这些文件共同协作，构成了游戏内玩家健康管理的核心功能。

6. D:\Unity\open-project-1-main\UOP1_Project\Assets\ScriptableObjects\EventChannels\Gameplay
### 文件夹内容精简总结
“Gameplay”文件夹内包含两个Unity脚本配置文件，分别是处理交互结束的`OnInteractionEnded.asset`和玩家实例化的`PlayerInstantiated.asset`。这两个文件共同构成了游戏中的交互逻辑和玩家角色初始化流程。`OnInteractionEnded.asset`负责交互后的后续处理，而`PlayerInstantiated.asset`则管理玩家角色的实例化及位置变化相关设置。

7. D:\Unity\open-project-1-main\UOP1_Project\Assets\ScriptableObjects\RuntimeAnchors
### 文件夹内容总结
“RuntimeAnchors”文件夹包含两个Unity资产文件，分别为`GameplayCameraTransform.asset`和`PlayerTransform.asset`。前者定义了游戏相机的变换控制脚本，后者则管理玩家的变换信息。这两个脚本协同工作，确保游戏中的相机和玩家变换能够根据游戏逻辑动态调整。

8. D:\Unity\open-project-1-main\UOP1_Project\Assets\ScriptableObjects\SceneData\WIP
## 文件夹内容精简总结
“WIP”文件夹汇集了Unity游戏开发中的多个中间文件，包括用于展示艺术资产的“ArtShowcase.asset”和场景配置的“CutsceneExample.asset”、“IslandMaster.asset”、“TestingGround.asset”以及“TestingGround_Questline.asset”。这些文件均以YAML格式呈现，详细记录了各自组件和场景的属性，尽管它们目前都处于开发阶段，尚未正式集成到游戏中。

9. D:\Unity\open-project-1-main\UOP1_Project\Assets\ScriptableObjects\StateMachine\Critters\Actions
### 文件夹内容总结
“Actions”文件夹汇集了Unity游戏开发中角色行为的关键脚本资产。包括控制角色攻击、朝向主角旋转、显示击中效果、处理击中和死亡状态、重置击中状态以及触发物品掉落等功能的脚本组件。这些文件协同工作，丰富了角色在游戏中的动态行为和交互体验。

10. D:\Unity\open-project-1-main\UOP1_Project\Assets\ScriptableObjects\StateMachine\NPCs\Shared\Actions
### 文件夹内容精简总结
“Actions”文件夹汇集了Unity游戏开发中用于角色行为控制的脚本和资产。其中，`IsTalking_False_OnExit.asset` 和 `IsTalking_True_OnEnter.asset` 分别在角色退出和进入场景时调整说话状态，而 `NPCFaceProtagonist.asset` 则负责控制NPC朝向玩家，增强角色互动的动态性。

请注意，这些目录或文件可能不全都和你的任务目标相关，仅供参考。请你基于具体的文件内容概述，结合你的任务目标，认真思考分析后，优先选择最有可能与任务相关的目录或文件进行进一步的检查。
2024-10-10 15:39:22,487 - INFO Retriever 0 - 

————————————————————————————————————————————————————————————————
2024-10-10 15:39:22,487 - INFO Retriever 0 - 当前窗口总长度：23
2024-10-10 15:39:22,487 - INFO Retriever 0 - 当前更新窗口长度：14
2024-10-10 15:39:22,487 - INFO Retriever 0 - 当前更新窗口长度：14
2024-10-10 15:39:22,487 - INFO Retriever 0 - ————————————————————————————————————————————————————————————————


2024-10-10 15:39:31,023 - INFO Retriever 0 - Agent主脑给出的回答为：{
    "read_file": {
        "file_path": "D:\\Unity\\open-project-1-main\\UOP1_Project\\Assets\\ScriptableObjects\\StateMachine\\Protagonist\\Actions\\RespawnPlayer.cs"
    }
}
2024-10-10 15:39:31,023 - INFO Retriever 0 - 是否成功解析：True
2024-10-10 15:39:31,024 - INFO Retriever 0 - operation_type (__det_dir_action):
2024-10-10 15:39:31,024 - INFO Retriever 0 - read_file
2024-10-10 15:39:31,024 - INFO Retriever 0 - 

——————————————————————————————————————————————————————————————————————————————————————————————————————————————————————————
2024-10-10 15:39:31,024 - INFO Retriever 0 - Assistant:
2024-10-10 15:39:31,024 - INFO Retriever 0 - {
    "read_file": {
        "file_path": "D:\\Unity\\open-project-1-main\\UOP1_Project\\Assets\\ScriptableObjects\\StateMachine\\Protagonist\\Actions\\RespawnPlayer.cs"
    }
}
2024-10-10 15:39:31,024 - INFO Retriever 0 - dict_keys(['read_file'])
2024-10-10 15:39:31,024 - INFO Retriever 0 - Agent主脑给出的行动：read_file
参数：{'file_path': 'D:\\Unity\\open-project-1-main\\UOP1_Project\\Assets\\ScriptableObjects\\StateMachine\\Protagonist\\Actions\\RespawnPlayer.cs', 'top_path': 'D:\\Unity\\open-project-1-main\\UOP1_Project\\Assets', 'return_file_sum': <bound method TreeGenerationAction.return_file_sum of <Action.tree_gen_action.TreeGenerationAction object at 0x000001EBD8DDE130>>}
2024-10-10 15:39:31,026 - INFO Retriever 0 - Observer: D:\Unity\open-project-1-main\UOP1_Project\Assets\ScriptableObjects\StateMachine\Protagonist\Actions\RespawnPlayer.cs 路径错误。

2024-10-10 15:39:31,028 - INFO Retriever 0 - 

————————————————————————————————————————————————————————————————
2024-10-10 15:39:31,028 - INFO Retriever 0 - 当前窗口总长度：25
2024-10-10 15:39:31,028 - INFO Retriever 0 - 当前更新窗口长度：16
2024-10-10 15:39:31,029 - INFO Retriever 0 - 当前更新窗口长度：16
2024-10-10 15:39:31,029 - INFO Retriever 0 - ————————————————————————————————————————————————————————————————


2024-10-10 15:39:34,633 - INFO Retriever 0 - Agent主脑给出的回答为：{
    "read_file": {
        "file_path": "D:\\Unity\\open-project-1-main\\UOP1_Project\\Assets\\ScriptableObjects\\StateMachine\\Protagonist\\Actions\\DestroyPlayer.cs"
    }
}
2024-10-10 15:39:34,633 - INFO Retriever 0 - 是否成功解析：True
2024-10-10 15:39:34,633 - INFO Retriever 0 - operation_type (__det_dir_action):
2024-10-10 15:39:34,633 - INFO Retriever 0 - read_file
2024-10-10 15:39:34,633 - INFO Retriever 0 - 

——————————————————————————————————————————————————————————————————————————————————————————————————————————————————————————
2024-10-10 15:39:34,633 - INFO Retriever 0 - Assistant:
2024-10-10 15:39:34,637 - INFO Retriever 0 - {
    "read_file": {
        "file_path": "D:\\Unity\\open-project-1-main\\UOP1_Project\\Assets\\ScriptableObjects\\StateMachine\\Protagonist\\Actions\\DestroyPlayer.cs"
    }
}
2024-10-10 15:39:34,637 - INFO Retriever 0 - dict_keys(['read_file'])
2024-10-10 15:39:34,637 - INFO Retriever 0 - Agent主脑给出的行动：read_file
参数：{'file_path': 'D:\\Unity\\open-project-1-main\\UOP1_Project\\Assets\\ScriptableObjects\\StateMachine\\Protagonist\\Actions\\DestroyPlayer.cs', 'top_path': 'D:\\Unity\\open-project-1-main\\UOP1_Project\\Assets', 'return_file_sum': <bound method TreeGenerationAction.return_file_sum of <Action.tree_gen_action.TreeGenerationAction object at 0x000001EBD8DDE130>>}
2024-10-10 15:39:34,638 - INFO Retriever 0 - Observer: D:\Unity\open-project-1-main\UOP1_Project\Assets\ScriptableObjects\StateMachine\Protagonist\Actions\DestroyPlayer.cs 路径错误。

2024-10-10 15:39:34,638 - INFO Retriever 0 - 

————————————————————————————————————————————————————————————————
2024-10-10 15:39:34,638 - INFO Retriever 0 - 当前窗口总长度：27
2024-10-10 15:39:34,638 - INFO Retriever 0 - 当前更新窗口长度：18
2024-10-10 15:39:34,641 - INFO Retriever 0 - 当前更新窗口长度：18
2024-10-10 15:39:34,641 - INFO Retriever 0 - ————————————————————————————————————————————————————————————————


2024-10-10 15:39:40,921 - INFO Retriever 0 - Agent主脑给出的回答为：{
    "read_file": {
        "file_path": "D:\\Unity\\open-project-1-main\\UOP1_Project\\Assets\\ScriptableObjects\\StateMachine\\Protagonist\\Actions\\RespawnPlayer.asset"
    }
}
2024-10-10 15:39:40,921 - INFO Retriever 0 - 是否成功解析：True
2024-10-10 15:39:40,921 - INFO Retriever 0 - operation_type (__det_dir_action):
2024-10-10 15:39:40,921 - INFO Retriever 0 - read_file
2024-10-10 15:39:40,921 - INFO Retriever 0 - 

——————————————————————————————————————————————————————————————————————————————————————————————————————————————————————————
2024-10-10 15:39:40,921 - INFO Retriever 0 - Assistant:
2024-10-10 15:39:40,921 - INFO Retriever 0 - {
    "read_file": {
        "file_path": "D:\\Unity\\open-project-1-main\\UOP1_Project\\Assets\\ScriptableObjects\\StateMachine\\Protagonist\\Actions\\RespawnPlayer.asset"
    }
}
2024-10-10 15:39:40,921 - INFO Retriever 0 - dict_keys(['read_file'])
2024-10-10 15:39:40,921 - INFO Retriever 0 - Agent主脑给出的行动：read_file
参数：{'file_path': 'D:\\Unity\\open-project-1-main\\UOP1_Project\\Assets\\ScriptableObjects\\StateMachine\\Protagonist\\Actions\\RespawnPlayer.asset', 'top_path': 'D:\\Unity\\open-project-1-main\\UOP1_Project\\Assets', 'return_file_sum': <bound method TreeGenerationAction.return_file_sum of <Action.tree_gen_action.TreeGenerationAction object at 0x000001EBD8DDE130>>}
2024-10-10 15:39:40,925 - INFO Retriever 0 - Observer: 这是一个名为“RespawnPlayer.asset”的文件，该文件里的内容为：
MonoBehaviour:
  m_ObjectHideFlags: 0
  m_CorrespondingSourceObject:
    fileID: 0
  m_PrefabInstance:
    fileID: 0
  m_PrefabAsset:
    fileID: 0
  m_GameObject:
    fileID: 0
  m_Enabled: 1
  m_EditorHideFlags: 0
  m_Script:
    fileID: 11500000
    guid: e8f810032e585a345baf668d3aff0bf5
    type: 3
  m_Name: RespawnPlayer
  m_EditorClassIdentifier: None
  description: Raises an OnSceneReady event to trigger the player instantiation by SpawnSystem
  voidEvent:
    fileID: 11400000
    guid: b729e40fc41dd8b4ea7aaf5c857f7186
    type: 2
2024-10-10 15:39:40,928 - INFO Retriever 0 - 

————————————————————————————————————————————————————————————————
2024-10-10 15:39:40,929 - INFO Retriever 0 - 当前窗口总长度：29
2024-10-10 15:39:40,929 - INFO Retriever 0 - 当前更新窗口长度：20
2024-10-10 15:39:40,929 - INFO Retriever 0 - 当前更新窗口长度：20
2024-10-10 15:39:40,929 - INFO Retriever 0 - ————————————————————————————————————————————————————————————————


2024-10-10 15:39:48,904 - INFO Retriever 0 - Agent主脑给出的回答为：{
    "deep_think": {
        "thoughts": "根据读取的文件内容，`RespawnPlayer.asset` 文件似乎是一个 Unity 资产文件，其中包含了一个名为 `RespawnPlayer` 的 MonoBehaviour 类。这个类似乎用于触发一个 `OnSceneReady` 事件，该事件会由 `SpawnSystem` 来处理玩家实例化。这表明 `RespawnPlayer` 可能与玩家重生位置有关，因为它涉及到玩家实例化的逻辑。接下来，我需要进一步分析 `SpawnSystem` 脚本，以确定玩家重生位置的具体控制方式。"
    }
}
2024-10-10 15:39:48,904 - INFO Retriever 0 - 是否成功解析：True
2024-10-10 15:39:48,904 - INFO Retriever 0 - operation_type (__det_dir_action):
2024-10-10 15:39:48,904 - INFO Retriever 0 - deep_think
2024-10-10 15:39:48,904 - INFO Retriever 0 - 

——————————————————————————————————————————————————————————————————————————————————————————————————————————————————————————
2024-10-10 15:39:48,904 - INFO Retriever 0 - Assistant:
2024-10-10 15:39:48,904 - INFO Retriever 0 - {
    "deep_think": {
        "thoughts": "根据读取的文件内容，`RespawnPlayer.asset` 文件似乎是一个 Unity 资产文件，其中包含了一个名为 `RespawnPlayer` 的 MonoBehaviour 类。这个类似乎用于触发一个 `OnSceneReady` 事件，该事件会由 `SpawnSystem` 来处理玩家实例化。这表明 `RespawnPlayer` 可能与玩家重生位置有关，因为它涉及到玩家实例化的逻辑。接下来，我需要进一步分析 `SpawnSystem` 脚本，以确定玩家重生位置的具体控制方式。"
    }
}
2024-10-10 15:39:48,904 - INFO Retriever 0 - dict_keys(['deep_think'])
2024-10-10 15:39:48,904 - INFO Retriever 0 - Agent主脑给出的行动：deep_think
参数：{'thoughts': '根据读取的文件内容，`RespawnPlayer.asset` 文件似乎是一个 Unity 资产文件，其中包含了一个名为 `RespawnPlayer` 的 MonoBehaviour 类。这个类似乎用于触发一个 `OnSceneReady` 事件，该事件会由 `SpawnSystem` 来处理玩家实例化。这表明 `RespawnPlayer` 可能与玩家重生位置有关，因为它涉及到玩家实例化的逻辑。接下来，我需要进一步分析 `SpawnSystem` 脚本，以确定玩家重生位置的具体控制方式。', 'repeat_counter': 1, 'continue_think_counter': 1}
2024-10-10 15:39:48,907 - INFO Retriever 0 - Observer: 好的，请继续你的下一步行动或思考。
2024-10-10 15:39:48,908 - INFO Retriever 0 - 

————————————————————————————————————————————————————————————————
2024-10-10 15:39:48,908 - INFO Retriever 0 - 当前窗口总长度：31
2024-10-10 15:39:48,908 - INFO Retriever 0 - 当前更新窗口长度：22
2024-10-10 15:39:48,908 - INFO Retriever 0 - 当前更新窗口长度：22
2024-10-10 15:39:48,908 - INFO Retriever 0 - ————————————————————————————————————————————————————————————————


2024-10-10 15:39:52,124 - INFO Retriever 0 - Agent主脑给出的回答为：{
    "read_file": {
        "file_path": "D:\\Unity\\open-project-1-main\\UOP1_Project\\Assets\\ScriptableObjects\\Gameplay\\SpawnSystem.cs"
    }
}
2024-10-10 15:39:52,124 - INFO Retriever 0 - 是否成功解析：True
2024-10-10 15:39:52,124 - INFO Retriever 0 - operation_type (__det_dir_action):
2024-10-10 15:39:52,125 - INFO Retriever 0 - read_file
2024-10-10 15:39:52,125 - INFO Retriever 0 - 

——————————————————————————————————————————————————————————————————————————————————————————————————————————————————————————
2024-10-10 15:39:52,125 - INFO Retriever 0 - Assistant:
2024-10-10 15:39:52,125 - INFO Retriever 0 - {
    "read_file": {
        "file_path": "D:\\Unity\\open-project-1-main\\UOP1_Project\\Assets\\ScriptableObjects\\Gameplay\\SpawnSystem.cs"
    }
}
2024-10-10 15:39:52,126 - INFO Retriever 0 - dict_keys(['read_file'])
2024-10-10 15:39:52,126 - INFO Retriever 0 - Agent主脑给出的行动：read_file
参数：{'file_path': 'D:\\Unity\\open-project-1-main\\UOP1_Project\\Assets\\ScriptableObjects\\Gameplay\\SpawnSystem.cs', 'top_path': 'D:\\Unity\\open-project-1-main\\UOP1_Project\\Assets', 'return_file_sum': <bound method TreeGenerationAction.return_file_sum of <Action.tree_gen_action.TreeGenerationAction object at 0x000001EBD8DDE130>>}
2024-10-10 15:39:52,127 - INFO Retriever 0 - Observer: D:\Unity\open-project-1-main\UOP1_Project\Assets\ScriptableObjects\Gameplay\SpawnSystem.cs 路径错误。

2024-10-10 15:39:52,128 - INFO Retriever 0 - 

————————————————————————————————————————————————————————————————
2024-10-10 15:39:52,128 - INFO Retriever 0 - 当前窗口总长度：33
2024-10-10 15:39:52,128 - INFO Retriever 0 - 当前更新窗口长度：24
2024-10-10 15:39:52,130 - INFO Retriever 0 - 当前更新窗口长度：24
2024-10-10 15:39:52,130 - INFO Retriever 0 - ————————————————————————————————————————————————————————————————


2024-10-10 15:39:57,170 - INFO Retriever 0 - Agent主脑给出的回答为：{
    "read_file": {
        "file_path": "D:\\Unity\\open-project-1-main\\UOP1_Project\\Assets\\ScriptableObjects\\Gameplay\\SpawnSystem.asset"
    }
}
2024-10-10 15:39:57,170 - INFO Retriever 0 - 是否成功解析：True
2024-10-10 15:39:57,170 - INFO Retriever 0 - operation_type (__det_dir_action):
2024-10-10 15:39:57,170 - INFO Retriever 0 - read_file
2024-10-10 15:39:57,170 - INFO Retriever 0 - 

——————————————————————————————————————————————————————————————————————————————————————————————————————————————————————————
2024-10-10 15:39:57,171 - INFO Retriever 0 - Assistant:
2024-10-10 15:39:57,171 - INFO Retriever 0 - {
    "read_file": {
        "file_path": "D:\\Unity\\open-project-1-main\\UOP1_Project\\Assets\\ScriptableObjects\\Gameplay\\SpawnSystem.asset"
    }
}
2024-10-10 15:39:57,171 - INFO Retriever 0 - dict_keys(['read_file'])
2024-10-10 15:39:57,171 - INFO Retriever 0 - Agent主脑给出的行动：read_file
参数：{'file_path': 'D:\\Unity\\open-project-1-main\\UOP1_Project\\Assets\\ScriptableObjects\\Gameplay\\SpawnSystem.asset', 'top_path': 'D:\\Unity\\open-project-1-main\\UOP1_Project\\Assets', 'return_file_sum': <bound method TreeGenerationAction.return_file_sum of <Action.tree_gen_action.TreeGenerationAction object at 0x000001EBD8DDE130>>}
2024-10-10 15:39:57,172 - INFO Retriever 0 - Observer: 该文件内容为空。
2024-10-10 15:39:57,173 - INFO Retriever 0 - 

————————————————————————————————————————————————————————————————
2024-10-10 15:39:57,173 - INFO Retriever 0 - 当前窗口总长度：35
2024-10-10 15:39:57,173 - INFO Retriever 0 - 当前更新窗口长度：26
2024-10-10 15:39:57,175 - INFO Retriever 0 - 当前更新窗口长度：26
2024-10-10 15:39:57,175 - INFO Retriever 0 - ————————————————————————————————————————————————————————————————


2024-10-10 15:40:09,881 - INFO Retriever 0 - Agent主脑给出的回答为：{
    "deep_think": {
        "thoughts": "读取的 `SpawnSystem.asset` 文件内容为空，这表明该文件可能是一个配置文件，但其中没有包含实际的代码逻辑。由于 `RespawnPlayer.asset` 文件提到了 `SpawnSystem`，我需要进一步查找 `SpawnSystem` 的实现代码。由于 `SpawnSystem.asset` 是空的，我推测 `SpawnSystem` 的实现可能位于项目中的其他脚本文件中。接下来，我将使用 `get_folder_info` 操作来获取 `Scripts` 文件夹下的文件信息，以便找到可能包含 `SpawnSystem` 代码的脚本文件。"
    }
}
2024-10-10 15:40:09,881 - INFO Retriever 0 - 是否成功解析：True
2024-10-10 15:40:09,881 - INFO Retriever 0 - operation_type (__det_dir_action):
2024-10-10 15:40:09,881 - INFO Retriever 0 - deep_think
2024-10-10 15:40:09,881 - INFO Retriever 0 - 

——————————————————————————————————————————————————————————————————————————————————————————————————————————————————————————
2024-10-10 15:40:09,881 - INFO Retriever 0 - Assistant:
2024-10-10 15:40:09,881 - INFO Retriever 0 - {
    "deep_think": {
        "thoughts": "读取的 `SpawnSystem.asset` 文件内容为空，这表明该文件可能是一个配置文件，但其中没有包含实际的代码逻辑。由于 `RespawnPlayer.asset` 文件提到了 `SpawnSystem`，我需要进一步查找 `SpawnSystem` 的实现代码。由于 `SpawnSystem.asset` 是空的，我推测 `SpawnSystem` 的实现可能位于项目中的其他脚本文件中。接下来，我将使用 `get_folder_info` 操作来获取 `Scripts` 文件夹下的文件信息，以便找到可能包含 `SpawnSystem` 代码的脚本文件。"
    }
}
2024-10-10 15:40:09,881 - INFO Retriever 0 - dict_keys(['deep_think'])
2024-10-10 15:40:09,881 - INFO Retriever 0 - Agent主脑给出的行动：deep_think
参数：{'thoughts': '读取的 `SpawnSystem.asset` 文件内容为空，这表明该文件可能是一个配置文件，但其中没有包含实际的代码逻辑。由于 `RespawnPlayer.asset` 文件提到了 `SpawnSystem`，我需要进一步查找 `SpawnSystem` 的实现代码。由于 `SpawnSystem.asset` 是空的，我推测 `SpawnSystem` 的实现可能位于项目中的其他脚本文件中。接下来，我将使用 `get_folder_info` 操作来获取 `Scripts` 文件夹下的文件信息，以便找到可能包含 `SpawnSystem` 代码的脚本文件。', 'repeat_counter': 1, 'continue_think_counter': 1}
2024-10-10 15:40:09,881 - INFO Retriever 0 - Observer: 好的，请继续你的下一步行动或思考。
2024-10-10 15:40:09,881 - INFO Retriever 0 - 

————————————————————————————————————————————————————————————————
2024-10-10 15:40:09,881 - INFO Retriever 0 - 当前窗口总长度：37
2024-10-10 15:40:09,881 - INFO Retriever 0 - 当前更新窗口长度：28
2024-10-10 15:40:09,881 - INFO Retriever 0 - 当前更新窗口长度：28
2024-10-10 15:40:09,881 - INFO Retriever 0 - ————————————————————————————————————————————————————————————————


2024-10-10 15:40:14,025 - INFO Retriever 0 - Agent主脑给出的回答为：{
    "get_folder_info": {
        "target_folder_path": "D:\\Unity\\open-project-1-main\\UOP1_Project\\Assets\\Scripts"
    }
}
2024-10-10 15:40:14,025 - INFO Retriever 0 - 是否成功解析：True
2024-10-10 15:40:14,025 - INFO Retriever 0 - operation_type (__det_dir_action):
2024-10-10 15:40:14,025 - INFO Retriever 0 - get_folder_info
2024-10-10 15:40:14,025 - INFO Retriever 0 - 

——————————————————————————————————————————————————————————————————————————————————————————————————————————————————————————
2024-10-10 15:40:14,026 - INFO Retriever 0 - Assistant:
2024-10-10 15:40:14,026 - INFO Retriever 0 - {
    "get_folder_info": {
        "target_folder_path": "D:\\Unity\\open-project-1-main\\UOP1_Project\\Assets\\Scripts"
    }
}
2024-10-10 15:40:14,026 - INFO Retriever 0 - dict_keys(['get_folder_info'])
2024-10-10 15:40:14,027 - INFO Retriever 0 - Agent主脑给出的行动：get_folder_info
参数：{'target_folder_path': 'D:\\Unity\\open-project-1-main\\UOP1_Project\\Assets\\Scripts'}
2024-10-10 15:40:14,055 - INFO Retriever 0 - Observer: 目标文件夹路径：D:\Unity\open-project-1-main\UOP1_Project\Assets\Scripts
文件结构树（该结构树可能不完整，仅返回深度小于等于1层的子文件以及文件夹）：
├── Animation
│   ├── RandomIdleAnimationBehaviour.cs
├── Audio
│   ├── AudioConfigApplier.cs
│   ├── AudioCue.cs
│   ...
│   ├── SoundEmitters
├── BaseClasses
│   ├── DescriptionBaseSO.cs
├── Camera
│   ├── CameraManager.cs
├── Characters
│   ├── Attack.cs
│   ├── Attacker.cs
│   ...
│   ├── ZoneTriggerController.cs
├── Cutscenes
│   ├── CutsceneAudioConfigSetter.cs
│   ├── CutsceneManager.cs
│   ├── CutsceneSceneLoader.cs
│   ├── CutsceneTrigger.cs
│   ├── DialogueControlTrack
│   ├── TimelineBinder.cs
├── Dialogues
│   ├── ActorSO.cs
│   ├── DialogueDataSO.cs
│   ├── DialogueManager.cs
│   ├── DialogueTrigger.cs
│   ├── Editor
├── EditorTools
│   ├── Attributes
│   ├── Editor
│   ├── MonoBehaviours
├── Effects
│   ├── DissolveHelper.cs
│   ├── FireLight.cs
│   ├── PlayerEffectController.cs
│   ├── VFXUtil.cs
│   ├── Watermill.cs
├── Events
│   ├── IntEventListener.cs
│   ├── NPCMovementSwitcher.cs
│   ├── ScriptableObjects
│   ├── VoidEventListener.cs
├── Factory
│   ├── FactorySO.cs
│   ├── IFactory.cs
├── Gameplay
│   ├── GameManager.cs
│   ├── GameStateSO.cs
│   ├── SpawnSystem.cs
├── Input
│   ├── GameInput.cs
│   ├── InputReader.cs
├── Interaction
│   ├── Interaction.cs
│   ├── InteractionManager.cs
├── Inventory
│   ├── CollectableItem.cs
│   ├── InventoryManager.cs
│   ├── ItemInstance.cs
│   ├── ItemPicker.cs
│   ├── ItemStack.cs
│   ├── ScriptableObjects
├── Localization
│   ├── Editor
│   ├── LocalizeSceneNameFromSO.cs
├── Menu
│   ├── MenuController.cs
│   ├── MenuSelectionHandler.cs
│   ├── MultiInputButton.cs
│   ├── MultiInputSelectableElement.cs
│   ├── README.md
├── Pool
│   ├── ComponentPoolSO.cs
│   ├── Example
│   ├── IPool.cs
│   ├── PoolSO.cs
├── Quests
│   ├── Editor
│   ├── QuestManager.asset
│   ├── QuestManagerSO.cs
│   ├── Resources
│   ├── ScriptableObjects
│   ├── StepController.cs
├── RuntimeAnchors
│   ├── PathStorageSO.cs
│   ├── RuntimeAnchorBase.cs
│   ├── TransformAnchor.cs
├── SaveSystem
│   ├── FileManager.cs
│   ├── Save.cs
│   ├── SaveSystem.cs
│   ├── SerializableScriptableObject.cs
│   ├── SerializedItemStack.cs
├── SceneManagement
│   ├── FallCatcher.cs
│   ├── InitializationLoader.cs
│   ├── LocationEntrance.cs
│   ├── LocationExit.cs
│   ├── SceneLoader.cs
│   ├── ScriptableObjects
│   ├── StartGame.cs
├── StateMachine
│   ├── Core
│   ├── Debugging
│   ├── Editor
│   ├── ScriptableObjects
│   ├── UOP1.StateMachine.asmdef
│   ├── Utilities
├── Systems
│   ├── Settings
├── UI
│   ├── Dialogue
│   ├── FadeController.cs
│   ...
│   ├── UISpinner.cs


其中，部分主要文件及文件夹的信息如下：
1. Scripts
# 路径:D:/Unity/open-project-1-main/UOP1_Project\Assets\Scripts
# 内容概述:“Scripts”文件夹是Unity游戏开发的核心，汇集了动画控制、音频管理、角色行为、摄像机操作、场景管理等关键脚本，旨在构建流畅的游戏体验。它还包含了对话系统、库存管理、用户界面、输入处理、交互逻辑等脚本，确保游戏交互丰富且直观。此外，文件夹内还涵盖了保存系统、状态机、系统设置、本地化工具以及编辑器辅助工具，以支持高效的游戏开发和资源管理。这些脚本相互协作，共同构成了一个功能全面、结构清晰的游戏开发框架。

2. Animation
# 路径:D:/Unity/open-project-1-main/UOP1_Project\Assets\Scripts\Animation
# 内容概述:该“Animation”文件夹专注于Unity动画控制，包含一个名为`RandomIdleAnimationBehaviour.cs`的脚本，该脚本继承自`StateMachineBehaviour`，负责在动画状态切换时随机选择并应用空闲动画，以丰富游戏角色的动画表现。

3. Audio
# 路径:D:/Unity/open-project-1-main/UOP1_Project\Assets\Scripts\Audio
# 内容概述:“Audio”文件夹汇集了Unity游戏音频开发的关键脚本，包括音频配置管理（如`AudioConfigurationSO.cs`）、音频剪辑播放控制（`AudioCueSO.cs`）、以及音频效果的管理和播放（`SoundEmitters`子文件夹）。其中，`AudioManager.cs`负责全面音频控制，而`MusicPlayer.cs`专注于音乐播放。此外，`AudioConfigApplier.cs`确保音频配置的即时应用，`AudioCue.cs`和`AudioCueOnTriggerEnter.cs`则处理音频事件和触发器逻辑，而`OrientListener.cs`则同步游戏对象与相机方向。这些脚本协同工作，为游戏提供丰富且高效的音频体验。

4. BaseClasses
# 路径:D:/Unity/open-project-1-main/UOP1_Project\Assets\Scripts\BaseClasses
# 内容概述:该“BaseClasses”文件夹内包含的“DescriptionBaseSO.cs”文件定义了一个继承自`SerializableScriptableObject`的`DescriptionBaseSO`类，旨在为Unity脚本对象提供一个带有描述文本存储功能的基类，便于在编辑器中序列化和管理对象描述。

5. Camera
# 路径:D:/Unity/open-project-1-main/UOP1_Project\Assets\Scripts\Camera
# 内容概述:该“Camera”文件夹专注于“CameraManager.cs”脚本，该脚本负责管理游戏摄像机，包括控制移动、鼠标锁定、震动响应等，通过模块化设计实现摄像机行为的全面管理，确保游戏体验的流畅性。

6. Characters
# 路径:D:/Unity/open-project-1-main/UOP1_Project\Assets\Scripts\Characters
# 内容概述:“Characters”文件夹汇集了Unity游戏开发中角色相关的脚本资源，包括角色配置（如攻击、奖励、效果和NPC移动）、状态机逻辑、音频处理以及角色行为控制。文件夹内分为多个子目录，如Config存储角色配置脚本，StateMachine包含构建游戏逻辑的脚本，Audio则专注于角色音效。此外，Attack、Attacker、Critter等脚本负责角色具体行为，而NPC、Protagonist等则涉及角色状态和交互。整体上，这些脚本相互协作，共同构成了游戏中的角色系统。

7. Cutscenes
# 路径:D:/Unity/open-project-1-main/UOP1_Project\Assets\Scripts\Cutscenes
# 内容概述:“Cutscenes”文件夹汇集了Unity游戏开发中用于管理和控制场景播放的脚本。它包含对话控制脚本，如`DialogueBehaviour`、`DialogueClip`和`DialogueTrack`，负责对话的显示和播放；音频配置脚本`CutsceneAudioConfigSetter`，用于调整场景中的音量；场景管理脚本`CutsceneManager`，负责场景的播放、暂停和对话显示；场景加载脚本`CutsceneSceneLoader`，用于加载特定场景；触发脚本`CutsceneTrigger`，用于触发场景播放；以及时间轴绑定脚本`TimelineBinder`，确保游戏对象与时间轴同步。这些脚本相互协作，共同构建了游戏中的场景系统。

8. Dialogues
# 路径:D:/Unity/open-project-1-main/UOP1_Project\Assets\Scripts\Dialogues
# 内容概述:“Dialogues”文件夹汇集了Unity对话系统的核心组件，包括扩展Locale系统的CustomMetadata.cs脚本，用于创建和管理角色的ActorSO.cs，定义对话数据的DialogueDataSO.cs，负责对话逻辑的DialogueManager.cs，以及触发对话的DialogueTrigger.cs。这些文件协同工作，为游戏提供丰富且动态的对话体验。

9. EditorTools
# 路径:D:/Unity/open-project-1-main/UOP1_Project\Assets\Scripts\EditorTools
# 内容概述:“EditorTools”文件夹汇集了Unity编辑器增强工具，包括实现只读属性系统的`Attributes`子文件夹、自定义编辑器界面的`Editor`子文件夹，以及提供点击放置、传送、光贴图缩放等编辑器工具的`MonoBehaviours`子文件夹。这些工具旨在提升编辑效率和功能扩展。

10. Effects
# 路径:D:/Unity/open-project-1-main/UOP1_Project\Assets\Scripts\Effects
# 内容概述:“Effects”文件夹汇集了Unity游戏开发中用于创建视觉效果的脚本，包括实现物体溶解的DissolveHelper.cs、模拟火焰动态亮度的FireLight.cs、控制玩家动作粒子效果的PlayerEffectController.cs、数值范围重映射的VFXUtil.cs，以及动态旋转水车轮子的Watermill.cs。这些脚本相互关联，共同构成了游戏中的丰富视觉效果系统。

11. Events
# 路径:D:/Unity/open-project-1-main/UOP1_Project\Assets\Scripts\Events
# 内容概述:“Events”文件夹汇集了Unity游戏开发中用于构建交互式游戏体验的关键脚本。它包含多种事件处理脚本，如对话选择、屏幕淡入淡出、NPC移动等，通过事件通道机制实现模块化交互。文件夹内脚本如`DialogueChoiceChannelSO`、`NPCMovementEventChannelSO`等，共同构建了一个灵活的事件驱动系统，支持游戏逻辑与UI的紧密集成。

12. Factory
# 路径:D:/Unity/open-project-1-main/UOP1_Project\Assets\Scripts\Factory
# 内容概述:### 文件夹内容概述
“Factory”文件夹内包含用于Unity游戏开发的工厂模式相关代码。主要文件包括`FactorySO.cs`，它定义了一个泛型工厂类`FactorySO<T>`，继承自`ScriptableObject`并实现`IFactory<T>`接口，用于创建和管理游戏对象的实例。`IFactory.cs`则定义了`IFactory<T>`接口，规范了工厂模式中创建对象的接口标准。这两个文件共同构成了一个灵活的工厂模式实现，便于在Unity编辑器中管理游戏对象生成。

13. Gameplay
# 路径:D:/Unity/open-project-1-main/UOP1_Project\Assets\Scripts\Gameplay
# 内容概述:## 文件夹内容精简总结

“Gameplay”文件夹汇集了Unity游戏开发的核心脚本，包括`GameManager.cs`用于管理游戏状态和事件，`GameStateSO.cs`负责跟踪和管理游戏状态变化，以及`SpawnSystem.cs`负责玩家的生成逻辑。这些脚本相互协作，共同构成了游戏的核心功能框架。

14. Input
# 路径:D:/Unity/open-project-1-main/UOP1_Project\Assets\Scripts\Input
# 内容概述:## 文件夹内容精简总结

该“Input”文件夹汇集了游戏输入管理脚本，包含`GameInput.cs`和`InputReader.cs`两个关键文件。`GameInput.cs`定义了`@GameInput`类，负责处理游戏输入，包括玩法、菜单、对话和作弊等模块，并实现了资源管理。`InputReader.cs`则继承自`DescriptionBaseSO`，实现了对游戏输入事件的管理，如跳跃、攻击等，并通过事件和回调函数将输入事件传递给相应系统。两者协同工作，确保游戏输入的模块化和高效处理。

15. Interaction
# 路径:D:/Unity/open-project-1-main/UOP1_Project\Assets\Scripts\Interaction
# 内容概述:### 文件夹内容总结

“Interaction”文件夹内包含两个关键脚本，旨在Unity游戏开发中处理玩家与游戏对象的交互。`Interaction.cs`定义了一个公共类，用于封装交互类型和对象，而`InteractionManager.cs`则是一个Unity组件，负责管理玩家与游戏对象的交互，包括拾取、烹饪和交谈，并通过事件监听和UI更新来响应这些交互。这两个脚本协同工作，为游戏中的交互逻辑提供了坚实的基础。

16. Inventory
# 路径:D:/Unity/open-project-1-main/UOP1_Project\Assets\Scripts\Inventory
# 内容概述:### 文件夹内容总结

“Inventory”文件夹汇集了Unity游戏开发中用于管理游戏内物品、库存、食谱和类型数据的脚本。核心脚本包括定义库存、物品类型、食谱和本地化信息的ScriptableObject类，以及处理可收集物品动画和状态的CollectableItem类。InventoryManager类负责库存管理，包括物品的增减和事件监听。此外，ItemInstance和ItemPicker类分别提供对物品实例的访问和选择项目的能力，而ItemStack类用于表示和管理物品堆叠。这些脚本相互协作，共同构建了一个模块化和可扩展的游戏内容管理系统。

17. Localization
# 路径:D:/Unity/open-project-1-main/UOP1_Project\Assets\Scripts\Localization
# 内容概述:### 文件夹内容总结

“Localization”文件夹汇集了Unity游戏本地化工具，包括用于TextMeshProUGUI组件的文本和字体本地化脚本（LocalizeComponent_TMProFont.cs和LocalizeTMProFontEvent.cs），以及一个用于场景名称本地化的脚本（LocalizeSceneNameFromSO.cs）。这些脚本协同工作，确保游戏中的文本和字体能够根据不同语言进行本地化处理。

18. Menu
# 路径:D:/Unity/open-project-1-main/UOP1_Project\Assets\Scripts\Menu
# 内容概述:“Menu”文件夹汇集了Unity游戏菜单系统的核心脚本，包括`MenuController.cs`负责菜单的显示与暂停控制，`MenuSelectionHandler.cs`处理用户选择与交互，`MultiInputButton.cs`和`MultiInputSelectableElement.cs`则增强了按钮的输入响应和交互事件处理。这些脚本协同工作，构建了一个功能完备的菜单交互系统，并通过`README.md`文档提供详细的设置和使用指导。

19. Pool
# 路径:D:/Unity/open-project-1-main/UOP1_Project\Assets\Scripts\Pool
# 内容概述:### 文件夹内容概览

“Pool”文件夹汇集了Unity游戏开发中用于粒子系统和对象池管理的脚本与配置文件。包含粒子系统配置、全局粒子池定义、对象池测试脚本以及对象池和组件池的管理脚本。这些资源旨在优化游戏性能和资源利用，通过对象池机制提高资源重用效率，并支持粒子系统的灵活配置和测试。

20. Quests
# 路径:D:/Unity/open-project-1-main/UOP1_Project\Assets\Scripts\Quests
# 内容概述:### 文件夹内容概览
“Quests”文件夹是Unity游戏开发的核心资源集，专注于任务和对话系统的设计。它包含角色图像、UI布局文件、编辑器脚本和可序列化对象，如任务、任务线和步骤的数据结构。文件夹内分为资源管理、编辑器配置、脚本对象和任务管理器，确保了从资源编辑到任务流程控制的连贯性。关键文件如“QuestManagerSO.cs”和“StepController.cs”负责任务流程和对话步骤的管理，而“Resources”和“ScriptableObjects”则提供了必要的配置和数据支持。

21. RuntimeAnchors
# 路径:D:/Unity/open-project-1-main/UOP1_Project\Assets\Scripts\RuntimeAnchors
# 内容概述:该“RuntimeAnchors”文件夹汇集了Unity游戏开发中路径存储和锚点管理的脚本。其中，`PathStorageSO.cs`负责持久化存储游戏路径信息，而`RuntimeAnchorBase.cs`提供了一个泛型锚点管理框架，`TransformAnchor.cs`则基于此框架实现与`Transform`组件关联的运行时锚点，以支持游戏中的导航和动画。这些脚本相互协作，为游戏场景管理和对象定位提供核心功能。

22. SaveSystem
# 路径:D:/Unity/open-project-1-main/UOP1_Project\Assets\Scripts\SaveSystem
# 内容概述:### 文件夹内容概要
“SaveSystem”文件夹汇集了Unity游戏开发中数据管理的关键脚本。主要包括`FileManager.cs`，负责本地文件读写和移动；`Save.cs`，用于序列化游戏设置和状态；`SaveSystem.cs`，管理游戏数据的保存与加载；`SerializableScriptableObject.cs`，实现Unity编辑器中对象的唯一标识；以及`SerializedItemStack.cs`，封装物品堆栈的序列化信息。这些脚本协同工作，确保游戏数据的有效保存和恢复。

23. SceneManagement
# 路径:D:/Unity/open-project-1-main/UOP1_Project\Assets\Scripts\SceneManagement
# 内容概述:“SceneManagement”文件夹汇集了Unity游戏开发的核心脚本，旨在高效管理游戏场景与设置。其中，ScriptableObjects子文件夹封装了游戏场景、位置、菜单等数据，通过继承基类实现通用场景管理功能。FallCatcher、InitializationLoader、LocationEntrance、LocationExit等脚本分别处理玩家碰撞、游戏初始化、位置入口与出口逻辑。SceneLoader负责场景的异步加载与卸载，而StartGame则管理游戏开始流程，包括新游戏和继续游戏选项。整体上，这些脚本协同工作，确保游戏场景的流畅切换和玩家交互的顺畅进行。

24. StateMachine
# 路径:D:/Unity/open-project-1-main/UOP1_Project\Assets\Scripts\StateMachine
# 内容概述:“StateMachine”文件夹汇集了Unity游戏开发中状态机框架的C#脚本，包括核心组件如状态、动作、条件和转换，以及状态机的管理逻辑。其中，“Core”子文件夹包含基础脚本，如状态组件接口、状态类、动作和条件抽象类，以及状态机核心类；“Debugging”子文件夹提供状态机调试工具；“Editor”子文件夹则集成了状态机设计和编辑工具，如模板、编辑器扩展和窗口；“ScriptableObjects”子文件夹定义了可序列化的对象，用于配置状态机组件；“Utilities”子文件夹提供自定义属性，用于标记初始化字段；“UOP1.StateMachine.asmdef”文件则定义了状态机模块的编译设置和依赖。

25. Systems
# 路径:D:/Unity/open-project-1-main/UOP1_Project\Assets\Scripts\Systems
# 内容概述:“Systems”文件夹汇集了Unity游戏设置管理的关键脚本，包括用于存储设置的`SettingsSO.cs`、管理设置的`SettingsSystem.cs`，以及负责音量、图形和语言设置的UI组件（如`UISettingsAudioComponent.cs`、`UISettingsGraphicsComponent.cs`和`UISettingsLanguageComponent.cs`）。这些脚本紧密协作，通过序列化机制实现设置数据的存储和用户交互，共同构成了一个完整的游戏设置管理系统。

26. UI
# 路径:D:/Unity/open-project-1-main/UOP1_Project\Assets\Scripts\UI
# 内容概述:“UI”文件夹汇集了Unity游戏开发中用于构建和管理用户界面的关键脚本。它涵盖了对话系统、库存管理、设置界面、加载界面、信用屏幕、通用按钮、健康条、心形显示、交互面板、主菜单、暂停界面、弹窗以及旋转动画等多个方面。这些脚本通过事件和函数调用相互协作，确保了游戏UI的完整性和交互性，共同构成了游戏流程中的关键用户界面元素。


2024-10-10 15:40:14,059 - INFO Retriever 0 - 

————————————————————————————————————————————————————————————————
2024-10-10 15:40:14,059 - INFO Retriever 0 - 当前窗口总长度：39
2024-10-10 15:40:14,060 - INFO Retriever 0 - 当前更新窗口长度：30
2024-10-10 15:40:14,060 - INFO Retriever 0 - 当前更新窗口长度：30
2024-10-10 15:40:14,060 - INFO Retriever 0 - ————————————————————————————————————————————————————————————————


2024-10-10 15:40:16,786 - INFO Retriever 0 - Agent主脑给出的回答为：{
    "read_file": {
        "file_path": "D:\\Unity\\open-project-1-main\\UOP1_Project\\Assets\\Scripts\\Gameplay\\SpawnSystem.cs"
    }
}
2024-10-10 15:40:16,786 - INFO Retriever 0 - 是否成功解析：True
2024-10-10 15:40:16,787 - INFO Retriever 0 - operation_type (__det_dir_action):
2024-10-10 15:40:16,787 - INFO Retriever 0 - read_file
2024-10-10 15:40:16,787 - INFO Retriever 0 - 

——————————————————————————————————————————————————————————————————————————————————————————————————————————————————————————
2024-10-10 15:40:16,787 - INFO Retriever 0 - Assistant:
2024-10-10 15:40:16,788 - INFO Retriever 0 - {
    "read_file": {
        "file_path": "D:\\Unity\\open-project-1-main\\UOP1_Project\\Assets\\Scripts\\Gameplay\\SpawnSystem.cs"
    }
}
2024-10-10 15:40:16,788 - INFO Retriever 0 - dict_keys(['read_file'])
2024-10-10 15:40:16,788 - INFO Retriever 0 - Agent主脑给出的行动：read_file
参数：{'file_path': 'D:\\Unity\\open-project-1-main\\UOP1_Project\\Assets\\Scripts\\Gameplay\\SpawnSystem.cs', 'top_path': 'D:\\Unity\\open-project-1-main\\UOP1_Project\\Assets', 'return_file_sum': <bound method TreeGenerationAction.return_file_sum of <Action.tree_gen_action.TreeGenerationAction object at 0x000001EBD8DDE130>>}
2024-10-10 15:40:16,829 - INFO Retriever 0 - Observer: 这是一个名为“SpawnSystem.cs”的文件，该文件里的内容为：
由于脚本文件内容过长，暂时仅给出该脚本文件的内容总结:
- ### 脚本内容总结

#### 1. 总体概述
- **框架和模块化结构**：脚本定义了一个名为 `SpawnSystem` 的类，该类继承自 `MonoBehaviour`，用于管理玩家的生成逻辑。
- **主要功能和目标**：脚本的主要功能是在场景准备好时，根据玩家的路径选择合适的生成位置，并实例化玩家预制体。

#### 2. 模块和功能
- **模块**：
  - **Asset References**：引用输入读取器、玩家预制体、变换锚点、事件通道和路径存储。
  - **Scene Ready Event**：场景准备就绪事件。
  - **Spawn Logic**：生成玩家的逻辑。
- **功能**：
  - 查找场景中的生成点。
  - 根据玩家的路径选择生成位置。
  - 实例化玩家预制体。
  - 通知其他系统玩家已生成。

#### 3. 类和函数
- **类**：
  - `SpawnSystem`：管理玩家生成的类。
- **函数**：
  - `Awake()`：初始化时调用，查找所有 `LocationEntrance` 对象和默认生成点。
  - `OnEnable()`：启用时调用，订阅场景准备就绪事件。
  - `OnDisable()`：禁用时调用，取消订阅场景准备就绪事件并重置变换锚点。
  - `GetSpawnLocation()`：获取生成位置。
  - `SpawnPlayer()`：根据场景准备就绪事件生成玩家。

#### 4. 实现逻辑
- **逻辑流程**：
  1. 在 `Awake()` 中初始化生成点。
  2. 在 `OnEnable()` 中订阅场景准备就绪事件。
  3. 当场景准备就绪事件被触发时，`SpawnPlayer()` 被调用。
  4. `SpawnPlayer()` 获取生成位置，实例化玩家预制体，并通知其他系统。
  5. 在 `OnDisable()` 中取消订阅事件并重置变换锚点。
2024-10-10 15:40:16,833 - INFO Retriever 0 - 

————————————————————————————————————————————————————————————————
2024-10-10 15:40:16,833 - INFO Retriever 0 - 当前窗口总长度：41
2024-10-10 15:40:16,833 - INFO Retriever 0 - 当前更新窗口长度：32
2024-10-10 15:40:16,834 - INFO Retriever 0 - 当前更新窗口长度：32
2024-10-10 15:40:16,834 - INFO Retriever 0 - ————————————————————————————————————————————————————————————————


2024-10-10 15:40:24,699 - INFO Retriever 0 - Agent主脑给出的回答为：{
    "deep_think": {
        "thoughts": "根据读取的 `SpawnSystem.cs` 文件内容，`SpawnSystem` 类负责在场景准备好时生成玩家。它查找场景中的生成点，根据玩家的路径选择生成位置，并实例化玩家预制体。这表明 `SpawnSystem` 类很可能包含了玩家重生位置和初始位置控制的逻辑。接下来，我需要进一步分析 `SpawnSystem` 类的具体实现细节，以确定玩家重生位置和初始位置的具体控制方式。"
    }
}
2024-10-10 15:40:24,699 - INFO Retriever 0 - 是否成功解析：True
2024-10-10 15:40:24,704 - INFO Retriever 0 - operation_type (__det_dir_action):
2024-10-10 15:40:24,704 - INFO Retriever 0 - deep_think
2024-10-10 15:40:24,704 - INFO Retriever 0 - 

——————————————————————————————————————————————————————————————————————————————————————————————————————————————————————————
2024-10-10 15:40:24,704 - INFO Retriever 0 - Assistant:
2024-10-10 15:40:24,704 - INFO Retriever 0 - {
    "deep_think": {
        "thoughts": "根据读取的 `SpawnSystem.cs` 文件内容，`SpawnSystem` 类负责在场景准备好时生成玩家。它查找场景中的生成点，根据玩家的路径选择生成位置，并实例化玩家预制体。这表明 `SpawnSystem` 类很可能包含了玩家重生位置和初始位置控制的逻辑。接下来，我需要进一步分析 `SpawnSystem` 类的具体实现细节，以确定玩家重生位置和初始位置的具体控制方式。"
    }
}
2024-10-10 15:40:24,704 - INFO Retriever 0 - dict_keys(['deep_think'])
2024-10-10 15:40:24,704 - INFO Retriever 0 - Agent主脑给出的行动：deep_think
参数：{'thoughts': '根据读取的 `SpawnSystem.cs` 文件内容，`SpawnSystem` 类负责在场景准备好时生成玩家。它查找场景中的生成点，根据玩家的路径选择生成位置，并实例化玩家预制体。这表明 `SpawnSystem` 类很可能包含了玩家重生位置和初始位置控制的逻辑。接下来，我需要进一步分析 `SpawnSystem` 类的具体实现细节，以确定玩家重生位置和初始位置的具体控制方式。', 'repeat_counter': 1, 'continue_think_counter': 1}
2024-10-10 15:40:24,704 - INFO Retriever 0 - Observer: 好的，请继续你的下一步行动或思考。
2024-10-10 15:40:24,706 - INFO Retriever 0 - 

————————————————————————————————————————————————————————————————
2024-10-10 15:40:24,706 - INFO Retriever 0 - 当前窗口总长度：43
2024-10-10 15:40:24,706 - INFO Retriever 0 - 当前更新窗口长度：34
2024-10-10 15:40:24,708 - INFO Retriever 0 - 当前更新窗口长度：34
2024-10-10 15:40:24,708 - INFO Retriever 0 - ————————————————————————————————————————————————————————————————


2024-10-10 15:40:32,727 - INFO Retriever 0 - Agent主脑给出的回答为：{
    "read_long_details": {
        "file_path": "D:\\Unity\\open-project-1-main\\UOP1_Project\\Assets\\Scripts\\Gameplay\\SpawnSystem.cs"
    }
}
2024-10-10 15:40:32,727 - INFO Retriever 0 - 是否成功解析：True
2024-10-10 15:40:32,728 - INFO Retriever 0 - operation_type (__det_dir_action):
2024-10-10 15:40:32,728 - INFO Retriever 0 - read_long_details
2024-10-10 15:40:32,728 - INFO Retriever 0 - 

——————————————————————————————————————————————————————————————————————————————————————————————————————————————————————————
2024-10-10 15:40:32,728 - INFO Retriever 0 - Assistant:
2024-10-10 15:40:32,728 - INFO Retriever 0 - {
    "read_long_details": {
        "file_path": "D:\\Unity\\open-project-1-main\\UOP1_Project\\Assets\\Scripts\\Gameplay\\SpawnSystem.cs"
    }
}
2024-10-10 15:40:32,730 - INFO Retriever 0 - dict_keys(['read_long_details'])
2024-10-10 15:40:32,730 - INFO Retriever 0 - Agent主脑给出的行动：read_long_details
参数：{'file_path': 'D:\\Unity\\open-project-1-main\\UOP1_Project\\Assets\\Scripts\\Gameplay\\SpawnSystem.cs', 'top_path': 'D:\\Unity\\open-project-1-main\\UOP1_Project\\Assets', 'return_file_sum': <bound method TreeGenerationAction.return_file_sum of <Action.tree_gen_action.TreeGenerationAction object at 0x000001EBD8DDE130>>}
2024-10-10 15:40:32,731 - INFO Retriever 0 - Observer: 这是一个名为“SpawnSystem.cs”的文件，该文件里的内容为：
 1|﻿using System;
 2|using System.Linq;
 3|using UnityEngine;
 4|
 5|public class SpawnSystem : MonoBehaviour
 6|{
 7|	[Header("Asset References")]
 8|	[SerializeField] private InputReader _inputReader = default;
 9|	[SerializeField] private Protagonist _playerPrefab = default;
10|	[SerializeField] private TransformAnchor _playerTransformAnchor = default;
11|	[SerializeField] private TransformEventChannelSO _playerInstantiatedChannel = default;
12|	[SerializeField] private PathStorageSO _pathTaken = default;
13|
14|	[Header("Scene Ready Event")]
15|	[SerializeField] private VoidEventChannelSO _onSceneReady = default; //Raised by SceneLoader when the scene is set to active
16|
17|	private LocationEntrance[] _spawnLocations;
18|	private Transform _defaultSpawnPoint;
19|
20|	private void Awake()
21|	{
22|		_spawnLocations = GameObject.FindObjectsOfType<LocationEntrance>();
23|		_defaultSpawnPoint = transform.GetChild(0);
24|	}
25|
26|	private void OnEnable()
27|	{
28|		_onSceneReady.OnEventRaised += SpawnPlayer;
29|	}
30|
31|	private void OnDisable()
32|	{
33|		_onSceneReady.OnEventRaised -= SpawnPlayer;
34|
35|		_playerTransformAnchor.Unset();
36|	}
37|
38|	private Transform GetSpawnLocation()
39|	{
40|		if (_pathTaken == null)
41|			return _defaultSpawnPoint;
42|
43|		//Look for the element in the available LocationEntries that matches tha last PathSO taken
44|		int entranceIndex = Array.FindIndex(_spawnLocations, element =>
45|			element.EntrancePath == _pathTaken.lastPathTaken );
46|
47|		if (entranceIndex == -1)
48|		{
49|			Debug.LogWarning("The player tried to spawn in an LocationEntry that doesn't exist, returning the default one.");
50|			return _defaultSpawnPoint;
51|		}
52|		else
53|			return _spawnLocations[entranceIndex].transform;
54|	}
55|
56|	private void SpawnPlayer()
57|	{
58|		Transform spawnLocation = GetSpawnLocation();
59|		Protagonist playerInstance = Instantiate(_playerPrefab, spawnLocation.position, spawnLocation.rotation);
60|
61|		_playerInstantiatedChannel.RaiseEvent(playerInstance.transform);
62|		_playerTransformAnchor.Provide(playerInstance.transform); //the CameraSystem will pick this up to frame the player
63|
64|		//TODO: Probably move this to the GameManager once it's up and running
65|		_inputReader.EnableGameplayInput();
66|	}
67|}

2024-10-10 15:40:32,733 - INFO Retriever 0 - 

————————————————————————————————————————————————————————————————
2024-10-10 15:40:32,733 - INFO Retriever 0 - 当前窗口总长度：45
2024-10-10 15:40:32,733 - INFO Retriever 0 - 当前更新窗口长度：36
2024-10-10 15:40:32,733 - INFO Retriever 0 - 当前更新窗口长度：36
2024-10-10 15:40:32,733 - INFO Retriever 0 - ————————————————————————————————————————————————————————————————


2024-10-10 15:40:48,164 - INFO Retriever 0 - Agent主脑给出的回答为：{
    "deep_think": {
        "thoughts": "根据 `SpawnSystem.cs` 文件的详细内容，`SpawnSystem` 类确实负责在场景准备好时生成玩家。它查找场景中的生成点，并根据玩家的路径选择生成位置。如果找不到匹配的生成点，它将使用默认的生成点。生成玩家后，它会通知其他系统玩家已生成，并启用游戏输入。这表明 `SpawnSystem` 类包含了玩家重生位置和初始位置控制的逻辑。接下来，我需要进一步分析 `SpawnSystem` 类的具体实现细节，以确定玩家重生位置和初始位置的具体控制方式。"
    }
}
2024-10-10 15:40:48,164 - INFO Retriever 0 - 是否成功解析：True
2024-10-10 15:40:48,164 - INFO Retriever 0 - operation_type (__det_dir_action):
2024-10-10 15:40:48,164 - INFO Retriever 0 - deep_think
2024-10-10 15:40:48,164 - INFO Retriever 0 - 

——————————————————————————————————————————————————————————————————————————————————————————————————————————————————————————
2024-10-10 15:40:48,167 - INFO Retriever 0 - Assistant:
2024-10-10 15:40:48,167 - INFO Retriever 0 - {
    "deep_think": {
        "thoughts": "根据 `SpawnSystem.cs` 文件的详细内容，`SpawnSystem` 类确实负责在场景准备好时生成玩家。它查找场景中的生成点，并根据玩家的路径选择生成位置。如果找不到匹配的生成点，它将使用默认的生成点。生成玩家后，它会通知其他系统玩家已生成，并启用游戏输入。这表明 `SpawnSystem` 类包含了玩家重生位置和初始位置控制的逻辑。接下来，我需要进一步分析 `SpawnSystem` 类的具体实现细节，以确定玩家重生位置和初始位置的具体控制方式。"
    }
}
2024-10-10 15:40:48,167 - INFO Retriever 0 - dict_keys(['deep_think'])
2024-10-10 15:40:48,167 - INFO Retriever 0 - Agent主脑给出的行动：deep_think
参数：{'thoughts': '根据 `SpawnSystem.cs` 文件的详细内容，`SpawnSystem` 类确实负责在场景准备好时生成玩家。它查找场景中的生成点，并根据玩家的路径选择生成位置。如果找不到匹配的生成点，它将使用默认的生成点。生成玩家后，它会通知其他系统玩家已生成，并启用游戏输入。这表明 `SpawnSystem` 类包含了玩家重生位置和初始位置控制的逻辑。接下来，我需要进一步分析 `SpawnSystem` 类的具体实现细节，以确定玩家重生位置和初始位置的具体控制方式。', 'repeat_counter': 1, 'continue_think_counter': 1}
2024-10-10 15:40:48,168 - INFO Retriever 0 - Observer: 好的，请继续你的下一步行动或思考。
2024-10-10 15:40:48,169 - INFO Retriever 0 - 

————————————————————————————————————————————————————————————————
2024-10-10 15:40:48,170 - INFO Retriever 0 - 当前窗口总长度：47
2024-10-10 15:40:48,170 - INFO Retriever 0 - 当前更新窗口长度：38
2024-10-10 15:40:48,170 - INFO Retriever 0 - 当前更新窗口长度：38
2024-10-10 15:40:48,170 - INFO Retriever 0 - ————————————————————————————————————————————————————————————————


2024-10-10 15:40:53,321 - INFO Retriever 0 - Agent主脑给出的回答为：{
    "finish": "我已完成你所给出的任务需求，请你进行确认"
}
2024-10-10 15:40:53,321 - INFO Retriever 0 - 是否成功解析：True
2024-10-10 15:40:53,321 - INFO Retriever 0 - operation_type (__det_dir_action):
2024-10-10 15:40:53,321 - INFO Retriever 0 - finish
2024-10-10 15:40:53,325 - INFO Retriever 0 - 

——————————————————————————————————————————————————————————————————————————————————————————————————————————————————————————
2024-10-10 15:40:53,325 - INFO Retriever 0 - Assistant:
2024-10-10 15:40:53,325 - INFO Retriever 0 - {
    "finish": "我已完成你所给出的任务需求，请你进行确认"
}
2024-10-10 15:40:53,325 - INFO Retriever 0 - dict_keys(['finish'])
2024-10-10 15:40:53,325 - INFO Retriever 0 - ——————————————————————————————————— 任务结束 ———————————————————————————————————
2024-10-10 15:40:53,325 - INFO Retriever 0 - 

————————————————————————————————————————————————————————————————
2024-10-10 15:40:53,325 - INFO Retriever 0 - 当前窗口总长度：47
2024-10-10 15:40:53,325 - INFO Retriever 0 - 当前更新窗口长度：38
2024-10-10 15:40:53,325 - INFO Retriever 0 - 当前更新窗口长度：38
2024-10-10 15:40:53,325 - INFO Retriever 0 - ————————————————————————————————————————————————————————————————


2024-10-10 15:42:05,094 - INFO Retriever 0 - -------------------------Task Report-----------------------
2024-10-10 15:42:05,094 - INFO Retriever 0 - * 文件一：
    * 文件绝对路径：D:\Unity\open-project-1-main\UOP1_Project\Assets\ScriptableObjects\StateMachine\Protagonist\Actions\RespawnPlayer.asset
    * 文件内容概述：这是一个名为“RespawnPlayer”的 Unity 资产文件，它包含了一个 MonoBehaviour 类，用于触发一个 `OnSceneReady` 事件，该事件会由 `SpawnSystem` 来处理玩家实例化。
    * 该文件与问题目标之间的关联性：`RespawnPlayer` 文件似乎与玩家重生位置有关，因为它涉及到玩家实例化的逻辑。它可能定义了玩家重生时的行为或位置。

* 文件二：
    * 文件绝对路径：D:\Unity\open-project-1-main\UOP1_Project\Assets\Scripts\Gameplay\SpawnSystem.cs
    * 文件内容概述：这是一个名为“SpawnSystem”的 C# 脚本文件，它定义了一个名为 `SpawnSystem` 的类，用于管理玩家的生成逻辑。该类查找场景中的生成点，根据玩家的路径选择生成位置，并实例化玩家预制体。
    * 该文件与问题目标之间的关联性：`SpawnSystem` 类负责在场景准备好时生成玩家，并可能包含了玩家重生位置和初始位置控制的逻辑。它查找场景中的生成点，并根据玩家的路径选择生成位置，这直接关联到玩家重生和初始位置的控制。

* 文件三：
    * 文件绝对路径：D:\Unity\open-project-1-main\UOP1_Project\Assets\ScriptableObjects\SceneData\Locations
    * 文件内容概述：这是一个名为“Locations”的文件夹，它汇集了多个场景配置文件，包括海滩、田野、森林、山洞、城镇内部及市场等。这些文件详细描述了各自场景的脚本配置、音乐轨道和位置名称。
    * 该文件与问题目标之间的关联性：`Locations` 文件夹可能包含了与玩家重生和初始位置相关的场景配置信息。场景配置文件可能定义了玩家在这些场景中的重生位置和初始位置。

* 文件四：
    * 文件绝对路径：D:\Unity\open-project-1-main\UOP1_Project\Assets\ScriptableObjects\EventChannels\SceneManagement
    * 文件内容概述：这是一个名为“SceneManagement”的文件夹，它汇集了用于场景管理和过渡的关键脚本和资产。包含的文件如“ColdStartup_Channel.asset”负责在编辑器中启动游戏时触发场景加载，“LoadLocation_Channel.asset”和“LoadMenu_Channel.asset”则分别处理游戏中的位置场景切换和菜单场景加载。
    * 该文件与问题目标之间的关联性：`SceneManagement` 文件夹可能包含了与场景切换相关的逻辑，这可能涉及到玩家重生和初始位置的控制。场景加载和切换可能需要根据玩家的重生位置和初始位置来调整。

* 文件五：
    * 文件绝对路径：D:\Unity\open-project-1-main\UOP1_Project\Assets\ScriptableObjects\Gameplay
    * 文件内容概述：这是一个名为“Gameplay”的文件夹，它汇集了 Unity 游戏引擎的关键脚本，包括管理游戏状态的 `GameState.asset`，记录玩家路径的 `PathTaken.asset`，以及维护玩家健康的 `PlayersHealth.asset`。
    * 该文件与问题目标之间的关联性：`Gameplay` 文件夹可能包含了与游戏状态和玩家路径相关的逻辑，这可能涉及到玩家重生和初始位置的控制。游戏状态和玩家路径可能影响玩家重生和初始位置的选择。

* 文件六：
    * 文件绝对路径：D:\Unity\open-project-1-main\UOP1_Project\Assets\ScriptableObjects\EventChannels\Health
    * 文件内容概述：这是一个名为“Health”的文件夹，它汇集了 Unity 游戏开发中与健康系统相关的脚本和配置文件。其中，`Cure.asset` 脚本组件负责监听玩家恢复健康的行为，而 `UpdateHealthUI.asset` 则确保健康状态实时反映在 UI 上。
    * 该文件与问题目标之间的关联性：`Health` 文件夹可能包含了与健康系统相关的逻辑，这可能涉及到玩家重生和初始位置的控制。健康系统可能影响玩家重生和初始位置的选择。

* 文件七：
    * 文件绝对路径：D:\Unity\open-project-1-main\UOP1_Project\Assets\ScriptableObjects\EventChannels\Gameplay
    * 文件内容概述：这是一个名为“Gameplay”的文件夹，它内包含两个 Unity 脚本配置文件，分别是处理交互结束的 `OnInteractionEnded.asset` 和玩家实例化的 `PlayerInstantiated.asset`。
    * 该文件与问题目标之间的关联性：`Gameplay` 文件夹可能包含了与游戏交互和玩家实例化相关的逻辑，这可能涉及到玩家重生和初始位置的控制。游戏交互和玩家实例化可能影响玩家重生和初始位置的选择。

* 文件八：
    * 文件绝对路径：D:\Unity\open-project-1-main\UOP1_Project\Assets\ScriptableObjects\RuntimeAnchors
    * 文件内容概述：这是一个名为“RuntimeAnchors”的文件夹，它包含两个 Unity 资产文件，分别为 `GameplayCameraTransform.asset` 和 `PlayerTransform.asset`。前者定义了游戏相机的变换控制脚本，后者则管理玩家的变换信息。
    * 该文件与问题目标之间的关联性：`RuntimeAnchors` 文件夹可能包含了与玩家变换信息相关的逻辑，这可能涉及到玩家重生和初始位置的控制。玩家变换信息可能影响玩家重生和初始位置的选择。

* 文件九：
    * 文件绝对路径：D:\Unity\open-project-1-main\UOP1_Project\Assets\ScriptableObjects\SceneData\WIP
    * 文件内容概述：这是一个名为“WIP”的文件夹，它汇集了 Unity 游戏开发中的多个中间文件，包括用于展示艺术资产的 “ArtShowcase.asset” 和场景配置的 “CutsceneExample.asset”、“IslandMaster.asset”、“TestingGround.asset” 以及 “TestingGround_Questline.asset”。
    * 该文件与问题目标之间的关联性：`WIP` 文件夹可能包含了与场景配置相关的中间文件，这可能涉及到玩家重生和初始位置的控制。场景配置文件可能定义了玩家在这些场景中的重生位置和初始位置。

* 文件十：
    * 文件绝对路径：D:\Unity\open-project-1-main\UOP1_Project\Assets\ScriptableObjects\StateMachine\Critters\Actions
    * 文件内容概述：这是一个名为“Actions”的文件夹，它汇集了 Unity 游戏开发中角色行为的关键脚本资产。包括控制角色攻击、朝向主角旋转、显示击中效果、处理击中和死亡状态、重置击中状态以及触发物品掉落等功能的脚本组件。
    * 该文件与问题目标之间的关联性：`Critters\Actions` 文件夹可能包含了与角色行为相关的逻辑，这可能涉及到玩家重生和初始位置的控制。角色行为可能影响玩家重生和初始位置的选择。

* 文件十一：
    * 文件绝对路径：D:\Unity\open-project-1-main\UOP1_Project\Assets\ScriptableObjects\StateMachine\NPCs\Shared\Actions
    * 文件内容概述：这是一个名为“Actions”的文件夹，它汇集了 Unity 游戏开发中用于角色行为控制的脚本和资产。其中，`IsTalking_False_OnExit.asset` 和 `IsTalking_True_OnEnter.asset` 分别在角色退出和进入场景时调整说话状态，而 `NPCFaceProtagonist.asset` 则负责控制 NPC 朝向玩家。
    * 该文件与问题目标之间的关联性：`NPCs\Shared\Actions` 文件夹可能包含了与 NPC 行为相关的逻辑，这可能涉及到玩家重生和初始位置的控制。NPC 行为可能影响玩家重生和初始位置的选择。

请注意，以上报告仅基于文件内容概述和可能的关联性，具体实现细节可能需要进一步分析代码才能确定。
2024-10-10 15:42:05,095 - INFO Retriever 0 - 
Token Consuming:233742

2024-10-10 15:42:05,095 - INFO Retriever 0 - 
history rounds:24

