2024-10-10 15:38:36,477 - INFO Retriever 0 - Init Retriever.
2024-10-10 15:38:48,318 - INFO Retriever 0 - keywords:“control”，“player death”，“重生”，“位置”，“position”，“beginning”，“初始位置”，“重生位置”，“dying”，“initial position”，“death”，“控制”，“player dies”，“reincarnation”，“玩家”，“revival”，“ UIControl”，“玩家死亡”，“player”，“死亡”，“初始”，“location”
2024-10-10 15:38:48,319 - INFO Retriever 0 - deep_think_conent
:在获取了项目文件的顶层结构后，我还需要结合待查询的问题描述，对于项目中的文件和目录进行一些深度关键词检索。根据任务描述：“请在D:\Unity\open-project-1-main\UOP1_Project\Assets下各级目录中寻找：游戏中玩家死亡后重生的位置以及玩家开局时的初始位置控制在那里？”，我总结出如下可能会出现在各个文件名或者文件内容中的关键词：“control”，“player death”，“重生”，“位置”，“position”，“beginning”，“初始位置”，“重生位置”，“dying”，“initial position”，“death”，“控制”，“player dies”，“reincarnation”，“玩家”，“revival”，“ UIControl”，“玩家死亡”，“player”，“死亡”，“初始”，“location”。
接下来，我将使用retrieve_keywords操作，在项目顶层路径“D:\Unity\open-project-1-main\UOP1_Project\Assets”下检索这些关键词，从而大致把握可能与问题描述相关的文件或目录的路径。
2024-10-10 15:38:48,320 - INFO Retriever 0 - ——————————————————————————————————————————————————————————————————————————————————————————————————————————————————————————
2024-10-10 15:38:48,321 - INFO Retriever 0 - Assistant:
2024-10-10 15:38:48,321 - INFO Retriever 0 - {
    "deep_think": {
        "thoughts": "好的，接下来我将通过深度思考、仔细计划以及逐步执行的方式，来完成该任务。\n\n首先，在阅读详细的代码细节之前，应该先整体把握整个项目。\n\n在提供的可选的action中，可以通过get_folder_info操作，通过将项目顶层路径作为target_folder_path参数进行传入，来获取获取项目中主要文件夹和主要文件的描述，从而能够先大致把握项目文件的主要文件的文件树结构、基本内容、主要代码概述以及大致功能板块的分布。"
    }
}
2024-10-10 15:38:48,321 - INFO Retriever 0 - 
Observer:
2024-10-10 15:38:48,321 - INFO Retriever 0 - 好的，请继续你的下一步行动或思考。
2024-10-10 15:38:48,322 - INFO Retriever 0 - 
2024-10-10 15:38:48,405 - INFO Retriever 0 - ——————————————————————————————————————————————————————————————————————————————————————————————————————————————————————————
2024-10-10 15:38:48,408 - INFO Retriever 0 - Assistant:
2024-10-10 15:38:48,408 - INFO Retriever 0 - {
    "get_folder_info": {
        "target_folder_path": "D:\\Unity\\open-project-1-main\\UOP1_Project\\Assets"
    }
}
2024-10-10 15:38:48,408 - INFO Retriever 0 - 
Observer:
2024-10-10 15:38:48,408 - INFO Retriever 0 - 目标文件夹路径：D:\Unity\open-project-1-main\UOP1_Project\Assets
文件结构树（该结构树可能不完整，仅返回深度小于等于1层的子文件以及文件夹）：
├── .DS_Store
├── Addons
│   ├── DOTween
│   ├── TextMeshPro
├── AddressableAssetsData
│   ├── AddressableAssetSettings.asset
│   ├── AssetGroupTemplates
│   ├── AssetGroups
│   ├── DataBuilders
│   ├── DefaultObject.asset
│   ├── Windows
├── Art
│   ├── Accessories
│   ├── Characters
│   ...
│   ├── UI
├── Audio
│   ├── Music
│   ├── SFX
├── Cutscenes
│   ├── AudioTests.playable
│   ├── BeachCandyCutscene.playable
│   ...
│   ├── TownCutscene.playable
├── LocalizationFiles
│   ├── .DS_Store
│   ├── AssetTables
│   ├── GoogleSheetService_ChopChop.asset
│   ├── Locales
│   ├── LocalizationSettings.asset
├── Prefabs
│   ├── Accessories
│   ├── Audio
│   ...
│   ├── _SceneChunks
├── ProBuilder Data
│   ├── Default Color Palette.asset
│   ├── Default Material Palette.asset
├── Scenes
│   ├── Examples
│   ├── Locations
│   ├── Managers
│   ├── Menus
│   ├── WIP
│   ├── Whiteboxing
├── ScriptableObjects
│   ├── Audio
│   ├── Configs
│   ...
│   ├── StateMachine
├── Scripts
│   ├── Animation
│   ├── Audio
│   ...
│   ├── UI
├── Settings
│   ├── Audio
│   ├── Graphics
│   ├── Input
│   ├── LightBakingSettings
│   ├── Presets
├── Shaders
│   ├── AggroEffect.shadergraph
│   ├── CustomHLSL
│   ...
│   ├── Water_Sea.shadergraph
├── TextData
│   ├── ContributorsList.txt
├── Tutorials
│   ├── Icons
│   ├── Images
│   ├── TutorialProjectSettings.asset
│   ├── TutorialWelcomePage.asset
│   ├── Tutorials.asset
├── WIP
│   ├── Materials
│   ├── Prefabs
│   ├── SourceFiles
│   ├── Textures


其中，部分主要文件及文件夹的信息如下：
1. Assets
# 路径:D:/Unity/open-project-1-main/UOP1_Project\Assets
# 内容概述:“Assets”文件夹汇集了Unity游戏开发所需的多种资源，包括动画、文本处理、音频、艺术资产、场景和脚本等。其中，“Addons”子文件夹提供了DOTween和TextMeshPro等插件，分别用于动画和文本渲染；“AddressableAssetsData”则专注于资源管理和配置；“Art”包含3D模型、动画和视觉效果等创意资源；“Audio”提供背景音乐和声音效果；“Cutscenes”包含剧情相关文件；“LocalizationFiles”支持多语言本地化；“Prefabs”提供可复用的游戏对象；“Scenes”涉及场景设计和导航；“ScriptableObjects”存储游戏配置；“Scripts”包含脚本文件；“Settings”管理音频、图形和输入设置；“Shaders”提供自定义着色器；“TextData”记录项目贡献者；“Tutorials”提供开发指导；“WIP”存放开发中的资源。整体上，这些文件夹和文件协同工作，构成了一个完整且功能丰富的游戏开发环境。

2. Addons
# 路径:D:/Unity/open-project-1-main/UOP1_Project\Assets\Addons
# 内容概述:“Addons”文件夹汇集了两个Unity插件：DOTween和TextMeshPro。DOTween提供全面的动画和缓动解决方案，包含编辑器工具和模块化脚本，旨在增强Unity中的动画效果。TextMeshPro则专注于文本渲染和视觉效果，提供丰富的字体资源、样式表和表情符号，以丰富游戏中的文本显示。两个插件均附有详细的使用说明和许可协议，旨在为Unity开发者提供高效的内容创作工具。

3. AddressableAssetsData
# 路径:D:/Unity/open-project-1-main/UOP1_Project\Assets\AddressableAssetsData
# 内容概述:### 简化版文件夹内容总结

“AddressableAssetsData”文件夹是Unity游戏开发的核心资源管理区域，汇集了资源打包模板、详细配置文件、脚本组件以及操作系统相关状态文件。它包括资源管理模板（AssetGroupTemplates）、资源与场景管理配置（AssetGroups）、脚本配置（DataBuilders）、操作系统资源状态文件（Windows和OSX），以及可寻址资源设置（AddressableAssetSettings.asset）和默认对象配置（DefaultObject.asset）。这些文件和文件夹协同工作，确保了游戏资源的有效管理和优化。

4. Art
# 路径:D:/Unity/open-project-1-main/UOP1_Project\Assets\Art
# 内容概述:“Art”文件夹汇集了丰富多样的创意资源，包括3D模型、动画、字体、视觉效果和用户界面设计等，适用于游戏开发、动画制作和视觉设计。其中，**Accessories** 和 **Characters** 提供了丰富的角色和道具模型，**Effects** 包含了用于特效制作的资源，**Font** 提供了字体设计和智能合约代码，**Items** 和 **Nature** 则专注于游戏和动画中的物品和自然景观设计。此外，**Materials**、**Skybox**、**Textures** 和 **UI** 分别提供了材质、环境纹理、用户界面元素等，共同构成了一个全面的艺术资源库。

5. Audio
# 路径:D:/Unity/open-project-1-main/UOP1_Project\Assets\Audio
# 内容概述:“Audio”文件夹汇集了音乐与声音效果两大类资源。其中，“Music”子文件夹专注于为游戏或多媒体项目中的不同场景提供定制背景音乐，包括海滩、森林、城镇等，以及一系列主题音乐和暂停菜单音乐。而“SFX”子文件夹则包含了丰富的声音效果，涵盖角色动作、厨房环境以及界面交互等，旨在增强多媒体项目的沉浸感和互动性。这两个子文件夹的资源相互配合，共同构建了项目的音频环境。

6. Cutscenes
# 路径:D:/Unity/open-project-1-main/UOP1_Project\Assets\Cutscenes
# 内容概述:### 文件夹内容总结

“Cutscenes”文件夹汇集了多种游戏剧情相关的可播放文件，包括海滩、镇子等场景的剧情片段，如开场、游戏结束等。这些文件与“Signals”文件夹中的信号文件协同工作，共同构建游戏的故事情节和动态事件。

7. LocalizationFiles
# 路径:D:/Unity/open-project-1-main/UOP1_Project\Assets\LocalizationFiles
# 内容概述:### 文件夹内容总结

“LocalizationFiles”文件夹汇集了Unity游戏开发所需的本地化资源和配置文件。其中，.DS_Store文件负责Mac系统文件夹个性化设置，而“Locales”子文件夹内包含多语言本地化资产，如英文、法语和意大利语设置。此外，GoogleSheetService_ChopChop.asset脚本组件用于与Google Sheets服务集成，而LocalizationSettings.asset则定义了游戏的本地化设置和格式化规则，确保游戏在不同语言环境下的正确显示。这些文件共同支撑起游戏的多语言功能和数据管理。

8. Prefabs
# 路径:D:/Unity/open-project-1-main/UOP1_Project\Assets\Prefabs
# 内容概述:“Prefabs”文件夹汇集了多样化的预制资源，专为游戏和虚拟现实项目设计。它包含角色装饰、音频管理、NPC与场景构建、动画场景、可收集物品、编辑器工具、视觉效果、食物与家具模型、UI界面、独特场景元素等预制件，旨在加速游戏开发流程，丰富游戏世界和角色设定，同时确保视觉和交互体验的丰富性。

9. ProBuilder Data
# 路径:D:/Unity/open-project-1-main/UOP1_Project\Assets\ProBuilder Data
# 内容概述:“ProBuilder Data”文件夹汇集了两个Unity游戏引擎相关资产文件：一个是“Default Color Palette.asset”，定义了15种默认颜色调色板，供游戏界面和视觉效果使用；另一个是“Default Material Palette.asset”，包含一个Unity材质调色板脚本组件，可能用于存储和应用颜色配置。这两个文件共同服务于游戏视觉设计。

10. Scenes
# 路径:D:/Unity/open-project-1-main/UOP1_Project\Assets\Scenes
# 内容概述:“Scenes”文件夹是Unity游戏开发的核心资源库，汇集了多样化的场景设计元素。其中，“Examples”展示了场景导航网络示例，“Locations”提供了多种场景的光照、反射和导航数据，“Menus”则专注于游戏菜单的光照效果。此外，“WIP”包含正在开发中的场景照明和导航设置，而“Whiteboxing”则涵盖了城镇景观和地图构建资源。整体上，这些文件夹相互关联，共同构建了游戏世界的视觉和功能框架。遗憾的是，“Managers”文件夹的具体内容尚未明确，其关联性分析有待进一步信息。

11. ScriptableObjects
# 路径:D:/Unity/open-project-1-main/UOP1_Project\Assets\ScriptableObjects
# 内容概述:“ScriptableObjects”文件夹是Unity游戏项目的核心配置中心，汇集了音频、游戏机制、对话、事件通道、游戏状态、输入管理、交互、库存、物品类型、路径、任务、运行时锚点、保存系统、场景数据和状态机等关键组件的配置文件。这些文件相互关联，共同支撑起游戏的基本机制和玩家体验，确保了从音效到游戏逻辑的每一部分都能无缝协作，为玩家提供连贯且丰富的游戏体验。

12. Scripts
# 路径:D:/Unity/open-project-1-main/UOP1_Project\Assets\Scripts
# 内容概述:“Scripts”文件夹是Unity游戏开发的核心，汇集了动画控制、音频管理、角色行为、摄像机操作、场景管理等关键脚本，旨在构建流畅的游戏体验。它还包含了对话系统、库存管理、用户界面、输入处理、交互逻辑等脚本，确保游戏交互丰富且直观。此外，文件夹内还涵盖了保存系统、状态机、系统设置、本地化工具以及编辑器辅助工具，以支持高效的游戏开发和资源管理。这些脚本相互协作，共同构成了一个功能全面、结构清晰的游戏开发框架。

13. Settings
# 路径:D:/Unity/open-project-1-main/UOP1_Project\Assets\Settings
# 内容概述:“Settings”文件夹汇集了游戏开发的关键配置文件，包括音频混合器设置、图形渲染和视觉效果配置、输入系统定义、光照烘焙参数以及预设导入设置。这些子文件夹（Audio、Graphics、Input、LightBakingSettings、Presets）分别针对音频处理、视觉效果、玩家交互、光照效果优化和文件导入优化，确保游戏在音效、视觉、操作和性能上的高质量体验。

14. Shaders
# 路径:D:/Unity/open-project-1-main/UOP1_Project\Assets\Shaders
# 内容概述:“Shaders”文件夹汇集了多种图形渲染和视觉效果资源，包括自定义着色器代码（如CustomHLSL中的自定义光照效果）、调试工具（如Debug文件夹中的顶点着色器调试）、以及一系列子图文件（如SubGraphs中的多种视觉效果子图）。此外，Unused文件夹包含了未使用的Unity项目资源，如自定义渲染脚本、水效果和ShaderGraph编辑文件。这些资源共同服务于图形渲染和视觉效果的开发，适用于游戏和视觉效果制作。

15. TextData
# 路径:D:/Unity/open-project-1-main/UOP1_Project\Assets\TextData
# 内容概述:“TextData”文件夹专注于存储项目贡献者信息，其中包含一个名为“ContributorsList.txt”的文件，记录了项目开发者和艺术家的名单及其角色。

16. Tutorials
# 路径:D:/Unity/open-project-1-main/UOP1_Project\Assets\Tutorials
# 内容概述:“Tutorials”文件夹汇集了Unity游戏开发的丰富资源，包括图标和图像设计文件，用于界面视觉元素。其中，**TutorialProjectSettings.asset** 配置了教程项目的初始场景和相机设置，而**TutorialWelcomePage.asset** 则创建了项目欢迎页面，介绍“Chop Chop”游戏并引导用户。此外，**Tutorials.asset** 提供了教程页面的详细配置，涵盖项目资源获取、讨论论坛、开发日志等，为开发者提供了全面的学习和参与途径。这些文件共同构成了一个完整的教学和资源支持体系，旨在辅助开发者深入学习和实践Unity游戏开发。

17. WIP
# 路径:D:/Unity/open-project-1-main/UOP1_Project\Assets\WIP
# 内容概述:“WIP”文件夹汇集了游戏开发所需的多媒体资源，包括用于场景设计的材质（如草地、天空盒等），预制体组件（如菜单、物体），以及图像素材和纹理（如国旗、地图纹理）。这些资源相互关联，共同构成了游戏世界的视觉和交互基础。

18. .DS_Store
# 路径:D:/Unity/open-project-1-main/UOP1_Project\Assets\.DS_Store
# 内容概述:这是一个名为“.DS_Store”的文件。


2024-10-10 15:38:48,411 - INFO Retriever 0 - 
2024-10-10 15:38:48,411 - INFO Retriever 0 - ——————————————————————————————————————————————————————————————————————————————————————————————————————————————————————————
2024-10-10 15:38:48,412 - INFO Retriever 0 - Assistant:
2024-10-10 15:38:48,412 - INFO Retriever 0 - {
    "deep_think": {
        "thoughts": "在获取了项目文件的顶层结构后，我还需要结合待查询的问题描述，对于项目中的文件和目录进行一些深度关键词检索。根据任务描述：“请在D:\\Unity\\open-project-1-main\\UOP1_Project\\Assets下各级目录中寻找：游戏中玩家死亡后重生的位置以及玩家开局时的初始位置控制在那里？”，我总结出如下可能会出现在各个文件名或者文件内容中的关键词：“control”，“player death”，“重生”，“位置”，“position”，“beginning”，“初始位置”，“重生位置”，“dying”，“initial position”，“death”，“控制”，“player dies”，“reincarnation”，“玩家”，“revival”，“ UIControl”，“玩家死亡”，“player”，“死亡”，“初始”，“location”。\n接下来，我将使用retrieve_keywords操作，在项目顶层路径“D:\\Unity\\open-project-1-main\\UOP1_Project\\Assets”下检索这些关键词，从而大致把握可能与问题描述相关的文件或目录的路径。"
    }
}
2024-10-10 15:38:48,412 - INFO Retriever 0 - 
Observer:
2024-10-10 15:38:48,412 - INFO Retriever 0 - 好的，请继续你的下一步行动或思考。
2024-10-10 15:38:48,412 - INFO Retriever 0 - 
2024-10-10 15:38:55,291 - INFO Retriever 0 - ——————————————————————————————————————————————————————————————————————————————————————————————————————————————————————————
2024-10-10 15:38:55,295 - INFO Retriever 0 - Assistant:
2024-10-10 15:38:55,297 - INFO Retriever 0 - {
    "retrieve_keywords": {
        "top_path": "D:\\Unity\\open-project-1-main\\UOP1_Project\\Assets",
        "key_word_list": [
            "control",
            "player death",
            "重生",
            "位置",
            "position",
            "beginning",
            "初始位置",
            "重生位置",
            "dying",
            "initial position",
            "death",
            "控制",
            "player dies",
            "reincarnation",
            "玩家",
            "revival",
            " UIControl",
            "玩家死亡",
            "player",
            "死亡",
            "初始",
            "location"
        ]
    }
}
2024-10-10 15:38:55,298 - INFO Retriever 0 - 
Observer:
2024-10-10 15:38:55,299 - INFO Retriever 0 - 根据你提供的关键词，我检索到以下目录或文件，它们的绝对路径如下：
1. D:\Unity\open-project-1-main\UOP1_Project\Assets\Scripts\Characters
“Characters”文件夹汇集了Unity游戏开发中角色相关的脚本资源，包括角色配置（如攻击、奖励、效果和NPC移动）、状态机逻辑、音频处理以及角色行为控制。文件夹内分为多个子目录，如Config存储角色配置脚本，StateMachine包含构建游戏逻辑的脚本，Audio则专注于角色音效。此外，Attack、Attacker、Critter等脚本负责角色具体行为，而NPC、Protagonist等则涉及角色状态和交互。整体上，这些脚本相互协作，共同构成了游戏中的角色系统。

2. D:\Unity\open-project-1-main\UOP1_Project\Assets\Addons\DOTween\Modules
“Modules”文件夹汇集了DOTween插件的核心脚本，旨在为Unity游戏开发提供丰富的动画功能。包含的脚本如`DOTweenModuleAudio.cs`专注于音频动画处理，`DOTweenModulePhysics.cs`和`DOTweenModulePhysics2D.cs`分别针对2D和3D物理对象的动画，而`DOTweenModuleSprite.cs`和`DOTweenModuleUI.cs`则分别处理SpriteRenderer和UI组件的动画。此外，`DOTweenModuleUnityVersion.cs`适配不同Unity版本，提供材质和自定义YieldInstructions动画，`DOTweenModuleUtils.cs`则提供模块初始化和配置工具。这些脚本相互协作，共同构成了DOTween动画库的强大功能体系。

3. D:\Unity\open-project-1-main\UOP1_Project\Assets\Scripts\Input
## 文件夹内容精简总结
该“Input”文件夹汇集了游戏输入管理脚本，包含`GameInput.cs`和`InputReader.cs`两个关键文件。`GameInput.cs`定义了`@GameInput`类，负责处理游戏输入，包括玩法、菜单、对话和作弊等模块，并实现了资源管理。`InputReader.cs`则继承自`DescriptionBaseSO`，实现了对游戏输入事件的管理，如跳跃、攻击等，并通过事件和回调函数将输入事件传递给相应系统。两者协同工作，确保游戏输入的模块化和高效处理。

4. D:\Unity\open-project-1-main\UOP1_Project\Assets\Scripts\SceneManagement
“SceneManagement”文件夹汇集了Unity游戏开发的核心脚本，旨在高效管理游戏场景与设置。其中，ScriptableObjects子文件夹封装了游戏场景、位置、菜单等数据，通过继承基类实现通用场景管理功能。FallCatcher、InitializationLoader、LocationEntrance、LocationExit等脚本分别处理玩家碰撞、游戏初始化、位置入口与出口逻辑。SceneLoader负责场景的异步加载与卸载，而StartGame则管理游戏开始流程，包括新游戏和继续游戏选项。整体上，这些脚本协同工作，确保游戏场景的流畅切换和玩家交互的顺畅进行。

5. D:\Unity\open-project-1-main\UOP1_Project\Assets\Scripts\StateMachine\Editor
### 文件夹内容概览
“Editor”文件夹汇集了Unity游戏开发中状态机设计和编辑所需的资源，包括脚本模板、工具和编辑器扩展。主要文件包括：
- **Templates**：提供状态机脚本模板，如动作和条件框架，辅助快速开发。
- **Utilities**：集成了编辑器扩展，如过渡项管理、GUI样式配置和属性编辑器，增强状态机编辑体验。
- **StateEditor.cs**：扩展StateSO编辑器界面，允许编辑动作列表。
- **TransitionTableEditor.cs**：管理过渡表，支持添加、删除和排序过渡。
- **TransitionTableEditorWindow.cs**：创建独立编辑器窗口，用于转换表的编辑和管理。
- **样式和布局文件**：定义了编辑器窗口的外观和布局。
- **Assembly Definition文件**：可能用于组织编辑器模块的编译和依赖。
这些资源共同构成了一个全面的状态机开发工具集，旨在简化Unity状态机的创建和管理流程。

6. D:\Unity\open-project-1-main\UOP1_Project\Assets\Scripts\Gameplay
## 文件夹内容精简总结
“Gameplay”文件夹汇集了Unity游戏开发的核心脚本，包括`GameManager.cs`用于管理游戏状态和事件，`GameStateSO.cs`负责跟踪和管理游戏状态变化，以及`SpawnSystem.cs`负责玩家的生成逻辑。这些脚本相互协作，共同构成了游戏的核心功能框架。

7. D:\Unity\open-project-1-main\UOP1_Project\Assets\Scripts\EditorTools\MonoBehaviours
“MonoBehaviours”文件夹汇集了Unity编辑器增强工具，包括交互式游戏对象放置（ClickToPlace）、冷启动初始化（EditorColdStartup）、传送功能（EditorTeleporter和LocationTeleporterButton）以及光贴图缩放自动调整（LightmapScaleSetter）。这些脚本协同工作，丰富了Unity编辑器的功能和用户体验。

8. D:\Unity\open-project-1-main\UOP1_Project\Assets\Scripts\UI
“UI”文件夹汇集了Unity游戏开发中用于构建和管理用户界面的关键脚本。它涵盖了对话系统、库存管理、设置界面、加载界面、信用屏幕、通用按钮、健康条、心形显示、交互面板、主菜单、暂停界面、弹窗以及旋转动画等多个方面。这些脚本通过事件和函数调用相互协作，确保了游戏UI的完整性和交互性，共同构成了游戏流程中的关键用户界面元素。

9. D:\Unity\open-project-1-main\UOP1_Project\Assets\ScriptableObjects\StateMachine\Protagonist\Actions
“Actions”文件夹汇集了Unity游戏开发所需的多种脚本资源，包括用于动画状态控制的AnimatorParameters、角色移动逻辑的MovementVector、粒子效果的Particles、声音效果的SFX，以及交互和视觉效果的脚本如ClearInputCache_OnEnter、DestroyPlayer、GetHitFlashingEffect、ResetGetHitState、RespawnPlayer和ShakeCam。这些资源协同工作，为游戏角色动作、视觉效果和交互体验提供全面支持。

10. D:\Unity\open-project-1-main\UOP1_Project\Assets\AddressableAssetsData
### 简化版文件夹内容总结
“AddressableAssetsData”文件夹是Unity游戏开发的核心资源管理区域，汇集了资源打包模板、详细配置文件、脚本组件以及操作系统相关状态文件。它包括资源管理模板（AssetGroupTemplates）、资源与场景管理配置（AssetGroups）、脚本配置（DataBuilders）、操作系统资源状态文件（Windows和OSX），以及可寻址资源设置（AddressableAssetSettings.asset）和默认对象配置（DefaultObject.asset）。这些文件和文件夹协同工作，确保了游戏资源的有效管理和优化。

请注意，这些目录或文件可能不全都和你的任务目标相关，仅供参考。请你基于具体的文件内容概述，结合你的任务目标，认真思考分析后，优先选择最有可能与任务相关的目录或文件进行进一步的检查。
2024-10-10 15:38:55,302 - INFO Retriever 0 - 
2024-10-10 15:39:00,431 - INFO Retriever 0 - Agent主脑给出的回答为：{
    "deep_think": {
        "thoughts": "根据检索结果，我发现了多个可能与玩家重生和初始位置控制相关的文件夹和文件。其中，最有可能包含所需信息的文件或文件夹包括：D:\\Unity\\open-project-1-main\\UOP1_Project\\Assets\\Scripts\\Characters、D:\\Unity\\open-project-1-main\\UOP1_Project\\Assets\\Scripts\\SceneManagement、D:\\Unity\\open-project-1-main\\UOP1_Project\\Assets\\Scripts\\StateMachine\\Editor、D:\\Unity\\open-project-1-main\\UOP1_Project\\Assets\\Scripts\\Gameplay、D:\\Unity\\open-project-1-main\\UOP1_Project\\Assets\\ScriptableObjects\\StateMachine\\Protagonist\\Actions。这些文件夹和文件与角色控制、场景管理、状态机以及游戏逻辑密切相关。\n下一步，我将进入这些文件夹，使用get_folder_info操作获取更详细的信息，以便找到具体的文件。"
    }
}
2024-10-10 15:39:00,432 - INFO Retriever 0 - 是否成功解析：True
2024-10-10 15:39:00,432 - INFO Retriever 0 - operation_type (__det_dir_action):
2024-10-10 15:39:00,432 - INFO Retriever 0 - deep_think
2024-10-10 15:39:00,432 - INFO Retriever 0 - 

——————————————————————————————————————————————————————————————————————————————————————————————————————————————————————————
2024-10-10 15:39:00,432 - INFO Retriever 0 - Assistant:
2024-10-10 15:39:00,432 - INFO Retriever 0 - {
    "deep_think": {
        "thoughts": "根据检索结果，我发现了多个可能与玩家重生和初始位置控制相关的文件夹和文件。其中，最有可能包含所需信息的文件或文件夹包括：D:\\Unity\\open-project-1-main\\UOP1_Project\\Assets\\Scripts\\Characters、D:\\Unity\\open-project-1-main\\UOP1_Project\\Assets\\Scripts\\SceneManagement、D:\\Unity\\open-project-1-main\\UOP1_Project\\Assets\\Scripts\\StateMachine\\Editor、D:\\Unity\\open-project-1-main\\UOP1_Project\\Assets\\Scripts\\Gameplay、D:\\Unity\\open-project-1-main\\UOP1_Project\\Assets\\ScriptableObjects\\StateMachine\\Protagonist\\Actions。这些文件夹和文件与角色控制、场景管理、状态机以及游戏逻辑密切相关。\n下一步，我将进入这些文件夹，使用get_folder_info操作获取更详细的信息，以便找到具体的文件。"
    }
}
2024-10-10 15:39:00,432 - INFO Retriever 0 - dict_keys(['deep_think'])
2024-10-10 15:39:00,432 - INFO Retriever 0 - Agent主脑给出的行动：deep_think
参数：{'thoughts': '根据检索结果，我发现了多个可能与玩家重生和初始位置控制相关的文件夹和文件。其中，最有可能包含所需信息的文件或文件夹包括：D:\\Unity\\open-project-1-main\\UOP1_Project\\Assets\\Scripts\\Characters、D:\\Unity\\open-project-1-main\\UOP1_Project\\Assets\\Scripts\\SceneManagement、D:\\Unity\\open-project-1-main\\UOP1_Project\\Assets\\Scripts\\StateMachine\\Editor、D:\\Unity\\open-project-1-main\\UOP1_Project\\Assets\\Scripts\\Gameplay、D:\\Unity\\open-project-1-main\\UOP1_Project\\Assets\\ScriptableObjects\\StateMachine\\Protagonist\\Actions。这些文件夹和文件与角色控制、场景管理、状态机以及游戏逻辑密切相关。\n下一步，我将进入这些文件夹，使用get_folder_info操作获取更详细的信息，以便找到具体的文件。', 'repeat_counter': 1, 'continue_think_counter': 1}
2024-10-10 15:39:00,432 - INFO Retriever 0 - Observer: 好的，请继续你的下一步行动或思考。
2024-10-10 15:39:00,436 - INFO Retriever 0 - 

————————————————————————————————————————————————————————————————
2024-10-10 15:39:00,436 - INFO Retriever 0 - 当前窗口总长度：11
2024-10-10 15:39:00,436 - INFO Retriever 0 - 当前更新窗口长度：2
2024-10-10 15:39:00,436 - INFO Retriever 0 - 当前更新窗口长度：2
2024-10-10 15:39:00,436 - INFO Retriever 0 - ————————————————————————————————————————————————————————————————


2024-10-10 15:39:02,170 - INFO Retriever 0 - Agent主脑给出的回答为：{
    "get_folder_info": {
        "target_folder_path": "D:\\Unity\\open-project-1-main\\UOP1_Project\\Assets\\Scripts\\Characters"
    }
}
2024-10-10 15:39:02,171 - INFO Retriever 0 - 是否成功解析：True
2024-10-10 15:39:02,171 - INFO Retriever 0 - operation_type (__det_dir_action):
2024-10-10 15:39:02,171 - INFO Retriever 0 - get_folder_info
2024-10-10 15:39:02,171 - INFO Retriever 0 - 

——————————————————————————————————————————————————————————————————————————————————————————————————————————————————————————
2024-10-10 15:39:02,171 - INFO Retriever 0 - Assistant:
2024-10-10 15:39:02,171 - INFO Retriever 0 - {
    "get_folder_info": {
        "target_folder_path": "D:\\Unity\\open-project-1-main\\UOP1_Project\\Assets\\Scripts\\Characters"
    }
}
2024-10-10 15:39:02,171 - INFO Retriever 0 - dict_keys(['get_folder_info'])
2024-10-10 15:39:02,173 - INFO Retriever 0 - Agent主脑给出的行动：get_folder_info
参数：{'target_folder_path': 'D:\\Unity\\open-project-1-main\\UOP1_Project\\Assets\\Scripts\\Characters'}
2024-10-10 15:39:02,217 - INFO Retriever 0 - Observer: 目标文件夹路径：D:\Unity\open-project-1-main\UOP1_Project\Assets\Scripts\Characters
文件结构树（该结构树可能不完整，仅返回深度小于等于1层的子文件以及文件夹）：
├── Attack.cs
├── Attacker.cs
├── CharacterAudio.cs
├── Config
│   ├── AttackConfigSO.cs
│   ├── DroppableRewardConfigSO.cs
│   ...
│   ├── SpecialDroppableRewardConfigSO.cs
├── Critter.cs
├── CritterAudio.cs
├── Damageable.cs
├── DropGroup.cs
├── DropItem.cs
├── HealthSO.cs
├── MovingCritterAttackController.cs
├── NPC.cs
├── NPCAudio.cs
├── NPCMovement.cs
├── Protagonist.cs
├── ProtagonistAudio.cs
├── StateMachine
│   ├── Actions
│   ├── Conditions
├── ZoneTriggerController.cs


其中，部分主要文件及文件夹的信息如下：
1. Characters
# 路径:D:/Unity/open-project-1-main/UOP1_Project\Assets\Scripts\Characters
# 内容概述:“Characters”文件夹汇集了Unity游戏开发中角色相关的脚本资源，包括角色配置（如攻击、奖励、效果和NPC移动）、状态机逻辑、音频处理以及角色行为控制。文件夹内分为多个子目录，如Config存储角色配置脚本，StateMachine包含构建游戏逻辑的脚本，Audio则专注于角色音效。此外，Attack、Attacker、Critter等脚本负责角色具体行为，而NPC、Protagonist等则涉及角色状态和交互。整体上，这些脚本相互协作，共同构成了游戏中的角色系统。

2. Config
# 路径:D:/Unity/open-project-1-main/UOP1_Project\Assets\Scripts\Characters\Config
# 内容概述:该“Config”文件夹汇集了Unity游戏开发中的关键配置类，包括`AttackConfigSO`用于攻击参数配置，`DroppableRewardConfigSO`与`SpecialDroppableRewardConfigSO`管理奖励掉落，`HealthConfigSO`设定实体健康值，`GetHitEffectConfigSO`定义玩家受击效果，`NPCMovementConfigSO`与`PathwayConfigSO`和`RoamingAroundCenterConfigSO`控制NPC移动。这些配置类均继承自`ScriptableObject`，便于在Unity编辑器中创建和管理，确保游戏配置的灵活性和可维护性。

3. StateMachine
# 路径:D:/Unity/open-project-1-main/UOP1_Project\Assets\Scripts\Characters\StateMachine
# 内容概述:“StateMachine”文件夹汇集了Unity游戏开发中用于构建角色行为和逻辑的关键资源，分为“Actions”和“Conditions”两大类。在“Actions”中，脚本如`NPCMovementAction`和`AnimatorParameterActionSO`定义了NPC的移动和动画控制等行为；而“Conditions”中的脚本如`HasHitHeadConditionSO`和`IsDeadConditionSO`则用于判断游戏对象的状态，两者协同工作，通过状态机实现丰富的游戏交互和动态行为。

4. Attack.cs
# 路径:D:/Unity/open-project-1-main/UOP1_Project\Assets\Scripts\Characters\Attack.cs
# 内容概述:“Attack.cs”脚本定义了一个Unity组件`Attack`，负责管理游戏对象的攻击行为。该组件在对象激活时默认隐藏，并在触发碰撞时检测目标是否为友军。若目标非友军且具有`Damageable`组件，则根据预设的攻击配置对目标造成伤害。主要功能模块包括攻击配置管理和碰撞检测，核心逻辑涉及游戏对象的激活状态和触发事件处理。

5. Attacker.cs
# 路径:D:/Unity/open-project-1-main/UOP1_Project\Assets\Scripts\Characters\Attacker.cs
# 内容概述:该脚本“Attacker.cs”是Unity游戏开发中用于控制游戏对象攻击状态的组件。它包含一个名为`Attacker`的类，该类继承自`MonoBehaviour`。类中定义了两个方法：`EnableWeapon()`和`DisableWeapon()`，分别用于启用和禁用攻击碰撞器（_attackCollider），以此控制游戏中的攻击功能。

6. CharacterAudio.cs
# 路径:D:/Unity/open-project-1-main/UOP1_Project\Assets\Scripts\Characters\CharacterAudio.cs
# 内容概述:该脚本“CharacterAudio.cs”是Unity中用于处理角色音频的组件脚本。它包含一个`PlayAudio`函数，用于在非“Cutscene”游戏状态下播放指定音频效果，通过序列化字段引用音频事件通道、配置和游戏状态。该函数根据当前游戏状态决定是否触发音频播放事件。

7. Critter.cs
# 路径:D:/Unity/open-project-1-main/UOP1_Project\Assets\Scripts\Characters\Critter.cs
# 内容概述:该脚本定义了Unity游戏中的Critter类，负责管理警报和攻击区域状态，并处理目标。Critter类包含两个公共变量`isPlayerInAlertZone`和`isPlayerInAttackZone`来追踪玩家位置，以及一个`currentTarget`变量用于存储当前目标。主要方法`OnAlertTriggerChange`和`OnAttackTriggerChange`分别处理玩家进入或离开警报和攻击区域，更新状态并可能设置当前目标。当目标死亡时，`OnTargetDead`方法被调用来清除目标并重置区域状态。

8. CritterAudio.cs
# 路径:D:/Unity/open-project-1-main/UOP1_Project\Assets\Scripts\Characters\CritterAudio.cs
# 内容概述:该脚本`CritterAudio`继承自`CharacterAudio`，负责为游戏中的Critter角色管理音频播放。它定义了五个音频剪辑，分别对应空闲、移动、攻击、受到攻击和死亡状态。脚本提供了五个方法，对应不同的动作状态，如`PlayIdleSound()`、`PlayMoveSound()`等，这些方法都调用了通用的`PlayAudio`函数来播放相应的音频剪辑，并考虑到了植物生物不播放移动音效的特殊情况。

9. Damageable.cs
# 路径:D:/Unity/open-project-1-main/UOP1_Project\Assets\Scripts\Characters\Damageable.cs
# 内容概述:"Damageable.cs" 是一个Unity C#脚本，负责管理游戏对象的健康状态。它定义了生命值、攻击响应和死亡事件，并支持生命恢复。脚本通过`HealthSO`对象跟踪生命值，允许对象接收攻击并减少生命值，当生命值降至零时触发死亡事件。此外，它还支持通过事件恢复生命值，并在对象复活或生命值变化时更新UI。脚本通过事件通道广播生命状态变化，便于其他系统监听和处理。

10. DropGroup.cs
# 路径:D:/Unity/open-project-1-main/UOP1_Project\Assets\Scripts\Characters\DropGroup.cs
# 内容概述:该脚本定义了一个名为`DropGroup`的Unity C#类，用于管理游戏中的掉落物品列表及其掉落概率。类中包含一个序列化的`_drops`列表用于存储掉落物品，以及一个序列化的`_dropRate`浮点数表示掉落概率。通过`Drops`和`DropRate`两个只读属性，可以访问这些数据。整体上，`DropGroup`类为Unity游戏中的物品掉落逻辑提供了一个数据封装。

11. DropItem.cs
# 路径:D:/Unity/open-project-1-main/UOP1_Project\Assets\Scripts\Characters\DropItem.cs
# 内容概述:“DropItem.cs”文件定义了一个Unity C#类`DropItem`，用于封装物品掉落数据。该类包含两个字段：`_item`存储掉落的物品，`_itemDropRate`存储掉落概率。类提供了对应的只读属性`Item`和`ItemDropRate`以供外部访问，主要作为数据容器使用，不包含掉落逻辑。

12. HealthSO.cs
# 路径:D:/Unity/open-project-1-main/UOP1_Project\Assets\Scripts\Characters\HealthSO.cs
# 内容概述:该脚本定义了Unity中角色的生命值管理类`HealthSO`，包含最大生命值`_maxHealth`和当前生命值`_currentHealth`。类提供设置最大生命值、当前生命值以及处理伤害和恢复生命值的功能。通过`InflictDamage`减少生命值，`RestoreHealth`增加生命值并限制不超过最大值。此脚本适用于玩家或NPC的生命值配置。

13. MovingCritterAttackController.cs
# 路径:D:/Unity/open-project-1-main/UOP1_Project\Assets\Scripts\Characters\MovingCritterAttackController.cs
# 内容概述:该脚本“MovingCritterAttackController.cs”是Unity中用于控制移动生物攻击动画的组件。它包含设置攻击目标位置和触发推进动画的功能。脚本中定义了`SetAttackTarget()`和`AttackPropelTrigger()`两个方法，分别用于确定攻击目标并启动推进动画。在`Update()`方法中，生物根据预设的推进向量向目标移动，直至动画结束。

14. NPC.cs
# 路径:D:/Unity/open-project-1-main/UOP1_Project\Assets\Scripts\Characters\NPC.cs
# 内容概述:该脚本定义了一个NPC类，用于管理NPC的状态，包括空闲、行走和交谈。NPC类包含一个NPCState枚举来指定当前状态，以及一个GameObject数组来存储NPC正在交谈的对象。`SwitchToWalkState`方法触发NPC状态切换到行走，而`WaitBeforeSwitch`协程在状态切换前引入随机延迟，以增加NPC行为的自然性。

15. NPCAudio.cs
# 路径:D:/Unity/open-project-1-main/UOP1_Project\Assets\Scripts\Characters\NPCAudio.cs
# 内容概述:该脚本“NPCAudio.cs”继承自CharacterAudio，负责管理NPC的音频播放。它定义了播放脚步声、对话和唱歌的四个方法，分别对应不同的音频资源。通过继承和封装，脚本简化了NPC音频播放的逻辑，使得音频控制更加集中和高效。

16. NPCMovement.cs
# 路径:D:/Unity/open-project-1-main/UOP1_Project\Assets\Scripts\Characters\NPCMovement.cs
# 内容概述:该脚本“NPCMovement.cs”是Unity中用于控制NPC移动的组件。它通过`NPCMovementConfigSO`接收NPC移动配置，并通过`NPCMovementEventChannelSO`响应事件以更新配置。脚本在启用时订阅事件，定义的`Respond`函数负责接收事件并更新配置。

17. Protagonist.cs
# 路径:D:/Unity/open-project-1-main/UOP1_Project\Assets\Scripts\Characters\Protagonist.cs
# 内容概述:该脚本定义了Unity中的`Protagonist`类，作为主角的输入处理组件。它通过`InputReader`接收玩家输入，如移动、跳跃和攻击，并将这些输入传递给状态机处理。脚本中包含状态管理字段，如跳跃和攻击标志，以及用于计算和存储移动向量的变量。`Protagonist`类注册了输入事件监听器，并在`Update`方法中重新计算移动向量，根据输入和相机方向调整移动逻辑。此外，脚本还处理了跳跃、攻击等事件，并提供了攻击输入的消费方法。

18. ProtagonistAudio.cs
# 路径:D:/Unity/open-project-1-main/UOP1_Project\Assets\Scripts\Characters\ProtagonistAudio.cs
# 内容概述:该脚本“ProtagonistAudio.cs”是Unity中用于管理主角音频的类，继承自`CharacterAudio`。它定义了多个私有`AudioCueSO`变量，分别关联主角行走、跳跃、挥杖、拾取物品、受伤、死亡和说话等动作的音效。脚本提供了播放这些音效的方法，如`PlayFootstep()`和`PlayDie()`，每个方法调用内部`PlayAudio()`函数，传入相应音效和主角位置信息以播放音效。

19. ZoneTriggerController.cs
# 路径:D:/Unity/open-project-1-main/UOP1_Project\Assets\Scripts\Characters\ZoneTriggerController.cs
# 内容概述:该脚本“ZoneTriggerController.cs”是Unity中用于管理触发区域事件的核心组件。它包含一个自定义的`BoolEvent`事件，用于处理对象进入或离开指定层的触发区域。`ZoneTriggerController`类负责检测对象的进入和退出，并在适当的时候触发事件。该类通过`OnTriggerEnter`和`OnTriggerExit`方法实现逻辑，仅对指定层上的对象响应，并在事件中传递状态和触发对象。


2024-10-10 15:39:02,221 - INFO Retriever 0 - 

————————————————————————————————————————————————————————————————
2024-10-10 15:39:02,221 - INFO Retriever 0 - 当前窗口总长度：13
2024-10-10 15:39:02,221 - INFO Retriever 0 - 当前更新窗口长度：4
2024-10-10 15:39:02,221 - INFO Retriever 0 - 当前更新窗口长度：4
2024-10-10 15:39:02,221 - INFO Retriever 0 - ————————————————————————————————————————————————————————————————


2024-10-10 15:39:08,792 - INFO Retriever 0 - Agent主脑给出的回答为：{
    "get_folder_info": {
        "target_folder_path": "D:\\Unity\\open-project-1-main\\UOP1_Project\\Assets\\Scripts\\SceneManagement"
    }
}
2024-10-10 15:39:08,792 - INFO Retriever 0 - 是否成功解析：True
2024-10-10 15:39:08,792 - INFO Retriever 0 - operation_type (__det_dir_action):
2024-10-10 15:39:08,792 - INFO Retriever 0 - get_folder_info
2024-10-10 15:39:08,792 - INFO Retriever 0 - 

——————————————————————————————————————————————————————————————————————————————————————————————————————————————————————————
2024-10-10 15:39:08,792 - INFO Retriever 0 - Assistant:
2024-10-10 15:39:08,792 - INFO Retriever 0 - {
    "get_folder_info": {
        "target_folder_path": "D:\\Unity\\open-project-1-main\\UOP1_Project\\Assets\\Scripts\\SceneManagement"
    }
}
2024-10-10 15:39:08,792 - INFO Retriever 0 - dict_keys(['get_folder_info'])
2024-10-10 15:39:08,795 - INFO Retriever 0 - Agent主脑给出的行动：get_folder_info
参数：{'target_folder_path': 'D:\\Unity\\open-project-1-main\\UOP1_Project\\Assets\\Scripts\\SceneManagement'}
2024-10-10 15:39:08,839 - INFO Retriever 0 - Observer: 目标文件夹路径：D:\Unity\open-project-1-main\UOP1_Project\Assets\Scripts\SceneManagement
文件结构树（该结构树可能不完整，仅返回深度小于等于1层的子文件以及文件夹）：
├── FallCatcher.cs
├── InitializationLoader.cs
├── LocationEntrance.cs
├── LocationExit.cs
├── SceneLoader.cs
├── ScriptableObjects
│   ├── GameSceneSO.cs
│   ├── GameplaySO.cs
│   ├── LocationSO.cs
│   ├── MenuSO.cs
│   ├── PathSO.cs
│   ├── PersistentManagersSO.cs
├── StartGame.cs


其中，部分主要文件及文件夹的信息如下：
1. SceneManagement
# 路径:D:/Unity/open-project-1-main/UOP1_Project\Assets\Scripts\SceneManagement
# 内容概述:“SceneManagement”文件夹汇集了Unity游戏开发的核心脚本，旨在高效管理游戏场景与设置。其中，ScriptableObjects子文件夹封装了游戏场景、位置、菜单等数据，通过继承基类实现通用场景管理功能。FallCatcher、InitializationLoader、LocationEntrance、LocationExit等脚本分别处理玩家碰撞、游戏初始化、位置入口与出口逻辑。SceneLoader负责场景的异步加载与卸载，而StartGame则管理游戏开始流程，包括新游戏和继续游戏选项。整体上，这些脚本协同工作，确保游戏场景的流畅切换和玩家交互的顺畅进行。

2. ScriptableObjects
# 路径:D:/Unity/open-project-1-main/UOP1_Project\Assets\Scripts\SceneManagement\ScriptableObjects
# 内容概述:该“ScriptableObjects”文件夹汇集了Unity游戏开发中用于场景和设置管理的C#脚本，包括基类`GameSceneSO`及其派生类如`GameplaySO`、`LocationSO`、`MenuSO`、`PathSO`和`PersistentManagersSO`。这些脚本继承自`GameSceneSO`，共享场景数据管理功能，并通过`CreateAssetMenu`在Unity编辑器中创建资产。`GameplaySO`、`LocationSO`、`MenuSO`和`PathSO`分别封装了游戏玩法、位置、菜单和路径的特定设置，而`PersistentManagersSO`则专注于持久化数据管理。

3. FallCatcher.cs
# 路径:D:/Unity/open-project-1-main/UOP1_Project\Assets\Scripts\SceneManagement\FallCatcher.cs
# 内容概述:该脚本`FallCatcher`是Unity中用于处理玩家触发事件的组件。它记录玩家最后走过的路径，并在玩家进入时触发其死亡。主要功能模块包括路径记录和玩家死亡处理。脚本定义了`OnTriggerEnter`函数，用于检测玩家碰撞，并更新路径存储和调用玩家的死亡逻辑。

4. InitializationLoader.cs
# 路径:D:/Unity/open-project-1-main/UOP1_Project\Assets\Scripts\SceneManagement\InitializationLoader.cs
# 内容概述:该脚本“InitializationLoader.cs”是Unity游戏初始化的关键组件。它负责加载持久管理器场景，并通过事件通道触发主菜单的加载。脚本中定义了`InitializationLoader`类，包含序列化字段用于引用场景和事件通道。`Start`方法启动加载流程，`LoadEventChannel`和`LoadMainMenu`方法分别处理场景加载和事件触发，最终卸载初始化场景以完成初始化过程。

5. LocationEntrance.cs
# 路径:D:/Unity/open-project-1-main/UOP1_Project\Assets\Scripts\SceneManagement\LocationEntrance.cs
# 内容概述:该脚本“LocationEntrance.cs”是Unity中用于管理场景入口过渡的组件。它通过检查玩家是否从特定路径进入，来调整虚拟摄像机的优先级。当检测到玩家从指定路径返回时，脚本会提升虚拟摄像机的优先级并订阅场景准备事件。场景准备就绪后，通过一个短暂的等待，脚本将降低虚拟摄像机的优先级，并移除事件订阅，从而实现摄像机从入口视角过渡到游戏主视角的逻辑。

6. LocationExit.cs
# 路径:D:/Unity/open-project-1-main/UOP1_Project\Assets\Scripts\SceneManagement\LocationExit.cs
# 内容概述:该脚本`LocationExit`是Unity中用于触发器组件的脚本，主要功能是当玩家进入触发器时，自动将玩家传送到指定位置，并更新路径记录。脚本通过`OnTriggerEnter`函数检测玩家触发事件，更新路径存储，并通过事件通道`_locationExitLoadChannel`触发加载新场景的动作。

7. SceneLoader.cs
# 路径:D:/Unity/open-project-1-main/UOP1_Project\Assets\Scripts\SceneManagement\SceneLoader.cs
# 内容概述:### 脚本内容精简总结

`SceneLoader.cs` 是一个Unity脚本，负责管理游戏场景的加载与卸载。脚本通过模块化设计，包括加载位置和菜单场景的功能，并控制加载屏幕的显示与隐藏。它使用事件通道响应加载请求，并在场景加载完成后触发相应事件。主要功能包括场景加载、卸载、加载屏幕控制以及输入读取器的管理。

8. StartGame.cs
# 路径:D:/Unity/open-project-1-main/UOP1_Project\Assets\Scripts\SceneManagement\StartGame.cs
# 内容概述:该脚本定义了Unity游戏中的`StartGame`类，负责处理游戏开始时的逻辑。类中包含新游戏和继续游戏的功能，通过序列化对象和事件通道与保存系统交互。`Start()`方法初始化事件监听，`StartNewGame()`用于启动新游戏流程，创建新保存文件并加载场景。`ContinuePreviousGame()`则通过协程加载保存的游戏数据，并触发加载事件。类中还定义了`OnDestroy()`清理事件监听，以及`OnResetSaveDataPress()`重置保存数据的辅助方法。


2024-10-10 15:39:08,842 - INFO Retriever 0 - 

————————————————————————————————————————————————————————————————
2024-10-10 15:39:08,842 - INFO Retriever 0 - 当前窗口总长度：15
2024-10-10 15:39:08,842 - INFO Retriever 0 - 当前更新窗口长度：6
2024-10-10 15:39:08,842 - INFO Retriever 0 - 当前更新窗口长度：6
2024-10-10 15:39:08,842 - INFO Retriever 0 - ————————————————————————————————————————————————————————————————


2024-10-10 15:39:13,224 - INFO Retriever 0 - Agent主脑给出的回答为：{
    "get_folder_info": {
        "target_folder_path": "D:\\Unity\\open-project-1-main\\UOP1_Project\\Assets\\Scripts\\StateMachine\\Editor"
    }
}
2024-10-10 15:39:13,224 - INFO Retriever 0 - 是否成功解析：True
2024-10-10 15:39:13,224 - INFO Retriever 0 - operation_type (__det_dir_action):
2024-10-10 15:39:13,225 - INFO Retriever 0 - get_folder_info
2024-10-10 15:39:13,225 - INFO Retriever 0 - 

——————————————————————————————————————————————————————————————————————————————————————————————————————————————————————————
2024-10-10 15:39:13,225 - INFO Retriever 0 - Assistant:
2024-10-10 15:39:13,225 - INFO Retriever 0 - {
    "get_folder_info": {
        "target_folder_path": "D:\\Unity\\open-project-1-main\\UOP1_Project\\Assets\\Scripts\\StateMachine\\Editor"
    }
}
2024-10-10 15:39:13,225 - INFO Retriever 0 - dict_keys(['get_folder_info'])
2024-10-10 15:39:13,225 - INFO Retriever 0 - Agent主脑给出的行动：get_folder_info
参数：{'target_folder_path': 'D:\\Unity\\open-project-1-main\\UOP1_Project\\Assets\\Scripts\\StateMachine\\Editor'}
2024-10-10 15:39:13,289 - INFO Retriever 0 - Observer: 目标文件夹路径：D:\Unity\open-project-1-main\UOP1_Project\Assets\Scripts\StateMachine\Editor
文件结构树（该结构树可能不完整，仅返回深度小于等于1层的子文件以及文件夹）：
├── StateEditor.cs
├── Templates
│   ├── ScriptTemplates.cs
│   ├── StateAction.txt
│   ├── StateCondition.txt
├── TransitionTableEditor.cs
├── TransitionTableEditorWindow.cs
├── TransitionTableEditorWindow.uss
├── TransitionTableEditorWindow.uxml
├── UOP1.StateMachine.Editor.asmdef
├── Utilities
│   ├── AddTransitionHelper.cs
│   ├── ContentStyle.cs
│   ├── InitOnlyAttributeDrawer.cs
│   ├── SerializedTransition.cs
│   ├── TransitionDisplayHelper.cs


其中，部分主要文件及文件夹的信息如下：
1. Editor
# 路径:D:/Unity/open-project-1-main/UOP1_Project\Assets\Scripts\StateMachine\Editor
# 内容概述:### 文件夹内容概览

“Editor”文件夹汇集了Unity游戏开发中状态机设计和编辑所需的资源，包括脚本模板、工具和编辑器扩展。主要文件包括：

- **Templates**：提供状态机脚本模板，如动作和条件框架，辅助快速开发。
- **Utilities**：集成了编辑器扩展，如过渡项管理、GUI样式配置和属性编辑器，增强状态机编辑体验。
- **StateEditor.cs**：扩展StateSO编辑器界面，允许编辑动作列表。
- **TransitionTableEditor.cs**：管理过渡表，支持添加、删除和排序过渡。
- **TransitionTableEditorWindow.cs**：创建独立编辑器窗口，用于转换表的编辑和管理。
- **样式和布局文件**：定义了编辑器窗口的外观和布局。
- **Assembly Definition文件**：可能用于组织编辑器模块的编译和依赖。

这些资源共同构成了一个全面的状态机开发工具集，旨在简化Unity状态机的创建和管理流程。

2. Templates
# 路径:D:/Unity/open-project-1-main/UOP1_Project\Assets\Scripts\StateMachine\Editor\Templates
# 内容概述:“Templates”文件夹汇集了Unity状态机开发工具，包括用于生成动作和条件脚本的`ScriptTemplates.cs`插件，以及详细描述动作和条件实现细节的`StateAction.txt`和`StateCondition.txt`文件。这些资源相互关联，共同支持开发者高效构建和配置Unity中的状态机逻辑。

3. Utilities
# 路径:D:/Unity/open-project-1-main/UOP1_Project\Assets\Scripts\StateMachine\Editor\Utilities
# 内容概述:“Utilities”文件夹汇集了Unity编辑器增强脚本，专注于简化状态机的管理和编辑。其中，`AddTransitionHelper.cs` 提供过渡项添加与管理工具，`ContentStyle.cs` 定义了编辑器GUI样式，`InitOnlyAttributeDrawer.cs` 为特定属性提供定制编辑界面，`SerializedTransition.cs` 管理状态转换数据，而`TransitionDisplayHelper.cs` 则负责过渡条件的显示与编辑。这些脚本相互协作，共同提升了Unity编辑器中状态机操作的便捷性和效率。

4. StateEditor.cs
# 路径:D:/Unity/open-project-1-main/UOP1_Project\Assets\Scripts\StateMachine\Editor\StateEditor.cs
# 内容概述:该脚本是一个Unity编辑器扩展，专门用于编辑StateSO的属性。它通过自定义`StateEditor`类继承自`UnityEditor.Editor`，实现了对动作列表的编辑功能。脚本初始化时配置了ReorderableList，用于展示和操作动作列表，包括添加、排序和显示动作的图标、名称和描述。编辑器界面通过`OnInspectorGUI`方法绘制，并处理撤销/重做事件。此外，脚本还定义了ReorderableList的布局和样式，如元素高度、头部标签、添加元素时的默认设置以及背景的交替颜色。

5. TransitionTableEditor.cs
# 路径:D:/Unity/open-project-1-main/UOP1_Project\Assets\Scripts\StateMachine\Editor\TransitionTableEditor.cs
# 内容概述:该脚本是一个Unity编辑器扩展，主要针对`TransitionTableSO`类型进行编辑。它通过`TransitionTableEditor`类实现，该类继承自`UnityEditor.Editor`。脚本分为初始化、GUI绘制、状态编辑和过渡操作模块。初始化模块负责资源加载和清理；GUI绘制模块在`OnInspectorGUI`中根据当前状态绘制编辑器界面；状态编辑器显示模块通过`StateEditorGUI`展示特定状态的动作；过渡表GUI绘制模块在`TransitionTableGUI`中展示状态和过渡。脚本提供了添加、删除、排序过渡的功能，并通过`ApplyModifications`方法记录操作以便撤销。

6. TransitionTableEditorWindow.cs
# 路径:D:/Unity/open-project-1-main/UOP1_Project\Assets\Scripts\StateMachine\Editor\TransitionTableEditorWindow.cs
# 内容概述:该脚本定义了一个Unity编辑器窗口`TransitionTableEditorWindow`，用于管理状态机的转换表。窗口通过加载预定义的UI布局和样式来展示，并支持动态更新转换表资产列表。当用户选择列表中的资产时，窗口会集成相应的编辑器进行详细编辑。脚本实现了窗口显示、UI初始化、列表视图创建和编辑器集成等功能，同时监听播放模式变化和窗口焦点状态，确保用户体验和编辑效率。

7. TransitionTableEditorWindow.uss
# 路径:D:/Unity/open-project-1-main/UOP1_Project\Assets\Scripts\StateMachine\Editor\TransitionTableEditorWindow.uss
# 内容概述:这是一个名为“TransitionTableEditorWindow.uss”的文件。

8. TransitionTableEditorWindow.uxml
# 路径:D:/Unity/open-project-1-main/UOP1_Project\Assets\Scripts\StateMachine\Editor\TransitionTableEditorWindow.uxml
# 内容概述:这是一个名为“TransitionTableEditorWindow.uxml”的文件。

9. UOP1.StateMachine.Editor.asmdef
# 路径:D:/Unity/open-project-1-main/UOP1_Project\Assets\Scripts\StateMachine\Editor\UOP1.StateMachine.Editor.asmdef
# 内容概述:这是一个名为“UOP1.StateMachine.Editor.asmdef”的文件。


2024-10-10 15:39:13,294 - INFO Retriever 0 - 

————————————————————————————————————————————————————————————————
2024-10-10 15:39:13,294 - INFO Retriever 0 - 当前窗口总长度：17
2024-10-10 15:39:13,295 - INFO Retriever 0 - 当前更新窗口长度：8
2024-10-10 15:39:13,295 - INFO Retriever 0 - 当前更新窗口长度：8
2024-10-10 15:39:13,295 - INFO Retriever 0 - ————————————————————————————————————————————————————————————————


2024-10-10 15:39:19,632 - INFO Retriever 0 - Agent主脑给出的回答为：{
    "get_folder_info": {
        "target_folder_path": "D:\\Unity\\open-project-1-main\\UOP1_Project\\Assets\\Scripts\\Gameplay"
    }
}
2024-10-10 15:39:19,632 - INFO Retriever 0 - 是否成功解析：True
2024-10-10 15:39:19,632 - INFO Retriever 0 - operation_type (__det_dir_action):
2024-10-10 15:39:19,632 - INFO Retriever 0 - get_folder_info
2024-10-10 15:39:19,634 - INFO Retriever 0 - 

——————————————————————————————————————————————————————————————————————————————————————————————————————————————————————————
2024-10-10 15:39:19,634 - INFO Retriever 0 - Assistant:
2024-10-10 15:39:19,634 - INFO Retriever 0 - {
    "get_folder_info": {
        "target_folder_path": "D:\\Unity\\open-project-1-main\\UOP1_Project\\Assets\\Scripts\\Gameplay"
    }
}
2024-10-10 15:39:19,634 - INFO Retriever 0 - dict_keys(['get_folder_info'])
2024-10-10 15:39:19,634 - INFO Retriever 0 - Agent主脑给出的行动：get_folder_info
参数：{'target_folder_path': 'D:\\Unity\\open-project-1-main\\UOP1_Project\\Assets\\Scripts\\Gameplay'}
2024-10-10 15:39:19,674 - INFO Retriever 0 - Observer: 目标文件夹路径：D:\Unity\open-project-1-main\UOP1_Project\Assets\Scripts\Gameplay
文件结构树（该结构树可能不完整，仅返回深度小于等于1层的子文件以及文件夹）：
├── GameManager.cs
├── GameStateSO.cs
├── SpawnSystem.cs


其中，部分主要文件及文件夹的信息如下：
1. Gameplay
# 路径:D:/Unity/open-project-1-main/UOP1_Project\Assets\Scripts\Gameplay
# 内容概述:## 文件夹内容精简总结

“Gameplay”文件夹汇集了Unity游戏开发的核心脚本，包括`GameManager.cs`用于管理游戏状态和事件，`GameStateSO.cs`负责跟踪和管理游戏状态变化，以及`SpawnSystem.cs`负责玩家的生成逻辑。这些脚本相互协作，共同构成了游戏的核心功能框架。

2. GameManager.cs
# 路径:D:/Unity/open-project-1-main/UOP1_Project\Assets\Scripts\Gameplay\GameManager.cs
# 内容概述:`GameManager.cs` 是一个Unity游戏组件，负责游戏初始化和状态管理。它初始化游戏状态，注册事件监听器以响应特定事件（如添加配方到库存），并在游戏开始时启动游戏。主要功能模块包括初始化、事件处理和游戏启动。它定义了`StartGame`来启动游戏，以及`AddRockCandyRecipe`、`AddSweetDoughRecipe`和`AddFinalRecipes`来分别添加特定物品到库存。此外，`OnEnable`和`OnDisable`方法用于管理事件监听器的注册和注销。

3. GameStateSO.cs
# 路径:D:/Unity/open-project-1-main/UOP1_Project\Assets\Scripts\Gameplay\GameStateSO.cs
# 内容概述:该脚本定义了`GameStateSO`类，用于管理Unity游戏中的状态转换。它包含游戏状态枚举，支持如游戏进行、暂停、库存等状态，并能够处理战斗状态的触发。类中实现了添加和移除警告敌人的功能，以及更新和重置游戏状态的方法，确保在状态变化时能够触发相应的事件，从而实现状态间的平滑过渡。

4. SpawnSystem.cs
# 路径:D:/Unity/open-project-1-main/UOP1_Project\Assets\Scripts\Gameplay\SpawnSystem.cs
# 内容概述:该脚本定义了 `SpawnSystem` 类，负责管理玩家在游戏场景中的生成逻辑。它通过引用输入读取器、玩家预制体、变换锚点等资源，并在场景准备就绪时触发玩家的生成。`SpawnSystem` 在初始化时收集所有可能的生成点，并在场景激活时根据玩家的路径选择合适的生成位置来实例化玩家。此外，它还处理了事件订阅和取消订阅，确保在启用和禁用时的正确行为。


2024-10-10 15:39:19,679 - INFO Retriever 0 - 

————————————————————————————————————————————————————————————————
2024-10-10 15:39:19,680 - INFO Retriever 0 - 当前窗口总长度：19
2024-10-10 15:39:19,680 - INFO Retriever 0 - 当前更新窗口长度：10
2024-10-10 15:39:19,680 - INFO Retriever 0 - 当前更新窗口长度：10
2024-10-10 15:39:19,680 - INFO Retriever 0 - ————————————————————————————————————————————————————————————————


2024-10-10 15:39:24,766 - INFO Retriever 0 - Agent主脑给出的回答为：{
    "get_folder_info": {
        "target_folder_path": "D:\\Unity\\open-project-1-main\\UOP1_Project\\Assets\\ScriptableObjects\\StateMachine\\Protagonist\\Actions"
    }
}
2024-10-10 15:39:24,766 - INFO Retriever 0 - 是否成功解析：True
2024-10-10 15:39:24,766 - INFO Retriever 0 - operation_type (__det_dir_action):
2024-10-10 15:39:24,766 - INFO Retriever 0 - get_folder_info
2024-10-10 15:39:24,770 - INFO Retriever 0 - 

——————————————————————————————————————————————————————————————————————————————————————————————————————————————————————————
2024-10-10 15:39:24,770 - INFO Retriever 0 - Assistant:
2024-10-10 15:39:24,770 - INFO Retriever 0 - {
    "get_folder_info": {
        "target_folder_path": "D:\\Unity\\open-project-1-main\\UOP1_Project\\Assets\\ScriptableObjects\\StateMachine\\Protagonist\\Actions"
    }
}
2024-10-10 15:39:24,770 - INFO Retriever 0 - dict_keys(['get_folder_info'])
2024-10-10 15:39:24,770 - INFO Retriever 0 - Agent主脑给出的行动：get_folder_info
参数：{'target_folder_path': 'D:\\Unity\\open-project-1-main\\UOP1_Project\\Assets\\ScriptableObjects\\StateMachine\\Protagonist\\Actions'}
2024-10-10 15:39:24,826 - INFO Retriever 0 - Observer: 目标文件夹路径：D:\Unity\open-project-1-main\UOP1_Project\Assets\ScriptableObjects\StateMachine\Protagonist\Actions
文件结构树（该结构树可能不完整，仅返回深度小于等于1层的子文件以及文件夹）：
├── AnimatorParameters
│   ├── AnimatorMoveSpeed.asset
│   ├── HasFainted_True_OnEnter.asset
│   ...
│   ├── ReceiveHitTrigger_OnEnter.asset
├── ClearInputCache_OnEnter.asset
├── DestroyPlayer.asset
├── GetHitFlashingEffect.asset
├── MovementVector
│   ├── AerialMovement.asset
│   ├── ApplyMovementVector.asset
│   ...
│   ├── StopMovement.asset
├── Particles
│   ├── ControlWalkingParticles.asset
│   ├── PlayJumpParticles.asset
│   ├── PlayLandParticles.asset
│   ├── PlayLiftoffJumpParticles.asset
├── ResetGetHitState.asset
├── RespawnPlayer.asset
├── SFX
│   ├── PlaySound_Jump.asset
│   ├── PlaySound_PickUp.asset
│   ├── PlaySound_SwingCane.asset
├── ShakeCam.asset


其中，部分主要文件及文件夹的信息如下：
1. Actions
# 路径:D:/Unity/open-project-1-main/UOP1_Project\Assets\ScriptableObjects\StateMachine\Protagonist\Actions
# 内容概述:“Actions”文件夹汇集了Unity游戏开发所需的多种脚本资源，包括用于动画状态控制的AnimatorParameters、角色移动逻辑的MovementVector、粒子效果的Particles、声音效果的SFX，以及交互和视觉效果的脚本如ClearInputCache_OnEnter、DestroyPlayer、GetHitFlashingEffect、ResetGetHitState、RespawnPlayer和ShakeCam。这些资源协同工作，为游戏角色动作、视觉效果和交互体验提供全面支持。

2. AnimatorParameters
# 路径:D:/Unity/open-project-1-main/UOP1_Project\Assets\ScriptableObjects\StateMachine\Protagonist\Actions\AnimatorParameters
# 内容概述:### 文件夹内容精简总结

“AnimatorParameters”文件夹汇集了多个Unity脚本资产，旨在通过设置动画控制器参数来管理游戏角色的不同状态。这些脚本包括控制移动速度、角色晕倒、空中状态、攻击、拾取、受到攻击等动作的动画触发。例如，"IsAttacking_True_OnEnter.asset"在角色进入攻击状态时激活攻击动画，而"IsWalking_False_OnEnter.asset"则用于角色开始行走。这些脚本资产通过在角色进入或离开特定区域时触发，共同构成了角色的动画状态管理机制。

3. MovementVector
# 路径:D:/Unity/open-project-1-main/UOP1_Project\Assets\ScriptableObjects\StateMachine\Protagonist\Actions\MovementVector
# 内容概述:“MovementVector”文件夹汇集了Unity游戏引擎中用于控制主角移动的核心脚本组件，包括处理空中移动、地面移动、垂直方向移动、旋转和滑行等功能的脚本。这些组件如“AerialMovement”和“ApplyMovementVector”协同工作，确保主角在空中和地面上的流畅移动；“Ascend”和“Descend”负责垂直方向的运动；“GravityGround”和“MoveOnTheGround”分别处理重力效果和地面移动速度；“Rotate”和“RotateFast”则负责主角的转向；“Slide”组件适应滑行表面，而“StopMovement”则允许在必要时停止移动。这些组件相互关联，共同构成了主角在游戏中的动态行为。

4. Particles
# 路径:D:/Unity/open-project-1-main/UOP1_Project\Assets\ScriptableObjects\StateMachine\Protagonist\Actions\Particles
# 内容概述:### 文件夹内容精简总结

“Particles”文件夹汇集了多个Unity游戏开发中的粒子效果脚本，包括控制行走、跳跃和起飞动作的粒子显示。这些脚本如`ControlWalkingParticles.asset`、`PlayJumpParticles.asset`、`PlayLandParticles.asset`和`PlayLiftoffJumpParticles.asset`，分别用于管理不同场景下的粒子效果，共同丰富了游戏的视觉效果。所有脚本均遵循Unity脚本规范，便于在Unity环境中集成和使用。

5. SFX
# 路径:D:/Unity/open-project-1-main/UOP1_Project\Assets\ScriptableObjects\StateMachine\Protagonist\Actions\SFX
# 内容概述:### 文件夹内容精简总结

“SFX”文件夹汇集了Unity游戏开发中用于特定游戏事件的音频脚本组件，包括跳跃、拾取物品和挥舞拐杖等动作的声音播放脚本。文件夹内包含的“PlaySound_Jump.asset”、“PlaySound_PickUp.asset”和“PlaySound_SwingCane.asset”三个文件分别对应不同动作的声音效果触发，共同为游戏提供丰富的听觉体验。

6. ClearInputCache_OnEnter.asset
# 路径:D:/Unity/open-project-1-main/UOP1_Project\Assets\ScriptableObjects\StateMachine\Protagonist\Actions\ClearInputCache_OnEnter.asset
# 内容概述:该文件描述了一个Unity脚本组件“ClearInputCache_OnEnter”，其主要功能是清除游戏主角的输入缓存，例如跳跃动作。脚本基于MonoBehaviour组件，并附有简要描述，指出其清除主角动作输入缓存的作用。

7. DestroyPlayer.asset
# 路径:D:/Unity/open-project-1-main/UOP1_Project\Assets\ScriptableObjects\StateMachine\Protagonist\Actions\DestroyPlayer.asset
# 内容概述:该文本描述了一个Unity脚本组件“DestroyPlayer”，属于`MonoBehaviour`类，专门用于销毁玩家角色游戏对象。该组件在Unity编辑器中标识为“Destroys the player character GO”，表明其主要功能是实现玩家角色的销毁。

8. GetHitFlashingEffect.asset
# 路径:D:/Unity/open-project-1-main/UOP1_Project\Assets\ScriptableObjects\StateMachine\Protagonist\Actions\GetHitFlashingEffect.asset
# 内容概述:### 简要总结
“GetHitFlashingEffect.asset”文件是Unity游戏引擎中的一个脚本，名为“GetHitFlashingEffect”，其功能是在角色受到攻击时触发闪烁效果，增强角色受击的视觉反馈。

9. ResetGetHitState.asset
# 路径:D:/Unity/open-project-1-main/UOP1_Project\Assets\ScriptableObjects\StateMachine\Protagonist\Actions\ResetGetHitState.asset
# 内容概述:### 简化总结

该文件是Unity引擎中的一个名为“ResetGetHitState”的脚本资产，用于重置“Damageable”脚本中的“GetHit”布尔值，以管理游戏中的伤害状态重置。

10. RespawnPlayer.asset
# 路径:D:/Unity/open-project-1-main/UOP1_Project\Assets\ScriptableObjects\StateMachine\Protagonist\Actions\RespawnPlayer.asset
# 内容概述:### 简要总结
“RespawnPlayer.asset”文件定义了一个Unity脚本，名为“RespawnPlayer”，其功能是在场景准备好时通过触发事件由SpawnSystem实例化玩家。脚本具备基本属性，如启用状态，并关联了一个名为voidEvent的事件以实现这一功能。

11. ShakeCam.asset
# 路径:D:/Unity/open-project-1-main/UOP1_Project\Assets\ScriptableObjects\StateMachine\Protagonist\Actions\ShakeCam.asset
# 内容概述:### 简要总结
“ShakeCam.asset”文件描述了一个Unity脚本组件，名为ShakeCam，其主要功能是触发相机震动事件，该事件由CameraManager组件识别并执行，从而实现相机震动效果。


2024-10-10 15:39:24,829 - INFO Retriever 0 - 

————————————————————————————————————————————————————————————————
2024-10-10 15:39:24,829 - INFO Retriever 0 - 当前窗口总长度：21
2024-10-10 15:39:24,831 - INFO Retriever 0 - 当前更新窗口长度：12
2024-10-10 15:39:24,831 - INFO Retriever 0 - 当前更新窗口长度：12
2024-10-10 15:39:24,831 - INFO Retriever 0 - ————————————————————————————————————————————————————————————————


2024-10-10 15:39:35,246 - INFO Retriever 0 - Agent主脑给出的回答为：{
    "deep_think": {
        "thoughts": "根据获取的文件夹信息，我注意到在“Actions”文件夹下有一个名为“RespawnPlayer.asset”的文件，这个文件很可能是控制玩家重生位置的脚本。另外，在“Gameplay”文件夹下的“SpawnSystem.cs”脚本也可能与玩家初始位置控制有关。为了确认这些文件是否与任务相关，我将使用read_file操作来读取这些文件的内容。"
    }
}
2024-10-10 15:39:35,247 - INFO Retriever 0 - 是否成功解析：True
2024-10-10 15:39:35,247 - INFO Retriever 0 - operation_type (__det_dir_action):
2024-10-10 15:39:35,247 - INFO Retriever 0 - deep_think
2024-10-10 15:39:35,247 - INFO Retriever 0 - 

——————————————————————————————————————————————————————————————————————————————————————————————————————————————————————————
2024-10-10 15:39:35,247 - INFO Retriever 0 - Assistant:
2024-10-10 15:39:35,247 - INFO Retriever 0 - {
    "deep_think": {
        "thoughts": "根据获取的文件夹信息，我注意到在“Actions”文件夹下有一个名为“RespawnPlayer.asset”的文件，这个文件很可能是控制玩家重生位置的脚本。另外，在“Gameplay”文件夹下的“SpawnSystem.cs”脚本也可能与玩家初始位置控制有关。为了确认这些文件是否与任务相关，我将使用read_file操作来读取这些文件的内容。"
    }
}
2024-10-10 15:39:35,247 - INFO Retriever 0 - dict_keys(['deep_think'])
2024-10-10 15:39:35,247 - INFO Retriever 0 - Agent主脑给出的行动：deep_think
参数：{'thoughts': '根据获取的文件夹信息，我注意到在“Actions”文件夹下有一个名为“RespawnPlayer.asset”的文件，这个文件很可能是控制玩家重生位置的脚本。另外，在“Gameplay”文件夹下的“SpawnSystem.cs”脚本也可能与玩家初始位置控制有关。为了确认这些文件是否与任务相关，我将使用read_file操作来读取这些文件的内容。', 'repeat_counter': 1, 'continue_think_counter': 1}
2024-10-10 15:39:35,247 - INFO Retriever 0 - Observer: 好的，请继续你的下一步行动或思考。
2024-10-10 15:39:35,250 - INFO Retriever 0 - 

————————————————————————————————————————————————————————————————
2024-10-10 15:39:35,250 - INFO Retriever 0 - 当前窗口总长度：23
2024-10-10 15:39:35,250 - INFO Retriever 0 - 当前更新窗口长度：14
2024-10-10 15:39:35,250 - INFO Retriever 0 - 当前更新窗口长度：14
2024-10-10 15:39:35,252 - INFO Retriever 0 - ————————————————————————————————————————————————————————————————


2024-10-10 15:39:41,750 - INFO Retriever 0 - Agent主脑给出的回答为：{
    "read_file": {
        "file_path": "D:\\Unity\\open-project-1-main\\UOP1_Project\\Assets\\ScriptableObjects\\StateMachine\\Protagonist\\Actions\\RespawnPlayer.asset"
    }
}
2024-10-10 15:39:41,750 - INFO Retriever 0 - 是否成功解析：True
2024-10-10 15:39:41,750 - INFO Retriever 0 - operation_type (__det_dir_action):
2024-10-10 15:39:41,750 - INFO Retriever 0 - read_file
2024-10-10 15:39:41,750 - INFO Retriever 0 - 

——————————————————————————————————————————————————————————————————————————————————————————————————————————————————————————
2024-10-10 15:39:41,750 - INFO Retriever 0 - Assistant:
2024-10-10 15:39:41,750 - INFO Retriever 0 - {
    "read_file": {
        "file_path": "D:\\Unity\\open-project-1-main\\UOP1_Project\\Assets\\ScriptableObjects\\StateMachine\\Protagonist\\Actions\\RespawnPlayer.asset"
    }
}
2024-10-10 15:39:41,750 - INFO Retriever 0 - dict_keys(['read_file'])
2024-10-10 15:39:41,754 - INFO Retriever 0 - Agent主脑给出的行动：read_file
参数：{'file_path': 'D:\\Unity\\open-project-1-main\\UOP1_Project\\Assets\\ScriptableObjects\\StateMachine\\Protagonist\\Actions\\RespawnPlayer.asset', 'top_path': 'D:\\Unity\\open-project-1-main\\UOP1_Project\\Assets', 'return_file_sum': <bound method TreeGenerationAction.return_file_sum of <Action.tree_gen_action.TreeGenerationAction object at 0x000001EBD8DF0370>>}
2024-10-10 15:39:41,754 - INFO Retriever 0 - Observer: 这是一个名为“RespawnPlayer.asset”的文件，该文件里的内容为：
MonoBehaviour:
  m_ObjectHideFlags: 0
  m_CorrespondingSourceObject:
    fileID: 0
  m_PrefabInstance:
    fileID: 0
  m_PrefabAsset:
    fileID: 0
  m_GameObject:
    fileID: 0
  m_Enabled: 1
  m_EditorHideFlags: 0
  m_Script:
    fileID: 11500000
    guid: e8f810032e585a345baf668d3aff0bf5
    type: 3
  m_Name: RespawnPlayer
  m_EditorClassIdentifier: None
  description: Raises an OnSceneReady event to trigger the player instantiation by SpawnSystem
  voidEvent:
    fileID: 11400000
    guid: b729e40fc41dd8b4ea7aaf5c857f7186
    type: 2
2024-10-10 15:39:41,758 - INFO Retriever 0 - 

————————————————————————————————————————————————————————————————
2024-10-10 15:39:41,759 - INFO Retriever 0 - 当前窗口总长度：25
2024-10-10 15:39:41,759 - INFO Retriever 0 - 当前更新窗口长度：16
2024-10-10 15:39:41,759 - INFO Retriever 0 - 当前更新窗口长度：16
2024-10-10 15:39:41,760 - INFO Retriever 0 - ————————————————————————————————————————————————————————————————


2024-10-10 15:39:46,946 - INFO Retriever 0 - Agent主脑给出的回答为：{
    "read_file": {
        "file_path": "D:\\Unity\\open-project-1-main\\UOP1_Project\\Assets\\Scripts\\Gameplay\\SpawnSystem.cs"
    }
}
2024-10-10 15:39:46,946 - INFO Retriever 0 - 是否成功解析：True
2024-10-10 15:39:46,946 - INFO Retriever 0 - operation_type (__det_dir_action):
2024-10-10 15:39:46,946 - INFO Retriever 0 - read_file
2024-10-10 15:39:46,946 - INFO Retriever 0 - 

——————————————————————————————————————————————————————————————————————————————————————————————————————————————————————————
2024-10-10 15:39:46,946 - INFO Retriever 0 - Assistant:
2024-10-10 15:39:46,946 - INFO Retriever 0 - {
    "read_file": {
        "file_path": "D:\\Unity\\open-project-1-main\\UOP1_Project\\Assets\\Scripts\\Gameplay\\SpawnSystem.cs"
    }
}
2024-10-10 15:39:46,946 - INFO Retriever 0 - dict_keys(['read_file'])
2024-10-10 15:39:46,946 - INFO Retriever 0 - Agent主脑给出的行动：read_file
参数：{'file_path': 'D:\\Unity\\open-project-1-main\\UOP1_Project\\Assets\\Scripts\\Gameplay\\SpawnSystem.cs', 'top_path': 'D:\\Unity\\open-project-1-main\\UOP1_Project\\Assets', 'return_file_sum': <bound method TreeGenerationAction.return_file_sum of <Action.tree_gen_action.TreeGenerationAction object at 0x000001EBD8DF0370>>}
2024-10-10 15:39:46,992 - INFO Retriever 0 - Observer: 这是一个名为“SpawnSystem.cs”的文件，该文件里的内容为：
由于脚本文件内容过长，暂时仅给出该脚本文件的内容总结:
- ### 脚本内容总结

#### 1. 总体概述
- **框架和模块化结构**：脚本定义了一个名为 `SpawnSystem` 的类，该类继承自 `MonoBehaviour`，用于管理玩家的生成逻辑。
- **主要功能和目标**：脚本的主要功能是在场景准备好时，根据玩家的路径选择合适的生成位置，并实例化玩家预制体。

#### 2. 模块和功能
- **模块**：
  - **Asset References**：引用输入读取器、玩家预制体、变换锚点、事件通道和路径存储。
  - **Scene Ready Event**：场景准备就绪事件。
  - **Spawn Logic**：生成玩家的逻辑。
- **功能**：
  - 查找场景中的生成点。
  - 根据玩家的路径选择生成位置。
  - 实例化玩家预制体。
  - 通知其他系统玩家已生成。

#### 3. 类和函数
- **类**：
  - `SpawnSystem`：管理玩家生成的类。
- **函数**：
  - `Awake()`：初始化时调用，查找所有 `LocationEntrance` 对象和默认生成点。
  - `OnEnable()`：启用时调用，订阅场景准备就绪事件。
  - `OnDisable()`：禁用时调用，取消订阅场景准备就绪事件并重置变换锚点。
  - `GetSpawnLocation()`：获取生成位置。
  - `SpawnPlayer()`：根据场景准备就绪事件生成玩家。

#### 4. 实现逻辑
- **逻辑流程**：
  1. 在 `Awake()` 中初始化生成点。
  2. 在 `OnEnable()` 中订阅场景准备就绪事件。
  3. 当场景准备就绪事件被触发时，`SpawnPlayer()` 被调用。
  4. `SpawnPlayer()` 获取生成位置，实例化玩家预制体，并通知其他系统。
  5. 在 `OnDisable()` 中取消订阅事件并重置变换锚点。
2024-10-10 15:39:46,992 - INFO Retriever 0 - 

————————————————————————————————————————————————————————————————
2024-10-10 15:39:46,995 - INFO Retriever 0 - 当前窗口总长度：27
2024-10-10 15:39:46,995 - INFO Retriever 0 - 当前更新窗口长度：18
2024-10-10 15:39:46,995 - INFO Retriever 0 - 当前更新窗口长度：18
2024-10-10 15:39:46,995 - INFO Retriever 0 - ————————————————————————————————————————————————————————————————


2024-10-10 15:39:55,111 - INFO Retriever 0 - Agent主脑给出的回答为：{
    "finish": "我已完成你所给出的任务需求，请你进行确认"
}
2024-10-10 15:39:55,111 - INFO Retriever 0 - 是否成功解析：True
2024-10-10 15:39:55,111 - INFO Retriever 0 - operation_type (__det_dir_action):
2024-10-10 15:39:55,111 - INFO Retriever 0 - finish
2024-10-10 15:39:55,112 - INFO Retriever 0 - 

——————————————————————————————————————————————————————————————————————————————————————————————————————————————————————————
2024-10-10 15:39:55,112 - INFO Retriever 0 - Assistant:
2024-10-10 15:39:55,113 - INFO Retriever 0 - {
    "finish": "我已完成你所给出的任务需求，请你进行确认"
}
2024-10-10 15:39:55,113 - INFO Retriever 0 - dict_keys(['finish'])
2024-10-10 15:39:55,113 - INFO Retriever 0 - ——————————————————————————————————— 任务结束 ———————————————————————————————————
2024-10-10 15:39:55,114 - INFO Retriever 0 - 

————————————————————————————————————————————————————————————————
2024-10-10 15:39:55,114 - INFO Retriever 0 - 当前窗口总长度：27
2024-10-10 15:39:55,114 - INFO Retriever 0 - 当前更新窗口长度：18
2024-10-10 15:39:55,114 - INFO Retriever 0 - 当前更新窗口长度：18
2024-10-10 15:39:55,114 - INFO Retriever 0 - ————————————————————————————————————————————————————————————————


2024-10-10 15:40:17,691 - INFO Retriever 0 - -------------------------Task Report-----------------------
2024-10-10 15:40:17,691 - INFO Retriever 0 - * 文件一：
    * 文件绝对路径：D:\Unity\open-project-1-main\UOP1_Project\Assets\ScriptableObjects\StateMachine\Protagonist\Actions\RespawnPlayer.asset
    * 文件内容概述：这是一个Unity脚本组件，名为“RespawnPlayer”，其功能是在场景准备好时通过触发事件由SpawnSystem实例化玩家。脚本具备基本属性，如启用状态，并关联了一个名为voidEvent的事件以实现这一功能。
    * 该文件与问题目标之间的关联性：该文件直接关联到玩家重生逻辑，可能包含玩家重生位置的设置或触发重生的条件。

* 文件二：
    * 文件绝对路径：D:\Unity\open-project-1-main\UOP1_Project\Assets\Scripts\Gameplay\SpawnSystem.cs
    * 文件内容概述：该脚本定义了 `SpawnSystem` 类，负责管理玩家在游戏场景中的生成逻辑。它通过引用输入读取器、玩家预制体、变换锚点等资源，并在场景准备就绪时触发玩家的生成。`SpawnSystem` 在初始化时收集所有可能的生成点，并在场景激活时根据玩家的路径选择合适的生成位置来实例化玩家。此外，它还处理了事件订阅和取消订阅，确保在启用和禁用时的正确行为。
    * 该文件与问题目标之间的关联性：该脚本直接负责玩家的生成逻辑，包括初始位置和重生位置的设置，因此与问题目标直接相关。

以上是本次搜索过程中找到的两个与问题目标相关的文件，它们分别涉及玩家重生和初始位置的设置逻辑。
2024-10-10 15:40:17,691 - INFO Retriever 0 - 
Token Consuming:128419

2024-10-10 15:40:17,691 - INFO Retriever 0 - 
history rounds:14

