2024-11-03 06:47:52,299 - INFO Retriever 0 - Init Retriever.
2024-11-03 06:50:04,737 - INFO Retriever 0 - keywords:“主菜单”，“actual”，“Button”，“Begin button”，“菜单”，“master”，“menu”，“按钮”，“实际”，“current”，“主”，“Commencement”，“开始按钮”，“Switch”，“bill of fare”，“开始”
2024-11-03 06:50:04,737 - INFO Retriever 0 - deep_think_conent
:在获取了项目文件的顶层结构后，我还需要结合待查询的问题描述，对于项目中的文件和目录进行一些深度关键词检索。根据任务描述：“请在D:/Unity/Survaval\Assets下各级目录中寻找：从主菜单进入实际游戏的开始按钮的代码逻辑在什么地方实现的？”，我总结出如下可能会出现在各个文件名或者文件内容中的关键词：“主菜单”，“actual”，“Button”，“Begin button”，“菜单”，“master”，“menu”，“按钮”，“实际”，“current”，“主”，“Commencement”，“开始按钮”，“Switch”，“bill of fare”，“开始”。
接下来，我将使用retrieve_keywords操作，在项目顶层路径“D:/Unity/Survaval\Assets”下检索这些关键词，从而大致把握可能与问题描述相关的文件或目录的路径。
2024-11-03 06:50:04,741 - INFO Retriever 0 - ——————————————————————————————————————————————————————————————————————————————————————————————————————————————————————————
2024-11-03 06:50:04,741 - INFO Retriever 0 - Assistant:
2024-11-03 06:50:04,741 - INFO Retriever 0 - {
    "deep_think": {
        "thoughts": "好的，接下来我将通过深度思考、仔细计划以及逐步执行的方式，来完成该任务。\n\n首先，在阅读详细的代码细节之前，应该先整体把握整个项目。\n\n在提供的可选的action中，可以通过get_folder_info操作，通过将项目顶层路径作为target_folder_path参数进行传入，来获取获取项目中主要文件夹和主要文件的描述，从而能够先大致把握项目文件的主要文件的文件树结构、基本内容、主要代码概述以及大致功能板块的分布。"
    }
}
2024-11-03 06:50:04,741 - INFO Retriever 0 - 
Observer:
2024-11-03 06:50:04,741 - INFO Retriever 0 - 好的，请继续你的下一步行动或思考。
2024-11-03 06:50:04,742 - INFO Retriever 0 - 
2024-11-03 06:50:04,787 - INFO Retriever 0 - ——————————————————————————————————————————————————————————————————————————————————————————————————————————————————————————
2024-11-03 06:50:04,787 - INFO Retriever 0 - Assistant:
2024-11-03 06:50:04,787 - INFO Retriever 0 - {
    "get_folder_info": {
        "target_folder_path": "D:/Unity/Survaval\\Assets"
    }
}
2024-11-03 06:50:04,787 - INFO Retriever 0 - 
Observer:
2024-11-03 06:50:04,787 - INFO Retriever 0 - 目标文件夹路径：D:/Unity/Survaval\Assets
文件结构树（该结构树可能不完整，仅返回深度小于等于1层的子文件以及文件夹）：
├── AddressableAssetsData
│   ├── AddressableAssetSettings.asset
│   ├── Android
│   ├── AssetGroupTemplates
│   ├── AssetGroups
│   ├── DataBuilders
│   ├── DefaultObject.asset
│   ├── iOS
├── AmplifyShaderEditor
│   ├── AmplifyShaderEditor.asmdef
│   ├── ChangeLog.txt
│   ├── CreatingTerrainsWithASE.txt
│   ├── Plugins
│   ├── Readme.txt
├── BlobHashMaps
│   ├── BlobBuilderExtensions.cs
│   ├── BlobHashMap.cs
│   ├── BlobHashMapIntInt.cs
│   ├── BlobHashMaps.asmdef
│   ├── BlobMultiHashMap.cs
│   ├── Data
├── BuildReport
│   ├── CustomBuildScriptExample.txt
│   ├── GUI
│   ├── README.txt
│   ├── Scripts
│   ├── VERSION.txt
│   ├── license.txt
├── CapturePath
├── DamageNumbersPro
│   ├── DamageNumbersPro.asmdef
│   ├── Documentation.url
│   ├── Editor
│   ├── Fonts
│   ├── Materials
│   ├── Scripts
├── Editor
│   ├── ChannelSetting.cs
│   ├── OrbiteExtenedEditor.cs
│   ├── Resources
│   ├── ShaderStripSettings
├── Editor Default Resources
│   ├── MasterAudio
├── EnhancedScroller v2
│   ├── ChangeLog.txt
│   ├── Documentation
│   ├── Plugins
│   ├── Tutorials
│   ├── readme.txt
│   ├── upgrading from 1.x to 2.x.txt
├── FlockBox
│   ├── Classic
│   ├── DOTS
│   ├── Flock Box Manual.pdf
├── Gizmos
│   ├── MasterAudio
├── Magic Spells Sound Effects V2.0
│   ├── Casting Loops
│   ├── Element Scholls
│   ├── General Spell
│   ├── Medieval Combat Sounds BONUS
│   ├── Special Attack
├── Pixel Arsenal
│   ├── Demo
│   ├── Materials
│   ...
│   ├── Textures
├── Plugins
│   ├── Android
│   ├── DarkTonic
│   ├── Demigiant
│   ├── Editor
│   ├── RelationsInspector
│   ├── Sirenix
│   ├── iOS
├── RPG Icons Pixel Art
│   ├── Aeromancer
│   ├── Alchemy1
│   ...
│   ├── Сrossbowman
├── Resources
│   ├── DOTweenSettings.asset
│   ├── MasterAudio
├── SPUM
│   ├── MonsterOrc_Prefabs
│   ├── MonsterUndeadPrefabs
│   ...
│   ├── Sprite_SheetExporter(Beta)
├── StreamingAssets
├── TextMesh Pro
│   ├── Documentation
│   ├── Fonts
│   ├── Resources
│   ├── Shaders
│   ├── Sprites
├── UniversalRenderPipelineGlobalSettings.asset
├── VirtualButtonsForUnity
│   ├── VirtualButtonsForUnity
├── YouLoftSDK
│   ├── PottingMobileSDK
│   ├── PottingMobileServices
│   ...
│   ├── YouloftTemp.cs
├── ZTools
│   ├── GlobalStringBuilder.cs
│   ├── Localization
│   ├── ZTools.asmdef
├── _MyAssets
│   ├── Animations
│   ├── ArtAssets
│   ...
│   ├── URPSettings


其中，部分主要文件及文件夹的信息如下：
1. Assets
# 路径:D:\\Unity\\Survaval\Assets
# 内容概述:“UniversalRenderPipelineGlobalSettings.asset”文件是Unity项目中用于配置通用渲染管道（URP）全局设置的资产。它涵盖了光照模式、阴影质量、后处理效果以及性能优化等关键设置，如光照层配置、阴影质量选择和后处理效果启用，旨在平衡视觉效果与性能表现，以适应不同游戏的需求。

2. AddressableAssetsData
# 路径:D:\\Unity\\Survaval\Assets\AddressableAssetsData
# 内容概述:### 文件夹内容简述

“AddressableAssetsData”文件夹汇集了Unity游戏开发所需的资源管理和配置文件。其中，Android和iOS子文件夹分别管理针对各自平台的资源状态。AssetGroups和AssetGroupTemplates子文件夹则专注于资源打包和内容更新配置，而DataBuilders子文件夹提供了资源管理和场景加载的脚本配置。此外，AddressableAssetSettings.asset文件负责资源加载和优化全局设置，而DefaultObject.asset则定义了Unity脚本组件的配置。整体而言，这些文件共同构成了游戏资源高效管理和优化的框架。

3. AmplifyShaderEditor
# 路径:D:\\Unity\\Survaval\Assets\AmplifyShaderEditor
# 内容概述:“AmplifyShaderEditor”文件夹汇集了Unity游戏开发中Amplify Shader Editor插件的核心组件与资源，包括编辑器脚本、界面资源、版本更新日志和使用指南。其中，“Editor”子文件夹承载着插件的核心逻辑和操作界面，而“EditorResources”则提供了图形用户界面和渲染资源。更新日志“ChangeLog.txt”详细记录了插件的功能迭代和问题修复，而“CreatingTerrainsWithASE.txt”则指导用户如何利用ASE创建地形着色器。遗憾的是，“Readme.txt”因编码错误无法读取，但预计包含插件的基本使用说明。

4. BlobHashMaps
# 路径:D:\\Unity\\Survaval\Assets\BlobHashMaps
# 内容概述:“BlobHashMaps”文件夹汇集了针对Unity游戏引擎优化的数据结构脚本，包括BlobHashMap和BlobMultiHashMap的实现。核心文件如BlobBuilderHashMapData.cs和BlobHashMapData.cs定义了HashMap和只读哈希表，BlobBuilderExtensions.cs扩展了BlobHashMap功能，BlobHashMap.cs和BlobHashMapIntInt.cs则提供了更丰富的操作和构建器功能。BlobHashMaps.asmdef文件定义了模块依赖，而BlobMultiHashMap.cs引入了多哈希映射支持，共同构成了一个高效的数据管理工具集。

5. BuildReport
# 路径:D:\\Unity\\Survaval\Assets\BuildReport
# 内容概述:“BuildReport”文件夹汇集了Unity游戏引擎的构建报告工具及相关资源，包括UI设计资源（如BRTSkin、NativeSkin和NativeSkinExtraIcons）、自动化构建脚本（如CustomBuildScriptExample.txt）和编辑器脚本（位于Scripts/Editor）。此外，它还包含定义特定窗口样式的皮肤文件（BuildReportWindow.guiskin和BuildReportWindowDark.guiskin），以及工具的许可证信息（license.txt）和使用说明（README.txt）。VERSION.txt文件记录了工具的版本更新历史，突出了新增功能和错误修复。

6. CapturePath
# 路径:D:\\Unity\\Survaval\Assets\CapturePath
# 内容概述:该文件夹内容为空。

7. DamageNumbersPro
# 路径:D:\\Unity\\Survaval\Assets\DamageNumbersPro
# 内容概述:“DamageNumbersPro”文件夹汇集了Unity游戏开发所需的资源，包括编辑器脚本、多种风格的字体、材质和游戏逻辑脚本。其中，编辑器脚本用于资源配置，字体和材质丰富了游戏视觉元素，而脚本集合则支撑了游戏的核心逻辑和交互。此外，汇编定义文件和文档链接文件提供了模块化开发和项目文档的便捷访问。

8. Editor
# 路径:D:\\Unity\\Survaval\Assets\Editor
# 内容概述:### 文件夹内容总结

“Editor”文件夹汇集了Unity项目开发所需的资源与工具。其中，**Resources**子文件夹提供游戏与动画设计的视觉素材，包括角色、场景元素和预制游戏单元。**ShaderStripSettings**包含提升渲染质量的Unity脚本组件，而**ChannelSetting.cs**脚本则用于管理不同渠道的SDK和项目配置。此外，**OrbiteExtenedEditor.cs**编辑器扩展脚本增强了文本编辑和屏幕截图功能，辅助设计和开发流程。整体上，这些资源与工具相互关联，共同服务于Unity项目的开发与优化。

9. Editor Default Resources
# 路径:D:\\Unity\\Survaval\Assets\Editor Default Resources
# 内容概述:“Editor Default Resources”文件夹汇集了多种音频处理相关的图标，包括播放、暂停、停止等控制图标，以及复制、删除、保存等操作图标，还有LED灯状态指示和扬声器图标等。这些图标共同服务于音频编辑和界面设计，为用户提供了直观的操作和状态指示。

10. EnhancedScroller v2
# 路径:D:\\Unity\\Survaval\Assets\EnhancedScroller v2
# 内容概述:该“EnhancedScroller v2”文件夹汇集了Unity游戏开发中EnhancedScroller插件的全面资源，包括用户手册、插件代码、教程和更新日志。用户手册详细介绍了插件的使用方法，插件代码则由组件、单元格视图和动画系统等组成，旨在提升UI开发效率。教程资源帮助开发者快速上手，而更新日志和升级指南则提供了插件版本间的变化和升级指导。

11. FlockBox
# 路径:D:\\Unity\\Survaval\Assets\FlockBox
# 内容概述:### 文件夹内容精简总结

“Flock Box”文件夹是Unity游戏开发项目，集成了视觉资源、游戏逻辑脚本和DOTS架构相关资源。其中，**Classic**子文件夹提供游戏场景、预制体和艺术资源，**DOTS**子文件夹则专注于DOTS架构的脚本和材料。项目手册“Flock Box Manual.pdf”详细介绍了项目结构、资源使用和开发指南，为开发者提供了全面的项目操作指导。

12. Gizmos
# 路径:D:\\Unity\\Survaval\Assets\Gizmos
# 内容概述:“Gizmos”文件夹汇集了音频处理相关的图标设计，包括“MasterAudio”品牌标识和“PlaylistController”播放列表控制功能的图标，旨在为音频软件界面提供视觉元素。

13. Magic Spells Sound Effects V2.0
# 路径:D:\\Unity\\Survaval\Assets\Magic Spells Sound Effects V2.0
# 内容概述:“Magic Spells Sound Effects V2.0”文件夹汇集了丰富的音效资源，包括循环施法音效、元素相关施法音效、通用魔法效果、中世纪战斗声音以及特定攻击音效。这些音效覆盖了从增益攻击到治疗，从施法到战斗动作，适用于游戏、影视等多媒体项目，且文件命名清晰，便于快速查找和使用。

14. Pixel Arsenal
# 路径:D:\\Unity\\Survaval\Assets\Pixel Arsenal
# 内容概述:“Pixel Arsenal”文件夹汇集了丰富的游戏开发资源，包括视觉素材（如天空盒和纹理）、预制体（如界面元素和特效）、场景素材、Unity脚本（用于游戏逻辑）和音频效果。这些资源相互关联，共同构建了游戏和视觉效果的基础，适用于Unity等游戏引擎。文件夹内的“ReadMe.txt”文件提供了资源使用指南和潜在的技术支持信息。

15. Plugins
# 路径:D:\\Unity\\Survaval\Assets\Plugins
# 内容概述:“Plugins”文件夹汇集了多平台游戏开发资源，包括Android应用开发工具、Unity游戏资源包如音频和网络同步插件，以及编辑器扩展和iOS应用开发组件。其中，Android子文件夹提供项目配置和第三方库；Unity相关资源如DarkTonic和Demigiant则专注于音频和网络同步，以及动画处理；Editor子文件夹增强Unity编辑器功能；iOS子文件夹涵盖性能监控和广告集成等iOS特有功能。这些资源相互关联，共同构建了一个全面的游戏开发环境。

16. Resources
# 路径:D:\\Unity\\Survaval\Assets\Resources
# 内容概述:### 文件夹内容总结

“Resources”文件夹汇集了Unity游戏项目的关键配置资源，包括“MasterAudioSettings.asset”用于音频处理和插件配置，以及“DOTweenSettings.asset”用于动画和缓动库的详细设置，两者共同确保游戏音效和动画的优化与流畅。

17. RPG Icons Pixel Art
# 路径:D:\\Unity\\Survaval\Assets\RPG Icons Pixel Art
# 内容概述:当然可以。以下是融合后的简短内容：

“Support contact.pdf”文件提供客户支持联系信息，包括电话、电子邮件和在线支持服务，并附有服务时间表、常见问题解答以及用户反馈表单，旨在为用户提供便捷的咨询与支持服务。

18. SPUM
# 路径:D:\\Unity\\Survaval\Assets\SPUM
# 内容概述:“SPUM”文件夹汇集了丰富的游戏开发资源，包括怪物与角色预制体、动画素材、图像资源、字体、材质以及Unity脚本等。它涵盖了从角色模型和动画到编辑器扩展和场景设置的全方位内容，旨在支持游戏开发、3D建模和动画制作项目。文件夹内不同子目录紧密关联，共同构成了一个完整的项目资源库。

19. StreamingAssets
# 路径:D:\\Unity\\Survaval\Assets\StreamingAssets
# 内容概述:“StreamingAssets”文件夹主要存储流媒体应用所需的资源，包括视频、音频和图像文件，以及相关的配置和脚本文件。该文件夹内部分为视频、音频、图像、配置和脚本等子文件夹，各自管理不同类型的媒体资源和播放逻辑配置，以确保资源的高效加载和流式传输。

20. TextMesh Pro
# 路径:D:\\Unity\\Survaval\Assets\TextMesh Pro
# 内容概述:该“TextMesh Pro”文件夹汇集了TextMesh Pro软件的用户指南、Liberation Sans字体资源、Unity项目资源包以及表情符号素材。其中，用户指南详细介绍了软件操作，Liberation Sans字体提供多种样式，Unity资源包包括字体、材质和精灵资产，着色器文件则专注于图形渲染，而表情符号资源则便于集成到项目中。这些内容相互关联，共同服务于游戏开发与图形设计的需求。

21. VirtualButtonsForUnity
# 路径:D:\\Unity\\Survaval\Assets\VirtualButtonsForUnity
# 内容概述:### 文件夹内容概览

“VirtualButtonsForUnity”文件夹是Unity游戏开发资源，集成了虚拟按钮、方向垫和摇杆预制体及脚本，旨在增强游戏交互体验。内含示例项目、预制体、脚本、图像资源和详细文档，方便开发者快速集成和使用。

22. YouLoftSDK
# 路径:D:\\Unity\\Survaval\Assets\YouLoftSDK
# 内容概述:### 文件夹内容总结

“YouLoftSDK”文件夹是Unity游戏开发者的综合工具包，集成了广告管理、支付、用户管理、数据同步等功能模块。其中，**PottingMobileSDK** 提供了Android和iOS平台的插件和脚本，**PottingMobileServices** 则包含了跨平台服务接口和功能脚本。广告管理、支付、礼包兑换等具体功能由 **YouLoftAd.cs**、**YouLoftPay.cs** 和 **YouLoftRedeemcode.cs** 等文件实现，而 **YouLoftSDKManager.cs** 负责管理这些模块，确保它们协同工作。此外，**YouLoftLogin.cs** 处理用户登录，**YouLoftEvent.cs** 和 **YouloftTemp.cs** 分别提供事件跟踪和配置同步功能，共同支撑游戏的整体运行。

23. ZTools
# 路径:D:\\Unity\\Survaval\Assets\ZTools
# 内容概述:### 文件夹内容总结
“ZTools”文件夹汇集了Unity游戏开发中本地化和字符串操作的工具。其中，包含用于本地化文本管理的脚本，如`StaticLocalizedText.cs`和`StaticLocalizedText_UGUI.cs`，以及`Strings.cs`用于管理本地化字符串。此外，`GlobalStringBuilder.cs`提供了全局字符串构建功能，优化了字符串操作性能。而“ZTools.asmdef”文件则定义了项目中的“ZTools”程序集，管理着相关脚本文件的引用和编译。这些工具共同构成了一个高效且模块化的开发环境。

24. _MyAssets
# 路径:D:\\Unity\\Survaval\Assets\_MyAssets
# 内容概述:“_MyAssets”文件夹是游戏开发的核心资源库，汇集了动画、艺术资产、音频、数据配置、编辑器资源、字体、图标、脚本、着色器等关键文件，以及预制体和场景设计。它为游戏提供了丰富的视觉和音频效果，并通过详细的配置文件和脚本实现了复杂的游戏逻辑和交互。文件夹内资源相互关联，共同支撑起游戏的整体架构和功能实现。

25. UniversalRenderPipelineGlobalSettings.asset
# 路径:D:\\Unity\\Survaval\Assets\UniversalRenderPipelineGlobalSettings.asset
# 内容概述:### 简化总结

该文件是Unity的通用渲染管道全局设置配置，定义了8个光照层（如Light Layer default至Light Layer 7）。它还包含了性能优化设置，如移除调试变体和未使用变体，以及不支持运行时调试显示。


2024-11-03 06:50:04,787 - INFO Retriever 0 - 
2024-11-03 06:50:04,792 - INFO Retriever 0 - ——————————————————————————————————————————————————————————————————————————————————————————————————————————————————————————
2024-11-03 06:50:04,792 - INFO Retriever 0 - Assistant:
2024-11-03 06:50:04,792 - INFO Retriever 0 - {
    "deep_think": {
        "thoughts": "在获取了项目文件的顶层结构后，我还需要结合待查询的问题描述，对于项目中的文件和目录进行一些深度关键词检索。根据任务描述：“请在D:/Unity/Survaval\\Assets下各级目录中寻找：从主菜单进入实际游戏的开始按钮的代码逻辑在什么地方实现的？”，我总结出如下可能会出现在各个文件名或者文件内容中的关键词：“主菜单”，“actual”，“Button”，“Begin button”，“菜单”，“master”，“menu”，“按钮”，“实际”，“current”，“主”，“Commencement”，“开始按钮”，“Switch”，“bill of fare”，“开始”。\n接下来，我将使用retrieve_keywords操作，在项目顶层路径“D:/Unity/Survaval\\Assets”下检索这些关键词，从而大致把握可能与问题描述相关的文件或目录的路径。"
    }
}
2024-11-03 06:50:04,792 - INFO Retriever 0 - 
Observer:
2024-11-03 06:50:04,792 - INFO Retriever 0 - 好的，请继续你的下一步行动或思考。
2024-11-03 06:50:04,792 - INFO Retriever 0 - 
2024-11-03 06:50:06,200 - INFO Retriever 0 - ——————————————————————————————————————————————————————————————————————————————————————————————————————————————————————————
2024-11-03 06:50:06,200 - INFO Retriever 0 - Assistant:
2024-11-03 06:50:06,200 - INFO Retriever 0 - {
    "retrieve_keywords": {
        "keyword_list": [
            "主菜单",
            "actual",
            "Button",
            "Begin button",
            "菜单",
            "master",
            "menu",
            "按钮",
            "实际",
            "current",
            "主",
            "Commencement",
            "开始按钮",
            "Switch",
            "bill of fare",
            "开始"
        ]
    }
}
2024-11-03 06:50:06,200 - INFO Retriever 0 - 
Observer:
2024-11-03 06:50:06,200 - INFO Retriever 0 - 根据你提供的关键词，我检索到以下目录或文件，它们的绝对路径如下：


1. D:\\Unity\\Survaval\Library\PackageCache\com.unity.timeline@1.6.4\Documentation~\images\workflow_nesting_master.png
这是一个名为“workflow_nesting_master.png”的文件。

2. D:\\Unity\\Survaval\Assets\Editor Default Resources\MasterAudio\inspector_header_master_audio.png
这是一个名为“inspector_header_master_audio.png”的文件。

3. D:\\Unity\\Survaval\Assets\_MyAssets\Scenes\start_menu.unity
这是一个名为“start_menu.unity”的文件。

4. D:\\Unity\\Survaval\Library\PackageCache\com.unity.timeline@1.6.4\Documentation~\images\timeline_cog_menu.png
这是一个名为“timeline_cog_menu.png”的文件。

5. D:\\Unity\\Survaval\Library\PackageCache\com.unity.timeline@1.6.4\Documentation~\images\timeline_workflow_keyframing_menu.png
这是一个名为“timeline_workflow_keyframing_menu.png”的文件。

6. D:\\Unity\\Survaval\Library\PackageCache\com.unity.timeline@1.6.4\Documentation~\images\timeline_workflow_recorded_clip_track_menu.png
这是一个名为“timeline_workflow_recorded_clip_track_menu.png”的文件。

7. D:\\Unity\\Survaval\Library\PackageCache\com.unity.inputsystem@1.4.1\InputSystem\Plugins\Switch
这是一个名为“Switch”的文件夹。

8. D:\\Unity\\Survaval\Packages\com.unity.entities@0.17.0-preview.41\Unity.Entities\Stubs\Unity.Assertions\Assert.cs
该脚本定义了`Unity.Assertions.Assert`命名空间下的`Assert`静态类，提供了一系列断言方法，如`IsTrue`、`IsFalse`、`IsNull`、`IsNotNull`等，用于在Unity开发环境中验证条件、对象和值。这些方法首先进行本地检查，若条件不满足则调用Unity内置的断言方法，并可能附带错误消息。代码通过预处理器指令根据Unity运行时环境和断言启用状态，选择使用自定义或内置实现。


请注意，这些目录或文件可能不全都和你的任务目标相关，仅供参考。请你基于具体的文件内容概述，结合你的任务目标，认真思考分析后，优先选择最有可能与任务相关的目录或文件进行进一步的检查。
2024-11-03 06:50:06,203 - INFO Retriever 0 - 
2024-11-03 06:50:09,361 - INFO Retriever 0 - Agent主脑给出的回答为：{
    "deep_think": {
        "thoughts": "根据检索到的结果，我注意到其中一些文件和目录可能与我们的任务相关。特别是文件“start_menu.unity”似乎与“主菜单”相关，这可能是我们寻找的开始按钮代码逻辑所在的文件。接下来，我将使用read_file操作来读取“start_menu.unity”文件的内容，以确定是否包含与开始按钮逻辑相关的代码。"
    }
}
2024-11-03 06:50:09,361 - INFO Retriever 0 - 是否成功解析：True
2024-11-03 06:50:09,363 - INFO Retriever 0 - operation_type (__det_dir_action):
2024-11-03 06:50:09,363 - INFO Retriever 0 - deep_think
2024-11-03 06:50:09,363 - INFO Retriever 0 - 

——————————————————————————————————————————————————————————————————————————————————————————————————————————————————————————
2024-11-03 06:50:09,363 - INFO Retriever 0 - Assistant:
2024-11-03 06:50:09,364 - INFO Retriever 0 - {
    "deep_think": {
        "thoughts": "根据检索到的结果，我注意到其中一些文件和目录可能与我们的任务相关。特别是文件“start_menu.unity”似乎与“主菜单”相关，这可能是我们寻找的开始按钮代码逻辑所在的文件。接下来，我将使用read_file操作来读取“start_menu.unity”文件的内容，以确定是否包含与开始按钮逻辑相关的代码。"
    }
}
2024-11-03 06:50:09,364 - INFO Retriever 0 - dict_keys(['deep_think'])
2024-11-03 06:50:09,364 - INFO Retriever 0 - Agent主脑给出的行动：deep_think
参数：{'thoughts': '根据检索到的结果，我注意到其中一些文件和目录可能与我们的任务相关。特别是文件“start_menu.unity”似乎与“主菜单”相关，这可能是我们寻找的开始按钮代码逻辑所在的文件。接下来，我将使用read_file操作来读取“start_menu.unity”文件的内容，以确定是否包含与开始按钮逻辑相关的代码。', 'repeat_counter': 1, 'continue_think_counter': 1}
2024-11-03 06:50:09,364 - INFO Retriever 0 - Observer: 好的，请继续你的下一步行动或思考。
2024-11-03 06:50:09,366 - INFO Retriever 0 - 

————————————————————————————————————————————————————————————————
2024-11-03 06:50:09,366 - INFO Retriever 0 - 当前窗口总长度：11
2024-11-03 06:50:09,366 - INFO Retriever 0 - 当前更新窗口长度：2
2024-11-03 06:50:09,366 - INFO Retriever 0 - 当前更新窗口长度：2
2024-11-03 06:50:09,367 - INFO Retriever 0 - ————————————————————————————————————————————————————————————————


2024-11-03 06:50:23,828 - INFO Retriever 0 - Agent主脑给出的回答为：{
    "read_file": {
        "file_path": "D:/Unity/Survaval/Assets/_MyAssets/Scenes/start_menu.unity"
    }
}
2024-11-03 06:50:23,828 - INFO Retriever 0 - 是否成功解析：True
2024-11-03 06:50:23,828 - INFO Retriever 0 - operation_type (__det_dir_action):
2024-11-03 06:50:23,828 - INFO Retriever 0 - read_file
2024-11-03 06:50:23,828 - INFO Retriever 0 - 

——————————————————————————————————————————————————————————————————————————————————————————————————————————————————————————
2024-11-03 06:50:23,828 - INFO Retriever 0 - Assistant:
2024-11-03 06:50:23,830 - INFO Retriever 0 - {
    "read_file": {
        "file_path": "D:/Unity/Survaval/Assets/_MyAssets/Scenes/start_menu.unity"
    }
}
2024-11-03 06:50:23,830 - INFO Retriever 0 - dict_keys(['read_file'])
2024-11-03 06:50:23,830 - INFO Retriever 0 - Agent主脑给出的行动：read_file
参数：{'file_path': 'D:/Unity/Survaval/Assets/_MyAssets/Scenes/start_menu.unity', 'top_path': 'D:/Unity/Survaval\\Assets', 'return_file_sum': <bound method TreeGenerationAction.return_file_sum of <Action.tree_gen_action.TreeGenerationAction object at 0x0000020AA7F20700>>}
2024-11-03 06:50:23,832 - INFO Retriever 0 - Observer: 这是一个名为“D:/Unity/Survaval/Assets/_MyAssets/Scenes/start_menu.unity”的文件。
2024-11-03 06:50:23,833 - INFO Retriever 0 - 

————————————————————————————————————————————————————————————————
2024-11-03 06:50:23,833 - INFO Retriever 0 - 当前窗口总长度：13
2024-11-03 06:50:23,833 - INFO Retriever 0 - 当前更新窗口长度：4
2024-11-03 06:50:23,833 - INFO Retriever 0 - 当前更新窗口长度：4
2024-11-03 06:50:23,833 - INFO Retriever 0 - ————————————————————————————————————————————————————————————————


2024-11-03 06:50:26,339 - INFO Retriever 0 - Agent主脑给出的回答为：根据文件内容概述，该文件是一个Unity场景文件，其中包含了场景的设置和对象。但是，文件内容并没有直接显示与开始按钮逻辑相关的代码。因此，我需要进一步检查其他可能包含相关代码的文件。

接下来，我将使用retrieve_keywords操作，在项目顶层路径“D:/Unity/Survaval/Assets”下检索以下关键词：“Start”，“begin”，“StartGame”，“LoadGame”，“play”，“StartButton”，“BeginButton”，以寻找可能包含开始按钮逻辑的脚本文件。<|assistant|>
{
    "retrieve_keywords": {
        "keyword_list": [
            "Start",
            "begin",
            "StartGame",
            "LoadGame",
            "play",
            "StartButton",
            "BeginButton"
        ]
    }
}
2024-11-03 06:50:26,341 - INFO Retriever 0 - 是否成功解析：True
2024-11-03 06:50:26,341 - INFO Retriever 0 - operation_type (__det_dir_action):
2024-11-03 06:50:26,341 - INFO Retriever 0 - retrieve_keywords
2024-11-03 06:50:26,341 - INFO Retriever 0 - 

——————————————————————————————————————————————————————————————————————————————————————————————————————————————————————————
2024-11-03 06:50:26,341 - INFO Retriever 0 - Assistant:
2024-11-03 06:50:26,341 - INFO Retriever 0 - {
    "retrieve_keywords": {
        "keyword_list": [
            "Start",
            "begin",
            "StartGame",
            "LoadGame",
            "play",
            "StartButton",
            "BeginButton"
        ]
    }
}
2024-11-03 06:50:26,341 - INFO Retriever 0 - dict_keys(['retrieve_keywords'])
2024-11-03 06:50:26,341 - INFO Retriever 0 - Agent主脑给出的行动：retrieve_keywords
参数：{'keyword_list': ['Start', 'begin', 'StartGame', 'LoadGame', 'play', 'StartButton', 'BeginButton']}
2024-11-03 06:50:26,792 - INFO Retriever 0 - Observer: 根据你提供的关键词，我检索到以下目录或文件，它们的绝对路径如下：


1. D:\\Unity\\Survaval\Assets\_MyAssets\Scripts\Gameplay\GameplayManager.cs
`GameplayManager.cs` 文件定义了一个核心游戏管理类，继承自 `SkillDataContainer`。该类负责游戏的主要流程控制，包括游戏开始、暂停、恢复和停止，以及添加游戏物品等功能。它管理着游戏资源，如精灵列表和游戏对象，并在 `Awake` 和 `Start` 阶段初始化游戏设置。`GameplayManager` 包含多个方法，如 `CreateFlockBox` 用于创建和管理游戏环境，`StartGame`、`StopGame`、`PauseGame` 和 `ResumeGame` 用于控制游戏状态，以及 `BetterWeapon` 用于添加游戏物品。此外，它还处理玩家角色和技能数据，确保游戏数据的正确转换和存储。

2. D:\\Unity\\Survaval\Assets\_MyAssets\Scripts\UI\CurrencyUI\YouLoftUI\SaveTipPanel.cs
该脚本定义了`SaveTipPanel`类，继承自`UIBase`，负责管理游戏存档提示UI。类中包含两个按钮：`login`和`begin`，分别用于触发登录和直接开始游戏。`Awake`方法初始化按钮事件监听器，`LoginGame`和`BeginGame`方法分别处理登录和开始游戏的逻辑。`Open`方法用于打开面板，而`SetText`方法待实现。

3. D:\\Unity\\Survaval\Assets\_MyAssets\Scripts\UI\GameLaunch.cs
`GameLaunch.cs` 脚本定义了一个名为 `GameLaunch` 的 Unity 类，负责管理游戏启动过程。该类初始化音效、加载语言和SDK，并根据游戏指南状态异步加载起始菜单或战斗场景。脚本中包含对存档数据的检查和初始化，确保游戏状态正确。此外，它还负责预热着色器资源，并处理场景加载后的后续操作，如存档验证和礼包拉取，最终激活主场景。

4. D:\\Unity\\Survaval\Assets\_MyAssets\Scripts\Gameplay\GameplaySystem.cs
"GameplaySystem.cs" 是一个Unity游戏开发中的核心类，负责管理游戏中的物品、玩家等级、暂停/恢复状态以及武器和技能。该类通过ECS架构实现，包含初始化、销毁、每帧更新等功能，以处理玩家血量恢复、等级提升、宝箱开启等游戏逻辑。它还管理物品的添加与移除，包括升级和临时效果，同时支持暂停/恢复游戏以及与武器和技能相关的操作。

5. D:\\Unity\\Survaval\Assets\_MyAssets\Scripts\UI\BattleUI\BattleUIManager.cs
### 脚本概述
“BattleUIManager.cs”是Unity游戏中的UI管理类，负责战斗场景的UI元素控制，包括血条、经验条、按钮等，同时处理游戏状态变化和资源管理。

### 主要功能
- **UI管理**：集中管理游戏内UI组件，如血量、经验、时间显示等。
- **状态控制**：处理游戏暂停、设置、死亡等状态变化。
- **资源交互**：管理音频资源，如音乐播放和音量调整。
- **事件响应**：监听并响应游戏事件，如添加宝箱箭头、更新钻石数量等。

### 关键实现
- **初始化**：Awake方法负责初始化实例、设置监听器和系统。
- **UI更新**：根据游戏状态更新UI元素，如血量、经验等。
- **资源管理**：通过SetAduioSouceVolume方法调整音频音量。
- **游戏逻辑**：处理游戏逻辑，如开始游戏、显示界面、更新数据等，例如通过ChangeT……（内容过长，暂时省略）

6. D:\\Unity\\Survaval\Assets\YouLoftSDK\YouLoftLogin.cs
“YouLoftLogin.cs” 是一个Unity游戏开发环境下的C#脚本，负责用户登录和存档管理。脚本定义了多个类来处理登录结果、用户数据和存档信息。主要类包括 `YouLoftLogin`，它管理登录（支持Facebook和Google）和存档操作，并处理回调事件。脚本通过 `LoginInit` 方法初始化事件监听，提供登录和登出方法，以及存档的上传和下载功能。此外，脚本还包含序列化和反序列化JSON数据的辅助函数，以支持数据交互。

7. D:\\Unity\\Survaval\Library\PackageCache\com.unity.timeline@1.6.4\Documentation~\play_director.md
这是一个名为“play_director.md”的文件。

8. D:\\Unity\\Survaval\Library\PackageCache\com.unity.timeline@1.6.4\Documentation~\tl_play_cntrls.md
这是一个名为“tl_play_cntrls.md”的文件。


请注意，这些目录或文件可能不全都和你的任务目标相关，仅供参考。请你基于具体的文件内容概述，结合你的任务目标，认真思考分析后，优先选择最有可能与任务相关的目录或文件进行进一步的检查。
2024-11-03 06:50:26,797 - INFO Retriever 0 - 

————————————————————————————————————————————————————————————————
2024-11-03 06:50:26,797 - INFO Retriever 0 - 当前窗口总长度：15
2024-11-03 06:50:26,797 - INFO Retriever 0 - 当前更新窗口长度：6
2024-11-03 06:50:26,798 - INFO Retriever 0 - 当前更新窗口长度：6
2024-11-03 06:50:26,798 - INFO Retriever 0 - ————————————————————————————————————————————————————————————————


2024-11-03 06:50:28,392 - INFO Retriever 0 - Agent主脑给出的回答为：{
    "read_file": {
        "file_path": "D:/Unity/Survaval/Assets/_MyAssets/Scripts/UI/CurrencyUI/YouLoftUI/SaveTipPanel.cs"
    }
}
2024-11-03 06:50:28,392 - INFO Retriever 0 - 是否成功解析：True
2024-11-03 06:50:28,392 - INFO Retriever 0 - operation_type (__det_dir_action):
2024-11-03 06:50:28,392 - INFO Retriever 0 - read_file
2024-11-03 06:50:28,392 - INFO Retriever 0 - 

——————————————————————————————————————————————————————————————————————————————————————————————————————————————————————————
2024-11-03 06:50:28,392 - INFO Retriever 0 - Assistant:
2024-11-03 06:50:28,392 - INFO Retriever 0 - {
    "read_file": {
        "file_path": "D:/Unity/Survaval/Assets/_MyAssets/Scripts/UI/CurrencyUI/YouLoftUI/SaveTipPanel.cs"
    }
}
2024-11-03 06:50:28,392 - INFO Retriever 0 - dict_keys(['read_file'])
2024-11-03 06:50:28,392 - INFO Retriever 0 - Agent主脑给出的行动：read_file
参数：{'file_path': 'D:/Unity/Survaval/Assets/_MyAssets/Scripts/UI/CurrencyUI/YouLoftUI/SaveTipPanel.cs', 'top_path': 'D:/Unity/Survaval\\Assets', 'return_file_sum': <bound method TreeGenerationAction.return_file_sum of <Action.tree_gen_action.TreeGenerationAction object at 0x0000020AA7F20700>>}
2024-11-03 06:50:28,587 - INFO Retriever 0 - Observer: 这是一个名为“D:/Unity/Survaval/Assets/_MyAssets/Scripts/UI/CurrencyUI/YouLoftUI/SaveTipPanel.cs”的文件，该文件里的内容为：
由于脚本文件内容过长，暂时仅给出该脚本文件的内容总结:
- ### 总体概述
该脚本文件“SaveTipPanel.cs”定义了一个名为`SaveTipPanel`的C#类，该类继承自`UIBase`类，用于在Unity游戏开发环境中实现一个存档提示的UI面板。该面板包含两个按钮：`login`和`begin`，分别用于再次登录游戏和直接开始游戏。

### 模块和功能
- **存档提示面板**：主要功能是提供一个UI界面，用户可以选择登录游戏或直接开始游戏。

### 类和函数
- **类**：
  - `SaveTipPanel`：继承自`UIBase`，是脚本的主要类，负责管理存档提示面板的显示和交互。

- **函数**：
  - `Awake()`：在对象被实例化后立即调用，用于初始化按钮的事件监听器。
  - `Open(ShowType showType = ShowType.None, bool isLast = false)`：重写自`UIBase`类，用于打开面板，并设置显示类型。
  - `SetText()`：重写自`UIBase`类，当前未实现，可能用于设置面板文本。
  - `LoginGame()`：当用户点击登录按钮时调用，处理登录逻辑。
  - `BeginGame()`：当用户点击开始按钮时调用，直接开始游戏。

### 实现逻辑
- `Awake()`方法中，为`login`和`begin`按钮添加了事件监听器，分别对应`LoginGame`和`BeginGame`方法。
- `LoginGame()`方法中，调用`AdAndPurchase.Instance.Login`进行登录，并在成功或失败后执行相应的回调。
- `BeginGame()`方法中，直接关闭面板并设置一个标志`AdAndPurchase.youLoftTipLocalSave`为`true`，表示用户选择直接开始游戏。
2024-11-03 06:50:28,592 - INFO Retriever 0 - 

————————————————————————————————————————————————————————————————
2024-11-03 06:50:28,592 - INFO Retriever 0 - 当前窗口总长度：17
2024-11-03 06:50:28,592 - INFO Retriever 0 - 当前更新窗口长度：8
2024-11-03 06:50:28,592 - INFO Retriever 0 - 当前更新窗口长度：8
2024-11-03 06:50:28,592 - INFO Retriever 0 - ————————————————————————————————————————————————————————————————


2024-11-03 06:50:30,151 - INFO Retriever 0 - Agent主脑给出的回答为：{
    "read_file": {
        "file_path": "D:/Unity/Survaval/Assets/_MyAssets/Scripts/UI/GameLaunch.cs"
    }
}
2024-11-03 06:50:30,151 - INFO Retriever 0 - 是否成功解析：True
2024-11-03 06:50:30,152 - INFO Retriever 0 - operation_type (__det_dir_action):
2024-11-03 06:50:30,152 - INFO Retriever 0 - read_file
2024-11-03 06:50:30,152 - INFO Retriever 0 - 

——————————————————————————————————————————————————————————————————————————————————————————————————————————————————————————
2024-11-03 06:50:30,152 - INFO Retriever 0 - Assistant:
2024-11-03 06:50:30,153 - INFO Retriever 0 - {
    "read_file": {
        "file_path": "D:/Unity/Survaval/Assets/_MyAssets/Scripts/UI/GameLaunch.cs"
    }
}
2024-11-03 06:50:30,153 - INFO Retriever 0 - dict_keys(['read_file'])
2024-11-03 06:50:30,153 - INFO Retriever 0 - Agent主脑给出的行动：read_file
参数：{'file_path': 'D:/Unity/Survaval/Assets/_MyAssets/Scripts/UI/GameLaunch.cs', 'top_path': 'D:/Unity/Survaval\\Assets', 'return_file_sum': <bound method TreeGenerationAction.return_file_sum of <Action.tree_gen_action.TreeGenerationAction object at 0x0000020AA7F20700>>}
2024-11-03 06:50:30,314 - INFO Retriever 0 - Observer: 这是一个名为“D:/Unity/Survaval/Assets/_MyAssets/Scripts/UI/GameLaunch.cs”的文件，该文件里的内容为：
由于脚本文件内容过长，暂时仅给出该脚本文件的内容总结:
- ### 总体概述
- **框架和模块化结构**：该脚本是一个Unity游戏项目中的`GameLaunch`类，负责游戏的启动过程，包括初始化、加载场景、设置游戏状态等。
- **主要功能和目标**：确保游戏在启动时正确加载资源，初始化游戏设置，并准备进入主游戏场景。

### 模块和功能
- **初始化模块**：设置音量、加载语言、初始化SDK、设置登录状态等。
- **加载场景模块**：根据游戏指南状态加载起始菜单或战斗场景。
- **存档管理模块**：检查并初始化存档数据，确保游戏状态正确。
- **资源加载模块**：预热着色器资源，准备场景加载。

### 类和函数
- **类**：`GameLaunch`（主要类）
- **函数**：
  - `Awake()`：初始化函数，设置音量。
  - `Start()`：协程函数，负责游戏启动过程中的主要逻辑。
  - `PlayInitAnim()`：播放初始化动画。
  - `LoadGame()`：加载游戏。
  - `OpenPanel()`：打开加载面板。
  - `LoadAssetAsync<T>()`：异步加载资源。

### 实现逻辑
- `Awake()`：初始化音量。
- `Start()`：协程开始，初始化语言，加载SDK，处理登录，确保存档，加载游戏，设置帧率，恢复音量，预热着色器，加载场景。
- 场景加载逻辑根据游戏指南状态决定加载起始菜单或战斗场景。
- 加载完成后，进行存档验证和礼包拉取，然后激活场景。
2024-11-03 06:50:30,318 - INFO Retriever 0 - 

————————————————————————————————————————————————————————————————
2024-11-03 06:50:30,318 - INFO Retriever 0 - 当前窗口总长度：19
2024-11-03 06:50:30,319 - INFO Retriever 0 - 当前更新窗口长度：10
2024-11-03 06:50:30,319 - INFO Retriever 0 - 当前更新窗口长度：10
2024-11-03 06:50:30,319 - INFO Retriever 0 - ————————————————————————————————————————————————————————————————


2024-11-03 06:50:32,124 - INFO Retriever 0 - Agent主脑给出的回答为：{
    "read_file": {
        "file_path": "D:/Unity/Survaval/Assets/_MyAssets/Scripts/UI/CurrencyUI/YouLoftUI/SaveTipPanel.cs"
    }
}
2024-11-03 06:50:32,124 - INFO Retriever 0 - 是否成功解析：True
2024-11-03 06:50:32,124 - INFO Retriever 0 - operation_type (__det_dir_action):
2024-11-03 06:50:32,126 - INFO Retriever 0 - read_file
2024-11-03 06:50:32,126 - INFO Retriever 0 - 

——————————————————————————————————————————————————————————————————————————————————————————————————————————————————————————
2024-11-03 06:50:32,126 - INFO Retriever 0 - Assistant:
2024-11-03 06:50:32,126 - INFO Retriever 0 - {
    "read_file": {
        "file_path": "D:/Unity/Survaval/Assets/_MyAssets/Scripts/UI/CurrencyUI/YouLoftUI/SaveTipPanel.cs"
    }
}
2024-11-03 06:50:32,126 - INFO Retriever 0 - dict_keys(['read_file'])
2024-11-03 06:50:32,128 - INFO Retriever 0 - Agent主脑给出的行动：read_file
参数：{'file_path': 'D:/Unity/Survaval/Assets/_MyAssets/Scripts/UI/CurrencyUI/YouLoftUI/SaveTipPanel.cs', 'top_path': 'D:/Unity/Survaval\\Assets', 'return_file_sum': <bound method TreeGenerationAction.return_file_sum of <Action.tree_gen_action.TreeGenerationAction object at 0x0000020AA7F20700>>}
2024-11-03 06:50:32,491 - INFO Retriever 0 - Observer: 这是一个名为“D:/Unity/Survaval/Assets/_MyAssets/Scripts/UI/CurrencyUI/YouLoftUI/SaveTipPanel.cs”的文件，该文件里的内容为：
由于脚本文件内容过长，暂时仅给出该脚本文件的内容总结:
- ### 总体概述
该脚本文件“SaveTipPanel.cs”定义了一个名为`SaveTipPanel`的C#类，该类继承自`UIBase`类，用于在Unity游戏开发环境中实现一个存档提示的UI面板。该面板包含两个按钮：`login`和`begin`，分别用于再次登录游戏和直接开始游戏。

### 模块和功能
- **存档提示面板**：主要功能是提供一个UI界面，用户可以选择登录游戏或直接开始游戏。

### 类和函数
- **类**：
  - `SaveTipPanel`：继承自`UIBase`，是脚本的主要类，负责管理存档提示面板的显示和交互。

- **函数**：
  - `Awake()`：在对象被实例化后立即调用，用于初始化按钮的事件监听器。
  - `Open(ShowType showType = ShowType.None, bool isLast = false)`：重写自`UIBase`类，用于打开面板，并设置显示类型。
  - `SetText()`：重写自`UIBase`类，当前未实现，可能用于设置面板文本。
  - `LoginGame()`：当用户点击登录按钮时调用，处理登录逻辑。
  - `BeginGame()`：当用户点击开始按钮时调用，直接开始游戏。

### 实现逻辑
- `Awake()`方法中，为`login`和`begin`按钮添加了事件监听器，分别对应`LoginGame`和`BeginGame`方法。
- `LoginGame()`方法中，调用`AdAndPurchase.Instance.Login`进行登录，并在成功或失败后执行相应的回调。
- `BeginGame()`方法中，直接关闭面板并设置一个标志`AdAndPurchase.youLoftTipLocalSave`为`true`，表示用户选择直接开始游戏。
2024-11-03 06:50:32,491 - INFO Retriever 0 - 

————————————————————————————————————————————————————————————————
2024-11-03 06:50:32,491 - INFO Retriever 0 - 当前窗口总长度：21
2024-11-03 06:50:32,495 - INFO Retriever 0 - 当前更新窗口长度：12
2024-11-03 06:50:32,495 - INFO Retriever 0 - 当前更新窗口长度：12
2024-11-03 06:50:32,496 - INFO Retriever 0 - ————————————————————————————————————————————————————————————————


2024-11-03 06:50:34,675 - INFO Retriever 0 - Agent主脑给出的回答为：{
    "read_file": {
        "file_path": "D:/Unity/Survaval/Assets/_MyAssets/Scripts/UI/GameLaunch.cs"
    }
}
2024-11-03 06:50:34,675 - INFO Retriever 0 - 是否成功解析：True
2024-11-03 06:50:34,675 - INFO Retriever 0 - operation_type (__det_dir_action):
2024-11-03 06:50:34,675 - INFO Retriever 0 - read_file
2024-11-03 06:50:34,675 - INFO Retriever 0 - 

——————————————————————————————————————————————————————————————————————————————————————————————————————————————————————————
2024-11-03 06:50:34,675 - INFO Retriever 0 - Assistant:
2024-11-03 06:50:34,675 - INFO Retriever 0 - {
    "read_file": {
        "file_path": "D:/Unity/Survaval/Assets/_MyAssets/Scripts/UI/GameLaunch.cs"
    }
}
2024-11-03 06:50:34,675 - INFO Retriever 0 - dict_keys(['read_file'])
2024-11-03 06:50:34,678 - INFO Retriever 0 - Agent主脑给出的行动：read_file
参数：{'file_path': 'D:/Unity/Survaval/Assets/_MyAssets/Scripts/UI/GameLaunch.cs', 'top_path': 'D:/Unity/Survaval\\Assets', 'return_file_sum': <bound method TreeGenerationAction.return_file_sum of <Action.tree_gen_action.TreeGenerationAction object at 0x0000020AA7F20700>>}
2024-11-03 06:50:34,885 - INFO Retriever 0 - Observer: 这是一个名为“D:/Unity/Survaval/Assets/_MyAssets/Scripts/UI/GameLaunch.cs”的文件，该文件里的内容为：
由于脚本文件内容过长，暂时仅给出该脚本文件的内容总结:
- ### 总体概述
- **框架和模块化结构**：该脚本是一个Unity游戏项目中的`GameLaunch`类，负责游戏的启动过程，包括初始化、加载场景、设置游戏状态等。
- **主要功能和目标**：确保游戏在启动时正确加载资源，初始化游戏设置，并准备进入主游戏场景。

### 模块和功能
- **初始化模块**：设置音量、加载语言、初始化SDK、设置登录状态等。
- **加载场景模块**：根据游戏指南状态加载起始菜单或战斗场景。
- **存档管理模块**：检查并初始化存档数据，确保游戏状态正确。
- **资源加载模块**：预热着色器资源，准备场景加载。

### 类和函数
- **类**：`GameLaunch`（主要类）
- **函数**：
  - `Awake()`：初始化函数，设置音量。
  - `Start()`：协程函数，负责游戏启动过程中的主要逻辑。
  - `PlayInitAnim()`：播放初始化动画。
  - `LoadGame()`：加载游戏。
  - `OpenPanel()`：打开加载面板。
  - `LoadAssetAsync<T>()`：异步加载资源。

### 实现逻辑
- `Awake()`：初始化音量。
- `Start()`：协程开始，初始化语言，加载SDK，处理登录，确保存档，加载游戏，设置帧率，恢复音量，预热着色器，加载场景。
- 场景加载逻辑根据游戏指南状态决定加载起始菜单或战斗场景。
- 加载完成后，进行存档验证和礼包拉取，然后激活场景。
2024-11-03 06:50:34,890 - INFO Retriever 0 - 

————————————————————————————————————————————————————————————————
2024-11-03 06:50:34,892 - INFO Retriever 0 - 当前窗口总长度：23
2024-11-03 06:50:34,893 - INFO Retriever 0 - 当前更新窗口长度：14
2024-11-03 06:50:34,893 - INFO Retriever 0 - 当前更新窗口长度：14
2024-11-03 06:50:34,895 - INFO Retriever 0 - ————————————————————————————————————————————————————————————————


2024-11-03 06:50:36,505 - INFO Retriever 0 - Agent主脑给出的回答为：{
    "finish": "我已完成你所给出的任务需求，请你进行确认"
}
2024-11-03 06:50:36,506 - INFO Retriever 0 - 是否成功解析：True
2024-11-03 06:50:36,507 - INFO Retriever 0 - operation_type (__det_dir_action):
2024-11-03 06:50:36,507 - INFO Retriever 0 - finish
2024-11-03 06:50:36,508 - INFO Retriever 0 - 

——————————————————————————————————————————————————————————————————————————————————————————————————————————————————————————
2024-11-03 06:50:36,508 - INFO Retriever 0 - Assistant:
2024-11-03 06:50:36,508 - INFO Retriever 0 - {
    "finish": "我已完成你所给出的任务需求，请你进行确认"
}
2024-11-03 06:50:36,508 - INFO Retriever 0 - dict_keys(['finish'])
2024-11-03 06:50:36,509 - INFO Retriever 0 - ——————————————————————————————————— 任务结束 ———————————————————————————————————
2024-11-03 06:50:36,509 - INFO Retriever 0 - 

————————————————————————————————————————————————————————————————
2024-11-03 06:50:36,509 - INFO Retriever 0 - 当前窗口总长度：23
2024-11-03 06:50:36,510 - INFO Retriever 0 - 当前更新窗口长度：14
2024-11-03 06:50:36,510 - INFO Retriever 0 - 当前更新窗口长度：14
2024-11-03 06:50:36,510 - INFO Retriever 0 - ————————————————————————————————————————————————————————————————


2024-11-03 06:50:42,971 - INFO Retriever 0 - -------------------------Task Report-----------------------
2024-11-03 06:50:42,972 - INFO Retriever 0 - * 文件一：
    * 文件绝对路径：D:/Unity/Survaval/Assets/_MyAssets/Scripts/UI/CurrencyUI/YouLoftUI/SaveTipPanel.cs
    * 文件内容概述：该文件定义了一个名为`SaveTipPanel`的C#类，该类继承自`UIBase`类，用于在Unity游戏开发环境中实现一个存档提示的UI面板。该面板包含两个按钮：`login`和`begin`，分别用于再次登录游戏和直接开始游戏。`LoginGame()`方法中，调用`AdAndPurchase.Instance.Login`进行登录，并在成功或失败后执行相应的回调。`BeginGame()`方法中，直接关闭面板并设置一个标志`AdAndPurchase.youLoftTipLocalSave`为`true`，表示用户选择直接开始游戏。
    * 该文件与问题目标之间的关联性：该文件中的`BeginGame()`方法可能包含从主菜单进入实际游戏逻辑的代码，因为它直接开始游戏并设置了相应的标志。

* 文件二：
    * 文件绝对路径：D:/Unity/Survaval/Assets/_MyAssets/Scripts/UI/GameLaunch.cs
    * 文件内容概述：该文件定义了一个名为`GameLaunch`的Unity类，负责管理游戏启动过程。该类初始化音效、加载语言和SDK，并根据游戏指南状态异步加载起始菜单或战斗场景。脚本中包含对存档数据的检查和初始化，确保游戏状态正确。此外，它还负责预热着色器资源，并处理场景加载后的后续操作，如存档验证和礼包拉取，最终激活主场景。
    * 该文件与问题目标之间的关联性：该文件可能包含从主菜单进入实际游戏的逻辑，因为它负责加载起始菜单或战斗场景，这是从主菜单进入游戏的关键步骤。

* 文件三：
    * 文件绝对路径：D:/Unity/Survaval/Assets/_MyAssets/Scripts/UI/CurrencyUI/YouLoftUI/SaveTipPanel.cs
    * 文件内容概述：同文件一。
    * 该文件与问题目标之间的关联性：同文件一。

* 文件四：
    * 文件绝对路径：D:/Unity/Survaval/Assets/_MyAssets/Scripts/UI/GameLaunch.cs
    * 文件内容概述：同文件二。
    * 该文件与问题目标之间的关联性：同文件二。
2024-11-03 06:50:42,972 - INFO Retriever 0 - 
Token Consuming:67292

2024-11-03 06:50:42,972 - INFO Retriever 0 - 
history rounds:12

