2024-10-08 23:50:03,199 - INFO Retriever 0 - Init Retriever.
2024-10-08 23:50:15,396 - INFO Retriever 0 - keywords:“quantity”，“fall”，“type”，“种类”，“amount”，“goods”，“drop item”，“enemy”，“fall item”，“掉落”，“category”，“kill”，“打死”，“wipe out”，“drop”，“数量”，“item”，“掉落物品”，“敌人”，“adversary”，“物品”
2024-10-08 23:50:15,396 - INFO Retriever 0 - deep_think_conent
:在获取了项目文件的顶层结构后，我还需要结合待查询的问题描述，对于项目中的文件和目录进行一些深度关键词检索。根据任务描述：“请在D:\Unity\open-project-1-main\UOP1_Project\Assets下各级目录中寻找：敌人被打死之后，掉落物品的种类和数量设置是在什么地方”，我总结出如下可能会出现在各个文件名或者文件内容中的关键词：“quantity”，“fall”，“type”，“种类”，“amount”，“goods”，“drop item”，“enemy”，“fall item”，“掉落”，“category”，“kill”，“打死”，“wipe out”，“drop”，“数量”，“item”，“掉落物品”，“敌人”，“adversary”，“物品”。
接下来，我将使用retrieve_keywords操作，在项目顶层路径“D:\Unity\open-project-1-main\UOP1_Project\Assets”下检索这些关键词，从而大致把握可能与问题描述相关的文件或目录的路径。
2024-10-08 23:50:15,427 - INFO Retriever 0 - ——————————————————————————————————————————————————————————————————————————————————————————————————————————————————————————
2024-10-08 23:50:15,428 - INFO Retriever 0 - Assistant:
2024-10-08 23:50:15,428 - INFO Retriever 0 - {
    "deep_think": {
        "thoughts": "好的，接下来我将通过深度思考、仔细计划以及逐步执行的方式，来完成该任务。\n\n首先，在阅读详细的代码细节之前，应该先整体把握整个项目。\n\n在提供的可选的action中，可以通过get_folder_info操作，通过将项目顶层路径作为target_folder_path参数进行传入，来获取获取项目中主要文件夹和主要文件的描述，从而能够先大致把握项目文件的主要文件的文件树结构、基本内容、主要代码概述以及大致功能板块的分布。"
    }
}
2024-10-08 23:50:15,428 - INFO Retriever 0 - 
Observer:
2024-10-08 23:50:15,430 - INFO Retriever 0 - 好的，请继续你的下一步行动或思考。
2024-10-08 23:50:15,430 - INFO Retriever 0 - 
2024-10-08 23:50:15,966 - INFO Retriever 0 - ——————————————————————————————————————————————————————————————————————————————————————————————————————————————————————————
2024-10-08 23:50:15,967 - INFO Retriever 0 - Assistant:
2024-10-08 23:50:15,967 - INFO Retriever 0 - {
    "get_folder_info": {
        "target_folder_path": "D:\\Unity\\open-project-1-main\\UOP1_Project\\Assets"
    }
}
2024-10-08 23:50:15,968 - INFO Retriever 0 - 
Observer:
2024-10-08 23:50:15,969 - INFO Retriever 0 - 目标文件夹路径：D:\Unity\open-project-1-main\UOP1_Project\Assets
文件结构树（该结构树可能不完整，仅返回深度小于等于1层的子文件以及文件夹）：
├── .DS_Store
├── Addons
│   ├── DOTween
│   ├── TextMeshPro
├── AddressableAssetsData
│   ├── AddressableAssetSettings.asset
│   ├── AssetGroupTemplates
│   ├── AssetGroups
│   ├── DataBuilders
│   ├── DefaultObject.asset
│   ├── Windows
├── Art
│   ├── Accessories
│   ├── Characters
│   ...
│   ├── UI
├── Audio
│   ├── Music
│   ├── SFX
├── Cutscenes
│   ├── AudioTests.playable
│   ├── BeachCandyCutscene.playable
│   ...
│   ├── TownCutscene.playable
├── LocalizationFiles
│   ├── .DS_Store
│   ├── AssetTables
│   ├── GoogleSheetService_ChopChop.asset
│   ├── Locales
│   ├── LocalizationSettings.asset
├── Prefabs
│   ├── Accessories
│   ├── Audio
│   ...
│   ├── _SceneChunks
├── ProBuilder Data
│   ├── Default Color Palette.asset
│   ├── Default Material Palette.asset
├── Scenes
│   ├── Examples
│   ├── Locations
│   ├── Managers
│   ├── Menus
│   ├── WIP
│   ├── Whiteboxing
├── ScriptableObjects
│   ├── Audio
│   ├── Configs
│   ...
│   ├── StateMachine
├── Scripts
│   ├── Animation
│   ├── Audio
│   ...
│   ├── UI
├── Settings
│   ├── Audio
│   ├── Graphics
│   ├── Input
│   ├── LightBakingSettings
│   ├── Presets
├── Shaders
│   ├── AggroEffect.shadergraph
│   ├── CustomHLSL
│   ...
│   ├── Water_Sea.shadergraph
├── TextData
│   ├── ContributorsList.txt
├── Tutorials
│   ├── Icons
│   ├── Images
│   ├── TutorialProjectSettings.asset
│   ├── TutorialWelcomePage.asset
│   ├── Tutorials.asset
├── WIP
│   ├── Materials
│   ├── Prefabs
│   ├── SourceFiles
│   ├── Textures


其中，部分主要文件及文件夹的信息如下：
1. Assets
# 路径:D:/Unity/open-project-1-main/UOP1_Project\Assets
# 内容概述:“Assets”文件夹汇集了Unity游戏开发所需的多种资源，包括动画、文本处理、音频、艺术资产、场景和脚本等。其中，“Addons”子文件夹提供了DOTween和TextMeshPro等插件，分别用于动画和文本渲染；“AddressableAssetsData”则专注于资源管理和配置；“Art”包含3D模型、动画和视觉效果等创意资源；“Audio”提供背景音乐和声音效果；“Cutscenes”包含剧情相关文件；“LocalizationFiles”支持多语言本地化；“Prefabs”提供可复用的游戏对象；“Scenes”涉及场景设计和导航；“ScriptableObjects”存储游戏配置；“Scripts”包含脚本文件；“Settings”管理音频、图形和输入设置；“Shaders”提供自定义着色器；“TextData”记录项目贡献者；“Tutorials”提供开发指导；“WIP”存放开发中的资源。整体上，这些文件夹和文件协同工作，构成了一个完整且功能丰富的游戏开发环境。

2. Addons
# 路径:D:/Unity/open-project-1-main/UOP1_Project\Assets\Addons
# 内容概述:“Addons”文件夹汇集了两个Unity插件：DOTween和TextMeshPro。DOTween提供全面的动画和缓动解决方案，包含编辑器工具和模块化脚本，旨在增强Unity中的动画效果。TextMeshPro则专注于文本渲染和视觉效果，提供丰富的字体资源、样式表和表情符号，以丰富游戏中的文本显示。两个插件均附有详细的使用说明和许可协议，旨在为Unity开发者提供高效的内容创作工具。

3. AddressableAssetsData
# 路径:D:/Unity/open-project-1-main/UOP1_Project\Assets\AddressableAssetsData
# 内容概述:### 简化版文件夹内容总结

“AddressableAssetsData”文件夹是Unity游戏开发的核心资源管理区域，汇集了资源打包模板、详细配置文件、脚本组件以及操作系统相关状态文件。它包括资源管理模板（AssetGroupTemplates）、资源与场景管理配置（AssetGroups）、脚本配置（DataBuilders）、操作系统资源状态文件（Windows和OSX），以及可寻址资源设置（AddressableAssetSettings.asset）和默认对象配置（DefaultObject.asset）。这些文件和文件夹协同工作，确保了游戏资源的有效管理和优化。

4. Art
# 路径:D:/Unity/open-project-1-main/UOP1_Project\Assets\Art
# 内容概述:“Art”文件夹汇集了丰富多样的创意资源，包括3D模型、动画、字体、视觉效果和用户界面设计等，适用于游戏开发、动画制作和视觉设计。其中，**Accessories** 和 **Characters** 提供了丰富的角色和道具模型，**Effects** 包含了用于特效制作的资源，**Font** 提供了字体设计和智能合约代码，**Items** 和 **Nature** 则专注于游戏和动画中的物品和自然景观设计。此外，**Materials**、**Skybox**、**Textures** 和 **UI** 分别提供了材质、环境纹理、用户界面元素等，共同构成了一个全面的艺术资源库。

5. Audio
# 路径:D:/Unity/open-project-1-main/UOP1_Project\Assets\Audio
# 内容概述:“Audio”文件夹汇集了音乐与声音效果两大类资源。其中，“Music”子文件夹专注于为游戏或多媒体项目中的不同场景提供定制背景音乐，包括海滩、森林、城镇等，以及一系列主题音乐和暂停菜单音乐。而“SFX”子文件夹则包含了丰富的声音效果，涵盖角色动作、厨房环境以及界面交互等，旨在增强多媒体项目的沉浸感和互动性。这两个子文件夹的资源相互配合，共同构建了项目的音频环境。

6. Cutscenes
# 路径:D:/Unity/open-project-1-main/UOP1_Project\Assets\Cutscenes
# 内容概述:### 文件夹内容总结

“Cutscenes”文件夹汇集了多种游戏剧情相关的可播放文件，包括海滩、镇子等场景的剧情片段，如开场、游戏结束等。这些文件与“Signals”文件夹中的信号文件协同工作，共同构建游戏的故事情节和动态事件。

7. LocalizationFiles
# 路径:D:/Unity/open-project-1-main/UOP1_Project\Assets\LocalizationFiles
# 内容概述:### 文件夹内容总结

“LocalizationFiles”文件夹汇集了Unity游戏开发所需的本地化资源和配置文件。其中，.DS_Store文件负责Mac系统文件夹个性化设置，而“Locales”子文件夹内包含多语言本地化资产，如英文、法语和意大利语设置。此外，GoogleSheetService_ChopChop.asset脚本组件用于与Google Sheets服务集成，而LocalizationSettings.asset则定义了游戏的本地化设置和格式化规则，确保游戏在不同语言环境下的正确显示。这些文件共同支撑起游戏的多语言功能和数据管理。

8. Prefabs
# 路径:D:/Unity/open-project-1-main/UOP1_Project\Assets\Prefabs
# 内容概述:“Prefabs”文件夹汇集了多样化的预制资源，专为游戏和虚拟现实项目设计。它包含角色装饰、音频管理、NPC与场景构建、动画场景、可收集物品、编辑器工具、视觉效果、食物与家具模型、UI界面、独特场景元素等预制件，旨在加速游戏开发流程，丰富游戏世界和角色设定，同时确保视觉和交互体验的丰富性。

9. ProBuilder Data
# 路径:D:/Unity/open-project-1-main/UOP1_Project\Assets\ProBuilder Data
# 内容概述:“ProBuilder Data”文件夹汇集了两个Unity游戏引擎相关资产文件：一个是“Default Color Palette.asset”，定义了15种默认颜色调色板，供游戏界面和视觉效果使用；另一个是“Default Material Palette.asset”，包含一个Unity材质调色板脚本组件，可能用于存储和应用颜色配置。这两个文件共同服务于游戏视觉设计。

10. Scenes
# 路径:D:/Unity/open-project-1-main/UOP1_Project\Assets\Scenes
# 内容概述:“Scenes”文件夹是Unity游戏开发的核心资源库，汇集了多样化的场景设计元素。其中，“Examples”展示了场景导航网络示例，“Locations”提供了多种场景的光照、反射和导航数据，“Menus”则专注于游戏菜单的光照效果。此外，“WIP”包含正在开发中的场景照明和导航设置，而“Whiteboxing”则涵盖了城镇景观和地图构建资源。整体上，这些文件夹相互关联，共同构建了游戏世界的视觉和功能框架。遗憾的是，“Managers”文件夹的具体内容尚未明确，其关联性分析有待进一步信息。

11. ScriptableObjects
# 路径:D:/Unity/open-project-1-main/UOP1_Project\Assets\ScriptableObjects
# 内容概述:“ScriptableObjects”文件夹是Unity游戏项目的核心配置中心，汇集了音频、游戏机制、对话、事件通道、游戏状态、输入管理、交互、库存、物品类型、路径、任务、运行时锚点、保存系统、场景数据和状态机等关键组件的配置文件。这些文件相互关联，共同支撑起游戏的基本机制和玩家体验，确保了从音效到游戏逻辑的每一部分都能无缝协作，为玩家提供连贯且丰富的游戏体验。

12. Scripts
# 路径:D:/Unity/open-project-1-main/UOP1_Project\Assets\Scripts
# 内容概述:“Scripts”文件夹是Unity游戏开发的核心，汇集了动画控制、音频管理、角色行为、摄像机操作、场景管理等关键脚本，旨在构建流畅的游戏体验。它还包含了对话系统、库存管理、用户界面、输入处理、交互逻辑等脚本，确保游戏交互丰富且直观。此外，文件夹内还涵盖了保存系统、状态机、系统设置、本地化工具以及编辑器辅助工具，以支持高效的游戏开发和资源管理。这些脚本相互协作，共同构成了一个功能全面、结构清晰的游戏开发框架。

13. Settings
# 路径:D:/Unity/open-project-1-main/UOP1_Project\Assets\Settings
# 内容概述:“Settings”文件夹汇集了游戏开发的关键配置文件，包括音频混合器设置、图形渲染和视觉效果配置、输入系统定义、光照烘焙参数以及预设导入设置。这些子文件夹（Audio、Graphics、Input、LightBakingSettings、Presets）分别针对音频处理、视觉效果、玩家交互、光照效果优化和文件导入优化，确保游戏在音效、视觉、操作和性能上的高质量体验。

14. Shaders
# 路径:D:/Unity/open-project-1-main/UOP1_Project\Assets\Shaders
# 内容概述:“Shaders”文件夹汇集了多种图形渲染和视觉效果资源，包括自定义着色器代码（如CustomHLSL中的自定义光照效果）、调试工具（如Debug文件夹中的顶点着色器调试）、以及一系列子图文件（如SubGraphs中的多种视觉效果子图）。此外，Unused文件夹包含了未使用的Unity项目资源，如自定义渲染脚本、水效果和ShaderGraph编辑文件。这些资源共同服务于图形渲染和视觉效果的开发，适用于游戏和视觉效果制作。

15. TextData
# 路径:D:/Unity/open-project-1-main/UOP1_Project\Assets\TextData
# 内容概述:“TextData”文件夹专注于存储项目贡献者信息，其中包含一个名为“ContributorsList.txt”的文件，记录了项目开发者和艺术家的名单及其角色。

16. Tutorials
# 路径:D:/Unity/open-project-1-main/UOP1_Project\Assets\Tutorials
# 内容概述:“Tutorials”文件夹汇集了Unity游戏开发的丰富资源，包括图标和图像设计文件，用于界面视觉元素。其中，**TutorialProjectSettings.asset** 配置了教程项目的初始场景和相机设置，而**TutorialWelcomePage.asset** 则创建了项目欢迎页面，介绍“Chop Chop”游戏并引导用户。此外，**Tutorials.asset** 提供了教程页面的详细配置，涵盖项目资源获取、讨论论坛、开发日志等，为开发者提供了全面的学习和参与途径。这些文件共同构成了一个完整的教学和资源支持体系，旨在辅助开发者深入学习和实践Unity游戏开发。

17. WIP
# 路径:D:/Unity/open-project-1-main/UOP1_Project\Assets\WIP
# 内容概述:“WIP”文件夹汇集了游戏开发所需的多媒体资源，包括用于场景设计的材质（如草地、天空盒等），预制体组件（如菜单、物体），以及图像素材和纹理（如国旗、地图纹理）。这些资源相互关联，共同构成了游戏世界的视觉和交互基础。

18. .DS_Store
# 路径:D:/Unity/open-project-1-main/UOP1_Project\Assets\.DS_Store
# 内容概述:这是一个名为“.DS_Store”的文件。


2024-10-08 23:50:15,974 - INFO Retriever 0 - 
2024-10-08 23:50:15,975 - INFO Retriever 0 - ——————————————————————————————————————————————————————————————————————————————————————————————————————————————————————————
2024-10-08 23:50:15,976 - INFO Retriever 0 - Assistant:
2024-10-08 23:50:15,978 - INFO Retriever 0 - {
    "deep_think": {
        "thoughts": "在获取了项目文件的顶层结构后，我还需要结合待查询的问题描述，对于项目中的文件和目录进行一些深度关键词检索。根据任务描述：“请在D:\\Unity\\open-project-1-main\\UOP1_Project\\Assets下各级目录中寻找：敌人被打死之后，掉落物品的种类和数量设置是在什么地方”，我总结出如下可能会出现在各个文件名或者文件内容中的关键词：“quantity”，“fall”，“type”，“种类”，“amount”，“goods”，“drop item”，“enemy”，“fall item”，“掉落”，“category”，“kill”，“打死”，“wipe out”，“drop”，“数量”，“item”，“掉落物品”，“敌人”，“adversary”，“物品”。\n接下来，我将使用retrieve_keywords操作，在项目顶层路径“D:\\Unity\\open-project-1-main\\UOP1_Project\\Assets”下检索这些关键词，从而大致把握可能与问题描述相关的文件或目录的路径。"
    }
}
2024-10-08 23:50:15,980 - INFO Retriever 0 - 
Observer:
2024-10-08 23:50:15,980 - INFO Retriever 0 - 好的，请继续你的下一步行动或思考。
2024-10-08 23:50:15,982 - INFO Retriever 0 - 
2024-10-08 23:50:23,753 - INFO Retriever 0 - ——————————————————————————————————————————————————————————————————————————————————————————————————————————————————————————
2024-10-08 23:50:23,753 - INFO Retriever 0 - Assistant:
2024-10-08 23:50:23,755 - INFO Retriever 0 - {
    "retrieve_keywords": {
        "top_path": "D:\\Unity\\open-project-1-main\\UOP1_Project\\Assets",
        "key_word_list": [
            "quantity",
            "fall",
            "type",
            "种类",
            "amount",
            "goods",
            "drop item",
            "enemy",
            "fall item",
            "掉落",
            "category",
            "kill",
            "打死",
            "wipe out",
            "drop",
            "数量",
            "item",
            "掉落物品",
            "敌人",
            "adversary",
            "物品"
        ]
    }
}
2024-10-08 23:50:23,755 - INFO Retriever 0 - 
Observer:
2024-10-08 23:50:23,755 - INFO Retriever 0 - 根据你提供的关键词，我检索到以下目录或文件，它们的绝对路径如下：
1. D:\Unity\open-project-1-main\UOP1_Project\Assets\LocalizationFiles
### 文件夹内容总结
“LocalizationFiles”文件夹汇集了Unity游戏开发所需的本地化资源和配置文件。其中，.DS_Store文件负责Mac系统文件夹个性化设置，而“Locales”子文件夹内包含多语言本地化资产，如英文、法语和意大利语设置。此外，GoogleSheetService_ChopChop.asset脚本组件用于与Google Sheets服务集成，而LocalizationSettings.asset则定义了游戏的本地化设置和格式化规则，确保游戏在不同语言环境下的正确显示。这些文件共同支撑起游戏的多语言功能和数据管理。

2. D:\Unity\open-project-1-main\UOP1_Project\Assets\ScriptableObjects\StateMachine
### 文件夹内容精简总结
“StateMachine”文件夹汇集了Unity游戏开发的核心资源，包括角色行为脚本（如Critters）、游戏状态管理（GameState）、NPC行为逻辑（NPCs）以及主角动作与状态管理（Protagonist）。这些资源协同工作，构建了游戏的角色行为、状态转换和整体逻辑，确保了游戏体验的连贯性和丰富性。此外，还包括了如AlwaysFalseCondition.asset这样的特殊脚本配置，用于实现特定的游戏逻辑功能。

3. D:\Unity\open-project-1-main\UOP1_Project\Assets\Scripts\UI
“UI”文件夹汇集了Unity游戏开发中用于构建和管理用户界面的关键脚本。它涵盖了对话系统、库存管理、设置界面、加载界面、信用屏幕、通用按钮、健康条、心形显示、交互面板、主菜单、暂停界面、弹窗以及旋转动画等多个方面。这些脚本通过事件和函数调用相互协作，确保了游戏UI的完整性和交互性，共同构成了游戏流程中的关键用户界面元素。

4. D:\Unity\open-project-1-main\UOP1_Project\Assets\Addons\TextMeshPro\Resources
“Resources”文件夹汇集了Unity游戏开发所需的关键资源，包括字体与材质（如LiberationSans SDF字体及其相关材质），着色器（用于图形渲染和视觉效果，与TextMeshPro插件紧密相关），精灵资产（如表情符号配置），以及样式表（定义游戏内文本样式）。此外，还包含文本换行控制字符列表和TextMeshPro组件的详细配置文件，确保文本渲染、图形效果和样式的一致性与精确性。

5. D:\Unity\open-project-1-main\UOP1_Project\Assets\Scripts\Inventory
### 文件夹内容总结
“Inventory”文件夹汇集了Unity游戏开发中用于管理游戏内物品、库存、食谱和类型数据的脚本。核心脚本包括定义库存、物品类型、食谱和本地化信息的ScriptableObject类，以及处理可收集物品动画和状态的CollectableItem类。InventoryManager类负责库存管理，包括物品的增减和事件监听。此外，ItemInstance和ItemPicker类分别提供对物品实例的访问和选择项目的能力，而ItemStack类用于表示和管理物品堆叠。这些脚本相互协作，共同构建了一个模块化和可扩展的游戏内容管理系统。

6. D:\Unity\open-project-1-main\UOP1_Project\Assets\ScriptableObjects\Audio
“Audio”文件夹是Unity游戏引擎的音频资源中心，汇集了音频配置文件和实际音频资源。其中，AudioConfigurations子文件夹包含音效、音乐和UI音效的详细配置，如3D音效、火炬音效等。AudioCues子文件夹则存放了针对不同场景和角色的音频资源，包括音乐和音效。此外，SoundEmitterFactory和SoundEmitterPool资产文件分别管理声音发射器的创建和对象池，优化音频播放性能。整体而言，这些文件共同构建了游戏丰富的音频体验。

7. D:\Unity\open-project-1-main\UOP1_Project\Assets\Scripts\EditorTools\Editor
“CustomBaseEditor.cs”文件夹内包含的Unity编辑器扩展脚本，通过继承自`Editor`类，为Unity编辑器界面提供了自定义功能。其中，`CustomBaseEditor`类特别定义了`DrawNonEditableScriptReference<T>`方法，用于绘制不可编辑的脚本引用字段，简化了编辑器界面的自定义过程。

8. D:\Unity\open-project-1-main\UOP1_Project\Assets\Art\Font\Baloo_Tammudu_2
### 文件夹内容概要
“Baloo_Tammudu_2”文件夹汇集了加密货币交易智能合约代码（以Solidity语言编写）和Baloo Tammudu系列字体文件（包括不同粗细的字体样式），同时包含SIL Open Font License（OFL）协议，规范了字体的使用与分发。智能合约代码可能涉及与数字货币相关的操作，而字体文件则遵循OFL许可协议。

9. D:\Unity\open-project-1-main\UOP1_Project\Assets\AddressableAssetsData
### 简化版文件夹内容总结
“AddressableAssetsData”文件夹是Unity游戏开发的核心资源管理区域，汇集了资源打包模板、详细配置文件、脚本组件以及操作系统相关状态文件。它包括资源管理模板（AssetGroupTemplates）、资源与场景管理配置（AssetGroups）、脚本配置（DataBuilders）、操作系统资源状态文件（Windows和OSX），以及可寻址资源设置（AddressableAssetSettings.asset）和默认对象配置（DefaultObject.asset）。这些文件和文件夹协同工作，确保了游戏资源的有效管理和优化。

10. D:\Unity\open-project-1-main\UOP1_Project\Assets\ScriptableObjects\Inventory\Items\QuestItems
### 文件夹内容总结
“QuestItems”文件夹汇集了Unity游戏开发中用于定义和配置游戏内物品、食谱和脚本组件的文件。文件夹内包含多个资产配置文件，如“CakeWithRockCandy_Dish.asset”定义了蛋糕的属性，“RockCandy_Recipe.asset”则描述了制作糖果的配方。此外，还有如“GoldenEgg.asset”和“Onion.asset”等脚本组件配置文件，它们定义了游戏对象的属性和行为。这些文件之间相互关联，共同构成了游戏中的物品系统，包括它们的制作过程、外观和功能。

请注意，这些目录或文件可能不全都和你的任务目标相关，仅供参考。请你基于具体的文件内容概述，结合你的任务目标，认真思考分析后，优先选择最有可能与任务相关的目录或文件进行进一步的检查。
2024-10-08 23:50:23,756 - INFO Retriever 0 - 
2024-10-08 23:50:28,836 - INFO Retriever 0 - Agent主脑给出的回答为：{
    "deep_think": {
        "thoughts": "根据检索到的关键词，我注意到几个文件夹可能与敌人被打死后掉落物品的种类和数量设置相关。特别是“Inventory”文件夹，它涉及到游戏内物品的管理，包括物品的类型和数量。另外，“ScriptableObjects”文件夹中的“StateMachine”子文件夹也可能包含与敌人行为和掉落物品相关的脚本。我将优先检查这些文件夹中的文件，以确定是否包含与敌人掉落物品相关的设置。"
    }
}
2024-10-08 23:50:28,836 - INFO Retriever 0 - 是否成功解析：True
2024-10-08 23:50:28,836 - INFO Retriever 0 - operation_type (__det_dir_action):
2024-10-08 23:50:28,837 - INFO Retriever 0 - deep_think
2024-10-08 23:50:28,837 - INFO Retriever 0 - 

——————————————————————————————————————————————————————————————————————————————————————————————————————————————————————————
2024-10-08 23:50:28,837 - INFO Retriever 0 - Assistant:
2024-10-08 23:50:28,837 - INFO Retriever 0 - {
    "deep_think": {
        "thoughts": "根据检索到的关键词，我注意到几个文件夹可能与敌人被打死后掉落物品的种类和数量设置相关。特别是“Inventory”文件夹，它涉及到游戏内物品的管理，包括物品的类型和数量。另外，“ScriptableObjects”文件夹中的“StateMachine”子文件夹也可能包含与敌人行为和掉落物品相关的脚本。我将优先检查这些文件夹中的文件，以确定是否包含与敌人掉落物品相关的设置。"
    }
}
2024-10-08 23:50:28,837 - INFO Retriever 0 - dict_keys(['deep_think'])
2024-10-08 23:50:28,839 - INFO Retriever 0 - Agent主脑给出的行动：deep_think
参数：{'thoughts': '根据检索到的关键词，我注意到几个文件夹可能与敌人被打死后掉落物品的种类和数量设置相关。特别是“Inventory”文件夹，它涉及到游戏内物品的管理，包括物品的类型和数量。另外，“ScriptableObjects”文件夹中的“StateMachine”子文件夹也可能包含与敌人行为和掉落物品相关的脚本。我将优先检查这些文件夹中的文件，以确定是否包含与敌人掉落物品相关的设置。', 'repeat_counter': 1, 'continue_think_counter': 1}
2024-10-08 23:50:28,839 - INFO Retriever 0 - Observer: 好的，请继续你的下一步行动或思考。
2024-10-08 23:50:32,272 - INFO Retriever 0 - Agent主脑给出的回答为：{
    "read_file": {
        "file_path": "D:\\Unity\\open-project-1-main\\UOP1_Project\\Assets\\Scripts\\Inventory\\InventoryManager.cs"
    }
}
2024-10-08 23:50:32,272 - INFO Retriever 0 - 是否成功解析：True
2024-10-08 23:50:32,272 - INFO Retriever 0 - operation_type (__det_dir_action):
2024-10-08 23:50:32,272 - INFO Retriever 0 - read_file
2024-10-08 23:50:32,273 - INFO Retriever 0 - 

——————————————————————————————————————————————————————————————————————————————————————————————————————————————————————————
2024-10-08 23:50:32,274 - INFO Retriever 0 - Assistant:
2024-10-08 23:50:32,274 - INFO Retriever 0 - {
    "read_file": {
        "file_path": "D:\\Unity\\open-project-1-main\\UOP1_Project\\Assets\\Scripts\\Inventory\\InventoryManager.cs"
    }
}
2024-10-08 23:50:32,274 - INFO Retriever 0 - dict_keys(['read_file'])
2024-10-08 23:50:32,275 - INFO Retriever 0 - Agent主脑给出的行动：read_file
参数：{'file_path': 'D:\\Unity\\open-project-1-main\\UOP1_Project\\Assets\\Scripts\\Inventory\\InventoryManager.cs', 'top_path': 'D:\\Unity\\open-project-1-main\\UOP1_Project\\Assets', 'return_file_sum': <bound method TreeGenerationAction.return_file_sum of <Action.tree_gen_action.TreeGenerationAction object at 0x000001C8FA38F100>>}
2024-10-08 23:50:32,315 - INFO Retriever 0 - Observer: 这是一个名为“InventoryManager.cs”的文件，该文件里的内容为：
由于脚本文件内容过长，暂时仅给出该脚本文件的内容总结:
- ### 总体概述
- **框架和模块化结构**：该脚本是一个Unity游戏中的InventoryManager类，负责管理游戏内的物品库存。
- **主要功能和目标**：脚本的主要目标是处理物品的添加、移除、使用、装备等事件，并确保库存数据在每次更改后保存到磁盘。

### 模块和功能
- **事件监听**：脚本监听多个事件，如烹饪、使用、装备物品等，并在事件发生时执行相应的操作。
- **库存管理**：处理物品的增减，并确保库存数据与UI保持同步。

### 类和函数
- **InventoryManager**：主类，继承自`MonoBehaviour`，负责库存管理。
  - `_currentInventory`：当前库存。
  - `_saveSystem`：保存系统，用于将数据保存到磁盘。
  - `_cookRecipeEvent`、`_useItemEvent`等：事件通道，用于监听不同类型的物品事件。

### 实现逻辑
- **事件处理**：`OnEnable`和`OnDisable`方法用于注册和注销事件监听器。
- **物品操作**：`AddItem`、`AddItemStack`、`RemoveItem`等函数用于添加和移除物品。
- **烹饪事件**：`CookRecipeEventRaised`处理烹饪事件，包括移除所需材料并添加结果。
- **使用事件**：`UseItemEventRaised`处理使用物品事件，调用`RemoveItem`。
- **装备事件**：`EquipItemEventRaised`为装备物品事件预留，目前为空函数。
2024-10-08 23:50:34,415 - INFO Retriever 0 - Agent主脑给出的回答为：{
    "deep_think": {
        "thoughts": "虽然InventoryManager.cs文件包含了库存管理的主要逻辑，但它没有直接涉及敌人被打死后掉落物品的种类和数量设置。我需要继续检查其他可能包含相关设置的文件。考虑到敌人掉落物品可能是一个特定的事件，我接下来将检查ScriptableObjects文件夹中的StateMachine文件夹，看看是否有任何脚本与敌人行为和状态转换相关。"
    }
}
2024-10-08 23:50:34,416 - INFO Retriever 0 - 是否成功解析：True
2024-10-08 23:50:34,416 - INFO Retriever 0 - operation_type (__det_dir_action):
2024-10-08 23:50:34,417 - INFO Retriever 0 - deep_think
2024-10-08 23:50:34,417 - INFO Retriever 0 - 

——————————————————————————————————————————————————————————————————————————————————————————————————————————————————————————
2024-10-08 23:50:34,417 - INFO Retriever 0 - Assistant:
2024-10-08 23:50:34,417 - INFO Retriever 0 - {
    "deep_think": {
        "thoughts": "虽然InventoryManager.cs文件包含了库存管理的主要逻辑，但它没有直接涉及敌人被打死后掉落物品的种类和数量设置。我需要继续检查其他可能包含相关设置的文件。考虑到敌人掉落物品可能是一个特定的事件，我接下来将检查ScriptableObjects文件夹中的StateMachine文件夹，看看是否有任何脚本与敌人行为和状态转换相关。"
    }
}
2024-10-08 23:50:34,417 - INFO Retriever 0 - dict_keys(['deep_think'])
2024-10-08 23:50:34,418 - INFO Retriever 0 - Agent主脑给出的行动：deep_think
参数：{'thoughts': '虽然InventoryManager.cs文件包含了库存管理的主要逻辑，但它没有直接涉及敌人被打死后掉落物品的种类和数量设置。我需要继续检查其他可能包含相关设置的文件。考虑到敌人掉落物品可能是一个特定的事件，我接下来将检查ScriptableObjects文件夹中的StateMachine文件夹，看看是否有任何脚本与敌人行为和状态转换相关。', 'repeat_counter': 1, 'continue_think_counter': 1}
2024-10-08 23:50:34,418 - INFO Retriever 0 - Observer: 好的，请继续你的下一步行动或思考。
2024-10-08 23:50:36,594 - INFO Retriever 0 - Agent主脑给出的回答为：{
    "get_folder_info": {
        "target_folder_path": "D:\\Unity\\open-project-1-main\\UOP1_Project\\Assets\\ScriptableObjects\\StateMachine"
    }
}
2024-10-08 23:50:36,594 - INFO Retriever 0 - 是否成功解析：True
2024-10-08 23:50:36,594 - INFO Retriever 0 - operation_type (__det_dir_action):
2024-10-08 23:50:36,595 - INFO Retriever 0 - get_folder_info
2024-10-08 23:50:36,595 - INFO Retriever 0 - 

——————————————————————————————————————————————————————————————————————————————————————————————————————————————————————————
2024-10-08 23:50:36,595 - INFO Retriever 0 - Assistant:
2024-10-08 23:50:36,595 - INFO Retriever 0 - {
    "get_folder_info": {
        "target_folder_path": "D:\\Unity\\open-project-1-main\\UOP1_Project\\Assets\\ScriptableObjects\\StateMachine"
    }
}
2024-10-08 23:50:36,596 - INFO Retriever 0 - dict_keys(['get_folder_info'])
2024-10-08 23:50:36,596 - INFO Retriever 0 - Agent主脑给出的行动：get_folder_info
参数：{'target_folder_path': 'D:\\Unity\\open-project-1-main\\UOP1_Project\\Assets\\ScriptableObjects\\StateMachine'}
2024-10-08 23:50:36,637 - INFO Retriever 0 - Observer: 目标文件夹路径：D:\Unity\open-project-1-main\UOP1_Project\Assets\ScriptableObjects\StateMachine
文件结构树（该结构树可能不完整，仅返回深度小于等于1层的子文件以及文件夹）：
├── AlwaysFalseCondition.asset
├── Critters
│   ├── Actions
│   ├── Conditions
│   ├── PlantCritter
│   ├── SlimeRockCritter
├── GameState
│   ├── Actions
│   ├── Conditions
├── NPCs
│   ├── BardHare
│   ├── LegendaryChef
│   ├── Shared
│   ├── Townsfolk
├── Protagonist
│   ├── Actions
│   ├── Conditions
│   ├── PigChef_TransitionTable.asset
│   ├── States


其中，部分主要文件及文件夹的信息如下：
1. StateMachine
# 路径:D:/Unity/open-project-1-main/UOP1_Project\Assets\ScriptableObjects\StateMachine
# 内容概述:### 文件夹内容精简总结

“StateMachine”文件夹汇集了Unity游戏开发的核心资源，包括角色行为脚本（如Critters）、游戏状态管理（GameState）、NPC行为逻辑（NPCs）以及主角动作与状态管理（Protagonist）。这些资源协同工作，构建了游戏的角色行为、状态转换和整体逻辑，确保了游戏体验的连贯性和丰富性。此外，还包括了如AlwaysFalseCondition.asset这样的特殊脚本配置，用于实现特定的游戏逻辑功能。

2. Critters
# 路径:D:/Unity/open-project-1-main/UOP1_Project\Assets\ScriptableObjects\StateMachine\Critters
# 内容概述:### 文件夹内容总结

“Critters”文件夹汇集了Unity游戏开发的脚本资源和配置文件，专注于角色行为和游戏逻辑。它包含动作控制脚本，如攻击和移动，以及状态转换和事件触发脚本，如击中和警报。此外，文件夹还细分了针对植物、粘液岩怪和NPC的特定行为管理，包括植物攻击、NPC导航和怪物状态。这些资源共同构成了游戏角色的动态行为和交互，确保了游戏逻辑的连贯性和丰富性。

3. GameState
# 路径:D:/Unity/open-project-1-main/UOP1_Project\Assets\ScriptableObjects\StateMachine\GameState
# 内容概述:“GameState”文件夹汇集了Unity游戏开发中用于管理游戏状态的关键脚本资产。其中，“Actions”子文件夹包含触发状态转换的脚本，如战斗和游戏玩法状态的进入与退出；而“Conditions”子文件夹则专注于检测游戏状态，如是否处于战斗或暂停状态。这些资产协同工作，通过游戏状态对象（GameStateSO）确保游戏状态转换和检测的准确性与一致性。

4. NPCs
# 路径:D:/Unity/open-project-1-main/UOP1_Project\Assets\ScriptableObjects\StateMachine\NPCs
# 内容概述:“NPCs”文件夹是Unity游戏开发的核心资源集，汇集了NPC行为、动画和状态转换的脚本与配置。它包含四个主要子文件夹：**BardHare**负责角色跳跃动画，**LegendaryChef**管理状态机配置，**Shared**提供角色行为和交互工具，而**Townsfolk**则专注于NPC的动画、行为和状态管理。这些子文件夹中的文件协同定义了NPC的行为逻辑和状态转换规则，确保NPC在游戏中的表现既自然又丰富。

5. Protagonist
# 路径:D:/Unity/open-project-1-main/UOP1_Project\Assets\ScriptableObjects\StateMachine\Protagonist
# 内容概述:### 文件夹内容精简总结

“Protagonist”文件夹汇集了Unity游戏开发的关键资源，包括控制角色动作与效果的脚本（如动画、移动、粒子与声音），以及状态检测和转换规则。其中，动作脚本负责实现角色的动态行为，状态脚本定义了角色的不同行为模式，而条件脚本则用于检测角色状态和触发相应行为。此外，一个YAML配置文件详细规定了状态之间的转换逻辑，确保游戏流程的连贯性。这些资源相互协作，共同构成了游戏角色的丰富互动和动态体验。

6. AlwaysFalseCondition.asset
# 路径:D:/Unity/open-project-1-main/UOP1_Project\Assets\ScriptableObjects\StateMachine\AlwaysFalseCondition.asset
# 内容概述:### 简要总结

该文件是Unity游戏引擎中名为“AlwaysFalseCondition”的脚本组件配置，包含基础属性如脚本ID、GUID和名称。未提供具体功能描述，但根据名称推测可能用于始终返回假条件的逻辑。


2024-10-08 23:50:39,885 - INFO Retriever 0 - Agent主脑给出的回答为：{
    "read_file": {
        "file_path": "D:\\Unity\\open-project-1-main\\UOP1_Project\\Assets\\ScriptableObjects\\StateMachine\\NPCs\\LegendaryChef\\LegendaryChefStateMachine.asset"
    }
}
2024-10-08 23:50:39,887 - INFO Retriever 0 - 是否成功解析：True
2024-10-08 23:50:39,887 - INFO Retriever 0 - operation_type (__det_dir_action):
2024-10-08 23:50:39,887 - INFO Retriever 0 - read_file
2024-10-08 23:50:39,887 - INFO Retriever 0 - 

——————————————————————————————————————————————————————————————————————————————————————————————————————————————————————————
2024-10-08 23:50:39,888 - INFO Retriever 0 - Assistant:
2024-10-08 23:50:39,888 - INFO Retriever 0 - {
    "read_file": {
        "file_path": "D:\\Unity\\open-project-1-main\\UOP1_Project\\Assets\\ScriptableObjects\\StateMachine\\NPCs\\LegendaryChef\\LegendaryChefStateMachine.asset"
    }
}
2024-10-08 23:50:39,888 - INFO Retriever 0 - dict_keys(['read_file'])
2024-10-08 23:50:39,888 - INFO Retriever 0 - Agent主脑给出的行动：read_file
参数：{'file_path': 'D:\\Unity\\open-project-1-main\\UOP1_Project\\Assets\\ScriptableObjects\\StateMachine\\NPCs\\LegendaryChef\\LegendaryChefStateMachine.asset', 'top_path': 'D:\\Unity\\open-project-1-main\\UOP1_Project\\Assets', 'return_file_sum': <bound method TreeGenerationAction.return_file_sum of <Action.tree_gen_action.TreeGenerationAction object at 0x000001C8FA38F100>>}
2024-10-08 23:50:39,889 - INFO Retriever 0 - Observer: 该文件内容为空。
2024-10-08 23:50:43,092 - INFO Retriever 0 - Agent主脑给出的回答为：{
    "deep_think": {
        "thoughts": "LegendaryChefStateMachine.asset文件内容为空，这表明它可能不包含任何与敌人被打死后掉落物品的种类和数量设置相关的信息。我将继续检查其他可能包含相关设置的文件。考虑到敌人掉落物品可能是一个特定的事件，我接下来将检查敌人相关的文件夹或文件，例如Critters文件夹中的特定脚本，或者敌人状态机配置文件。"
    }
}
2024-10-08 23:50:43,095 - INFO Retriever 0 - 是否成功解析：True
2024-10-08 23:50:43,095 - INFO Retriever 0 - operation_type (__det_dir_action):
2024-10-08 23:50:43,095 - INFO Retriever 0 - deep_think
2024-10-08 23:50:43,095 - INFO Retriever 0 - 

——————————————————————————————————————————————————————————————————————————————————————————————————————————————————————————
2024-10-08 23:50:43,095 - INFO Retriever 0 - Assistant:
2024-10-08 23:50:43,095 - INFO Retriever 0 - {
    "deep_think": {
        "thoughts": "LegendaryChefStateMachine.asset文件内容为空，这表明它可能不包含任何与敌人被打死后掉落物品的种类和数量设置相关的信息。我将继续检查其他可能包含相关设置的文件。考虑到敌人掉落物品可能是一个特定的事件，我接下来将检查敌人相关的文件夹或文件，例如Critters文件夹中的特定脚本，或者敌人状态机配置文件。"
    }
}
2024-10-08 23:50:43,095 - INFO Retriever 0 - dict_keys(['deep_think'])
2024-10-08 23:50:43,095 - INFO Retriever 0 - Agent主脑给出的行动：deep_think
参数：{'thoughts': 'LegendaryChefStateMachine.asset文件内容为空，这表明它可能不包含任何与敌人被打死后掉落物品的种类和数量设置相关的信息。我将继续检查其他可能包含相关设置的文件。考虑到敌人掉落物品可能是一个特定的事件，我接下来将检查敌人相关的文件夹或文件，例如Critters文件夹中的特定脚本，或者敌人状态机配置文件。', 'repeat_counter': 1, 'continue_think_counter': 1}
2024-10-08 23:50:43,095 - INFO Retriever 0 - Observer: 好的，请继续你的下一步行动或思考。
2024-10-08 23:50:45,092 - INFO Retriever 0 - Agent主脑给出的回答为：{
    "get_folder_info": {
        "target_folder_path": "D:\\Unity\\open-project-1-main\\UOP1_Project\\Assets\\ScriptableObjects\\StateMachine\\Critters"
    }
}
2024-10-08 23:50:45,092 - INFO Retriever 0 - 是否成功解析：True
2024-10-08 23:50:45,092 - INFO Retriever 0 - operation_type (__det_dir_action):
2024-10-08 23:50:45,092 - INFO Retriever 0 - get_folder_info
2024-10-08 23:50:45,092 - INFO Retriever 0 - 

——————————————————————————————————————————————————————————————————————————————————————————————————————————————————————————
2024-10-08 23:50:45,092 - INFO Retriever 0 - Assistant:
2024-10-08 23:50:45,092 - INFO Retriever 0 - {
    "get_folder_info": {
        "target_folder_path": "D:\\Unity\\open-project-1-main\\UOP1_Project\\Assets\\ScriptableObjects\\StateMachine\\Critters"
    }
}
2024-10-08 23:50:45,092 - INFO Retriever 0 - dict_keys(['get_folder_info'])
2024-10-08 23:50:45,092 - INFO Retriever 0 - Agent主脑给出的行动：get_folder_info
参数：{'target_folder_path': 'D:\\Unity\\open-project-1-main\\UOP1_Project\\Assets\\ScriptableObjects\\StateMachine\\Critters'}
2024-10-08 23:50:45,140 - INFO Retriever 0 - Observer: 目标文件夹路径：D:\Unity\open-project-1-main\UOP1_Project\Assets\ScriptableObjects\StateMachine\Critters
文件结构树（该结构树可能不完整，仅返回深度小于等于1层的子文件以及文件夹）：
├── Actions
│   ├── CritterAttackTrigger.asset
│   ├── CritterFaceProtagonist.asset
│   ├── CritterGetHitFlashingEffect.asset
│   ├── CritterGettingHitTrigger.asset
│   ├── CritterIsDead_True_OnEnter.asset
│   ├── CritterResetGetHitState.asset
│   ├── DropRewards.asset
├── Conditions
│   ├── IsAttackReloaded.asset
│   ├── IsCritterGettingHit.asset
│   ...
│   ├── UnderAlert_True_OnEnter.asset
├── PlantCritter
│   ├── Conditions
│   ├── PlantCritter_TransitionTable.asset
│   ├── States
├── SlimeRockCritter
│   ├── Actions
│   ├── Conditions
│   ├── RockCritter
│   ├── SlimeCritter
│   ├── States


其中，部分主要文件及文件夹的信息如下：
1. Critters
# 路径:D:/Unity/open-project-1-main/UOP1_Project\Assets\ScriptableObjects\StateMachine\Critters
# 内容概述:### 文件夹内容总结

“Critters”文件夹汇集了Unity游戏开发的脚本资源和配置文件，专注于角色行为和游戏逻辑。它包含动作控制脚本，如攻击和移动，以及状态转换和事件触发脚本，如击中和警报。此外，文件夹还细分了针对植物、粘液岩怪和NPC的特定行为管理，包括植物攻击、NPC导航和怪物状态。这些资源共同构成了游戏角色的动态行为和交互，确保了游戏逻辑的连贯性和丰富性。

2. Actions
# 路径:D:/Unity/open-project-1-main/UOP1_Project\Assets\ScriptableObjects\StateMachine\Critters\Actions
# 内容概述:### 文件夹内容总结

“Actions”文件夹汇集了Unity游戏开发中角色行为的关键脚本资产。包括控制角色攻击、朝向主角旋转、显示击中效果、处理击中和死亡状态、重置击中状态以及触发物品掉落等功能的脚本组件。这些文件协同工作，丰富了角色在游戏中的动态行为和交互体验。

3. Conditions
# 路径:D:/Unity/open-project-1-main/UOP1_Project\Assets\ScriptableObjects\StateMachine\Critters\Conditions
# 内容概述:### 文件夹内容概要
“Conditions”文件夹汇集了多个Unity游戏脚本配置文件，涵盖游戏中的关键逻辑和条件，如攻击与装弹控制、击中检测、目标状态、对话激活以及角色在不同区域的行为响应。这些文件定义了游戏对象的行为，如敌人被击中与杀死、主角在警报和攻击区域的行为，以及角色在特定区域进入时的警报状态，共同构成了游戏的核心交互和动态。

4. PlantCritter
# 路径:D:/Unity/open-project-1-main/UOP1_Project\Assets\ScriptableObjects\StateMachine\Critters\PlantCritter
# 内容概述:“PlantCritter”文件夹汇集了Unity游戏开发的关键脚本资产和配置文件，主要分为三个部分：**Conditions**子文件夹包含植物攻击、晕倒、被击中和生成等行为的计时器脚本；**States**子文件夹则存储了游戏行为的YAML配置，如警告、攻击、死亡等状态；而**PlantCritter_TransitionTable.asset**文件则详细定义了植物生物在不同状态间的转换规则，确保游戏逻辑的连贯性和动态性。这些文件相互关联，共同构建了植物生物在游戏中的行为和状态管理系统。

5. SlimeRockCritter
# 路径:D:/Unity/open-project-1-main/UOP1_Project\Assets\ScriptableObjects\StateMachine\Critters\SlimeRockCritter
# 内容概述:“SlimeRockCritter”文件夹汇集了Unity游戏开发资源，包括用于角色行为控制、状态管理和事件触发的脚本组件及配置文件。主要子文件夹有**Actions**（如移动和动画控制脚本）、**Conditions**（如计时器和事件管理配置）、**RockCritter**（角色状态和转换规则）和**SlimeCritter**（特定行为和状态转换）。这些资源共同支撑了游戏逻辑，确保角色行为和游戏事件按预定逻辑执行。


2024-10-08 23:50:49,765 - INFO Retriever 0 - Agent主脑给出的回答为：{
    "read_file": {
        "file_path": "D:\\Unity\\open-project-1-main\\UOP1_Project\\Assets\\ScriptableObjects\\StateMachine\\Critters\\Actions\\DropRewards.asset"
    }
}
2024-10-08 23:50:49,765 - INFO Retriever 0 - 是否成功解析：True
2024-10-08 23:50:49,766 - INFO Retriever 0 - operation_type (__det_dir_action):
2024-10-08 23:50:49,766 - INFO Retriever 0 - read_file
2024-10-08 23:50:49,766 - INFO Retriever 0 - 

——————————————————————————————————————————————————————————————————————————————————————————————————————————————————————————
2024-10-08 23:50:49,767 - INFO Retriever 0 - Assistant:
2024-10-08 23:50:49,767 - INFO Retriever 0 - {
    "read_file": {
        "file_path": "D:\\Unity\\open-project-1-main\\UOP1_Project\\Assets\\ScriptableObjects\\StateMachine\\Critters\\Actions\\DropRewards.asset"
    }
}
2024-10-08 23:50:49,767 - INFO Retriever 0 - dict_keys(['read_file'])
2024-10-08 23:50:49,768 - INFO Retriever 0 - Agent主脑给出的行动：read_file
参数：{'file_path': 'D:\\Unity\\open-project-1-main\\UOP1_Project\\Assets\\ScriptableObjects\\StateMachine\\Critters\\Actions\\DropRewards.asset', 'top_path': 'D:\\Unity\\open-project-1-main\\UOP1_Project\\Assets', 'return_file_sum': <bound method TreeGenerationAction.return_file_sum of <Action.tree_gen_action.TreeGenerationAction object at 0x000001C8FA38F100>>}
2024-10-08 23:50:49,773 - INFO Retriever 0 - Observer: 这是一个名为“DropRewards.asset”的文件，该文件里的内容为：
MonoBehaviour:
  m_ObjectHideFlags: 0
  m_CorrespondingSourceObject:
    fileID: 0
  m_PrefabInstance:
    fileID: 0
  m_PrefabAsset:
    fileID: 0
  m_GameObject:
    fileID: 0
  m_Enabled: 1
  m_EditorHideFlags: 0
  m_Script:
    fileID: 11500000
    guid: cc76fb9c1ab690643b38d1a012ca7365
    type: 3
  m_Name: DropRewards
  m_EditorClassIdentifier: None
  description: Drops the items referenced in the Damageable script
2024-10-08 23:50:53,522 - INFO Retriever 0 - Agent主脑给出的回答为：{
    "finish": "我已完成你所给出的任务需求，请你进行确认"
}
2024-10-08 23:50:53,523 - INFO Retriever 0 - 是否成功解析：True
2024-10-08 23:50:53,523 - INFO Retriever 0 - operation_type (__det_dir_action):
2024-10-08 23:50:53,523 - INFO Retriever 0 - finish
2024-10-08 23:50:53,523 - INFO Retriever 0 - 

——————————————————————————————————————————————————————————————————————————————————————————————————————————————————————————
2024-10-08 23:50:53,524 - INFO Retriever 0 - Assistant:
2024-10-08 23:50:53,524 - INFO Retriever 0 - {
    "finish": "我已完成你所给出的任务需求，请你进行确认"
}
2024-10-08 23:50:53,524 - INFO Retriever 0 - dict_keys(['finish'])
2024-10-08 23:50:53,524 - INFO Retriever 0 - ——————————————————————————————————— 任务结束 ———————————————————————————————————
2024-10-08 23:50:59,007 - INFO Retriever 0 - -------------------------Task Report-----------------------
2024-10-08 23:50:59,007 - INFO Retriever 0 - * 文件一：
    * 文件绝对路径：D:\Unity\open-project-1-main\UOP1_Project\Assets\Scripts\Inventory\InventoryManager.cs
    * 文件内容概述：该文件是InventoryManager类的实现，负责管理游戏内的物品库存，包括物品的添加、移除、使用、装备等事件，并确保库存数据在每次更改后保存到磁盘。
    * 该文件与问题目标之间的关联性：虽然该文件主要处理物品的库存管理，但敌人被打死后掉落的物品也需要被添加到玩家的库存中，因此InventoryManager类可能涉及到敌人掉落物品的处理逻辑。

* 文件二：
    * 文件绝对路径：D:\Unity\open-project-1-main\UOP1_Project\Assets\ScriptableObjects\StateMachine\Critters\Actions\DropRewards.asset
    * 文件内容概述：该文件是一个名为DropRewards的脚本组件，用于在敌人被击败时掉落物品。
    * 该文件与问题目标之间的关联性：该文件直接与问题目标相关，因为它负责处理敌人被打死后掉落物品的逻辑，包括掉落物品的种类和数量。

以上是我根据项目文件搜索过程中所搜索到的与问题目标相关的文件及其内容概述。由于其他文件没有直接涉及到敌人被打死后掉落物品的种类和数量设置，因此没有包含在报告中。
2024-10-08 23:50:59,012 - INFO Retriever 0 - 
Token Consuming:74497

2024-10-08 23:50:59,012 - INFO Retriever 0 - 
history rounds:13

