2024-10-08 23:50:03,198 - INFO Retriever 0 - Init Retriever.
2024-10-08 23:50:14,033 - INFO Retriever 0 - keywords:“quantity”，“fall”，“type”，“种类”，“amount”，“goods”，“drop item”，“enemy”，“fall item”，“掉落”，“category”，“kill”，“打死”，“wipe out”，“drop”，“数量”，“item”，“掉落物品”，“敌人”，“adversary”，“物品”
2024-10-08 23:50:14,034 - INFO Retriever 0 - deep_think_conent
:在获取了项目文件的顶层结构后，我还需要结合待查询的问题描述，对于项目中的文件和目录进行一些深度关键词检索。根据任务描述：“请在D:\Unity\open-project-1-main\UOP1_Project\Assets下各级目录中寻找：敌人被打死之后，掉落物品的种类和数量设置是在什么地方”，我总结出如下可能会出现在各个文件名或者文件内容中的关键词：“quantity”，“fall”，“type”，“种类”，“amount”，“goods”，“drop item”，“enemy”，“fall item”，“掉落”，“category”，“kill”，“打死”，“wipe out”，“drop”，“数量”，“item”，“掉落物品”，“敌人”，“adversary”，“物品”。
接下来，我将使用retrieve_keywords操作，在项目顶层路径“D:\Unity\open-project-1-main\UOP1_Project\Assets”下检索这些关键词，从而大致把握可能与问题描述相关的文件或目录的路径。
2024-10-08 23:50:14,036 - INFO Retriever 0 - ——————————————————————————————————————————————————————————————————————————————————————————————————————————————————————————
2024-10-08 23:50:14,037 - INFO Retriever 0 - Assistant:
2024-10-08 23:50:14,037 - INFO Retriever 0 - {
    "deep_think": {
        "thoughts": "好的，接下来我将通过深度思考、仔细计划以及逐步执行的方式，来完成该任务。\n\n首先，在阅读详细的代码细节之前，应该先整体把握整个项目。\n\n在提供的可选的action中，可以通过get_folder_info操作，通过将项目顶层路径作为target_folder_path参数进行传入，来获取获取项目中主要文件夹和主要文件的描述，从而能够先大致把握项目文件的主要文件的文件树结构、基本内容、主要代码概述以及大致功能板块的分布。"
    }
}
2024-10-08 23:50:14,037 - INFO Retriever 0 - 
Observer:
2024-10-08 23:50:14,038 - INFO Retriever 0 - 好的，请继续你的下一步行动或思考。
2024-10-08 23:50:14,038 - INFO Retriever 0 - 
2024-10-08 23:50:14,074 - INFO Retriever 0 - ——————————————————————————————————————————————————————————————————————————————————————————————————————————————————————————
2024-10-08 23:50:14,074 - INFO Retriever 0 - Assistant:
2024-10-08 23:50:14,074 - INFO Retriever 0 - {
    "get_folder_info": {
        "target_folder_path": "D:\\Unity\\open-project-1-main\\UOP1_Project\\Assets"
    }
}
2024-10-08 23:50:14,075 - INFO Retriever 0 - 
Observer:
2024-10-08 23:50:14,075 - INFO Retriever 0 - 目标文件夹路径：D:\Unity\open-project-1-main\UOP1_Project\Assets
文件结构树（该结构树可能不完整，仅返回深度小于等于1层的子文件以及文件夹）：
├── .DS_Store
├── Addons
│   ├── DOTween
│   ├── TextMeshPro
├── AddressableAssetsData
│   ├── AddressableAssetSettings.asset
│   ├── AssetGroupTemplates
│   ├── AssetGroups
│   ├── DataBuilders
│   ├── DefaultObject.asset
│   ├── Windows
├── Art
│   ├── Accessories
│   ├── Characters
│   ...
│   ├── UI
├── Audio
│   ├── Music
│   ├── SFX
├── Cutscenes
│   ├── AudioTests.playable
│   ├── BeachCandyCutscene.playable
│   ...
│   ├── TownCutscene.playable
├── LocalizationFiles
│   ├── .DS_Store
│   ├── AssetTables
│   ├── GoogleSheetService_ChopChop.asset
│   ├── Locales
│   ├── LocalizationSettings.asset
├── Prefabs
│   ├── Accessories
│   ├── Audio
│   ...
│   ├── _SceneChunks
├── ProBuilder Data
│   ├── Default Color Palette.asset
│   ├── Default Material Palette.asset
├── Scenes
│   ├── Examples
│   ├── Locations
│   ├── Managers
│   ├── Menus
│   ├── WIP
│   ├── Whiteboxing
├── ScriptableObjects
│   ├── Audio
│   ├── Configs
│   ...
│   ├── StateMachine
├── Scripts
│   ├── Animation
│   ├── Audio
│   ...
│   ├── UI
├── Settings
│   ├── Audio
│   ├── Graphics
│   ├── Input
│   ├── LightBakingSettings
│   ├── Presets
├── Shaders
│   ├── AggroEffect.shadergraph
│   ├── CustomHLSL
│   ...
│   ├── Water_Sea.shadergraph
├── TextData
│   ├── ContributorsList.txt
├── Tutorials
│   ├── Icons
│   ├── Images
│   ├── TutorialProjectSettings.asset
│   ├── TutorialWelcomePage.asset
│   ├── Tutorials.asset
├── WIP
│   ├── Materials
│   ├── Prefabs
│   ├── SourceFiles
│   ├── Textures


其中，部分主要文件及文件夹的信息如下：
1. Assets
# 路径:D:/Unity/open-project-1-main/UOP1_Project\Assets
# 内容概述:“Assets”文件夹汇集了Unity游戏开发所需的多种资源，包括动画、文本处理、音频、艺术资产、场景和脚本等。其中，“Addons”子文件夹提供了DOTween和TextMeshPro等插件，分别用于动画和文本渲染；“AddressableAssetsData”则专注于资源管理和配置；“Art”包含3D模型、动画和视觉效果等创意资源；“Audio”提供背景音乐和声音效果；“Cutscenes”包含剧情相关文件；“LocalizationFiles”支持多语言本地化；“Prefabs”提供可复用的游戏对象；“Scenes”涉及场景设计和导航；“ScriptableObjects”存储游戏配置；“Scripts”包含脚本文件；“Settings”管理音频、图形和输入设置；“Shaders”提供自定义着色器；“TextData”记录项目贡献者；“Tutorials”提供开发指导；“WIP”存放开发中的资源。整体上，这些文件夹和文件协同工作，构成了一个完整且功能丰富的游戏开发环境。

2. Addons
# 路径:D:/Unity/open-project-1-main/UOP1_Project\Assets\Addons
# 内容概述:“Addons”文件夹汇集了两个Unity插件：DOTween和TextMeshPro。DOTween提供全面的动画和缓动解决方案，包含编辑器工具和模块化脚本，旨在增强Unity中的动画效果。TextMeshPro则专注于文本渲染和视觉效果，提供丰富的字体资源、样式表和表情符号，以丰富游戏中的文本显示。两个插件均附有详细的使用说明和许可协议，旨在为Unity开发者提供高效的内容创作工具。

3. AddressableAssetsData
# 路径:D:/Unity/open-project-1-main/UOP1_Project\Assets\AddressableAssetsData
# 内容概述:### 简化版文件夹内容总结

“AddressableAssetsData”文件夹是Unity游戏开发的核心资源管理区域，汇集了资源打包模板、详细配置文件、脚本组件以及操作系统相关状态文件。它包括资源管理模板（AssetGroupTemplates）、资源与场景管理配置（AssetGroups）、脚本配置（DataBuilders）、操作系统资源状态文件（Windows和OSX），以及可寻址资源设置（AddressableAssetSettings.asset）和默认对象配置（DefaultObject.asset）。这些文件和文件夹协同工作，确保了游戏资源的有效管理和优化。

4. Art
# 路径:D:/Unity/open-project-1-main/UOP1_Project\Assets\Art
# 内容概述:“Art”文件夹汇集了丰富多样的创意资源，包括3D模型、动画、字体、视觉效果和用户界面设计等，适用于游戏开发、动画制作和视觉设计。其中，**Accessories** 和 **Characters** 提供了丰富的角色和道具模型，**Effects** 包含了用于特效制作的资源，**Font** 提供了字体设计和智能合约代码，**Items** 和 **Nature** 则专注于游戏和动画中的物品和自然景观设计。此外，**Materials**、**Skybox**、**Textures** 和 **UI** 分别提供了材质、环境纹理、用户界面元素等，共同构成了一个全面的艺术资源库。

5. Audio
# 路径:D:/Unity/open-project-1-main/UOP1_Project\Assets\Audio
# 内容概述:“Audio”文件夹汇集了音乐与声音效果两大类资源。其中，“Music”子文件夹专注于为游戏或多媒体项目中的不同场景提供定制背景音乐，包括海滩、森林、城镇等，以及一系列主题音乐和暂停菜单音乐。而“SFX”子文件夹则包含了丰富的声音效果，涵盖角色动作、厨房环境以及界面交互等，旨在增强多媒体项目的沉浸感和互动性。这两个子文件夹的资源相互配合，共同构建了项目的音频环境。

6. Cutscenes
# 路径:D:/Unity/open-project-1-main/UOP1_Project\Assets\Cutscenes
# 内容概述:### 文件夹内容总结

“Cutscenes”文件夹汇集了多种游戏剧情相关的可播放文件，包括海滩、镇子等场景的剧情片段，如开场、游戏结束等。这些文件与“Signals”文件夹中的信号文件协同工作，共同构建游戏的故事情节和动态事件。

7. LocalizationFiles
# 路径:D:/Unity/open-project-1-main/UOP1_Project\Assets\LocalizationFiles
# 内容概述:### 文件夹内容总结

“LocalizationFiles”文件夹汇集了Unity游戏开发所需的本地化资源和配置文件。其中，.DS_Store文件负责Mac系统文件夹个性化设置，而“Locales”子文件夹内包含多语言本地化资产，如英文、法语和意大利语设置。此外，GoogleSheetService_ChopChop.asset脚本组件用于与Google Sheets服务集成，而LocalizationSettings.asset则定义了游戏的本地化设置和格式化规则，确保游戏在不同语言环境下的正确显示。这些文件共同支撑起游戏的多语言功能和数据管理。

8. Prefabs
# 路径:D:/Unity/open-project-1-main/UOP1_Project\Assets\Prefabs
# 内容概述:“Prefabs”文件夹汇集了多样化的预制资源，专为游戏和虚拟现实项目设计。它包含角色装饰、音频管理、NPC与场景构建、动画场景、可收集物品、编辑器工具、视觉效果、食物与家具模型、UI界面、独特场景元素等预制件，旨在加速游戏开发流程，丰富游戏世界和角色设定，同时确保视觉和交互体验的丰富性。

9. ProBuilder Data
# 路径:D:/Unity/open-project-1-main/UOP1_Project\Assets\ProBuilder Data
# 内容概述:“ProBuilder Data”文件夹汇集了两个Unity游戏引擎相关资产文件：一个是“Default Color Palette.asset”，定义了15种默认颜色调色板，供游戏界面和视觉效果使用；另一个是“Default Material Palette.asset”，包含一个Unity材质调色板脚本组件，可能用于存储和应用颜色配置。这两个文件共同服务于游戏视觉设计。

10. Scenes
# 路径:D:/Unity/open-project-1-main/UOP1_Project\Assets\Scenes
# 内容概述:“Scenes”文件夹是Unity游戏开发的核心资源库，汇集了多样化的场景设计元素。其中，“Examples”展示了场景导航网络示例，“Locations”提供了多种场景的光照、反射和导航数据，“Menus”则专注于游戏菜单的光照效果。此外，“WIP”包含正在开发中的场景照明和导航设置，而“Whiteboxing”则涵盖了城镇景观和地图构建资源。整体上，这些文件夹相互关联，共同构建了游戏世界的视觉和功能框架。遗憾的是，“Managers”文件夹的具体内容尚未明确，其关联性分析有待进一步信息。

11. ScriptableObjects
# 路径:D:/Unity/open-project-1-main/UOP1_Project\Assets\ScriptableObjects
# 内容概述:“ScriptableObjects”文件夹是Unity游戏项目的核心配置中心，汇集了音频、游戏机制、对话、事件通道、游戏状态、输入管理、交互、库存、物品类型、路径、任务、运行时锚点、保存系统、场景数据和状态机等关键组件的配置文件。这些文件相互关联，共同支撑起游戏的基本机制和玩家体验，确保了从音效到游戏逻辑的每一部分都能无缝协作，为玩家提供连贯且丰富的游戏体验。

12. Scripts
# 路径:D:/Unity/open-project-1-main/UOP1_Project\Assets\Scripts
# 内容概述:“Scripts”文件夹是Unity游戏开发的核心，汇集了动画控制、音频管理、角色行为、摄像机操作、场景管理等关键脚本，旨在构建流畅的游戏体验。它还包含了对话系统、库存管理、用户界面、输入处理、交互逻辑等脚本，确保游戏交互丰富且直观。此外，文件夹内还涵盖了保存系统、状态机、系统设置、本地化工具以及编辑器辅助工具，以支持高效的游戏开发和资源管理。这些脚本相互协作，共同构成了一个功能全面、结构清晰的游戏开发框架。

13. Settings
# 路径:D:/Unity/open-project-1-main/UOP1_Project\Assets\Settings
# 内容概述:“Settings”文件夹汇集了游戏开发的关键配置文件，包括音频混合器设置、图形渲染和视觉效果配置、输入系统定义、光照烘焙参数以及预设导入设置。这些子文件夹（Audio、Graphics、Input、LightBakingSettings、Presets）分别针对音频处理、视觉效果、玩家交互、光照效果优化和文件导入优化，确保游戏在音效、视觉、操作和性能上的高质量体验。

14. Shaders
# 路径:D:/Unity/open-project-1-main/UOP1_Project\Assets\Shaders
# 内容概述:“Shaders”文件夹汇集了多种图形渲染和视觉效果资源，包括自定义着色器代码（如CustomHLSL中的自定义光照效果）、调试工具（如Debug文件夹中的顶点着色器调试）、以及一系列子图文件（如SubGraphs中的多种视觉效果子图）。此外，Unused文件夹包含了未使用的Unity项目资源，如自定义渲染脚本、水效果和ShaderGraph编辑文件。这些资源共同服务于图形渲染和视觉效果的开发，适用于游戏和视觉效果制作。

15. TextData
# 路径:D:/Unity/open-project-1-main/UOP1_Project\Assets\TextData
# 内容概述:“TextData”文件夹专注于存储项目贡献者信息，其中包含一个名为“ContributorsList.txt”的文件，记录了项目开发者和艺术家的名单及其角色。

16. Tutorials
# 路径:D:/Unity/open-project-1-main/UOP1_Project\Assets\Tutorials
# 内容概述:“Tutorials”文件夹汇集了Unity游戏开发的丰富资源，包括图标和图像设计文件，用于界面视觉元素。其中，**TutorialProjectSettings.asset** 配置了教程项目的初始场景和相机设置，而**TutorialWelcomePage.asset** 则创建了项目欢迎页面，介绍“Chop Chop”游戏并引导用户。此外，**Tutorials.asset** 提供了教程页面的详细配置，涵盖项目资源获取、讨论论坛、开发日志等，为开发者提供了全面的学习和参与途径。这些文件共同构成了一个完整的教学和资源支持体系，旨在辅助开发者深入学习和实践Unity游戏开发。

17. WIP
# 路径:D:/Unity/open-project-1-main/UOP1_Project\Assets\WIP
# 内容概述:“WIP”文件夹汇集了游戏开发所需的多媒体资源，包括用于场景设计的材质（如草地、天空盒等），预制体组件（如菜单、物体），以及图像素材和纹理（如国旗、地图纹理）。这些资源相互关联，共同构成了游戏世界的视觉和交互基础。

18. .DS_Store
# 路径:D:/Unity/open-project-1-main/UOP1_Project\Assets\.DS_Store
# 内容概述:这是一个名为“.DS_Store”的文件。


2024-10-08 23:50:14,077 - INFO Retriever 0 - 
2024-10-08 23:50:14,077 - INFO Retriever 0 - ——————————————————————————————————————————————————————————————————————————————————————————————————————————————————————————
2024-10-08 23:50:14,078 - INFO Retriever 0 - Assistant:
2024-10-08 23:50:14,078 - INFO Retriever 0 - {
    "deep_think": {
        "thoughts": "在获取了项目文件的顶层结构后，我还需要结合待查询的问题描述，对于项目中的文件和目录进行一些深度关键词检索。根据任务描述：“请在D:\\Unity\\open-project-1-main\\UOP1_Project\\Assets下各级目录中寻找：敌人被打死之后，掉落物品的种类和数量设置是在什么地方”，我总结出如下可能会出现在各个文件名或者文件内容中的关键词：“quantity”，“fall”，“type”，“种类”，“amount”，“goods”，“drop item”，“enemy”，“fall item”，“掉落”，“category”，“kill”，“打死”，“wipe out”，“drop”，“数量”，“item”，“掉落物品”，“敌人”，“adversary”，“物品”。\n接下来，我将使用retrieve_keywords操作，在项目顶层路径“D:\\Unity\\open-project-1-main\\UOP1_Project\\Assets”下检索这些关键词，从而大致把握可能与问题描述相关的文件或目录的路径。"
    }
}
2024-10-08 23:50:14,079 - INFO Retriever 0 - 
Observer:
2024-10-08 23:50:14,079 - INFO Retriever 0 - 好的，请继续你的下一步行动或思考。
2024-10-08 23:50:14,079 - INFO Retriever 0 - 
2024-10-08 23:50:22,721 - INFO Retriever 0 - ——————————————————————————————————————————————————————————————————————————————————————————————————————————————————————————
2024-10-08 23:50:22,721 - INFO Retriever 0 - Assistant:
2024-10-08 23:50:22,721 - INFO Retriever 0 - {
    "retrieve_keywords": {
        "top_path": "D:\\Unity\\open-project-1-main\\UOP1_Project\\Assets",
        "key_word_list": [
            "quantity",
            "fall",
            "type",
            "种类",
            "amount",
            "goods",
            "drop item",
            "enemy",
            "fall item",
            "掉落",
            "category",
            "kill",
            "打死",
            "wipe out",
            "drop",
            "数量",
            "item",
            "掉落物品",
            "敌人",
            "adversary",
            "物品"
        ]
    }
}
2024-10-08 23:50:22,723 - INFO Retriever 0 - 
Observer:
2024-10-08 23:50:22,723 - INFO Retriever 0 - 根据你提供的关键词，我检索到以下目录或文件，它们的绝对路径如下：
1. D:\Unity\open-project-1-main\UOP1_Project\Assets\LocalizationFiles
### 文件夹内容总结
“LocalizationFiles”文件夹汇集了Unity游戏开发所需的本地化资源和配置文件。其中，.DS_Store文件负责Mac系统文件夹个性化设置，而“Locales”子文件夹内包含多语言本地化资产，如英文、法语和意大利语设置。此外，GoogleSheetService_ChopChop.asset脚本组件用于与Google Sheets服务集成，而LocalizationSettings.asset则定义了游戏的本地化设置和格式化规则，确保游戏在不同语言环境下的正确显示。这些文件共同支撑起游戏的多语言功能和数据管理。

2. D:\Unity\open-project-1-main\UOP1_Project\Assets\ScriptableObjects\StateMachine
### 文件夹内容精简总结
“StateMachine”文件夹汇集了Unity游戏开发的核心资源，包括角色行为脚本（如Critters）、游戏状态管理（GameState）、NPC行为逻辑（NPCs）以及主角动作与状态管理（Protagonist）。这些资源协同工作，构建了游戏的角色行为、状态转换和整体逻辑，确保了游戏体验的连贯性和丰富性。此外，还包括了如AlwaysFalseCondition.asset这样的特殊脚本配置，用于实现特定的游戏逻辑功能。

3. D:\Unity\open-project-1-main\UOP1_Project\Assets\Scripts\UI
“UI”文件夹汇集了Unity游戏开发中用于构建和管理用户界面的关键脚本。它涵盖了对话系统、库存管理、设置界面、加载界面、信用屏幕、通用按钮、健康条、心形显示、交互面板、主菜单、暂停界面、弹窗以及旋转动画等多个方面。这些脚本通过事件和函数调用相互协作，确保了游戏UI的完整性和交互性，共同构成了游戏流程中的关键用户界面元素。

4. D:\Unity\open-project-1-main\UOP1_Project\Assets\Addons\TextMeshPro\Resources
“Resources”文件夹汇集了Unity游戏开发所需的关键资源，包括字体与材质（如LiberationSans SDF字体及其相关材质），着色器（用于图形渲染和视觉效果，与TextMeshPro插件紧密相关），精灵资产（如表情符号配置），以及样式表（定义游戏内文本样式）。此外，还包含文本换行控制字符列表和TextMeshPro组件的详细配置文件，确保文本渲染、图形效果和样式的一致性与精确性。

5. D:\Unity\open-project-1-main\UOP1_Project\Assets\Scripts\Inventory
### 文件夹内容总结
“Inventory”文件夹汇集了Unity游戏开发中用于管理游戏内物品、库存、食谱和类型数据的脚本。核心脚本包括定义库存、物品类型、食谱和本地化信息的ScriptableObject类，以及处理可收集物品动画和状态的CollectableItem类。InventoryManager类负责库存管理，包括物品的增减和事件监听。此外，ItemInstance和ItemPicker类分别提供对物品实例的访问和选择项目的能力，而ItemStack类用于表示和管理物品堆叠。这些脚本相互协作，共同构建了一个模块化和可扩展的游戏内容管理系统。

6. D:\Unity\open-project-1-main\UOP1_Project\Assets\ScriptableObjects\Audio
“Audio”文件夹是Unity游戏引擎的音频资源中心，汇集了音频配置文件和实际音频资源。其中，AudioConfigurations子文件夹包含音效、音乐和UI音效的详细配置，如3D音效、火炬音效等。AudioCues子文件夹则存放了针对不同场景和角色的音频资源，包括音乐和音效。此外，SoundEmitterFactory和SoundEmitterPool资产文件分别管理声音发射器的创建和对象池，优化音频播放性能。整体而言，这些文件共同构建了游戏丰富的音频体验。

7. D:\Unity\open-project-1-main\UOP1_Project\Assets\Scripts\EditorTools\Editor
“CustomBaseEditor.cs”文件夹内包含的Unity编辑器扩展脚本，通过继承自`Editor`类，为Unity编辑器界面提供了自定义功能。其中，`CustomBaseEditor`类特别定义了`DrawNonEditableScriptReference<T>`方法，用于绘制不可编辑的脚本引用字段，简化了编辑器界面的自定义过程。

8. D:\Unity\open-project-1-main\UOP1_Project\Assets\Art\Font\Baloo_Tammudu_2
### 文件夹内容概要
“Baloo_Tammudu_2”文件夹汇集了加密货币交易智能合约代码（以Solidity语言编写）和Baloo Tammudu系列字体文件（包括不同粗细的字体样式），同时包含SIL Open Font License（OFL）协议，规范了字体的使用与分发。智能合约代码可能涉及与数字货币相关的操作，而字体文件则遵循OFL许可协议。

9. D:\Unity\open-project-1-main\UOP1_Project\Assets\AddressableAssetsData
### 简化版文件夹内容总结
“AddressableAssetsData”文件夹是Unity游戏开发的核心资源管理区域，汇集了资源打包模板、详细配置文件、脚本组件以及操作系统相关状态文件。它包括资源管理模板（AssetGroupTemplates）、资源与场景管理配置（AssetGroups）、脚本配置（DataBuilders）、操作系统资源状态文件（Windows和OSX），以及可寻址资源设置（AddressableAssetSettings.asset）和默认对象配置（DefaultObject.asset）。这些文件和文件夹协同工作，确保了游戏资源的有效管理和优化。

10. D:\Unity\open-project-1-main\UOP1_Project\Assets\ScriptableObjects\Inventory\Items\QuestItems
### 文件夹内容总结
“QuestItems”文件夹汇集了Unity游戏开发中用于定义和配置游戏内物品、食谱和脚本组件的文件。文件夹内包含多个资产配置文件，如“CakeWithRockCandy_Dish.asset”定义了蛋糕的属性，“RockCandy_Recipe.asset”则描述了制作糖果的配方。此外，还有如“GoldenEgg.asset”和“Onion.asset”等脚本组件配置文件，它们定义了游戏对象的属性和行为。这些文件之间相互关联，共同构成了游戏中的物品系统，包括它们的制作过程、外观和功能。

请注意，这些目录或文件可能不全都和你的任务目标相关，仅供参考。请你基于具体的文件内容概述，结合你的任务目标，认真思考分析后，优先选择最有可能与任务相关的目录或文件进行进一步的检查。
2024-10-08 23:50:22,725 - INFO Retriever 0 - 
2024-10-08 23:50:28,404 - INFO Retriever 0 - Agent主脑给出的回答为：{
    "deep_think": {
        "thoughts": "根据检索到的目录和文件信息，我注意到“ScriptableObjects”和“Scripts”文件夹中可能包含与敌人掉落物品相关的配置和脚本。特别是“ScriptableObjects”文件夹中的“Inventory”和“StateMachine”子文件夹，以及“Scripts”文件夹中的“Inventory”和“UI”子文件夹，这些文件夹可能与物品的配置和用户界面显示有关。接下来，我将优先检查这些文件夹中的文件，以确定敌人掉落物品的种类和数量设置是否在这些文件中。"
    }
}
2024-10-08 23:50:28,405 - INFO Retriever 0 - 是否成功解析：True
2024-10-08 23:50:28,405 - INFO Retriever 0 - operation_type (__det_dir_action):
2024-10-08 23:50:28,405 - INFO Retriever 0 - deep_think
2024-10-08 23:50:28,405 - INFO Retriever 0 - 

——————————————————————————————————————————————————————————————————————————————————————————————————————————————————————————
2024-10-08 23:50:28,405 - INFO Retriever 0 - Assistant:
2024-10-08 23:50:28,407 - INFO Retriever 0 - {
    "deep_think": {
        "thoughts": "根据检索到的目录和文件信息，我注意到“ScriptableObjects”和“Scripts”文件夹中可能包含与敌人掉落物品相关的配置和脚本。特别是“ScriptableObjects”文件夹中的“Inventory”和“StateMachine”子文件夹，以及“Scripts”文件夹中的“Inventory”和“UI”子文件夹，这些文件夹可能与物品的配置和用户界面显示有关。接下来，我将优先检查这些文件夹中的文件，以确定敌人掉落物品的种类和数量设置是否在这些文件中。"
    }
}
2024-10-08 23:50:28,407 - INFO Retriever 0 - dict_keys(['deep_think'])
2024-10-08 23:50:28,407 - INFO Retriever 0 - Agent主脑给出的行动：deep_think
参数：{'thoughts': '根据检索到的目录和文件信息，我注意到“ScriptableObjects”和“Scripts”文件夹中可能包含与敌人掉落物品相关的配置和脚本。特别是“ScriptableObjects”文件夹中的“Inventory”和“StateMachine”子文件夹，以及“Scripts”文件夹中的“Inventory”和“UI”子文件夹，这些文件夹可能与物品的配置和用户界面显示有关。接下来，我将优先检查这些文件夹中的文件，以确定敌人掉落物品的种类和数量设置是否在这些文件中。', 'repeat_counter': 1, 'continue_think_counter': 1}
2024-10-08 23:50:28,408 - INFO Retriever 0 - Observer: 好的，请继续你的下一步行动或思考。
2024-10-08 23:50:31,807 - INFO Retriever 0 - Agent主脑给出的回答为：{
    "read_file": {
        "file_path": "D:\\Unity\\open-project-1-main\\UOP1_Project\\Assets\\ScriptableObjects\\Inventory\\Items\\QuestItems\\CakeWithRockCandy_Dish.asset"
    }
}
2024-10-08 23:50:31,812 - INFO Retriever 0 - 是否成功解析：True
2024-10-08 23:50:31,812 - INFO Retriever 0 - operation_type (__det_dir_action):
2024-10-08 23:50:31,812 - INFO Retriever 0 - read_file
2024-10-08 23:50:31,812 - INFO Retriever 0 - 

——————————————————————————————————————————————————————————————————————————————————————————————————————————————————————————
2024-10-08 23:50:31,812 - INFO Retriever 0 - Assistant:
2024-10-08 23:50:31,812 - INFO Retriever 0 - {
    "read_file": {
        "file_path": "D:\\Unity\\open-project-1-main\\UOP1_Project\\Assets\\ScriptableObjects\\Inventory\\Items\\QuestItems\\CakeWithRockCandy_Dish.asset"
    }
}
2024-10-08 23:50:31,812 - INFO Retriever 0 - dict_keys(['read_file'])
2024-10-08 23:50:31,812 - INFO Retriever 0 - Agent主脑给出的行动：read_file
参数：{'file_path': 'D:\\Unity\\open-project-1-main\\UOP1_Project\\Assets\\ScriptableObjects\\Inventory\\Items\\QuestItems\\CakeWithRockCandy_Dish.asset', 'top_path': 'D:\\Unity\\open-project-1-main\\UOP1_Project\\Assets', 'return_file_sum': <bound method TreeGenerationAction.return_file_sum of <Action.tree_gen_action.TreeGenerationAction object at 0x000001C8FA39ACD0>>}
2024-10-08 23:50:31,817 - INFO Retriever 0 - Observer: 这是一个名为“CakeWithRockCandy_Dish.asset”的文件，该文件里的内容为：
MonoBehaviour:
  m_ObjectHideFlags: 0
  m_CorrespondingSourceObject:
    fileID: 0
  m_PrefabInstance:
    fileID: 0
  m_PrefabAsset:
    fileID: 0
  m_GameObject:
    fileID: 0
  m_Enabled: 1
  m_EditorHideFlags: 0
  m_Script:
    fileID: 11500000
    guid: 58a5b32581978a141a66d240261449d0
    type: 3
  m_Name: CakeWithRockCandy_Dish
  m_EditorClassIdentifier: None
  _guid: 9e0d1325ada2c594ab8085343cd41f3e
  _name:
    m_TableReference:
      m_TableCollectionName: GUID:41b74adf4121a468e9dbe8958eb2f813
    m_TableEntryReference:
      m_KeyId: 78317786027122688
      m_Key: None
    m_FallbackState: 0
    m_WaitForCompletion: 1
  _previewImage:
    fileID: 21300000
    guid: 3f0d7f9442ca777469674e6592641738
    type: 3
  _description:
    m_TableReference:
      m_TableCollectionName: GUID:63bf683e4210c4e48a201dfa773125d5
    m_TableEntryReference:
      m_KeyId: 75406938593943552
      m_Key: None
    m_FallbackState: 0
    m_WaitForCompletion: 1
  _healthResorationValue: 100
  _itemType:
    fileID: 11400000
    guid: 5aa0722ca1325a242b6923d6cb0d5864
    type: 2
  _prefab:
    fileID: 0
2024-10-08 23:50:38,175 - INFO Retriever 0 - Agent主脑给出的回答为：{
    "read_file": {
        "file_path": "D:\\Unity\\open-project-1-main\\UOP1_Project\\Assets\\ScriptableObjects\\StateMachine\\NPCs\\Enemy.asset"
    }
}
2024-10-08 23:50:38,178 - INFO Retriever 0 - 是否成功解析：True
2024-10-08 23:50:38,178 - INFO Retriever 0 - operation_type (__det_dir_action):
2024-10-08 23:50:38,178 - INFO Retriever 0 - read_file
2024-10-08 23:50:38,178 - INFO Retriever 0 - 

——————————————————————————————————————————————————————————————————————————————————————————————————————————————————————————
2024-10-08 23:50:38,178 - INFO Retriever 0 - Assistant:
2024-10-08 23:50:38,178 - INFO Retriever 0 - {
    "read_file": {
        "file_path": "D:\\Unity\\open-project-1-main\\UOP1_Project\\Assets\\ScriptableObjects\\StateMachine\\NPCs\\Enemy.asset"
    }
}
2024-10-08 23:50:38,180 - INFO Retriever 0 - dict_keys(['read_file'])
2024-10-08 23:50:38,180 - INFO Retriever 0 - Agent主脑给出的行动：read_file
参数：{'file_path': 'D:\\Unity\\open-project-1-main\\UOP1_Project\\Assets\\ScriptableObjects\\StateMachine\\NPCs\\Enemy.asset', 'top_path': 'D:\\Unity\\open-project-1-main\\UOP1_Project\\Assets', 'return_file_sum': <bound method TreeGenerationAction.return_file_sum of <Action.tree_gen_action.TreeGenerationAction object at 0x000001C8FA39ACD0>>}
2024-10-08 23:50:38,180 - INFO Retriever 0 - Observer: 该文件内容为空。
2024-10-08 23:50:41,705 - INFO Retriever 0 - Agent主脑给出的回答为：{
    "read_file": {
        "file_path": "D:\\Unity\\open-project-1-main\\UOP1_Project\\Assets\\Scripts\\Inventory\\InventoryManager.cs"
    }
}
2024-10-08 23:50:41,705 - INFO Retriever 0 - 是否成功解析：True
2024-10-08 23:50:41,705 - INFO Retriever 0 - operation_type (__det_dir_action):
2024-10-08 23:50:41,705 - INFO Retriever 0 - read_file
2024-10-08 23:50:41,705 - INFO Retriever 0 - 

——————————————————————————————————————————————————————————————————————————————————————————————————————————————————————————
2024-10-08 23:50:41,705 - INFO Retriever 0 - Assistant:
2024-10-08 23:50:41,705 - INFO Retriever 0 - {
    "read_file": {
        "file_path": "D:\\Unity\\open-project-1-main\\UOP1_Project\\Assets\\Scripts\\Inventory\\InventoryManager.cs"
    }
}
2024-10-08 23:50:41,712 - INFO Retriever 0 - dict_keys(['read_file'])
2024-10-08 23:50:41,712 - INFO Retriever 0 - Agent主脑给出的行动：read_file
参数：{'file_path': 'D:\\Unity\\open-project-1-main\\UOP1_Project\\Assets\\Scripts\\Inventory\\InventoryManager.cs', 'top_path': 'D:\\Unity\\open-project-1-main\\UOP1_Project\\Assets', 'return_file_sum': <bound method TreeGenerationAction.return_file_sum of <Action.tree_gen_action.TreeGenerationAction object at 0x000001C8FA39ACD0>>}
2024-10-08 23:50:41,750 - INFO Retriever 0 - Observer: 这是一个名为“InventoryManager.cs”的文件，该文件里的内容为：
由于脚本文件内容过长，暂时仅给出该脚本文件的内容总结:
- ### 总体概述
- **框架和模块化结构**：该脚本是一个Unity游戏中的InventoryManager类，负责管理游戏内的物品库存。
- **主要功能和目标**：脚本的主要目标是处理物品的添加、移除、使用、装备等事件，并确保库存数据在每次更改后保存到磁盘。

### 模块和功能
- **事件监听**：脚本监听多个事件，如烹饪、使用、装备物品等，并在事件发生时执行相应的操作。
- **库存管理**：处理物品的增减，并确保库存数据与UI保持同步。

### 类和函数
- **InventoryManager**：主类，继承自`MonoBehaviour`，负责库存管理。
  - `_currentInventory`：当前库存。
  - `_saveSystem`：保存系统，用于将数据保存到磁盘。
  - `_cookRecipeEvent`、`_useItemEvent`等：事件通道，用于监听不同类型的物品事件。

### 实现逻辑
- **事件处理**：`OnEnable`和`OnDisable`方法用于注册和注销事件监听器。
- **物品操作**：`AddItem`、`AddItemStack`、`RemoveItem`等函数用于添加和移除物品。
- **烹饪事件**：`CookRecipeEventRaised`处理烹饪事件，包括移除所需材料并添加结果。
- **使用事件**：`UseItemEventRaised`处理使用物品事件，调用`RemoveItem`。
- **装备事件**：`EquipItemEventRaised`为装备物品事件预留，目前为空函数。
2024-10-08 23:50:45,035 - INFO Retriever 0 - Agent主脑给出的回答为：{
    "read_file": {
        "file_path": "D:\\Unity\\open-project-1-main\\UOP1_Project\\Assets\\Scripts\\UI\\InventoryUI.cs"
    }
}
2024-10-08 23:50:45,036 - INFO Retriever 0 - 是否成功解析：True
2024-10-08 23:50:45,036 - INFO Retriever 0 - operation_type (__det_dir_action):
2024-10-08 23:50:45,037 - INFO Retriever 0 - read_file
2024-10-08 23:50:45,037 - INFO Retriever 0 - 

——————————————————————————————————————————————————————————————————————————————————————————————————————————————————————————
2024-10-08 23:50:45,037 - INFO Retriever 0 - Assistant:
2024-10-08 23:50:45,037 - INFO Retriever 0 - {
    "read_file": {
        "file_path": "D:\\Unity\\open-project-1-main\\UOP1_Project\\Assets\\Scripts\\UI\\InventoryUI.cs"
    }
}
2024-10-08 23:50:45,037 - INFO Retriever 0 - dict_keys(['read_file'])
2024-10-08 23:50:45,037 - INFO Retriever 0 - Agent主脑给出的行动：read_file
参数：{'file_path': 'D:\\Unity\\open-project-1-main\\UOP1_Project\\Assets\\Scripts\\UI\\InventoryUI.cs', 'top_path': 'D:\\Unity\\open-project-1-main\\UOP1_Project\\Assets', 'return_file_sum': <bound method TreeGenerationAction.return_file_sum of <Action.tree_gen_action.TreeGenerationAction object at 0x000001C8FA39ACD0>>}
2024-10-08 23:50:45,037 - INFO Retriever 0 - Observer: D:\Unity\open-project-1-main\UOP1_Project\Assets\Scripts\UI\InventoryUI.cs 路径错误。

2024-10-08 23:50:47,961 - INFO Retriever 0 - Agent主脑给出的回答为：{
    "read_file": {
        "file_path": "D:\\Unity\\open-project-1-main\\UOP1_Project\\Assets\\Scripts\\UI\\InventoryUI.cs"
    }
}
2024-10-08 23:50:47,961 - INFO Retriever 0 - 是否成功解析：True
2024-10-08 23:50:47,962 - INFO Retriever 0 - operation_type (__det_dir_action):
2024-10-08 23:50:47,962 - INFO Retriever 0 - read_file
2024-10-08 23:50:47,962 - INFO Retriever 0 - 

——————————————————————————————————————————————————————————————————————————————————————————————————————————————————————————
2024-10-08 23:50:47,962 - INFO Retriever 0 - Assistant:
2024-10-08 23:50:47,962 - INFO Retriever 0 - {
    "read_file": {
        "file_path": "D:\\Unity\\open-project-1-main\\UOP1_Project\\Assets\\Scripts\\UI\\InventoryUI.cs"
    }
}
2024-10-08 23:50:47,962 - INFO Retriever 0 - dict_keys(['read_file'])
2024-10-08 23:50:47,962 - INFO Retriever 0 - Agent主脑给出的行动：read_file
参数：{'file_path': 'D:\\Unity\\open-project-1-main\\UOP1_Project\\Assets\\Scripts\\UI\\InventoryUI.cs', 'top_path': 'D:\\Unity\\open-project-1-main\\UOP1_Project\\Assets', 'return_file_sum': <bound method TreeGenerationAction.return_file_sum of <Action.tree_gen_action.TreeGenerationAction object at 0x000001C8FA39ACD0>>}
2024-10-08 23:50:47,963 - INFO Retriever 0 - Observer: D:\Unity\open-project-1-main\UOP1_Project\Assets\Scripts\UI\InventoryUI.cs 路径错误。

2024-10-08 23:50:52,279 - INFO Retriever 0 - Agent主脑给出的回答为：{
    "deep_think": {
        "thoughts": "在尝试读取InventoryUI.cs文件时，我遇到了路径错误。这可能是因为文件名或路径不正确。为了解决这个问题，我需要再次使用get_folder_info操作来获取Scripts文件夹下的文件信息，以便找到正确的InventoryUI.cs文件路径。"
    }
}
2024-10-08 23:50:52,279 - INFO Retriever 0 - 是否成功解析：True
2024-10-08 23:50:52,279 - INFO Retriever 0 - operation_type (__det_dir_action):
2024-10-08 23:50:52,279 - INFO Retriever 0 - deep_think
2024-10-08 23:50:52,279 - INFO Retriever 0 - 

——————————————————————————————————————————————————————————————————————————————————————————————————————————————————————————
2024-10-08 23:50:52,279 - INFO Retriever 0 - Assistant:
2024-10-08 23:50:52,279 - INFO Retriever 0 - {
    "deep_think": {
        "thoughts": "在尝试读取InventoryUI.cs文件时，我遇到了路径错误。这可能是因为文件名或路径不正确。为了解决这个问题，我需要再次使用get_folder_info操作来获取Scripts文件夹下的文件信息，以便找到正确的InventoryUI.cs文件路径。"
    }
}
2024-10-08 23:50:52,279 - INFO Retriever 0 - dict_keys(['deep_think'])
2024-10-08 23:50:52,279 - INFO Retriever 0 - Agent主脑给出的行动：deep_think
参数：{'thoughts': '在尝试读取InventoryUI.cs文件时，我遇到了路径错误。这可能是因为文件名或路径不正确。为了解决这个问题，我需要再次使用get_folder_info操作来获取Scripts文件夹下的文件信息，以便找到正确的InventoryUI.cs文件路径。', 'repeat_counter': 1, 'continue_think_counter': 1}
2024-10-08 23:50:52,279 - INFO Retriever 0 - Observer: 好的，请继续你的下一步行动或思考。
2024-10-08 23:50:55,861 - INFO Retriever 0 - Agent主脑给出的回答为：{
    "get_folder_info": {
        "target_folder_path": "D:\\Unity\\open-project-1-main\\UOP1_Project\\Assets\\Scripts\\UI"
    }
}
2024-10-08 23:50:55,868 - INFO Retriever 0 - 是否成功解析：True
2024-10-08 23:50:55,868 - INFO Retriever 0 - operation_type (__det_dir_action):
2024-10-08 23:50:55,868 - INFO Retriever 0 - get_folder_info
2024-10-08 23:50:55,868 - INFO Retriever 0 - 

——————————————————————————————————————————————————————————————————————————————————————————————————————————————————————————
2024-10-08 23:50:55,869 - INFO Retriever 0 - Assistant:
2024-10-08 23:50:55,869 - INFO Retriever 0 - {
    "get_folder_info": {
        "target_folder_path": "D:\\Unity\\open-project-1-main\\UOP1_Project\\Assets\\Scripts\\UI"
    }
}
2024-10-08 23:50:55,869 - INFO Retriever 0 - dict_keys(['get_folder_info'])
2024-10-08 23:50:55,870 - INFO Retriever 0 - Agent主脑给出的行动：get_folder_info
参数：{'target_folder_path': 'D:\\Unity\\open-project-1-main\\UOP1_Project\\Assets\\Scripts\\UI'}
2024-10-08 23:50:55,920 - INFO Retriever 0 - Observer: 目标文件夹路径：D:\Unity\open-project-1-main\UOP1_Project\Assets\Scripts\UI
文件结构树（该结构树可能不完整，仅返回深度小于等于1层的子文件以及文件夹）：
├── Dialogue
│   ├── UIDialogueChoiceFiller.cs
│   ├── UIDialogueChoicesManager.cs
│   ├── UIDialogueManager.cs
├── FadeController.cs
├── Inventory
│   ├── UIActionButton.cs
│   ├── UIInspectorDescription.cs
│   ...
│   ├── UIItemForAnimation.cs
├── LoadingInterfaceController.cs
├── ScriptableObject
│   ├── InteractionSO.cs
├── Settings
│   ├── UIPaginationFiller.cs
│   ├── UISetButtonNavigation.cs
│   ├── UISettingFieldsFiller.cs
│   ├── UISettingItemFiller.cs
│   ├── UISettingTabFiller.cs
│   ├── UISettingTabsFiller.cs
│   ├── UISettingsController.cs
├── UIButtonPrompt.cs
├── UICredits.cs
├── UICreditsRoller.cs
├── UIGenericButton.cs
├── UIHealthBarManager.cs
├── UIHeartDisplay.cs
├── UIInteraction.cs
├── UIMainMenu.cs
├── UIManager.cs
├── UIMenuManager.cs
├── UIPause.cs
├── UIPopup.cs
├── UISpinner.cs


其中，部分主要文件及文件夹的信息如下：
1. UI
# 路径:D:/Unity/open-project-1-main/UOP1_Project\Assets\Scripts\UI
# 内容概述:“UI”文件夹汇集了Unity游戏开发中用于构建和管理用户界面的关键脚本。它涵盖了对话系统、库存管理、设置界面、加载界面、信用屏幕、通用按钮、健康条、心形显示、交互面板、主菜单、暂停界面、弹窗以及旋转动画等多个方面。这些脚本通过事件和函数调用相互协作，确保了游戏UI的完整性和交互性，共同构成了游戏流程中的关键用户界面元素。

2. Dialogue
# 路径:D:/Unity/open-project-1-main/UOP1_Project\Assets\Scripts\UI\Dialogue
# 内容概述:“Dialogue”文件夹汇集了Unity游戏对话系统的关键脚本，包括UIDialogueChoiceFiller.cs用于填充和响应用户对话选择，UIDialogueChoicesManager.cs负责管理对话选项的UI显示和错误处理，以及UIDialogueManager.cs作为对话流程的核心，负责对话文本和角色名称的显示以及选项的管理。这些脚本协同工作，确保了游戏对话的流畅和互动性。

3. Inventory
# 路径:D:/Unity/open-project-1-main/UOP1_Project\Assets\Scripts\UI\Inventory
# 内容概述:该“Inventory”文件夹汇集了Unity游戏开发中库存系统相关的多个C#脚本，旨在构建和管理玩家库存的UI界面。主要脚本包括处理UI按钮交互的`UIActionButton.cs`，显示物品描述和生命值的`UIInspectorDescription.cs`，以及管理食材信息和预览的`UIInspectorIngredientFiller.cs`和`UIInspectorIngredients.cs`。此外，`UIInventory.cs`负责库存的显示和交互，而`UIInventoryTab.cs`和`UIInventoryTabs.cs`则控制库存标签页的切换。这些脚本相互协作，共同构成了一个功能完备且交互丰富的库存系统UI。

4. ScriptableObject
# 路径:D:/Unity/open-project-1-main/UOP1_Project\Assets\Scripts\UI\ScriptableObject
# 内容概述:该“ScriptableObject”文件夹中的“InteractionSO.cs”文件定义了一个继承自`ScriptableObject`的`InteractionSO`类，旨在Unity中创建可重用的交互资源。该类存储并提供了交互名称、图标和类型的访问，便于在编辑器中配置和运行时使用。

5. Settings
# 路径:D:/Unity/open-project-1-main/UOP1_Project\Assets\Scripts\UI\Settings
# 内容概述:### 文件夹内容总结
“Settings”文件夹汇集了Unity游戏设置界面的关键脚本，包括管理分页指示器、设置字段填充、按钮导航、标签页交互以及整体设置界面控制的脚本。其中，`UIPaginationFiller.cs`负责分页指示器的显示和交互，`UISetButtonNavigation.cs`处理按钮导航，`UISettingFieldsFiller.cs`和`UISettingItemFiller.cs`负责填充和更新设置字段，`UISettingTabFiller.cs`和`UISettingTabsFiller.cs`管理标签页的显示和交互，而`UISettingsController.cs`作为核心控制器，整合并协调这些脚本的功能，确保设置界面的流畅操作和用户交互。

6. FadeController.cs
# 路径:D:/Unity/open-project-1-main/UOP1_Project\Assets\Scripts\UI\FadeController.cs
# 内容概述:该脚本“FadeController.cs”是Unity中用于管理屏幕淡入淡出效果的组件。它通过订阅`FadeChannelSO`事件来响应淡入或淡出指令，并使用Image组件实现视觉效果。脚本在启用时订阅事件，在禁用时取消订阅，核心函数`InitiateFade`接受淡入/淡出标志、持续时间和目标颜色参数，通过DOTween库的`DOBlendableColor`方法平滑过渡颜色，实现屏幕的淡入淡出效果。

7. LoadingInterfaceController.cs
# 路径:D:/Unity/open-project-1-main/UOP1_Project\Assets\Scripts\UI\LoadingInterfaceController.cs
# 内容概述:该脚本“LoadingInterfaceController.cs”是Unity项目中的组件，负责控制加载界面的显示与隐藏。它通过`BoolEventChannelSO`事件通道接收布尔值，以激活或禁用加载界面GameObject。脚本在启用时订阅事件，并在事件触发时切换加载界面的可见性，同时在禁用脚本时取消订阅，确保资源管理。主要包含`ToggleLoadingScreen`函数，用于根据事件状态控制加载界面的激活状态。

8. UIButtonPrompt.cs
# 路径:D:/Unity/open-project-1-main/UOP1_Project\Assets\Scripts\UI\UIButtonPrompt.cs
# 内容概述:该脚本是一个Unity组件，名为`UIButtonPrompt`，负责根据用户输入设备（键盘或控制器）切换按钮提示的图标和文本。脚本中定义了几个序列化字段，用于存储背景图、文本组件以及对应的图标和键码。主要方法`SetButtonPrompt`根据输入参数`isKeyboard`来更新提示信息，显示相应的图标和键码。

9. UICredits.cs
# 路径:D:/Unity/open-project-1-main/UOP1_Project\Assets\Scripts\UI\UICredits.cs
# 内容概述:该脚本“UICredits.cs”是Unity游戏开发中用于管理信用屏幕的C#代码。它定义了`CreditsList`和`ContributerProfile`类来存储和格式化贡献者信息。`UICredits`类负责在游戏结束时显示信用屏幕，包括从JSON资产加载贡献者列表、设置文本显示和响应关闭事件。脚本通过事件监听和状态管理来控制信用屏幕的显示和隐藏流程。

10. UICreditsRoller.cs
# 路径:D:/Unity/open-project-1-main/UOP1_Project\Assets\Scripts\UI\UICreditsRoller.cs
# 内容概述:UICreditsRoller.cs 是一个Unity脚本，用于控制UI文本的滚动效果。脚本中定义了滚动速度、输入响应和滚动结束逻辑。主要类UICreditsRoller包含开始滚动、处理输入、设置初始偏移和滚动结束的方法。脚本通过协程InitialOffset初始化文本位置，并在Update中持续更新文本位置以实现滚动。用户输入通过OnMove函数响应，可调整滚动速度。当滚动完成时，RollingEnd函数将触发事件或重置文本位置以重新开始滚动。

11. UIGenericButton.cs
# 路径:D:/Unity/open-project-1-main/UOP1_Project\Assets\Scripts\UI\UIGenericButton.cs
# 内容概述:该脚本“UIGenericButton.cs”是Unity中用于管理UI按钮的C#脚本。它通过`LocalizeStringEvent`支持按钮文本的本地化，并允许设置按钮的选择状态。脚本定义了`Clicked`事件以处理点击动作。主要功能包括：在禁用脚本时重置按钮状态，通过`SetButton`方法设置按钮的选择和文本，以及通过`SelectButton`和`Click`方法控制按钮的选择和触发点击事件。

12. UIHealthBarManager.cs
# 路径:D:/Unity/open-project-1-main/UOP1_Project\Assets\Scripts\UI\UIHealthBarManager.cs
# 内容概述:该脚本“UIHealthBarManager.cs”是Unity中用于管理玩家生命值UI显示的核心组件。它通过`UIHeartDisplay`数组来表示心跳图像，并监听`_UIUpdateNeeded`事件以响应生命值变化。脚本在启用时初始化健康条，并在生命值更新时通过`UpdateHeartImages`函数动态调整心跳图像的填充状态，确保玩家生命值在UI上实时反映。

13. UIHeartDisplay.cs
# 路径:D:/Unity/open-project-1-main/UOP1_Project\Assets\Scripts\UI\UIHeartDisplay.cs
# 内容概述:该脚本“UIHeartDisplay.cs”是Unity中用于控制心形UI显示的组件。它包含一个心形图像的填充控制以及背景透明度调整功能，以反映战斗状态。脚本通过`SetImage`方法根据传入的百分比调整心形图像的填充量，并相应调整背景透明度。同时，它监听战斗状态事件，通过`OnCombatState`方法控制背景图像的显示。脚本在启用时订阅事件，并在禁用时取消订阅，确保资源管理。

14. UIInteraction.cs
# 路径:D:/Unity/open-project-1-main/UOP1_Project\Assets\Scripts\UI\UIInteraction.cs
# 内容概述:该脚本定义了Unity组件`UIInteraction`，负责根据交互类型填充UI面板图标。主要方法`FillInteractionPanel`检查指定类型的交互是否存在，并相应地更新图标。脚本包含一个交互列表`_listInteractions`和一个用于显示图标的`_interactionIcon`。

15. UIMainMenu.cs
# 路径:D:/Unity/open-project-1-main/UOP1_Project\Assets\Scripts\UI\UIMainMenu.cs
# 内容概述:该脚本定义了`UIMainMenu`类，用于管理Unity游戏主菜单的按钮交互。它包含按钮引用和事件响应机制，允许根据游戏状态启用或禁用“继续游戏”按钮。主要功能模块包括按钮管理和事件触发，通过`SetMenuScreen`方法调整按钮状态，并通过一系列方法如`NewGameButton`等触发预设的UnityAction事件。

16. UIManager.cs
# 路径:D:/Unity/open-project-1-main/UOP1_Project\Assets\Scripts\UI\UIManager.cs
# 内容概述:### 脚本概述
`UIManager.cs` 是一个管理游戏UI元素的核心脚本，负责初始化和更新用户界面，包括菜单、对话框、库存和交互面板。它通过监听事件如场景准备、对话交互、库存操作等，来控制UI元素的显示和隐藏，并管理游戏状态。

### 关键模块与功能
- **UI元素管理**：脚本管理多个UI组件，如菜单选择处理器、弹出面板、对话管理器等。
- **事件响应**：脚本订阅并响应游戏事件，如打开/关闭对话框、库存操作、交互设置等。
- **状态控制**：脚本处理游戏状态变化，如暂停、设置、返回主菜单等。

### 主要类与函数
- **UIManager类**：包含管理UI和响应事件的方法，如`ResetUI`、`OpenUIDialogue`、`OpenUIPause`等。
- **事件处理函数**：如`OnEnable`和`OnDisable`用于事件订阅和取消订阅，确保资源有效管理。

17. UIMenuManager.cs
# 路径:D:/Unity/open-project-1-main/UOP1_Project\Assets\Scripts\UI\UIMenuManager.cs
# 内容概述:该脚本定义了 `UIMenuManager` 类，负责管理游戏菜单系统，包括初始化菜单界面、处理用户输入和事件广播。它通过配置和管理不同UI面板（如主菜单、设置、信用和弹出面板）以及保存系统来提供游戏菜单功能。脚本在 `Start()` 方法中初始化输入读取和菜单屏幕，并根据保存数据状态配置主菜单。此外，脚本还处理了开始新游戏、继续游戏、打开设置和信用屏幕等用户交互事件。

18. UIPause.cs
# 路径:D:/Unity/open-project-1-main/UOP1_Project\Assets\Scripts\UI\UIPause.cs
# 内容概述:该脚本“UIPause.cs”是Unity中用于管理游戏暂停界面的组件。它通过序列化字段与游戏对象关联，并通过事件系统与其他脚本通信。脚本包含暂停界面的打开/关闭逻辑，以及处理用户操作（如恢复游戏、打开设置、返回菜单）的功能。主要类为`UIPause`，其中`OnEnable`和`OnDisable`方法分别用于初始化和清理事件监听器，而`Resume`、`OpenSettingsScreen`和`BackToMainMenuConfirmation`方法分别响应恢复游戏、打开设置屏幕和返回主菜单的请求。

19. UIPopup.cs
# 路径:D:/Unity/open-project-1-main/UOP1_Project\Assets\Scripts\UI\UIPopup.cs
# 内容概述:该脚本定义了`UIPopup`类，用于在Unity中管理不同类型的弹窗，如退出、新游戏或菜单返回。它通过`PopupType`和`PopupButtonType`枚举来定义弹窗和按钮的行为。`UIPopup`类负责设置弹窗的标题和描述，控制按钮的显示和响应，支持确认和取消操作，并提供关闭弹窗的机制。类中包含了事件处理，如确认和取消按钮的点击事件，以及关闭弹窗的事件。在弹窗关闭或用户作出选择时，会触发相应的UnityAction事件。

20. UISpinner.cs
# 路径:D:/Unity/open-project-1-main/UOP1_Project\Assets\Scripts\UI\UISpinner.cs
# 内容概述:UISpinner.cs 是一个Unity脚本，用于控制UI元素的旋转动画。脚本继承自 MonoBehaviour，包含一个公共变量 `_rotateSpeed` 用于设置旋转速度，并在 Start 方法中初始化 UI 元素的 RectTransform 组件。在 Update 方法中，脚本根据 `_rotateSpeed` 和当前帧的时间差来更新 UI 元素的旋转角度，实现连续的旋转效果。


2024-10-08 23:51:00,311 - INFO Retriever 0 - Agent主脑给出的回答为：{
    "read_file": {
        "file_path": "D:\\Unity\\open-project-1-main\\UOP1_Project\\Assets\\Scripts\\UI\\Inventory\\UIInventory.cs"
    }
}
2024-10-08 23:51:00,311 - INFO Retriever 0 - 是否成功解析：True
2024-10-08 23:51:00,311 - INFO Retriever 0 - operation_type (__det_dir_action):
2024-10-08 23:51:00,315 - INFO Retriever 0 - read_file
2024-10-08 23:51:00,315 - INFO Retriever 0 - 

——————————————————————————————————————————————————————————————————————————————————————————————————————————————————————————
2024-10-08 23:51:00,315 - INFO Retriever 0 - Assistant:
2024-10-08 23:51:00,315 - INFO Retriever 0 - {
    "read_file": {
        "file_path": "D:\\Unity\\open-project-1-main\\UOP1_Project\\Assets\\Scripts\\UI\\Inventory\\UIInventory.cs"
    }
}
2024-10-08 23:51:00,315 - INFO Retriever 0 - dict_keys(['read_file'])
2024-10-08 23:51:00,315 - INFO Retriever 0 - Agent主脑给出的行动：read_file
参数：{'file_path': 'D:\\Unity\\open-project-1-main\\UOP1_Project\\Assets\\Scripts\\UI\\Inventory\\UIInventory.cs', 'top_path': 'D:\\Unity\\open-project-1-main\\UOP1_Project\\Assets', 'return_file_sum': <bound method TreeGenerationAction.return_file_sum of <Action.tree_gen_action.TreeGenerationAction object at 0x000001C8FA39ACD0>>}
2024-10-08 23:51:00,363 - INFO Retriever 0 - Observer: 这是一个名为“UIInventory.cs”的文件，该文件里的内容为：
由于脚本文件内容过长，暂时仅给出该脚本文件的内容总结:
- ### 总体概述
该脚本名为“UIInventory.cs”，是Unity游戏开发中用于管理玩家库存（Inventory）的用户界面（UI）类。它负责处理库存的显示、交互以及与游戏逻辑的通信。

### 模块和功能
- **库存显示与交互**：管理库存项的显示，允许玩家选择和操作库存中的物品。
- **库存切换**：根据不同的库存类型（如烹饪物品、装备等）切换显示。
- **事件监听与广播**：监听按钮点击、库存切换等事件，并广播事件以通知其他系统。

### 类和函数
- **UIInventory类**：包含库存UI的主要逻辑。
  - **方法和函数**：
    - `OnEnable` 和 `OnDisable`：处理组件的启用和禁用，用于注册和注销事件监听器。
    - `OnSwitchTab`：处理库存选项卡的切换。
    - `FillInventory`：填充库存UI。
    - `InteractionEnded`：处理交互结束事件。
    - `SetTabs`：设置库存选项卡。
    - `FillInvetoryItems`：填充库存项。
    - `UpdateItemInInventory`：更新库存项。
    - `InspectItem`：检查物品。
    - `ShowItemInformation` 和 `HideItemInformation`：显示和隐藏物品信息。
    - `UnselectItem`：取消选择物品。
    - `UpdateInventory`：更新库存。
    - `OnActionButtonClicked`：处理动作按钮点击事件。
    - `UseItem`、`EquipItem` 和 `CookRecipe`：处理物品的使用、装备和烹饪。
    - `OnChangeTab`：处理选项卡更改。
    - `CloseInventory`：关闭库存界面。

### 实现逻辑
- 脚本首先初始化和注册事件监听器。
- 当库存项被选中或选项卡被切换时，相应的UI元素会被更新。
- 用户通过动作按钮可以与库存项交互，如使用、装备或烹饪。
- 事件监听器会触发相应的游戏逻辑，如更新健康值或广播事件以通知其他系统。
2024-10-08 23:51:09,551 - INFO Retriever 0 - Agent主脑给出的回答为：{
    "deep_think": {
        "thoughts": "根据UIInventory.cs的内容总结，该脚本负责管理玩家库存的用户界面，包括显示、交互和与游戏逻辑的通信。虽然这个脚本与库存管理直接相关，但它可能不包含敌人掉落物品的种类和数量设置的详细信息。接下来，我需要进一步检查与敌人行为和掉落逻辑相关的脚本，例如可能存在于Scripts文件夹下的Enemy.cs或EnemyController.cs等文件。"
    }
}
2024-10-08 23:51:09,551 - INFO Retriever 0 - 是否成功解析：True
2024-10-08 23:51:09,551 - INFO Retriever 0 - operation_type (__det_dir_action):
2024-10-08 23:51:09,552 - INFO Retriever 0 - deep_think
2024-10-08 23:51:09,552 - INFO Retriever 0 - 

——————————————————————————————————————————————————————————————————————————————————————————————————————————————————————————
2024-10-08 23:51:09,552 - INFO Retriever 0 - Assistant:
2024-10-08 23:51:09,552 - INFO Retriever 0 - {
    "deep_think": {
        "thoughts": "根据UIInventory.cs的内容总结，该脚本负责管理玩家库存的用户界面，包括显示、交互和与游戏逻辑的通信。虽然这个脚本与库存管理直接相关，但它可能不包含敌人掉落物品的种类和数量设置的详细信息。接下来，我需要进一步检查与敌人行为和掉落逻辑相关的脚本，例如可能存在于Scripts文件夹下的Enemy.cs或EnemyController.cs等文件。"
    }
}
2024-10-08 23:51:09,553 - INFO Retriever 0 - dict_keys(['deep_think'])
2024-10-08 23:51:09,553 - INFO Retriever 0 - Agent主脑给出的行动：deep_think
参数：{'thoughts': '根据UIInventory.cs的内容总结，该脚本负责管理玩家库存的用户界面，包括显示、交互和与游戏逻辑的通信。虽然这个脚本与库存管理直接相关，但它可能不包含敌人掉落物品的种类和数量设置的详细信息。接下来，我需要进一步检查与敌人行为和掉落逻辑相关的脚本，例如可能存在于Scripts文件夹下的Enemy.cs或EnemyController.cs等文件。', 'repeat_counter': 1, 'continue_think_counter': 1}
2024-10-08 23:51:09,553 - INFO Retriever 0 - Observer: 好的，请继续你的下一步行动或思考。
2024-10-08 23:51:13,924 - INFO Retriever 0 - Agent主脑给出的回答为：{
    "get_folder_info": {
        "target_folder_path": "D:\\Unity\\open-project-1-main\\UOP1_Project\\Assets\\Scripts"
    }
}
2024-10-08 23:51:13,924 - INFO Retriever 0 - 是否成功解析：True
2024-10-08 23:51:13,925 - INFO Retriever 0 - operation_type (__det_dir_action):
2024-10-08 23:51:13,925 - INFO Retriever 0 - get_folder_info
2024-10-08 23:51:13,925 - INFO Retriever 0 - 

——————————————————————————————————————————————————————————————————————————————————————————————————————————————————————————
2024-10-08 23:51:13,925 - INFO Retriever 0 - Assistant:
2024-10-08 23:51:13,925 - INFO Retriever 0 - {
    "get_folder_info": {
        "target_folder_path": "D:\\Unity\\open-project-1-main\\UOP1_Project\\Assets\\Scripts"
    }
}
2024-10-08 23:51:13,926 - INFO Retriever 0 - dict_keys(['get_folder_info'])
2024-10-08 23:51:13,926 - INFO Retriever 0 - Agent主脑给出的行动：get_folder_info
参数：{'target_folder_path': 'D:\\Unity\\open-project-1-main\\UOP1_Project\\Assets\\Scripts'}
2024-10-08 23:51:13,956 - INFO Retriever 0 - Observer: 目标文件夹路径：D:\Unity\open-project-1-main\UOP1_Project\Assets\Scripts
文件结构树（该结构树可能不完整，仅返回深度小于等于1层的子文件以及文件夹）：
├── Animation
│   ├── RandomIdleAnimationBehaviour.cs
├── Audio
│   ├── AudioConfigApplier.cs
│   ├── AudioCue.cs
│   ...
│   ├── SoundEmitters
├── BaseClasses
│   ├── DescriptionBaseSO.cs
├── Camera
│   ├── CameraManager.cs
├── Characters
│   ├── Attack.cs
│   ├── Attacker.cs
│   ...
│   ├── ZoneTriggerController.cs
├── Cutscenes
│   ├── CutsceneAudioConfigSetter.cs
│   ├── CutsceneManager.cs
│   ├── CutsceneSceneLoader.cs
│   ├── CutsceneTrigger.cs
│   ├── DialogueControlTrack
│   ├── TimelineBinder.cs
├── Dialogues
│   ├── ActorSO.cs
│   ├── DialogueDataSO.cs
│   ├── DialogueManager.cs
│   ├── DialogueTrigger.cs
│   ├── Editor
├── EditorTools
│   ├── Attributes
│   ├── Editor
│   ├── MonoBehaviours
├── Effects
│   ├── DissolveHelper.cs
│   ├── FireLight.cs
│   ├── PlayerEffectController.cs
│   ├── VFXUtil.cs
│   ├── Watermill.cs
├── Events
│   ├── IntEventListener.cs
│   ├── NPCMovementSwitcher.cs
│   ├── ScriptableObjects
│   ├── VoidEventListener.cs
├── Factory
│   ├── FactorySO.cs
│   ├── IFactory.cs
├── Gameplay
│   ├── GameManager.cs
│   ├── GameStateSO.cs
│   ├── SpawnSystem.cs
├── Input
│   ├── GameInput.cs
│   ├── InputReader.cs
├── Interaction
│   ├── Interaction.cs
│   ├── InteractionManager.cs
├── Inventory
│   ├── CollectableItem.cs
│   ├── InventoryManager.cs
│   ├── ItemInstance.cs
│   ├── ItemPicker.cs
│   ├── ItemStack.cs
│   ├── ScriptableObjects
├── Localization
│   ├── Editor
│   ├── LocalizeSceneNameFromSO.cs
├── Menu
│   ├── MenuController.cs
│   ├── MenuSelectionHandler.cs
│   ├── MultiInputButton.cs
│   ├── MultiInputSelectableElement.cs
│   ├── README.md
├── Pool
│   ├── ComponentPoolSO.cs
│   ├── Example
│   ├── IPool.cs
│   ├── PoolSO.cs
├── Quests
│   ├── Editor
│   ├── QuestManager.asset
│   ├── QuestManagerSO.cs
│   ├── Resources
│   ├── ScriptableObjects
│   ├── StepController.cs
├── RuntimeAnchors
│   ├── PathStorageSO.cs
│   ├── RuntimeAnchorBase.cs
│   ├── TransformAnchor.cs
├── SaveSystem
│   ├── FileManager.cs
│   ├── Save.cs
│   ├── SaveSystem.cs
│   ├── SerializableScriptableObject.cs
│   ├── SerializedItemStack.cs
├── SceneManagement
│   ├── FallCatcher.cs
│   ├── InitializationLoader.cs
│   ├── LocationEntrance.cs
│   ├── LocationExit.cs
│   ├── SceneLoader.cs
│   ├── ScriptableObjects
│   ├── StartGame.cs
├── StateMachine
│   ├── Core
│   ├── Debugging
│   ├── Editor
│   ├── ScriptableObjects
│   ├── UOP1.StateMachine.asmdef
│   ├── Utilities
├── Systems
│   ├── Settings
├── UI
│   ├── Dialogue
│   ├── FadeController.cs
│   ...
│   ├── UISpinner.cs


其中，部分主要文件及文件夹的信息如下：
1. Scripts
# 路径:D:/Unity/open-project-1-main/UOP1_Project\Assets\Scripts
# 内容概述:“Scripts”文件夹是Unity游戏开发的核心，汇集了动画控制、音频管理、角色行为、摄像机操作、场景管理等关键脚本，旨在构建流畅的游戏体验。它还包含了对话系统、库存管理、用户界面、输入处理、交互逻辑等脚本，确保游戏交互丰富且直观。此外，文件夹内还涵盖了保存系统、状态机、系统设置、本地化工具以及编辑器辅助工具，以支持高效的游戏开发和资源管理。这些脚本相互协作，共同构成了一个功能全面、结构清晰的游戏开发框架。

2. Animation
# 路径:D:/Unity/open-project-1-main/UOP1_Project\Assets\Scripts\Animation
# 内容概述:该“Animation”文件夹专注于Unity动画控制，包含一个名为`RandomIdleAnimationBehaviour.cs`的脚本，该脚本继承自`StateMachineBehaviour`，负责在动画状态切换时随机选择并应用空闲动画，以丰富游戏角色的动画表现。

3. Audio
# 路径:D:/Unity/open-project-1-main/UOP1_Project\Assets\Scripts\Audio
# 内容概述:“Audio”文件夹汇集了Unity游戏音频开发的关键脚本，包括音频配置管理（如`AudioConfigurationSO.cs`）、音频剪辑播放控制（`AudioCueSO.cs`）、以及音频效果的管理和播放（`SoundEmitters`子文件夹）。其中，`AudioManager.cs`负责全面音频控制，而`MusicPlayer.cs`专注于音乐播放。此外，`AudioConfigApplier.cs`确保音频配置的即时应用，`AudioCue.cs`和`AudioCueOnTriggerEnter.cs`则处理音频事件和触发器逻辑，而`OrientListener.cs`则同步游戏对象与相机方向。这些脚本协同工作，为游戏提供丰富且高效的音频体验。

4. BaseClasses
# 路径:D:/Unity/open-project-1-main/UOP1_Project\Assets\Scripts\BaseClasses
# 内容概述:该“BaseClasses”文件夹内包含的“DescriptionBaseSO.cs”文件定义了一个继承自`SerializableScriptableObject`的`DescriptionBaseSO`类，旨在为Unity脚本对象提供一个带有描述文本存储功能的基类，便于在编辑器中序列化和管理对象描述。

5. Camera
# 路径:D:/Unity/open-project-1-main/UOP1_Project\Assets\Scripts\Camera
# 内容概述:该“Camera”文件夹专注于“CameraManager.cs”脚本，该脚本负责管理游戏摄像机，包括控制移动、鼠标锁定、震动响应等，通过模块化设计实现摄像机行为的全面管理，确保游戏体验的流畅性。

6. Characters
# 路径:D:/Unity/open-project-1-main/UOP1_Project\Assets\Scripts\Characters
# 内容概述:“Characters”文件夹汇集了Unity游戏开发中角色相关的脚本资源，包括角色配置（如攻击、奖励、效果和NPC移动）、状态机逻辑、音频处理以及角色行为控制。文件夹内分为多个子目录，如Config存储角色配置脚本，StateMachine包含构建游戏逻辑的脚本，Audio则专注于角色音效。此外，Attack、Attacker、Critter等脚本负责角色具体行为，而NPC、Protagonist等则涉及角色状态和交互。整体上，这些脚本相互协作，共同构成了游戏中的角色系统。

7. Cutscenes
# 路径:D:/Unity/open-project-1-main/UOP1_Project\Assets\Scripts\Cutscenes
# 内容概述:“Cutscenes”文件夹汇集了Unity游戏开发中用于管理和控制场景播放的脚本。它包含对话控制脚本，如`DialogueBehaviour`、`DialogueClip`和`DialogueTrack`，负责对话的显示和播放；音频配置脚本`CutsceneAudioConfigSetter`，用于调整场景中的音量；场景管理脚本`CutsceneManager`，负责场景的播放、暂停和对话显示；场景加载脚本`CutsceneSceneLoader`，用于加载特定场景；触发脚本`CutsceneTrigger`，用于触发场景播放；以及时间轴绑定脚本`TimelineBinder`，确保游戏对象与时间轴同步。这些脚本相互协作，共同构建了游戏中的场景系统。

8. Dialogues
# 路径:D:/Unity/open-project-1-main/UOP1_Project\Assets\Scripts\Dialogues
# 内容概述:“Dialogues”文件夹汇集了Unity对话系统的核心组件，包括扩展Locale系统的CustomMetadata.cs脚本，用于创建和管理角色的ActorSO.cs，定义对话数据的DialogueDataSO.cs，负责对话逻辑的DialogueManager.cs，以及触发对话的DialogueTrigger.cs。这些文件协同工作，为游戏提供丰富且动态的对话体验。

9. EditorTools
# 路径:D:/Unity/open-project-1-main/UOP1_Project\Assets\Scripts\EditorTools
# 内容概述:“EditorTools”文件夹汇集了Unity编辑器增强工具，包括实现只读属性系统的`Attributes`子文件夹、自定义编辑器界面的`Editor`子文件夹，以及提供点击放置、传送、光贴图缩放等编辑器工具的`MonoBehaviours`子文件夹。这些工具旨在提升编辑效率和功能扩展。

10. Effects
# 路径:D:/Unity/open-project-1-main/UOP1_Project\Assets\Scripts\Effects
# 内容概述:“Effects”文件夹汇集了Unity游戏开发中用于创建视觉效果的脚本，包括实现物体溶解的DissolveHelper.cs、模拟火焰动态亮度的FireLight.cs、控制玩家动作粒子效果的PlayerEffectController.cs、数值范围重映射的VFXUtil.cs，以及动态旋转水车轮子的Watermill.cs。这些脚本相互关联，共同构成了游戏中的丰富视觉效果系统。

11. Events
# 路径:D:/Unity/open-project-1-main/UOP1_Project\Assets\Scripts\Events
# 内容概述:“Events”文件夹汇集了Unity游戏开发中用于构建交互式游戏体验的关键脚本。它包含多种事件处理脚本，如对话选择、屏幕淡入淡出、NPC移动等，通过事件通道机制实现模块化交互。文件夹内脚本如`DialogueChoiceChannelSO`、`NPCMovementEventChannelSO`等，共同构建了一个灵活的事件驱动系统，支持游戏逻辑与UI的紧密集成。

12. Factory
# 路径:D:/Unity/open-project-1-main/UOP1_Project\Assets\Scripts\Factory
# 内容概述:### 文件夹内容概述
“Factory”文件夹内包含用于Unity游戏开发的工厂模式相关代码。主要文件包括`FactorySO.cs`，它定义了一个泛型工厂类`FactorySO<T>`，继承自`ScriptableObject`并实现`IFactory<T>`接口，用于创建和管理游戏对象的实例。`IFactory.cs`则定义了`IFactory<T>`接口，规范了工厂模式中创建对象的接口标准。这两个文件共同构成了一个灵活的工厂模式实现，便于在Unity编辑器中管理游戏对象生成。

13. Gameplay
# 路径:D:/Unity/open-project-1-main/UOP1_Project\Assets\Scripts\Gameplay
# 内容概述:## 文件夹内容精简总结

“Gameplay”文件夹汇集了Unity游戏开发的核心脚本，包括`GameManager.cs`用于管理游戏状态和事件，`GameStateSO.cs`负责跟踪和管理游戏状态变化，以及`SpawnSystem.cs`负责玩家的生成逻辑。这些脚本相互协作，共同构成了游戏的核心功能框架。

14. Input
# 路径:D:/Unity/open-project-1-main/UOP1_Project\Assets\Scripts\Input
# 内容概述:## 文件夹内容精简总结

该“Input”文件夹汇集了游戏输入管理脚本，包含`GameInput.cs`和`InputReader.cs`两个关键文件。`GameInput.cs`定义了`@GameInput`类，负责处理游戏输入，包括玩法、菜单、对话和作弊等模块，并实现了资源管理。`InputReader.cs`则继承自`DescriptionBaseSO`，实现了对游戏输入事件的管理，如跳跃、攻击等，并通过事件和回调函数将输入事件传递给相应系统。两者协同工作，确保游戏输入的模块化和高效处理。

15. Interaction
# 路径:D:/Unity/open-project-1-main/UOP1_Project\Assets\Scripts\Interaction
# 内容概述:### 文件夹内容总结

“Interaction”文件夹内包含两个关键脚本，旨在Unity游戏开发中处理玩家与游戏对象的交互。`Interaction.cs`定义了一个公共类，用于封装交互类型和对象，而`InteractionManager.cs`则是一个Unity组件，负责管理玩家与游戏对象的交互，包括拾取、烹饪和交谈，并通过事件监听和UI更新来响应这些交互。这两个脚本协同工作，为游戏中的交互逻辑提供了坚实的基础。

16. Inventory
# 路径:D:/Unity/open-project-1-main/UOP1_Project\Assets\Scripts\Inventory
# 内容概述:### 文件夹内容总结

“Inventory”文件夹汇集了Unity游戏开发中用于管理游戏内物品、库存、食谱和类型数据的脚本。核心脚本包括定义库存、物品类型、食谱和本地化信息的ScriptableObject类，以及处理可收集物品动画和状态的CollectableItem类。InventoryManager类负责库存管理，包括物品的增减和事件监听。此外，ItemInstance和ItemPicker类分别提供对物品实例的访问和选择项目的能力，而ItemStack类用于表示和管理物品堆叠。这些脚本相互协作，共同构建了一个模块化和可扩展的游戏内容管理系统。

17. Localization
# 路径:D:/Unity/open-project-1-main/UOP1_Project\Assets\Scripts\Localization
# 内容概述:### 文件夹内容总结

“Localization”文件夹汇集了Unity游戏本地化工具，包括用于TextMeshProUGUI组件的文本和字体本地化脚本（LocalizeComponent_TMProFont.cs和LocalizeTMProFontEvent.cs），以及一个用于场景名称本地化的脚本（LocalizeSceneNameFromSO.cs）。这些脚本协同工作，确保游戏中的文本和字体能够根据不同语言进行本地化处理。

18. Menu
# 路径:D:/Unity/open-project-1-main/UOP1_Project\Assets\Scripts\Menu
# 内容概述:“Menu”文件夹汇集了Unity游戏菜单系统的核心脚本，包括`MenuController.cs`负责菜单的显示与暂停控制，`MenuSelectionHandler.cs`处理用户选择与交互，`MultiInputButton.cs`和`MultiInputSelectableElement.cs`则增强了按钮的输入响应和交互事件处理。这些脚本协同工作，构建了一个功能完备的菜单交互系统，并通过`README.md`文档提供详细的设置和使用指导。

19. Pool
# 路径:D:/Unity/open-project-1-main/UOP1_Project\Assets\Scripts\Pool
# 内容概述:### 文件夹内容概览

“Pool”文件夹汇集了Unity游戏开发中用于粒子系统和对象池管理的脚本与配置文件。包含粒子系统配置、全局粒子池定义、对象池测试脚本以及对象池和组件池的管理脚本。这些资源旨在优化游戏性能和资源利用，通过对象池机制提高资源重用效率，并支持粒子系统的灵活配置和测试。

20. Quests
# 路径:D:/Unity/open-project-1-main/UOP1_Project\Assets\Scripts\Quests
# 内容概述:### 文件夹内容概览
“Quests”文件夹是Unity游戏开发的核心资源集，专注于任务和对话系统的设计。它包含角色图像、UI布局文件、编辑器脚本和可序列化对象，如任务、任务线和步骤的数据结构。文件夹内分为资源管理、编辑器配置、脚本对象和任务管理器，确保了从资源编辑到任务流程控制的连贯性。关键文件如“QuestManagerSO.cs”和“StepController.cs”负责任务流程和对话步骤的管理，而“Resources”和“ScriptableObjects”则提供了必要的配置和数据支持。

21. RuntimeAnchors
# 路径:D:/Unity/open-project-1-main/UOP1_Project\Assets\Scripts\RuntimeAnchors
# 内容概述:该“RuntimeAnchors”文件夹汇集了Unity游戏开发中路径存储和锚点管理的脚本。其中，`PathStorageSO.cs`负责持久化存储游戏路径信息，而`RuntimeAnchorBase.cs`提供了一个泛型锚点管理框架，`TransformAnchor.cs`则基于此框架实现与`Transform`组件关联的运行时锚点，以支持游戏中的导航和动画。这些脚本相互协作，为游戏场景管理和对象定位提供核心功能。

22. SaveSystem
# 路径:D:/Unity/open-project-1-main/UOP1_Project\Assets\Scripts\SaveSystem
# 内容概述:### 文件夹内容概要
“SaveSystem”文件夹汇集了Unity游戏开发中数据管理的关键脚本。主要包括`FileManager.cs`，负责本地文件读写和移动；`Save.cs`，用于序列化游戏设置和状态；`SaveSystem.cs`，管理游戏数据的保存与加载；`SerializableScriptableObject.cs`，实现Unity编辑器中对象的唯一标识；以及`SerializedItemStack.cs`，封装物品堆栈的序列化信息。这些脚本协同工作，确保游戏数据的有效保存和恢复。

23. SceneManagement
# 路径:D:/Unity/open-project-1-main/UOP1_Project\Assets\Scripts\SceneManagement
# 内容概述:“SceneManagement”文件夹汇集了Unity游戏开发的核心脚本，旨在高效管理游戏场景与设置。其中，ScriptableObjects子文件夹封装了游戏场景、位置、菜单等数据，通过继承基类实现通用场景管理功能。FallCatcher、InitializationLoader、LocationEntrance、LocationExit等脚本分别处理玩家碰撞、游戏初始化、位置入口与出口逻辑。SceneLoader负责场景的异步加载与卸载，而StartGame则管理游戏开始流程，包括新游戏和继续游戏选项。整体上，这些脚本协同工作，确保游戏场景的流畅切换和玩家交互的顺畅进行。

24. StateMachine
# 路径:D:/Unity/open-project-1-main/UOP1_Project\Assets\Scripts\StateMachine
# 内容概述:“StateMachine”文件夹汇集了Unity游戏开发中状态机框架的C#脚本，包括核心组件如状态、动作、条件和转换，以及状态机的管理逻辑。其中，“Core”子文件夹包含基础脚本，如状态组件接口、状态类、动作和条件抽象类，以及状态机核心类；“Debugging”子文件夹提供状态机调试工具；“Editor”子文件夹则集成了状态机设计和编辑工具，如模板、编辑器扩展和窗口；“ScriptableObjects”子文件夹定义了可序列化的对象，用于配置状态机组件；“Utilities”子文件夹提供自定义属性，用于标记初始化字段；“UOP1.StateMachine.asmdef”文件则定义了状态机模块的编译设置和依赖。

25. Systems
# 路径:D:/Unity/open-project-1-main/UOP1_Project\Assets\Scripts\Systems
# 内容概述:“Systems”文件夹汇集了Unity游戏设置管理的关键脚本，包括用于存储设置的`SettingsSO.cs`、管理设置的`SettingsSystem.cs`，以及负责音量、图形和语言设置的UI组件（如`UISettingsAudioComponent.cs`、`UISettingsGraphicsComponent.cs`和`UISettingsLanguageComponent.cs`）。这些脚本紧密协作，通过序列化机制实现设置数据的存储和用户交互，共同构成了一个完整的游戏设置管理系统。

26. UI
# 路径:D:/Unity/open-project-1-main/UOP1_Project\Assets\Scripts\UI
# 内容概述:“UI”文件夹汇集了Unity游戏开发中用于构建和管理用户界面的关键脚本。它涵盖了对话系统、库存管理、设置界面、加载界面、信用屏幕、通用按钮、健康条、心形显示、交互面板、主菜单、暂停界面、弹窗以及旋转动画等多个方面。这些脚本通过事件和函数调用相互协作，确保了游戏UI的完整性和交互性，共同构成了游戏流程中的关键用户界面元素。


2024-10-08 23:51:19,500 - INFO Retriever 0 - Agent主脑给出的回答为：{
    "read_file": {
        "file_path": "D:\\Unity\\open-project-1-main\\UOP1_Project\\Assets\\Scripts\\Characters\\Enemy.cs"
    }
}
2024-10-08 23:51:19,500 - INFO Retriever 0 - 是否成功解析：True
2024-10-08 23:51:19,501 - INFO Retriever 0 - operation_type (__det_dir_action):
2024-10-08 23:51:19,501 - INFO Retriever 0 - read_file
2024-10-08 23:51:19,501 - INFO Retriever 0 - 

——————————————————————————————————————————————————————————————————————————————————————————————————————————————————————————
2024-10-08 23:51:19,501 - INFO Retriever 0 - Assistant:
2024-10-08 23:51:19,502 - INFO Retriever 0 - {
    "read_file": {
        "file_path": "D:\\Unity\\open-project-1-main\\UOP1_Project\\Assets\\Scripts\\Characters\\Enemy.cs"
    }
}
2024-10-08 23:51:19,502 - INFO Retriever 0 - dict_keys(['read_file'])
2024-10-08 23:51:19,502 - INFO Retriever 0 - Agent主脑给出的行动：read_file
参数：{'file_path': 'D:\\Unity\\open-project-1-main\\UOP1_Project\\Assets\\Scripts\\Characters\\Enemy.cs', 'top_path': 'D:\\Unity\\open-project-1-main\\UOP1_Project\\Assets', 'return_file_sum': <bound method TreeGenerationAction.return_file_sum of <Action.tree_gen_action.TreeGenerationAction object at 0x000001C8FA39ACD0>>}
2024-10-08 23:51:19,504 - INFO Retriever 0 - Observer: D:\Unity\open-project-1-main\UOP1_Project\Assets\Scripts\Characters\Enemy.cs 路径错误。

2024-10-08 23:51:27,466 - INFO Retriever 0 - Agent主脑给出的回答为：{
    "deep_think": {
        "thoughts": "在尝试读取Enemy.cs文件时，我遇到了路径错误。这可能是因为文件名或路径不正确。为了解决这个问题，我需要再次使用get_folder_info操作来获取Characters文件夹下的文件信息，以便找到正确的Enemy.cs文件路径。"
    }
}
2024-10-08 23:51:27,467 - INFO Retriever 0 - 是否成功解析：True
2024-10-08 23:51:27,467 - INFO Retriever 0 - operation_type (__det_dir_action):
2024-10-08 23:51:27,467 - INFO Retriever 0 - deep_think
2024-10-08 23:51:27,467 - INFO Retriever 0 - 

——————————————————————————————————————————————————————————————————————————————————————————————————————————————————————————
2024-10-08 23:51:27,467 - INFO Retriever 0 - Assistant:
2024-10-08 23:51:27,467 - INFO Retriever 0 - {
    "deep_think": {
        "thoughts": "在尝试读取Enemy.cs文件时，我遇到了路径错误。这可能是因为文件名或路径不正确。为了解决这个问题，我需要再次使用get_folder_info操作来获取Characters文件夹下的文件信息，以便找到正确的Enemy.cs文件路径。"
    }
}
2024-10-08 23:51:27,469 - INFO Retriever 0 - dict_keys(['deep_think'])
2024-10-08 23:51:27,469 - INFO Retriever 0 - Agent主脑给出的行动：deep_think
参数：{'thoughts': '在尝试读取Enemy.cs文件时，我遇到了路径错误。这可能是因为文件名或路径不正确。为了解决这个问题，我需要再次使用get_folder_info操作来获取Characters文件夹下的文件信息，以便找到正确的Enemy.cs文件路径。', 'repeat_counter': 1, 'continue_think_counter': 1}
2024-10-08 23:51:27,469 - INFO Retriever 0 - Observer: 好的，请继续你的下一步行动或思考。
2024-10-08 23:51:37,143 - INFO Retriever 0 - Agent主脑给出的回答为：{
    "get_folder_info": {
        "target_folder_path": "D:\\Unity\\open-project-1-main\\UOP1_Project\\Assets\\Scripts\\Characters"
    }
}
2024-10-08 23:51:37,143 - INFO Retriever 0 - 是否成功解析：True
2024-10-08 23:51:37,143 - INFO Retriever 0 - operation_type (__det_dir_action):
2024-10-08 23:51:37,143 - INFO Retriever 0 - get_folder_info
2024-10-08 23:51:37,143 - INFO Retriever 0 - 

——————————————————————————————————————————————————————————————————————————————————————————————————————————————————————————
2024-10-08 23:51:37,144 - INFO Retriever 0 - Assistant:
2024-10-08 23:51:37,144 - INFO Retriever 0 - {
    "get_folder_info": {
        "target_folder_path": "D:\\Unity\\open-project-1-main\\UOP1_Project\\Assets\\Scripts\\Characters"
    }
}
2024-10-08 23:51:37,144 - INFO Retriever 0 - dict_keys(['get_folder_info'])
2024-10-08 23:51:37,145 - INFO Retriever 0 - Agent主脑给出的行动：get_folder_info
参数：{'target_folder_path': 'D:\\Unity\\open-project-1-main\\UOP1_Project\\Assets\\Scripts\\Characters'}
2024-10-08 23:51:37,194 - INFO Retriever 0 - Observer: 目标文件夹路径：D:\Unity\open-project-1-main\UOP1_Project\Assets\Scripts\Characters
文件结构树（该结构树可能不完整，仅返回深度小于等于1层的子文件以及文件夹）：
├── Attack.cs
├── Attacker.cs
├── CharacterAudio.cs
├── Config
│   ├── AttackConfigSO.cs
│   ├── DroppableRewardConfigSO.cs
│   ...
│   ├── SpecialDroppableRewardConfigSO.cs
├── Critter.cs
├── CritterAudio.cs
├── Damageable.cs
├── DropGroup.cs
├── DropItem.cs
├── HealthSO.cs
├── MovingCritterAttackController.cs
├── NPC.cs
├── NPCAudio.cs
├── NPCMovement.cs
├── Protagonist.cs
├── ProtagonistAudio.cs
├── StateMachine
│   ├── Actions
│   ├── Conditions
├── ZoneTriggerController.cs


其中，部分主要文件及文件夹的信息如下：
1. Characters
# 路径:D:/Unity/open-project-1-main/UOP1_Project\Assets\Scripts\Characters
# 内容概述:“Characters”文件夹汇集了Unity游戏开发中角色相关的脚本资源，包括角色配置（如攻击、奖励、效果和NPC移动）、状态机逻辑、音频处理以及角色行为控制。文件夹内分为多个子目录，如Config存储角色配置脚本，StateMachine包含构建游戏逻辑的脚本，Audio则专注于角色音效。此外，Attack、Attacker、Critter等脚本负责角色具体行为，而NPC、Protagonist等则涉及角色状态和交互。整体上，这些脚本相互协作，共同构成了游戏中的角色系统。

2. Config
# 路径:D:/Unity/open-project-1-main/UOP1_Project\Assets\Scripts\Characters\Config
# 内容概述:该“Config”文件夹汇集了Unity游戏开发中的关键配置类，包括`AttackConfigSO`用于攻击参数配置，`DroppableRewardConfigSO`与`SpecialDroppableRewardConfigSO`管理奖励掉落，`HealthConfigSO`设定实体健康值，`GetHitEffectConfigSO`定义玩家受击效果，`NPCMovementConfigSO`与`PathwayConfigSO`和`RoamingAroundCenterConfigSO`控制NPC移动。这些配置类均继承自`ScriptableObject`，便于在Unity编辑器中创建和管理，确保游戏配置的灵活性和可维护性。

3. StateMachine
# 路径:D:/Unity/open-project-1-main/UOP1_Project\Assets\Scripts\Characters\StateMachine
# 内容概述:“StateMachine”文件夹汇集了Unity游戏开发中用于构建角色行为和逻辑的关键资源，分为“Actions”和“Conditions”两大类。在“Actions”中，脚本如`NPCMovementAction`和`AnimatorParameterActionSO`定义了NPC的移动和动画控制等行为；而“Conditions”中的脚本如`HasHitHeadConditionSO`和`IsDeadConditionSO`则用于判断游戏对象的状态，两者协同工作，通过状态机实现丰富的游戏交互和动态行为。

4. Attack.cs
# 路径:D:/Unity/open-project-1-main/UOP1_Project\Assets\Scripts\Characters\Attack.cs
# 内容概述:“Attack.cs”脚本定义了一个Unity组件`Attack`，负责管理游戏对象的攻击行为。该组件在对象激活时默认隐藏，并在触发碰撞时检测目标是否为友军。若目标非友军且具有`Damageable`组件，则根据预设的攻击配置对目标造成伤害。主要功能模块包括攻击配置管理和碰撞检测，核心逻辑涉及游戏对象的激活状态和触发事件处理。

5. Attacker.cs
# 路径:D:/Unity/open-project-1-main/UOP1_Project\Assets\Scripts\Characters\Attacker.cs
# 内容概述:该脚本“Attacker.cs”是Unity游戏开发中用于控制游戏对象攻击状态的组件。它包含一个名为`Attacker`的类，该类继承自`MonoBehaviour`。类中定义了两个方法：`EnableWeapon()`和`DisableWeapon()`，分别用于启用和禁用攻击碰撞器（_attackCollider），以此控制游戏中的攻击功能。

6. CharacterAudio.cs
# 路径:D:/Unity/open-project-1-main/UOP1_Project\Assets\Scripts\Characters\CharacterAudio.cs
# 内容概述:该脚本“CharacterAudio.cs”是Unity中用于处理角色音频的组件脚本。它包含一个`PlayAudio`函数，用于在非“Cutscene”游戏状态下播放指定音频效果，通过序列化字段引用音频事件通道、配置和游戏状态。该函数根据当前游戏状态决定是否触发音频播放事件。

7. Critter.cs
# 路径:D:/Unity/open-project-1-main/UOP1_Project\Assets\Scripts\Characters\Critter.cs
# 内容概述:该脚本定义了Unity游戏中的Critter类，负责管理警报和攻击区域状态，并处理目标。Critter类包含两个公共变量`isPlayerInAlertZone`和`isPlayerInAttackZone`来追踪玩家位置，以及一个`currentTarget`变量用于存储当前目标。主要方法`OnAlertTriggerChange`和`OnAttackTriggerChange`分别处理玩家进入或离开警报和攻击区域，更新状态并可能设置当前目标。当目标死亡时，`OnTargetDead`方法被调用来清除目标并重置区域状态。

8. CritterAudio.cs
# 路径:D:/Unity/open-project-1-main/UOP1_Project\Assets\Scripts\Characters\CritterAudio.cs
# 内容概述:该脚本`CritterAudio`继承自`CharacterAudio`，负责为游戏中的Critter角色管理音频播放。它定义了五个音频剪辑，分别对应空闲、移动、攻击、受到攻击和死亡状态。脚本提供了五个方法，对应不同的动作状态，如`PlayIdleSound()`、`PlayMoveSound()`等，这些方法都调用了通用的`PlayAudio`函数来播放相应的音频剪辑，并考虑到了植物生物不播放移动音效的特殊情况。

9. Damageable.cs
# 路径:D:/Unity/open-project-1-main/UOP1_Project\Assets\Scripts\Characters\Damageable.cs
# 内容概述:"Damageable.cs" 是一个Unity C#脚本，负责管理游戏对象的健康状态。它定义了生命值、攻击响应和死亡事件，并支持生命恢复。脚本通过`HealthSO`对象跟踪生命值，允许对象接收攻击并减少生命值，当生命值降至零时触发死亡事件。此外，它还支持通过事件恢复生命值，并在对象复活或生命值变化时更新UI。脚本通过事件通道广播生命状态变化，便于其他系统监听和处理。

10. DropGroup.cs
# 路径:D:/Unity/open-project-1-main/UOP1_Project\Assets\Scripts\Characters\DropGroup.cs
# 内容概述:该脚本定义了一个名为`DropGroup`的Unity C#类，用于管理游戏中的掉落物品列表及其掉落概率。类中包含一个序列化的`_drops`列表用于存储掉落物品，以及一个序列化的`_dropRate`浮点数表示掉落概率。通过`Drops`和`DropRate`两个只读属性，可以访问这些数据。整体上，`DropGroup`类为Unity游戏中的物品掉落逻辑提供了一个数据封装。

11. DropItem.cs
# 路径:D:/Unity/open-project-1-main/UOP1_Project\Assets\Scripts\Characters\DropItem.cs
# 内容概述:“DropItem.cs”文件定义了一个Unity C#类`DropItem`，用于封装物品掉落数据。该类包含两个字段：`_item`存储掉落的物品，`_itemDropRate`存储掉落概率。类提供了对应的只读属性`Item`和`ItemDropRate`以供外部访问，主要作为数据容器使用，不包含掉落逻辑。

12. HealthSO.cs
# 路径:D:/Unity/open-project-1-main/UOP1_Project\Assets\Scripts\Characters\HealthSO.cs
# 内容概述:该脚本定义了Unity中角色的生命值管理类`HealthSO`，包含最大生命值`_maxHealth`和当前生命值`_currentHealth`。类提供设置最大生命值、当前生命值以及处理伤害和恢复生命值的功能。通过`InflictDamage`减少生命值，`RestoreHealth`增加生命值并限制不超过最大值。此脚本适用于玩家或NPC的生命值配置。

13. MovingCritterAttackController.cs
# 路径:D:/Unity/open-project-1-main/UOP1_Project\Assets\Scripts\Characters\MovingCritterAttackController.cs
# 内容概述:该脚本“MovingCritterAttackController.cs”是Unity中用于控制移动生物攻击动画的组件。它包含设置攻击目标位置和触发推进动画的功能。脚本中定义了`SetAttackTarget()`和`AttackPropelTrigger()`两个方法，分别用于确定攻击目标并启动推进动画。在`Update()`方法中，生物根据预设的推进向量向目标移动，直至动画结束。

14. NPC.cs
# 路径:D:/Unity/open-project-1-main/UOP1_Project\Assets\Scripts\Characters\NPC.cs
# 内容概述:该脚本定义了一个NPC类，用于管理NPC的状态，包括空闲、行走和交谈。NPC类包含一个NPCState枚举来指定当前状态，以及一个GameObject数组来存储NPC正在交谈的对象。`SwitchToWalkState`方法触发NPC状态切换到行走，而`WaitBeforeSwitch`协程在状态切换前引入随机延迟，以增加NPC行为的自然性。

15. NPCAudio.cs
# 路径:D:/Unity/open-project-1-main/UOP1_Project\Assets\Scripts\Characters\NPCAudio.cs
# 内容概述:该脚本“NPCAudio.cs”继承自CharacterAudio，负责管理NPC的音频播放。它定义了播放脚步声、对话和唱歌的四个方法，分别对应不同的音频资源。通过继承和封装，脚本简化了NPC音频播放的逻辑，使得音频控制更加集中和高效。

16. NPCMovement.cs
# 路径:D:/Unity/open-project-1-main/UOP1_Project\Assets\Scripts\Characters\NPCMovement.cs
# 内容概述:该脚本“NPCMovement.cs”是Unity中用于控制NPC移动的组件。它通过`NPCMovementConfigSO`接收NPC移动配置，并通过`NPCMovementEventChannelSO`响应事件以更新配置。脚本在启用时订阅事件，定义的`Respond`函数负责接收事件并更新配置。

17. Protagonist.cs
# 路径:D:/Unity/open-project-1-main/UOP1_Project\Assets\Scripts\Characters\Protagonist.cs
# 内容概述:该脚本定义了Unity中的`Protagonist`类，作为主角的输入处理组件。它通过`InputReader`接收玩家输入，如移动、跳跃和攻击，并将这些输入传递给状态机处理。脚本中包含状态管理字段，如跳跃和攻击标志，以及用于计算和存储移动向量的变量。`Protagonist`类注册了输入事件监听器，并在`Update`方法中重新计算移动向量，根据输入和相机方向调整移动逻辑。此外，脚本还处理了跳跃、攻击等事件，并提供了攻击输入的消费方法。

18. ProtagonistAudio.cs
# 路径:D:/Unity/open-project-1-main/UOP1_Project\Assets\Scripts\Characters\ProtagonistAudio.cs
# 内容概述:该脚本“ProtagonistAudio.cs”是Unity中用于管理主角音频的类，继承自`CharacterAudio`。它定义了多个私有`AudioCueSO`变量，分别关联主角行走、跳跃、挥杖、拾取物品、受伤、死亡和说话等动作的音效。脚本提供了播放这些音效的方法，如`PlayFootstep()`和`PlayDie()`，每个方法调用内部`PlayAudio()`函数，传入相应音效和主角位置信息以播放音效。

19. ZoneTriggerController.cs
# 路径:D:/Unity/open-project-1-main/UOP1_Project\Assets\Scripts\Characters\ZoneTriggerController.cs
# 内容概述:该脚本“ZoneTriggerController.cs”是Unity中用于管理触发区域事件的核心组件。它包含一个自定义的`BoolEvent`事件，用于处理对象进入或离开指定层的触发区域。`ZoneTriggerController`类负责检测对象的进入和退出，并在适当的时候触发事件。该类通过`OnTriggerEnter`和`OnTriggerExit`方法实现逻辑，仅对指定层上的对象响应，并在事件中传递状态和触发对象。


2024-10-08 23:51:43,772 - INFO Retriever 0 - Agent主脑给出的回答为：{
    "read_file": {
        "file_path": "D:\\Unity\\open-project-1-main\\UOP1_Project\\Assets\\Scripts\\Characters\\Config\\DroppableRewardConfigSO.cs"
    }
}
2024-10-08 23:51:43,773 - INFO Retriever 0 - 是否成功解析：True
2024-10-08 23:51:43,773 - INFO Retriever 0 - operation_type (__det_dir_action):
2024-10-08 23:51:43,773 - INFO Retriever 0 - read_file
2024-10-08 23:51:43,774 - INFO Retriever 0 - 

——————————————————————————————————————————————————————————————————————————————————————————————————————————————————————————
2024-10-08 23:51:43,774 - INFO Retriever 0 - Assistant:
2024-10-08 23:51:43,774 - INFO Retriever 0 - {
    "read_file": {
        "file_path": "D:\\Unity\\open-project-1-main\\UOP1_Project\\Assets\\Scripts\\Characters\\Config\\DroppableRewardConfigSO.cs"
    }
}
2024-10-08 23:51:43,774 - INFO Retriever 0 - dict_keys(['read_file'])
2024-10-08 23:51:43,775 - INFO Retriever 0 - Agent主脑给出的行动：read_file
参数：{'file_path': 'D:\\Unity\\open-project-1-main\\UOP1_Project\\Assets\\Scripts\\Characters\\Config\\DroppableRewardConfigSO.cs', 'top_path': 'D:\\Unity\\open-project-1-main\\UOP1_Project\\Assets', 'return_file_sum': <bound method TreeGenerationAction.return_file_sum of <Action.tree_gen_action.TreeGenerationAction object at 0x000001C8FA39ACD0>>}
2024-10-08 23:51:43,824 - INFO Retriever 0 - Observer: 这是一个名为“DroppableRewardConfigSO.cs”的文件，该文件里的内容为：
由于脚本文件内容过长，暂时仅给出该脚本文件的内容总结:
- ### 总体概述
该脚本文件“DroppableRewardConfigSO.cs”定义了一个名为`DroppableRewardConfigSO`的类，该类继承自`ScriptableObject`。这个类主要用于配置可丢弃奖励的配置信息，如散布距离和可丢弃的物品组。它被设计为可以在Unity编辑器中通过“Create Asset Menu”创建和管理。

### 模块和功能
- **配置信息**：脚本包含散布距离和可丢弃物品组的配置。
- **散布距离**：定义了物品从丢弃源散布的最大距离。
- **可丢弃物品组**：定义了当生物被杀死时可能掉落的物品组列表。

### 类和函数
- **类**：`DroppableRewardConfigSO`
  - **属性**：
    - `_scatteringDistance`：私有字段，存储散布距离。
    - `_dropGroups`：私有字段，存储可丢弃的物品组列表。
  - **方法**：
    - `ScatteringDistance`：公开属性，返回散布距离。
    - `DropGroups`：公开属性，返回可丢弃物品组列表。
    - `DropSpecialItem`：虚拟方法，用于获取特殊物品的掉落组，目前默认返回`null`。

### 实现逻辑
- 代码通过Unity的`ScriptableObject`机制来创建一个配置类，可以在Unity编辑器中编辑和保存。
- 类中定义了两个私有字段来存储散布距离和可丢弃物品组。
- 通过公开属性提供对私有字段的访问。
- `DropSpecialItem`方法是一个虚拟方法，可能用于在派生类中实现特殊物品的掉落逻辑，但目前默认实现为返回`null`。
2024-10-08 23:51:53,177 - INFO Retriever 0 - Agent主脑给出的回答为：{
    "deep_think": {
        "thoughts": "根据DroppableRewardConfigSO.cs的内容总结，该脚本定义了一个用于配置敌人掉落物品的类，其中包含了散布距离和可丢弃物品组的配置。这表明敌人被打死之后，掉落物品的种类和数量设置很可能就在这个脚本中。接下来，我将使用read_long_details操作来获取该脚本的详细内容，以便进一步确认和验证。"
    }
}
2024-10-08 23:51:53,177 - INFO Retriever 0 - 是否成功解析：True
2024-10-08 23:51:53,179 - INFO Retriever 0 - operation_type (__det_dir_action):
2024-10-08 23:51:53,179 - INFO Retriever 0 - deep_think
2024-10-08 23:51:53,179 - INFO Retriever 0 - 

——————————————————————————————————————————————————————————————————————————————————————————————————————————————————————————
2024-10-08 23:51:53,180 - INFO Retriever 0 - Assistant:
2024-10-08 23:51:53,180 - INFO Retriever 0 - {
    "deep_think": {
        "thoughts": "根据DroppableRewardConfigSO.cs的内容总结，该脚本定义了一个用于配置敌人掉落物品的类，其中包含了散布距离和可丢弃物品组的配置。这表明敌人被打死之后，掉落物品的种类和数量设置很可能就在这个脚本中。接下来，我将使用read_long_details操作来获取该脚本的详细内容，以便进一步确认和验证。"
    }
}
2024-10-08 23:51:53,181 - INFO Retriever 0 - dict_keys(['deep_think'])
2024-10-08 23:51:53,181 - INFO Retriever 0 - Agent主脑给出的行动：deep_think
参数：{'thoughts': '根据DroppableRewardConfigSO.cs的内容总结，该脚本定义了一个用于配置敌人掉落物品的类，其中包含了散布距离和可丢弃物品组的配置。这表明敌人被打死之后，掉落物品的种类和数量设置很可能就在这个脚本中。接下来，我将使用read_long_details操作来获取该脚本的详细内容，以便进一步确认和验证。', 'repeat_counter': 1, 'continue_think_counter': 1}
2024-10-08 23:51:53,182 - INFO Retriever 0 - Observer: 好的，请继续你的下一步行动或思考。
2024-10-08 23:52:04,254 - INFO Retriever 0 - Agent主脑给出的回答为：{
    "read_long_details": {
        "file_path": "D:\\Unity\\open-project-1-main\\UOP1_Project\\Assets\\Scripts\\Characters\\Config\\DroppableRewardConfigSO.cs"
    }
}
2024-10-08 23:52:04,254 - INFO Retriever 0 - 是否成功解析：True
2024-10-08 23:52:04,254 - INFO Retriever 0 - operation_type (__det_dir_action):
2024-10-08 23:52:04,254 - INFO Retriever 0 - read_long_details
2024-10-08 23:52:04,254 - INFO Retriever 0 - 

——————————————————————————————————————————————————————————————————————————————————————————————————————————————————————————
2024-10-08 23:52:04,254 - INFO Retriever 0 - Assistant:
2024-10-08 23:52:04,258 - INFO Retriever 0 - {
    "read_long_details": {
        "file_path": "D:\\Unity\\open-project-1-main\\UOP1_Project\\Assets\\Scripts\\Characters\\Config\\DroppableRewardConfigSO.cs"
    }
}
2024-10-08 23:52:04,258 - INFO Retriever 0 - dict_keys(['read_long_details'])
2024-10-08 23:52:04,258 - INFO Retriever 0 - Agent主脑给出的行动：read_long_details
参数：{'file_path': 'D:\\Unity\\open-project-1-main\\UOP1_Project\\Assets\\Scripts\\Characters\\Config\\DroppableRewardConfigSO.cs', 'top_path': 'D:\\Unity\\open-project-1-main\\UOP1_Project\\Assets', 'return_file_sum': <bound method TreeGenerationAction.return_file_sum of <Action.tree_gen_action.TreeGenerationAction object at 0x000001C8FA39ACD0>>}
2024-10-08 23:52:04,259 - INFO Retriever 0 - Observer: 这是一个名为“DroppableRewardConfigSO.cs”的文件，该文件里的内容为：
 1|﻿using System.Collections.Generic;
 2|using UnityEngine;
 3|
 4|[CreateAssetMenu(fileName = "DroppableRewardConfig", menuName = "EntityConfig/Reward Dropping Rate Config")]
 5|public class DroppableRewardConfigSO : ScriptableObject
 6|{
 7|	[Tooltip("Item scattering distance from the source of dropping.")]
 8|	[SerializeField] private float _scatteringDistance = default;
 9|	[Tooltip("The list of drop goup that can be dropped by this critter when killed")]
10|	[SerializeField] private List<DropGroup> _dropGroups = new List<DropGroup>();
11|
12|	public float ScatteringDistance => _scatteringDistance;
13|	public List<DropGroup> DropGroups => _dropGroups;
14|
15|	public virtual DropGroup DropSpecialItem()
16|	{
17|		return null; 
18|	}
19|}
2024-10-08 23:52:10,017 - INFO Retriever 0 - Agent主脑给出的回答为：{
    "finish": "我已完成你所给出的任务需求，请你进行确认"
}
2024-10-08 23:52:10,017 - INFO Retriever 0 - 是否成功解析：True
2024-10-08 23:52:10,017 - INFO Retriever 0 - operation_type (__det_dir_action):
2024-10-08 23:52:10,019 - INFO Retriever 0 - finish
2024-10-08 23:52:10,019 - INFO Retriever 0 - 

——————————————————————————————————————————————————————————————————————————————————————————————————————————————————————————
2024-10-08 23:52:10,019 - INFO Retriever 0 - Assistant:
2024-10-08 23:52:10,019 - INFO Retriever 0 - {
    "finish": "我已完成你所给出的任务需求，请你进行确认"
}
2024-10-08 23:52:10,019 - INFO Retriever 0 - dict_keys(['finish'])
2024-10-08 23:52:10,019 - INFO Retriever 0 - ——————————————————————————————————— 任务结束 ———————————————————————————————————
2024-10-08 23:52:48,569 - INFO Retriever 0 - -------------------------Task Report-----------------------
2024-10-08 23:52:48,569 - INFO Retriever 0 - * 文件一：
    * 文件绝对路径：D:\Unity\open-project-1-main\UOP1_Project\Assets\ScriptableObjects\Inventory\Items\QuestItems\CakeWithRockCandy_Dish.asset
    * 文件内容概述：该文件定义了一个名为“CakeWithRockCandy_Dish”的物品，包含了物品的描述、预览图像、恢复生命值、物品类型和预制体等信息。
    * 该文件与问题目标之间的关联性：虽然该文件定义了一个物品，但它与敌人掉落物品的种类和数量设置无直接关联。

* 文件二：
    * 文件绝对路径：D:\Unity\open-project-1-main\UOP1_Project\Assets\ScriptableObjects\StateMachine\NPCs\Enemy.asset
    * 文件内容概述：该文件内容为空。
    * 该文件与问题目标之间的关联性：由于文件内容为空，无法确定其与敌人掉落物品的种类和数量设置之间的关联性。

* 文件三：
    * 文件绝对路径：D:\Unity\open-project-1-main\UOP1_Project\Assets\Scripts\Inventory\InventoryManager.cs
    * 文件内容概述：该脚本负责管理游戏内的物品库存，包括物品的添加、移除、使用、装备等事件，并确保库存数据在每次更改后保存到磁盘。
    * 该文件与问题目标之间的关联性：该脚本与物品管理相关，但主要关注的是玩家库存的管理，而非敌人掉落物品的设置。

* 文件四：
    * 文件绝对路径：D:\Unity\open-project-1-main\UOP1_Project\Assets\Scripts\UI\Inventory\UIInventory.cs
    * 文件内容概述：该脚本负责管理玩家库存的用户界面，包括显示、交互以及与游戏逻辑的通信。
    * 该文件与问题目标之间的关联性：该脚本与库存管理直接相关，但主要关注的是玩家库存的用户界面，而非敌人掉落物品的设置。

* 文件五：
    * 文件绝对路径：D:\Unity\open-project-1-main\UOP1_Project\Assets\Scripts\Characters\Config\DroppableRewardConfigSO.cs
    * 文件内容概述：该脚本定义了一个名为`DroppableRewardConfigSO`的类，用于配置可丢弃奖励的配置信息，如散布距离和可丢弃的物品组。
    * 该文件与问题目标之间的关联性：该脚本直接关联到敌人掉落物品的种类和数量设置，因为它定义了敌人被杀死时可能掉落的物品组列表和散布距离。
2024-10-08 23:52:48,569 - INFO Retriever 0 - 
Token Consuming:227722

2024-10-08 23:52:48,569 - INFO Retriever 0 - 
history rounds:22

