2024-10-08 23:50:03,199 - INFO Retriever 0 - Init Retriever.
2024-10-08 23:50:17,706 - INFO Retriever 0 - keywords:“quantity”，“fall”，“type”，“种类”，“amount”，“goods”，“drop item”，“enemy”，“fall item”，“掉落”，“category”，“kill”，“打死”，“wipe out”，“drop”，“数量”，“item”，“掉落物品”，“敌人”，“adversary”，“物品”
2024-10-08 23:50:17,706 - INFO Retriever 0 - deep_think_conent
:在获取了项目文件的顶层结构后，我还需要结合待查询的问题描述，对于项目中的文件和目录进行一些深度关键词检索。根据任务描述：“请在D:\Unity\open-project-1-main\UOP1_Project\Assets下各级目录中寻找：敌人被打死之后，掉落物品的种类和数量设置是在什么地方”，我总结出如下可能会出现在各个文件名或者文件内容中的关键词：“quantity”，“fall”，“type”，“种类”，“amount”，“goods”，“drop item”，“enemy”，“fall item”，“掉落”，“category”，“kill”，“打死”，“wipe out”，“drop”，“数量”，“item”，“掉落物品”，“敌人”，“adversary”，“物品”。
接下来，我将使用retrieve_keywords操作，在项目顶层路径“D:\Unity\open-project-1-main\UOP1_Project\Assets”下检索这些关键词，从而大致把握可能与问题描述相关的文件或目录的路径。
2024-10-08 23:50:17,735 - INFO Retriever 0 - ——————————————————————————————————————————————————————————————————————————————————————————————————————————————————————————
2024-10-08 23:50:17,735 - INFO Retriever 0 - Assistant:
2024-10-08 23:50:17,736 - INFO Retriever 0 - {
    "deep_think": {
        "thoughts": "好的，接下来我将通过深度思考、仔细计划以及逐步执行的方式，来完成该任务。\n\n首先，在阅读详细的代码细节之前，应该先整体把握整个项目。\n\n在提供的可选的action中，可以通过get_folder_info操作，通过将项目顶层路径作为target_folder_path参数进行传入，来获取获取项目中主要文件夹和主要文件的描述，从而能够先大致把握项目文件的主要文件的文件树结构、基本内容、主要代码概述以及大致功能板块的分布。"
    }
}
2024-10-08 23:50:17,738 - INFO Retriever 0 - 
Observer:
2024-10-08 23:50:17,738 - INFO Retriever 0 - 好的，请继续你的下一步行动或思考。
2024-10-08 23:50:17,738 - INFO Retriever 0 - 
2024-10-08 23:50:17,804 - INFO Retriever 0 - ——————————————————————————————————————————————————————————————————————————————————————————————————————————————————————————
2024-10-08 23:50:17,804 - INFO Retriever 0 - Assistant:
2024-10-08 23:50:17,807 - INFO Retriever 0 - {
    "get_folder_info": {
        "target_folder_path": "D:\\Unity\\open-project-1-main\\UOP1_Project\\Assets"
    }
}
2024-10-08 23:50:17,808 - INFO Retriever 0 - 
Observer:
2024-10-08 23:50:17,808 - INFO Retriever 0 - 目标文件夹路径：D:\Unity\open-project-1-main\UOP1_Project\Assets
文件结构树（该结构树可能不完整，仅返回深度小于等于1层的子文件以及文件夹）：
├── .DS_Store
├── Addons
│   ├── DOTween
│   ├── TextMeshPro
├── AddressableAssetsData
│   ├── AddressableAssetSettings.asset
│   ├── AssetGroupTemplates
│   ├── AssetGroups
│   ├── DataBuilders
│   ├── DefaultObject.asset
│   ├── Windows
├── Art
│   ├── Accessories
│   ├── Characters
│   ...
│   ├── UI
├── Audio
│   ├── Music
│   ├── SFX
├── Cutscenes
│   ├── AudioTests.playable
│   ├── BeachCandyCutscene.playable
│   ...
│   ├── TownCutscene.playable
├── LocalizationFiles
│   ├── .DS_Store
│   ├── AssetTables
│   ├── GoogleSheetService_ChopChop.asset
│   ├── Locales
│   ├── LocalizationSettings.asset
├── Prefabs
│   ├── Accessories
│   ├── Audio
│   ...
│   ├── _SceneChunks
├── ProBuilder Data
│   ├── Default Color Palette.asset
│   ├── Default Material Palette.asset
├── Scenes
│   ├── Examples
│   ├── Locations
│   ├── Managers
│   ├── Menus
│   ├── WIP
│   ├── Whiteboxing
├── ScriptableObjects
│   ├── Audio
│   ├── Configs
│   ...
│   ├── StateMachine
├── Scripts
│   ├── Animation
│   ├── Audio
│   ...
│   ├── UI
├── Settings
│   ├── Audio
│   ├── Graphics
│   ├── Input
│   ├── LightBakingSettings
│   ├── Presets
├── Shaders
│   ├── AggroEffect.shadergraph
│   ├── CustomHLSL
│   ...
│   ├── Water_Sea.shadergraph
├── TextData
│   ├── ContributorsList.txt
├── Tutorials
│   ├── Icons
│   ├── Images
│   ├── TutorialProjectSettings.asset
│   ├── TutorialWelcomePage.asset
│   ├── Tutorials.asset
├── WIP
│   ├── Materials
│   ├── Prefabs
│   ├── SourceFiles
│   ├── Textures


其中，部分主要文件及文件夹的信息如下：
1. Assets
# 路径:D:/Unity/open-project-1-main/UOP1_Project\Assets
# 内容概述:“Assets”文件夹汇集了Unity游戏开发所需的多种资源，包括动画、文本处理、音频、艺术资产、场景和脚本等。其中，“Addons”子文件夹提供了DOTween和TextMeshPro等插件，分别用于动画和文本渲染；“AddressableAssetsData”则专注于资源管理和配置；“Art”包含3D模型、动画和视觉效果等创意资源；“Audio”提供背景音乐和声音效果；“Cutscenes”包含剧情相关文件；“LocalizationFiles”支持多语言本地化；“Prefabs”提供可复用的游戏对象；“Scenes”涉及场景设计和导航；“ScriptableObjects”存储游戏配置；“Scripts”包含脚本文件；“Settings”管理音频、图形和输入设置；“Shaders”提供自定义着色器；“TextData”记录项目贡献者；“Tutorials”提供开发指导；“WIP”存放开发中的资源。整体上，这些文件夹和文件协同工作，构成了一个完整且功能丰富的游戏开发环境。

2. Addons
# 路径:D:/Unity/open-project-1-main/UOP1_Project\Assets\Addons
# 内容概述:“Addons”文件夹汇集了两个Unity插件：DOTween和TextMeshPro。DOTween提供全面的动画和缓动解决方案，包含编辑器工具和模块化脚本，旨在增强Unity中的动画效果。TextMeshPro则专注于文本渲染和视觉效果，提供丰富的字体资源、样式表和表情符号，以丰富游戏中的文本显示。两个插件均附有详细的使用说明和许可协议，旨在为Unity开发者提供高效的内容创作工具。

3. AddressableAssetsData
# 路径:D:/Unity/open-project-1-main/UOP1_Project\Assets\AddressableAssetsData
# 内容概述:### 简化版文件夹内容总结

“AddressableAssetsData”文件夹是Unity游戏开发的核心资源管理区域，汇集了资源打包模板、详细配置文件、脚本组件以及操作系统相关状态文件。它包括资源管理模板（AssetGroupTemplates）、资源与场景管理配置（AssetGroups）、脚本配置（DataBuilders）、操作系统资源状态文件（Windows和OSX），以及可寻址资源设置（AddressableAssetSettings.asset）和默认对象配置（DefaultObject.asset）。这些文件和文件夹协同工作，确保了游戏资源的有效管理和优化。

4. Art
# 路径:D:/Unity/open-project-1-main/UOP1_Project\Assets\Art
# 内容概述:“Art”文件夹汇集了丰富多样的创意资源，包括3D模型、动画、字体、视觉效果和用户界面设计等，适用于游戏开发、动画制作和视觉设计。其中，**Accessories** 和 **Characters** 提供了丰富的角色和道具模型，**Effects** 包含了用于特效制作的资源，**Font** 提供了字体设计和智能合约代码，**Items** 和 **Nature** 则专注于游戏和动画中的物品和自然景观设计。此外，**Materials**、**Skybox**、**Textures** 和 **UI** 分别提供了材质、环境纹理、用户界面元素等，共同构成了一个全面的艺术资源库。

5. Audio
# 路径:D:/Unity/open-project-1-main/UOP1_Project\Assets\Audio
# 内容概述:“Audio”文件夹汇集了音乐与声音效果两大类资源。其中，“Music”子文件夹专注于为游戏或多媒体项目中的不同场景提供定制背景音乐，包括海滩、森林、城镇等，以及一系列主题音乐和暂停菜单音乐。而“SFX”子文件夹则包含了丰富的声音效果，涵盖角色动作、厨房环境以及界面交互等，旨在增强多媒体项目的沉浸感和互动性。这两个子文件夹的资源相互配合，共同构建了项目的音频环境。

6. Cutscenes
# 路径:D:/Unity/open-project-1-main/UOP1_Project\Assets\Cutscenes
# 内容概述:### 文件夹内容总结

“Cutscenes”文件夹汇集了多种游戏剧情相关的可播放文件，包括海滩、镇子等场景的剧情片段，如开场、游戏结束等。这些文件与“Signals”文件夹中的信号文件协同工作，共同构建游戏的故事情节和动态事件。

7. LocalizationFiles
# 路径:D:/Unity/open-project-1-main/UOP1_Project\Assets\LocalizationFiles
# 内容概述:### 文件夹内容总结

“LocalizationFiles”文件夹汇集了Unity游戏开发所需的本地化资源和配置文件。其中，.DS_Store文件负责Mac系统文件夹个性化设置，而“Locales”子文件夹内包含多语言本地化资产，如英文、法语和意大利语设置。此外，GoogleSheetService_ChopChop.asset脚本组件用于与Google Sheets服务集成，而LocalizationSettings.asset则定义了游戏的本地化设置和格式化规则，确保游戏在不同语言环境下的正确显示。这些文件共同支撑起游戏的多语言功能和数据管理。

8. Prefabs
# 路径:D:/Unity/open-project-1-main/UOP1_Project\Assets\Prefabs
# 内容概述:“Prefabs”文件夹汇集了多样化的预制资源，专为游戏和虚拟现实项目设计。它包含角色装饰、音频管理、NPC与场景构建、动画场景、可收集物品、编辑器工具、视觉效果、食物与家具模型、UI界面、独特场景元素等预制件，旨在加速游戏开发流程，丰富游戏世界和角色设定，同时确保视觉和交互体验的丰富性。

9. ProBuilder Data
# 路径:D:/Unity/open-project-1-main/UOP1_Project\Assets\ProBuilder Data
# 内容概述:“ProBuilder Data”文件夹汇集了两个Unity游戏引擎相关资产文件：一个是“Default Color Palette.asset”，定义了15种默认颜色调色板，供游戏界面和视觉效果使用；另一个是“Default Material Palette.asset”，包含一个Unity材质调色板脚本组件，可能用于存储和应用颜色配置。这两个文件共同服务于游戏视觉设计。

10. Scenes
# 路径:D:/Unity/open-project-1-main/UOP1_Project\Assets\Scenes
# 内容概述:“Scenes”文件夹是Unity游戏开发的核心资源库，汇集了多样化的场景设计元素。其中，“Examples”展示了场景导航网络示例，“Locations”提供了多种场景的光照、反射和导航数据，“Menus”则专注于游戏菜单的光照效果。此外，“WIP”包含正在开发中的场景照明和导航设置，而“Whiteboxing”则涵盖了城镇景观和地图构建资源。整体上，这些文件夹相互关联，共同构建了游戏世界的视觉和功能框架。遗憾的是，“Managers”文件夹的具体内容尚未明确，其关联性分析有待进一步信息。

11. ScriptableObjects
# 路径:D:/Unity/open-project-1-main/UOP1_Project\Assets\ScriptableObjects
# 内容概述:“ScriptableObjects”文件夹是Unity游戏项目的核心配置中心，汇集了音频、游戏机制、对话、事件通道、游戏状态、输入管理、交互、库存、物品类型、路径、任务、运行时锚点、保存系统、场景数据和状态机等关键组件的配置文件。这些文件相互关联，共同支撑起游戏的基本机制和玩家体验，确保了从音效到游戏逻辑的每一部分都能无缝协作，为玩家提供连贯且丰富的游戏体验。

12. Scripts
# 路径:D:/Unity/open-project-1-main/UOP1_Project\Assets\Scripts
# 内容概述:“Scripts”文件夹是Unity游戏开发的核心，汇集了动画控制、音频管理、角色行为、摄像机操作、场景管理等关键脚本，旨在构建流畅的游戏体验。它还包含了对话系统、库存管理、用户界面、输入处理、交互逻辑等脚本，确保游戏交互丰富且直观。此外，文件夹内还涵盖了保存系统、状态机、系统设置、本地化工具以及编辑器辅助工具，以支持高效的游戏开发和资源管理。这些脚本相互协作，共同构成了一个功能全面、结构清晰的游戏开发框架。

13. Settings
# 路径:D:/Unity/open-project-1-main/UOP1_Project\Assets\Settings
# 内容概述:“Settings”文件夹汇集了游戏开发的关键配置文件，包括音频混合器设置、图形渲染和视觉效果配置、输入系统定义、光照烘焙参数以及预设导入设置。这些子文件夹（Audio、Graphics、Input、LightBakingSettings、Presets）分别针对音频处理、视觉效果、玩家交互、光照效果优化和文件导入优化，确保游戏在音效、视觉、操作和性能上的高质量体验。

14. Shaders
# 路径:D:/Unity/open-project-1-main/UOP1_Project\Assets\Shaders
# 内容概述:“Shaders”文件夹汇集了多种图形渲染和视觉效果资源，包括自定义着色器代码（如CustomHLSL中的自定义光照效果）、调试工具（如Debug文件夹中的顶点着色器调试）、以及一系列子图文件（如SubGraphs中的多种视觉效果子图）。此外，Unused文件夹包含了未使用的Unity项目资源，如自定义渲染脚本、水效果和ShaderGraph编辑文件。这些资源共同服务于图形渲染和视觉效果的开发，适用于游戏和视觉效果制作。

15. TextData
# 路径:D:/Unity/open-project-1-main/UOP1_Project\Assets\TextData
# 内容概述:“TextData”文件夹专注于存储项目贡献者信息，其中包含一个名为“ContributorsList.txt”的文件，记录了项目开发者和艺术家的名单及其角色。

16. Tutorials
# 路径:D:/Unity/open-project-1-main/UOP1_Project\Assets\Tutorials
# 内容概述:“Tutorials”文件夹汇集了Unity游戏开发的丰富资源，包括图标和图像设计文件，用于界面视觉元素。其中，**TutorialProjectSettings.asset** 配置了教程项目的初始场景和相机设置，而**TutorialWelcomePage.asset** 则创建了项目欢迎页面，介绍“Chop Chop”游戏并引导用户。此外，**Tutorials.asset** 提供了教程页面的详细配置，涵盖项目资源获取、讨论论坛、开发日志等，为开发者提供了全面的学习和参与途径。这些文件共同构成了一个完整的教学和资源支持体系，旨在辅助开发者深入学习和实践Unity游戏开发。

17. WIP
# 路径:D:/Unity/open-project-1-main/UOP1_Project\Assets\WIP
# 内容概述:“WIP”文件夹汇集了游戏开发所需的多媒体资源，包括用于场景设计的材质（如草地、天空盒等），预制体组件（如菜单、物体），以及图像素材和纹理（如国旗、地图纹理）。这些资源相互关联，共同构成了游戏世界的视觉和交互基础。

18. .DS_Store
# 路径:D:/Unity/open-project-1-main/UOP1_Project\Assets\.DS_Store
# 内容概述:这是一个名为“.DS_Store”的文件。


2024-10-08 23:50:17,811 - INFO Retriever 0 - 
2024-10-08 23:50:17,811 - INFO Retriever 0 - ——————————————————————————————————————————————————————————————————————————————————————————————————————————————————————————
2024-10-08 23:50:17,812 - INFO Retriever 0 - Assistant:
2024-10-08 23:50:17,812 - INFO Retriever 0 - {
    "deep_think": {
        "thoughts": "在获取了项目文件的顶层结构后，我还需要结合待查询的问题描述，对于项目中的文件和目录进行一些深度关键词检索。根据任务描述：“请在D:\\Unity\\open-project-1-main\\UOP1_Project\\Assets下各级目录中寻找：敌人被打死之后，掉落物品的种类和数量设置是在什么地方”，我总结出如下可能会出现在各个文件名或者文件内容中的关键词：“quantity”，“fall”，“type”，“种类”，“amount”，“goods”，“drop item”，“enemy”，“fall item”，“掉落”，“category”，“kill”，“打死”，“wipe out”，“drop”，“数量”，“item”，“掉落物品”，“敌人”，“adversary”，“物品”。\n接下来，我将使用retrieve_keywords操作，在项目顶层路径“D:\\Unity\\open-project-1-main\\UOP1_Project\\Assets”下检索这些关键词，从而大致把握可能与问题描述相关的文件或目录的路径。"
    }
}
2024-10-08 23:50:17,812 - INFO Retriever 0 - 
Observer:
2024-10-08 23:50:17,813 - INFO Retriever 0 - 好的，请继续你的下一步行动或思考。
2024-10-08 23:50:17,814 - INFO Retriever 0 - 
2024-10-08 23:50:24,264 - INFO Retriever 0 - ——————————————————————————————————————————————————————————————————————————————————————————————————————————————————————————
2024-10-08 23:50:24,264 - INFO Retriever 0 - Assistant:
2024-10-08 23:50:24,264 - INFO Retriever 0 - {
    "retrieve_keywords": {
        "top_path": "D:\\Unity\\open-project-1-main\\UOP1_Project\\Assets",
        "key_word_list": [
            "quantity",
            "fall",
            "type",
            "种类",
            "amount",
            "goods",
            "drop item",
            "enemy",
            "fall item",
            "掉落",
            "category",
            "kill",
            "打死",
            "wipe out",
            "drop",
            "数量",
            "item",
            "掉落物品",
            "敌人",
            "adversary",
            "物品"
        ]
    }
}
2024-10-08 23:50:24,266 - INFO Retriever 0 - 
Observer:
2024-10-08 23:50:24,266 - INFO Retriever 0 - 根据你提供的关键词，我检索到以下目录或文件，它们的绝对路径如下：
1. D:\Unity\open-project-1-main\UOP1_Project\Assets\LocalizationFiles
### 文件夹内容总结
“LocalizationFiles”文件夹汇集了Unity游戏开发所需的本地化资源和配置文件。其中，.DS_Store文件负责Mac系统文件夹个性化设置，而“Locales”子文件夹内包含多语言本地化资产，如英文、法语和意大利语设置。此外，GoogleSheetService_ChopChop.asset脚本组件用于与Google Sheets服务集成，而LocalizationSettings.asset则定义了游戏的本地化设置和格式化规则，确保游戏在不同语言环境下的正确显示。这些文件共同支撑起游戏的多语言功能和数据管理。

2. D:\Unity\open-project-1-main\UOP1_Project\Assets\ScriptableObjects\StateMachine
### 文件夹内容精简总结
“StateMachine”文件夹汇集了Unity游戏开发的核心资源，包括角色行为脚本（如Critters）、游戏状态管理（GameState）、NPC行为逻辑（NPCs）以及主角动作与状态管理（Protagonist）。这些资源协同工作，构建了游戏的角色行为、状态转换和整体逻辑，确保了游戏体验的连贯性和丰富性。此外，还包括了如AlwaysFalseCondition.asset这样的特殊脚本配置，用于实现特定的游戏逻辑功能。

3. D:\Unity\open-project-1-main\UOP1_Project\Assets\Scripts\UI
“UI”文件夹汇集了Unity游戏开发中用于构建和管理用户界面的关键脚本。它涵盖了对话系统、库存管理、设置界面、加载界面、信用屏幕、通用按钮、健康条、心形显示、交互面板、主菜单、暂停界面、弹窗以及旋转动画等多个方面。这些脚本通过事件和函数调用相互协作，确保了游戏UI的完整性和交互性，共同构成了游戏流程中的关键用户界面元素。

4. D:\Unity\open-project-1-main\UOP1_Project\Assets\Addons\TextMeshPro\Resources
“Resources”文件夹汇集了Unity游戏开发所需的关键资源，包括字体与材质（如LiberationSans SDF字体及其相关材质），着色器（用于图形渲染和视觉效果，与TextMeshPro插件紧密相关），精灵资产（如表情符号配置），以及样式表（定义游戏内文本样式）。此外，还包含文本换行控制字符列表和TextMeshPro组件的详细配置文件，确保文本渲染、图形效果和样式的一致性与精确性。

5. D:\Unity\open-project-1-main\UOP1_Project\Assets\Scripts\Inventory
### 文件夹内容总结
“Inventory”文件夹汇集了Unity游戏开发中用于管理游戏内物品、库存、食谱和类型数据的脚本。核心脚本包括定义库存、物品类型、食谱和本地化信息的ScriptableObject类，以及处理可收集物品动画和状态的CollectableItem类。InventoryManager类负责库存管理，包括物品的增减和事件监听。此外，ItemInstance和ItemPicker类分别提供对物品实例的访问和选择项目的能力，而ItemStack类用于表示和管理物品堆叠。这些脚本相互协作，共同构建了一个模块化和可扩展的游戏内容管理系统。

6. D:\Unity\open-project-1-main\UOP1_Project\Assets\ScriptableObjects\Audio
“Audio”文件夹是Unity游戏引擎的音频资源中心，汇集了音频配置文件和实际音频资源。其中，AudioConfigurations子文件夹包含音效、音乐和UI音效的详细配置，如3D音效、火炬音效等。AudioCues子文件夹则存放了针对不同场景和角色的音频资源，包括音乐和音效。此外，SoundEmitterFactory和SoundEmitterPool资产文件分别管理声音发射器的创建和对象池，优化音频播放性能。整体而言，这些文件共同构建了游戏丰富的音频体验。

7. D:\Unity\open-project-1-main\UOP1_Project\Assets\Scripts\EditorTools\Editor
“CustomBaseEditor.cs”文件夹内包含的Unity编辑器扩展脚本，通过继承自`Editor`类，为Unity编辑器界面提供了自定义功能。其中，`CustomBaseEditor`类特别定义了`DrawNonEditableScriptReference<T>`方法，用于绘制不可编辑的脚本引用字段，简化了编辑器界面的自定义过程。

8. D:\Unity\open-project-1-main\UOP1_Project\Assets\Art\Font\Baloo_Tammudu_2
### 文件夹内容概要
“Baloo_Tammudu_2”文件夹汇集了加密货币交易智能合约代码（以Solidity语言编写）和Baloo Tammudu系列字体文件（包括不同粗细的字体样式），同时包含SIL Open Font License（OFL）协议，规范了字体的使用与分发。智能合约代码可能涉及与数字货币相关的操作，而字体文件则遵循OFL许可协议。

9. D:\Unity\open-project-1-main\UOP1_Project\Assets\AddressableAssetsData
### 简化版文件夹内容总结
“AddressableAssetsData”文件夹是Unity游戏开发的核心资源管理区域，汇集了资源打包模板、详细配置文件、脚本组件以及操作系统相关状态文件。它包括资源管理模板（AssetGroupTemplates）、资源与场景管理配置（AssetGroups）、脚本配置（DataBuilders）、操作系统资源状态文件（Windows和OSX），以及可寻址资源设置（AddressableAssetSettings.asset）和默认对象配置（DefaultObject.asset）。这些文件和文件夹协同工作，确保了游戏资源的有效管理和优化。

10. D:\Unity\open-project-1-main\UOP1_Project\Assets\ScriptableObjects\Inventory\Items\QuestItems
### 文件夹内容总结
“QuestItems”文件夹汇集了Unity游戏开发中用于定义和配置游戏内物品、食谱和脚本组件的文件。文件夹内包含多个资产配置文件，如“CakeWithRockCandy_Dish.asset”定义了蛋糕的属性，“RockCandy_Recipe.asset”则描述了制作糖果的配方。此外，还有如“GoldenEgg.asset”和“Onion.asset”等脚本组件配置文件，它们定义了游戏对象的属性和行为。这些文件之间相互关联，共同构成了游戏中的物品系统，包括它们的制作过程、外观和功能。

请注意，这些目录或文件可能不全都和你的任务目标相关，仅供参考。请你基于具体的文件内容概述，结合你的任务目标，认真思考分析后，优先选择最有可能与任务相关的目录或文件进行进一步的检查。
2024-10-08 23:50:24,267 - INFO Retriever 0 - 
2024-10-08 23:50:30,021 - INFO Retriever 0 - Agent主脑给出的回答为：{
    "deep_think": {
        "thoughts": "根据检索结果，我注意到“Inventory”文件夹和“ScriptableObjects\Inventory\Items\QuestItems”文件夹可能包含与敌人被打死之后掉落物品的种类和数量设置相关的信息。因为“Inventory”文件夹通常用于管理游戏内的物品，而“ScriptableObjects\Inventory\Items\QuestItems”文件夹则可能包含特定物品的配置信息。接下来，我将先查看“Inventory”文件夹下的内容，以确定是否存在与掉落物品相关的配置文件。"
    }
}
2024-10-08 23:50:30,022 - INFO Retriever 0 - 是否成功解析：True
2024-10-08 23:50:30,022 - INFO Retriever 0 - operation_type (__det_dir_action):
2024-10-08 23:50:30,022 - INFO Retriever 0 - deep_think
2024-10-08 23:50:30,023 - INFO Retriever 0 - 

——————————————————————————————————————————————————————————————————————————————————————————————————————————————————————————
2024-10-08 23:50:30,023 - INFO Retriever 0 - Assistant:
2024-10-08 23:50:30,023 - INFO Retriever 0 - {
    "deep_think": {
        "thoughts": "根据检索结果，我注意到“Inventory”文件夹和“ScriptableObjects\\Inventory\\Items\\QuestItems”文件夹可能包含与敌人被打死之后掉落物品的种类和数量设置相关的信息。因为“Inventory”文件夹通常用于管理游戏内的物品，而“ScriptableObjects\\Inventory\\Items\\QuestItems”文件夹则可能包含特定物品的配置信息。接下来，我将先查看“Inventory”文件夹下的内容，以确定是否存在与掉落物品相关的配置文件。"
    }
}
2024-10-08 23:50:30,023 - INFO Retriever 0 - dict_keys(['deep_think'])
2024-10-08 23:50:30,025 - INFO Retriever 0 - Agent主脑给出的行动：deep_think
参数：{'thoughts': '根据检索结果，我注意到“Inventory”文件夹和“ScriptableObjects\\Inventory\\Items\\QuestItems”文件夹可能包含与敌人被打死之后掉落物品的种类和数量设置相关的信息。因为“Inventory”文件夹通常用于管理游戏内的物品，而“ScriptableObjects\\Inventory\\Items\\QuestItems”文件夹则可能包含特定物品的配置信息。接下来，我将先查看“Inventory”文件夹下的内容，以确定是否存在与掉落物品相关的配置文件。', 'repeat_counter': 1, 'continue_think_counter': 1}
2024-10-08 23:50:30,025 - INFO Retriever 0 - Observer: 好的，请继续你的下一步行动或思考。
2024-10-08 23:50:33,288 - INFO Retriever 0 - Agent主脑给出的回答为：{
    "get_folder_info": {
        "target_folder_path": "D:\\Unity\\open-project-1-main\\UOP1_Project\\Assets\\Inventory"
    }
}
2024-10-08 23:50:33,289 - INFO Retriever 0 - 是否成功解析：True
2024-10-08 23:50:33,289 - INFO Retriever 0 - operation_type (__det_dir_action):
2024-10-08 23:50:33,289 - INFO Retriever 0 - get_folder_info
2024-10-08 23:50:33,289 - INFO Retriever 0 - 

——————————————————————————————————————————————————————————————————————————————————————————————————————————————————————————
2024-10-08 23:50:33,289 - INFO Retriever 0 - Assistant:
2024-10-08 23:50:33,290 - INFO Retriever 0 - {
    "get_folder_info": {
        "target_folder_path": "D:\\Unity\\open-project-1-main\\UOP1_Project\\Assets\\Inventory"
    }
}
2024-10-08 23:50:33,290 - INFO Retriever 0 - dict_keys(['get_folder_info'])
2024-10-08 23:50:33,290 - INFO Retriever 0 - Agent主脑给出的行动：get_folder_info
参数：{'target_folder_path': 'D:\\Unity\\open-project-1-main\\UOP1_Project\\Assets\\Inventory'}
2024-10-08 23:50:33,510 - INFO Retriever 0 - Observer: 目标路径D:\Unity\open-project-1-main\UOP1_Project\Assets\Inventory不存在。

2024-10-08 23:50:38,037 - INFO Retriever 0 - Agent主脑给出的回答为：{
    "deep_think": {
        "thoughts": "由于“Inventory”文件夹不存在，我需要重新考虑其他可能的文件夹。根据之前的检索结果，“ScriptableObjects\\Inventory\\Items\\QuestItems”文件夹看起来是一个更合适的候选者，因为它直接关联到物品的配置。我将检查这个文件夹，看看是否有关于敌人掉落物品的配置信息。"
    }
}
2024-10-08 23:50:38,037 - INFO Retriever 0 - 是否成功解析：True
2024-10-08 23:50:38,037 - INFO Retriever 0 - operation_type (__det_dir_action):
2024-10-08 23:50:38,037 - INFO Retriever 0 - deep_think
2024-10-08 23:50:38,037 - INFO Retriever 0 - 

——————————————————————————————————————————————————————————————————————————————————————————————————————————————————————————
2024-10-08 23:50:38,037 - INFO Retriever 0 - Assistant:
2024-10-08 23:50:38,037 - INFO Retriever 0 - {
    "deep_think": {
        "thoughts": "由于“Inventory”文件夹不存在，我需要重新考虑其他可能的文件夹。根据之前的检索结果，“ScriptableObjects\\Inventory\\Items\\QuestItems”文件夹看起来是一个更合适的候选者，因为它直接关联到物品的配置。我将检查这个文件夹，看看是否有关于敌人掉落物品的配置信息。"
    }
}
2024-10-08 23:50:38,037 - INFO Retriever 0 - dict_keys(['deep_think'])
2024-10-08 23:50:38,037 - INFO Retriever 0 - Agent主脑给出的行动：deep_think
参数：{'thoughts': '由于“Inventory”文件夹不存在，我需要重新考虑其他可能的文件夹。根据之前的检索结果，“ScriptableObjects\\Inventory\\Items\\QuestItems”文件夹看起来是一个更合适的候选者，因为它直接关联到物品的配置。我将检查这个文件夹，看看是否有关于敌人掉落物品的配置信息。', 'repeat_counter': 1, 'continue_think_counter': 1}
2024-10-08 23:50:38,037 - INFO Retriever 0 - Observer: 好的，请继续你的下一步行动或思考。
2024-10-08 23:50:41,397 - INFO Retriever 0 - Agent主脑给出的回答为：{
    "get_folder_info": {
        "target_folder_path": "D:\\Unity\\open-project-1-main\\UOP1_Project\\Assets\\ScriptableObjects\\Inventory\\Items\\QuestItems"
    }
}
2024-10-08 23:50:41,397 - INFO Retriever 0 - 是否成功解析：True
2024-10-08 23:50:41,397 - INFO Retriever 0 - operation_type (__det_dir_action):
2024-10-08 23:50:41,398 - INFO Retriever 0 - get_folder_info
2024-10-08 23:50:41,398 - INFO Retriever 0 - 

——————————————————————————————————————————————————————————————————————————————————————————————————————————————————————————
2024-10-08 23:50:41,398 - INFO Retriever 0 - Assistant:
2024-10-08 23:50:41,398 - INFO Retriever 0 - {
    "get_folder_info": {
        "target_folder_path": "D:\\Unity\\open-project-1-main\\UOP1_Project\\Assets\\ScriptableObjects\\Inventory\\Items\\QuestItems"
    }
}
2024-10-08 23:50:41,398 - INFO Retriever 0 - dict_keys(['get_folder_info'])
2024-10-08 23:50:41,399 - INFO Retriever 0 - Agent主脑给出的行动：get_folder_info
参数：{'target_folder_path': 'D:\\Unity\\open-project-1-main\\UOP1_Project\\Assets\\ScriptableObjects\\Inventory\\Items\\QuestItems'}
2024-10-08 23:50:41,439 - INFO Retriever 0 - Observer: 目标文件夹路径：D:\Unity\open-project-1-main\UOP1_Project\Assets\ScriptableObjects\Inventory\Items\QuestItems
文件结构树（该结构树可能不完整，仅返回深度小于等于1层的子文件以及文件夹）：
├── CakeWithRockCandy_Dish.asset
├── CakeWithRockCandy_Recipe.asset
├── GoldenEgg.asset
├── Onion.asset
├── Pepper.asset
├── PhoenixChick.asset
├── RockCandy_Dish.asset
├── RockCandy_Recipe.asset
├── RockCritterEgg.asset
├── SavoryDough_Dish.asset
├── SavoryDough_Recipe.asset
├── Seed.asset
├── SpecialSpoon.asset
├── SpicyCakeWithPepper_Dish.asset
├── SpicyCakeWithPepper_Recipe.asset
├── SpicySauce_Dish.asset
├── SpicySauce_Recipe.asset
├── SweetCream_Dish.asset
├── SweetCream_Recipe.asset
├── SweetDough_Dish.asset
├── SweetDough_Recipe.asset


其中，部分主要文件及文件夹的信息如下：
1. QuestItems
# 路径:D:/Unity/open-project-1-main/UOP1_Project\Assets\ScriptableObjects\Inventory\Items\QuestItems
# 内容概述:### 文件夹内容总结

“QuestItems”文件夹汇集了Unity游戏开发中用于定义和配置游戏内物品、食谱和脚本组件的文件。文件夹内包含多个资产配置文件，如“CakeWithRockCandy_Dish.asset”定义了蛋糕的属性，“RockCandy_Recipe.asset”则描述了制作糖果的配方。此外，还有如“GoldenEgg.asset”和“Onion.asset”等脚本组件配置文件，它们定义了游戏对象的属性和行为。这些文件之间相互关联，共同构成了游戏中的物品系统，包括它们的制作过程、外观和功能。

2. CakeWithRockCandy_Dish.asset
# 路径:D:/Unity/open-project-1-main/UOP1_Project\Assets\ScriptableObjects\Inventory\Items\QuestItems\CakeWithRockCandy_Dish.asset
# 内容概述:### 简要总结

该文件是Unity游戏开发中名为“CakeWithRockCandy_Dish”的脚本组件配置，包含基础类定义、属性设置（如对象隐藏标志、脚本信息、名称和GUID）、预览图像、描述、健康恢复值（100）以及项目类型和预制体信息。

3. CakeWithRockCandy_Recipe.asset
# 路径:D:/Unity/open-project-1-main/UOP1_Project\Assets\ScriptableObjects\Inventory\Items\QuestItems\CakeWithRockCandy_Recipe.asset
# 内容概述:### 简要总结

该文件是Unity游戏脚本，定义了名为“CakeWithRockCandy_Recipe”的MonoBehaviour类。脚本中配置了蛋糕制作所需的预制体和成分列表，包括具体原料及其数量，并指定了制作完成后的菜肴。

4. GoldenEgg.asset
# 路径:D:/Unity/open-project-1-main/UOP1_Project\Assets\ScriptableObjects\Inventory\Items\QuestItems\GoldenEgg.asset
# 内容概述:### 简要总结

该文件是Unity引擎中名为“GoldenEgg”的MonoBehaviour脚本配置，包含脚本GUID、名称、预览图像、描述、恢复值、物品类型和关联预制体的详细信息。这些配置项为开发者提供了脚本的基本属性和引用，便于在游戏开发中使用和管理该脚本。

5. Onion.asset
# 路径:D:/Unity/open-project-1-main/UOP1_Project\Assets\ScriptableObjects\Inventory\Items\QuestItems\Onion.asset
# 内容概述:### 简要总结

该文本文件描述了Unity游戏中的“Onion”游戏对象配置。配置包括游戏对象的唯一标识、名称、预览图像、描述以及健康恢复值等属性。此外，还定义了该对象的物品类型和关联的预制体引用，用于游戏中的交互和展示。

6. Pepper.asset
# 路径:D:/Unity/open-project-1-main/UOP1_Project\Assets\ScriptableObjects\Inventory\Items\QuestItems\Pepper.asset
# 内容概述:### 简要总结
“Pepper.asset”文件记录了Unity游戏中的一个名为“Pepper”的脚本组件配置。该组件具有唯一标识符GUID，关联预览图像和描述，并设置了健康恢复值为2。此外，它引用了特定类型的项目和预制体，表明其在游戏中的角色或对象属性。

7. PhoenixChick.asset
# 路径:D:/Unity/open-project-1-main/UOP1_Project\Assets\ScriptableObjects\Inventory\Items\QuestItems\PhoenixChick.asset
# 内容概述:### 文本内容总结
该文件是Unity游戏引擎中的一个名为“PhoenixChick”的脚本组件的配置描述。它详细记录了组件的基本属性，如对象隐藏标志、脚本信息、名称和GUID，以及与预览图像、描述、健康恢复值和项目类型的关联资源。这些信息共同构成了组件的配置细节，适用于Unity游戏开发环境。

8. RockCandy_Dish.asset
# 路径:D:/Unity/open-project-1-main/UOP1_Project\Assets\ScriptableObjects\Inventory\Items\QuestItems\RockCandy_Dish.asset
# 内容概述:该文件是Unity游戏对象“RockCandy_Dish”的配置脚本，定义了对象的基本属性，包括名称、GUID、预览图像和描述。脚本引用了特定类型和GUID，并设置了健康恢复值和物品类型，用于在游戏中识别和管理该对象。

9. RockCandy_Recipe.asset
# 路径:D:/Unity/open-project-1-main/UOP1_Project\Assets\ScriptableObjects\Inventory\Items\QuestItems\RockCandy_Recipe.asset
# 内容概述:### 简要总结

该文件定义了Unity游戏中的“RockCandy_Recipe”脚本，负责管理糖果制作配方。脚本包含预览图像、描述、健康恢复值和项目类型等信息，并详细列出了所需配料及其数量，以及制作完成后生成的菜肴。

10. RockCritterEgg.asset
# 路径:D:/Unity/open-project-1-main/UOP1_Project\Assets\ScriptableObjects\Inventory\Items\QuestItems\RockCritterEgg.asset
# 内容概述:### 简要总结

“RockCritterEgg.asset”文件是Unity游戏引擎中一个名为“RockCritterEgg”脚本的配置，包含脚本的基本属性、资源引用和特定值设置，如健康恢复值和预制体信息，用于实现游戏中的特定功能。

11. SavoryDough_Dish.asset
# 路径:D:/Unity/open-project-1-main/UOP1_Project\Assets\ScriptableObjects\Inventory\Items\QuestItems\SavoryDough_Dish.asset
# 内容概述:### 简化总结

该文件是Unity游戏资产配置，定义了一个名为“SavoryDough_Dish”的对象，具有唯一标识符和预览图像。对象具备20点健康恢复能力，关联特定预制体，并带有详细描述。

12. SavoryDough_Recipe.asset
# 路径:D:/Unity/open-project-1-main/UOP1_Project\Assets\ScriptableObjects\Inventory\Items\QuestItems\SavoryDough_Recipe.asset
# 内容概述:该文本文件记录了Unity游戏中的“SavoryDough_Recipe”脚本，该脚本定义了一种食物制作过程。脚本中列出了所需的三种成分及其数量，并指定了制作完成后得到的菜肴。

13. Seed.asset
# 路径:D:/Unity/open-project-1-main/UOP1_Project\Assets\ScriptableObjects\Inventory\Items\QuestItems\Seed.asset
# 内容概述:### 简要总结

“Seed.asset”文件是Unity引擎中一个名为“Seed”的MonoBehaviour组件的配置文件。文件记录了组件的基本属性，如启用状态、脚本GUID和名称，以及预览图像和描述。此外，还定义了组件的健康恢复值、项目类型和关联的预制体。

14. SpecialSpoon.asset
# 路径:D:/Unity/open-project-1-main/UOP1_Project\Assets\ScriptableObjects\Inventory\Items\QuestItems\SpecialSpoon.asset
# 内容概述:SpecialSpoon.asset文件记录了Unity中一个名为SpecialSpoon的脚本组件的配置，包括其基本属性如启用状态和脚本类型。该组件关联了预览图像和描述，并指定了项目类型和预制体。配料列表为空，表明没有具体配料信息，而最终菜肴也未指定。此外，SpecialSpoon的本地化信息尚未设置。

15. SpicyCakeWithPepper_Dish.asset
# 路径:D:/Unity/open-project-1-main/UOP1_Project\Assets\ScriptableObjects\Inventory\Items\QuestItems\SpicyCakeWithPepper_Dish.asset
# 内容概述:### 简要总结

该文件定义了Unity3D游戏中的游戏对象“SpicyCakeWithPepper_Dish”，具备基础属性和脚本信息，能够提供100点健康恢复。此外，文件还引用了预览图像、描述信息、项目类型和可能的预制体。

16. SpicyCakeWithPepper_Recipe.asset
# 路径:D:/Unity/open-project-1-main/UOP1_Project\Assets\ScriptableObjects\Inventory\Items\QuestItems\SpicyCakeWithPepper_Recipe.asset
# 内容概述:该文件描述了一个Unity脚本组件“SpicyCakeWithPepper_Recipe”，定义了其属性，包括名称、GUID和预览图像，并详细列出了制作“Spicy Cake with Pepper”所需的配料和结果菜肴。

17. SpicySauce_Dish.asset
# 路径:D:/Unity/open-project-1-main/UOP1_Project\Assets\ScriptableObjects\Inventory\Items\QuestItems\SpicySauce_Dish.asset
# 内容概述:### 简要总结

该文件描述了Unity游戏资源“SpicySauce_Dish”的配置，包括其基础属性（如GUID和名称）、预览图像和描述。该资源关联到一个健康恢复值为20的物品类型，可能用于游戏中的健康恢复功能。

18. SpicySauce_Recipe.asset
# 路径:D:/Unity/open-project-1-main/UOP1_Project\Assets\ScriptableObjects\Inventory\Items\QuestItems\SpicySauce_Recipe.asset
# 内容概述:该文件是Unity引擎中名为“SpicySauce_Recipe”的脚本配置，描述了一个制作Spicy Sauce的物品。脚本包含基本信息、属性，如无健康恢复值，并指定了两个成分和一个结果菜肴的GUID引用。

19. SweetCream_Dish.asset
# 路径:D:/Unity/open-project-1-main/UOP1_Project\Assets\ScriptableObjects\Inventory\Items\QuestItems\SweetCream_Dish.asset
# 内容概述:该文件是Unity游戏资源“SweetCream_Dish.asset”的配置，定义了一个名为“SweetCream_Dish”的脚本组件。组件配置包含基础属性如名称、GUID、预览图像和描述，以及特定功能设置，如生命值恢复值和类型信息。

20. SweetCream_Recipe.asset
# 路径:D:/Unity/open-project-1-main/UOP1_Project\Assets\ScriptableObjects\Inventory\Items\QuestItems\SweetCream_Recipe.asset
# 内容概述:该文件是Unity游戏引擎中名为“SweetCream_Recipe”的脚本配置，包含游戏物品的名称、所需成分（3种）以及制作结果菜肴的信息。脚本配置简洁，主要涉及物品属性和组成成分。

21. SweetDough_Dish.asset
# 路径:D:/Unity/open-project-1-main/UOP1_Project\Assets\ScriptableObjects\Inventory\Items\QuestItems\SweetDough_Dish.asset
# 内容概述:该文件描述了Unity游戏资产“SweetDough_Dish”，一个具有GUID `b87334f538455204da3e3c653eb696da` 的脚本组件。组件名为“SweetDough_Dish”，关联预览图像和描述，设定了健康恢复值为15，并指定了项目类型。此外，组件引用了一个预制体，但未指定具体文件。

22. SweetDough_Recipe.asset
# 路径:D:/Unity/open-project-1-main/UOP1_Project\Assets\ScriptableObjects\Inventory\Items\QuestItems\SweetDough_Recipe.asset
# 内容概述:### 简要总结

该文件是Unity游戏中的“SweetDough_Recipe”组件定义，包含甜面团制作所需的材料列表和生成菜肴的信息。组件属性包括唯一标识、名称、预览图像和描述，以及健康恢复值和项目类型。材料列表详细说明了所需物品及其数量，而生成菜肴则通过资源引用指定。


2024-10-08 23:50:51,854 - INFO Retriever 0 - Agent主脑给出的回答为：{
    "deep_think": {
        "thoughts": "在检查了“ScriptableObjects\\Inventory\\Items\\QuestItems”文件夹的内容后，我注意到这里包含了许多与物品相关的配置文件，但是没有直接表明与敌人掉落物品的种类和数量设置相关的文件。这些文件似乎更多地与游戏内物品的制作配方和属性相关。因此，我需要进一步探索其他可能的文件夹。根据之前的检索结果，我注意到“ScriptableObjects\\StateMachine”文件夹可能与敌人的行为和状态有关，因此我决定检查这个文件夹，看看是否有关于敌人掉落物品的配置信息。"
    }
}
2024-10-08 23:50:51,854 - INFO Retriever 0 - 是否成功解析：True
2024-10-08 23:50:51,854 - INFO Retriever 0 - operation_type (__det_dir_action):
2024-10-08 23:50:51,854 - INFO Retriever 0 - deep_think
2024-10-08 23:50:51,854 - INFO Retriever 0 - 

——————————————————————————————————————————————————————————————————————————————————————————————————————————————————————————
2024-10-08 23:50:51,854 - INFO Retriever 0 - Assistant:
2024-10-08 23:50:51,854 - INFO Retriever 0 - {
    "deep_think": {
        "thoughts": "在检查了“ScriptableObjects\\Inventory\\Items\\QuestItems”文件夹的内容后，我注意到这里包含了许多与物品相关的配置文件，但是没有直接表明与敌人掉落物品的种类和数量设置相关的文件。这些文件似乎更多地与游戏内物品的制作配方和属性相关。因此，我需要进一步探索其他可能的文件夹。根据之前的检索结果，我注意到“ScriptableObjects\\StateMachine”文件夹可能与敌人的行为和状态有关，因此我决定检查这个文件夹，看看是否有关于敌人掉落物品的配置信息。"
    }
}
2024-10-08 23:50:51,854 - INFO Retriever 0 - dict_keys(['deep_think'])
2024-10-08 23:50:51,856 - INFO Retriever 0 - Agent主脑给出的行动：deep_think
参数：{'thoughts': '在检查了“ScriptableObjects\\Inventory\\Items\\QuestItems”文件夹的内容后，我注意到这里包含了许多与物品相关的配置文件，但是没有直接表明与敌人掉落物品的种类和数量设置相关的文件。这些文件似乎更多地与游戏内物品的制作配方和属性相关。因此，我需要进一步探索其他可能的文件夹。根据之前的检索结果，我注意到“ScriptableObjects\\StateMachine”文件夹可能与敌人的行为和状态有关，因此我决定检查这个文件夹，看看是否有关于敌人掉落物品的配置信息。', 'repeat_counter': 1, 'continue_think_counter': 1}
2024-10-08 23:50:51,856 - INFO Retriever 0 - Observer: 好的，请继续你的下一步行动或思考。
2024-10-08 23:50:56,287 - INFO Retriever 0 - Agent主脑给出的回答为：{
    "get_folder_info": {
        "target_folder_path": "D:\\Unity\\open-project-1-main\\UOP1_Project\\Assets\\ScriptableObjects\\StateMachine"
    }
}
2024-10-08 23:50:56,287 - INFO Retriever 0 - 是否成功解析：True
2024-10-08 23:50:56,287 - INFO Retriever 0 - operation_type (__det_dir_action):
2024-10-08 23:50:56,287 - INFO Retriever 0 - get_folder_info
2024-10-08 23:50:56,287 - INFO Retriever 0 - 

——————————————————————————————————————————————————————————————————————————————————————————————————————————————————————————
2024-10-08 23:50:56,287 - INFO Retriever 0 - Assistant:
2024-10-08 23:50:56,287 - INFO Retriever 0 - {
    "get_folder_info": {
        "target_folder_path": "D:\\Unity\\open-project-1-main\\UOP1_Project\\Assets\\ScriptableObjects\\StateMachine"
    }
}
2024-10-08 23:50:56,287 - INFO Retriever 0 - dict_keys(['get_folder_info'])
2024-10-08 23:50:56,287 - INFO Retriever 0 - Agent主脑给出的行动：get_folder_info
参数：{'target_folder_path': 'D:\\Unity\\open-project-1-main\\UOP1_Project\\Assets\\ScriptableObjects\\StateMachine'}
2024-10-08 23:50:56,331 - INFO Retriever 0 - Observer: 目标文件夹路径：D:\Unity\open-project-1-main\UOP1_Project\Assets\ScriptableObjects\StateMachine
文件结构树（该结构树可能不完整，仅返回深度小于等于1层的子文件以及文件夹）：
├── AlwaysFalseCondition.asset
├── Critters
│   ├── Actions
│   ├── Conditions
│   ├── PlantCritter
│   ├── SlimeRockCritter
├── GameState
│   ├── Actions
│   ├── Conditions
├── NPCs
│   ├── BardHare
│   ├── LegendaryChef
│   ├── Shared
│   ├── Townsfolk
├── Protagonist
│   ├── Actions
│   ├── Conditions
│   ├── PigChef_TransitionTable.asset
│   ├── States


其中，部分主要文件及文件夹的信息如下：
1. StateMachine
# 路径:D:/Unity/open-project-1-main/UOP1_Project\Assets\ScriptableObjects\StateMachine
# 内容概述:### 文件夹内容精简总结

“StateMachine”文件夹汇集了Unity游戏开发的核心资源，包括角色行为脚本（如Critters）、游戏状态管理（GameState）、NPC行为逻辑（NPCs）以及主角动作与状态管理（Protagonist）。这些资源协同工作，构建了游戏的角色行为、状态转换和整体逻辑，确保了游戏体验的连贯性和丰富性。此外，还包括了如AlwaysFalseCondition.asset这样的特殊脚本配置，用于实现特定的游戏逻辑功能。

2. Critters
# 路径:D:/Unity/open-project-1-main/UOP1_Project\Assets\ScriptableObjects\StateMachine\Critters
# 内容概述:### 文件夹内容总结

“Critters”文件夹汇集了Unity游戏开发的脚本资源和配置文件，专注于角色行为和游戏逻辑。它包含动作控制脚本，如攻击和移动，以及状态转换和事件触发脚本，如击中和警报。此外，文件夹还细分了针对植物、粘液岩怪和NPC的特定行为管理，包括植物攻击、NPC导航和怪物状态。这些资源共同构成了游戏角色的动态行为和交互，确保了游戏逻辑的连贯性和丰富性。

3. GameState
# 路径:D:/Unity/open-project-1-main/UOP1_Project\Assets\ScriptableObjects\StateMachine\GameState
# 内容概述:“GameState”文件夹汇集了Unity游戏开发中用于管理游戏状态的关键脚本资产。其中，“Actions”子文件夹包含触发状态转换的脚本，如战斗和游戏玩法状态的进入与退出；而“Conditions”子文件夹则专注于检测游戏状态，如是否处于战斗或暂停状态。这些资产协同工作，通过游戏状态对象（GameStateSO）确保游戏状态转换和检测的准确性与一致性。

4. NPCs
# 路径:D:/Unity/open-project-1-main/UOP1_Project\Assets\ScriptableObjects\StateMachine\NPCs
# 内容概述:“NPCs”文件夹是Unity游戏开发的核心资源集，汇集了NPC行为、动画和状态转换的脚本与配置。它包含四个主要子文件夹：**BardHare**负责角色跳跃动画，**LegendaryChef**管理状态机配置，**Shared**提供角色行为和交互工具，而**Townsfolk**则专注于NPC的动画、行为和状态管理。这些子文件夹中的文件协同定义了NPC的行为逻辑和状态转换规则，确保NPC在游戏中的表现既自然又丰富。

5. Protagonist
# 路径:D:/Unity/open-project-1-main/UOP1_Project\Assets\ScriptableObjects\StateMachine\Protagonist
# 内容概述:### 文件夹内容精简总结

“Protagonist”文件夹汇集了Unity游戏开发的关键资源，包括控制角色动作与效果的脚本（如动画、移动、粒子与声音），以及状态检测和转换规则。其中，动作脚本负责实现角色的动态行为，状态脚本定义了角色的不同行为模式，而条件脚本则用于检测角色状态和触发相应行为。此外，一个YAML配置文件详细规定了状态之间的转换逻辑，确保游戏流程的连贯性。这些资源相互协作，共同构成了游戏角色的丰富互动和动态体验。

6. AlwaysFalseCondition.asset
# 路径:D:/Unity/open-project-1-main/UOP1_Project\Assets\ScriptableObjects\StateMachine\AlwaysFalseCondition.asset
# 内容概述:### 简要总结

该文件是Unity游戏引擎中名为“AlwaysFalseCondition”的脚本组件配置，包含基础属性如脚本ID、GUID和名称。未提供具体功能描述，但根据名称推测可能用于始终返回假条件的逻辑。


2024-10-08 23:51:03,170 - INFO Retriever 0 - Agent主脑给出的回答为：{
    "deep_think": {
        "thoughts": "在检查了“StateMachine”文件夹的内容后，我注意到这里包含了许多与角色行为和状态相关的配置文件，但是没有直接表明与敌人掉落物品的种类和数量设置相关的文件。这些文件似乎更多地与游戏角色的行为和状态转换相关。因此，我需要进一步探索其他可能的文件夹。根据之前的检索结果，我注意到“Scripts”文件夹可能包含与敌人行为和掉落物品相关的脚本，因此我决定检查这个文件夹，看看是否有关于敌人掉落物品的配置信息。"
    }
}
2024-10-08 23:51:03,170 - INFO Retriever 0 - 是否成功解析：True
2024-10-08 23:51:03,170 - INFO Retriever 0 - operation_type (__det_dir_action):
2024-10-08 23:51:03,170 - INFO Retriever 0 - deep_think
2024-10-08 23:51:03,170 - INFO Retriever 0 - 

——————————————————————————————————————————————————————————————————————————————————————————————————————————————————————————
2024-10-08 23:51:03,172 - INFO Retriever 0 - Assistant:
2024-10-08 23:51:03,172 - INFO Retriever 0 - {
    "deep_think": {
        "thoughts": "在检查了“StateMachine”文件夹的内容后，我注意到这里包含了许多与角色行为和状态相关的配置文件，但是没有直接表明与敌人掉落物品的种类和数量设置相关的文件。这些文件似乎更多地与游戏角色的行为和状态转换相关。因此，我需要进一步探索其他可能的文件夹。根据之前的检索结果，我注意到“Scripts”文件夹可能包含与敌人行为和掉落物品相关的脚本，因此我决定检查这个文件夹，看看是否有关于敌人掉落物品的配置信息。"
    }
}
2024-10-08 23:51:03,173 - INFO Retriever 0 - dict_keys(['deep_think'])
2024-10-08 23:51:03,174 - INFO Retriever 0 - Agent主脑给出的行动：deep_think
参数：{'thoughts': '在检查了“StateMachine”文件夹的内容后，我注意到这里包含了许多与角色行为和状态相关的配置文件，但是没有直接表明与敌人掉落物品的种类和数量设置相关的文件。这些文件似乎更多地与游戏角色的行为和状态转换相关。因此，我需要进一步探索其他可能的文件夹。根据之前的检索结果，我注意到“Scripts”文件夹可能包含与敌人行为和掉落物品相关的脚本，因此我决定检查这个文件夹，看看是否有关于敌人掉落物品的配置信息。', 'repeat_counter': 1, 'continue_think_counter': 1}
2024-10-08 23:51:03,190 - INFO Retriever 0 - Observer: 好的，请继续你的下一步行动或思考。
2024-10-08 23:51:06,994 - INFO Retriever 0 - Agent主脑给出的回答为：{
    "get_folder_info": {
        "target_folder_path": "D:\\Unity\\open-project-1-main\\UOP1_Project\\Assets\\Scripts"
    }
}
2024-10-08 23:51:06,995 - INFO Retriever 0 - 是否成功解析：True
2024-10-08 23:51:06,995 - INFO Retriever 0 - operation_type (__det_dir_action):
2024-10-08 23:51:06,996 - INFO Retriever 0 - get_folder_info
2024-10-08 23:51:06,996 - INFO Retriever 0 - 

——————————————————————————————————————————————————————————————————————————————————————————————————————————————————————————
2024-10-08 23:51:06,996 - INFO Retriever 0 - Assistant:
2024-10-08 23:51:06,996 - INFO Retriever 0 - {
    "get_folder_info": {
        "target_folder_path": "D:\\Unity\\open-project-1-main\\UOP1_Project\\Assets\\Scripts"
    }
}
2024-10-08 23:51:06,996 - INFO Retriever 0 - dict_keys(['get_folder_info'])
2024-10-08 23:51:06,996 - INFO Retriever 0 - Agent主脑给出的行动：get_folder_info
参数：{'target_folder_path': 'D:\\Unity\\open-project-1-main\\UOP1_Project\\Assets\\Scripts'}
2024-10-08 23:51:07,030 - INFO Retriever 0 - Observer: 目标文件夹路径：D:\Unity\open-project-1-main\UOP1_Project\Assets\Scripts
文件结构树（该结构树可能不完整，仅返回深度小于等于1层的子文件以及文件夹）：
├── Animation
│   ├── RandomIdleAnimationBehaviour.cs
├── Audio
│   ├── AudioConfigApplier.cs
│   ├── AudioCue.cs
│   ...
│   ├── SoundEmitters
├── BaseClasses
│   ├── DescriptionBaseSO.cs
├── Camera
│   ├── CameraManager.cs
├── Characters
│   ├── Attack.cs
│   ├── Attacker.cs
│   ...
│   ├── ZoneTriggerController.cs
├── Cutscenes
│   ├── CutsceneAudioConfigSetter.cs
│   ├── CutsceneManager.cs
│   ├── CutsceneSceneLoader.cs
│   ├── CutsceneTrigger.cs
│   ├── DialogueControlTrack
│   ├── TimelineBinder.cs
├── Dialogues
│   ├── ActorSO.cs
│   ├── DialogueDataSO.cs
│   ├── DialogueManager.cs
│   ├── DialogueTrigger.cs
│   ├── Editor
├── EditorTools
│   ├── Attributes
│   ├── Editor
│   ├── MonoBehaviours
├── Effects
│   ├── DissolveHelper.cs
│   ├── FireLight.cs
│   ├── PlayerEffectController.cs
│   ├── VFXUtil.cs
│   ├── Watermill.cs
├── Events
│   ├── IntEventListener.cs
│   ├── NPCMovementSwitcher.cs
│   ├── ScriptableObjects
│   ├── VoidEventListener.cs
├── Factory
│   ├── FactorySO.cs
│   ├── IFactory.cs
├── Gameplay
│   ├── GameManager.cs
│   ├── GameStateSO.cs
│   ├── SpawnSystem.cs
├── Input
│   ├── GameInput.cs
│   ├── InputReader.cs
├── Interaction
│   ├── Interaction.cs
│   ├── InteractionManager.cs
├── Inventory
│   ├── CollectableItem.cs
│   ├── InventoryManager.cs
│   ├── ItemInstance.cs
│   ├── ItemPicker.cs
│   ├── ItemStack.cs
│   ├── ScriptableObjects
├── Localization
│   ├── Editor
│   ├── LocalizeSceneNameFromSO.cs
├── Menu
│   ├── MenuController.cs
│   ├── MenuSelectionHandler.cs
│   ├── MultiInputButton.cs
│   ├── MultiInputSelectableElement.cs
│   ├── README.md
├── Pool
│   ├── ComponentPoolSO.cs
│   ├── Example
│   ├── IPool.cs
│   ├── PoolSO.cs
├── Quests
│   ├── Editor
│   ├── QuestManager.asset
│   ├── QuestManagerSO.cs
│   ├── Resources
│   ├── ScriptableObjects
│   ├── StepController.cs
├── RuntimeAnchors
│   ├── PathStorageSO.cs
│   ├── RuntimeAnchorBase.cs
│   ├── TransformAnchor.cs
├── SaveSystem
│   ├── FileManager.cs
│   ├── Save.cs
│   ├── SaveSystem.cs
│   ├── SerializableScriptableObject.cs
│   ├── SerializedItemStack.cs
├── SceneManagement
│   ├── FallCatcher.cs
│   ├── InitializationLoader.cs
│   ├── LocationEntrance.cs
│   ├── LocationExit.cs
│   ├── SceneLoader.cs
│   ├── ScriptableObjects
│   ├── StartGame.cs
├── StateMachine
│   ├── Core
│   ├── Debugging
│   ├── Editor
│   ├── ScriptableObjects
│   ├── UOP1.StateMachine.asmdef
│   ├── Utilities
├── Systems
│   ├── Settings
├── UI
│   ├── Dialogue
│   ├── FadeController.cs
│   ...
│   ├── UISpinner.cs


其中，部分主要文件及文件夹的信息如下：
1. Scripts
# 路径:D:/Unity/open-project-1-main/UOP1_Project\Assets\Scripts
# 内容概述:“Scripts”文件夹是Unity游戏开发的核心，汇集了动画控制、音频管理、角色行为、摄像机操作、场景管理等关键脚本，旨在构建流畅的游戏体验。它还包含了对话系统、库存管理、用户界面、输入处理、交互逻辑等脚本，确保游戏交互丰富且直观。此外，文件夹内还涵盖了保存系统、状态机、系统设置、本地化工具以及编辑器辅助工具，以支持高效的游戏开发和资源管理。这些脚本相互协作，共同构成了一个功能全面、结构清晰的游戏开发框架。

2. Animation
# 路径:D:/Unity/open-project-1-main/UOP1_Project\Assets\Scripts\Animation
# 内容概述:该“Animation”文件夹专注于Unity动画控制，包含一个名为`RandomIdleAnimationBehaviour.cs`的脚本，该脚本继承自`StateMachineBehaviour`，负责在动画状态切换时随机选择并应用空闲动画，以丰富游戏角色的动画表现。

3. Audio
# 路径:D:/Unity/open-project-1-main/UOP1_Project\Assets\Scripts\Audio
# 内容概述:“Audio”文件夹汇集了Unity游戏音频开发的关键脚本，包括音频配置管理（如`AudioConfigurationSO.cs`）、音频剪辑播放控制（`AudioCueSO.cs`）、以及音频效果的管理和播放（`SoundEmitters`子文件夹）。其中，`AudioManager.cs`负责全面音频控制，而`MusicPlayer.cs`专注于音乐播放。此外，`AudioConfigApplier.cs`确保音频配置的即时应用，`AudioCue.cs`和`AudioCueOnTriggerEnter.cs`则处理音频事件和触发器逻辑，而`OrientListener.cs`则同步游戏对象与相机方向。这些脚本协同工作，为游戏提供丰富且高效的音频体验。

4. BaseClasses
# 路径:D:/Unity/open-project-1-main/UOP1_Project\Assets\Scripts\BaseClasses
# 内容概述:该“BaseClasses”文件夹内包含的“DescriptionBaseSO.cs”文件定义了一个继承自`SerializableScriptableObject`的`DescriptionBaseSO`类，旨在为Unity脚本对象提供一个带有描述文本存储功能的基类，便于在编辑器中序列化和管理对象描述。

5. Camera
# 路径:D:/Unity/open-project-1-main/UOP1_Project\Assets\Scripts\Camera
# 内容概述:该“Camera”文件夹专注于“CameraManager.cs”脚本，该脚本负责管理游戏摄像机，包括控制移动、鼠标锁定、震动响应等，通过模块化设计实现摄像机行为的全面管理，确保游戏体验的流畅性。

6. Characters
# 路径:D:/Unity/open-project-1-main/UOP1_Project\Assets\Scripts\Characters
# 内容概述:“Characters”文件夹汇集了Unity游戏开发中角色相关的脚本资源，包括角色配置（如攻击、奖励、效果和NPC移动）、状态机逻辑、音频处理以及角色行为控制。文件夹内分为多个子目录，如Config存储角色配置脚本，StateMachine包含构建游戏逻辑的脚本，Audio则专注于角色音效。此外，Attack、Attacker、Critter等脚本负责角色具体行为，而NPC、Protagonist等则涉及角色状态和交互。整体上，这些脚本相互协作，共同构成了游戏中的角色系统。

7. Cutscenes
# 路径:D:/Unity/open-project-1-main/UOP1_Project\Assets\Scripts\Cutscenes
# 内容概述:“Cutscenes”文件夹汇集了Unity游戏开发中用于管理和控制场景播放的脚本。它包含对话控制脚本，如`DialogueBehaviour`、`DialogueClip`和`DialogueTrack`，负责对话的显示和播放；音频配置脚本`CutsceneAudioConfigSetter`，用于调整场景中的音量；场景管理脚本`CutsceneManager`，负责场景的播放、暂停和对话显示；场景加载脚本`CutsceneSceneLoader`，用于加载特定场景；触发脚本`CutsceneTrigger`，用于触发场景播放；以及时间轴绑定脚本`TimelineBinder`，确保游戏对象与时间轴同步。这些脚本相互协作，共同构建了游戏中的场景系统。

8. Dialogues
# 路径:D:/Unity/open-project-1-main/UOP1_Project\Assets\Scripts\Dialogues
# 内容概述:“Dialogues”文件夹汇集了Unity对话系统的核心组件，包括扩展Locale系统的CustomMetadata.cs脚本，用于创建和管理角色的ActorSO.cs，定义对话数据的DialogueDataSO.cs，负责对话逻辑的DialogueManager.cs，以及触发对话的DialogueTrigger.cs。这些文件协同工作，为游戏提供丰富且动态的对话体验。

9. EditorTools
# 路径:D:/Unity/open-project-1-main/UOP1_Project\Assets\Scripts\EditorTools
# 内容概述:“EditorTools”文件夹汇集了Unity编辑器增强工具，包括实现只读属性系统的`Attributes`子文件夹、自定义编辑器界面的`Editor`子文件夹，以及提供点击放置、传送、光贴图缩放等编辑器工具的`MonoBehaviours`子文件夹。这些工具旨在提升编辑效率和功能扩展。

10. Effects
# 路径:D:/Unity/open-project-1-main/UOP1_Project\Assets\Scripts\Effects
# 内容概述:“Effects”文件夹汇集了Unity游戏开发中用于创建视觉效果的脚本，包括实现物体溶解的DissolveHelper.cs、模拟火焰动态亮度的FireLight.cs、控制玩家动作粒子效果的PlayerEffectController.cs、数值范围重映射的VFXUtil.cs，以及动态旋转水车轮子的Watermill.cs。这些脚本相互关联，共同构成了游戏中的丰富视觉效果系统。

11. Events
# 路径:D:/Unity/open-project-1-main/UOP1_Project\Assets\Scripts\Events
# 内容概述:“Events”文件夹汇集了Unity游戏开发中用于构建交互式游戏体验的关键脚本。它包含多种事件处理脚本，如对话选择、屏幕淡入淡出、NPC移动等，通过事件通道机制实现模块化交互。文件夹内脚本如`DialogueChoiceChannelSO`、`NPCMovementEventChannelSO`等，共同构建了一个灵活的事件驱动系统，支持游戏逻辑与UI的紧密集成。

12. Factory
# 路径:D:/Unity/open-project-1-main/UOP1_Project\Assets\Scripts\Factory
# 内容概述:### 文件夹内容概述
“Factory”文件夹内包含用于Unity游戏开发的工厂模式相关代码。主要文件包括`FactorySO.cs`，它定义了一个泛型工厂类`FactorySO<T>`，继承自`ScriptableObject`并实现`IFactory<T>`接口，用于创建和管理游戏对象的实例。`IFactory.cs`则定义了`IFactory<T>`接口，规范了工厂模式中创建对象的接口标准。这两个文件共同构成了一个灵活的工厂模式实现，便于在Unity编辑器中管理游戏对象生成。

13. Gameplay
# 路径:D:/Unity/open-project-1-main/UOP1_Project\Assets\Scripts\Gameplay
# 内容概述:## 文件夹内容精简总结

“Gameplay”文件夹汇集了Unity游戏开发的核心脚本，包括`GameManager.cs`用于管理游戏状态和事件，`GameStateSO.cs`负责跟踪和管理游戏状态变化，以及`SpawnSystem.cs`负责玩家的生成逻辑。这些脚本相互协作，共同构成了游戏的核心功能框架。

14. Input
# 路径:D:/Unity/open-project-1-main/UOP1_Project\Assets\Scripts\Input
# 内容概述:## 文件夹内容精简总结

该“Input”文件夹汇集了游戏输入管理脚本，包含`GameInput.cs`和`InputReader.cs`两个关键文件。`GameInput.cs`定义了`@GameInput`类，负责处理游戏输入，包括玩法、菜单、对话和作弊等模块，并实现了资源管理。`InputReader.cs`则继承自`DescriptionBaseSO`，实现了对游戏输入事件的管理，如跳跃、攻击等，并通过事件和回调函数将输入事件传递给相应系统。两者协同工作，确保游戏输入的模块化和高效处理。

15. Interaction
# 路径:D:/Unity/open-project-1-main/UOP1_Project\Assets\Scripts\Interaction
# 内容概述:### 文件夹内容总结

“Interaction”文件夹内包含两个关键脚本，旨在Unity游戏开发中处理玩家与游戏对象的交互。`Interaction.cs`定义了一个公共类，用于封装交互类型和对象，而`InteractionManager.cs`则是一个Unity组件，负责管理玩家与游戏对象的交互，包括拾取、烹饪和交谈，并通过事件监听和UI更新来响应这些交互。这两个脚本协同工作，为游戏中的交互逻辑提供了坚实的基础。

16. Inventory
# 路径:D:/Unity/open-project-1-main/UOP1_Project\Assets\Scripts\Inventory
# 内容概述:### 文件夹内容总结

“Inventory”文件夹汇集了Unity游戏开发中用于管理游戏内物品、库存、食谱和类型数据的脚本。核心脚本包括定义库存、物品类型、食谱和本地化信息的ScriptableObject类，以及处理可收集物品动画和状态的CollectableItem类。InventoryManager类负责库存管理，包括物品的增减和事件监听。此外，ItemInstance和ItemPicker类分别提供对物品实例的访问和选择项目的能力，而ItemStack类用于表示和管理物品堆叠。这些脚本相互协作，共同构建了一个模块化和可扩展的游戏内容管理系统。

17. Localization
# 路径:D:/Unity/open-project-1-main/UOP1_Project\Assets\Scripts\Localization
# 内容概述:### 文件夹内容总结

“Localization”文件夹汇集了Unity游戏本地化工具，包括用于TextMeshProUGUI组件的文本和字体本地化脚本（LocalizeComponent_TMProFont.cs和LocalizeTMProFontEvent.cs），以及一个用于场景名称本地化的脚本（LocalizeSceneNameFromSO.cs）。这些脚本协同工作，确保游戏中的文本和字体能够根据不同语言进行本地化处理。

18. Menu
# 路径:D:/Unity/open-project-1-main/UOP1_Project\Assets\Scripts\Menu
# 内容概述:“Menu”文件夹汇集了Unity游戏菜单系统的核心脚本，包括`MenuController.cs`负责菜单的显示与暂停控制，`MenuSelectionHandler.cs`处理用户选择与交互，`MultiInputButton.cs`和`MultiInputSelectableElement.cs`则增强了按钮的输入响应和交互事件处理。这些脚本协同工作，构建了一个功能完备的菜单交互系统，并通过`README.md`文档提供详细的设置和使用指导。

19. Pool
# 路径:D:/Unity/open-project-1-main/UOP1_Project\Assets\Scripts\Pool
# 内容概述:### 文件夹内容概览

“Pool”文件夹汇集了Unity游戏开发中用于粒子系统和对象池管理的脚本与配置文件。包含粒子系统配置、全局粒子池定义、对象池测试脚本以及对象池和组件池的管理脚本。这些资源旨在优化游戏性能和资源利用，通过对象池机制提高资源重用效率，并支持粒子系统的灵活配置和测试。

20. Quests
# 路径:D:/Unity/open-project-1-main/UOP1_Project\Assets\Scripts\Quests
# 内容概述:### 文件夹内容概览
“Quests”文件夹是Unity游戏开发的核心资源集，专注于任务和对话系统的设计。它包含角色图像、UI布局文件、编辑器脚本和可序列化对象，如任务、任务线和步骤的数据结构。文件夹内分为资源管理、编辑器配置、脚本对象和任务管理器，确保了从资源编辑到任务流程控制的连贯性。关键文件如“QuestManagerSO.cs”和“StepController.cs”负责任务流程和对话步骤的管理，而“Resources”和“ScriptableObjects”则提供了必要的配置和数据支持。

21. RuntimeAnchors
# 路径:D:/Unity/open-project-1-main/UOP1_Project\Assets\Scripts\RuntimeAnchors
# 内容概述:该“RuntimeAnchors”文件夹汇集了Unity游戏开发中路径存储和锚点管理的脚本。其中，`PathStorageSO.cs`负责持久化存储游戏路径信息，而`RuntimeAnchorBase.cs`提供了一个泛型锚点管理框架，`TransformAnchor.cs`则基于此框架实现与`Transform`组件关联的运行时锚点，以支持游戏中的导航和动画。这些脚本相互协作，为游戏场景管理和对象定位提供核心功能。

22. SaveSystem
# 路径:D:/Unity/open-project-1-main/UOP1_Project\Assets\Scripts\SaveSystem
# 内容概述:### 文件夹内容概要
“SaveSystem”文件夹汇集了Unity游戏开发中数据管理的关键脚本。主要包括`FileManager.cs`，负责本地文件读写和移动；`Save.cs`，用于序列化游戏设置和状态；`SaveSystem.cs`，管理游戏数据的保存与加载；`SerializableScriptableObject.cs`，实现Unity编辑器中对象的唯一标识；以及`SerializedItemStack.cs`，封装物品堆栈的序列化信息。这些脚本协同工作，确保游戏数据的有效保存和恢复。

23. SceneManagement
# 路径:D:/Unity/open-project-1-main/UOP1_Project\Assets\Scripts\SceneManagement
# 内容概述:“SceneManagement”文件夹汇集了Unity游戏开发的核心脚本，旨在高效管理游戏场景与设置。其中，ScriptableObjects子文件夹封装了游戏场景、位置、菜单等数据，通过继承基类实现通用场景管理功能。FallCatcher、InitializationLoader、LocationEntrance、LocationExit等脚本分别处理玩家碰撞、游戏初始化、位置入口与出口逻辑。SceneLoader负责场景的异步加载与卸载，而StartGame则管理游戏开始流程，包括新游戏和继续游戏选项。整体上，这些脚本协同工作，确保游戏场景的流畅切换和玩家交互的顺畅进行。

24. StateMachine
# 路径:D:/Unity/open-project-1-main/UOP1_Project\Assets\Scripts\StateMachine
# 内容概述:“StateMachine”文件夹汇集了Unity游戏开发中状态机框架的C#脚本，包括核心组件如状态、动作、条件和转换，以及状态机的管理逻辑。其中，“Core”子文件夹包含基础脚本，如状态组件接口、状态类、动作和条件抽象类，以及状态机核心类；“Debugging”子文件夹提供状态机调试工具；“Editor”子文件夹则集成了状态机设计和编辑工具，如模板、编辑器扩展和窗口；“ScriptableObjects”子文件夹定义了可序列化的对象，用于配置状态机组件；“Utilities”子文件夹提供自定义属性，用于标记初始化字段；“UOP1.StateMachine.asmdef”文件则定义了状态机模块的编译设置和依赖。

25. Systems
# 路径:D:/Unity/open-project-1-main/UOP1_Project\Assets\Scripts\Systems
# 内容概述:“Systems”文件夹汇集了Unity游戏设置管理的关键脚本，包括用于存储设置的`SettingsSO.cs`、管理设置的`SettingsSystem.cs`，以及负责音量、图形和语言设置的UI组件（如`UISettingsAudioComponent.cs`、`UISettingsGraphicsComponent.cs`和`UISettingsLanguageComponent.cs`）。这些脚本紧密协作，通过序列化机制实现设置数据的存储和用户交互，共同构成了一个完整的游戏设置管理系统。

26. UI
# 路径:D:/Unity/open-project-1-main/UOP1_Project\Assets\Scripts\UI
# 内容概述:“UI”文件夹汇集了Unity游戏开发中用于构建和管理用户界面的关键脚本。它涵盖了对话系统、库存管理、设置界面、加载界面、信用屏幕、通用按钮、健康条、心形显示、交互面板、主菜单、暂停界面、弹窗以及旋转动画等多个方面。这些脚本通过事件和函数调用相互协作，确保了游戏UI的完整性和交互性，共同构成了游戏流程中的关键用户界面元素。


2024-10-08 23:51:10,415 - INFO Retriever 0 - Agent主脑给出的回答为：{
    "deep_think": {
        "thoughts": "在检查了“Scripts”文件夹的内容后，我发现其中包含了许多与游戏逻辑和功能相关的脚本。然而，我没有直接找到与敌人被打死之后掉落物品的种类和数量设置相关的脚本。考虑到敌人掉落物品通常与游戏逻辑、物品系统和状态机有关，我决定进一步检查“Inventory”文件夹，看看是否有相关的配置或脚本文件。"
    }
}
2024-10-08 23:51:10,415 - INFO Retriever 0 - 是否成功解析：True
2024-10-08 23:51:10,415 - INFO Retriever 0 - operation_type (__det_dir_action):
2024-10-08 23:51:10,416 - INFO Retriever 0 - deep_think
2024-10-08 23:51:10,416 - INFO Retriever 0 - 

——————————————————————————————————————————————————————————————————————————————————————————————————————————————————————————
2024-10-08 23:51:10,416 - INFO Retriever 0 - Assistant:
2024-10-08 23:51:10,417 - INFO Retriever 0 - {
    "deep_think": {
        "thoughts": "在检查了“Scripts”文件夹的内容后，我发现其中包含了许多与游戏逻辑和功能相关的脚本。然而，我没有直接找到与敌人被打死之后掉落物品的种类和数量设置相关的脚本。考虑到敌人掉落物品通常与游戏逻辑、物品系统和状态机有关，我决定进一步检查“Inventory”文件夹，看看是否有相关的配置或脚本文件。"
    }
}
2024-10-08 23:51:10,417 - INFO Retriever 0 - dict_keys(['deep_think'])
2024-10-08 23:51:10,417 - INFO Retriever 0 - Agent主脑给出的行动：deep_think
参数：{'thoughts': '在检查了“Scripts”文件夹的内容后，我发现其中包含了许多与游戏逻辑和功能相关的脚本。然而，我没有直接找到与敌人被打死之后掉落物品的种类和数量设置相关的脚本。考虑到敌人掉落物品通常与游戏逻辑、物品系统和状态机有关，我决定进一步检查“Inventory”文件夹，看看是否有相关的配置或脚本文件。', 'repeat_counter': 1, 'continue_think_counter': 1}
2024-10-08 23:51:10,418 - INFO Retriever 0 - Observer: 好的，请继续你的下一步行动或思考。
2024-10-08 23:51:13,965 - INFO Retriever 0 - Agent主脑给出的回答为：{
    "get_folder_info": {
        "target_folder_path": "D:\\Unity\\open-project-1-main\\UOP1_Project\\Assets\\Inventory"
    }
}
2024-10-08 23:51:13,966 - INFO Retriever 0 - 是否成功解析：True
2024-10-08 23:51:13,966 - INFO Retriever 0 - operation_type (__det_dir_action):
2024-10-08 23:51:13,966 - INFO Retriever 0 - get_folder_info
2024-10-08 23:51:13,967 - INFO Retriever 0 - 

——————————————————————————————————————————————————————————————————————————————————————————————————————————————————————————
2024-10-08 23:51:13,967 - INFO Retriever 0 - Assistant:
2024-10-08 23:51:13,967 - INFO Retriever 0 - {
    "get_folder_info": {
        "target_folder_path": "D:\\Unity\\open-project-1-main\\UOP1_Project\\Assets\\Inventory"
    }
}
2024-10-08 23:51:13,967 - INFO Retriever 0 - dict_keys(['get_folder_info'])
2024-10-08 23:51:13,967 - INFO Retriever 0 - Agent主脑给出的行动：get_folder_info
参数：{'target_folder_path': 'D:\\Unity\\open-project-1-main\\UOP1_Project\\Assets\\Inventory'}
2024-10-08 23:51:14,217 - INFO Retriever 0 - Observer: 目标路径D:\Unity\open-project-1-main\UOP1_Project\Assets\Inventory不存在。

2024-10-08 23:51:17,468 - INFO Retriever 0 - Agent主脑给出的回答为：{
    "deep_think": {
        "thoughts": "由于“Inventory”文件夹不存在，我需要重新考虑其他可能的文件夹。考虑到敌人被打死之后掉落物品通常与敌人的行为和状态有关，我决定检查“Characters”文件夹，看看是否有相关的脚本或配置文件。"
    }
}
2024-10-08 23:51:17,468 - INFO Retriever 0 - 是否成功解析：True
2024-10-08 23:51:17,468 - INFO Retriever 0 - operation_type (__det_dir_action):
2024-10-08 23:51:17,469 - INFO Retriever 0 - deep_think
2024-10-08 23:51:17,469 - INFO Retriever 0 - 

——————————————————————————————————————————————————————————————————————————————————————————————————————————————————————————
2024-10-08 23:51:17,469 - INFO Retriever 0 - Assistant:
2024-10-08 23:51:17,469 - INFO Retriever 0 - {
    "deep_think": {
        "thoughts": "由于“Inventory”文件夹不存在，我需要重新考虑其他可能的文件夹。考虑到敌人被打死之后掉落物品通常与敌人的行为和状态有关，我决定检查“Characters”文件夹，看看是否有相关的脚本或配置文件。"
    }
}
2024-10-08 23:51:17,469 - INFO Retriever 0 - dict_keys(['deep_think'])
2024-10-08 23:51:17,470 - INFO Retriever 0 - Agent主脑给出的行动：deep_think
参数：{'thoughts': '由于“Inventory”文件夹不存在，我需要重新考虑其他可能的文件夹。考虑到敌人被打死之后掉落物品通常与敌人的行为和状态有关，我决定检查“Characters”文件夹，看看是否有相关的脚本或配置文件。', 'repeat_counter': 1, 'continue_think_counter': 1}
2024-10-08 23:51:17,470 - INFO Retriever 0 - Observer: 好的，请继续你的下一步行动或思考。
2024-10-08 23:51:22,775 - INFO Retriever 0 - Agent主脑给出的回答为：{
    "get_folder_info": {
        "target_folder_path": "D:\\Unity\\open-project-1-main\\UOP1_Project\\Assets\\Scripts\\Characters"
    }
}
2024-10-08 23:51:22,775 - INFO Retriever 0 - 是否成功解析：True
2024-10-08 23:51:22,775 - INFO Retriever 0 - operation_type (__det_dir_action):
2024-10-08 23:51:22,775 - INFO Retriever 0 - get_folder_info
2024-10-08 23:51:22,775 - INFO Retriever 0 - 

——————————————————————————————————————————————————————————————————————————————————————————————————————————————————————————
2024-10-08 23:51:22,777 - INFO Retriever 0 - Assistant:
2024-10-08 23:51:22,777 - INFO Retriever 0 - {
    "get_folder_info": {
        "target_folder_path": "D:\\Unity\\open-project-1-main\\UOP1_Project\\Assets\\Scripts\\Characters"
    }
}
2024-10-08 23:51:22,777 - INFO Retriever 0 - dict_keys(['get_folder_info'])
2024-10-08 23:51:22,777 - INFO Retriever 0 - Agent主脑给出的行动：get_folder_info
参数：{'target_folder_path': 'D:\\Unity\\open-project-1-main\\UOP1_Project\\Assets\\Scripts\\Characters'}
2024-10-08 23:51:22,824 - INFO Retriever 0 - Observer: 目标文件夹路径：D:\Unity\open-project-1-main\UOP1_Project\Assets\Scripts\Characters
文件结构树（该结构树可能不完整，仅返回深度小于等于1层的子文件以及文件夹）：
├── Attack.cs
├── Attacker.cs
├── CharacterAudio.cs
├── Config
│   ├── AttackConfigSO.cs
│   ├── DroppableRewardConfigSO.cs
│   ...
│   ├── SpecialDroppableRewardConfigSO.cs
├── Critter.cs
├── CritterAudio.cs
├── Damageable.cs
├── DropGroup.cs
├── DropItem.cs
├── HealthSO.cs
├── MovingCritterAttackController.cs
├── NPC.cs
├── NPCAudio.cs
├── NPCMovement.cs
├── Protagonist.cs
├── ProtagonistAudio.cs
├── StateMachine
│   ├── Actions
│   ├── Conditions
├── ZoneTriggerController.cs


其中，部分主要文件及文件夹的信息如下：
1. Characters
# 路径:D:/Unity/open-project-1-main/UOP1_Project\Assets\Scripts\Characters
# 内容概述:“Characters”文件夹汇集了Unity游戏开发中角色相关的脚本资源，包括角色配置（如攻击、奖励、效果和NPC移动）、状态机逻辑、音频处理以及角色行为控制。文件夹内分为多个子目录，如Config存储角色配置脚本，StateMachine包含构建游戏逻辑的脚本，Audio则专注于角色音效。此外，Attack、Attacker、Critter等脚本负责角色具体行为，而NPC、Protagonist等则涉及角色状态和交互。整体上，这些脚本相互协作，共同构成了游戏中的角色系统。

2. Config
# 路径:D:/Unity/open-project-1-main/UOP1_Project\Assets\Scripts\Characters\Config
# 内容概述:该“Config”文件夹汇集了Unity游戏开发中的关键配置类，包括`AttackConfigSO`用于攻击参数配置，`DroppableRewardConfigSO`与`SpecialDroppableRewardConfigSO`管理奖励掉落，`HealthConfigSO`设定实体健康值，`GetHitEffectConfigSO`定义玩家受击效果，`NPCMovementConfigSO`与`PathwayConfigSO`和`RoamingAroundCenterConfigSO`控制NPC移动。这些配置类均继承自`ScriptableObject`，便于在Unity编辑器中创建和管理，确保游戏配置的灵活性和可维护性。

3. StateMachine
# 路径:D:/Unity/open-project-1-main/UOP1_Project\Assets\Scripts\Characters\StateMachine
# 内容概述:“StateMachine”文件夹汇集了Unity游戏开发中用于构建角色行为和逻辑的关键资源，分为“Actions”和“Conditions”两大类。在“Actions”中，脚本如`NPCMovementAction`和`AnimatorParameterActionSO`定义了NPC的移动和动画控制等行为；而“Conditions”中的脚本如`HasHitHeadConditionSO`和`IsDeadConditionSO`则用于判断游戏对象的状态，两者协同工作，通过状态机实现丰富的游戏交互和动态行为。

4. Attack.cs
# 路径:D:/Unity/open-project-1-main/UOP1_Project\Assets\Scripts\Characters\Attack.cs
# 内容概述:“Attack.cs”脚本定义了一个Unity组件`Attack`，负责管理游戏对象的攻击行为。该组件在对象激活时默认隐藏，并在触发碰撞时检测目标是否为友军。若目标非友军且具有`Damageable`组件，则根据预设的攻击配置对目标造成伤害。主要功能模块包括攻击配置管理和碰撞检测，核心逻辑涉及游戏对象的激活状态和触发事件处理。

5. Attacker.cs
# 路径:D:/Unity/open-project-1-main/UOP1_Project\Assets\Scripts\Characters\Attacker.cs
# 内容概述:该脚本“Attacker.cs”是Unity游戏开发中用于控制游戏对象攻击状态的组件。它包含一个名为`Attacker`的类，该类继承自`MonoBehaviour`。类中定义了两个方法：`EnableWeapon()`和`DisableWeapon()`，分别用于启用和禁用攻击碰撞器（_attackCollider），以此控制游戏中的攻击功能。

6. CharacterAudio.cs
# 路径:D:/Unity/open-project-1-main/UOP1_Project\Assets\Scripts\Characters\CharacterAudio.cs
# 内容概述:该脚本“CharacterAudio.cs”是Unity中用于处理角色音频的组件脚本。它包含一个`PlayAudio`函数，用于在非“Cutscene”游戏状态下播放指定音频效果，通过序列化字段引用音频事件通道、配置和游戏状态。该函数根据当前游戏状态决定是否触发音频播放事件。

7. Critter.cs
# 路径:D:/Unity/open-project-1-main/UOP1_Project\Assets\Scripts\Characters\Critter.cs
# 内容概述:该脚本定义了Unity游戏中的Critter类，负责管理警报和攻击区域状态，并处理目标。Critter类包含两个公共变量`isPlayerInAlertZone`和`isPlayerInAttackZone`来追踪玩家位置，以及一个`currentTarget`变量用于存储当前目标。主要方法`OnAlertTriggerChange`和`OnAttackTriggerChange`分别处理玩家进入或离开警报和攻击区域，更新状态并可能设置当前目标。当目标死亡时，`OnTargetDead`方法被调用来清除目标并重置区域状态。

8. CritterAudio.cs
# 路径:D:/Unity/open-project-1-main/UOP1_Project\Assets\Scripts\Characters\CritterAudio.cs
# 内容概述:该脚本`CritterAudio`继承自`CharacterAudio`，负责为游戏中的Critter角色管理音频播放。它定义了五个音频剪辑，分别对应空闲、移动、攻击、受到攻击和死亡状态。脚本提供了五个方法，对应不同的动作状态，如`PlayIdleSound()`、`PlayMoveSound()`等，这些方法都调用了通用的`PlayAudio`函数来播放相应的音频剪辑，并考虑到了植物生物不播放移动音效的特殊情况。

9. Damageable.cs
# 路径:D:/Unity/open-project-1-main/UOP1_Project\Assets\Scripts\Characters\Damageable.cs
# 内容概述:"Damageable.cs" 是一个Unity C#脚本，负责管理游戏对象的健康状态。它定义了生命值、攻击响应和死亡事件，并支持生命恢复。脚本通过`HealthSO`对象跟踪生命值，允许对象接收攻击并减少生命值，当生命值降至零时触发死亡事件。此外，它还支持通过事件恢复生命值，并在对象复活或生命值变化时更新UI。脚本通过事件通道广播生命状态变化，便于其他系统监听和处理。

10. DropGroup.cs
# 路径:D:/Unity/open-project-1-main/UOP1_Project\Assets\Scripts\Characters\DropGroup.cs
# 内容概述:该脚本定义了一个名为`DropGroup`的Unity C#类，用于管理游戏中的掉落物品列表及其掉落概率。类中包含一个序列化的`_drops`列表用于存储掉落物品，以及一个序列化的`_dropRate`浮点数表示掉落概率。通过`Drops`和`DropRate`两个只读属性，可以访问这些数据。整体上，`DropGroup`类为Unity游戏中的物品掉落逻辑提供了一个数据封装。

11. DropItem.cs
# 路径:D:/Unity/open-project-1-main/UOP1_Project\Assets\Scripts\Characters\DropItem.cs
# 内容概述:“DropItem.cs”文件定义了一个Unity C#类`DropItem`，用于封装物品掉落数据。该类包含两个字段：`_item`存储掉落的物品，`_itemDropRate`存储掉落概率。类提供了对应的只读属性`Item`和`ItemDropRate`以供外部访问，主要作为数据容器使用，不包含掉落逻辑。

12. HealthSO.cs
# 路径:D:/Unity/open-project-1-main/UOP1_Project\Assets\Scripts\Characters\HealthSO.cs
# 内容概述:该脚本定义了Unity中角色的生命值管理类`HealthSO`，包含最大生命值`_maxHealth`和当前生命值`_currentHealth`。类提供设置最大生命值、当前生命值以及处理伤害和恢复生命值的功能。通过`InflictDamage`减少生命值，`RestoreHealth`增加生命值并限制不超过最大值。此脚本适用于玩家或NPC的生命值配置。

13. MovingCritterAttackController.cs
# 路径:D:/Unity/open-project-1-main/UOP1_Project\Assets\Scripts\Characters\MovingCritterAttackController.cs
# 内容概述:该脚本“MovingCritterAttackController.cs”是Unity中用于控制移动生物攻击动画的组件。它包含设置攻击目标位置和触发推进动画的功能。脚本中定义了`SetAttackTarget()`和`AttackPropelTrigger()`两个方法，分别用于确定攻击目标并启动推进动画。在`Update()`方法中，生物根据预设的推进向量向目标移动，直至动画结束。

14. NPC.cs
# 路径:D:/Unity/open-project-1-main/UOP1_Project\Assets\Scripts\Characters\NPC.cs
# 内容概述:该脚本定义了一个NPC类，用于管理NPC的状态，包括空闲、行走和交谈。NPC类包含一个NPCState枚举来指定当前状态，以及一个GameObject数组来存储NPC正在交谈的对象。`SwitchToWalkState`方法触发NPC状态切换到行走，而`WaitBeforeSwitch`协程在状态切换前引入随机延迟，以增加NPC行为的自然性。

15. NPCAudio.cs
# 路径:D:/Unity/open-project-1-main/UOP1_Project\Assets\Scripts\Characters\NPCAudio.cs
# 内容概述:该脚本“NPCAudio.cs”继承自CharacterAudio，负责管理NPC的音频播放。它定义了播放脚步声、对话和唱歌的四个方法，分别对应不同的音频资源。通过继承和封装，脚本简化了NPC音频播放的逻辑，使得音频控制更加集中和高效。

16. NPCMovement.cs
# 路径:D:/Unity/open-project-1-main/UOP1_Project\Assets\Scripts\Characters\NPCMovement.cs
# 内容概述:该脚本“NPCMovement.cs”是Unity中用于控制NPC移动的组件。它通过`NPCMovementConfigSO`接收NPC移动配置，并通过`NPCMovementEventChannelSO`响应事件以更新配置。脚本在启用时订阅事件，定义的`Respond`函数负责接收事件并更新配置。

17. Protagonist.cs
# 路径:D:/Unity/open-project-1-main/UOP1_Project\Assets\Scripts\Characters\Protagonist.cs
# 内容概述:该脚本定义了Unity中的`Protagonist`类，作为主角的输入处理组件。它通过`InputReader`接收玩家输入，如移动、跳跃和攻击，并将这些输入传递给状态机处理。脚本中包含状态管理字段，如跳跃和攻击标志，以及用于计算和存储移动向量的变量。`Protagonist`类注册了输入事件监听器，并在`Update`方法中重新计算移动向量，根据输入和相机方向调整移动逻辑。此外，脚本还处理了跳跃、攻击等事件，并提供了攻击输入的消费方法。

18. ProtagonistAudio.cs
# 路径:D:/Unity/open-project-1-main/UOP1_Project\Assets\Scripts\Characters\ProtagonistAudio.cs
# 内容概述:该脚本“ProtagonistAudio.cs”是Unity中用于管理主角音频的类，继承自`CharacterAudio`。它定义了多个私有`AudioCueSO`变量，分别关联主角行走、跳跃、挥杖、拾取物品、受伤、死亡和说话等动作的音效。脚本提供了播放这些音效的方法，如`PlayFootstep()`和`PlayDie()`，每个方法调用内部`PlayAudio()`函数，传入相应音效和主角位置信息以播放音效。

19. ZoneTriggerController.cs
# 路径:D:/Unity/open-project-1-main/UOP1_Project\Assets\Scripts\Characters\ZoneTriggerController.cs
# 内容概述:该脚本“ZoneTriggerController.cs”是Unity中用于管理触发区域事件的核心组件。它包含一个自定义的`BoolEvent`事件，用于处理对象进入或离开指定层的触发区域。`ZoneTriggerController`类负责检测对象的进入和退出，并在适当的时候触发事件。该类通过`OnTriggerEnter`和`OnTriggerExit`方法实现逻辑，仅对指定层上的对象响应，并在事件中传递状态和触发对象。


2024-10-08 23:51:32,411 - INFO Retriever 0 - Agent主脑给出的回答为：{
    "deep_think": {
        "thoughts": "在检查了“Characters”文件夹的内容后，我发现“Config”子文件夹中包含了一些与敌人掉落物品相关的配置文件，例如“DroppableRewardConfigSO.cs”和“SpecialDroppableRewardConfigSO.cs”。这些文件可能包含敌人被打死之后掉落物品的种类和数量的设置。接下来，我将检查这些配置文件，以确定它们是否包含所需的信息。"
    }
}
2024-10-08 23:51:32,411 - INFO Retriever 0 - 是否成功解析：True
2024-10-08 23:51:32,411 - INFO Retriever 0 - operation_type (__det_dir_action):
2024-10-08 23:51:32,411 - INFO Retriever 0 - deep_think
2024-10-08 23:51:32,412 - INFO Retriever 0 - 

——————————————————————————————————————————————————————————————————————————————————————————————————————————————————————————
2024-10-08 23:51:32,412 - INFO Retriever 0 - Assistant:
2024-10-08 23:51:32,412 - INFO Retriever 0 - {
    "deep_think": {
        "thoughts": "在检查了“Characters”文件夹的内容后，我发现“Config”子文件夹中包含了一些与敌人掉落物品相关的配置文件，例如“DroppableRewardConfigSO.cs”和“SpecialDroppableRewardConfigSO.cs”。这些文件可能包含敌人被打死之后掉落物品的种类和数量的设置。接下来，我将检查这些配置文件，以确定它们是否包含所需的信息。"
    }
}
2024-10-08 23:51:32,412 - INFO Retriever 0 - dict_keys(['deep_think'])
2024-10-08 23:51:32,412 - INFO Retriever 0 - Agent主脑给出的行动：deep_think
参数：{'thoughts': '在检查了“Characters”文件夹的内容后，我发现“Config”子文件夹中包含了一些与敌人掉落物品相关的配置文件，例如“DroppableRewardConfigSO.cs”和“SpecialDroppableRewardConfigSO.cs”。这些文件可能包含敌人被打死之后掉落物品的种类和数量的设置。接下来，我将检查这些配置文件，以确定它们是否包含所需的信息。', 'repeat_counter': 1, 'continue_think_counter': 1}
2024-10-08 23:51:32,414 - INFO Retriever 0 - Observer: 好的，请继续你的下一步行动或思考。
2024-10-08 23:51:37,636 - INFO Retriever 0 - Agent主脑给出的回答为：{
    "read_file": {
        "file_path": "D:\\Unity\\open-project-1-main\\UOP1_Project\\Assets\\Scripts\\Characters\\Config\\DroppableRewardConfigSO.cs"
    }
}
2024-10-08 23:51:37,636 - INFO Retriever 0 - 是否成功解析：True
2024-10-08 23:51:37,637 - INFO Retriever 0 - operation_type (__det_dir_action):
2024-10-08 23:51:37,637 - INFO Retriever 0 - read_file
2024-10-08 23:51:37,637 - INFO Retriever 0 - 

——————————————————————————————————————————————————————————————————————————————————————————————————————————————————————————
2024-10-08 23:51:37,638 - INFO Retriever 0 - Assistant:
2024-10-08 23:51:37,638 - INFO Retriever 0 - {
    "read_file": {
        "file_path": "D:\\Unity\\open-project-1-main\\UOP1_Project\\Assets\\Scripts\\Characters\\Config\\DroppableRewardConfigSO.cs"
    }
}
2024-10-08 23:51:37,638 - INFO Retriever 0 - dict_keys(['read_file'])
2024-10-08 23:51:37,638 - INFO Retriever 0 - Agent主脑给出的行动：read_file
参数：{'file_path': 'D:\\Unity\\open-project-1-main\\UOP1_Project\\Assets\\Scripts\\Characters\\Config\\DroppableRewardConfigSO.cs', 'top_path': 'D:\\Unity\\open-project-1-main\\UOP1_Project\\Assets', 'return_file_sum': <bound method TreeGenerationAction.return_file_sum of <Action.tree_gen_action.TreeGenerationAction object at 0x000001C8FA37F310>>}
2024-10-08 23:51:37,688 - INFO Retriever 0 - Observer: 这是一个名为“DroppableRewardConfigSO.cs”的文件，该文件里的内容为：
由于脚本文件内容过长，暂时仅给出该脚本文件的内容总结:
- ### 总体概述
该脚本文件“DroppableRewardConfigSO.cs”定义了一个名为`DroppableRewardConfigSO`的类，该类继承自`ScriptableObject`。这个类主要用于配置可丢弃奖励的配置信息，如散布距离和可丢弃的物品组。它被设计为可以在Unity编辑器中通过“Create Asset Menu”创建和管理。

### 模块和功能
- **配置信息**：脚本包含散布距离和可丢弃物品组的配置。
- **散布距离**：定义了物品从丢弃源散布的最大距离。
- **可丢弃物品组**：定义了当生物被杀死时可能掉落的物品组列表。

### 类和函数
- **类**：`DroppableRewardConfigSO`
  - **属性**：
    - `_scatteringDistance`：私有字段，存储散布距离。
    - `_dropGroups`：私有字段，存储可丢弃的物品组列表。
  - **方法**：
    - `ScatteringDistance`：公开属性，返回散布距离。
    - `DropGroups`：公开属性，返回可丢弃物品组列表。
    - `DropSpecialItem`：虚拟方法，用于获取特殊物品的掉落组，目前默认返回`null`。

### 实现逻辑
- 代码通过Unity的`ScriptableObject`机制来创建一个配置类，可以在Unity编辑器中编辑和保存。
- 类中定义了两个私有字段来存储散布距离和可丢弃物品组。
- 通过公开属性提供对私有字段的访问。
- `DropSpecialItem`方法是一个虚拟方法，可能用于在派生类中实现特殊物品的掉落逻辑，但目前默认实现为返回`null`。
2024-10-08 23:51:41,145 - INFO Retriever 0 - Agent主脑给出的回答为：{
    "read_file": {
        "file_path": "D:\\Unity\\open-project-1-main\\UOP1_Project\\Assets\\Scripts\\Characters\\Config\\SpecialDroppableRewardConfigSO.cs"
    }
}
2024-10-08 23:51:41,145 - INFO Retriever 0 - 是否成功解析：True
2024-10-08 23:51:41,145 - INFO Retriever 0 - operation_type (__det_dir_action):
2024-10-08 23:51:41,145 - INFO Retriever 0 - read_file
2024-10-08 23:51:41,145 - INFO Retriever 0 - 

——————————————————————————————————————————————————————————————————————————————————————————————————————————————————————————
2024-10-08 23:51:41,146 - INFO Retriever 0 - Assistant:
2024-10-08 23:51:41,146 - INFO Retriever 0 - {
    "read_file": {
        "file_path": "D:\\Unity\\open-project-1-main\\UOP1_Project\\Assets\\Scripts\\Characters\\Config\\SpecialDroppableRewardConfigSO.cs"
    }
}
2024-10-08 23:51:41,146 - INFO Retriever 0 - dict_keys(['read_file'])
2024-10-08 23:51:41,146 - INFO Retriever 0 - Agent主脑给出的行动：read_file
参数：{'file_path': 'D:\\Unity\\open-project-1-main\\UOP1_Project\\Assets\\Scripts\\Characters\\Config\\SpecialDroppableRewardConfigSO.cs', 'top_path': 'D:\\Unity\\open-project-1-main\\UOP1_Project\\Assets', 'return_file_sum': <bound method TreeGenerationAction.return_file_sum of <Action.tree_gen_action.TreeGenerationAction object at 0x000001C8FA37F310>>}
2024-10-08 23:51:41,189 - INFO Retriever 0 - Observer: 这是一个名为“SpecialDroppableRewardConfigSO.cs”的文件，该文件里的内容为：
由于脚本文件内容过长，暂时仅给出该脚本文件的内容总结:
- ### 总体概述
该脚本定义了一个名为`SpecialDroppableRewardConfigSO`的类，继承自`DroppableRewardConfigSO`。它是一个Unity脚本组件，用于管理特殊可拾取奖励的掉落配置。主要功能是控制特殊物品的掉落频率和数量。

### 模块和功能
- **特殊可拾取奖励配置**：管理特殊物品的掉落逻辑，包括当前掉落数量和最大掉落数量。

### 类和函数
- **SpecialDroppableRewardConfigSO**：主要类，继承自`DroppableRewardConfigSO`。
  - `_specialDroppableCurrentCount`：私有变量，记录当前已掉落特殊物品的数量。
  - `_specialDroppableMaxCount`：私有变量，记录特殊物品需要达到的最大掉落数量。
  - `_specialItem`：私有变量，代表一个`DropGroup`，包含特殊物品的信息。
  - `DropSpecialItem`：重写自父类的方法，用于掉落特殊物品。

### 实现逻辑
- 当调用`DropSpecialItem`方法时，当前掉落数量`_specialDroppableCurrentCount`增加1。
- 如果当前掉落数量达到或超过最大掉落数量`_specialDroppableMaxCount`，则返回`_specialItem`，表示特殊物品应该被掉落。
- 如果当前掉落数量未达到最大掉落数量，则返回`null`，表示当前不应掉落特殊物品。
2024-10-08 23:51:46,220 - INFO Retriever 0 - Agent主脑给出的回答为：{
    "finish": "我已完成你所给出的任务需求，请你进行确认"
}
2024-10-08 23:51:46,220 - INFO Retriever 0 - 是否成功解析：True
2024-10-08 23:51:46,221 - INFO Retriever 0 - operation_type (__det_dir_action):
2024-10-08 23:51:46,221 - INFO Retriever 0 - finish
2024-10-08 23:51:46,221 - INFO Retriever 0 - 

——————————————————————————————————————————————————————————————————————————————————————————————————————————————————————————
2024-10-08 23:51:46,221 - INFO Retriever 0 - Assistant:
2024-10-08 23:51:46,222 - INFO Retriever 0 - {
    "finish": "我已完成你所给出的任务需求，请你进行确认"
}
2024-10-08 23:51:46,222 - INFO Retriever 0 - dict_keys(['finish'])
2024-10-08 23:51:46,222 - INFO Retriever 0 - ——————————————————————————————————— 任务结束 ———————————————————————————————————
2024-10-08 23:52:04,784 - INFO Retriever 0 - -------------------------Task Report-----------------------
2024-10-08 23:52:04,785 - INFO Retriever 0 - * 文件一：
    * 文件绝对路径：D:\Unity\open-project-1-main\UOP1_Project\Assets\Scripts\Characters\Config\DroppableRewardConfigSO.cs
    * 文件内容概述：该脚本文件定义了一个名为`DroppableRewardConfigSO`的类，该类继承自`ScriptableObject`。这个类主要用于配置可丢弃奖励的配置信息，如散布距离和可丢弃的物品组。它被设计为可以在Unity编辑器中通过“Create Asset Menu”创建和管理。
    * 该文件与问题目标之间的关联性：该文件定义了敌人被打死后可能掉落的物品组列表，以及物品散布的最大距离。这与问题目标直接相关，因为它涉及到敌人掉落物品的种类和数量设置。

* 文件二：
    * 文件绝对路径：D:\Unity\open-project-1-main\UOP1_Project\Assets\Scripts\Characters\Config\SpecialDroppableRewardConfigSO.cs
    * 文件内容概述：该脚本定义了一个名为`SpecialDroppableRewardConfigSO`的类，继承自`DroppableRewardConfigSO`。它是一个Unity脚本组件，用于管理特殊可拾取奖励的掉落配置。主要功能是控制特殊物品的掉落频率和数量。
    * 该文件与问题目标之间的关联性：该文件定义了特殊物品的掉落逻辑，包括当前掉落数量和最大掉落数量。这与问题目标相关，因为它涉及到敌人掉落物品的种类和数量设置，特别是对于特殊物品的掉落频率和数量控制。

以上是本次项目文件搜索过程中所搜索到的所有与问题目标相关的文件及其内容概述。
2024-10-08 23:52:04,785 - INFO Retriever 0 - 
Token Consuming:213314

2024-10-08 23:52:04,785 - INFO Retriever 0 - 
history rounds:20

