2024-11-03 02:04:57,736 - INFO Retriever 0 - Init Retriever.
2024-11-03 02:07:21,361 - INFO Retriever 0 - keywords:“角色”，“角色死亡”，“role”，“character”，“role death”，“death”，“character death”，“死亡”，“dying”，“settlement”，“clearing”，“结算”
2024-11-03 02:07:21,362 - INFO Retriever 0 - deep_think_conent
:在获取了项目文件的顶层结构后，我还需要结合待查询的问题描述，对于项目中的文件和目录进行一些深度关键词检索。根据任务描述：“请在D:/Unity/Survaval\Assets下各级目录中寻找：游戏过程中角色死亡结算的逻辑是哪一个脚本实现的？”，我总结出如下可能会出现在各个文件名或者文件内容中的关键词：“角色”，“角色死亡”，“role”，“character”，“role death”，“death”，“character death”，“死亡”，“dying”，“settlement”，“clearing”，“结算”。
接下来，我将使用retrieve_keywords操作，在项目顶层路径“D:/Unity/Survaval\Assets”下检索这些关键词，从而大致把握可能与问题描述相关的文件或目录的路径。
2024-11-03 02:07:21,365 - INFO Retriever 0 - ——————————————————————————————————————————————————————————————————————————————————————————————————————————————————————————
2024-11-03 02:07:21,366 - INFO Retriever 0 - Assistant:
2024-11-03 02:07:21,367 - INFO Retriever 0 - {
    "deep_think": {
        "thoughts": "好的，接下来我将通过深度思考、仔细计划以及逐步执行的方式，来完成该任务。\n\n首先，在阅读详细的代码细节之前，应该先整体把握整个项目。\n\n在提供的可选的action中，可以通过get_folder_info操作，通过将项目顶层路径作为target_folder_path参数进行传入，来获取获取项目中主要文件夹和主要文件的描述，从而能够先大致把握项目文件的主要文件的文件树结构、基本内容、主要代码概述以及大致功能板块的分布。"
    }
}
2024-11-03 02:07:21,368 - INFO Retriever 0 - 
Observer:
2024-11-03 02:07:21,368 - INFO Retriever 0 - 好的，请继续你的下一步行动或思考。
2024-11-03 02:07:21,369 - INFO Retriever 0 - 
2024-11-03 02:07:21,431 - INFO Retriever 0 - ——————————————————————————————————————————————————————————————————————————————————————————————————————————————————————————
2024-11-03 02:07:21,433 - INFO Retriever 0 - Assistant:
2024-11-03 02:07:21,433 - INFO Retriever 0 - {
    "get_folder_info": {
        "target_folder_path": "D:/Unity/Survaval\\Assets"
    }
}
2024-11-03 02:07:21,433 - INFO Retriever 0 - 
Observer:
2024-11-03 02:07:21,434 - INFO Retriever 0 - 目标文件夹路径：D:/Unity/Survaval\Assets
文件结构树（该结构树可能不完整，仅返回深度小于等于1层的子文件以及文件夹）：
├── AddressableAssetsData
│   ├── AddressableAssetSettings.asset
│   ├── Android
│   ├── AssetGroupTemplates
│   ├── AssetGroups
│   ├── DataBuilders
│   ├── DefaultObject.asset
│   ├── iOS
├── AmplifyShaderEditor
│   ├── AmplifyShaderEditor.asmdef
│   ├── ChangeLog.txt
│   ├── CreatingTerrainsWithASE.txt
│   ├── Plugins
│   ├── Readme.txt
├── BlobHashMaps
│   ├── BlobBuilderExtensions.cs
│   ├── BlobHashMap.cs
│   ├── BlobHashMapIntInt.cs
│   ├── BlobHashMaps.asmdef
│   ├── BlobMultiHashMap.cs
│   ├── Data
├── BuildReport
│   ├── CustomBuildScriptExample.txt
│   ├── GUI
│   ├── README.txt
│   ├── Scripts
│   ├── VERSION.txt
│   ├── license.txt
├── CapturePath
├── DamageNumbersPro
│   ├── DamageNumbersPro.asmdef
│   ├── Documentation.url
│   ├── Editor
│   ├── Fonts
│   ├── Materials
│   ├── Scripts
├── Editor
│   ├── ChannelSetting.cs
│   ├── OrbiteExtenedEditor.cs
│   ├── Resources
│   ├── ShaderStripSettings
├── Editor Default Resources
│   ├── MasterAudio
├── EnhancedScroller v2
│   ├── ChangeLog.txt
│   ├── Documentation
│   ├── Plugins
│   ├── Tutorials
│   ├── readme.txt
│   ├── upgrading from 1.x to 2.x.txt
├── FlockBox
│   ├── Classic
│   ├── DOTS
│   ├── Flock Box Manual.pdf
├── Gizmos
│   ├── MasterAudio
├── Magic Spells Sound Effects V2.0
│   ├── Casting Loops
│   ├── Element Scholls
│   ├── General Spell
│   ├── Medieval Combat Sounds BONUS
│   ├── Special Attack
├── Pixel Arsenal
│   ├── Demo
│   ├── Materials
│   ...
│   ├── Textures
├── Plugins
│   ├── Android
│   ├── DarkTonic
│   ├── Demigiant
│   ├── Editor
│   ├── RelationsInspector
│   ├── Sirenix
│   ├── iOS
├── RPG Icons Pixel Art
│   ├── Aeromancer
│   ├── Alchemy1
│   ...
│   ├── Сrossbowman
├── Resources
│   ├── DOTweenSettings.asset
│   ├── MasterAudio
├── SPUM
│   ├── MonsterOrc_Prefabs
│   ├── MonsterUndeadPrefabs
│   ...
│   ├── Sprite_SheetExporter(Beta)
├── StreamingAssets
├── TextMesh Pro
│   ├── Documentation
│   ├── Fonts
│   ├── Resources
│   ├── Shaders
│   ├── Sprites
├── UniversalRenderPipelineGlobalSettings.asset
├── VirtualButtonsForUnity
│   ├── VirtualButtonsForUnity
├── YouLoftSDK
│   ├── PottingMobileSDK
│   ├── PottingMobileServices
│   ...
│   ├── YouloftTemp.cs
├── ZTools
│   ├── GlobalStringBuilder.cs
│   ├── Localization
│   ├── ZTools.asmdef
├── _MyAssets
│   ├── Animations
│   ├── ArtAssets
│   ...
│   ├── URPSettings


其中，部分主要文件及文件夹的信息如下：
1. Assets
# 路径:D:\\Unity\\Survaval\Assets
# 内容概述:“UniversalRenderPipelineGlobalSettings.asset”文件是Unity项目中用于配置通用渲染管道（URP）全局设置的资产。它涵盖了光照模式、阴影质量、后处理效果以及性能优化等关键设置，如光照层配置、阴影质量选择和后处理效果启用，旨在平衡视觉效果与性能表现，以适应不同游戏的需求。

2. AddressableAssetsData
# 路径:D:\\Unity\\Survaval\Assets\AddressableAssetsData
# 内容概述:### 文件夹内容简述

“AddressableAssetsData”文件夹汇集了Unity游戏开发所需的资源管理和配置文件。其中，Android和iOS子文件夹分别管理针对各自平台的资源状态。AssetGroups和AssetGroupTemplates子文件夹则专注于资源打包和内容更新配置，而DataBuilders子文件夹提供了资源管理和场景加载的脚本配置。此外，AddressableAssetSettings.asset文件负责资源加载和优化全局设置，而DefaultObject.asset则定义了Unity脚本组件的配置。整体而言，这些文件共同构成了游戏资源高效管理和优化的框架。

3. AmplifyShaderEditor
# 路径:D:\\Unity\\Survaval\Assets\AmplifyShaderEditor
# 内容概述:“AmplifyShaderEditor”文件夹汇集了Unity游戏开发中Amplify Shader Editor插件的核心组件与资源，包括编辑器脚本、界面资源、版本更新日志和使用指南。其中，“Editor”子文件夹承载着插件的核心逻辑和操作界面，而“EditorResources”则提供了图形用户界面和渲染资源。更新日志“ChangeLog.txt”详细记录了插件的功能迭代和问题修复，而“CreatingTerrainsWithASE.txt”则指导用户如何利用ASE创建地形着色器。遗憾的是，“Readme.txt”因编码错误无法读取，但预计包含插件的基本使用说明。

4. BlobHashMaps
# 路径:D:\\Unity\\Survaval\Assets\BlobHashMaps
# 内容概述:“BlobHashMaps”文件夹汇集了针对Unity游戏引擎优化的数据结构脚本，包括BlobHashMap和BlobMultiHashMap的实现。核心文件如BlobBuilderHashMapData.cs和BlobHashMapData.cs定义了HashMap和只读哈希表，BlobBuilderExtensions.cs扩展了BlobHashMap功能，BlobHashMap.cs和BlobHashMapIntInt.cs则提供了更丰富的操作和构建器功能。BlobHashMaps.asmdef文件定义了模块依赖，而BlobMultiHashMap.cs引入了多哈希映射支持，共同构成了一个高效的数据管理工具集。

5. BuildReport
# 路径:D:\\Unity\\Survaval\Assets\BuildReport
# 内容概述:“BuildReport”文件夹汇集了Unity游戏引擎的构建报告工具及相关资源，包括UI设计资源（如BRTSkin、NativeSkin和NativeSkinExtraIcons）、自动化构建脚本（如CustomBuildScriptExample.txt）和编辑器脚本（位于Scripts/Editor）。此外，它还包含定义特定窗口样式的皮肤文件（BuildReportWindow.guiskin和BuildReportWindowDark.guiskin），以及工具的许可证信息（license.txt）和使用说明（README.txt）。VERSION.txt文件记录了工具的版本更新历史，突出了新增功能和错误修复。

6. CapturePath
# 路径:D:\\Unity\\Survaval\Assets\CapturePath
# 内容概述:该文件夹内容为空。

7. DamageNumbersPro
# 路径:D:\\Unity\\Survaval\Assets\DamageNumbersPro
# 内容概述:“DamageNumbersPro”文件夹汇集了Unity游戏开发所需的资源，包括编辑器脚本、多种风格的字体、材质和游戏逻辑脚本。其中，编辑器脚本用于资源配置，字体和材质丰富了游戏视觉元素，而脚本集合则支撑了游戏的核心逻辑和交互。此外，汇编定义文件和文档链接文件提供了模块化开发和项目文档的便捷访问。

8. Editor
# 路径:D:\\Unity\\Survaval\Assets\Editor
# 内容概述:### 文件夹内容总结

“Editor”文件夹汇集了Unity项目开发所需的资源与工具。其中，**Resources**子文件夹提供游戏与动画设计的视觉素材，包括角色、场景元素和预制游戏单元。**ShaderStripSettings**包含提升渲染质量的Unity脚本组件，而**ChannelSetting.cs**脚本则用于管理不同渠道的SDK和项目配置。此外，**OrbiteExtenedEditor.cs**编辑器扩展脚本增强了文本编辑和屏幕截图功能，辅助设计和开发流程。整体上，这些资源与工具相互关联，共同服务于Unity项目的开发与优化。

9. Editor Default Resources
# 路径:D:\\Unity\\Survaval\Assets\Editor Default Resources
# 内容概述:“Editor Default Resources”文件夹汇集了多种音频处理相关的图标，包括播放、暂停、停止等控制图标，以及复制、删除、保存等操作图标，还有LED灯状态指示和扬声器图标等。这些图标共同服务于音频编辑和界面设计，为用户提供了直观的操作和状态指示。

10. EnhancedScroller v2
# 路径:D:\\Unity\\Survaval\Assets\EnhancedScroller v2
# 内容概述:该“EnhancedScroller v2”文件夹汇集了Unity游戏开发中EnhancedScroller插件的全面资源，包括用户手册、插件代码、教程和更新日志。用户手册详细介绍了插件的使用方法，插件代码则由组件、单元格视图和动画系统等组成，旨在提升UI开发效率。教程资源帮助开发者快速上手，而更新日志和升级指南则提供了插件版本间的变化和升级指导。

11. FlockBox
# 路径:D:\\Unity\\Survaval\Assets\FlockBox
# 内容概述:### 文件夹内容精简总结

“Flock Box”文件夹是Unity游戏开发项目，集成了视觉资源、游戏逻辑脚本和DOTS架构相关资源。其中，**Classic**子文件夹提供游戏场景、预制体和艺术资源，**DOTS**子文件夹则专注于DOTS架构的脚本和材料。项目手册“Flock Box Manual.pdf”详细介绍了项目结构、资源使用和开发指南，为开发者提供了全面的项目操作指导。

12. Gizmos
# 路径:D:\\Unity\\Survaval\Assets\Gizmos
# 内容概述:“Gizmos”文件夹汇集了音频处理相关的图标设计，包括“MasterAudio”品牌标识和“PlaylistController”播放列表控制功能的图标，旨在为音频软件界面提供视觉元素。

13. Magic Spells Sound Effects V2.0
# 路径:D:\\Unity\\Survaval\Assets\Magic Spells Sound Effects V2.0
# 内容概述:“Magic Spells Sound Effects V2.0”文件夹汇集了丰富的音效资源，包括循环施法音效、元素相关施法音效、通用魔法效果、中世纪战斗声音以及特定攻击音效。这些音效覆盖了从增益攻击到治疗，从施法到战斗动作，适用于游戏、影视等多媒体项目，且文件命名清晰，便于快速查找和使用。

14. Pixel Arsenal
# 路径:D:\\Unity\\Survaval\Assets\Pixel Arsenal
# 内容概述:“Pixel Arsenal”文件夹汇集了丰富的游戏开发资源，包括视觉素材（如天空盒和纹理）、预制体（如界面元素和特效）、场景素材、Unity脚本（用于游戏逻辑）和音频效果。这些资源相互关联，共同构建了游戏和视觉效果的基础，适用于Unity等游戏引擎。文件夹内的“ReadMe.txt”文件提供了资源使用指南和潜在的技术支持信息。

15. Plugins
# 路径:D:\\Unity\\Survaval\Assets\Plugins
# 内容概述:“Plugins”文件夹汇集了多平台游戏开发资源，包括Android应用开发工具、Unity游戏资源包如音频和网络同步插件，以及编辑器扩展和iOS应用开发组件。其中，Android子文件夹提供项目配置和第三方库；Unity相关资源如DarkTonic和Demigiant则专注于音频和网络同步，以及动画处理；Editor子文件夹增强Unity编辑器功能；iOS子文件夹涵盖性能监控和广告集成等iOS特有功能。这些资源相互关联，共同构建了一个全面的游戏开发环境。

16. Resources
# 路径:D:\\Unity\\Survaval\Assets\Resources
# 内容概述:### 文件夹内容总结

“Resources”文件夹汇集了Unity游戏项目的关键配置资源，包括“MasterAudioSettings.asset”用于音频处理和插件配置，以及“DOTweenSettings.asset”用于动画和缓动库的详细设置，两者共同确保游戏音效和动画的优化与流畅。

17. RPG Icons Pixel Art
# 路径:D:\\Unity\\Survaval\Assets\RPG Icons Pixel Art
# 内容概述:当然可以。以下是融合后的简短内容：

“Support contact.pdf”文件提供客户支持联系信息，包括电话、电子邮件和在线支持服务，并附有服务时间表、常见问题解答以及用户反馈表单，旨在为用户提供便捷的咨询与支持服务。

18. SPUM
# 路径:D:\\Unity\\Survaval\Assets\SPUM
# 内容概述:“SPUM”文件夹汇集了丰富的游戏开发资源，包括怪物与角色预制体、动画素材、图像资源、字体、材质以及Unity脚本等。它涵盖了从角色模型和动画到编辑器扩展和场景设置的全方位内容，旨在支持游戏开发、3D建模和动画制作项目。文件夹内不同子目录紧密关联，共同构成了一个完整的项目资源库。

19. StreamingAssets
# 路径:D:\\Unity\\Survaval\Assets\StreamingAssets
# 内容概述:“StreamingAssets”文件夹主要存储流媒体应用所需的资源，包括视频、音频和图像文件，以及相关的配置和脚本文件。该文件夹内部分为视频、音频、图像、配置和脚本等子文件夹，各自管理不同类型的媒体资源和播放逻辑配置，以确保资源的高效加载和流式传输。

20. TextMesh Pro
# 路径:D:\\Unity\\Survaval\Assets\TextMesh Pro
# 内容概述:该“TextMesh Pro”文件夹汇集了TextMesh Pro软件的用户指南、Liberation Sans字体资源、Unity项目资源包以及表情符号素材。其中，用户指南详细介绍了软件操作，Liberation Sans字体提供多种样式，Unity资源包包括字体、材质和精灵资产，着色器文件则专注于图形渲染，而表情符号资源则便于集成到项目中。这些内容相互关联，共同服务于游戏开发与图形设计的需求。

21. VirtualButtonsForUnity
# 路径:D:\\Unity\\Survaval\Assets\VirtualButtonsForUnity
# 内容概述:### 文件夹内容概览

“VirtualButtonsForUnity”文件夹是Unity游戏开发资源，集成了虚拟按钮、方向垫和摇杆预制体及脚本，旨在增强游戏交互体验。内含示例项目、预制体、脚本、图像资源和详细文档，方便开发者快速集成和使用。

22. YouLoftSDK
# 路径:D:\\Unity\\Survaval\Assets\YouLoftSDK
# 内容概述:### 文件夹内容总结

“YouLoftSDK”文件夹是Unity游戏开发者的综合工具包，集成了广告管理、支付、用户管理、数据同步等功能模块。其中，**PottingMobileSDK** 提供了Android和iOS平台的插件和脚本，**PottingMobileServices** 则包含了跨平台服务接口和功能脚本。广告管理、支付、礼包兑换等具体功能由 **YouLoftAd.cs**、**YouLoftPay.cs** 和 **YouLoftRedeemcode.cs** 等文件实现，而 **YouLoftSDKManager.cs** 负责管理这些模块，确保它们协同工作。此外，**YouLoftLogin.cs** 处理用户登录，**YouLoftEvent.cs** 和 **YouloftTemp.cs** 分别提供事件跟踪和配置同步功能，共同支撑游戏的整体运行。

23. ZTools
# 路径:D:\\Unity\\Survaval\Assets\ZTools
# 内容概述:### 文件夹内容总结
“ZTools”文件夹汇集了Unity游戏开发中本地化和字符串操作的工具。其中，包含用于本地化文本管理的脚本，如`StaticLocalizedText.cs`和`StaticLocalizedText_UGUI.cs`，以及`Strings.cs`用于管理本地化字符串。此外，`GlobalStringBuilder.cs`提供了全局字符串构建功能，优化了字符串操作性能。而“ZTools.asmdef”文件则定义了项目中的“ZTools”程序集，管理着相关脚本文件的引用和编译。这些工具共同构成了一个高效且模块化的开发环境。

24. _MyAssets
# 路径:D:\\Unity\\Survaval\Assets\_MyAssets
# 内容概述:“_MyAssets”文件夹是游戏开发的核心资源库，汇集了动画、艺术资产、音频、数据配置、编辑器资源、字体、图标、脚本、着色器等关键文件，以及预制体和场景设计。它为游戏提供了丰富的视觉和音频效果，并通过详细的配置文件和脚本实现了复杂的游戏逻辑和交互。文件夹内资源相互关联，共同支撑起游戏的整体架构和功能实现。

25. UniversalRenderPipelineGlobalSettings.asset
# 路径:D:\\Unity\\Survaval\Assets\UniversalRenderPipelineGlobalSettings.asset
# 内容概述:### 简化总结

该文件是Unity的通用渲染管道全局设置配置，定义了8个光照层（如Light Layer default至Light Layer 7）。它还包含了性能优化设置，如移除调试变体和未使用变体，以及不支持运行时调试显示。


2024-11-03 02:07:21,440 - INFO Retriever 0 - 
2024-11-03 02:07:21,441 - INFO Retriever 0 - ——————————————————————————————————————————————————————————————————————————————————————————————————————————————————————————
2024-11-03 02:07:21,442 - INFO Retriever 0 - Assistant:
2024-11-03 02:07:21,442 - INFO Retriever 0 - {
    "deep_think": {
        "thoughts": "在获取了项目文件的顶层结构后，我还需要结合待查询的问题描述，对于项目中的文件和目录进行一些深度关键词检索。根据任务描述：“请在D:/Unity/Survaval\\Assets下各级目录中寻找：游戏过程中角色死亡结算的逻辑是哪一个脚本实现的？”，我总结出如下可能会出现在各个文件名或者文件内容中的关键词：“角色”，“角色死亡”，“role”，“character”，“role death”，“death”，“character death”，“死亡”，“dying”，“settlement”，“clearing”，“结算”。\n接下来，我将使用retrieve_keywords操作，在项目顶层路径“D:/Unity/Survaval\\Assets”下检索这些关键词，从而大致把握可能与问题描述相关的文件或目录的路径。"
    }
}
2024-11-03 02:07:21,442 - INFO Retriever 0 - 
Observer:
2024-11-03 02:07:21,443 - INFO Retriever 0 - 好的，请继续你的下一步行动或思考。
2024-11-03 02:07:21,444 - INFO Retriever 0 - 
2024-11-03 02:07:23,398 - INFO Retriever 0 - ——————————————————————————————————————————————————————————————————————————————————————————————————————————————————————————
2024-11-03 02:07:23,399 - INFO Retriever 0 - Assistant:
2024-11-03 02:07:23,399 - INFO Retriever 0 - {
    "retrieve_keywords": {
        "keyword_list": [
            "角色",
            "角色死亡",
            "role",
            "character",
            "role death",
            "death",
            "character death",
            "死亡",
            "dying",
            "settlement",
            "clearing",
            "结算"
        ]
    }
}
2024-11-03 02:07:23,401 - INFO Retriever 0 - 
Observer:
2024-11-03 02:07:23,402 - INFO Retriever 0 - 根据你提供的关键词，我检索到以下目录或文件，它们的绝对路径如下：


1. D:\\Unity\\Survaval\Library\PackageCache\com.unity.render-pipelines.universal@12.1.7\Documentation~\Images\how-to-render-objects\character.png
这是一个名为“character.png”的文件。

2. D:\\Unity\\Survaval\Library\PackageCache\com.unity.render-pipelines.universal@12.1.7\Documentation~\Images\how-to-render-objects\character-in-hierarchy.png
这是一个名为“character-in-hierarchy.png”的文件。

3. D:\\Unity\\Survaval\Library\PackageCache\com.unity.render-pipelines.universal@12.1.7\Documentation~\Images\how-to-render-objects\rendobj-new-layer-character.png
这是一个名为“rendobj-new-layer-character.png”的文件。

4. D:\\Unity\\Survaval\Library\PackageCache\com.unity.render-pipelines.universal@12.1.7\Documentation~\Images\how-to-render-objects\rendobj-in-urp-asset-clear-character.png
这是一个名为“rendobj-in-urp-asset-clear-character.png”的文件。

5. D:\\Unity\\Survaval\Assets\_MyAssets\Texture\Textures\random-unlock-role.png
这是一个名为“random-unlock-role.png”的文件。

6. D:\\Unity\\Survaval\Assets\_MyAssets\Scripts\UI\CurrencyUI\AfricalUI\AfricaSettllementPanel
## 文件夹内容简述

“AfricaSettllementPanel”文件夹包含游戏结算界面的关键代码，其中`AfricaSettllementPanel.cs`定义了管理结算UI和数据更新的类，而`RewardDrawIcon.cs`则专注于控制奖励图标的显示逻辑，两者协同工作以实现结算界面的完整功能。

7. D:\\Unity\\Survaval\Assets\_MyAssets\Scripts\UI\BattleUI\SettlementPanel.cs
`SettlementPanel.cs` 是Unity游戏中的一个结算界面脚本，继承自 `UIBase`。它负责展示玩家在游戏中的成就和奖励，包括金币、钻石、装备和技能，并管理双倍奖励和结算流程。脚本中定义了 `RewardItem` 类来存储奖励项信息，并在 `SettlementPanel` 类中实现了初始化、数据设置、事件监听和UI更新等功能。通过 `Open` 方法激活面板，`SetData` 方法填充奖励和成就信息，而 `OnDoubleBtn` 和 `OnDoneBtn` 分别处理双倍奖励和完成结算的逻辑。此外，`RefreshAdBtn` 方法负责根据广告状态更新双倍奖励按钮的显示。

8. D:\\Unity\\Survaval\Assets\_MyAssets\Scripts\UI\CurrencyUI\AfricalUI\AfricaSettllementPanel\AfricaSettllementPanel.cs
该脚本定义了 `AfricaSettllementPanel` 类，继承自 `UIBase`，负责管理游戏结算界面的显示和数据更新。它包含地图、角色信息展示，以及金币翻倍、广告观看和购买礼包等互动功能。脚本初始化UI组件和事件监听器，通过 `SetData` 更新界面信息，`OnAdBtn`、`OnBuyGiftBtn` 和 `OnGetRewardOutBtn` 处理用户交互事件，`InitSlots` 初始化老虎机并控制轮次，`Update` 和 `SlotsEnd` 方法则负责老虎机状态的更新和结束处理。


请注意，这些目录或文件可能不全都和你的任务目标相关，仅供参考。请你基于具体的文件内容概述，结合你的任务目标，认真思考分析后，优先选择最有可能与任务相关的目录或文件进行进一步的检查。
2024-11-03 02:07:23,402 - INFO Retriever 0 - 
2024-11-03 02:07:38,646 - INFO Retriever 0 - Agent主脑给出的回答为：{
    "deep_think": {
        "thoughts": "根据检索到的结果，我注意到有两个文件夹和两个文件可能与角色死亡结算逻辑的实现相关。第一个是位于“D:\\Unity\\Survaval\\Assets\_MyAssets\\Scripts\\UI\\BattleUI\\SettlementPanel.cs”，这个文件似乎是一个结算界面脚本，它负责展示玩家在游戏中的成就和奖励，并管理结算流程。第二个是位于“D:\\Unity\\Survaval\\Assets\_MyAssets\\Scripts\\UI\\CurrencyUI\\AfricalUI\\AfricaSettllementPanel”的文件夹，其中包含一个名为“AfricaSettllementPanel.cs”的脚本，这个脚本负责管理游戏结算界面的显示和数据更新。这两个文件或文件夹都直接与“结算”相关，因此它们可能是实现角色死亡结算逻辑的地方。接下来，我将使用read_file操作，分别读取这两个文件的内容，以确定它们是否包含角色死亡结算的逻辑。"
    }
}
2024-11-03 02:07:38,646 - INFO Retriever 0 - 是否成功解析：True
2024-11-03 02:07:38,647 - INFO Retriever 0 - operation_type (__det_dir_action):
2024-11-03 02:07:38,647 - INFO Retriever 0 - deep_think
2024-11-03 02:07:38,647 - INFO Retriever 0 - 

——————————————————————————————————————————————————————————————————————————————————————————————————————————————————————————
2024-11-03 02:07:38,647 - INFO Retriever 0 - Assistant:
2024-11-03 02:07:38,648 - INFO Retriever 0 - {
    "deep_think": {
        "thoughts": "根据检索到的结果，我注意到有两个文件夹和两个文件可能与角色死亡结算逻辑的实现相关。第一个是位于“D:\\Unity\\Survaval\\Assets_MyAssets\\Scripts\\UI\\BattleUI\\SettlementPanel.cs”，这个文件似乎是一个结算界面脚本，它负责展示玩家在游戏中的成就和奖励，并管理结算流程。第二个是位于“D:\\Unity\\Survaval\\Assets_MyAssets\\Scripts\\UI\\CurrencyUI\\AfricalUI\\AfricaSettllementPanel”的文件夹，其中包含一个名为“AfricaSettllementPanel.cs”的脚本，这个脚本负责管理游戏结算界面的显示和数据更新。这两个文件或文件夹都直接与“结算”相关，因此它们可能是实现角色死亡结算逻辑的地方。接下来，我将使用read_file操作，分别读取这两个文件的内容，以确定它们是否包含角色死亡结算的逻辑。"
    }
}
2024-11-03 02:07:38,648 - INFO Retriever 0 - dict_keys(['deep_think'])
2024-11-03 02:07:38,648 - INFO Retriever 0 - Agent主脑给出的行动：deep_think
参数：{'thoughts': '根据检索到的结果，我注意到有两个文件夹和两个文件可能与角色死亡结算逻辑的实现相关。第一个是位于“D:\\Unity\\Survaval\\Assets_MyAssets\\Scripts\\UI\\BattleUI\\SettlementPanel.cs”，这个文件似乎是一个结算界面脚本，它负责展示玩家在游戏中的成就和奖励，并管理结算流程。第二个是位于“D:\\Unity\\Survaval\\Assets_MyAssets\\Scripts\\UI\\CurrencyUI\\AfricalUI\\AfricaSettllementPanel”的文件夹，其中包含一个名为“AfricaSettllementPanel.cs”的脚本，这个脚本负责管理游戏结算界面的显示和数据更新。这两个文件或文件夹都直接与“结算”相关，因此它们可能是实现角色死亡结算逻辑的地方。接下来，我将使用read_file操作，分别读取这两个文件的内容，以确定它们是否包含角色死亡结算的逻辑。', 'repeat_counter': 1, 'continue_think_counter': 1}
2024-11-03 02:07:38,649 - INFO Retriever 0 - Observer: 好的，请继续你的下一步行动或思考。
2024-11-03 02:07:38,650 - INFO Retriever 0 - 

————————————————————————————————————————————————————————————————
2024-11-03 02:07:38,650 - INFO Retriever 0 - 当前窗口总长度：11
2024-11-03 02:07:38,650 - INFO Retriever 0 - 当前更新窗口长度：2
2024-11-03 02:07:38,651 - INFO Retriever 0 - 当前更新窗口长度：2
2024-11-03 02:07:38,652 - INFO Retriever 0 - ————————————————————————————————————————————————————————————————


2024-11-03 02:07:41,994 - INFO Retriever 0 - Agent主脑给出的回答为：{
    "read_file": {
        "file_path": "D:/Unity/Survaval\\Assets_MyAssets\\Scripts\\UI\\BattleUI\\SettlementPanel.cs"
    }
}
2024-11-03 02:07:41,996 - INFO Retriever 0 - 是否成功解析：True
2024-11-03 02:07:41,996 - INFO Retriever 0 - operation_type (__det_dir_action):
2024-11-03 02:07:41,996 - INFO Retriever 0 - read_file
2024-11-03 02:07:41,996 - INFO Retriever 0 - 

——————————————————————————————————————————————————————————————————————————————————————————————————————————————————————————
2024-11-03 02:07:41,996 - INFO Retriever 0 - Assistant:
2024-11-03 02:07:41,996 - INFO Retriever 0 - {
    "read_file": {
        "file_path": "D:/Unity/Survaval\\Assets_MyAssets\\Scripts\\UI\\BattleUI\\SettlementPanel.cs"
    }
}
2024-11-03 02:07:41,996 - INFO Retriever 0 - dict_keys(['read_file'])
2024-11-03 02:07:41,998 - INFO Retriever 0 - Agent主脑给出的行动：read_file
参数：{'file_path': 'D:/Unity/Survaval\\Assets_MyAssets\\Scripts\\UI\\BattleUI\\SettlementPanel.cs', 'top_path': 'D:/Unity/Survaval\\Assets', 'return_file_sum': <bound method TreeGenerationAction.return_file_sum of <Action.tree_gen_action.TreeGenerationAction object at 0x0000012F61C59E20>>}
2024-11-03 02:07:41,998 - INFO Retriever 0 - Observer: D:/Unity/Survaval\Assets_MyAssets\Scripts\UI\BattleUI\SettlementPanel.cs 路径错误。
2024-11-03 02:07:42,000 - INFO Retriever 0 - 

————————————————————————————————————————————————————————————————
2024-11-03 02:07:42,000 - INFO Retriever 0 - 当前窗口总长度：13
2024-11-03 02:07:42,000 - INFO Retriever 0 - 当前更新窗口长度：4
2024-11-03 02:07:42,001 - INFO Retriever 0 - 当前更新窗口长度：4
2024-11-03 02:07:42,001 - INFO Retriever 0 - ————————————————————————————————————————————————————————————————


2024-11-03 02:07:47,607 - INFO Retriever 0 - Agent主脑给出的回答为：{
    "deep_think": {
        "thoughts": "抱歉，我之前提供的路径有误。正确的路径应该是“D:/Unity/Survaval\\Assets\\_MyAssets\\Scripts\\UI\\BattleUI\\SettlementPanel.cs”。我将使用read_file操作，读取这个文件的内容。"
    }
}
2024-11-03 02:07:47,607 - INFO Retriever 0 - 是否成功解析：True
2024-11-03 02:07:47,607 - INFO Retriever 0 - operation_type (__det_dir_action):
2024-11-03 02:07:47,607 - INFO Retriever 0 - deep_think
2024-11-03 02:07:47,609 - INFO Retriever 0 - 

——————————————————————————————————————————————————————————————————————————————————————————————————————————————————————————
2024-11-03 02:07:47,609 - INFO Retriever 0 - Assistant:
2024-11-03 02:07:47,609 - INFO Retriever 0 - {
    "deep_think": {
        "thoughts": "抱歉，我之前提供的路径有误。正确的路径应该是“D:/Unity/Survaval\\Assets\\_MyAssets\\Scripts\\UI\\BattleUI\\SettlementPanel.cs”。我将使用read_file操作，读取这个文件的内容。"
    }
}
2024-11-03 02:07:47,609 - INFO Retriever 0 - dict_keys(['deep_think'])
2024-11-03 02:07:47,609 - INFO Retriever 0 - Agent主脑给出的行动：deep_think
参数：{'thoughts': '抱歉，我之前提供的路径有误。正确的路径应该是“D:/Unity/Survaval\\Assets\\_MyAssets\\Scripts\\UI\\BattleUI\\SettlementPanel.cs”。我将使用read_file操作，读取这个文件的内容。', 'repeat_counter': 1, 'continue_think_counter': 1}
2024-11-03 02:07:47,609 - INFO Retriever 0 - Observer: 好的，请继续你的下一步行动或思考。
2024-11-03 02:07:47,609 - INFO Retriever 0 - 

————————————————————————————————————————————————————————————————
2024-11-03 02:07:47,609 - INFO Retriever 0 - 当前窗口总长度：15
2024-11-03 02:07:47,609 - INFO Retriever 0 - 当前更新窗口长度：6
2024-11-03 02:07:47,609 - INFO Retriever 0 - 当前更新窗口长度：6
2024-11-03 02:07:47,609 - INFO Retriever 0 - ————————————————————————————————————————————————————————————————


2024-11-03 02:07:53,032 - INFO Retriever 0 - Agent主脑给出的回答为：{
    "read_file": {
        "file_path": "D:/Unity/Survaval\\Assets\\_MyAssets\\Scripts\\UI\\BattleUI\\SettlementPanel.cs"
    }
}
2024-11-03 02:07:53,032 - INFO Retriever 0 - 是否成功解析：True
2024-11-03 02:07:53,033 - INFO Retriever 0 - operation_type (__det_dir_action):
2024-11-03 02:07:53,033 - INFO Retriever 0 - read_file
2024-11-03 02:07:53,034 - INFO Retriever 0 - 

——————————————————————————————————————————————————————————————————————————————————————————————————————————————————————————
2024-11-03 02:07:53,034 - INFO Retriever 0 - Assistant:
2024-11-03 02:07:53,034 - INFO Retriever 0 - {
    "read_file": {
        "file_path": "D:/Unity/Survaval\\Assets\\_MyAssets\\Scripts\\UI\\BattleUI\\SettlementPanel.cs"
    }
}
2024-11-03 02:07:53,034 - INFO Retriever 0 - dict_keys(['read_file'])
2024-11-03 02:07:53,035 - INFO Retriever 0 - Agent主脑给出的行动：read_file
参数：{'file_path': 'D:/Unity/Survaval\\Assets\\_MyAssets\\Scripts\\UI\\BattleUI\\SettlementPanel.cs', 'top_path': 'D:/Unity/Survaval\\Assets', 'return_file_sum': <bound method TreeGenerationAction.return_file_sum of <Action.tree_gen_action.TreeGenerationAction object at 0x0000012F61C59E20>>}
2024-11-03 02:07:53,241 - INFO Retriever 0 - Observer: 这是一个名为“SettlementPanel.cs”的文件，该文件里的内容为：
由于脚本文件内容过长，暂时仅给出该脚本文件的内容总结:
- ### 总体概述
- **框架和模块化结构**：该脚本是一个Unity游戏中的UI组件，名为`SettlementPanel`，继承自`UIBase`类。它负责显示游戏结算界面，包括玩家获得的奖励、资源、成就等信息。
- **主要功能和目标**：该脚本的主要功能是展示玩家在游戏中的成就和奖励，包括金币、钻石、装备、技能等，并提供双倍奖励和完成结算的按钮。

### 模块和功能
- **奖励展示**：显示玩家获得的金币、钻石、装备和技能。
- **成就展示**：展示玩家在游戏中达成的成就。
- **双倍奖励**：提供双倍奖励按钮，玩家可以通过观看广告来增加奖励的数值。
- **结算**：提供完成结算的按钮，返回游戏主菜单。

### 类和函数
- **类**：
  - `RewardItem`：用于存储奖励项的信息，如奖励对象、图标、数量等。
  - `SettlementPanel`：游戏结算面板的主要类，继承自`UIBase`。

- **函数**：
  - `SetNumber`：设置奖励项的数量。
  - `SetData`：设置奖励项的数据，包括类型、数量和装备数据。
  - `Awake`：初始化函数，设置事件监听器。
  - `OnEnable`：启用时调用，添加事件监听器。
  - `OnDisable`：禁用时调用，移除事件监听器。
  - `Open`：打开结算面板。
  - `SetData`：设置结算面板的数据。
  - `OnDoubleBtn`：双倍奖励按钮的事件处理函数。
  - `OnDoneBtn`：完成结算按钮的事件处理函数。
  - `RefreshAdBtn`：刷新广告按钮的状态。

### 实现逻辑
- **初始化**：在`Awake`函数中设置事件监听器。
- **打开面板**：在`Open`函数中，设置面板的透明度，获取游戏系统实例，设置数据。
- **设置数据**：在`SetData`函数中，根据游戏数据设置面板上的各项内容，如地图、存活时间、资源、奖励等。
- **双倍奖励**：在`OnDoubleBtn`函数中，处理双倍奖励的逻辑，包括播放广告、增加奖励数值、更新UI等。
- **完成结算**：在`OnDoneBtn`函数中，处理完成结算的逻辑，如返回主菜单、保存游戏等。
- **刷新广告按钮**：在`RefreshAdBtn`函数中，根据是否有广告来更新双倍奖励按钮的状态。
2024-11-03 02:07:53,245 - INFO Retriever 0 - 

————————————————————————————————————————————————————————————————
2024-11-03 02:07:53,245 - INFO Retriever 0 - 当前窗口总长度：17
2024-11-03 02:07:53,245 - INFO Retriever 0 - 当前更新窗口长度：8
2024-11-03 02:07:53,245 - INFO Retriever 0 - 当前更新窗口长度：8
2024-11-03 02:07:53,245 - INFO Retriever 0 - ————————————————————————————————————————————————————————————————


2024-11-03 02:07:58,796 - INFO Retriever 0 - Agent主脑给出的回答为：{
    "deep_think": {
        "thoughts": "根据SettlementPanel.cs文件的内容概述，该脚本确实负责游戏结算界面的显示和数据更新，包括玩家获得的奖励、资源、成就等信息。然而，它并没有明确提到角色死亡结算的逻辑。因此，我需要进一步检查另一个可能相关的文件或文件夹。接下来，我将使用read_file操作，读取文件“D:/Unity/Survaval\\Assets\\_MyAssets\\Scripts\\UI\\CurrencyUI\\AfricalUI\\AfricaSettllementPanel\\AfricaSettllementPanel.cs”的内容。"
    }
}
2024-11-03 02:07:58,796 - INFO Retriever 0 - 是否成功解析：True
2024-11-03 02:07:58,796 - INFO Retriever 0 - operation_type (__det_dir_action):
2024-11-03 02:07:58,796 - INFO Retriever 0 - deep_think
2024-11-03 02:07:58,798 - INFO Retriever 0 - 

——————————————————————————————————————————————————————————————————————————————————————————————————————————————————————————
2024-11-03 02:07:58,798 - INFO Retriever 0 - Assistant:
2024-11-03 02:07:58,798 - INFO Retriever 0 - {
    "deep_think": {
        "thoughts": "根据SettlementPanel.cs文件的内容概述，该脚本确实负责游戏结算界面的显示和数据更新，包括玩家获得的奖励、资源、成就等信息。然而，它并没有明确提到角色死亡结算的逻辑。因此，我需要进一步检查另一个可能相关的文件或文件夹。接下来，我将使用read_file操作，读取文件“D:/Unity/Survaval\\Assets\\_MyAssets\\Scripts\\UI\\CurrencyUI\\AfricalUI\\AfricaSettllementPanel\\AfricaSettllementPanel.cs”的内容。"
    }
}
2024-11-03 02:07:58,798 - INFO Retriever 0 - dict_keys(['deep_think'])
2024-11-03 02:07:58,798 - INFO Retriever 0 - Agent主脑给出的行动：deep_think
参数：{'thoughts': '根据SettlementPanel.cs文件的内容概述，该脚本确实负责游戏结算界面的显示和数据更新，包括玩家获得的奖励、资源、成就等信息。然而，它并没有明确提到角色死亡结算的逻辑。因此，我需要进一步检查另一个可能相关的文件或文件夹。接下来，我将使用read_file操作，读取文件“D:/Unity/Survaval\\Assets\\_MyAssets\\Scripts\\UI\\CurrencyUI\\AfricalUI\\AfricaSettllementPanel\\AfricaSettllementPanel.cs”的内容。', 'repeat_counter': 1, 'continue_think_counter': 1}
2024-11-03 02:07:58,798 - INFO Retriever 0 - Observer: 好的，请继续你的下一步行动或思考。
2024-11-03 02:07:58,800 - INFO Retriever 0 - 

————————————————————————————————————————————————————————————————
2024-11-03 02:07:58,801 - INFO Retriever 0 - 当前窗口总长度：19
2024-11-03 02:07:58,801 - INFO Retriever 0 - 当前更新窗口长度：10
2024-11-03 02:07:58,801 - INFO Retriever 0 - 当前更新窗口长度：10
2024-11-03 02:07:58,801 - INFO Retriever 0 - ————————————————————————————————————————————————————————————————


2024-11-03 02:08:02,220 - INFO Retriever 0 - Agent主脑给出的回答为：{
    "read_file": {
        "file_path": "D:/Unity/Survaval\\Assets\\_MyAssets\\Scripts\\UI\\CurrencyUI\\AfricalUI\\AfricaSettllementPanel\\AfricaSettllementPanel.cs"
    }
}
2024-11-03 02:08:02,220 - INFO Retriever 0 - 是否成功解析：True
2024-11-03 02:08:02,220 - INFO Retriever 0 - operation_type (__det_dir_action):
2024-11-03 02:08:02,220 - INFO Retriever 0 - read_file
2024-11-03 02:08:02,220 - INFO Retriever 0 - 

——————————————————————————————————————————————————————————————————————————————————————————————————————————————————————————
2024-11-03 02:08:02,220 - INFO Retriever 0 - Assistant:
2024-11-03 02:08:02,220 - INFO Retriever 0 - {
    "read_file": {
        "file_path": "D:/Unity/Survaval\\Assets\\_MyAssets\\Scripts\\UI\\CurrencyUI\\AfricalUI\\AfricaSettllementPanel\\AfricaSettllementPanel.cs"
    }
}
2024-11-03 02:08:02,220 - INFO Retriever 0 - dict_keys(['read_file'])
2024-11-03 02:08:02,220 - INFO Retriever 0 - Agent主脑给出的行动：read_file
参数：{'file_path': 'D:/Unity/Survaval\\Assets\\_MyAssets\\Scripts\\UI\\CurrencyUI\\AfricalUI\\AfricaSettllementPanel\\AfricaSettllementPanel.cs', 'top_path': 'D:/Unity/Survaval\\Assets', 'return_file_sum': <bound method TreeGenerationAction.return_file_sum of <Action.tree_gen_action.TreeGenerationAction object at 0x0000012F61C59E20>>}
2024-11-03 02:08:02,393 - INFO Retriever 0 - Observer: 这是一个名为“AfricaSettllementPanel.cs”的文件，该文件里的内容为：
由于脚本文件内容过长，暂时仅给出该脚本文件的内容总结:
- ### 总体概述
- **框架和模块化结构**：该脚本定义了一个名为 `AfricaSettllementPanel` 的类，继承自 `UIBase` 类。它是一个用户界面（UI）组件，用于显示游戏中的结算信息，包括地图、角色、存活时间、击败敌人数量、金币等。
- **主要功能**：脚本的主要功能是管理游戏结算界面的显示和数据更新，包括金币翻倍、广告观看、购买礼包等互动功能。

### 模块和功能
- **地图和角色信息**：显示地图图片、角色图标、地图描述、角色等级、击败敌人数量和金币数值。
- **翻倍节点**：管理8个翻倍节点，用于翻倍金币。
- **广告和礼包**：提供观看广告翻倍金币和购买礼包的功能。
- **奖励获取**：允许玩家获得奖励并离开结算界面。

### 类和函数
- **类**：`AfricaSettllementPanel` 继承自 `UIBase`。
- **函数**：
  - `SetGold`, `SetTime`, `SetSkill`: 设置金币、时间和击败敌人数量。
  - `Awake`: 初始化事件监听器。
  - `Open`: 打开结算界面。
  - `SetData`: 设置界面数据。
  - `UpRewardByGift`, `UpRewardByGiftAd`: 通过礼包和广告升级奖励。
  - `OnAdBtn`, `OnBuyGiftBtn`, `OnGetRewardOutBtn`: 处理广告按钮、购买礼包按钮和获得奖励离开按钮的事件。
  - `InitSlots`: 初始化老虎机。
  - `Update`: 更新老虎机的状态。
  - `SlotsEnd`: 结束老虎机轮次。
  - `RefreshAdBtn`: 刷新广告按钮的状态。

### 实现逻辑
- 脚本首先初始化UI组件和事件监听器。
- `Open` 方法用于打开结算界面并设置数据。
- `SetData` 方法更新界面上的信息，如地图、角色、时间、金币等。
- `OnAdBtn`, `OnBuyGiftBtn`, `OnGetRewardOutBtn` 处理用户交互。
- `InitSlots` 初始化老虎机，包括设置翻倍节点和开始轮次。
- `Update` 方法根据轮次和速度更新老虎机的状态。
- `SlotsEnd` 方法在老虎机轮次结束时处理结果和金币更新。
2024-11-03 02:08:02,397 - INFO Retriever 0 - 

————————————————————————————————————————————————————————————————
2024-11-03 02:08:02,398 - INFO Retriever 0 - 当前窗口总长度：21
2024-11-03 02:08:02,398 - INFO Retriever 0 - 当前更新窗口长度：12
2024-11-03 02:08:02,398 - INFO Retriever 0 - 当前更新窗口长度：12
2024-11-03 02:08:02,398 - INFO Retriever 0 - ————————————————————————————————————————————————————————————————


2024-11-03 02:08:08,767 - INFO Retriever 0 - Agent主脑给出的回答为：{
    "deep_think": {
        "thoughts": "根据AfricaSettllementPanel.cs文件的内容概述，该脚本负责管理游戏结算界面的显示和数据更新，包括金币翻倍、广告观看、购买礼包等互动功能。然而，它并没有明确提到角色死亡结算的逻辑。因此，我需要进一步检查其他可能相关的文件或文件夹。由于我已经检查了两个与结算相关的文件，但没有找到角色死亡结算的逻辑，我需要考虑是否有其他文件或文件夹可能包含这部分逻辑。接下来，我将使用get_folder_info操作，获取“D:/Unity/Survaval\\Assets\\_MyAssets\\Scripts\\UI\\BattleUI”文件夹下的文件信息，以寻找可能的线索。"
    }
}
2024-11-03 02:08:08,771 - INFO Retriever 0 - 是否成功解析：True
2024-11-03 02:08:08,774 - INFO Retriever 0 - operation_type (__det_dir_action):
2024-11-03 02:08:08,776 - INFO Retriever 0 - deep_think
2024-11-03 02:08:08,778 - INFO Retriever 0 - 

——————————————————————————————————————————————————————————————————————————————————————————————————————————————————————————
2024-11-03 02:08:08,781 - INFO Retriever 0 - Assistant:
2024-11-03 02:08:08,783 - INFO Retriever 0 - {
    "deep_think": {
        "thoughts": "根据AfricaSettllementPanel.cs文件的内容概述，该脚本负责管理游戏结算界面的显示和数据更新，包括金币翻倍、广告观看、购买礼包等互动功能。然而，它并没有明确提到角色死亡结算的逻辑。因此，我需要进一步检查其他可能相关的文件或文件夹。由于我已经检查了两个与结算相关的文件，但没有找到角色死亡结算的逻辑，我需要考虑是否有其他文件或文件夹可能包含这部分逻辑。接下来，我将使用get_folder_info操作，获取“D:/Unity/Survaval\\Assets\\_MyAssets\\Scripts\\UI\\BattleUI”文件夹下的文件信息，以寻找可能的线索。"
    }
}
2024-11-03 02:08:08,786 - INFO Retriever 0 - dict_keys(['deep_think'])
2024-11-03 02:08:08,792 - INFO Retriever 0 - Agent主脑给出的行动：deep_think
参数：{'thoughts': '根据AfricaSettllementPanel.cs文件的内容概述，该脚本负责管理游戏结算界面的显示和数据更新，包括金币翻倍、广告观看、购买礼包等互动功能。然而，它并没有明确提到角色死亡结算的逻辑。因此，我需要进一步检查其他可能相关的文件或文件夹。由于我已经检查了两个与结算相关的文件，但没有找到角色死亡结算的逻辑，我需要考虑是否有其他文件或文件夹可能包含这部分逻辑。接下来，我将使用get_folder_info操作，获取“D:/Unity/Survaval\\Assets\\_MyAssets\\Scripts\\UI\\BattleUI”文件夹下的文件信息，以寻找可能的线索。', 'repeat_counter': 1, 'continue_think_counter': 1}
2024-11-03 02:08:08,795 - INFO Retriever 0 - Observer: 好的，请继续你的下一步行动或思考。
2024-11-03 02:08:08,807 - INFO Retriever 0 - 

————————————————————————————————————————————————————————————————
2024-11-03 02:08:08,810 - INFO Retriever 0 - 当前窗口总长度：23
2024-11-03 02:08:08,813 - INFO Retriever 0 - 当前更新窗口长度：14
2024-11-03 02:08:08,815 - INFO Retriever 0 - 当前更新窗口长度：14
2024-11-03 02:08:08,821 - INFO Retriever 0 - ————————————————————————————————————————————————————————————————


2024-11-03 02:08:12,050 - INFO Retriever 0 - Agent主脑给出的回答为：{
    "get_folder_info": {
        "target_folder_path": "D:/Unity/Survaval\\Assets\\_MyAssets\\Scripts\\UI\\BattleUI"
    }
}
2024-11-03 02:08:12,050 - INFO Retriever 0 - 是否成功解析：True
2024-11-03 02:08:12,050 - INFO Retriever 0 - operation_type (__det_dir_action):
2024-11-03 02:08:12,051 - INFO Retriever 0 - get_folder_info
2024-11-03 02:08:12,051 - INFO Retriever 0 - 

——————————————————————————————————————————————————————————————————————————————————————————————————————————————————————————
2024-11-03 02:08:12,051 - INFO Retriever 0 - Assistant:
2024-11-03 02:08:12,051 - INFO Retriever 0 - {
    "get_folder_info": {
        "target_folder_path": "D:/Unity/Survaval\\Assets\\_MyAssets\\Scripts\\UI\\BattleUI"
    }
}
2024-11-03 02:08:12,052 - INFO Retriever 0 - dict_keys(['get_folder_info'])
2024-11-03 02:08:12,052 - INFO Retriever 0 - Agent主脑给出的行动：get_folder_info
参数：{'target_folder_path': 'D:/Unity/Survaval\\Assets\\_MyAssets\\Scripts\\UI\\BattleUI'}
2024-11-03 02:08:12,281 - INFO Retriever 0 - Observer: 目标文件夹路径：D:/Unity/Survaval\Assets\_MyAssets\Scripts\UI\BattleUI
文件结构树（该结构树可能不完整，仅返回深度小于等于1层的子文件以及文件夹）：
├── AfricaPayFailAdPanel.cs
├── ArrowPanel
│   ├── ArrowItem.cs
│   ├── ThreasureChestArrow.cs
├── AudioSourcePause.cs
├── BattleLevelUpWindow.cs
├── BattleMain
│   ├── ActiveSkill.cs
├── BattleUIControlor.cs
├── BattleUILevelUpSelectionNode.cs
├── BattleUIManager.cs
├── BattleUIUpdateSystem.cs
├── ChestCardDesPanel.cs
├── ChooseWeaponsPanel
│   ├── ChooseWeaponsItem.cs
│   ├── ChooseWeaponsPanel.cs
├── DiePanel
│   ├── DieAchiveItem.cs
│   ├── PlayerDiePanel.cs
├── GM
│   ├── YouLoft
├── GoldRafflePartic
│   ├── GoldRaffleParticPanel.cs
│   ├── OnePartic.cs
├── GuidePanel.cs
├── OpenTreasureChest
│   ├── CareItem.cs
│   ├── OpenThreasureChest.cs
├── PausePanel
│   ├── PausePanel.cs
│   ├── WeaponSkillItem.cs
├── ResurrectionPanel.cs
├── ReturnConfrimPanel.cs
├── SettlementPanel.cs
├── TipPanel
│   ├── TipPanel.cs
│   ├── TipPanel.prefab
├── WarningTipPanel.cs


其中，部分主要文件及文件夹的信息如下：
1. BattleUI
# 路径:D:\\Unity\\Survaval\Assets\_MyAssets\Scripts\UI\BattleUI
# 内容概述:“BattleUI”文件夹汇集了Unity游戏开发的核心UI脚本，涵盖从技能管理到游戏结算的全面功能。其中，子文件夹如ArrowPanel和ChooseWeaponsPanel专注于特定UI组件，如箭头指示和武器选择界面；而GM和BattleUIManager等则负责更广泛的UI管理和游戏逻辑。这些脚本相互协作，共同构建了游戏丰富的交互体验和流畅的用户界面。

2. ArrowPanel
# 路径:D:\\Unity\\Survaval\Assets\_MyAssets\Scripts\UI\BattleUI\ArrowPanel
# 内容概述:## 文件夹内容精简总结

“ArrowPanel”文件夹汇集了Unity游戏开发中的两个关键脚本。`ArrowItem.cs`脚本定义了`ArrowItem`类，负责箭头对象的位置和旋转控制。而`ThreasureChestArrow.cs`脚本则专注于管理宝箱箭头指示器的位置和可见性，确保其在屏幕内正确显示并指向目标。这两个脚本共同构成了游戏中的箭头指示系统。

3. BattleMain
# 路径:D:\\Unity\\Survaval\Assets\_MyAssets\Scripts\UI\BattleUI\BattleMain
# 内容概述:“BattleMain”文件夹汇集了Unity游戏开发中技能管理的C#代码，核心文件ActiveSkill.cs定义了用于附加到游戏对象上的`ActiveSkill`类，该类负责处理技能数据（如ID和图标）及进度显示，支持动态更新技能图标和进度条。

4. ChooseWeaponsPanel
# 路径:D:\\Unity\\Survaval\Assets\_MyAssets\Scripts\UI\BattleUI\ChooseWeaponsPanel
# 内容概述:该“ChooseWeaponsPanel”文件夹内包含两个关键脚本：`ChooseWeaponsItem.cs`和`ChooseWeaponsPanel.cs`。前者定义了`ChooseWeaponsItem`类，负责单个武器项的显示与交互，包括UI组件管理和事件监听；后者则创建了武器选择面板，管理武器数据并处理用户交互。这两个脚本协同工作，实现了游戏内武器选择界面的功能。

5. DiePanel
# 路径:D:\\Unity\\Survaval\Assets\_MyAssets\Scripts\UI\BattleUI\DiePanel
# 内容概述:“DiePanel”文件夹汇集了两个Unity C#脚本，分别负责游戏成就的展示和游戏结束界面的管理。`DieAchiveItem.cs` 脚本专注于成就项的UI显示，包括图标、描述和奖励信息，而 `PlayerDiePanel.cs` 则负责游戏结束时的UI逻辑，如显示胜利/失败信息、更新玩家数据，并集成成就展示功能，两者协同确保游戏体验的丰富性和完整性。

6. GM
# 路径:D:\\Unity\\Survaval\Assets\_MyAssets\Scripts\UI\BattleUI\GM
# 内容概述:“GM”文件夹集中了Unity游戏开发的核心脚本，包括`YouLoftGmItem.cs`用于管理游戏物品的逻辑，以及`YouLoft_Gm_BattleUI.cs`负责战斗界面的UI交互和显示，两者协同工作，确保游戏内物品的准确呈现和操作。

7. GoldRafflePartic
# 路径:D:\\Unity\\Survaval\Assets\_MyAssets\Scripts\UI\BattleUI\GoldRafflePartic
# 内容概述:该“GoldRafflePartic”文件夹汇集了Unity游戏开发中的两个关键脚本，`GoldRaffleParticPanel.cs`负责管理显示金币或钻石奖励的粒子效果UI组件，而`OnePartic.cs`则专注于控制单个粒子的动画，包括下落和缩放。这两个脚本协同工作，确保粒子效果在游戏中正确显示和动画化。

8. OpenTreasureChest
# 路径:D:\\Unity\\Survaval\Assets\_MyAssets\Scripts\UI\BattleUI\OpenTreasureChest
# 内容概述:该“OpenTreasureChest”文件夹汇集了两个Unity游戏开发脚本，`CareItem.cs`用于管理游戏内物品信息的展示，包括名称、等级等，而`OpenThreasureChest.cs`则负责宝箱的交互逻辑，涵盖宝箱的打开、关闭及奖励展示，两者共同优化了游戏物品管理和交互体验。

9. PausePanel
# 路径:D:\\Unity\\Survaval\Assets\_MyAssets\Scripts\UI\BattleUI\PausePanel
# 内容概述:该“PausePanel”文件夹汇集了Unity游戏开发中暂停面板的核心脚本。其中，`PausePanel.cs`定义了暂停面板类，负责展示角色属性、武器和技能信息，并处理暂停、设置和返回大厅的按钮交互。`WeaponSkillItem.cs`则专注于管理武器和技能的UI显示，确保面板内容丰富且交互直观。这两个脚本紧密协作，共同构成了游戏暂停功能，为玩家提供便捷的操作体验。

10. TipPanel
# 路径:D:\\Unity\\Survaval\Assets\_MyAssets\Scripts\UI\BattleUI\TipPanel
# 内容概述:该“TipPanel”文件夹汇集了Unity游戏开发资源，包含控制游戏内装备提示显示的C#脚本（TipPanel.cs）和对应的预制体（TipPanel.prefab）。脚本负责展示装备图标和名称，并通过动画增强视觉效果。预制体则作为可复用的游戏对象，在场景中应用脚本逻辑以实现装备提示功能。

11. AfricaPayFailAdPanel.cs
# 路径:D:\\Unity\\Survaval\Assets\_MyAssets\Scripts\UI\BattleUI\AfricaPayFailAdPanel.cs
# 内容概述:该脚本定义了Unity游戏中的`AfricaPayFailAdPanel`类，继承自`UIBase`，负责管理一个广告展示面板。主要功能包括初始化按钮事件监听，以及处理广告播放和取消逻辑。`Awake`方法初始化按钮事件，`Open`方法在广告准备就绪时打开面板，`OnAdBtn`在广告按钮点击时触发广告播放，`OnCancleBtn`则在取消按钮点击时关闭面板。

12. AudioSourcePause.cs
# 路径:D:\\Unity\\Survaval\Assets\_MyAssets\Scripts\UI\BattleUI\AudioSourcePause.cs
# 内容概述:该脚本“AudioSourcePause.cs”是Unity中一个用于管理音频源计数的组件。它通过继承自`MonoBehaviour`，在组件启用时增加音频源计数，在禁用时减少计数，以控制音频源的播放状态。脚本包含两个关键的生命周期方法：`OnEnable`和`OnDisable`，分别对应组件的启用和禁用事件。这两个方法都检查并修改`BattleUIManager.instance.SetAudioSource`的值，实现音频源状态的动态管理。

13. BattleLevelUpWindow.cs
# 路径:D:\\Unity\\Survaval\Assets\_MyAssets\Scripts\UI\BattleUI\BattleLevelUpWindow.cs
# 内容概述:该脚本定义了 `BattleLevelUpWindow` 类，负责管理战斗升级UI界面。它集成了多种UI元素和按钮，支持不同地区的配置。类中包含初始化、事件监听、按钮交互和数据设置等方法。例如，`Awake()` 方法初始化UI，`SetupData()` 根据数据配置UI，而 `OnSkipButtonClicked()` 和 `OnRefreshButtonClicked()` 等处理用户交互。此外，脚本还根据地区差异提供了特定的奖励获取逻辑。

14. BattleUIControlor.cs
# 路径:D:\\Unity\\Survaval\Assets\_MyAssets\Scripts\UI\BattleUI\BattleUIControlor.cs
# 内容概述:该脚本“BattleUIControlor.cs”是战斗场景专用的UI控制器，继承自`UIControlorBase<BattleUIControlor>`。主要功能在`Awake()`方法中实现，通过调用基类初始化并设置`IsStartScene`为`false`，以区分战斗场景的初始化状态。

15. BattleUILevelUpSelectionNode.cs
# 路径:D:\\Unity\\Survaval\Assets\_MyAssets\Scripts\UI\BattleUI\BattleUILevelUpSelectionNode.cs
# 内容概述:该脚本定义了Unity游戏中的`BattleUILevelUpSelectionNode`类，负责管理战斗升级选择节点的UI显示和交互。类中包含对背景、图标、文本等UI元素的引用，以及用于设置节点数据和状态的方法。`Awake()`初始化按钮监听器和金币数量，`SetupData()`用于配置节点信息，而`OnClickChoos()`和`OnClick()`处理用户点击事件，触发升级逻辑或广告播放。此外，脚本还支持根据地区和节点类型调整显示效果，如非洲钻石节点和广告节点。

16. BattleUIManager.cs
# 路径:D:\\Unity\\Survaval\Assets\_MyAssets\Scripts\UI\BattleUI\BattleUIManager.cs
# 内容概述:### 脚本概述
“BattleUIManager.cs”是Unity游戏中的UI管理类，负责战斗场景的UI元素控制，包括血条、经验条、按钮等，同时处理游戏状态变化和资源管理。

### 主要功能
- **UI管理**：集中管理游戏内UI组件，如血量、经验、时间显示等。
- **状态控制**：处理游戏暂停、设置、死亡等状态变化。
- **资源交互**：管理音频资源，如音乐播放和音量调整。
- **事件响应**：监听并响应游戏事件，如添加宝箱箭头、更新钻石数量等。

### 关键实现
- **初始化**：Awake方法负责初始化实例、设置监听器和系统。
- **UI更新**：根据游戏状态更新UI元素，如血量、经验等。
- **资源管理**：通过SetAduioSouceVolume方法调整音频音量。
- **游戏逻辑**：处理游戏逻辑，如开始游戏、显示界面、更新数据等，例如通过ChangeTime更新时间显示，ChangeGolds更新金币数量。

17. BattleUIUpdateSystem.cs
# 路径:D:\\Unity\\Survaval\Assets\_MyAssets\Scripts\UI\BattleUI\BattleUIUpdateSystem.cs
# 内容概述:### 脚本概述
“BattleUIUpdateSystem.cs”是Unity游戏中的系统组件，负责管理战斗UI的更新。它采用Entity System Architecture，包含玩家等级提升、宝箱获取、UI显示、复活逻辑、无敌时间及装备掉落等功能模块。

### 关键功能
- **事件处理**：响应玩家等级提升和宝箱获取事件，触发相应的UI更新。
- **随机奖励**：根据游戏版本和玩家属性，随机生成升级奖励物品。
- **UI更新**：实时更新玩家生命值、金币、经验值、技能数量等UI元素。
- **复活与无敌**：管理玩家的复活次数、无敌时间及吸收无敌时间。
- **掉落处理**：处理敌人掉落装备，更新UI显示掉落信息。

18. ChestCardDesPanel.cs
# 路径:D:\\Unity\\Survaval\Assets\_MyAssets\Scripts\UI\BattleUI\ChestCardDesPanel.cs
# 内容概述:该脚本定义了`ChestCardDesPanel`类，继承自`UIBase`，用于Unity中管理宝箱卡片描述面板的显示。面板包含标题、图标、名字和描述等UI元素，并通过`SetData`方法根据传入的`ItemData`和金币标志动态更新内容。`Awake`方法初始化背景按钮的关闭监听器，`Open`和`Close`方法控制面板的显示与隐藏，而`SetText`方法预留用于文本设置。

19. GuidePanel.cs
# 路径:D:\\Unity\\Survaval\Assets\_MyAssets\Scripts\UI\BattleUI\GuidePanel.cs
# 内容概述:该脚本定义了Unity中的`GuidePanel`类，负责管理引导面板的显示与隐藏。`GuidePanel`类包含`Open`和`Close`方法，用于控制面板的激活状态，并相应地更新暂停按钮的交互性。此外，根据特定条件，这两个方法还会触发教程开始和结束的广告跟踪事件。

20. ResurrectionPanel.cs
# 路径:D:\\Unity\\Survaval\Assets\_MyAssets\Scripts\UI\BattleUI\ResurrectionPanel.cs
# 内容概述:`ResurrectionPanel.cs`脚本定义了一个继承自`UIBase`的Unity UI组件，负责管理复活面板的显示与交互。该类包含发光图片、描述文本和确定按钮等UI元素。主要功能包括面板的打开和关闭，使用`DOTween`进行动画效果，`MasterAudio`播放声音，并通过`TextMeshProUGUI`更新描述文本。确定按钮点击会触发面板关闭，同时`CloseEvent()`方法负责更新游戏状态。

21. ReturnConfrimPanel.cs
# 路径:D:\\Unity\\Survaval\Assets\_MyAssets\Scripts\UI\BattleUI\ReturnConfrimPanel.cs
# 内容概述:该脚本定义了`ReturnConfrimPanel`类，继承自`UIBase`，用于Unity游戏中的确认面板。类中包含确认和取消按钮，并在`Awake`阶段注册了按钮事件。确认按钮触发关闭面板、结束战斗暂停并显示死亡窗口；取消按钮仅关闭面板。此外，`Open`方法重载以适应面板显示，但具体文本设置未实现。

22. SettlementPanel.cs
# 路径:D:\\Unity\\Survaval\Assets\_MyAssets\Scripts\UI\BattleUI\SettlementPanel.cs
# 内容概述:`SettlementPanel.cs` 是Unity游戏中的一个结算界面脚本，继承自 `UIBase`。它负责展示玩家在游戏中的成就和奖励，包括金币、钻石、装备和技能，并管理双倍奖励和结算流程。脚本中定义了 `RewardItem` 类来存储奖励项信息，并在 `SettlementPanel` 类中实现了初始化、数据设置、事件监听和UI更新等功能。通过 `Open` 方法激活面板，`SetData` 方法填充奖励和成就信息，而 `OnDoubleBtn` 和 `OnDoneBtn` 分别处理双倍奖励和完成结算的逻辑。此外，`RefreshAdBtn` 方法负责根据广告状态更新双倍奖励按钮的显示。

23. WarningTipPanel.cs
# 路径:D:\\Unity\\Survaval\Assets\_MyAssets\Scripts\UI\BattleUI\WarningTipPanel.cs
# 内容概述:该脚本定义了`WarningTipPanel`类，继承自`UIBase`，用于Unity游戏中的警告提示面板。面板支持显示不同类型的警告信息，包括敌人来袭和特殊事件，并可根据用户语言自动切换中文或英文显示。主要功能模块包括动画控制、语言本地化和数据设置。类中定义了`Open`和`Close`方法来控制面板的显示和隐藏，`SetData`方法用于根据警告类型设置面板内容，同时包含动画结束处理函数`WaringOpenEnd`和`CloseAnim`来管理动画流程。


2024-11-03 02:08:12,285 - INFO Retriever 0 - 

————————————————————————————————————————————————————————————————
2024-11-03 02:08:12,285 - INFO Retriever 0 - 当前窗口总长度：25
2024-11-03 02:08:12,285 - INFO Retriever 0 - 当前更新窗口长度：16
2024-11-03 02:08:12,286 - INFO Retriever 0 - 当前更新窗口长度：16
2024-11-03 02:08:12,286 - INFO Retriever 0 - ————————————————————————————————————————————————————————————————


2024-11-03 02:08:18,841 - INFO Retriever 0 - Agent主脑给出的回答为：{
    "deep_think": {
        "thoughts": "在检查了BattleUI文件夹下的文件信息后，我注意到有一个名为'DiePanel'的文件夹，其中包含了'DieAchiveItem.cs'和'PlayerDiePanel.cs'两个文件。这些文件名中的'Die'和'PlayerDie'关键词与角色死亡相关。因此，这些文件可能包含角色死亡结算的逻辑。接下来，我将使用read_file操作，分别读取这两个文件的内容，以确定它们是否包含角色死亡结算的逻辑。"
    }
}
2024-11-03 02:08:18,842 - INFO Retriever 0 - 是否成功解析：True
2024-11-03 02:08:18,842 - INFO Retriever 0 - operation_type (__det_dir_action):
2024-11-03 02:08:18,842 - INFO Retriever 0 - deep_think
2024-11-03 02:08:18,842 - INFO Retriever 0 - 

——————————————————————————————————————————————————————————————————————————————————————————————————————————————————————————
2024-11-03 02:08:18,843 - INFO Retriever 0 - Assistant:
2024-11-03 02:08:18,843 - INFO Retriever 0 - {
    "deep_think": {
        "thoughts": "在检查了BattleUI文件夹下的文件信息后，我注意到有一个名为'DiePanel'的文件夹，其中包含了'DieAchiveItem.cs'和'PlayerDiePanel.cs'两个文件。这些文件名中的'Die'和'PlayerDie'关键词与角色死亡相关。因此，这些文件可能包含角色死亡结算的逻辑。接下来，我将使用read_file操作，分别读取这两个文件的内容，以确定它们是否包含角色死亡结算的逻辑。"
    }
}
2024-11-03 02:08:18,843 - INFO Retriever 0 - dict_keys(['deep_think'])
2024-11-03 02:08:18,843 - INFO Retriever 0 - Agent主脑给出的行动：deep_think
参数：{'thoughts': "在检查了BattleUI文件夹下的文件信息后，我注意到有一个名为'DiePanel'的文件夹，其中包含了'DieAchiveItem.cs'和'PlayerDiePanel.cs'两个文件。这些文件名中的'Die'和'PlayerDie'关键词与角色死亡相关。因此，这些文件可能包含角色死亡结算的逻辑。接下来，我将使用read_file操作，分别读取这两个文件的内容，以确定它们是否包含角色死亡结算的逻辑。", 'repeat_counter': 1, 'continue_think_counter': 1}
2024-11-03 02:08:18,843 - INFO Retriever 0 - Observer: 好的，请继续你的下一步行动或思考。
2024-11-03 02:08:18,846 - INFO Retriever 0 - 

————————————————————————————————————————————————————————————————
2024-11-03 02:08:18,847 - INFO Retriever 0 - 当前窗口总长度：27
2024-11-03 02:08:18,847 - INFO Retriever 0 - 当前更新窗口长度：18
2024-11-03 02:08:18,847 - INFO Retriever 0 - 当前更新窗口长度：18
2024-11-03 02:08:18,848 - INFO Retriever 0 - ————————————————————————————————————————————————————————————————


2024-11-03 02:08:22,293 - INFO Retriever 0 - Agent主脑给出的回答为：{
    "read_file": {
        "file_path": "D:/Unity/Survaval\\Assets\\_MyAssets\\Scripts\\UI\\BattleUI\\DiePanel\\DieAchiveItem.cs"
    }
}
2024-11-03 02:08:22,293 - INFO Retriever 0 - 是否成功解析：True
2024-11-03 02:08:22,293 - INFO Retriever 0 - operation_type (__det_dir_action):
2024-11-03 02:08:22,294 - INFO Retriever 0 - read_file
2024-11-03 02:08:22,294 - INFO Retriever 0 - 

——————————————————————————————————————————————————————————————————————————————————————————————————————————————————————————
2024-11-03 02:08:22,294 - INFO Retriever 0 - Assistant:
2024-11-03 02:08:22,295 - INFO Retriever 0 - {
    "read_file": {
        "file_path": "D:/Unity/Survaval\\Assets\\_MyAssets\\Scripts\\UI\\BattleUI\\DiePanel\\DieAchiveItem.cs"
    }
}
2024-11-03 02:08:22,295 - INFO Retriever 0 - dict_keys(['read_file'])
2024-11-03 02:08:22,295 - INFO Retriever 0 - Agent主脑给出的行动：read_file
参数：{'file_path': 'D:/Unity/Survaval\\Assets\\_MyAssets\\Scripts\\UI\\BattleUI\\DiePanel\\DieAchiveItem.cs', 'top_path': 'D:/Unity/Survaval\\Assets', 'return_file_sum': <bound method TreeGenerationAction.return_file_sum of <Action.tree_gen_action.TreeGenerationAction object at 0x0000012F61C59E20>>}
2024-11-03 02:08:22,475 - INFO Retriever 0 - Observer: 这是一个名为“DieAchiveItem.cs”的文件，该文件里的内容为：
由于脚本文件内容过长，暂时仅给出该脚本文件的内容总结:
- ### 总体概述
该脚本名为“DieAchiveItem.cs”，是一个Unity C#脚本，用于管理游戏中的成就项显示。脚本通过设置不同的UI元素来展示成就的图标、文本描述和奖励信息。

### 模块和功能
- 成就项数据设置：通过`SetData`方法接收成就数据，并更新UI元素。
- 奖励类型处理：根据不同的奖励类型，更新UI元素以显示相应的奖励信息。
- 多语言支持：使用`Strings.Get`方法获取本地化字符串。

### 类和函数
- `DieAchiveItem`类：包含管理成就项UI的所有功能。
  - `SetData(AchivementData data)`: 设置成就项的基本信息。
  - `SetData(EndlessModeRewardInfo data, int level)`: 设置无尽模式奖励信息。

### 实现逻辑
1. 通过`SetData`方法接收`AchivementData`或`EndlessModeRewardInfo`对象。
2. 根据奖励类型，更新成就文本、描述、图标和奖励信息。
3. 使用`switch`语句处理不同的奖励类型，并设置相应的UI元素。
4. 对于不同的奖励类型，可能需要获取额外的游戏数据，如地图数据或角色数据。
5. 使用`Strings.Get`方法获取本地化字符串，以支持多语言环境。
2024-11-03 02:08:22,477 - INFO Retriever 0 - 

————————————————————————————————————————————————————————————————
2024-11-03 02:08:22,477 - INFO Retriever 0 - 当前窗口总长度：29
2024-11-03 02:08:22,478 - INFO Retriever 0 - 当前更新窗口长度：20
2024-11-03 02:08:22,478 - INFO Retriever 0 - 当前更新窗口长度：20
2024-11-03 02:08:22,478 - INFO Retriever 0 - ————————————————————————————————————————————————————————————————


2024-11-03 02:08:29,192 - INFO Retriever 0 - Agent主脑给出的回答为：{
    "deep_think": {
        "thoughts": "根据DieAchiveItem.cs文件的内容概述，该脚本负责管理游戏中的成就项显示，包括成就的图标、文本描述和奖励信息。它并不直接涉及角色死亡结算的逻辑。因此，我需要继续检查另一个可能相关的文件。接下来，我将使用read_file操作，读取文件“D:/Unity/Survaval\\Assets\\_MyAssets\\Scripts\\UI\\BattleUI\\DiePanel\\PlayerDiePanel.cs”的内容。"
    }
}
2024-11-03 02:08:29,192 - INFO Retriever 0 - 是否成功解析：True
2024-11-03 02:08:29,192 - INFO Retriever 0 - operation_type (__det_dir_action):
2024-11-03 02:08:29,192 - INFO Retriever 0 - deep_think
2024-11-03 02:08:29,192 - INFO Retriever 0 - 

——————————————————————————————————————————————————————————————————————————————————————————————————————————————————————————
2024-11-03 02:08:29,192 - INFO Retriever 0 - Assistant:
2024-11-03 02:08:29,192 - INFO Retriever 0 - {
    "deep_think": {
        "thoughts": "根据DieAchiveItem.cs文件的内容概述，该脚本负责管理游戏中的成就项显示，包括成就的图标、文本描述和奖励信息。它并不直接涉及角色死亡结算的逻辑。因此，我需要继续检查另一个可能相关的文件。接下来，我将使用read_file操作，读取文件“D:/Unity/Survaval\\Assets\\_MyAssets\\Scripts\\UI\\BattleUI\\DiePanel\\PlayerDiePanel.cs”的内容。"
    }
}
2024-11-03 02:08:29,192 - INFO Retriever 0 - dict_keys(['deep_think'])
2024-11-03 02:08:29,192 - INFO Retriever 0 - Agent主脑给出的行动：deep_think
参数：{'thoughts': '根据DieAchiveItem.cs文件的内容概述，该脚本负责管理游戏中的成就项显示，包括成就的图标、文本描述和奖励信息。它并不直接涉及角色死亡结算的逻辑。因此，我需要继续检查另一个可能相关的文件。接下来，我将使用read_file操作，读取文件“D:/Unity/Survaval\\Assets\\_MyAssets\\Scripts\\UI\\BattleUI\\DiePanel\\PlayerDiePanel.cs”的内容。', 'repeat_counter': 1, 'continue_think_counter': 1}
2024-11-03 02:08:29,196 - INFO Retriever 0 - Observer: 好的，请继续你的下一步行动或思考。
2024-11-03 02:08:29,196 - INFO Retriever 0 - 

————————————————————————————————————————————————————————————————
2024-11-03 02:08:29,196 - INFO Retriever 0 - 当前窗口总长度：31
2024-11-03 02:08:29,198 - INFO Retriever 0 - 当前更新窗口长度：22
2024-11-03 02:08:29,198 - INFO Retriever 0 - 当前更新窗口长度：22
2024-11-03 02:08:29,198 - INFO Retriever 0 - ————————————————————————————————————————————————————————————————


2024-11-03 02:08:34,514 - INFO Retriever 0 - Agent主脑给出的回答为：{
    "read_file": {
        "file_path": "D:/Unity/Survaval\\Assets\\_MyAssets\\Scripts\\UI\\BattleUI\\DiePanel\\PlayerDiePanel.cs"
    }
}
2024-11-03 02:08:34,516 - INFO Retriever 0 - 是否成功解析：True
2024-11-03 02:08:34,516 - INFO Retriever 0 - operation_type (__det_dir_action):
2024-11-03 02:08:34,516 - INFO Retriever 0 - read_file
2024-11-03 02:08:34,516 - INFO Retriever 0 - 

——————————————————————————————————————————————————————————————————————————————————————————————————————————————————————————
2024-11-03 02:08:34,516 - INFO Retriever 0 - Assistant:
2024-11-03 02:08:34,517 - INFO Retriever 0 - {
    "read_file": {
        "file_path": "D:/Unity/Survaval\\Assets\\_MyAssets\\Scripts\\UI\\BattleUI\\DiePanel\\PlayerDiePanel.cs"
    }
}
2024-11-03 02:08:34,517 - INFO Retriever 0 - dict_keys(['read_file'])
2024-11-03 02:08:34,517 - INFO Retriever 0 - Agent主脑给出的行动：read_file
参数：{'file_path': 'D:/Unity/Survaval\\Assets\\_MyAssets\\Scripts\\UI\\BattleUI\\DiePanel\\PlayerDiePanel.cs', 'top_path': 'D:/Unity/Survaval\\Assets', 'return_file_sum': <bound method TreeGenerationAction.return_file_sum of <Action.tree_gen_action.TreeGenerationAction object at 0x0000012F61C59E20>>}
2024-11-03 02:08:34,679 - INFO Retriever 0 - Observer: 这是一个名为“PlayerDiePanel.cs”的文件，该文件里的内容为：
由于脚本文件内容过长，暂时仅给出该脚本文件的内容总结:
- ### 总体概述
- **框架和模块化结构**：该脚本定义了一个名为 `PlayerDiePanel` 的类，继承自 `UIBase` 类。它是一个Unity UI组件，用于在玩家死亡或游戏结束时显示游戏结束界面。
- **主要功能和目标**：脚本的主要功能是处理游戏结束时的逻辑，包括显示胜利或失败信息，更新玩家数据，处理成就，以及管理游戏结束后的UI交互。

### 模块和功能
- **游戏结束UI**：显示胜利或失败信息，包括文本和图像。
- **成就系统**：管理游戏成就的显示和更新。
- **玩家数据更新**：在游戏结束时更新玩家的经验和货币。
- **UI交互**：处理背景按钮的点击事件，用于切换成就的显示。

### 类和函数
- **类**：
  - `PlayerDiePanel`：主要类，负责游戏结束界面的逻辑。
- **函数**：
  - `Awake()`：初始化函数，设置背景按钮的监听器。
  - `Open()`：打开游戏结束界面，设置UI状态，并暂停游戏。
  - `SetData()`：设置游戏结束界面的数据，包括胜利或失败状态，更新成就和玩家数据。
  - `OnBgBtn()`：处理背景按钮的点击事件，用于切换成就的显示。
  - `AddGoldAndDimond()`：添加金币和钻石到玩家数据。
  - `RefreshDailyTask()`：更新每日任务进度。
  - `AddLevel1Equip()`：添加一级装备到玩家数据。
  - `SetText()`：设置文本，此函数为空实现。

### 实现逻辑
- 当游戏结束时，`Open()` 方法被调用，设置UI状态并暂停游戏。
- `SetData()` 方法根据游戏结果（胜利或失败）更新UI和玩家数据。
- 成就系统通过 `UIHelper` 类更新和显示成就。
- 玩家数据（如经验、金币、成就等）在游戏结束时更新并保存。
- 背景按钮的点击事件通过 `OnBgBtn()` 方法处理，允许用户浏览成就。
2024-11-03 02:08:34,681 - INFO Retriever 0 - 

————————————————————————————————————————————————————————————————
2024-11-03 02:08:34,682 - INFO Retriever 0 - 当前窗口总长度：33
2024-11-03 02:08:34,682 - INFO Retriever 0 - 当前更新窗口长度：24
2024-11-03 02:08:34,683 - INFO Retriever 0 - 当前更新窗口长度：24
2024-11-03 02:08:34,683 - INFO Retriever 0 - ————————————————————————————————————————————————————————————————


2024-11-03 02:08:50,021 - INFO Retriever 0 - Agent主脑给出的回答为：{
    "deep_think": {
        "thoughts": "根据PlayerDiePanel.cs文件的内容概述，该脚本确实负责处理游戏结束时的逻辑，包括显示胜利或失败信息，更新玩家数据，处理成就，以及管理游戏结束后的UI交互。这表明该脚本可能包含了角色死亡结算的逻辑。为了进一步确认，我需要仔细阅读该脚本的具体内容。接下来，我将使用read_long_details操作，读取文件“D:/Unity/Survaval\\Assets\\_MyAssets\\Scripts\\UI\\BattleUI\\DiePanel\\PlayerDiePanel.cs”的细节内容。"
    }
}
2024-11-03 02:08:50,023 - INFO Retriever 0 - 是否成功解析：True
2024-11-03 02:08:50,023 - INFO Retriever 0 - operation_type (__det_dir_action):
2024-11-03 02:08:50,023 - INFO Retriever 0 - deep_think
2024-11-03 02:08:50,023 - INFO Retriever 0 - 

——————————————————————————————————————————————————————————————————————————————————————————————————————————————————————————
2024-11-03 02:08:50,024 - INFO Retriever 0 - Assistant:
2024-11-03 02:08:50,024 - INFO Retriever 0 - {
    "deep_think": {
        "thoughts": "根据PlayerDiePanel.cs文件的内容概述，该脚本确实负责处理游戏结束时的逻辑，包括显示胜利或失败信息，更新玩家数据，处理成就，以及管理游戏结束后的UI交互。这表明该脚本可能包含了角色死亡结算的逻辑。为了进一步确认，我需要仔细阅读该脚本的具体内容。接下来，我将使用read_long_details操作，读取文件“D:/Unity/Survaval\\Assets\\_MyAssets\\Scripts\\UI\\BattleUI\\DiePanel\\PlayerDiePanel.cs”的细节内容。"
    }
}
2024-11-03 02:08:50,024 - INFO Retriever 0 - dict_keys(['deep_think'])
2024-11-03 02:08:50,025 - INFO Retriever 0 - Agent主脑给出的行动：deep_think
参数：{'thoughts': '根据PlayerDiePanel.cs文件的内容概述，该脚本确实负责处理游戏结束时的逻辑，包括显示胜利或失败信息，更新玩家数据，处理成就，以及管理游戏结束后的UI交互。这表明该脚本可能包含了角色死亡结算的逻辑。为了进一步确认，我需要仔细阅读该脚本的具体内容。接下来，我将使用read_long_details操作，读取文件“D:/Unity/Survaval\\Assets\\_MyAssets\\Scripts\\UI\\BattleUI\\DiePanel\\PlayerDiePanel.cs”的细节内容。', 'repeat_counter': 1, 'continue_think_counter': 1}
2024-11-03 02:08:50,025 - INFO Retriever 0 - Observer: 好的，请继续你的下一步行动或思考。
2024-11-03 02:08:50,027 - INFO Retriever 0 - 

————————————————————————————————————————————————————————————————
2024-11-03 02:08:50,027 - INFO Retriever 0 - 当前窗口总长度：35
2024-11-03 02:08:50,027 - INFO Retriever 0 - 当前更新窗口长度：26
2024-11-03 02:08:50,029 - INFO Retriever 0 - 当前更新窗口长度：26
2024-11-03 02:08:50,029 - INFO Retriever 0 - ————————————————————————————————————————————————————————————————


2024-11-03 02:08:54,791 - INFO Retriever 0 - Agent主脑给出的回答为：{
    "read_long_details": {
        "file_path": "D:/Unity/Survaval\\Assets\\_MyAssets\\Scripts\\UI\\BattleUI\\DiePanel\\PlayerDiePanel.cs"
    }
}
2024-11-03 02:08:54,791 - INFO Retriever 0 - 是否成功解析：True
2024-11-03 02:08:54,791 - INFO Retriever 0 - operation_type (__det_dir_action):
2024-11-03 02:08:54,791 - INFO Retriever 0 - read_long_details
2024-11-03 02:08:54,791 - INFO Retriever 0 - 

——————————————————————————————————————————————————————————————————————————————————————————————————————————————————————————
2024-11-03 02:08:54,791 - INFO Retriever 0 - Assistant:
2024-11-03 02:08:54,791 - INFO Retriever 0 - {
    "read_long_details": {
        "file_path": "D:/Unity/Survaval\\Assets\\_MyAssets\\Scripts\\UI\\BattleUI\\DiePanel\\PlayerDiePanel.cs"
    }
}
2024-11-03 02:08:54,791 - INFO Retriever 0 - dict_keys(['read_long_details'])
2024-11-03 02:08:54,791 - INFO Retriever 0 - Agent主脑给出的行动：read_long_details
参数：{'file_path': 'D:/Unity/Survaval\\Assets\\_MyAssets\\Scripts\\UI\\BattleUI\\DiePanel\\PlayerDiePanel.cs', 'top_path': 'D:/Unity/Survaval\\Assets', 'return_file_sum': <bound method TreeGenerationAction.return_file_sum of <Action.tree_gen_action.TreeGenerationAction object at 0x0000012F61C59E20>>}
2024-11-03 02:08:54,796 - INFO Retriever 0 - Observer: 这是一个名为“PlayerDiePanel.cs”的文件，该文件里的内容为：
  1|using System;
  2|using System.Collections.Generic;
  3|using DarkTonic.MasterAudio;
  4|using DG.Tweening;
  5|using Game.SaveNS;
  6|using TMPro;
  7|using Unity.Entities;
  8|using UnityEngine;
  9|using UnityEngine.UI;
 10|using ZTools.LocalizationNS;
 11|using Color = UnityEngine.Color;
 12|
 13|namespace Game.UINS
 14|{
 15|    public class PlayerDiePanel : UIBase
 16|    {
 17|        [SerializeField] private Button bgBtn; //背景按钮
 18|
 19|        [SerializeField] private TextMeshProUGUI gaomeOverTxt; //游戏结束
 20|
 21|        // [SerializeField] private Image gameOverImg;
 22|        // [SerializeField] private Image gameOverImgEn;
 23|        [SerializeField] private Image roleImg; //角色图片
 24|
 25|        [SerializeField] private Image dieImg; //死亡图片
 26|        //[SerializeField] private Sprite dieSp; //死亡图片   🚩现在是死亡
 27|        // [SerializeField] private Sprite vecSp; //胜利图片
 28|
 29|        [SerializeField] private Color WinColor;
 30|        [SerializeField] private Color LostColor;
 31|
 32|        [SerializeField] private GameObject achivementParent; //成就节点
 33|        [SerializeField] private GameObject achivementObj; //成就单元
 34|
 35|        [SerializeField] private TextMeshProUGUI cllickDesTxt; //点击效果描述文本
 36|
 37|        private List<AchivementData> achivementDatas;
 38|        private List<DieAchiveItem> achivementItemLsit = new List<DieAchiveItem>();
 39|        private int localIndex; //当前展示第几个成就
 40|        private bool isOpen;
 41|
 42|        private BattleUIUpdateSystem battleUiSystem;
 43|        private GameDataSystem gameDataSystem;
 44|
 45|        private void Awake()
 46|        {
 47|            bgBtn.AddListenler(OnBgBtn, ButtonSound.ComfirmSmall, false);
 48|        }
 49|
 50|        public override void Open(ShowType showType = ShowType.None, bool isLast = false)
 51|        {
 52|            if (isOpen) return;
 53|            showType = ShowType.Fade;
 54|            base.Open(showType, isLast);
 55|            gameObject.SetActive(true);
 56|            World.DefaultGameObjectInjectionWorld.GetOrCreateSystem<GameplaySystem>().PauseGame();
 57|            BattleUIManager.instance.SetAudioSource++;
 58|            isOpen = true;
 59|            achivementParent.transform.localPosition = new Vector2(1080, 0);
 60|            battleUiSystem = World.DefaultGameObjectInjectionWorld.GetOrCreateSystem<BattleUIUpdateSystem>();
 61|            gameDataSystem = World.DefaultGameObjectInjectionWorld.GetOrCreateSystem<GameDataSystem>();
 62|            SetData();
 63|            GameCommon.RecoverGameSpeed();
 64|        }
 65|
 66|        public void SetData()
 67|        {
 68|            int dieInt = 0;
 69|            SaveData saveData = SaveManager.Instance.PlayerData;
 70|            bool isUpEndlessLevel = false;
 71|
 72|            if (TemporaryValue.MapData.mapDex == 2 && saveData.isComment == 0)
 73|            {
 74|                NotDestroyUIControlor.Instance.OpenUI<CommentPanel>();
 75|                saveData.isComment = 1;
 76|            }
 77|
 78|            if (BattleUIManager.instance.isFail)
 79|            {
 80|                gaomeOverTxt.text = Strings.Get("UI_OverFail");
 81|                gaomeOverTxt.color = LostColor;
 82|                //dieImg.sprite = dieSp;
 83|                dieImg.gameObject.SetMyActive(true);
 84|                roleImg.gameObject.SetMyActive(false);
 85|                MasterAudio.PlaySound("RoleDie");
 86|                dieInt = 0;
 87|#if YOULOFT_OVERSEASE
 88|                AdAndPurchase.Track(YouLoftSDK.YouLoftTrackerEvent.StageFail, TemporaryValue.MapData.mapDex.ToString(),
 89|                    $"{BattleUIManager.instance.GetTime()}|{BattleUIManager.instance.Gold}");
 90|#endif
 91|                saveData.continuefailNumber += 1;
 92|                int exp = gameDataSystem.GetBattlePassRewardData().failAddExp;
 93|                saveData.battlePassExp += exp;
 94|                if (BattlePassHelper.IsBuy())
 95|                {
 96|                    saveData.battlePassExp += exp;
 97|                }
 98|
 99|                SaveManager.Instance.PlayerData = saveData;
100|                SaveManager.Instance.SaveData();
101|            }
102|            else
103|            {
104|                bool isEndlessMode = TemporaryValue.MapData.isEndlessMode;
105|                gaomeOverTxt.text = Strings.Get("UI_OverWin");
106|                gaomeOverTxt.color = WinColor;
107|
108|                if (gameDataSystem.GetAllRoleDataDic().TryGetValue(SaveManager.Instance.PlayerData.useRole, out RoleData roleData))
109|                {
110|                    dieImg.gameObject.SetMyActive(false);
111|                    roleImg.gameObject.SetMyActive(true);
112|                    roleImg.sprite = roleData.icon;
113|                }
114|                else
115|                {
116|                    dieImg.gameObject.SetMyActive(true);
117|                    roleImg.gameObject.SetMyActive(false);
118|                }
119|
120|                MasterAudio.PlaySound("bgm-vectory");
121|                dieInt = 1;
122|
123|                saveData.continuefailNumber = 0;
124|                if (isEndlessMode) saveData.passEndlessNumber += 1;
125|                else saveData.passMianMapNumber += 1;
126|                int exp = gameDataSystem.GetBattlePassRewardData().vectoryAddExp;
127|                saveData.battlePassExp += exp;
128|                if (BattlePassHelper.IsBuy())
129|                {
130|                    saveData.battlePassExp += exp;
131|                }
132|
133|                saveData.PiggyBankDimond += 100;
134|                SaveManager.Instance.PlayerData = saveData;
135|                SaveManager.Instance.SaveData();
136|
137|                isUpEndlessLevel = UIHelper.RefreshEndlessLevel();
138|                AddLevel1Equip();
139|#if YOULOFT_OVERSEASE
140|                //埋点
141|                AdAndPurchase.Track(YouLoftSDK.YouLoftTrackerEvent.StageSuccess, TemporaryValue.MapData.mapDex.ToString(), BattleUIManager.instance.Gold.ToString());
142|#endif
143|                if (isEndlessMode)
144|                {
145|                    //埋点-无尽副本通关
146|                    AdAndPurchase.Track(string.Format(YouLoftSDK.YouLoftTrackerEvent.CompleteEndlessMap, saveData.endlessMaxLevel + 1), null, null);
147|                    if (saveData.passEndlessNumber == 3 || saveData.passEndlessNumber == 5 || saveData.passEndlessNumber == 7 ||
148|                        saveData.passEndlessNumber == 10 || saveData.passEndlessNumber == 20)
149|                    {
150|                        //埋点-无尽副本累计通关（玩家无尽模式累计通关达到一定次数时上报 3，5，7，10，20）
151|                        AdAndPurchase.Track(string.Format(YouLoftSDK.YouLoftTrackerEvent.ClearEndless, saveData.passEndlessNumber), null, null);
152|                    }
153|                }
154|                else
155|                {
156|                    //埋点-主线副本通关
157|                    AdAndPurchase.Track(string.Format(YouLoftSDK.YouLoftTrackerEvent.CompleteMap, TemporaryValue.MapData.mapDex), null, null);
158|                    if (saveData.passMianMapNumber == 3 || saveData.passMianMapNumber == 5 || saveData.passMianMapNumber == 7 ||
159|                        saveData.passMianMapNumber == 10 || saveData.passMianMapNumber == 20)
160|                    {
161|                        //埋点-无尽副本累计通关（玩家无尽模式累计通关达到一定次数时上报 3，5，7，10，20）
162|                        AdAndPurchase.Track(string.Format(YouLoftSDK.YouLoftTrackerEvent.Clearmission, saveData.passMianMapNumber), null, null);
163|                    }
164|                }
165|            }
166|
167|            //游戏结束（PARAM1 = 关卡编号（INT)，PARAM2 = 0失败，1成功
168|#if TRANSION_AFRICA
169|             AdAndPurchase.Track(TranssionSDK.TranssionTrackerEvent.OnLevelEnd, TemporaryValue.MapData.mapDex.ToString(), dieInt.ToString());
170|#endif
171|
172|
173|            // switch (SaveManager.GetLanguage())
174|            // {
175|            //     case "cn":
176|            //         gameOverImg.gameObject.SetMyActive(true);
177|            //         gameOverImgEn.gameObject.SetMyActive(false);
178|            //         break;
179|            //     case "cn_h":
180|            //         gameOverImg.gameObject.SetMyActive(true);
181|            //         gameOverImgEn.gameObject.SetMyActive(false);
182|            //         break;
183|            //     case "en":
184|            //         gameOverImg.gameObject.SetMyActive(false);
185|            //         gameOverImgEn.gameObject.SetMyActive(true);
186|            //         break;
187|            //     default:
188|            //         gameOverImg.gameObject.SetMyActive(false);
189|            //         gameOverImgEn.gameObject.SetMyActive(true);
190|            //         break;
191|            // }
192|
193|            AddGoldAndDimond();
194|
195|            if (achivementDatas == null)
196|            {
197|                achivementDatas = new List<AchivementData>();
198|            }
199|
200|            achivementDatas.Clear();
201|            UIHelper.RefeshAchivement(achivementDatas);
202|
203|            UIHelper.SetPool<List<DieAchiveItem>, DieAchiveItem>(achivementItemLsit, achivementDatas.Count, achivementParent, achivementObj);
204|            for (int i = 0; i < achivementDatas.Count; i++)
205|            {
206|                achivementItemLsit[i].SetData(achivementDatas[i]);
207|            }
208|
209|            //无尽模式的成就
210|            if (dieInt > 0 && TemporaryValue.MapData.isEndlessMode
211|                           && TemporaryValue.MapData.endlessModeRewardData != null
212|                           && TemporaryValue.MapData.endlessModeRewardData.endlessModeRewards != null
213|                           && TemporaryValue.MapData.endlessModeRewardData.endlessModeRewards.Count > TemporaryValue.CurrentWave)
214|            {
215|                uint compareCurrentWave = TemporaryValue.CurrentWave;
216|                if (isUpEndlessLevel)
217|                {
218|                    compareCurrentWave = TemporaryValue.CurrentWave + 1;
219|                }
220|
221|                if (compareCurrentWave >= SaveManager.Instance.PlayerData.endlessMaxLevel)
222|                {
223|                    var endlessRewardInfo =
224|                        TemporaryValue.MapData.endlessModeRewardData.endlessModeRewards[
225|                            (int) TemporaryValue.CurrentWave];
226|                    if (endlessRewardInfo.rewardType != AchivementData.RewardType.None)
227|                    {
228|                        UIHelper.AddItems<List<DieAchiveItem>, DieAchiveItem>(achivementItemLsit, 1, achivementParent,
229|                            achivementObj);
230|                        achivementItemLsit[^1].SetData(endlessRewardInfo, (int) TemporaryValue.CurrentWave + 1);
231|                        achivementDatas.Add(null);
232|
233|                        UIHelper.SaveEndlessReward(endlessRewardInfo);
234|                    }
235|                }
236|
237|                if (TemporaryValue.MapData.endlessModeRewardData.endlessModeRepeatRewards != null
238|                    && TemporaryValue.MapData.endlessModeRewardData.endlessModeRepeatRewards.Count > TemporaryValue.CurrentWave)
239|                {
240|                    var endlessRewardInfo =
241|                        TemporaryValue.MapData.endlessModeRewardData.endlessModeRepeatRewards[
242|                            (int) TemporaryValue.CurrentWave];
243|                    if (endlessRewardInfo.rewardType != AchivementData.RewardType.None)
244|                    {
245|                        UIHelper.AddItems<List<DieAchiveItem>, DieAchiveItem>(achivementItemLsit, 1, achivementParent,
246|                            achivementObj);
247|                        achivementItemLsit[^1].SetData(endlessRewardInfo, (int) TemporaryValue.CurrentWave + 1);
248|                        achivementDatas.Add(null);
249|
250|                        UIHelper.SaveEndlessReward(endlessRewardInfo);
251|                    }
252|                }
253|            }
254|
255|            if (achivementDatas.Count > 0) localIndex = -1;
256|            else localIndex = 0;
257|
258|            cllickDesTxt.text = Strings.Get("UI_ClickToRecord");
259|            achivementParent.SetMyActive(false);
260|
261|            UIHelper.RefreshHandBook();
262|#if YOULOFT_OVERSEASE
263|            RefreshDailyTask();
264|#endif
265|        }
266|
267|
268|        private void OnBgBtn()
269|        {
270|            localIndex++;
271|            if (null == achivementDatas) achivementDatas = new List<AchivementData>();
272|            if (localIndex == achivementDatas.Count)
273|            {
274|                cllickDesTxt.text = Strings.Get("UI_ClickToRecord");
275|                achivementParent.SetMyActive(false);
276|            }
277|            else if (localIndex > achivementDatas.Count)
278|            {
279|                Close();
280|                //弹出结算界面
281|                BattleUIManager.instance.ShowSettlementPanel();
282|            }
283|            else
284|            {
285|                cllickDesTxt.text = Strings.Get("UI_ClickNext");
286|                achivementParent.SetMyActive(true);
287|                achivementParent.transform.DOLocalMoveX(-1080 * localIndex, 0.2f);
288|            }
289|        }
290|
291|        /// <summary>
292|        /// 添加金币和钻石
293|        /// </summary>
294|        void AddGoldAndDimond()
295|        {
296|            SaveManager.Instance.TryChangeGolds(BattleUIManager.instance.Gold);
297|            SaveManager.Instance.AddSkillNumber(BattleUIManager.instance.skillNumber);
298|            //添加装备碎片
299|            SaveData saveData = SaveManager.Instance.PlayerData;
300|            if (saveData.equipFrame == null) saveData.equipFrame = new Dictionary<int, int>();
301|
302|            if (battleUiSystem.DropEquip != null)
303|            {
304|                //添加碎片
305|                foreach (var item in battleUiSystem.DropEquip)
306|                {
307|                    if (item.Key==null)continue;
308|                    if (saveData.equipFrame.TryGetValue(item.Key.PriceData.internalID, out int number))
309|                    {
310|                        saveData.equipFrame[item.Key.PriceData.internalID] += item.Value;
311|                    }
312|                    else
313|                    {
314|                        saveData.equipFrame.Add(item.Key.PriceData.internalID, item.Value);
315|                    }
316|                }
317|
318|                SaveManager.Instance.PlayerData = saveData;
319|                SaveManager.Instance.SaveData();
320|            }
321|        }
322|
323|        void RefreshDailyTask()
324|        {
325|            SaveData saveData = SaveManager.Instance.PlayerData;
326|            saveData.dailyTaskLevel += BattleUIManager.instance.lastLevel - 1;
327|            saveData.dailyTaskKill += (int) BattleUIManager.instance.skillNumber;
328|            saveData.dailyTaskPassStageNumer += BattleUIManager.instance.isFail == false ? 1 : 0;
329|            saveData.passNumber += (ulong) (BattleUIManager.instance.isFail == false ? 1 : 0);
330|            SaveManager.Instance.PlayerData = saveData;
331|            SaveManager.Instance.SaveData();
332|        }
333|
334|        void AddLevel1Equip()
335|        {
336|            SaveData saveData = SaveManager.Instance.PlayerData;
337|            bool needSave = false;
338|            if (saveData.equipEquip != null)
339|            {
340|                foreach (var equipequipe in saveData.equipEquip)
341|                {
342|                    if (saveData.unLockEquip.TryGetValue(equipequipe, out byte level))
343|                    {
344|                        if (level == 1)
345|                        {
346|                            if (saveData.level1EquipPass == null) saveData.level1EquipPass = new HashSet<int>();
347|                            saveData.level1EquipPass.Add(equipequipe);
348|                            needSave = true;
349|                        }
350|                    }
351|                }
352|
353|                if (needSave)
354|                {
355|                    SaveManager.Instance.PlayerData = saveData;
356|                    SaveManager.Instance.SaveData();
357|                }
358|            }
359|        }
360|
361|        public override void SetText()
362|        {
363|        }
364|    }
365|}
2024-11-03 02:08:54,801 - INFO Retriever 0 - 

————————————————————————————————————————————————————————————————
2024-11-03 02:08:54,801 - INFO Retriever 0 - 当前窗口总长度：37
2024-11-03 02:08:54,801 - INFO Retriever 0 - 当前更新窗口长度：28
2024-11-03 02:08:54,801 - INFO Retriever 0 - 当前更新窗口长度：28
2024-11-03 02:08:54,801 - INFO Retriever 0 - ————————————————————————————————————————————————————————————————


2024-11-03 02:09:00,320 - INFO Retriever 0 - Agent主脑给出的回答为：{
    "finish": "我已完成你所给出的任务需求，请你进行确认"
}
2024-11-03 02:09:00,320 - INFO Retriever 0 - 是否成功解析：True
2024-11-03 02:09:00,321 - INFO Retriever 0 - operation_type (__det_dir_action):
2024-11-03 02:09:00,321 - INFO Retriever 0 - finish
2024-11-03 02:09:00,321 - INFO Retriever 0 - 

——————————————————————————————————————————————————————————————————————————————————————————————————————————————————————————
2024-11-03 02:09:00,321 - INFO Retriever 0 - Assistant:
2024-11-03 02:09:00,321 - INFO Retriever 0 - {
    "finish": "我已完成你所给出的任务需求，请你进行确认"
}
2024-11-03 02:09:00,322 - INFO Retriever 0 - dict_keys(['finish'])
2024-11-03 02:09:00,322 - INFO Retriever 0 - ——————————————————————————————————— 任务结束 ———————————————————————————————————
2024-11-03 02:09:00,322 - INFO Retriever 0 - 

————————————————————————————————————————————————————————————————
2024-11-03 02:09:00,323 - INFO Retriever 0 - 当前窗口总长度：37
2024-11-03 02:09:00,323 - INFO Retriever 0 - 当前更新窗口长度：28
2024-11-03 02:09:00,323 - INFO Retriever 0 - 当前更新窗口长度：28
2024-11-03 02:09:00,323 - INFO Retriever 0 - ————————————————————————————————————————————————————————————————


2024-11-03 02:09:24,710 - INFO Retriever 0 - -------------------------Task Report-----------------------
2024-11-03 02:09:24,710 - INFO Retriever 0 - * 文件一：
    * 文件绝对路径：D:/Unity/Survaval\\Assets\\_MyAssets\\Scripts\\UI\\BattleUI\\SettlementPanel.cs
    * 文件内容概述：该脚本是一个Unity游戏中的UI组件，名为`SettlementPanel`，继承自`UIBase`类。它负责显示游戏结算界面，包括玩家获得的奖励、资源、成就等信息。
    * 该文件与问题目标之间的关联性：该脚本负责游戏结算界面的显示和数据更新，但没有明确提到角色死亡结算的逻辑。

* 文件二：
    * 文件绝对路径：D:/Unity/Survaval\\Assets\\_MyAssets\\Scripts\\UI\\CurrencyUI\\AfricalUI\\AfricaSettllementPanel\\AfricaSettllementPanel.cs
    * 文件内容概述：该脚本定义了一个名为 `AfricaSettllementPanel` 的类，继承自 `UIBase` 类。它是一个用户界面（UI）组件，用于显示游戏中的结算信息，包括地图、角色、存活时间、击败敌人数量、金币等。
    * 该文件与问题目标之间的关联性：该脚本负责管理游戏结算界面的显示和数据更新，包括金币翻倍、广告观看、购买礼包等互动功能，但没有明确提到角色死亡结算的逻辑。

* 文件三：
    * 文件绝对路径：D:/Unity/Survaval\\Assets\\_MyAssets\\Scripts\\UI\\BattleUI\\DiePanel\\DieAchiveItem.cs
    * 文件内容概述：该脚本名为“DieAchiveItem.cs”，是一个Unity C#脚本，用于管理游戏中的成就项显示。脚本通过设置不同的UI元素来展示成就的图标、文本描述和奖励信息。
    * 该文件与问题目标之间的关联性：该脚本负责管理游戏中的成就项显示，包括成就的图标、文本描述和奖励信息，与角色死亡结算的逻辑无直接关联。

* 文件四：
    * 文件绝对路径：D:/Unity/Survaval\\Assets\\_MyAssets\\Scripts\\UI\\BattleUI\\DiePanel\\PlayerDiePanel.cs
    * 文件内容概述：该脚本定义了一个名为 `PlayerDiePanel` 的类，继承自 `UIBase` 类。它是一个Unity UI组件，用于在玩家死亡或游戏结束时显示游戏结束界面。
    * 该文件与问题目标之间的关联性：该脚本负责处理游戏结束时的逻辑，包括显示胜利或失败信息，更新玩家数据，处理成就，以及管理游戏结束后的UI交互。这表明该脚本可能包含了角色死亡结算的逻辑。
2024-11-03 02:09:24,712 - INFO Retriever 0 - 
Token Consuming:162312

2024-11-03 02:09:24,712 - INFO Retriever 0 - 
history rounds:19

