2024-11-28 21:43:43,723 - INFO Retriever 0 - Init Retriever.
2024-11-28 21:43:50,227 - INFO Retriever 0 - keywords:“['search', '敌人', '寻找', 'adversary', 'look for', 'enemy', 'player', '玩家', 'tactic', '策略']”，“['search', '敌人', '寻找', 'adversary', 'look for', 'enemy', 'player', '玩家', 'tactic', '策略']”，“['search', '敌人', '寻找', 'adversary', 'look for', 'enemy', 'player', '玩家', 'tactic', '策略']”
2024-11-28 21:43:50,228 - INFO Retriever 0 - deep_think_conent
:在获取了项目文件的顶层结构后，我还需要结合待查询的问题描述，对于项目中的文件和目录进行一些深度关键词检索。根据任务描述：“请在D:/my_file/MyFile/YunSi/Project/Games/Cocos/CocosCyberpunk_all/CocosCyberpunk\Assets下各级目录中寻找：游戏场景中敌人寻找玩家的策略是如何实现的”，我总结出如下可能会出现在各个文件名或者文件内容中的关键词：“['search', '敌人', '寻找', 'adversary', 'look for', 'enemy', 'player', '玩家', 'tactic', '策略']”，“['search', '敌人', '寻找', 'adversary', 'look for', 'enemy', 'player', '玩家', 'tactic', '策略']”，“['search', '敌人', '寻找', 'adversary', 'look for', 'enemy', 'player', '玩家', 'tactic', '策略']”。
接下来，我将使用retrieve_keywords操作，在项目顶层路径“D:/my_file/MyFile/YunSi/Project/Games/Cocos/CocosCyberpunk_all/CocosCyberpunk\Assets”下检索这些关键词，从而大致把握可能与问题描述相关的文件或目录的路径。
2024-11-28 21:43:50,230 - INFO Retriever 0 - ——————————————————————————————————————————————————————————————————————————————————————————————————————————————————————————
2024-11-28 21:43:50,231 - INFO Retriever 0 - Assistant:
2024-11-28 21:43:50,231 - INFO Retriever 0 - {
    "deep_think": {
        "thoughts": "好的，接下来我将通过深度思考、仔细计划以及逐步执行的方式，来完成该任务。\n\n首先，在阅读详细的代码细节之前，应该先整体把握整个项目。\n\n在提供的可选的action中，可以通过get_folder_info操作，通过将项目顶层路径作为target_folder_path参数进行传入，来获取获取项目中主要文件夹和主要文件的描述，从而能够先大致把握项目文件的主要文件的文件树结构、基本内容、主要代码概述以及大致功能板块的分布。"
    }
}
2024-11-28 21:43:50,231 - INFO Retriever 0 - 
Observer:
2024-11-28 21:43:50,280 - INFO Retriever 0 - 好的，请继续你的下一步行动或思考。
2024-11-28 21:43:50,391 - INFO Retriever 0 - 
2024-11-28 21:43:51,286 - INFO Retriever 0 - ——————————————————————————————————————————————————————————————————————————————————————————————————————————————————————————
2024-11-28 21:43:51,287 - INFO Retriever 0 - Assistant:
2024-11-28 21:43:51,288 - INFO Retriever 0 - {
    "get_folder_info": {
        "target_folder_path": "D:/my_file/MyFile/YunSi/Project/Games/Cocos/CocosCyberpunk_all/CocosCyberpunk\\Assets"
    }
}
2024-11-28 21:43:51,288 - INFO Retriever 0 - 
Observer:
2024-11-28 21:43:51,289 - INFO Retriever 0 - 目标路径D:/my_file/MyFile/YunSi/Project/Games/Cocos/CocosCyberpunk_all/CocosCyberpunk\Assets不存在。

2024-11-28 21:43:51,338 - INFO Retriever 0 - 
2024-11-28 21:43:51,622 - INFO Retriever 0 - ——————————————————————————————————————————————————————————————————————————————————————————————————————————————————————————
2024-11-28 21:43:51,623 - INFO Retriever 0 - Assistant:
2024-11-28 21:43:51,624 - INFO Retriever 0 - {
    "deep_think": {
        "thoughts": "在获取了项目文件的顶层结构后，我还需要结合待查询的问题描述，对于项目中的文件和目录进行一些深度关键词检索。根据任务描述：“请在D:/my_file/MyFile/YunSi/Project/Games/Cocos/CocosCyberpunk_all/CocosCyberpunk\\Assets下各级目录中寻找：游戏场景中敌人寻找玩家的策略是如何实现的”，我总结出如下可能会出现在各个文件名或者文件内容中的关键词：“['search', '敌人', '寻找', 'adversary', 'look for', 'enemy', 'player', '玩家', 'tactic', '策略']”，“['search', '敌人', '寻找', 'adversary', 'look for', 'enemy', 'player', '玩家', 'tactic', '策略']”，“['search', '敌人', '寻找', 'adversary', 'look for', 'enemy', 'player', '玩家', 'tactic', '策略']”。\n接下来，我将使用retrieve_keywords操作，在项目顶层路径“D:/my_file/MyFile/YunSi/Project/Games/Cocos/CocosCyberpunk_all/CocosCyberpunk\\Assets”下检索这些关键词，从而大致把握可能与问题描述相关的文件或目录的路径。"
    }
}
2024-11-28 21:43:51,624 - INFO Retriever 0 - 
Observer:
2024-11-28 21:43:51,626 - INFO Retriever 0 - 好的，请继续你的下一步行动或思考。
2024-11-28 21:43:51,627 - INFO Retriever 0 - 
2024-11-28 21:43:51,627 - INFO Retriever 0 - ——————————————————————————————————————————————————————————————————————————————————————————————————————————————————————————
2024-11-28 21:43:51,629 - INFO Retriever 0 - Assistant:
2024-11-28 21:43:51,630 - INFO Retriever 0 - {
    "retrieve_keywords": {
        "keyword_list": [
            [
                "search",
                "敌人",
                "寻找",
                "adversary",
                "look for",
                "enemy",
                "player",
                "玩家",
                "tactic",
                "策略"
            ],
            [
                "search",
                "敌人",
                "寻找",
                "adversary",
                "look for",
                "enemy",
                "player",
                "玩家",
                "tactic",
                "策略"
            ],
            [
                "search",
                "敌人",
                "寻找",
                "adversary",
                "look for",
                "enemy",
                "player",
                "玩家",
                "tactic",
                "策略"
            ]
        ]
    }
}
2024-11-28 21:43:51,631 - INFO Retriever 0 - 
Observer:
2024-11-28 21:43:51,632 - INFO Retriever 0 - 文件一：
* 文件绝对路径：D:/my_file/MyFile/YunSi/Project/Games/Cocos/CocosCyberpunk_all/CocosCyberpunk/assets/resources/action/action-enemy_1.json
* 文件内容概述：该文件定义了游戏敌人从活动开始到死亡的一系列行为和事件触发，包括敌人状态转换（如跳跃、移动、死亡等）及其对应的时间点、动画、声音和变量设置。
* 是否与问题相关：相关
* 具体分析：该文件中应包含有关敌人如何寻找玩家的策略的信息，例如敌人状态转换中是否包含检测玩家位置的动作，以及如何根据玩家的位置调整敌人的行为。

文件二：
* 文件绝对路径：D:/my_file/MyFile/YunSi/Project/Games/Cocos/CocosCyberpunk_all/CocosCyberpunk/library/15/156b8211-bdcf-4ae8-9d9a-f98ee02a1027.json
* 文件内容概述：该JSON文件定义了一个AI敌人的行为树，包含多种行为条件（如未发现玩家、发现玩家、接近玩家等）和相应的动作。
* 是否与问题相关：相关
* 具体分析：该文件详细描述了敌人根据是否发现玩家而采取的不同行为，是分析敌人寻找玩家策略的重要文件。行为树中的条件判断和动作选择应包含敌人寻找玩家的逻辑。

文件三：
* 文件绝对路径：D:/my_file/MyFile/YunSi/Project/Games/Cocos/CocosCyberpunk_all/CocosCyberpunk/library/aa/aa4fcf29-a99b-48fe-be7c-51fd8d4bb1f7.json
* 文件内容概述：该文本文件描述了一个名为“action-enemy_0”的动画或游戏中的敌人行为配置，包含敌人跳跃、落地和移动到空中的不同阶段和相应的动作触发。
* 是否与问题相关：部分相关
* 具体分析：虽然该文件主要描述了敌人的动作配置，但其中可能包含与敌人寻找玩家策略相关的动作触发条件，如根据玩家位置触发的跳跃或移动。

文件四：
* 文件绝对路径：D:/my_file/MyFile/YunSi/Project/Games/Cocos/CocosCyberpunk_all/CocosCyberpunk/assets/resources/action/action-enemy_2.json
* 文件内容概述：该文件定义了游戏敌人从活动开始到死亡的一系列行为和事件，详细记录了不同状态下的动作触发时机，包括动画、声音效果和数据设置。
* 是否与问题相关：相关
* 具体分析：与文件一类似，该文件也应包含敌人寻找玩家的策略信息，尤其是在不同状态下敌人如何根据玩家位置做出反应。
2024-11-28 21:43:51,633 - INFO Retriever 0 - 
2024-11-28 21:43:57,595 - INFO Retriever 0 - Agent主脑给出的回答为：{
    "read_file": {
        "file_path": "D:/my_file/MyFile/YunSi/Project/Games/Cocos/CocosCyberpunk_all/CocosCyberpunk/assets/resources/action/action-enemy_1.json"
    }
}
2024-11-28 21:43:57,596 - INFO Retriever 0 - 是否成功解析：True
2024-11-28 21:43:57,596 - INFO Retriever 0 - operation_type (__det_dir_action):
2024-11-28 21:43:57,596 - INFO Retriever 0 - read_file
2024-11-28 21:43:57,596 - INFO Retriever 0 - 

——————————————————————————————————————————————————————————————————————————————————————————————————————————————————————————
2024-11-28 21:43:57,596 - INFO Retriever 0 - Assistant:
2024-11-28 21:43:57,597 - INFO Retriever 0 - {
    "read_file": {
        "file_path": "D:/my_file/MyFile/YunSi/Project/Games/Cocos/CocosCyberpunk_all/CocosCyberpunk/assets/resources/action/action-enemy_1.json"
    }
}
2024-11-28 21:43:57,597 - INFO Retriever 0 - dict_keys(['read_file'])
2024-11-28 21:43:57,597 - INFO Retriever 0 - Agent主脑给出的行动：read_file
参数：{'file_path': 'D:/my_file/MyFile/YunSi/Project/Games/Cocos/CocosCyberpunk_all/CocosCyberpunk/assets/resources/action/action-enemy_1.json', 'top_path': 'D:/my_file/MyFile/YunSi/Project/Games/Cocos/CocosCyberpunk_all/CocosCyberpunk\\Assets', 'return_file_sum': <bound method TreeGenerationAction.return_file_sum of <Action.tree_gen_action.TreeGenerationAction object at 0x000002C437FE7AF0>>}
2024-11-28 21:43:57,598 - INFO Retriever 0 - Observer: 这是一个名为“D:/my_file/MyFile/YunSi/Project/Games/Cocos/CocosCyberpunk_all/CocosCyberpunk/assets/resources/action/action-enemy_1.json”的文件，该文件里的内容为：
{
    "play":{
        "start":[
            { "time": 1.5, "name": "on_call", "data": "onUpdate"}
        ]
    },
    "jump_from_jog": {
        "start": [
            { "time": 0, "name": "on_set", "data": { "key":"is_jump", "value":true } },
            { "time": 0, "name": "on_anig", "data": { "key": "trigger_jump", "value":true } },
            { "time": 0, "name": "on_anig", "data": { "key": "bool_jump", "value":true } },
            { "time": 0.07, "name": "on_call", "data": "jump" },
            { "time": 0.09, "name": "on_set", "data": { "key": "jumping", "value":true} }
        ]
    },
    "jump_from_stand": {
        "start": [
            { "time": 0, "name": "on_set", "data": { "key":"is_jump", "value":true } },
            { "time": 0, "name": "on_anig", "data": { "key": "trigger_jump", "value":true } },
            { "time": 0, "name": "on_anig", "data": { "key": "bool_jump", "value":true } },
            { "time": 0.27, "name": "on_call", "data": "jump" },
            { "time": 0.3, "name": "on_set", "data": { "key": "jumping", "value":true} }
        ]
    },
    "jump_to_ground": {
        "start":[
            { "time": 0, "name": "on_anig", "data": { "key": "bool_jump", "value":false } },
            { "time": 0, "name": "on_set", "data": { "key": "jumping", "value":false} },
            { "time": 0, "name": "on_set", "data": { "key":"is_jump", "value":false } },
            { "time": 0.3, "name": "on_sfx", "data": "sfx_hit_ground" }
        ]
    },
    "move_to_sky": {
        "start":[
            { "time": 0, "name": "on_anig", "data": { "key": "trigger_move_to_sky", "value":true } } 
        ] 
    },
    "on_ground":{
        "start":[
            { "time": 0, "name": "on_set", "data": { "key":"is_ground", "value":true } },
            { "time": 0, "name": "on_anig", "data": { "key":"bool_ground", "value":true } }
        ]
    },
    "off_ground":{
        "start":[
            { "time": 0, "name": "on_set", "data": { "key":"is_ground", "value":false } },
            { "time": 0, "name": "on_anig", "data": { "key":"is_ground", "value":false } }
        ]
    },
    "dead": {
        "start": [
            { "time": 0, "name": "on_set", "data": { "key":"hit_recover", "value": 1} },
            { "time": 0, "name": "on_anig", "data": { "key":"trigger_dead", "value":true } },
            { "time": 0, "name": "on_sfx", "data":"sfx_enemy_dead" },
            { "time": 0, "name": "on_set", "data": { "key":"is_dead", "value":true } },
            { "time": 0.3, "name": "on_sfx", "data":"sfx_dead" },
            { "time": 0.5, "name": "on_call", "data": "onDead" }
        ] 
    },
    "hit_gun": {
        "start":[
            { "time": 0, "name": "on_anig", "data": { "key":"trigger_hit", "value":true } },
            { "time": 0, "name": "on_set", "data": { "key":"hit_recover", "value": 0.2} }
        ]
    },
    "on_aim": {
        "start": [
            {"time": 0, "name": "on_anig", "data":{ "key":"bool_iron_sights", "value":true } }
        ]
    },
    "off_aim": {
        "start": [
            {"time": 0, "name": "on_anig", "data":{ "key":"bool_iron_sights", "value":false } }
        ]
    },
    "rebirth":{
        "start":[
            {"time":0, "name": "on_msg", "data": "rebirth" }
        ]
    },
    "pickup": {
        "start":[
            { "time": 0, "delay":0.2, "name": "on_msg", "data": "pick_candy"},
            { "time": 0, "delay":0.5, "name": "on_msg", "data": "msg_count_events"}
        ]
    },
    "drop": {
        "start":[
            { "time": 0, "name": "on_sfx", "data": "sfx_eat_candy" },
            { "time": 0, "delay":0.2, "name": "on_msg", "data": "pick_candy"},
            { "time": 0, "delay":0.5, "name": "on_msg", "data": "msg_count_events"}
        ] 
    } 
}
2024-11-28 21:43:57,600 - INFO Retriever 0 - 

————————————————————————————————————————————————————————————————
2024-11-28 21:43:57,601 - INFO Retriever 0 - 当前窗口总长度：11
2024-11-28 21:43:57,601 - INFO Retriever 0 - 当前更新窗口长度：2
2024-11-28 21:43:57,601 - INFO Retriever 0 - 当前更新窗口长度：2
2024-11-28 21:43:57,601 - INFO Retriever 0 - ————————————————————————————————————————————————————————————————


2024-11-28 21:44:11,473 - INFO Retriever 0 - Agent主脑给出的回答为：{
    "read_file": {
        "file_path": "D:/my_file/MyFile/YunSi/Project/Games/Cocos/CocosCyberpunk_all/CocosCyberpunk/library/15/156b8211-bdcf-4ae8-9d9a-f98ee02a1027.json"
    }
}
2024-11-28 21:44:11,474 - INFO Retriever 0 - 是否成功解析：True
2024-11-28 21:44:11,474 - INFO Retriever 0 - operation_type (__det_dir_action):
2024-11-28 21:44:11,474 - INFO Retriever 0 - read_file
2024-11-28 21:44:11,474 - INFO Retriever 0 - 

——————————————————————————————————————————————————————————————————————————————————————————————————————————————————————————
2024-11-28 21:44:11,474 - INFO Retriever 0 - Assistant:
2024-11-28 21:44:11,475 - INFO Retriever 0 - {
    "read_file": {
        "file_path": "D:/my_file/MyFile/YunSi/Project/Games/Cocos/CocosCyberpunk_all/CocosCyberpunk/library/15/156b8211-bdcf-4ae8-9d9a-f98ee02a1027.json"
    }
}
2024-11-28 21:44:11,475 - INFO Retriever 0 - dict_keys(['read_file'])
2024-11-28 21:44:11,475 - INFO Retriever 0 - Agent主脑给出的行动：read_file
参数：{'file_path': 'D:/my_file/MyFile/YunSi/Project/Games/Cocos/CocosCyberpunk_all/CocosCyberpunk/library/15/156b8211-bdcf-4ae8-9d9a-f98ee02a1027.json', 'top_path': 'D:/my_file/MyFile/YunSi/Project/Games/Cocos/CocosCyberpunk_all/CocosCyberpunk\\Assets', 'return_file_sum': <bound method TreeGenerationAction.return_file_sum of <Action.tree_gen_action.TreeGenerationAction object at 0x000002C437FE7AF0>>}
2024-11-28 21:44:11,476 - INFO Retriever 0 - Observer: 这是一个名为“D:/my_file/MyFile/YunSi/Project/Games/Cocos/CocosCyberpunk_all/CocosCyberpunk/library/15/156b8211-bdcf-4ae8-9d9a-f98ee02a1027.json”的文件，该文件里的内容为：
{
  "__type__": "cc.JsonAsset",
  "_name": "brain-enemy",
  "_objFlags": 0,
  "__editorExtras__": {},
  "_native": "",
  "json": {
    "value": "root",
    "node": "condition",
    "children": [
      {
        "value": "noFoundPlayer",
        "node": "random",
        "children": [
          {
            "value": 0.1,
            "action": "freeIdle"
          },
          {
            "value": 0.2,
            "action": "freeMove"
          },
          {
            "value": 0.7,
            "action": "freeJump"
          },
          {
            "value": 1,
            "action": "freeCrossRoad"
          }
        ]
      },
      {
        "value": "foundPlayer",
        "node": "random",
        "children": [
          {
            "value": 0.1,
            "action": "foundIdle"
          },
          {
            "value": 0.2,
            "action": "foundMove"
          },
          {
            "value": 0.7,
            "action": "foundJump"
          },
          {
            "value": 0.7,
            "action": "foundCrossRoad"
          }
        ]
      },
      {
        "value": "nearPlayer",
        "node": "random",
        "children": [
          {
            "value": 0.2,
            "action": "forcepreparejump"
          },
          {
            "value": 0.7,
            "action": "carefullmove"
          }
        ]
      },
      {
        "value": "canEatPlayer",
        "node": "sequence",
        "children": [
          {
            "action": "goCrossPoint"
          },
          {
            "action": "eatCrossRead"
          }
        ]
      },
      {
        "value": "fleePlayer",
        "node": "random",
        "children": [
          {
            "value": 0.1,
            "action": "angryIdle"
          },
          {
            "value": 0.2,
            "action": "angryMove"
          },
          {
            "value": 0.9,
            "action": "angryJump"
          },
          {
            "value": 1,
            "action": "angryCross"
          }
        ]
      },
      {
        "value": "feedPlayer",
        "node": "random",
        "children": [
          {
            "value": 0.1,
            "action": "feedIdle"
          },
          {
            "value": 0.2,
            "action": "feedMove"
          },
          {
            "value": 0.9,
            "action": "feedJump"
          },
          {
            "value": 1,
            "action": "feedCross"
          }
        ]
      }
    ]
  }
}
2024-11-28 21:44:11,478 - INFO Retriever 0 - 

————————————————————————————————————————————————————————————————
2024-11-28 21:44:11,478 - INFO Retriever 0 - 当前窗口总长度：13
2024-11-28 21:44:11,478 - INFO Retriever 0 - 当前更新窗口长度：4
2024-11-28 21:44:11,478 - INFO Retriever 0 - 当前更新窗口长度：4
2024-11-28 21:44:11,479 - INFO Retriever 0 - ————————————————————————————————————————————————————————————————


2024-11-28 21:44:15,071 - INFO Retriever 0 - Agent主脑给出的回答为：{
    "read_file": {
        "file_path": "D:/my_file/MyFile/YunSi/Project/Games/Cocos/CocosCyberpunk_all/CocosCyberpunk/library/aa/aa4fcf29-a99b-48fe-be7c-51fd8d4bb1f7.json"
    }
}
2024-11-28 21:44:15,071 - INFO Retriever 0 - 是否成功解析：True
2024-11-28 21:44:15,072 - INFO Retriever 0 - operation_type (__det_dir_action):
2024-11-28 21:44:15,072 - INFO Retriever 0 - read_file
2024-11-28 21:44:15,072 - INFO Retriever 0 - 

——————————————————————————————————————————————————————————————————————————————————————————————————————————————————————————
2024-11-28 21:44:15,072 - INFO Retriever 0 - Assistant:
2024-11-28 21:44:15,072 - INFO Retriever 0 - {
    "read_file": {
        "file_path": "D:/my_file/MyFile/YunSi/Project/Games/Cocos/CocosCyberpunk_all/CocosCyberpunk/library/aa/aa4fcf29-a99b-48fe-be7c-51fd8d4bb1f7.json"
    }
}
2024-11-28 21:44:15,073 - INFO Retriever 0 - dict_keys(['read_file'])
2024-11-28 21:44:15,073 - INFO Retriever 0 - Agent主脑给出的行动：read_file
参数：{'file_path': 'D:/my_file/MyFile/YunSi/Project/Games/Cocos/CocosCyberpunk_all/CocosCyberpunk/library/aa/aa4fcf29-a99b-48fe-be7c-51fd8d4bb1f7.json', 'top_path': 'D:/my_file/MyFile/YunSi/Project/Games/Cocos/CocosCyberpunk_all/CocosCyberpunk\\Assets', 'return_file_sum': <bound method TreeGenerationAction.return_file_sum of <Action.tree_gen_action.TreeGenerationAction object at 0x000002C437FE7AF0>>}
2024-11-28 21:44:15,074 - INFO Retriever 0 - Observer: 这是一个名为“D:/my_file/MyFile/YunSi/Project/Games/Cocos/CocosCyberpunk_all/CocosCyberpunk/library/aa/aa4fcf29-a99b-48fe-be7c-51fd8d4bb1f7.json”的文件，该文件里的内容为：
{
  "__type__": "cc.JsonAsset",
  "_name": "action-enemy_0",
  "_objFlags": 0,
  "__editorExtras__": {},
  "_native": "",
  "json": {
    "play": {
      "start": [
        {
          "time": 1.5,
          "name": "on_call",
          "data": "onUpdate"
        }
      ]
    },
    "jump_from_jog": {
      "start": [
        {
          "time": 0,
          "name": "on_set",
          "data": {
            "key": "is_jump",
            "value": true
          }
        },
        {
          "time": 0,
          "name": "on_anig",
          "data": {
            "key": "trigger_jump",
            "value": true
          }
        },
        {
          "time": 0,
          "name": "on_anig",
          "data": {
            "key": "bool_jump",
            "value": true
          }
        },
        {
          "time": 0.07,
          "name": "on_call",
          "data": "jump"
        },
        {
          "time": 0.09,
          "name": "on_set",
          "data": {
            "key": "jumping",
            "value": true
          }
        }
      ]
    },
    "jump_from_stand": {
      "start": [
        {
          "time": 0,
          "name": "on_set",
          "data": {
            "key": "is_jump",
            "value": true
          }
        },
        {
          "time": 0,
          "name": "on_anig",
          "data": {
            "key": "trigger_jump",
            "value": true
          }
        },
        {
          "time": 0,
          "name": "on_anig",
          "data": {
            "key": "bool_jump",
            "value": true
          }
        },
        {
          "time": 0.27,
          "name": "on_call",
          "data": "jump"
        },
        {
          "time": 0.3,
          "name": "on_set",
          "data": {
            "key": "jumping",
            "value": true
          }
        }
      ]
    },
    "jump_to_ground": {
      "start": [
        {
          "time": 0,
          "name": "on_anig",
          "data": {
            "key": "bool_jump",
            "value": false
          }
        },
        {
          "time": 0,
          "name": "on_set",
          "data": {
            "key": "jumping",
            "value": false
          }
        },
        {
          "time": 0,
          "name": "on_set",
          "data": {
            "key": "is_jump",
            "value": false
          }
        },
        {
          "time": 0.3,
          "name": "on_sfx",
          "data": "sfx_hit_ground"
        }
      ]
    },
    "move_to_sky": {
      "start": [
        {
          "time": 0,
          "name": "on_anig",
          "data": {
            "key": "trigger_move_to_sky",
            "value": true
          }
        }
      ]
    },
    "on_ground": {
      "start": [
        {
          "time": 0,
          "name": "on_set",
          "data": {
            "key": "is_ground",
            "value": true
          }
        },
        {
          "time": 0,
          "name": "on_anig",
          "data": {
            "key": "bool_ground",
            "value": true
          }
        }
      ]
    },
    "off_ground": {
      "start": [
        {
          "time": 0,
          "name": "on_set",
          "data": {
            "key": "is_ground",
            "value": false
          }
        },
        {
          "time": 0,
          "name": "on_anig",
          "data": {
            "key": "is_ground",
            "value": false
          }
        }
      ]
    },
    "dead": {
      "start": [
        {
          "time": 0,
          "name": "on_set",
          "data": {
            "key": "hit_recover",
            "value": 1
          }
        },
        {
          "time": 0,
          "name": "on_anig",
          "data": {
            "key": "trigger_dead",
            "value": true
          }
        },
        {
          "time": 0,
          "name": "on_sfx",
          "data": "sfx_enemy_dead"
        },
        {
          "time": 0,
          "name": "on_set",
          "data": {
            "key": "is_dead",
            "value": true
          }
        },
        {
          "time": 0.3,
          "name": "on_sfx",
          "data": "sfx_dead"
        },
        {
          "time": 0.5,
          "name": "on_call",
          "data": "onDead"
        }
      ]
    },
    "hit_gun": {
      "start": [
        {
          "time": 0,
          "name": "on_anig",
          "data": {
            "key": "trigger_hit",
            "value": true
          }
        },
        {
          "time": 0,
          "name": "on_set",
          "data": {
            "key": "hit_recover",
            "value": 0.2
          }
        }
      ]
    },
    "on_aim": {
      "start": [
        {
          "time": 0,
          "name": "on_anig",
          "data": {
            "key": "bool_iron_sights",
            "value": true
          }
        }
      ]
    },
    "off_aim": {
      "start": [
        {
          "time": 0,
          "name": "on_anig",
          "data": {
            "key": "bool_iron_sights",
            "value": false
          }
        }
      ]
    },
    "rebirth": {
      "start": [
        {
          "time": 0,
          "name": "on_msg",
          "data": "rebirth"
        }
      ]
    },
    "pickup": {
      "start": [
        {
          "time": 0,
          "delay": 0.2,
          "name": "on_msg",
          "data": "pick_candy"
        },
        {
          "time": 0,
          "delay": 0.5,
          "name": "on_msg",
          "data": "msg_count_events"
        }
      ]
    },
    "drop": {
      "start": [
        {
          "time": 0,
          "name": "on_sfx",
          "data": "sfx_eat_candy"
        },
        {
          "time": 0,
          "delay": 0.2,
          "name": "on_msg",
          "data": "pick_candy"
        },
        {
          "time": 0,
          "delay": 0.5,
          "name": "on_msg",
          "data": "msg_count_events"
        }
      ]
    }
  }
}
2024-11-28 21:44:15,077 - INFO Retriever 0 - 

————————————————————————————————————————————————————————————————
2024-11-28 21:44:15,077 - INFO Retriever 0 - 当前窗口总长度：15
2024-11-28 21:44:15,077 - INFO Retriever 0 - 当前更新窗口长度：6
2024-11-28 21:44:15,078 - INFO Retriever 0 - 当前更新窗口长度：6
2024-11-28 21:44:15,078 - INFO Retriever 0 - ————————————————————————————————————————————————————————————————


2024-11-28 21:44:18,257 - INFO Retriever 0 - Agent主脑给出的回答为：{
    "read_file": {
        "file_path": "D:/my_file/MyFile/YunSi/Project/Games/Cocos/CocosCyberpunk_all/CocosCyberpunk/assets/resources/action/action-enemy_2.json"
    }
}
2024-11-28 21:44:18,257 - INFO Retriever 0 - 是否成功解析：True
2024-11-28 21:44:18,257 - INFO Retriever 0 - operation_type (__det_dir_action):
2024-11-28 21:44:18,257 - INFO Retriever 0 - read_file
2024-11-28 21:44:18,257 - INFO Retriever 0 - 

——————————————————————————————————————————————————————————————————————————————————————————————————————————————————————————
2024-11-28 21:44:18,258 - INFO Retriever 0 - Assistant:
2024-11-28 21:44:18,258 - INFO Retriever 0 - {
    "read_file": {
        "file_path": "D:/my_file/MyFile/YunSi/Project/Games/Cocos/CocosCyberpunk_all/CocosCyberpunk/assets/resources/action/action-enemy_2.json"
    }
}
2024-11-28 21:44:18,259 - INFO Retriever 0 - dict_keys(['read_file'])
2024-11-28 21:44:18,259 - INFO Retriever 0 - Agent主脑给出的行动：read_file
参数：{'file_path': 'D:/my_file/MyFile/YunSi/Project/Games/Cocos/CocosCyberpunk_all/CocosCyberpunk/assets/resources/action/action-enemy_2.json', 'top_path': 'D:/my_file/MyFile/YunSi/Project/Games/Cocos/CocosCyberpunk_all/CocosCyberpunk\\Assets', 'return_file_sum': <bound method TreeGenerationAction.return_file_sum of <Action.tree_gen_action.TreeGenerationAction object at 0x000002C437FE7AF0>>}
2024-11-28 21:44:18,259 - INFO Retriever 0 - Observer: 这是一个名为“D:/my_file/MyFile/YunSi/Project/Games/Cocos/CocosCyberpunk_all/CocosCyberpunk/assets/resources/action/action-enemy_2.json”的文件，该文件里的内容为：
{
    "play":{
        "start":[
            { "time": 1.5, "name": "on_call", "data": "onUpdate"}
        ]
    },
    "jump_from_jog": {
        "start": [
            { "time": 0, "name": "on_set", "data": { "key":"is_jump", "value":true } },
            { "time": 0, "name": "on_anig", "data": { "key": "trigger_jump", "value":true } },
            { "time": 0, "name": "on_anig", "data": { "key": "bool_jump", "value":true } },
            { "time": 0.07, "name": "on_call", "data": "jump" },
            { "time": 0.09, "name": "on_set", "data": { "key": "jumping", "value":true} }
        ]
    },
    "jump_from_stand": {
        "start": [
            { "time": 0, "name": "on_set", "data": { "key":"is_jump", "value":true } },
            { "time": 0, "name": "on_anig", "data": { "key": "trigger_jump", "value":true } },
            { "time": 0, "name": "on_anig", "data": { "key": "bool_jump", "value":true } },
            { "time": 0.27, "name": "on_call", "data": "jump" },
            { "time": 0.3, "name": "on_set", "data": { "key": "jumping", "value":true} }
        ]
    },
    "jump_to_ground": {
        "start":[
            { "time": 0, "name": "on_anig", "data": { "key": "bool_jump", "value":false } },
            { "time": 0, "name": "on_set", "data": { "key": "jumping", "value":false} },
            { "time": 0, "name": "on_set", "data": { "key":"is_jump", "value":false } },
            { "time": 0.3, "name": "on_sfx", "data": "sfx_hit_ground" }
        ]
    },
    "move_to_sky": {
        "start":[
            { "time": 0, "name": "on_anig", "data": { "key": "trigger_move_to_sky", "value":true } } 
        ] 
    },
    "on_ground":{
        "start":[
            { "time": 0, "name": "on_set", "data": { "key":"is_ground", "value":true } },
            { "time": 0, "name": "on_anig", "data": { "key":"bool_ground", "value":true } }
        ]
    },
    "off_ground":{
        "start":[
            { "time": 0, "name": "on_set", "data": { "key":"is_ground", "value":false } },
            { "time": 0, "name": "on_anig", "data": { "key":"is_ground", "value":false } }
        ]
    },
    "dead": {
        "start": [
            { "time": 0, "name": "on_set", "data": { "key":"hit_recover", "value": 1} },
            { "time": 0, "name": "on_anig", "data": { "key":"trigger_dead", "value":true } },
            { "time": 0, "name": "on_sfx", "data":"sfx_enemy_dead" },
            { "time": 0, "name": "on_set", "data": { "key":"is_dead", "value":true } },
            { "time": 0.3, "name": "on_sfx", "data":"sfx_dead" },
            { "time": 0.5, "name": "on_call", "data": "onDead" }
        ] 
    },
    "hit_gun": {
        "start":[
            { "time": 0, "name": "on_anig", "data": { "key":"trigger_hit", "value":true } },
            { "time": 0, "name": "on_set", "data": { "key":"hit_recover", "value": 0.2} }
        ]
    },
    "on_aim": {
        "start": [
            {"time": 0, "name": "on_anig", "data":{ "key":"bool_iron_sights", "value":true } }
        ]
    },
    "off_aim": {
        "start": [
            {"time": 0, "name": "on_anig", "data":{ "key":"bool_iron_sights", "value":false } }
        ]
    },
    "rebirth":{
        "start":[
            {"time":0, "name": "on_msg", "data": "rebirth" }
        ]
    },
    "pickup": {
        "start":[
            { "time": 0, "delay":0.2, "name": "on_msg", "data": "pick_candy"},
            { "time": 0, "delay":0.5, "name": "on_msg", "data": "msg_count_events"}
        ]
    },
    "drop": {
        "start":[
            { "time": 0, "name": "on_sfx", "data": "sfx_eat_candy" },
            { "time": 0, "delay":0.2, "name": "on_msg", "data": "pick_candy"},
            { "time": 0, "delay":0.5, "name": "on_msg", "data": "msg_count_events"}
        ] 
    } 
}
2024-11-28 21:44:18,261 - INFO Retriever 0 - 

————————————————————————————————————————————————————————————————
2024-11-28 21:44:18,261 - INFO Retriever 0 - 当前窗口总长度：17
2024-11-28 21:44:18,261 - INFO Retriever 0 - 当前更新窗口长度：8
2024-11-28 21:44:18,262 - INFO Retriever 0 - 当前更新窗口长度：8
2024-11-28 21:44:18,262 - INFO Retriever 0 - ————————————————————————————————————————————————————————————————


2024-11-28 21:44:20,308 - INFO Retriever 0 - Agent主脑给出的回答为：{
    "finish": "我已完成你所给出的任务需求，请你进行确认"
}
2024-11-28 21:44:20,308 - INFO Retriever 0 - 是否成功解析：True
2024-11-28 21:44:20,308 - INFO Retriever 0 - operation_type (__det_dir_action):
2024-11-28 21:44:20,309 - INFO Retriever 0 - finish
2024-11-28 21:44:20,309 - INFO Retriever 0 - 

——————————————————————————————————————————————————————————————————————————————————————————————————————————————————————————
2024-11-28 21:44:20,309 - INFO Retriever 0 - Assistant:
2024-11-28 21:44:20,309 - INFO Retriever 0 - {
    "finish": "我已完成你所给出的任务需求，请你进行确认"
}
2024-11-28 21:44:20,309 - INFO Retriever 0 - dict_keys(['finish'])
2024-11-28 21:44:20,310 - INFO Retriever 0 - ——————————————————————————————————— 任务结束 ———————————————————————————————————
2024-11-28 21:44:20,310 - INFO Retriever 0 - 

————————————————————————————————————————————————————————————————
2024-11-28 21:44:20,310 - INFO Retriever 0 - 当前窗口总长度：17
2024-11-28 21:44:20,310 - INFO Retriever 0 - 当前更新窗口长度：8
2024-11-28 21:44:20,310 - INFO Retriever 0 - 当前更新窗口长度：8
2024-11-28 21:44:20,311 - INFO Retriever 0 - ————————————————————————————————————————————————————————————————


2024-11-28 21:44:39,791 - INFO Retriever 0 - -------------------------Task Report-----------------------
2024-11-28 21:44:39,791 - INFO Retriever 0 - * 文件一：
    * 文件绝对路径：D:/my_file/MyFile/YunSi/Project/Games/Cocos/CocosCyberpunk_all/CocosCyberpunk/assets/resources/action/action-enemy_1.json
    * 文件内容概述：该文件定义了游戏敌人从活动开始到死亡的一系列行为和事件触发，包括敌人状态转换（如跳跃、移动、死亡等）及其对应的时间点、动画、声音和变量设置。
    * 该文件与问题目标之间的关联性：该文件中应包含有关敌人如何寻找玩家的策略的信息，例如敌人状态转换中是否包含检测玩家位置的动作，以及如何根据玩家的位置调整敌人的行为。

* 文件二：
    * 文件绝对路径：D:/my_file/MyFile/YunSi/Project/Games/Cocos/CocosCyberpunk_all/CocosCyberpunk/library/15/156b8211-bdcf-4ae8-9d9a-f98ee02a1027.json
    * 文件内容概述：该JSON文件定义了一个AI敌人的行为树，包含多种行为条件（如未发现玩家、发现玩家、接近玩家等）和相应的动作。
    * 该文件与问题目标之间的关联性：该文件详细描述了敌人根据是否发现玩家而采取的不同行为，是分析敌人寻找玩家策略的重要文件。行为树中的条件判断和动作选择应包含敌人寻找玩家的逻辑。

* 文件三：
    * 文件绝对路径：D:/my_file/MyFile/YunSi/Project/Games/Cocos/CocosCyberpunk_all/CocosCyberpunk/library/aa/aa4fcf29-a99b-48fe-be7c-51fd8d4bb1f7.json
    * 文件内容概述：该文本文件描述了一个名为“action-enemy_0”的动画或游戏中的敌人行为配置，包含敌人跳跃、落地和移动到空中的不同阶段和相应的动作触发。
    * 该文件与问题目标之间的关联性：虽然该文件主要描述了敌人的动作配置，但其中可能包含与敌人寻找玩家策略相关的动作触发条件，如根据玩家位置触发的跳跃或移动。

* 文件四：
    * 文件绝对路径：D:/my_file/MyFile/YunSi/Project/Games/Cocos/CocosCyberpunk_all/CocosCyberpunk/assets/resources/action/action-enemy_2.json
    * 文件内容概述：该文件定义了游戏敌人从活动开始到死亡的一系列行为和事件，详细记录了不同状态下的动作触发时机，包括动画、声音效果和数据设置。
    * 该文件与问题目标之间的关联性：与文件一类似，该文件也应包含敌人寻找玩家的策略信息，尤其是在不同状态下敌人如何根据玩家位置做出反应。
2024-11-28 21:44:39,792 - INFO Retriever 0 - 
Token Consuming:33496

2024-11-28 21:44:39,792 - INFO Retriever 0 - 
history rounds:9

