2024-11-28 21:43:43,723 - INFO Retriever 0 - Init Retriever.
2024-11-28 21:43:50,226 - INFO Retriever 0 - keywords:“['search', '敌人', '寻找', 'adversary', 'look for', 'enemy', 'player', '玩家', 'tactic', '策略']”，“['search', '敌人', '寻找', 'adversary', 'look for', 'enemy', 'player', '玩家', 'tactic', '策略']”，“['search', '敌人', '寻找', 'adversary', 'look for', 'enemy', 'player', '玩家', 'tactic', '策略']”
2024-11-28 21:43:50,226 - INFO Retriever 0 - deep_think_conent
:在获取了项目文件的顶层结构后，我还需要结合待查询的问题描述，对于项目中的文件和目录进行一些深度关键词检索。根据任务描述：“请在D:/my_file/MyFile/YunSi/Project/Games/Cocos/CocosCyberpunk_all/CocosCyberpunk\Assets下各级目录中寻找：游戏场景中敌人寻找玩家的策略是如何实现的”，我总结出如下可能会出现在各个文件名或者文件内容中的关键词：“['search', '敌人', '寻找', 'adversary', 'look for', 'enemy', 'player', '玩家', 'tactic', '策略']”，“['search', '敌人', '寻找', 'adversary', 'look for', 'enemy', 'player', '玩家', 'tactic', '策略']”，“['search', '敌人', '寻找', 'adversary', 'look for', 'enemy', 'player', '玩家', 'tactic', '策略']”。
接下来，我将使用retrieve_keywords操作，在项目顶层路径“D:/my_file/MyFile/YunSi/Project/Games/Cocos/CocosCyberpunk_all/CocosCyberpunk\Assets”下检索这些关键词，从而大致把握可能与问题描述相关的文件或目录的路径。
2024-11-28 21:43:50,228 - INFO Retriever 0 - ——————————————————————————————————————————————————————————————————————————————————————————————————————————————————————————
2024-11-28 21:43:50,229 - INFO Retriever 0 - Assistant:
2024-11-28 21:43:50,230 - INFO Retriever 0 - {
    "deep_think": {
        "thoughts": "好的，接下来我将通过深度思考、仔细计划以及逐步执行的方式，来完成该任务。\n\n首先，在阅读详细的代码细节之前，应该先整体把握整个项目。\n\n在提供的可选的action中，可以通过get_folder_info操作，通过将项目顶层路径作为target_folder_path参数进行传入，来获取获取项目中主要文件夹和主要文件的描述，从而能够先大致把握项目文件的主要文件的文件树结构、基本内容、主要代码概述以及大致功能板块的分布。"
    }
}
2024-11-28 21:43:50,231 - INFO Retriever 0 - 
Observer:
2024-11-28 21:43:50,231 - INFO Retriever 0 - 好的，请继续你的下一步行动或思考。
2024-11-28 21:43:50,296 - INFO Retriever 0 - 
2024-11-28 21:43:51,288 - INFO Retriever 0 - ——————————————————————————————————————————————————————————————————————————————————————————————————————————————————————————
2024-11-28 21:43:51,288 - INFO Retriever 0 - Assistant:
2024-11-28 21:43:51,288 - INFO Retriever 0 - {
    "get_folder_info": {
        "target_folder_path": "D:/my_file/MyFile/YunSi/Project/Games/Cocos/CocosCyberpunk_all/CocosCyberpunk\\Assets"
    }
}
2024-11-28 21:43:51,289 - INFO Retriever 0 - 
Observer:
2024-11-28 21:43:51,299 - INFO Retriever 0 - 目标路径D:/my_file/MyFile/YunSi/Project/Games/Cocos/CocosCyberpunk_all/CocosCyberpunk\Assets不存在。

2024-11-28 21:43:51,558 - INFO Retriever 0 - 
2024-11-28 21:43:51,624 - INFO Retriever 0 - ——————————————————————————————————————————————————————————————————————————————————————————————————————————————————————————
2024-11-28 21:43:51,626 - INFO Retriever 0 - Assistant:
2024-11-28 21:43:51,628 - INFO Retriever 0 - {
    "deep_think": {
        "thoughts": "在获取了项目文件的顶层结构后，我还需要结合待查询的问题描述，对于项目中的文件和目录进行一些深度关键词检索。根据任务描述：“请在D:/my_file/MyFile/YunSi/Project/Games/Cocos/CocosCyberpunk_all/CocosCyberpunk\\Assets下各级目录中寻找：游戏场景中敌人寻找玩家的策略是如何实现的”，我总结出如下可能会出现在各个文件名或者文件内容中的关键词：“['search', '敌人', '寻找', 'adversary', 'look for', 'enemy', 'player', '玩家', 'tactic', '策略']”，“['search', '敌人', '寻找', 'adversary', 'look for', 'enemy', 'player', '玩家', 'tactic', '策略']”，“['search', '敌人', '寻找', 'adversary', 'look for', 'enemy', 'player', '玩家', 'tactic', '策略']”。\n接下来，我将使用retrieve_keywords操作，在项目顶层路径“D:/my_file/MyFile/YunSi/Project/Games/Cocos/CocosCyberpunk_all/CocosCyberpunk\\Assets”下检索这些关键词，从而大致把握可能与问题描述相关的文件或目录的路径。"
    }
}
2024-11-28 21:43:51,629 - INFO Retriever 0 - 
Observer:
2024-11-28 21:43:51,629 - INFO Retriever 0 - 好的，请继续你的下一步行动或思考。
2024-11-28 21:43:51,630 - INFO Retriever 0 - 
2024-11-28 21:43:51,632 - INFO Retriever 0 - ——————————————————————————————————————————————————————————————————————————————————————————————————————————————————————————
2024-11-28 21:43:51,634 - INFO Retriever 0 - Assistant:
2024-11-28 21:43:51,635 - INFO Retriever 0 - {
    "retrieve_keywords": {
        "keyword_list": [
            [
                "search",
                "敌人",
                "寻找",
                "adversary",
                "look for",
                "enemy",
                "player",
                "玩家",
                "tactic",
                "策略"
            ],
            [
                "search",
                "敌人",
                "寻找",
                "adversary",
                "look for",
                "enemy",
                "player",
                "玩家",
                "tactic",
                "策略"
            ],
            [
                "search",
                "敌人",
                "寻找",
                "adversary",
                "look for",
                "enemy",
                "player",
                "玩家",
                "tactic",
                "策略"
            ]
        ]
    }
}
2024-11-28 21:43:51,636 - INFO Retriever 0 - 
Observer:
2024-11-28 21:43:51,637 - INFO Retriever 0 - 文件一：
* 文件绝对路径：D:/my_file/MyFile/YunSi/Project/Games/Cocos/CocosCyberpunk_all/CocosCyberpunk/assets/resources/action/action-enemy_1.json
* 文件内容概述：该文件定义了游戏敌人从活动开始到死亡的一系列行为和事件触发，包括敌人状态转换（如跳跃、移动、死亡等）及其对应的时间点、动画、声音和变量设置。
* 是否与问题相关：相关
* 具体分析：该文件中应包含有关敌人如何寻找玩家的策略的信息，例如敌人状态转换中是否包含检测玩家位置的动作，以及如何根据玩家的位置调整敌人的行为。

文件二：
* 文件绝对路径：D:/my_file/MyFile/YunSi/Project/Games/Cocos/CocosCyberpunk_all/CocosCyberpunk/library/15/156b8211-bdcf-4ae8-9d9a-f98ee02a1027.json
* 文件内容概述：该JSON文件定义了一个AI敌人的行为树，包含多种行为条件（如未发现玩家、发现玩家、接近玩家等）和相应的动作。
* 是否与问题相关：相关
* 具体分析：该文件详细描述了敌人根据是否发现玩家而采取的不同行为，是分析敌人寻找玩家策略的重要文件。行为树中的条件判断和动作选择应包含敌人寻找玩家的逻辑。

文件三：
* 文件绝对路径：D:/my_file/MyFile/YunSi/Project/Games/Cocos/CocosCyberpunk_all/CocosCyberpunk/library/aa/aa4fcf29-a99b-48fe-be7c-51fd8d4bb1f7.json
* 文件内容概述：该文本文件描述了一个名为“action-enemy_0”的动画或游戏中的敌人行为配置，包含敌人跳跃、落地和移动到空中的不同阶段和相应的动作触发。
* 是否与问题相关：部分相关
* 具体分析：虽然该文件主要描述了敌人的动作配置，但其中可能包含与敌人寻找玩家策略相关的动作触发条件，如根据玩家位置触发的跳跃或移动。

文件四：
* 文件绝对路径：D:/my_file/MyFile/YunSi/Project/Games/Cocos/CocosCyberpunk_all/CocosCyberpunk/assets/resources/action/action-enemy_2.json
* 文件内容概述：该文件定义了游戏敌人从活动开始到死亡的一系列行为和事件，详细记录了不同状态下的动作触发时机，包括动画、声音效果和数据设置。
* 是否与问题相关：相关
* 具体分析：与文件一类似，该文件也应包含敌人寻找玩家的策略信息，尤其是在不同状态下敌人如何根据玩家位置做出反应。
2024-11-28 21:43:51,640 - INFO Retriever 0 - 
2024-11-28 21:44:02,032 - INFO Retriever 0 - Agent主脑给出的回答为：{
    "deep_think": {
        "thoughts": "根据检索到的文件信息，有四个文件可能与敌人寻找玩家的策略相关。文件一和文件四都定义了敌人的行为和事件触发，其中可能包含寻找玩家的策略。文件二定义了一个AI敌人的行为树，这应该是分析敌人寻找玩家策略的关键文件。文件三虽然主要描述了敌人的动作配置，但也可能包含与寻找玩家策略相关的信息。\n\n接下来，我将优先查看文件二，因为它似乎直接关联到敌人的AI和行为逻辑。如果文件二提供了足够的信息，我可能不需要进一步查看其他文件。如果文件二的信息不足以解答问题，我将依次查看文件一、文件三和文件四。"
    }
}
2024-11-28 21:44:02,032 - INFO Retriever 0 - 是否成功解析：True
2024-11-28 21:44:02,032 - INFO Retriever 0 - operation_type (__det_dir_action):
2024-11-28 21:44:02,033 - INFO Retriever 0 - deep_think
2024-11-28 21:44:02,033 - INFO Retriever 0 - 

——————————————————————————————————————————————————————————————————————————————————————————————————————————————————————————
2024-11-28 21:44:02,034 - INFO Retriever 0 - Assistant:
2024-11-28 21:44:02,034 - INFO Retriever 0 - {
    "deep_think": {
        "thoughts": "根据检索到的文件信息，有四个文件可能与敌人寻找玩家的策略相关。文件一和文件四都定义了敌人的行为和事件触发，其中可能包含寻找玩家的策略。文件二定义了一个AI敌人的行为树，这应该是分析敌人寻找玩家策略的关键文件。文件三虽然主要描述了敌人的动作配置，但也可能包含与寻找玩家策略相关的信息。\n\n接下来，我将优先查看文件二，因为它似乎直接关联到敌人的AI和行为逻辑。如果文件二提供了足够的信息，我可能不需要进一步查看其他文件。如果文件二的信息不足以解答问题，我将依次查看文件一、文件三和文件四。"
    }
}
2024-11-28 21:44:02,034 - INFO Retriever 0 - dict_keys(['deep_think'])
2024-11-28 21:44:02,034 - INFO Retriever 0 - Agent主脑给出的行动：deep_think
参数：{'thoughts': '根据检索到的文件信息，有四个文件可能与敌人寻找玩家的策略相关。文件一和文件四都定义了敌人的行为和事件触发，其中可能包含寻找玩家的策略。文件二定义了一个AI敌人的行为树，这应该是分析敌人寻找玩家策略的关键文件。文件三虽然主要描述了敌人的动作配置，但也可能包含与寻找玩家策略相关的信息。\n\n接下来，我将优先查看文件二，因为它似乎直接关联到敌人的AI和行为逻辑。如果文件二提供了足够的信息，我可能不需要进一步查看其他文件。如果文件二的信息不足以解答问题，我将依次查看文件一、文件三和文件四。', 'repeat_counter': 1, 'continue_think_counter': 1}
2024-11-28 21:44:02,035 - INFO Retriever 0 - Observer: 好的，请继续你的下一步行动或思考。
2024-11-28 21:44:02,036 - INFO Retriever 0 - 

————————————————————————————————————————————————————————————————
2024-11-28 21:44:02,036 - INFO Retriever 0 - 当前窗口总长度：11
2024-11-28 21:44:02,036 - INFO Retriever 0 - 当前更新窗口长度：2
2024-11-28 21:44:02,036 - INFO Retriever 0 - 当前更新窗口长度：2
2024-11-28 21:44:02,037 - INFO Retriever 0 - ————————————————————————————————————————————————————————————————


2024-11-28 21:44:07,699 - INFO Retriever 0 - Agent主脑给出的回答为：{
    "read_file": {
        "file_path": "D:/my_file/MyFile/YunSi/Project/Games/Cocos/CocosCyberpunk_all/CocosCyberpunk/library/15/156b8211-bdcf-4ae8-9d9a-f98ee02a1027.json"
    }
}
2024-11-28 21:44:07,700 - INFO Retriever 0 - 是否成功解析：True
2024-11-28 21:44:07,700 - INFO Retriever 0 - operation_type (__det_dir_action):
2024-11-28 21:44:07,700 - INFO Retriever 0 - read_file
2024-11-28 21:44:07,701 - INFO Retriever 0 - 

——————————————————————————————————————————————————————————————————————————————————————————————————————————————————————————
2024-11-28 21:44:07,701 - INFO Retriever 0 - Assistant:
2024-11-28 21:44:07,701 - INFO Retriever 0 - {
    "read_file": {
        "file_path": "D:/my_file/MyFile/YunSi/Project/Games/Cocos/CocosCyberpunk_all/CocosCyberpunk/library/15/156b8211-bdcf-4ae8-9d9a-f98ee02a1027.json"
    }
}
2024-11-28 21:44:07,701 - INFO Retriever 0 - dict_keys(['read_file'])
2024-11-28 21:44:07,702 - INFO Retriever 0 - Agent主脑给出的行动：read_file
参数：{'file_path': 'D:/my_file/MyFile/YunSi/Project/Games/Cocos/CocosCyberpunk_all/CocosCyberpunk/library/15/156b8211-bdcf-4ae8-9d9a-f98ee02a1027.json', 'top_path': 'D:/my_file/MyFile/YunSi/Project/Games/Cocos/CocosCyberpunk_all/CocosCyberpunk\\Assets', 'return_file_sum': <bound method TreeGenerationAction.return_file_sum of <Action.tree_gen_action.TreeGenerationAction object at 0x000002C437FFBF40>>}
2024-11-28 21:44:07,704 - INFO Retriever 0 - Observer: 这是一个名为“D:/my_file/MyFile/YunSi/Project/Games/Cocos/CocosCyberpunk_all/CocosCyberpunk/library/15/156b8211-bdcf-4ae8-9d9a-f98ee02a1027.json”的文件，该文件里的内容为：
{
  "__type__": "cc.JsonAsset",
  "_name": "brain-enemy",
  "_objFlags": 0,
  "__editorExtras__": {},
  "_native": "",
  "json": {
    "value": "root",
    "node": "condition",
    "children": [
      {
        "value": "noFoundPlayer",
        "node": "random",
        "children": [
          {
            "value": 0.1,
            "action": "freeIdle"
          },
          {
            "value": 0.2,
            "action": "freeMove"
          },
          {
            "value": 0.7,
            "action": "freeJump"
          },
          {
            "value": 1,
            "action": "freeCrossRoad"
          }
        ]
      },
      {
        "value": "foundPlayer",
        "node": "random",
        "children": [
          {
            "value": 0.1,
            "action": "foundIdle"
          },
          {
            "value": 0.2,
            "action": "foundMove"
          },
          {
            "value": 0.7,
            "action": "foundJump"
          },
          {
            "value": 0.7,
            "action": "foundCrossRoad"
          }
        ]
      },
      {
        "value": "nearPlayer",
        "node": "random",
        "children": [
          {
            "value": 0.2,
            "action": "forcepreparejump"
          },
          {
            "value": 0.7,
            "action": "carefullmove"
          }
        ]
      },
      {
        "value": "canEatPlayer",
        "node": "sequence",
        "children": [
          {
            "action": "goCrossPoint"
          },
          {
            "action": "eatCrossRead"
          }
        ]
      },
      {
        "value": "fleePlayer",
        "node": "random",
        "children": [
          {
            "value": 0.1,
            "action": "angryIdle"
          },
          {
            "value": 0.2,
            "action": "angryMove"
          },
          {
            "value": 0.9,
            "action": "angryJump"
          },
          {
            "value": 1,
            "action": "angryCross"
          }
        ]
      },
      {
        "value": "feedPlayer",
        "node": "random",
        "children": [
          {
            "value": 0.1,
            "action": "feedIdle"
          },
          {
            "value": 0.2,
            "action": "feedMove"
          },
          {
            "value": 0.9,
            "action": "feedJump"
          },
          {
            "value": 1,
            "action": "feedCross"
          }
        ]
      }
    ]
  }
}
2024-11-28 21:44:07,706 - INFO Retriever 0 - 

————————————————————————————————————————————————————————————————
2024-11-28 21:44:07,707 - INFO Retriever 0 - 当前窗口总长度：13
2024-11-28 21:44:07,707 - INFO Retriever 0 - 当前更新窗口长度：4
2024-11-28 21:44:07,707 - INFO Retriever 0 - 当前更新窗口长度：4
2024-11-28 21:44:07,708 - INFO Retriever 0 - ————————————————————————————————————————————————————————————————


2024-11-28 21:44:18,595 - INFO Retriever 0 - Agent主脑给出的回答为：{
    "finish": "我已完成你所给出的任务需求，请你进行确认。根据我阅读的文件'D:/my_file/MyFile/YunSi/Project/Games/Cocos/CocosCyberpunk_all/CocosCyberpunk/library/15/156b8211-bdcf-4ae8-9d9a-f98ee02a1027.json'，敌人的寻找玩家策略是通过一个行为树来定义的。这个行为树包含了不同条件下敌人的行为，例如当没有发现玩家时('noFoundPlayer')，敌人可能会进行自由闲置('freeIdle')、自由移动('freeMove')、自由跳跃('freeJump')或自由穿行('freeCrossRoad')。当发现玩家时('foundPlayer')，敌人可能会进行发现闲置('foundIdle')、发现移动('foundMove')、发现跳跃('foundJump')或发现穿行('foundCrossRoad')。当敌人接近玩家时('nearPlayer')，可能会进行强制准备跳跃('forcepreparejump')或小心移动('carefullmove')。其他条件下的行为还包括可以吃玩家('canEatPlayer')、逃离玩家('fleePlayer')和喂玩家('feedPlayer')。这些行为和条件组合起来定义了敌人如何根据玩家的状态和位置来寻找和反应。"
}
2024-11-28 21:44:18,595 - INFO Retriever 0 - 是否成功解析：True
2024-11-28 21:44:18,596 - INFO Retriever 0 - operation_type (__det_dir_action):
2024-11-28 21:44:18,596 - INFO Retriever 0 - finish
2024-11-28 21:44:18,596 - INFO Retriever 0 - 

——————————————————————————————————————————————————————————————————————————————————————————————————————————————————————————
2024-11-28 21:44:18,596 - INFO Retriever 0 - Assistant:
2024-11-28 21:44:18,596 - INFO Retriever 0 - {
    "finish": "我已完成你所给出的任务需求，请你进行确认。根据我阅读的文件'D:/my_file/MyFile/YunSi/Project/Games/Cocos/CocosCyberpunk_all/CocosCyberpunk/library/15/156b8211-bdcf-4ae8-9d9a-f98ee02a1027.json'，敌人的寻找玩家策略是通过一个行为树来定义的。这个行为树包含了不同条件下敌人的行为，例如当没有发现玩家时('noFoundPlayer')，敌人可能会进行自由闲置('freeIdle')、自由移动('freeMove')、自由跳跃('freeJump')或自由穿行('freeCrossRoad')。当发现玩家时('foundPlayer')，敌人可能会进行发现闲置('foundIdle')、发现移动('foundMove')、发现跳跃('foundJump')或发现穿行('foundCrossRoad')。当敌人接近玩家时('nearPlayer')，可能会进行强制准备跳跃('forcepreparejump')或小心移动('carefullmove')。其他条件下的行为还包括可以吃玩家('canEatPlayer')、逃离玩家('fleePlayer')和喂玩家('feedPlayer')。这些行为和条件组合起来定义了敌人如何根据玩家的状态和位置来寻找和反应。"
}
2024-11-28 21:44:18,596 - INFO Retriever 0 - dict_keys(['finish'])
2024-11-28 21:44:18,597 - INFO Retriever 0 - ——————————————————————————————————— 任务结束 ———————————————————————————————————
2024-11-28 21:44:18,597 - INFO Retriever 0 - 

————————————————————————————————————————————————————————————————
2024-11-28 21:44:18,597 - INFO Retriever 0 - 当前窗口总长度：13
2024-11-28 21:44:18,597 - INFO Retriever 0 - 当前更新窗口长度：4
2024-11-28 21:44:18,597 - INFO Retriever 0 - 当前更新窗口长度：4
2024-11-28 21:44:18,598 - INFO Retriever 0 - ————————————————————————————————————————————————————————————————


2024-11-28 21:44:43,722 - INFO Retriever 0 - -------------------------Task Report-----------------------
2024-11-28 21:44:43,722 - INFO Retriever 0 - * 文件一：
    * 文件绝对路径：D:/my_file/MyFile/YunSi/Project/Games/Cocos/CocosCyberpunk_all/CocosCyberpunk/assets/resources/action/action-enemy_1.json
    * 文件内容概述：该文件定义了游戏敌人从活动开始到死亡的一系列行为和事件触发，包括敌人状态转换（如跳跃、移动、死亡等）及其对应的时间点、动画、声音和变量设置。
    * 该文件与问题目标之间的关联性：该文件中应包含有关敌人如何寻找玩家的策略的信息，例如敌人状态转换中是否包含检测玩家位置的动作，以及如何根据玩家的位置调整敌人的行为。

* 文件二：
    * 文件绝对路径：D:/my_file/MyFile/YunSi/Project/Games/Cocos/CocosCyberpunk_all/CocosCyberpunk/library/15/156b8211-bdcf-4ae8-9d9a-f98ee02a1027.json
    * 文件内容概述：该JSON文件定义了一个AI敌人的行为树，包含多种行为条件（如未发现玩家、发现玩家、接近玩家等）和相应的动作。
    * 该文件与问题目标之间的关联性：该文件详细描述了敌人根据是否发现玩家而采取的不同行为，是分析敌人寻找玩家策略的关键文件。行为树中的条件判断和动作选择应包含敌人寻找玩家的逻辑。

* 文件三：
    * 文件绝对路径：D:/my_file/MyFile/YunSi/Project/Games/Cocos/CocosCyberpunk_all/CocosCyberpunk/library/aa/aa4fcf29-a99b-48fe-be7c-51fd8d4bb1f7.json
    * 文件内容概述：该文本文件描述了一个名为“action-enemy_0”的动画或游戏中的敌人行为配置，包含敌人跳跃、落地和移动到空中的不同阶段和相应的动作触发。
    * 该文件与问题目标之间的关联性：虽然该文件主要描述了敌人的动作配置，但其中可能包含与敌人寻找玩家策略相关的动作触发条件，如根据玩家位置触发的跳跃或移动。

* 文件四：
    * 文件绝对路径：D:/my_file/MyFile/YunSi/Project/Games/Cocos/CocosCyberpunk_all/CocosCyberpunk/assets/resources/action/action-enemy_2.json
    * 文件内容概述：该文件定义了游戏敌人从活动开始到死亡的一系列行为和事件，详细记录了不同状态下的动作触发时机，包括动画、声音效果和数据设置。
    * 该文件与问题目标之间的关联性：与文件一类似，该文件也应包含敌人寻找玩家的策略信息，尤其是在不同状态下敌人如何根据玩家位置做出反应。
2024-11-28 21:44:43,723 - INFO Retriever 0 - 
Token Consuming:12675

2024-11-28 21:44:43,723 - INFO Retriever 0 - 
history rounds:7

