2024-11-03 04:54:01,071 - INFO Retriever 0 - Init Retriever.
2024-11-03 04:56:15,523 - INFO Retriever 0 - keywords:“生成”，“map”，“atlas”，“数值”，“figure”，“production”，“value”，“generate”，“地图”
2024-11-03 04:56:15,527 - INFO Retriever 0 - deep_think_conent
:在获取了项目文件的顶层结构后，我还需要结合待查询的问题描述，对于项目中的文件和目录进行一些深度关键词检索。根据任务描述：“请在D:/Unity/Survaval\Assets下各级目录中寻找：如果我要修改生成地图资产的脚本中的数值应该修改什么文件？”，我总结出如下可能会出现在各个文件名或者文件内容中的关键词：“生成”，“map”，“atlas”，“数值”，“figure”，“production”，“value”，“generate”，“地图”。
接下来，我将使用retrieve_keywords操作，在项目顶层路径“D:/Unity/Survaval\Assets”下检索这些关键词，从而大致把握可能与问题描述相关的文件或目录的路径。
2024-11-03 04:56:15,551 - INFO Retriever 0 - ——————————————————————————————————————————————————————————————————————————————————————————————————————————————————————————
2024-11-03 04:56:15,557 - INFO Retriever 0 - Assistant:
2024-11-03 04:56:15,559 - INFO Retriever 0 - {
    "deep_think": {
        "thoughts": "好的，接下来我将通过深度思考、仔细计划以及逐步执行的方式，来完成该任务。\n\n首先，在阅读详细的代码细节之前，应该先整体把握整个项目。\n\n在提供的可选的action中，可以通过get_folder_info操作，通过将项目顶层路径作为target_folder_path参数进行传入，来获取获取项目中主要文件夹和主要文件的描述，从而能够先大致把握项目文件的主要文件的文件树结构、基本内容、主要代码概述以及大致功能板块的分布。"
    }
}
2024-11-03 04:56:15,564 - INFO Retriever 0 - 
Observer:
2024-11-03 04:56:15,566 - INFO Retriever 0 - 好的，请继续你的下一步行动或思考。
2024-11-03 04:56:15,572 - INFO Retriever 0 - 
2024-11-03 04:56:16,002 - INFO Retriever 0 - ——————————————————————————————————————————————————————————————————————————————————————————————————————————————————————————
2024-11-03 04:56:16,002 - INFO Retriever 0 - Assistant:
2024-11-03 04:56:16,002 - INFO Retriever 0 - {
    "get_folder_info": {
        "target_folder_path": "D:/Unity/Survaval\\Assets"
    }
}
2024-11-03 04:56:16,003 - INFO Retriever 0 - 
Observer:
2024-11-03 04:56:16,004 - INFO Retriever 0 - 目标文件夹路径：D:/Unity/Survaval\Assets
文件结构树（该结构树可能不完整，仅返回深度小于等于1层的子文件以及文件夹）：
├── AddressableAssetsData
│   ├── AddressableAssetSettings.asset
│   ├── Android
│   ├── AssetGroupTemplates
│   ├── AssetGroups
│   ├── DataBuilders
│   ├── DefaultObject.asset
│   ├── iOS
├── AmplifyShaderEditor
│   ├── AmplifyShaderEditor.asmdef
│   ├── ChangeLog.txt
│   ├── CreatingTerrainsWithASE.txt
│   ├── Plugins
│   ├── Readme.txt
├── BlobHashMaps
│   ├── BlobBuilderExtensions.cs
│   ├── BlobHashMap.cs
│   ├── BlobHashMapIntInt.cs
│   ├── BlobHashMaps.asmdef
│   ├── BlobMultiHashMap.cs
│   ├── Data
├── BuildReport
│   ├── CustomBuildScriptExample.txt
│   ├── GUI
│   ├── README.txt
│   ├── Scripts
│   ├── VERSION.txt
│   ├── license.txt
├── CapturePath
├── DamageNumbersPro
│   ├── DamageNumbersPro.asmdef
│   ├── Documentation.url
│   ├── Editor
│   ├── Fonts
│   ├── Materials
│   ├── Scripts
├── Editor
│   ├── ChannelSetting.cs
│   ├── OrbiteExtenedEditor.cs
│   ├── Resources
│   ├── ShaderStripSettings
├── Editor Default Resources
│   ├── MasterAudio
├── EnhancedScroller v2
│   ├── ChangeLog.txt
│   ├── Documentation
│   ├── Plugins
│   ├── Tutorials
│   ├── readme.txt
│   ├── upgrading from 1.x to 2.x.txt
├── FlockBox
│   ├── Classic
│   ├── DOTS
│   ├── Flock Box Manual.pdf
├── Gizmos
│   ├── MasterAudio
├── Magic Spells Sound Effects V2.0
│   ├── Casting Loops
│   ├── Element Scholls
│   ├── General Spell
│   ├── Medieval Combat Sounds BONUS
│   ├── Special Attack
├── Pixel Arsenal
│   ├── Demo
│   ├── Materials
│   ...
│   ├── Textures
├── Plugins
│   ├── Android
│   ├── DarkTonic
│   ├── Demigiant
│   ├── Editor
│   ├── RelationsInspector
│   ├── Sirenix
│   ├── iOS
├── RPG Icons Pixel Art
│   ├── Aeromancer
│   ├── Alchemy1
│   ...
│   ├── Сrossbowman
├── Resources
│   ├── DOTweenSettings.asset
│   ├── MasterAudio
├── SPUM
│   ├── MonsterOrc_Prefabs
│   ├── MonsterUndeadPrefabs
│   ...
│   ├── Sprite_SheetExporter(Beta)
├── StreamingAssets
├── TextMesh Pro
│   ├── Documentation
│   ├── Fonts
│   ├── Resources
│   ├── Shaders
│   ├── Sprites
├── UniversalRenderPipelineGlobalSettings.asset
├── VirtualButtonsForUnity
│   ├── VirtualButtonsForUnity
├── YouLoftSDK
│   ├── PottingMobileSDK
│   ├── PottingMobileServices
│   ...
│   ├── YouloftTemp.cs
├── ZTools
│   ├── GlobalStringBuilder.cs
│   ├── Localization
│   ├── ZTools.asmdef
├── _MyAssets
│   ├── Animations
│   ├── ArtAssets
│   ...
│   ├── URPSettings


其中，部分主要文件及文件夹的信息如下：
1. Assets
# 路径:D:\\Unity\\Survaval\Assets
# 内容概述:“UniversalRenderPipelineGlobalSettings.asset”文件是Unity项目中用于配置通用渲染管道（URP）全局设置的资产。它涵盖了光照模式、阴影质量、后处理效果以及性能优化等关键设置，如光照层配置、阴影质量选择和后处理效果启用，旨在平衡视觉效果与性能表现，以适应不同游戏的需求。

2. AddressableAssetsData
# 路径:D:\\Unity\\Survaval\Assets\AddressableAssetsData
# 内容概述:### 文件夹内容简述

“AddressableAssetsData”文件夹汇集了Unity游戏开发所需的资源管理和配置文件。其中，Android和iOS子文件夹分别管理针对各自平台的资源状态。AssetGroups和AssetGroupTemplates子文件夹则专注于资源打包和内容更新配置，而DataBuilders子文件夹提供了资源管理和场景加载的脚本配置。此外，AddressableAssetSettings.asset文件负责资源加载和优化全局设置，而DefaultObject.asset则定义了Unity脚本组件的配置。整体而言，这些文件共同构成了游戏资源高效管理和优化的框架。

3. AmplifyShaderEditor
# 路径:D:\\Unity\\Survaval\Assets\AmplifyShaderEditor
# 内容概述:“AmplifyShaderEditor”文件夹汇集了Unity游戏开发中Amplify Shader Editor插件的核心组件与资源，包括编辑器脚本、界面资源、版本更新日志和使用指南。其中，“Editor”子文件夹承载着插件的核心逻辑和操作界面，而“EditorResources”则提供了图形用户界面和渲染资源。更新日志“ChangeLog.txt”详细记录了插件的功能迭代和问题修复，而“CreatingTerrainsWithASE.txt”则指导用户如何利用ASE创建地形着色器。遗憾的是，“Readme.txt”因编码错误无法读取，但预计包含插件的基本使用说明。

4. BlobHashMaps
# 路径:D:\\Unity\\Survaval\Assets\BlobHashMaps
# 内容概述:“BlobHashMaps”文件夹汇集了针对Unity游戏引擎优化的数据结构脚本，包括BlobHashMap和BlobMultiHashMap的实现。核心文件如BlobBuilderHashMapData.cs和BlobHashMapData.cs定义了HashMap和只读哈希表，BlobBuilderExtensions.cs扩展了BlobHashMap功能，BlobHashMap.cs和BlobHashMapIntInt.cs则提供了更丰富的操作和构建器功能。BlobHashMaps.asmdef文件定义了模块依赖，而BlobMultiHashMap.cs引入了多哈希映射支持，共同构成了一个高效的数据管理工具集。

5. BuildReport
# 路径:D:\\Unity\\Survaval\Assets\BuildReport
# 内容概述:“BuildReport”文件夹汇集了Unity游戏引擎的构建报告工具及相关资源，包括UI设计资源（如BRTSkin、NativeSkin和NativeSkinExtraIcons）、自动化构建脚本（如CustomBuildScriptExample.txt）和编辑器脚本（位于Scripts/Editor）。此外，它还包含定义特定窗口样式的皮肤文件（BuildReportWindow.guiskin和BuildReportWindowDark.guiskin），以及工具的许可证信息（license.txt）和使用说明（README.txt）。VERSION.txt文件记录了工具的版本更新历史，突出了新增功能和错误修复。

6. CapturePath
# 路径:D:\\Unity\\Survaval\Assets\CapturePath
# 内容概述:该文件夹内容为空。

7. DamageNumbersPro
# 路径:D:\\Unity\\Survaval\Assets\DamageNumbersPro
# 内容概述:“DamageNumbersPro”文件夹汇集了Unity游戏开发所需的资源，包括编辑器脚本、多种风格的字体、材质和游戏逻辑脚本。其中，编辑器脚本用于资源配置，字体和材质丰富了游戏视觉元素，而脚本集合则支撑了游戏的核心逻辑和交互。此外，汇编定义文件和文档链接文件提供了模块化开发和项目文档的便捷访问。

8. Editor
# 路径:D:\\Unity\\Survaval\Assets\Editor
# 内容概述:### 文件夹内容总结

“Editor”文件夹汇集了Unity项目开发所需的资源与工具。其中，**Resources**子文件夹提供游戏与动画设计的视觉素材，包括角色、场景元素和预制游戏单元。**ShaderStripSettings**包含提升渲染质量的Unity脚本组件，而**ChannelSetting.cs**脚本则用于管理不同渠道的SDK和项目配置。此外，**OrbiteExtenedEditor.cs**编辑器扩展脚本增强了文本编辑和屏幕截图功能，辅助设计和开发流程。整体上，这些资源与工具相互关联，共同服务于Unity项目的开发与优化。

9. Editor Default Resources
# 路径:D:\\Unity\\Survaval\Assets\Editor Default Resources
# 内容概述:“Editor Default Resources”文件夹汇集了多种音频处理相关的图标，包括播放、暂停、停止等控制图标，以及复制、删除、保存等操作图标，还有LED灯状态指示和扬声器图标等。这些图标共同服务于音频编辑和界面设计，为用户提供了直观的操作和状态指示。

10. EnhancedScroller v2
# 路径:D:\\Unity\\Survaval\Assets\EnhancedScroller v2
# 内容概述:该“EnhancedScroller v2”文件夹汇集了Unity游戏开发中EnhancedScroller插件的全面资源，包括用户手册、插件代码、教程和更新日志。用户手册详细介绍了插件的使用方法，插件代码则由组件、单元格视图和动画系统等组成，旨在提升UI开发效率。教程资源帮助开发者快速上手，而更新日志和升级指南则提供了插件版本间的变化和升级指导。

11. FlockBox
# 路径:D:\\Unity\\Survaval\Assets\FlockBox
# 内容概述:### 文件夹内容精简总结

“Flock Box”文件夹是Unity游戏开发项目，集成了视觉资源、游戏逻辑脚本和DOTS架构相关资源。其中，**Classic**子文件夹提供游戏场景、预制体和艺术资源，**DOTS**子文件夹则专注于DOTS架构的脚本和材料。项目手册“Flock Box Manual.pdf”详细介绍了项目结构、资源使用和开发指南，为开发者提供了全面的项目操作指导。

12. Gizmos
# 路径:D:\\Unity\\Survaval\Assets\Gizmos
# 内容概述:“Gizmos”文件夹汇集了音频处理相关的图标设计，包括“MasterAudio”品牌标识和“PlaylistController”播放列表控制功能的图标，旨在为音频软件界面提供视觉元素。

13. Magic Spells Sound Effects V2.0
# 路径:D:\\Unity\\Survaval\Assets\Magic Spells Sound Effects V2.0
# 内容概述:“Magic Spells Sound Effects V2.0”文件夹汇集了丰富的音效资源，包括循环施法音效、元素相关施法音效、通用魔法效果、中世纪战斗声音以及特定攻击音效。这些音效覆盖了从增益攻击到治疗，从施法到战斗动作，适用于游戏、影视等多媒体项目，且文件命名清晰，便于快速查找和使用。

14. Pixel Arsenal
# 路径:D:\\Unity\\Survaval\Assets\Pixel Arsenal
# 内容概述:“Pixel Arsenal”文件夹汇集了丰富的游戏开发资源，包括视觉素材（如天空盒和纹理）、预制体（如界面元素和特效）、场景素材、Unity脚本（用于游戏逻辑）和音频效果。这些资源相互关联，共同构建了游戏和视觉效果的基础，适用于Unity等游戏引擎。文件夹内的“ReadMe.txt”文件提供了资源使用指南和潜在的技术支持信息。

15. Plugins
# 路径:D:\\Unity\\Survaval\Assets\Plugins
# 内容概述:“Plugins”文件夹汇集了多平台游戏开发资源，包括Android应用开发工具、Unity游戏资源包如音频和网络同步插件，以及编辑器扩展和iOS应用开发组件。其中，Android子文件夹提供项目配置和第三方库；Unity相关资源如DarkTonic和Demigiant则专注于音频和网络同步，以及动画处理；Editor子文件夹增强Unity编辑器功能；iOS子文件夹涵盖性能监控和广告集成等iOS特有功能。这些资源相互关联，共同构建了一个全面的游戏开发环境。

16. Resources
# 路径:D:\\Unity\\Survaval\Assets\Resources
# 内容概述:### 文件夹内容总结

“Resources”文件夹汇集了Unity游戏项目的关键配置资源，包括“MasterAudioSettings.asset”用于音频处理和插件配置，以及“DOTweenSettings.asset”用于动画和缓动库的详细设置，两者共同确保游戏音效和动画的优化与流畅。

17. RPG Icons Pixel Art
# 路径:D:\\Unity\\Survaval\Assets\RPG Icons Pixel Art
# 内容概述:当然可以。以下是融合后的简短内容：

“Support contact.pdf”文件提供客户支持联系信息，包括电话、电子邮件和在线支持服务，并附有服务时间表、常见问题解答以及用户反馈表单，旨在为用户提供便捷的咨询与支持服务。

18. SPUM
# 路径:D:\\Unity\\Survaval\Assets\SPUM
# 内容概述:“SPUM”文件夹汇集了丰富的游戏开发资源，包括怪物与角色预制体、动画素材、图像资源、字体、材质以及Unity脚本等。它涵盖了从角色模型和动画到编辑器扩展和场景设置的全方位内容，旨在支持游戏开发、3D建模和动画制作项目。文件夹内不同子目录紧密关联，共同构成了一个完整的项目资源库。

19. StreamingAssets
# 路径:D:\\Unity\\Survaval\Assets\StreamingAssets
# 内容概述:“StreamingAssets”文件夹主要存储流媒体应用所需的资源，包括视频、音频和图像文件，以及相关的配置和脚本文件。该文件夹内部分为视频、音频、图像、配置和脚本等子文件夹，各自管理不同类型的媒体资源和播放逻辑配置，以确保资源的高效加载和流式传输。

20. TextMesh Pro
# 路径:D:\\Unity\\Survaval\Assets\TextMesh Pro
# 内容概述:该“TextMesh Pro”文件夹汇集了TextMesh Pro软件的用户指南、Liberation Sans字体资源、Unity项目资源包以及表情符号素材。其中，用户指南详细介绍了软件操作，Liberation Sans字体提供多种样式，Unity资源包包括字体、材质和精灵资产，着色器文件则专注于图形渲染，而表情符号资源则便于集成到项目中。这些内容相互关联，共同服务于游戏开发与图形设计的需求。

21. VirtualButtonsForUnity
# 路径:D:\\Unity\\Survaval\Assets\VirtualButtonsForUnity
# 内容概述:### 文件夹内容概览

“VirtualButtonsForUnity”文件夹是Unity游戏开发资源，集成了虚拟按钮、方向垫和摇杆预制体及脚本，旨在增强游戏交互体验。内含示例项目、预制体、脚本、图像资源和详细文档，方便开发者快速集成和使用。

22. YouLoftSDK
# 路径:D:\\Unity\\Survaval\Assets\YouLoftSDK
# 内容概述:### 文件夹内容总结

“YouLoftSDK”文件夹是Unity游戏开发者的综合工具包，集成了广告管理、支付、用户管理、数据同步等功能模块。其中，**PottingMobileSDK** 提供了Android和iOS平台的插件和脚本，**PottingMobileServices** 则包含了跨平台服务接口和功能脚本。广告管理、支付、礼包兑换等具体功能由 **YouLoftAd.cs**、**YouLoftPay.cs** 和 **YouLoftRedeemcode.cs** 等文件实现，而 **YouLoftSDKManager.cs** 负责管理这些模块，确保它们协同工作。此外，**YouLoftLogin.cs** 处理用户登录，**YouLoftEvent.cs** 和 **YouloftTemp.cs** 分别提供事件跟踪和配置同步功能，共同支撑游戏的整体运行。

23. ZTools
# 路径:D:\\Unity\\Survaval\Assets\ZTools
# 内容概述:### 文件夹内容总结
“ZTools”文件夹汇集了Unity游戏开发中本地化和字符串操作的工具。其中，包含用于本地化文本管理的脚本，如`StaticLocalizedText.cs`和`StaticLocalizedText_UGUI.cs`，以及`Strings.cs`用于管理本地化字符串。此外，`GlobalStringBuilder.cs`提供了全局字符串构建功能，优化了字符串操作性能。而“ZTools.asmdef”文件则定义了项目中的“ZTools”程序集，管理着相关脚本文件的引用和编译。这些工具共同构成了一个高效且模块化的开发环境。

24. _MyAssets
# 路径:D:\\Unity\\Survaval\Assets\_MyAssets
# 内容概述:“_MyAssets”文件夹是游戏开发的核心资源库，汇集了动画、艺术资产、音频、数据配置、编辑器资源、字体、图标、脚本、着色器等关键文件，以及预制体和场景设计。它为游戏提供了丰富的视觉和音频效果，并通过详细的配置文件和脚本实现了复杂的游戏逻辑和交互。文件夹内资源相互关联，共同支撑起游戏的整体架构和功能实现。

25. UniversalRenderPipelineGlobalSettings.asset
# 路径:D:\\Unity\\Survaval\Assets\UniversalRenderPipelineGlobalSettings.asset
# 内容概述:### 简化总结

该文件是Unity的通用渲染管道全局设置配置，定义了8个光照层（如Light Layer default至Light Layer 7）。它还包含了性能优化设置，如移除调试变体和未使用变体，以及不支持运行时调试显示。


2024-11-03 04:56:16,006 - INFO Retriever 0 - 
2024-11-03 04:56:16,007 - INFO Retriever 0 - ——————————————————————————————————————————————————————————————————————————————————————————————————————————————————————————
2024-11-03 04:56:16,007 - INFO Retriever 0 - Assistant:
2024-11-03 04:56:16,007 - INFO Retriever 0 - {
    "deep_think": {
        "thoughts": "在获取了项目文件的顶层结构后，我还需要结合待查询的问题描述，对于项目中的文件和目录进行一些深度关键词检索。根据任务描述：“请在D:/Unity/Survaval\\Assets下各级目录中寻找：如果我要修改生成地图资产的脚本中的数值应该修改什么文件？”，我总结出如下可能会出现在各个文件名或者文件内容中的关键词：“生成”，“map”，“atlas”，“数值”，“figure”，“production”，“value”，“generate”，“地图”。\n接下来，我将使用retrieve_keywords操作，在项目顶层路径“D:/Unity/Survaval\\Assets”下检索这些关键词，从而大致把握可能与问题描述相关的文件或目录的路径。"
    }
}
2024-11-03 04:56:16,008 - INFO Retriever 0 - 
Observer:
2024-11-03 04:56:16,008 - INFO Retriever 0 - 好的，请继续你的下一步行动或思考。
2024-11-03 04:56:16,008 - INFO Retriever 0 - 
2024-11-03 04:56:16,687 - INFO Retriever 0 - ——————————————————————————————————————————————————————————————————————————————————————————————————————————————————————————
2024-11-03 04:56:16,688 - INFO Retriever 0 - Assistant:
2024-11-03 04:56:16,688 - INFO Retriever 0 - {
    "retrieve_keywords": {
        "keyword_list": [
            "生成",
            "map",
            "atlas",
            "数值",
            "figure",
            "production",
            "value",
            "generate",
            "地图"
        ]
    }
}
2024-11-03 04:56:16,689 - INFO Retriever 0 - 
Observer:
2024-11-03 04:56:16,689 - INFO Retriever 0 - 根据你提供的关键词，我检索到以下目录或文件，它们的绝对路径如下：


1. D:\\Unity\\Survaval\Assets\Pixel Arsenal\Materials\atlas_ring_green.mat
这是一个名为“atlas_ring_green.mat”的文件。

2. D:\\Unity\\Survaval\Assets\Pixel Arsenal\Materials\atlas_misc_modular_MULTI.mat
这是一个名为“atlas_misc_modular_MULTI.mat”的文件。

3. D:\\Unity\\Survaval\Library\PackageCache\com.unity.properties.ui@1.6.2-preview.1\Editor Default Resources\uss\key-value-pair.uss
这是一个名为“key-value-pair.uss”的文件。

4. D:\\Unity\\Survaval\Assets\_MyAssets\Data\Map
“Map”文件夹汇集了Unity游戏引擎中多个地图的详细配置文件。包含Map0至Map5以及MapEndless等地图的资产文件，每个文件定义了相应地图的基本属性、描述、游戏设置、敌人生成、成就、音乐、时长、本地化以及装备掉落等。MapEndlessRewards.asset文件则通过Python代码解析MapEndless.asset中的奖励数据，共同支撑游戏地图的丰富性和互动性。

5. D:\\Unity\\Survaval\Library\Bee\TundraBuildState.state.map
这是一个名为“TundraBuildState.state.map”的文件。

6. D:\\Unity\\Survaval\Assets\_MyAssets\Data\Achivements\任意天赋在第三关获胜_解锁无尽模式.asset
该文件描述了一个Unity游戏成就，名为“任意天赋在第三关获胜_解锁无尽模式”，要求玩家在魔法森林地图的第三关使用任意天赋生存7分钟。完成成就后，玩家将获得500奖励，并可能解锁无尽模式。

7. D:\\Unity\\Survaval\Assets\_MyAssets\Data\Map\Map2.asset
### 文本内容摘要

该文件描述了Unity游戏中的地图“Map2”，标记为“Barrens”，具有独特的孤立主题。地图包含中文本地化，预计游戏时长为420秒，并配以“bgm-map2”音乐。文件详细列出了装备掉落规则，包括多种装备及其掉落权重和数量，为游戏开发提供了全面的地图配置信息。

8. D:\\Unity\\Survaval\Assets\_MyAssets\Data\Map\Map4.asset
，

该文件描述了Unity游戏中的一个地图“Map4”，即“Treasure Chamber”（宝物密室），其描述为“来吧，在这里你会知道贪婪的代价”。地图难度为4，设有成就系统和敌人生成逻辑。游戏时长为420秒，背景音乐为“bgm-map4”。此外，文件详细列出了多种装备的掉落概率，包括装备类型、权重和数量，为玩家提供了丰富的游戏体验。


请注意，这些目录或文件可能不全都和你的任务目标相关，仅供参考。请你基于具体的文件内容概述，结合你的任务目标，认真思考分析后，优先选择最有可能与任务相关的目录或文件进行进一步的检查。
2024-11-03 04:56:16,691 - INFO Retriever 0 - 
2024-11-03 04:56:25,557 - INFO Retriever 0 - Agent主脑给出的回答为：{
    "deep_think": {
        "thoughts": "根据检索到的文件路径，我注意到有几个文件和目录可能与生成地图资产相关，特别是包含“Map”关键词的文件和目录。例如，D:\\Unity\\Survaval\\Assets\\_MyAssets\\Data\\Map目录下包含了多个地图的配置文件，这些文件很可能是用于生成地图资产的配置文件。接下来，我将使用read_file操作，读取D:\\Unity\\Survaval\\Assets\\_MyAssets\\Data\\Map目录下的文件内容，以确定是否包含修改生成地图资产数值的脚本。"
    }
}
2024-11-03 04:56:25,558 - INFO Retriever 0 - 是否成功解析：True
2024-11-03 04:56:25,558 - INFO Retriever 0 - operation_type (__det_dir_action):
2024-11-03 04:56:25,558 - INFO Retriever 0 - deep_think
2024-11-03 04:56:25,559 - INFO Retriever 0 - 

——————————————————————————————————————————————————————————————————————————————————————————————————————————————————————————
2024-11-03 04:56:25,559 - INFO Retriever 0 - Assistant:
2024-11-03 04:56:25,559 - INFO Retriever 0 - {
    "deep_think": {
        "thoughts": "根据检索到的文件路径，我注意到有几个文件和目录可能与生成地图资产相关，特别是包含“Map”关键词的文件和目录。例如，D:\\Unity\\Survaval\\Assets\\_MyAssets\\Data\\Map目录下包含了多个地图的配置文件，这些文件很可能是用于生成地图资产的配置文件。接下来，我将使用read_file操作，读取D:\\Unity\\Survaval\\Assets\\_MyAssets\\Data\\Map目录下的文件内容，以确定是否包含修改生成地图资产数值的脚本。"
    }
}
2024-11-03 04:56:25,559 - INFO Retriever 0 - dict_keys(['deep_think'])
2024-11-03 04:56:25,559 - INFO Retriever 0 - Agent主脑给出的行动：deep_think
参数：{'thoughts': '根据检索到的文件路径，我注意到有几个文件和目录可能与生成地图资产相关，特别是包含“Map”关键词的文件和目录。例如，D:\\Unity\\Survaval\\Assets\\_MyAssets\\Data\\Map目录下包含了多个地图的配置文件，这些文件很可能是用于生成地图资产的配置文件。接下来，我将使用read_file操作，读取D:\\Unity\\Survaval\\Assets\\_MyAssets\\Data\\Map目录下的文件内容，以确定是否包含修改生成地图资产数值的脚本。', 'repeat_counter': 1, 'continue_think_counter': 1}
2024-11-03 04:56:25,559 - INFO Retriever 0 - Observer: 好的，请继续你的下一步行动或思考。
2024-11-03 04:56:25,562 - INFO Retriever 0 - 

————————————————————————————————————————————————————————————————
2024-11-03 04:56:25,562 - INFO Retriever 0 - 当前窗口总长度：11
2024-11-03 04:56:25,562 - INFO Retriever 0 - 当前更新窗口长度：2
2024-11-03 04:56:25,562 - INFO Retriever 0 - 当前更新窗口长度：2
2024-11-03 04:56:25,562 - INFO Retriever 0 - ————————————————————————————————————————————————————————————————


2024-11-03 04:56:31,832 - INFO Retriever 0 - Agent主脑给出的回答为：{
    "read_file": {
        "file_path": "D:/Unity/Survaval\\Assets\\_MyAssets\\Data\\Map"
    }
}
2024-11-03 04:56:31,833 - INFO Retriever 0 - 是否成功解析：True
2024-11-03 04:56:31,833 - INFO Retriever 0 - operation_type (__det_dir_action):
2024-11-03 04:56:31,833 - INFO Retriever 0 - read_file
2024-11-03 04:56:31,834 - INFO Retriever 0 - 

——————————————————————————————————————————————————————————————————————————————————————————————————————————————————————————
2024-11-03 04:56:31,834 - INFO Retriever 0 - Assistant:
2024-11-03 04:56:31,834 - INFO Retriever 0 - {
    "read_file": {
        "file_path": "D:/Unity/Survaval\\Assets\\_MyAssets\\Data\\Map"
    }
}
2024-11-03 04:56:31,834 - INFO Retriever 0 - dict_keys(['read_file'])
2024-11-03 04:56:31,836 - INFO Retriever 0 - Agent主脑给出的行动：read_file
参数：{'file_path': 'D:/Unity/Survaval\\Assets\\_MyAssets\\Data\\Map', 'top_path': 'D:/Unity/Survaval\\Assets', 'return_file_sum': <bound method TreeGenerationAction.return_file_sum of <Action.tree_gen_action.TreeGenerationAction object at 0x0000012F2486F460>>}
2024-11-03 04:56:31,838 - INFO Retriever 0 - Observer: 这是一个名为“Map”的文件夹。请使用get_folder_info操作来获取其信息。
2024-11-03 04:56:31,841 - INFO Retriever 0 - 

————————————————————————————————————————————————————————————————
2024-11-03 04:56:31,841 - INFO Retriever 0 - 当前窗口总长度：13
2024-11-03 04:56:31,842 - INFO Retriever 0 - 当前更新窗口长度：4
2024-11-03 04:56:31,842 - INFO Retriever 0 - 当前更新窗口长度：4
2024-11-03 04:56:31,842 - INFO Retriever 0 - ————————————————————————————————————————————————————————————————


2024-11-03 04:56:34,798 - INFO Retriever 0 - Agent主脑给出的回答为：{
    "get_folder_info": {
        "target_folder_path": "D:/Unity/Survaval\\Assets\\_MyAssets\\Data\\Map"
    }
}
2024-11-03 04:56:34,800 - INFO Retriever 0 - 是否成功解析：True
2024-11-03 04:56:34,800 - INFO Retriever 0 - operation_type (__det_dir_action):
2024-11-03 04:56:34,800 - INFO Retriever 0 - get_folder_info
2024-11-03 04:56:34,800 - INFO Retriever 0 - 

——————————————————————————————————————————————————————————————————————————————————————————————————————————————————————————
2024-11-03 04:56:34,801 - INFO Retriever 0 - Assistant:
2024-11-03 04:56:34,801 - INFO Retriever 0 - {
    "get_folder_info": {
        "target_folder_path": "D:/Unity/Survaval\\Assets\\_MyAssets\\Data\\Map"
    }
}
2024-11-03 04:56:34,801 - INFO Retriever 0 - dict_keys(['get_folder_info'])
2024-11-03 04:56:34,801 - INFO Retriever 0 - Agent主脑给出的行动：get_folder_info
参数：{'target_folder_path': 'D:/Unity/Survaval\\Assets\\_MyAssets\\Data\\Map'}
2024-11-03 04:56:35,022 - INFO Retriever 0 - Observer: 目标文件夹路径：D:/Unity/Survaval\Assets\_MyAssets\Data\Map
文件结构树（该结构树可能不完整，仅返回深度小于等于1层的子文件以及文件夹）：
├── Map0.asset
├── Map1.asset
├── Map2.asset
├── Map3.asset
├── Map4.asset
├── Map5.asset
├── MapEndless.asset
├── MapEndlessRewards.asset


其中，部分主要文件及文件夹的信息如下：
1. Map
# 路径:D:\\Unity\\Survaval\Assets\_MyAssets\Data\Map
# 内容概述:“Map”文件夹汇集了Unity游戏引擎中多个地图的详细配置文件。包含Map0至Map5以及MapEndless等地图的资产文件，每个文件定义了相应地图的基本属性、描述、游戏设置、敌人生成、成就、音乐、时长、本地化以及装备掉落等。MapEndlessRewards.asset文件则通过Python代码解析MapEndless.asset中的奖励数据，共同支撑游戏地图的丰富性和互动性。

2. Map0.asset
# 路径:D:\\Unity\\Survaval\Assets\_MyAssets\Data\Map\Map0.asset
# 内容概述:该文件定义了Unity游戏中的“Map0”地图，标记为“荒野”，是玩家试炼旅程的起点。地图配置包括难度等级1、敌人生成器关联、本地化名称和描述，游戏时长为120秒，并指定了背景音乐。此外，地图在游戏中不可见，且非无尽模式。

3. Map1.asset
# 路径:D:\\Unity\\Survaval\Assets\_MyAssets\Data\Map\Map1.asset
# 内容概述:### 简要总结
“Map1.asset”文件是Unity游戏中的一个地图配置文件，定义了名为“Map1”的荒野地图。地图作为试炼的第一站，具有难度等级1，并配置了敌人生成器、音乐播放列表等。游戏在该地图上的时长为420秒，同时提供了丰富的可掉落物品，包括多种装备和道具。

4. Map2.asset
# 路径:D:\\Unity\\Survaval\Assets\_MyAssets\Data\Map\Map2.asset
# 内容概述:### 文本内容摘要

该文件描述了Unity游戏中的地图“Map2”，标记为“Barrens”，具有独特的孤立主题。地图包含中文本地化，预计游戏时长为420秒，并配以“bgm-map2”音乐。文件详细列出了装备掉落规则，包括多种装备及其掉落权重和数量，为游戏开发提供了全面的地图配置信息。

5. Map3.asset
# 路径:D:\\Unity\\Survaval\Assets\_MyAssets\Data\Map\Map3.asset
# 内容概述:该文件描述了Unity游戏中的“Map3”地图，位于充满魔法的森林，难度等级为3。地图拥有独特的魔法流动环境，并配备了特定的成就和敌人生成数据。玩家在地图上的平均游玩时间为420秒，并伴随“bgm-map3”音乐。此外，文件详细列出了多种装备的掉落概率和数量，为游戏提供了丰富的互动元素。

6. Map4.asset
# 路径:D:\\Unity\\Survaval\Assets\_MyAssets\Data\Map\Map4.asset
# 内容概述:，

该文件描述了Unity游戏中的一个地图“Map4”，即“Treasure Chamber”（宝物密室），其描述为“来吧，在这里你会知道贪婪的代价”。地图难度为4，设有成就系统和敌人生成逻辑。游戏时长为420秒，背景音乐为“bgm-map4”。此外，文件详细列出了多种装备的掉落概率，包括装备类型、权重和数量，为玩家提供了丰富的游戏体验。

7. Map5.asset
# 路径:D:\\Unity\\Survaval\Assets\_MyAssets\Data\Map\Map5.asset
# 内容概述:该文件描述了Unity游戏中的“Map5”地图配置，包括其名称“永恒王座”（Eternal Throne）、难度等级5，以及游戏完成所需时间420秒。地图配置还包括引用成就和敌人生成器数据，指定音乐播放列表为“bgm-map5”，并详细列出了多种装备的掉落概率和条件。

8. MapEndless.asset
# 路径:D:\\Unity\\Survaval\Assets\_MyAssets\Data\Map\MapEndless.asset
# 内容概述:该文件描述了Unity游戏地图“MapEndless”的详细配置，包括英文名“Never enough”和中文译名“无尽地图”，带有激励性的描述“去吧！财富和荣誉正在向你招手”。地图支持450秒的游戏时长，并配以bgm-map5音乐。特别标注为无尽模式，并配置了相应的奖励数据。

9. MapEndlessRewards.asset
# 路径:D:\\Unity\\Survaval\Assets\_MyAssets\Data\Map\MapEndlessRewards.asset
# 内容概述:简洁的代码。

```python
# 解析奖励数据
def parse_rewards(data):
    rewards = []
    for reward in data:
        reward_type = reward.get("rewardType")
        reward_value = reward.get("rewardValue")
        if reward_type == 0:
            rewards.append((reward_type, reward_value))
        elif reward_type == 7:
            rewards.append((reward_type, reward_value, reward.get("equpDropList")))
        elif reward_type == 9:
            rewards.append((reward_type, reward_value, reward.get("equpData")))
    return rewards

# 解析无尽模式重复奖励
def parse_endless_mode_rewards(data):
    rewards = []
    for reward in data:
        reward_type = reward.get("rewardType")
        reward_value = reward.get("rewardValue")
        equp_data = reward.get("equpData")
        rewards.append((reward_type, reward_value, equp_data))
    return rewards

# 示例数据
data = [
    {
        "rewardType": 0,
        "rewardValue": 0,
        "mapData": {"fileID": 0},
        "itemData": {"fileID": 0},
        "propertyData": {"fileID": 0},
        "roleData": {"fileID": 0},
        "talentData": {"fileID": 0},
        "equpData": {"fileID": 0},
        "itemDataData": {"fileID": 0},
        "skillPos": 0,
        "equipDrop": 1,
        "equipDropList": [
            {"fileID": 11400000, "guid": "b6a854def0df2cf4c9b55af4ff3ae476", "type": 2},
            {"fileID": 11400000, "guid": "1478f00b6454e70438553b48ef228504", "type": 2},
            # ... 其他装备数据
        ]
    },
    # ... 其他奖励数据
]

# 解析示例数据
rewards = parse_rewards(data)
print(rewards)

# 示例无尽模式重复奖励数据
endless_mode_data = [
    {
        "rewardType": 9,
        "rewardValue": 1,
        "equpData": {"fileID": 11400000, "guid": "b6a854def0df2cf4c9b55af4ff3ae476", "type": 2}
    },
    {
        "rewardType": 9,
        "rewardValue": 1,
        "equpData": {"fileID": 11400000, "guid": "037c246d3af732d45ad96111c2f38877", "type": 2}
    },
    # ... 其他无尽模式重复奖励数据
]

# 解析示例无尽模式重复奖励数据
endless_rewards = parse_endless_mode_rewards(endless_mode_data)
print(endless_rewards)
```

以下是一个更简洁的代码版本：

```python
def parse_rewards(data):
    return [(reward.get("rewardType"), reward.get("rewardValue"), reward.get("equpDropList", reward.get("equpData"))) for reward in data]

def parse_endless_mode_rewards(data):
    return [(reward.get("rewardType"), reward.get("rewardValue"), reward.get("equpData")) for reward in data]

data = [
    # ... 奖励数据
]

endless_mode_data = [
    # ... 无尽模式重复奖励数据
]

rewards = parse_rewards(data)
endless_rewards = parse_endless_mode_rewards(endless_mode_data)
print(rewards)
print(endless_rewards)
```

这段代码通过列表推导式简化了奖励数据的解析过程，同时保持了原有功能。


2024-11-03 04:56:35,025 - INFO Retriever 0 - 

————————————————————————————————————————————————————————————————
2024-11-03 04:56:35,027 - INFO Retriever 0 - 当前窗口总长度：15
2024-11-03 04:56:35,027 - INFO Retriever 0 - 当前更新窗口长度：6
2024-11-03 04:56:35,027 - INFO Retriever 0 - 当前更新窗口长度：6
2024-11-03 04:56:35,027 - INFO Retriever 0 - ————————————————————————————————————————————————————————————————


2024-11-03 04:56:36,590 - INFO Retriever 0 - Agent主脑给出的回答为：{
    "read_file": {
        "file_path": "D:/Unity/Survaval/Assets/_MyAssets/Data/Map/Map0.asset"
    }
}
2024-11-03 04:56:36,591 - INFO Retriever 0 - 是否成功解析：True
2024-11-03 04:56:36,591 - INFO Retriever 0 - operation_type (__det_dir_action):
2024-11-03 04:56:36,591 - INFO Retriever 0 - read_file
2024-11-03 04:56:36,591 - INFO Retriever 0 - 

——————————————————————————————————————————————————————————————————————————————————————————————————————————————————————————
2024-11-03 04:56:36,592 - INFO Retriever 0 - Assistant:
2024-11-03 04:56:36,592 - INFO Retriever 0 - {
    "read_file": {
        "file_path": "D:/Unity/Survaval/Assets/_MyAssets/Data/Map/Map0.asset"
    }
}
2024-11-03 04:56:36,592 - INFO Retriever 0 - dict_keys(['read_file'])
2024-11-03 04:56:36,593 - INFO Retriever 0 - Agent主脑给出的行动：read_file
参数：{'file_path': 'D:/Unity/Survaval/Assets/_MyAssets/Data/Map/Map0.asset', 'top_path': 'D:/Unity/Survaval\\Assets', 'return_file_sum': <bound method TreeGenerationAction.return_file_sum of <Action.tree_gen_action.TreeGenerationAction object at 0x0000012F2486F460>>}
2024-11-03 04:56:36,599 - INFO Retriever 0 - Observer: 这是一个名为“D:/Unity/Survaval/Assets/_MyAssets/Data/Map/Map0.asset”的文件，该文件里的内容为：
MonoBehaviour:
  m_ObjectHideFlags: 0
  m_CorrespondingSourceObject:
    fileID: 0
  m_PrefabInstance:
    fileID: 0
  m_PrefabAsset:
    fileID: 0
  m_GameObject:
    fileID: 0
  m_Enabled: 1
  m_EditorHideFlags: 0
  m_Script:
    fileID: 11500000
    guid: d4b507030505e1e4cb0c02290494a4d0
    type: 3
  m_Name: Map0
  m_EditorClassIdentifier: None
  internalID: 644666258
  icon:
    fileID: 21300000
    guid: 9fcf7e7fb35dbf5458ace4feae220a2e
    type: 3
  mapName: Wilderness
  mapDescribe: The first stop of your trial is this endless wilderness.
  mapName_cn: 荒野
  mapDescribe_cn: 试炼的第一站，是无尽的荒野
  mapDex: 1
  achivementData:
    fileID: 0
  enemySpawnerData:
    fileID: 11400000
    guid: e6b0bb8f22c221249bce15aa7a93985b
    type: 2
  mapNameLocal: Map_Name_Map1
  mapDescLocal: Map_Description_Map1
  playTime: 120
  musicPlayList: bgm-map1
  invisible: 1
  isEndlessMode: 0
  endlessModeRewardData:
    fileID: 0
2024-11-03 04:56:36,601 - INFO Retriever 0 - 

————————————————————————————————————————————————————————————————
2024-11-03 04:56:36,601 - INFO Retriever 0 - 当前窗口总长度：17
2024-11-03 04:56:36,601 - INFO Retriever 0 - 当前更新窗口长度：8
2024-11-03 04:56:36,601 - INFO Retriever 0 - 当前更新窗口长度：8
2024-11-03 04:56:36,602 - INFO Retriever 0 - ————————————————————————————————————————————————————————————————


2024-11-03 04:56:38,385 - INFO Retriever 0 - Agent主脑给出的回答为：{
    "read_file": {
        "file_path": "D:/Unity/Survaval/Assets/_MyAssets/Data/Map/Map1.asset"
    }
}
2024-11-03 04:56:38,385 - INFO Retriever 0 - 是否成功解析：True
2024-11-03 04:56:38,385 - INFO Retriever 0 - operation_type (__det_dir_action):
2024-11-03 04:56:38,385 - INFO Retriever 0 - read_file
2024-11-03 04:56:38,385 - INFO Retriever 0 - 

——————————————————————————————————————————————————————————————————————————————————————————————————————————————————————————
2024-11-03 04:56:38,385 - INFO Retriever 0 - Assistant:
2024-11-03 04:56:38,387 - INFO Retriever 0 - {
    "read_file": {
        "file_path": "D:/Unity/Survaval/Assets/_MyAssets/Data/Map/Map1.asset"
    }
}
2024-11-03 04:56:38,387 - INFO Retriever 0 - dict_keys(['read_file'])
2024-11-03 04:56:38,387 - INFO Retriever 0 - Agent主脑给出的行动：read_file
参数：{'file_path': 'D:/Unity/Survaval/Assets/_MyAssets/Data/Map/Map1.asset', 'top_path': 'D:/Unity/Survaval\\Assets', 'return_file_sum': <bound method TreeGenerationAction.return_file_sum of <Action.tree_gen_action.TreeGenerationAction object at 0x0000012F2486F460>>}
2024-11-03 04:56:38,408 - INFO Retriever 0 - Observer: 这是一个名为“D:/Unity/Survaval/Assets/_MyAssets/Data/Map/Map1.asset”的文件，该文件里的内容为：
MonoBehaviour:
  m_ObjectHideFlags: 0
  m_CorrespondingSourceObject:
    fileID: 0
  m_PrefabInstance:
    fileID: 0
  m_PrefabAsset:
    fileID: 0
  m_GameObject:
    fileID: 0
  m_Enabled: 1
  m_EditorHideFlags: 0
  m_Script:
    fileID: 11500000
    guid: d4b507030505e1e4cb0c02290494a4d0
    type: 3
  m_Name: Map1
  m_EditorClassIdentifier: None
  internalID: 644666258
  icon:
    fileID: 21300000
    guid: 9fcf7e7fb35dbf5458ace4feae220a2e
    type: 3
  mapName: Wilderness
  mapDescribe: The first stop of your trial is this endless wilderness.
  mapName_cn: 荒野
  mapDescribe_cn: 试炼的第一站，是无尽的荒野
  mapDex: 1
  achivementData:
    fileID: 0
  enemySpawnerData:
    fileID: 11400000
    guid: afca11086aa7fe746b1702c91d008172
    type: 2
  mapNameLocal: Map_Name_Map1
  mapDescLocal: Map_Description_Map1
  playTime: 420
  musicPlayList: bgm-map1
  invisible: 0
  isEndlessMode: 0
  endlessModeRewardData:
    fileID: 0
  equipDropList: 这是一个包含23个字典元素的列表，该列表中每个字典元素包含如下key：weight,lockFrame,equipData,number，由于列表内容太长因此省略，目前不会影响你的任务。
  AssetName: None
2024-11-03 04:56:38,412 - INFO Retriever 0 - 

————————————————————————————————————————————————————————————————
2024-11-03 04:56:38,413 - INFO Retriever 0 - 当前窗口总长度：19
2024-11-03 04:56:38,413 - INFO Retriever 0 - 当前更新窗口长度：10
2024-11-03 04:56:38,413 - INFO Retriever 0 - 当前更新窗口长度：10
2024-11-03 04:56:38,413 - INFO Retriever 0 - ————————————————————————————————————————————————————————————————


2024-11-03 04:56:41,049 - INFO Retriever 0 - Agent主脑给出的回答为：{
    "read_file": {
        "file_path": "D:/Unity/Survaval/Assets/_MyAssets/Data/Map/Map2.asset"
    }
}
2024-11-03 04:56:41,050 - INFO Retriever 0 - 是否成功解析：True
2024-11-03 04:56:41,050 - INFO Retriever 0 - operation_type (__det_dir_action):
2024-11-03 04:56:41,050 - INFO Retriever 0 - read_file
2024-11-03 04:56:41,050 - INFO Retriever 0 - 

——————————————————————————————————————————————————————————————————————————————————————————————————————————————————————————
2024-11-03 04:56:41,050 - INFO Retriever 0 - Assistant:
2024-11-03 04:56:41,050 - INFO Retriever 0 - {
    "read_file": {
        "file_path": "D:/Unity/Survaval/Assets/_MyAssets/Data/Map/Map2.asset"
    }
}
2024-11-03 04:56:41,052 - INFO Retriever 0 - dict_keys(['read_file'])
2024-11-03 04:56:41,052 - INFO Retriever 0 - Agent主脑给出的行动：read_file
参数：{'file_path': 'D:/Unity/Survaval/Assets/_MyAssets/Data/Map/Map2.asset', 'top_path': 'D:/Unity/Survaval\\Assets', 'return_file_sum': <bound method TreeGenerationAction.return_file_sum of <Action.tree_gen_action.TreeGenerationAction object at 0x0000012F2486F460>>}
2024-11-03 04:56:41,074 - INFO Retriever 0 - Observer: 这是一个名为“D:/Unity/Survaval/Assets/_MyAssets/Data/Map/Map2.asset”的文件，该文件里的内容为：
MonoBehaviour:
  m_ObjectHideFlags: 0
  m_CorrespondingSourceObject:
    fileID: 0
  m_PrefabInstance:
    fileID: 0
  m_PrefabAsset:
    fileID: 0
  m_GameObject:
    fileID: 0
  m_Enabled: 1
  m_EditorHideFlags: 0
  m_Script:
    fileID: 11500000
    guid: d4b507030505e1e4cb0c02290494a4d0
    type: 3
  m_Name: Map2
  m_EditorClassIdentifier: None
  internalID: 1011481919
  icon:
    fileID: 21300000
    guid: 9df06ac4356ea0242a1042b534431a8d
    type: 3
  mapName: Barrens
  mapDescribe: What on earth makes this place so isolated?
  mapName_cn: 荒地
  mapDescribe_cn: 是什么让这里如此的荒芜？
  mapDex: 2
  achivementData:
    fileID: 11400000
    guid: a69150f827b36a645bfe3a66be288040
    type: 2
  enemySpawnerData:
    fileID: 11400000
    guid: 2175f072b5661564ea07da4bcf330af1
    type: 2
  mapNameLocal: Map_Name_Map2
  mapDescLocal: Map_Description_Map2
  playTime: 420
  musicPlayList: bgm-map2
  invisible: 0
  isEndlessMode: 0
  endlessModeRewardData:
    fileID: 0
  equipDropList: 这是一个包含30个字典元素的列表，该列表中每个字典元素包含如下key：weight,equipData,number，由于列表内容太长因此省略，目前不会影响你的任务。
2024-11-03 04:56:41,077 - INFO Retriever 0 - 

————————————————————————————————————————————————————————————————
2024-11-03 04:56:41,078 - INFO Retriever 0 - 当前窗口总长度：21
2024-11-03 04:56:41,078 - INFO Retriever 0 - 当前更新窗口长度：12
2024-11-03 04:56:41,078 - INFO Retriever 0 - 当前更新窗口长度：12
2024-11-03 04:56:41,079 - INFO Retriever 0 - ————————————————————————————————————————————————————————————————


2024-11-03 04:56:44,973 - INFO Retriever 0 - Agent主脑给出的回答为：{
    "read_file": {
        "file_path": "D:/Unity/Survaval/Assets/_MyAssets/Data/Map/Map3.asset"
    }
}
2024-11-03 04:56:44,997 - INFO Retriever 0 - 是否成功解析：True
2024-11-03 04:56:45,009 - INFO Retriever 0 - operation_type (__det_dir_action):
2024-11-03 04:56:45,020 - INFO Retriever 0 - read_file
2024-11-03 04:56:45,036 - INFO Retriever 0 - 

——————————————————————————————————————————————————————————————————————————————————————————————————————————————————————————
2024-11-03 04:56:45,061 - INFO Retriever 0 - Assistant:
2024-11-03 04:56:45,119 - INFO Retriever 0 - {
    "read_file": {
        "file_path": "D:/Unity/Survaval/Assets/_MyAssets/Data/Map/Map3.asset"
    }
}
2024-11-03 04:56:45,219 - INFO Retriever 0 - dict_keys(['read_file'])
2024-11-03 04:56:45,298 - INFO Retriever 0 - Agent主脑给出的行动：read_file
参数：{'file_path': 'D:/Unity/Survaval/Assets/_MyAssets/Data/Map/Map3.asset', 'top_path': 'D:/Unity/Survaval\\Assets', 'return_file_sum': <bound method TreeGenerationAction.return_file_sum of <Action.tree_gen_action.TreeGenerationAction object at 0x0000012F2486F460>>}
2024-11-03 04:56:45,530 - INFO Retriever 0 - Observer: 这是一个名为“D:/Unity/Survaval/Assets/_MyAssets/Data/Map/Map3.asset”的文件，该文件里的内容为：
MonoBehaviour:
  m_ObjectHideFlags: 0
  m_CorrespondingSourceObject:
    fileID: 0
  m_PrefabInstance:
    fileID: 0
  m_PrefabAsset:
    fileID: 0
  m_GameObject:
    fileID: 0
  m_Enabled: 1
  m_EditorHideFlags: 0
  m_Script:
    fileID: 11500000
    guid: d4b507030505e1e4cb0c02290494a4d0
    type: 3
  m_Name: Map3
  m_EditorClassIdentifier: None
  internalID: 1587892170
  icon:
    fileID: 21300000
    guid: d987a265923dff1479b508d229d812e7
    type: 3
  mapName: Magic Forest
  mapDescribe: There is an extraordinary amount of magic flowing here.
  mapName_cn: 奇幻森林
  mapDescribe_cn: 这里涌动着不同寻常的魔法
  mapDex: 3
  achivementData:
    fileID: 11400000
    guid: c0a0d7607d9a82f4db8a57b664fa6462
    type: 2
  enemySpawnerData:
    fileID: 11400000
    guid: 0090cb38bd58d5c4c9224869ca77f509
    type: 2
  mapNameLocal: Map_Name_Map3
  mapDescLocal: Map_Description_Map3
  playTime: 420
  musicPlayList: bgm-map3
  invisible: 0
  isEndlessMode: 0
  endlessModeRewardData:
    fileID: 0
  equipDropList: 这是一个包含31个字典元素的列表，该列表中每个字典元素包含如下key：weight,lockFrame,equipData,number，由于列表内容太长因此省略，目前不会影响你的任务。
2024-11-03 04:56:45,809 - INFO Retriever 0 - 

————————————————————————————————————————————————————————————————
2024-11-03 04:56:45,825 - INFO Retriever 0 - 当前窗口总长度：23
2024-11-03 04:56:45,840 - INFO Retriever 0 - 当前更新窗口长度：14
2024-11-03 04:56:45,868 - INFO Retriever 0 - 当前更新窗口长度：14
2024-11-03 04:56:45,962 - INFO Retriever 0 - ————————————————————————————————————————————————————————————————


2024-11-03 04:56:54,698 - INFO Retriever 0 - Agent主脑给出的回答为：{
    "read_file": {
        "file_path": "D:/Unity/Survaval/Assets/_MyAssets/Data/Map/Map4.asset"
    }
}
2024-11-03 04:56:54,698 - INFO Retriever 0 - 是否成功解析：True
2024-11-03 04:56:54,699 - INFO Retriever 0 - operation_type (__det_dir_action):
2024-11-03 04:56:54,699 - INFO Retriever 0 - read_file
2024-11-03 04:56:54,699 - INFO Retriever 0 - 

——————————————————————————————————————————————————————————————————————————————————————————————————————————————————————————
2024-11-03 04:56:54,699 - INFO Retriever 0 - Assistant:
2024-11-03 04:56:54,699 - INFO Retriever 0 - {
    "read_file": {
        "file_path": "D:/Unity/Survaval/Assets/_MyAssets/Data/Map/Map4.asset"
    }
}
2024-11-03 04:56:54,699 - INFO Retriever 0 - dict_keys(['read_file'])
2024-11-03 04:56:54,700 - INFO Retriever 0 - Agent主脑给出的行动：read_file
参数：{'file_path': 'D:/Unity/Survaval/Assets/_MyAssets/Data/Map/Map4.asset', 'top_path': 'D:/Unity/Survaval\\Assets', 'return_file_sum': <bound method TreeGenerationAction.return_file_sum of <Action.tree_gen_action.TreeGenerationAction object at 0x0000012F2486F460>>}
2024-11-03 04:56:54,736 - INFO Retriever 0 - Observer: 这是一个名为“D:/Unity/Survaval/Assets/_MyAssets/Data/Map/Map4.asset”的文件，该文件里的内容为：
MonoBehaviour:
  m_ObjectHideFlags: 0
  m_CorrespondingSourceObject:
    fileID: 0
  m_PrefabInstance:
    fileID: 0
  m_PrefabAsset:
    fileID: 0
  m_GameObject:
    fileID: 0
  m_Enabled: 1
  m_EditorHideFlags: 0
  m_Script:
    fileID: 11500000
    guid: d4b507030505e1e4cb0c02290494a4d0
    type: 3
  m_Name: Map4
  m_EditorClassIdentifier: None
  internalID: 934521415
  icon:
    fileID: 21300000
    guid: 9913dd11102285340813a8252f8e0ae0
    type: 3
  mapName: Treasure Chamber
  mapDescribe: Come on now, here you will know the price of greed.
  mapName_cn: 藏宝密室
  mapDescribe_cn: 来吧，在这里你会知道贪婪的代价。
  mapDex: 4
  achivementData:
    fileID: 11400000
    guid: f6c40822d5d860a4ab80b25185e71cef
    type: 2
  enemySpawnerData:
    fileID: 11400000
    guid: 4b60a73906b2d49479ab73704513c6b4
    type: 2
  mapNameLocal: Map_Name_Map4
  mapDescLocal: Map_Description_Map4
  playTime: 420
  musicPlayList: bgm-map4
  invisible: 0
  isEndlessMode: 0
  endlessModeRewardData:
    fileID: 0
  equipDropList: 这是一个包含34个字典元素的列表，该列表中每个字典元素包含如下key：weight,equipData,number，由于列表内容太长因此省略，目前不会影响你的任务。
2024-11-03 04:56:54,744 - INFO Retriever 0 - 

————————————————————————————————————————————————————————————————
2024-11-03 04:56:54,749 - INFO Retriever 0 - 当前窗口总长度：25
2024-11-03 04:56:54,751 - INFO Retriever 0 - 当前更新窗口长度：16
2024-11-03 04:56:54,753 - INFO Retriever 0 - 当前更新窗口长度：16
2024-11-03 04:56:54,754 - INFO Retriever 0 - ————————————————————————————————————————————————————————————————


2024-11-03 04:56:58,237 - INFO Retriever 0 - Agent主脑给出的回答为：{
    "read_file": {
        "file_path": "D:/Unity/Survaval/Assets/_MyAssets/Data/Map/Map5.asset"
    }
}
2024-11-03 04:56:58,238 - INFO Retriever 0 - 是否成功解析：True
2024-11-03 04:56:58,238 - INFO Retriever 0 - operation_type (__det_dir_action):
2024-11-03 04:56:58,238 - INFO Retriever 0 - read_file
2024-11-03 04:56:58,238 - INFO Retriever 0 - 

——————————————————————————————————————————————————————————————————————————————————————————————————————————————————————————
2024-11-03 04:56:58,238 - INFO Retriever 0 - Assistant:
2024-11-03 04:56:58,239 - INFO Retriever 0 - {
    "read_file": {
        "file_path": "D:/Unity/Survaval/Assets/_MyAssets/Data/Map/Map5.asset"
    }
}
2024-11-03 04:56:58,239 - INFO Retriever 0 - dict_keys(['read_file'])
2024-11-03 04:56:58,239 - INFO Retriever 0 - Agent主脑给出的行动：read_file
参数：{'file_path': 'D:/Unity/Survaval/Assets/_MyAssets/Data/Map/Map5.asset', 'top_path': 'D:/Unity/Survaval\\Assets', 'return_file_sum': <bound method TreeGenerationAction.return_file_sum of <Action.tree_gen_action.TreeGenerationAction object at 0x0000012F2486F460>>}
2024-11-03 04:56:58,272 - INFO Retriever 0 - Observer: 这是一个名为“D:/Unity/Survaval/Assets/_MyAssets/Data/Map/Map5.asset”的文件，该文件里的内容为：
MonoBehaviour:
  m_ObjectHideFlags: 0
  m_CorrespondingSourceObject:
    fileID: 0
  m_PrefabInstance:
    fileID: 0
  m_PrefabAsset:
    fileID: 0
  m_GameObject:
    fileID: 0
  m_Enabled: 1
  m_EditorHideFlags: 0
  m_Script:
    fileID: 11500000
    guid: d4b507030505e1e4cb0c02290494a4d0
    type: 3
  m_Name: Map5
  m_EditorClassIdentifier: None
  internalID: 1729025213
  icon:
    fileID: 21300000
    guid: d6aa76d44d3084748ac9018d246e0c52
    type: 3
  mapName: Eternal Throne
  mapDescribe: Ignorant mortal, You can't beat me. Forever!
  mapName_cn: 永恒王座
  mapDescribe_cn: 无知的凡人啊，你不可能打败我。
  mapDex: 5
  achivementData:
    fileID: 11400000
    guid: 2221da343259f454fa6675054e82cb0c
    type: 2
  enemySpawnerData:
    fileID: 11400000
    guid: b66cafb8209df77439ad8a00c083275e
    type: 2
  mapNameLocal: Map_Name_Map5
  mapDescLocal: Map_Description_Map5
  playTime: 420
  musicPlayList: bgm-map5
  invisible: 0
  isEndlessMode: 0
  endlessModeRewardData:
    fileID: 0
  equipDropList: 这是一个包含46个字典元素的列表，该列表中每个字典元素包含如下key：weight,lockFrame,equipData,number，由于列表内容太长因此省略，目前不会影响你的任务。
  AssetName: None
2024-11-03 04:56:58,275 - INFO Retriever 0 - 

————————————————————————————————————————————————————————————————
2024-11-03 04:56:58,275 - INFO Retriever 0 - 当前窗口总长度：27
2024-11-03 04:56:58,275 - INFO Retriever 0 - 当前更新窗口长度：18
2024-11-03 04:56:58,275 - INFO Retriever 0 - 当前更新窗口长度：18
2024-11-03 04:56:58,277 - INFO Retriever 0 - ————————————————————————————————————————————————————————————————


2024-11-03 04:57:02,387 - INFO Retriever 0 - Agent主脑给出的回答为：{
    "read_file": {
        "file_path": "D:/Unity/Survaval/Assets/_MyAssets/Data/Map/MapEndless.asset"
    }
}
2024-11-03 04:57:02,388 - INFO Retriever 0 - 是否成功解析：True
2024-11-03 04:57:02,388 - INFO Retriever 0 - operation_type (__det_dir_action):
2024-11-03 04:57:02,389 - INFO Retriever 0 - read_file
2024-11-03 04:57:02,389 - INFO Retriever 0 - 

——————————————————————————————————————————————————————————————————————————————————————————————————————————————————————————
2024-11-03 04:57:02,389 - INFO Retriever 0 - Assistant:
2024-11-03 04:57:02,389 - INFO Retriever 0 - {
    "read_file": {
        "file_path": "D:/Unity/Survaval/Assets/_MyAssets/Data/Map/MapEndless.asset"
    }
}
2024-11-03 04:57:02,391 - INFO Retriever 0 - dict_keys(['read_file'])
2024-11-03 04:57:02,391 - INFO Retriever 0 - Agent主脑给出的行动：read_file
参数：{'file_path': 'D:/Unity/Survaval/Assets/_MyAssets/Data/Map/MapEndless.asset', 'top_path': 'D:/Unity/Survaval\\Assets', 'return_file_sum': <bound method TreeGenerationAction.return_file_sum of <Action.tree_gen_action.TreeGenerationAction object at 0x0000012F2486F460>>}
2024-11-03 04:57:02,396 - INFO Retriever 0 - Observer: 这是一个名为“D:/Unity/Survaval/Assets/_MyAssets/Data/Map/MapEndless.asset”的文件，该文件里的内容为：
MonoBehaviour:
  m_ObjectHideFlags: 0
  m_CorrespondingSourceObject:
    fileID: 0
  m_PrefabInstance:
    fileID: 0
  m_PrefabAsset:
    fileID: 0
  m_GameObject:
    fileID: 0
  m_Enabled: 1
  m_EditorHideFlags: 0
  m_Script:
    fileID: 11500000
    guid: d4b507030505e1e4cb0c02290494a4d0
    type: 3
  m_Name: MapEndless
  m_EditorClassIdentifier: None
  internalID: 1555193153
  icon:
    fileID: 21300000
    guid: d6aa76d44d3084748ac9018d246e0c52
    type: 3
  mapName: Never enough
  mapDescribe: Reward and honor are waveing to you. Catch it！
  mapName_cn: 永不知足
  mapDescribe_cn: 去吧！财富和荣耀在向你招手。
  mapDex: 0
  achivementData:
    fileID: 11400000
    guid: b812ccb975dd7764a8a0bac61a2d3f66
    type: 2
  enemySpawnerData:
    fileID: 11400000
    guid: d4badb696856af944976021a1b1e5ad4
    type: 2
  mapNameLocal: Map_Name_MapEndless
  mapDescLocal: Map_Description_MapEndless
  playTime: 450
  musicPlayList: bgm-map5
  invisible: 0
  isEndlessMode: 1
  endlessModeRewardData:
    fileID: 11400000
    guid: dc964ecf7a2dc084d811fa01fb19d96a
    type: 2
  equipDropList:
  AssetName: None
2024-11-03 04:57:02,398 - INFO Retriever 0 - 

————————————————————————————————————————————————————————————————
2024-11-03 04:57:02,398 - INFO Retriever 0 - 当前窗口总长度：29
2024-11-03 04:57:02,398 - INFO Retriever 0 - 当前更新窗口长度：20
2024-11-03 04:57:02,398 - INFO Retriever 0 - 当前更新窗口长度：20
2024-11-03 04:57:02,398 - INFO Retriever 0 - ————————————————————————————————————————————————————————————————


2024-11-03 04:57:05,693 - INFO Retriever 0 - Agent主脑给出的回答为：{
    "read_file": {
        "file_path": "D:/Unity/Survaval/Assets/_MyAssets/Data/Map/MapEndlessRewards.asset"
    }
}
2024-11-03 04:57:05,693 - INFO Retriever 0 - 是否成功解析：True
2024-11-03 04:57:05,693 - INFO Retriever 0 - operation_type (__det_dir_action):
2024-11-03 04:57:05,694 - INFO Retriever 0 - read_file
2024-11-03 04:57:05,694 - INFO Retriever 0 - 

——————————————————————————————————————————————————————————————————————————————————————————————————————————————————————————
2024-11-03 04:57:05,694 - INFO Retriever 0 - Assistant:
2024-11-03 04:57:05,694 - INFO Retriever 0 - {
    "read_file": {
        "file_path": "D:/Unity/Survaval/Assets/_MyAssets/Data/Map/MapEndlessRewards.asset"
    }
}
2024-11-03 04:57:05,694 - INFO Retriever 0 - dict_keys(['read_file'])
2024-11-03 04:57:05,695 - INFO Retriever 0 - Agent主脑给出的行动：read_file
参数：{'file_path': 'D:/Unity/Survaval/Assets/_MyAssets/Data/Map/MapEndlessRewards.asset', 'top_path': 'D:/Unity/Survaval\\Assets', 'return_file_sum': <bound method TreeGenerationAction.return_file_sum of <Action.tree_gen_action.TreeGenerationAction object at 0x0000012F2486F460>>}
2024-11-03 04:57:13,448 - INFO Retriever 0 - Observer: 这是一个名为“D:/Unity/Survaval/Assets/_MyAssets/Data/Map/MapEndlessRewards.asset”的文件，该文件里的内容为：
MonoBehaviour:
  m_ObjectHideFlags: 0
  m_CorrespondingSourceObject:
    fileID: 0
  m_PrefabInstance:
    fileID: 0
  m_PrefabAsset:
    fileID: 0
  m_GameObject:
    fileID: 0
  m_Enabled: 1
  m_EditorHideFlags: 0
  m_Script:
    fileID: 11500000
    guid: 0f8319fbb35a3314b8feb9e11869d0d1
    type: 3
  m_Name: MapEndlessRewards
  m_EditorClassIdentifier: None
  endlessModeRewards: 这是一个包含150个字典元素的列表，该列表中每个字典元素包含如下key：talentData,itemDataData,propertyData,equipDrop,itemData,rewardValue,rewardType,skillPos,equipDropList,mapData,equpData,roleData，由于列表内容太长因此省略，目前不会影响你的任务。
  endlessModeRepeatRewards: 这是一个包含150个字典元素的列表，该列表中每个字典元素包含如下key：talentData,itemDataData,propertyData,equipDrop,itemData,rewardValue,rewardType,skillPos,equipDropList,mapData,equpData,roleData，由于列表内容太长因此省略，目前不会影响你的任务。
2024-11-03 04:57:13,453 - INFO Retriever 0 - 

————————————————————————————————————————————————————————————————
2024-11-03 04:57:13,453 - INFO Retriever 0 - 当前窗口总长度：31
2024-11-03 04:57:13,453 - INFO Retriever 0 - 当前更新窗口长度：22
2024-11-03 04:57:13,453 - INFO Retriever 0 - 当前更新窗口长度：22
2024-11-03 04:57:13,454 - INFO Retriever 0 - ————————————————————————————————————————————————————————————————


2024-11-03 04:58:21,027 - INFO Retriever 0 - Agent主脑给出的回答为：{
    "finish": "我已完成你所给出的任务需求，请你进行确认"
}
2024-11-03 04:58:21,027 - INFO Retriever 0 - 是否成功解析：True
2024-11-03 04:58:21,027 - INFO Retriever 0 - operation_type (__det_dir_action):
2024-11-03 04:58:21,028 - INFO Retriever 0 - finish
2024-11-03 04:58:21,028 - INFO Retriever 0 - 

——————————————————————————————————————————————————————————————————————————————————————————————————————————————————————————
2024-11-03 04:58:21,028 - INFO Retriever 0 - Assistant:
2024-11-03 04:58:21,028 - INFO Retriever 0 - {
    "finish": "我已完成你所给出的任务需求，请你进行确认"
}
2024-11-03 04:58:21,028 - INFO Retriever 0 - dict_keys(['finish'])
2024-11-03 04:58:21,030 - INFO Retriever 0 - ——————————————————————————————————— 任务结束 ———————————————————————————————————
2024-11-03 04:58:21,030 - INFO Retriever 0 - 

————————————————————————————————————————————————————————————————
2024-11-03 04:58:21,030 - INFO Retriever 0 - 当前窗口总长度：31
2024-11-03 04:58:21,030 - INFO Retriever 0 - 当前更新窗口长度：22
2024-11-03 04:58:21,030 - INFO Retriever 0 - 当前更新窗口长度：22
2024-11-03 04:58:21,030 - INFO Retriever 0 - ————————————————————————————————————————————————————————————————


2024-11-03 04:59:06,763 - INFO Retriever 0 - -------------------------Task Report-----------------------
2024-11-03 04:59:06,765 - INFO Retriever 0 - * 文件一：
    * 文件绝对路径：D:/Unity/Survaval/Assets/_MyAssets/Data/Map/Map0.asset
    * 文件内容概述：该文件定义了Unity游戏中的“Map0”地图，标记为“荒野”，是玩家试炼旅程的起点。地图配置包括难度等级1、敌人生成器关联、本地化名称和描述，游戏时长为120秒，并指定了背景音乐。此外，地图在游戏中不可见，且非无尽模式。
    * 该文件与问题目标之间的关联性：Map0.asset文件包含了地图的基本属性和配置，包括游戏时长、音乐播放列表等，这些配置可能涉及到生成地图资产时需要修改的数值。

* 文件二：
    * 文件绝对路径：D:/Unity/Survaval/Assets/_MyAssets/Data/Map/Map1.asset
    * 文件内容概述：该文件定义了Unity游戏中的一个地图“Map1”，标记为“荒野”，作为试炼的第一站，具有难度等级1，并配置了敌人生成器、音乐播放列表等。游戏在该地图上的时长为420秒，同时提供了丰富的可掉落物品，包括多种装备和道具。
    * 该文件与问题目标之间的关联性：Map1.asset文件包含了地图的详细配置，包括游戏时长、音乐播放列表、装备掉落规则等，这些配置可能涉及到生成地图资产时需要修改的数值。

* 文件三：
    * 文件绝对路径：D:/Unity/Survaval/Assets/_MyAssets/Data/Map/Map2.asset
    * 文件内容概述：该文件描述了Unity游戏中的地图“Map2”，标记为“Barrens”，具有独特的孤立主题。地图包含中文本地化，预计游戏时长为420秒，并配以“bgm-map2”音乐。文件详细列出了装备掉落规则，包括多种装备及其掉落权重和数量，为游戏开发提供了全面的地图配置信息。
    * 该文件与问题目标之间的关联性：Map2.asset文件包含了地图的详细配置，包括游戏时长、音乐播放列表、装备掉落规则等，这些配置可能涉及到生成地图资产时需要修改的数值。

* 文件四：
    * 文件绝对路径：D:/Unity/Survaval/Assets/_MyAssets/Data/Map/Map3.asset
    * 文件内容概述：该文件描述了Unity游戏中的“Map3”地图，位于充满魔法的森林，难度等级为3。地图拥有独特的魔法流动环境，并配备了特定的成就和敌人生成数据。玩家在地图上的平均游玩时间为420秒，并伴随“bgm-map3”音乐。此外，文件详细列出了多种装备的掉落概率和数量，为游戏提供了丰富的互动元素。
    * 该文件与问题目标之间的关联性：Map3.asset文件包含了地图的详细配置，包括游戏时长、音乐播放列表、装备掉落规则等，这些配置可能涉及到生成地图资产时需要修改的数值。

* 文件五：
    * 文件绝对路径：D:/Unity/Survaval/Assets/_MyAssets/Data/Map/Map4.asset
    * 文件内容概述：该文件描述了Unity游戏中的一个地图“Map4”，即“Treasure Chamber”（宝物密室），其描述为“来吧，在这里你会知道贪婪的代价”。地图难度为4，设有成就系统和敌人生成逻辑。游戏时长为420秒，背景音乐为“bgm-map4”。此外，文件详细列出了多种装备的掉落概率，包括装备类型、权重和数量，为玩家提供了丰富的游戏体验。
    * 该文件与问题目标之间的关联性：Map4.asset文件包含了地图的详细配置，包括游戏时长、音乐播放列表、装备掉落规则等，这些配置可能涉及到生成地图资产时需要修改的数值。

* 文件六：
    * 文件绝对路径：D:/Unity/Survaval/Assets/_MyAssets/Data/Map/Map5.asset
    * 文件内容概述：该文件描述了Unity游戏中的“Map5”地图配置，包括其名称“永恒王座”（Eternal Throne）、难度等级5，以及游戏完成所需时间420秒。地图配置还包括引用成就和敌人生成器数据，指定音乐播放列表为“bgm-map5”，并详细列出了多种装备的掉落概率和条件。
    * 该文件与问题目标之间的关联性：Map5.asset文件包含了地图的详细配置，包括游戏时长、音乐播放列表、装备掉落规则等，这些配置可能涉及到生成地图资产时需要修改的数值。

* 文件七：
    * 文件绝对路径：D:/Unity/Survaval/Assets/_MyAssets/Data/Map/MapEndless.asset
    * 文件内容概述：该文件描述了Unity游戏地图“MapEndless”的详细配置，包括英文名“Never enough”和中文译名“无尽地图”，带有激励性的描述“去吧！财富和荣耀在向你招手”。地图支持450秒的游戏时长，并配以bgm-map5音乐。特别标注为无尽模式，并配置了相应的奖励数据。
    * 该文件与问题目标之间的关联性：MapEndless.asset文件包含了无尽地图的详细配置，包括游戏时长、音乐播放列表、奖励数据等，这些配置可能涉及到生成地图资产时需要修改的数值。

* 文件八：
    * 文件绝对路径：D:/Unity/Survaval/Assets/_MyAssets/Data/Map/MapEndlessRewards.asset
    * 文件内容概述：该文件定义了Unity游戏中的“MapEndlessRewards”地图奖励配置，包括无尽模式奖励和重复奖励的详细数据。无尽模式奖励包括150个字典元素，每个元素包含奖励类型、奖励值、技能位置、装备掉落列表等信息。重复奖励也包括150个字典元素，每个元素包含奖励类型、奖励值、技能位置、装备掉落列表等信息。
    * 该文件与问题目标之间的关联性：MapEndlessRewards.asset文件包含了无尽地图的奖励配置，包括奖励类型、奖励值、技能位置、装备掉落列表等信息，这些配置可能涉及到生成地图资产时需要修改的数值。
2024-11-03 04:59:06,766 - INFO Retriever 0 - 
Token Consuming:120700

2024-11-03 04:59:06,766 - INFO Retriever 0 - 
history rounds:16

