2024-10-10 15:23:26,447 - INFO Retriever 0 - Init Retriever.
2024-10-10 15:23:43,110 - INFO Retriever 0 - keywords:“particular”，“天赋”，“Commencement”，“innate talent”，“unlock”，“gift”，“解锁”，“unseal”，“选择”，“natural gift”，“select”，“choice”，“initial”，“talent”，“初始”，“特定任务”，“开始”，“specific task”，“assignment”，“beginning”，“初始天赋”，“task”，“特定”，“任务”，“specific assignment”，“specific”
2024-10-10 15:23:43,110 - INFO Retriever 0 - deep_think_conent
:在获取了项目文件的顶层结构后，我还需要结合待查询的问题描述，对于项目中的文件和目录进行一些深度关键词检索。根据任务描述：“请在D:\Unity\Survaval\Assets下各级目录中寻找：如果要让目前游戏所有的初始天赋选择，在游戏一开始全部解锁，不需要完成特定任务解锁，我应该修改什么文件？”，我总结出如下可能会出现在各个文件名或者文件内容中的关键词：“particular”，“天赋”，“Commencement”，“innate talent”，“unlock”，“gift”，“解锁”，“unseal”，“选择”，“natural gift”，“select”，“choice”，“initial”，“talent”，“初始”，“特定任务”，“开始”，“specific task”，“assignment”，“beginning”，“初始天赋”，“task”，“特定”，“任务”，“specific assignment”，“specific”。
接下来，我将使用retrieve_keywords操作，在项目顶层路径“D:\Unity\Survaval\Assets”下检索这些关键词，从而大致把握可能与问题描述相关的文件或目录的路径。
2024-10-10 15:23:43,114 - INFO Retriever 0 - ——————————————————————————————————————————————————————————————————————————————————————————————————————————————————————————
2024-10-10 15:23:43,115 - INFO Retriever 0 - Assistant:
2024-10-10 15:23:43,115 - INFO Retriever 0 - {
    "deep_think": {
        "thoughts": "好的，接下来我将通过深度思考、仔细计划以及逐步执行的方式，来完成该任务。\n\n首先，在阅读详细的代码细节之前，应该先整体把握整个项目。\n\n在提供的可选的action中，可以通过get_folder_info操作，通过将项目顶层路径作为target_folder_path参数进行传入，来获取获取项目中主要文件夹和主要文件的描述，从而能够先大致把握项目文件的主要文件的文件树结构、基本内容、主要代码概述以及大致功能板块的分布。"
    }
}
2024-10-10 15:23:43,115 - INFO Retriever 0 - 
Observer:
2024-10-10 15:23:43,115 - INFO Retriever 0 - 好的，请继续你的下一步行动或思考。
2024-10-10 15:23:43,117 - INFO Retriever 0 - 
2024-10-10 15:23:43,156 - INFO Retriever 0 - ——————————————————————————————————————————————————————————————————————————————————————————————————————————————————————————
2024-10-10 15:23:43,156 - INFO Retriever 0 - Assistant:
2024-10-10 15:23:43,156 - INFO Retriever 0 - {
    "get_folder_info": {
        "target_folder_path": "D:\\Unity\\Survaval\\Assets"
    }
}
2024-10-10 15:23:43,156 - INFO Retriever 0 - 
Observer:
2024-10-10 15:23:43,157 - INFO Retriever 0 - 目标文件夹路径：D:\Unity\Survaval\Assets
文件结构树（该结构树可能不完整，仅返回深度小于等于1层的子文件以及文件夹）：
├── AddressableAssetsData
│   ├── AddressableAssetSettings.asset
│   ├── Android
│   ├── AssetGroupTemplates
│   ├── AssetGroups
│   ├── DataBuilders
│   ├── DefaultObject.asset
│   ├── iOS
├── AmplifyShaderEditor
│   ├── AmplifyShaderEditor.asmdef
│   ├── ChangeLog.txt
│   ├── CreatingTerrainsWithASE.txt
│   ├── Plugins
│   ├── Readme.txt
├── BlobHashMaps
│   ├── BlobBuilderExtensions.cs
│   ├── BlobHashMap.cs
│   ├── BlobHashMapIntInt.cs
│   ├── BlobHashMaps.asmdef
│   ├── BlobMultiHashMap.cs
│   ├── Data
├── BuildReport
│   ├── CustomBuildScriptExample.txt
│   ├── GUI
│   ├── README.txt
│   ├── Scripts
│   ├── VERSION.txt
│   ├── license.txt
├── CapturePath
├── DamageNumbersPro
│   ├── DamageNumbersPro.asmdef
│   ├── Documentation.url
│   ├── Editor
│   ├── Fonts
│   ├── Materials
│   ├── Scripts
├── Editor
│   ├── ChannelSetting.cs
│   ├── OrbiteExtenedEditor.cs
│   ├── Resources
│   ├── ShaderStripSettings
├── Editor Default Resources
│   ├── MasterAudio
├── EnhancedScroller v2
│   ├── ChangeLog.txt
│   ├── Documentation
│   ├── Plugins
│   ├── Tutorials
│   ├── readme.txt
│   ├── upgrading from 1.x to 2.x.txt
├── FlockBox
│   ├── Classic
│   ├── DOTS
│   ├── Flock Box Manual.pdf
├── Gizmos
│   ├── MasterAudio
├── Magic Spells Sound Effects V2.0
│   ├── Casting Loops
│   ├── Element Scholls
│   ├── General Spell
│   ├── Medieval Combat Sounds BONUS
│   ├── Special Attack
├── Pixel Arsenal
│   ├── Demo
│   ├── Materials
│   ...
│   ├── Textures
├── Plugins
│   ├── Android
│   ├── DarkTonic
│   ├── Demigiant
│   ├── Editor
│   ├── RelationsInspector
│   ├── Sirenix
│   ├── iOS
├── RPG Icons Pixel Art
│   ├── Aeromancer
│   ├── Alchemy1
│   ...
│   ├── Сrossbowman
├── Resources
│   ├── DOTweenSettings.asset
│   ├── MasterAudio
├── SPUM
│   ├── MonsterOrc_Prefabs
│   ├── MonsterUndeadPrefabs
│   ...
│   ├── Sprite_SheetExporter(Beta)
├── StreamingAssets
├── TextMesh Pro
│   ├── Documentation
│   ├── Fonts
│   ├── Resources
│   ├── Shaders
│   ├── Sprites
├── UniversalRenderPipelineGlobalSettings.asset
├── VirtualButtonsForUnity
│   ├── VirtualButtonsForUnity
├── YouLoftSDK
│   ├── PottingMobileSDK
│   ├── PottingMobileServices
│   ...
│   ├── YouloftTemp.cs
├── ZTools
│   ├── GlobalStringBuilder.cs
│   ├── Localization
│   ├── ZTools.asmdef
├── _MyAssets
│   ├── Animations
│   ├── ArtAssets
│   ...
│   ├── URPSettings


其中，部分主要文件及文件夹的信息如下：
1. Assets
# 路径:D:\\Unity\\Survaval\Assets
# 内容概述:“UniversalRenderPipelineGlobalSettings.asset”文件是Unity项目中用于配置通用渲染管道（URP）全局设置的资产。它涵盖了光照模式、阴影质量、后处理效果以及性能优化等关键设置，如光照层配置、阴影质量选择和后处理效果启用，旨在平衡视觉效果与性能表现，以适应不同游戏的需求。

2. AddressableAssetsData
# 路径:D:\\Unity\\Survaval\Assets\AddressableAssetsData
# 内容概述:### 文件夹内容简述

“AddressableAssetsData”文件夹汇集了Unity游戏开发所需的资源管理和配置文件。其中，Android和iOS子文件夹分别管理针对各自平台的资源状态。AssetGroups和AssetGroupTemplates子文件夹则专注于资源打包和内容更新配置，而DataBuilders子文件夹提供了资源管理和场景加载的脚本配置。此外，AddressableAssetSettings.asset文件负责资源加载和优化全局设置，而DefaultObject.asset则定义了Unity脚本组件的配置。整体而言，这些文件共同构成了游戏资源高效管理和优化的框架。

3. AmplifyShaderEditor
# 路径:D:\\Unity\\Survaval\Assets\AmplifyShaderEditor
# 内容概述:“AmplifyShaderEditor”文件夹汇集了Unity游戏开发中Amplify Shader Editor插件的核心组件与资源，包括编辑器脚本、界面资源、版本更新日志和使用指南。其中，“Editor”子文件夹承载着插件的核心逻辑和操作界面，而“EditorResources”则提供了图形用户界面和渲染资源。更新日志“ChangeLog.txt”详细记录了插件的功能迭代和问题修复，而“CreatingTerrainsWithASE.txt”则指导用户如何利用ASE创建地形着色器。遗憾的是，“Readme.txt”因编码错误无法读取，但预计包含插件的基本使用说明。

4. BlobHashMaps
# 路径:D:\\Unity\\Survaval\Assets\BlobHashMaps
# 内容概述:“BlobHashMaps”文件夹汇集了针对Unity游戏引擎优化的数据结构脚本，包括BlobHashMap和BlobMultiHashMap的实现。核心文件如BlobBuilderHashMapData.cs和BlobHashMapData.cs定义了HashMap和只读哈希表，BlobBuilderExtensions.cs扩展了BlobHashMap功能，BlobHashMap.cs和BlobHashMapIntInt.cs则提供了更丰富的操作和构建器功能。BlobHashMaps.asmdef文件定义了模块依赖，而BlobMultiHashMap.cs引入了多哈希映射支持，共同构成了一个高效的数据管理工具集。

5. BuildReport
# 路径:D:\\Unity\\Survaval\Assets\BuildReport
# 内容概述:“BuildReport”文件夹汇集了Unity游戏引擎的构建报告工具及相关资源，包括UI设计资源（如BRTSkin、NativeSkin和NativeSkinExtraIcons）、自动化构建脚本（如CustomBuildScriptExample.txt）和编辑器脚本（位于Scripts/Editor）。此外，它还包含定义特定窗口样式的皮肤文件（BuildReportWindow.guiskin和BuildReportWindowDark.guiskin），以及工具的许可证信息（license.txt）和使用说明（README.txt）。VERSION.txt文件记录了工具的版本更新历史，突出了新增功能和错误修复。

6. CapturePath
# 路径:D:\\Unity\\Survaval\Assets\CapturePath
# 内容概述:该文件夹内容为空。

7. DamageNumbersPro
# 路径:D:\\Unity\\Survaval\Assets\DamageNumbersPro
# 内容概述:“DamageNumbersPro”文件夹汇集了Unity游戏开发所需的资源，包括编辑器脚本、多种风格的字体、材质和游戏逻辑脚本。其中，编辑器脚本用于资源配置，字体和材质丰富了游戏视觉元素，而脚本集合则支撑了游戏的核心逻辑和交互。此外，汇编定义文件和文档链接文件提供了模块化开发和项目文档的便捷访问。

8. Editor
# 路径:D:\\Unity\\Survaval\Assets\Editor
# 内容概述:### 文件夹内容总结

“Editor”文件夹汇集了Unity项目开发所需的资源与工具。其中，**Resources**子文件夹提供游戏与动画设计的视觉素材，包括角色、场景元素和预制游戏单元。**ShaderStripSettings**包含提升渲染质量的Unity脚本组件，而**ChannelSetting.cs**脚本则用于管理不同渠道的SDK和项目配置。此外，**OrbiteExtenedEditor.cs**编辑器扩展脚本增强了文本编辑和屏幕截图功能，辅助设计和开发流程。整体上，这些资源与工具相互关联，共同服务于Unity项目的开发与优化。

9. Editor Default Resources
# 路径:D:\\Unity\\Survaval\Assets\Editor Default Resources
# 内容概述:“Editor Default Resources”文件夹汇集了多种音频处理相关的图标，包括播放、暂停、停止等控制图标，以及复制、删除、保存等操作图标，还有LED灯状态指示和扬声器图标等。这些图标共同服务于音频编辑和界面设计，为用户提供了直观的操作和状态指示。

10. EnhancedScroller v2
# 路径:D:\\Unity\\Survaval\Assets\EnhancedScroller v2
# 内容概述:该“EnhancedScroller v2”文件夹汇集了Unity游戏开发中EnhancedScroller插件的全面资源，包括用户手册、插件代码、教程和更新日志。用户手册详细介绍了插件的使用方法，插件代码则由组件、单元格视图和动画系统等组成，旨在提升UI开发效率。教程资源帮助开发者快速上手，而更新日志和升级指南则提供了插件版本间的变化和升级指导。

11. FlockBox
# 路径:D:\\Unity\\Survaval\Assets\FlockBox
# 内容概述:### 文件夹内容精简总结

“Flock Box”文件夹是Unity游戏开发项目，集成了视觉资源、游戏逻辑脚本和DOTS架构相关资源。其中，**Classic**子文件夹提供游戏场景、预制体和艺术资源，**DOTS**子文件夹则专注于DOTS架构的脚本和材料。项目手册“Flock Box Manual.pdf”详细介绍了项目结构、资源使用和开发指南，为开发者提供了全面的项目操作指导。

12. Gizmos
# 路径:D:\\Unity\\Survaval\Assets\Gizmos
# 内容概述:“Gizmos”文件夹汇集了音频处理相关的图标设计，包括“MasterAudio”品牌标识和“PlaylistController”播放列表控制功能的图标，旨在为音频软件界面提供视觉元素。

13. Magic Spells Sound Effects V2.0
# 路径:D:\\Unity\\Survaval\Assets\Magic Spells Sound Effects V2.0
# 内容概述:“Magic Spells Sound Effects V2.0”文件夹汇集了丰富的音效资源，包括循环施法音效、元素相关施法音效、通用魔法效果、中世纪战斗声音以及特定攻击音效。这些音效覆盖了从增益攻击到治疗，从施法到战斗动作，适用于游戏、影视等多媒体项目，且文件命名清晰，便于快速查找和使用。

14. Pixel Arsenal
# 路径:D:\\Unity\\Survaval\Assets\Pixel Arsenal
# 内容概述:“Pixel Arsenal”文件夹汇集了丰富的游戏开发资源，包括视觉素材（如天空盒和纹理）、预制体（如界面元素和特效）、场景素材、Unity脚本（用于游戏逻辑）和音频效果。这些资源相互关联，共同构建了游戏和视觉效果的基础，适用于Unity等游戏引擎。文件夹内的“ReadMe.txt”文件提供了资源使用指南和潜在的技术支持信息。

15. Plugins
# 路径:D:\\Unity\\Survaval\Assets\Plugins
# 内容概述:“Plugins”文件夹汇集了多平台游戏开发资源，包括Android应用开发工具、Unity游戏资源包如音频和网络同步插件，以及编辑器扩展和iOS应用开发组件。其中，Android子文件夹提供项目配置和第三方库；Unity相关资源如DarkTonic和Demigiant则专注于音频和网络同步，以及动画处理；Editor子文件夹增强Unity编辑器功能；iOS子文件夹涵盖性能监控和广告集成等iOS特有功能。这些资源相互关联，共同构建了一个全面的游戏开发环境。

16. Resources
# 路径:D:\\Unity\\Survaval\Assets\Resources
# 内容概述:### 文件夹内容总结

“Resources”文件夹汇集了Unity游戏项目的关键配置资源，包括“MasterAudioSettings.asset”用于音频处理和插件配置，以及“DOTweenSettings.asset”用于动画和缓动库的详细设置，两者共同确保游戏音效和动画的优化与流畅。

17. RPG Icons Pixel Art
# 路径:D:\\Unity\\Survaval\Assets\RPG Icons Pixel Art
# 内容概述:当然可以。以下是融合后的简短内容：

“Support contact.pdf”文件提供客户支持联系信息，包括电话、电子邮件和在线支持服务，并附有服务时间表、常见问题解答以及用户反馈表单，旨在为用户提供便捷的咨询与支持服务。

18. SPUM
# 路径:D:\\Unity\\Survaval\Assets\SPUM
# 内容概述:“SPUM”文件夹汇集了丰富的游戏开发资源，包括怪物与角色预制体、动画素材、图像资源、字体、材质以及Unity脚本等。它涵盖了从角色模型和动画到编辑器扩展和场景设置的全方位内容，旨在支持游戏开发、3D建模和动画制作项目。文件夹内不同子目录紧密关联，共同构成了一个完整的项目资源库。

19. StreamingAssets
# 路径:D:\\Unity\\Survaval\Assets\StreamingAssets
# 内容概述:“StreamingAssets”文件夹主要存储流媒体应用所需的资源，包括视频、音频和图像文件，以及相关的配置和脚本文件。该文件夹内部分为视频、音频、图像、配置和脚本等子文件夹，各自管理不同类型的媒体资源和播放逻辑配置，以确保资源的高效加载和流式传输。

20. TextMesh Pro
# 路径:D:\\Unity\\Survaval\Assets\TextMesh Pro
# 内容概述:该“TextMesh Pro”文件夹汇集了TextMesh Pro软件的用户指南、Liberation Sans字体资源、Unity项目资源包以及表情符号素材。其中，用户指南详细介绍了软件操作，Liberation Sans字体提供多种样式，Unity资源包包括字体、材质和精灵资产，着色器文件则专注于图形渲染，而表情符号资源则便于集成到项目中。这些内容相互关联，共同服务于游戏开发与图形设计的需求。

21. VirtualButtonsForUnity
# 路径:D:\\Unity\\Survaval\Assets\VirtualButtonsForUnity
# 内容概述:### 文件夹内容概览

“VirtualButtonsForUnity”文件夹是Unity游戏开发资源，集成了虚拟按钮、方向垫和摇杆预制体及脚本，旨在增强游戏交互体验。内含示例项目、预制体、脚本、图像资源和详细文档，方便开发者快速集成和使用。

22. YouLoftSDK
# 路径:D:\\Unity\\Survaval\Assets\YouLoftSDK
# 内容概述:### 文件夹内容总结

“YouLoftSDK”文件夹是Unity游戏开发者的综合工具包，集成了广告管理、支付、用户管理、数据同步等功能模块。其中，**PottingMobileSDK** 提供了Android和iOS平台的插件和脚本，**PottingMobileServices** 则包含了跨平台服务接口和功能脚本。广告管理、支付、礼包兑换等具体功能由 **YouLoftAd.cs**、**YouLoftPay.cs** 和 **YouLoftRedeemcode.cs** 等文件实现，而 **YouLoftSDKManager.cs** 负责管理这些模块，确保它们协同工作。此外，**YouLoftLogin.cs** 处理用户登录，**YouLoftEvent.cs** 和 **YouloftTemp.cs** 分别提供事件跟踪和配置同步功能，共同支撑游戏的整体运行。

23. ZTools
# 路径:D:\\Unity\\Survaval\Assets\ZTools
# 内容概述:### 文件夹内容总结
“ZTools”文件夹汇集了Unity游戏开发中本地化和字符串操作的工具。其中，包含用于本地化文本管理的脚本，如`StaticLocalizedText.cs`和`StaticLocalizedText_UGUI.cs`，以及`Strings.cs`用于管理本地化字符串。此外，`GlobalStringBuilder.cs`提供了全局字符串构建功能，优化了字符串操作性能。而“ZTools.asmdef”文件则定义了项目中的“ZTools”程序集，管理着相关脚本文件的引用和编译。这些工具共同构成了一个高效且模块化的开发环境。

24. _MyAssets
# 路径:D:\\Unity\\Survaval\Assets\_MyAssets
# 内容概述:“_MyAssets”文件夹是游戏开发的核心资源库，汇集了动画、艺术资产、音频、数据配置、编辑器资源、字体、图标、脚本、着色器等关键文件，以及预制体和场景设计。它为游戏提供了丰富的视觉和音频效果，并通过详细的配置文件和脚本实现了复杂的游戏逻辑和交互。文件夹内资源相互关联，共同支撑起游戏的整体架构和功能实现。

25. UniversalRenderPipelineGlobalSettings.asset
# 路径:D:\\Unity\\Survaval\Assets\UniversalRenderPipelineGlobalSettings.asset
# 内容概述:### 简化总结

该文件是Unity的通用渲染管道全局设置配置，定义了8个光照层（如Light Layer default至Light Layer 7）。它还包含了性能优化设置，如移除调试变体和未使用变体，以及不支持运行时调试显示。


2024-10-10 15:23:43,160 - INFO Retriever 0 - 
2024-10-10 15:23:43,160 - INFO Retriever 0 - ——————————————————————————————————————————————————————————————————————————————————————————————————————————————————————————
2024-10-10 15:23:43,160 - INFO Retriever 0 - Assistant:
2024-10-10 15:23:43,160 - INFO Retriever 0 - {
    "deep_think": {
        "thoughts": "在获取了项目文件的顶层结构后，我还需要结合待查询的问题描述，对于项目中的文件和目录进行一些深度关键词检索。根据任务描述：“请在D:\\Unity\\Survaval\\Assets下各级目录中寻找：如果要让目前游戏所有的初始天赋选择，在游戏一开始全部解锁，不需要完成特定任务解锁，我应该修改什么文件？”，我总结出如下可能会出现在各个文件名或者文件内容中的关键词：“particular”，“天赋”，“Commencement”，“innate talent”，“unlock”，“gift”，“解锁”，“unseal”，“选择”，“natural gift”，“select”，“choice”，“initial”，“talent”，“初始”，“特定任务”，“开始”，“specific task”，“assignment”，“beginning”，“初始天赋”，“task”，“特定”，“任务”，“specific assignment”，“specific”。\n接下来，我将使用retrieve_keywords操作，在项目顶层路径“D:\\Unity\\Survaval\\Assets”下检索这些关键词，从而大致把握可能与问题描述相关的文件或目录的路径。"
    }
}
2024-10-10 15:23:43,161 - INFO Retriever 0 - 
Observer:
2024-10-10 15:23:43,161 - INFO Retriever 0 - 好的，请继续你的下一步行动或思考。
2024-10-10 15:23:43,161 - INFO Retriever 0 - 
2024-10-10 15:23:47,935 - INFO Retriever 0 - ——————————————————————————————————————————————————————————————————————————————————————————————————————————————————————————
2024-10-10 15:23:47,935 - INFO Retriever 0 - Assistant:
2024-10-10 15:23:47,936 - INFO Retriever 0 - {
    "retrieve_keywords": {
        "top_path": "D:\\Unity\\Survaval\\Assets",
        "key_word_list": [
            "particular",
            "天赋",
            "Commencement",
            "innate talent",
            "unlock",
            "gift",
            "解锁",
            "unseal",
            "选择",
            "natural gift",
            "select",
            "choice",
            "initial",
            "talent",
            "初始",
            "特定任务",
            "开始",
            "specific task",
            "assignment",
            "beginning",
            "初始天赋",
            "task",
            "特定",
            "任务",
            "specific assignment",
            "specific"
        ]
    }
}
2024-10-10 15:23:47,936 - INFO Retriever 0 - 
Observer:
2024-10-10 15:23:47,937 - INFO Retriever 0 - 根据你提供的关键词，我检索到以下目录或文件，它们的绝对路径如下：
1. D:\Unity\Survaval\Assets\_MyAssets\Scripts\UI
“UI”文件夹汇集了Unity游戏开发的UI脚本，涵盖战斗、货币、新手引导、主界面、工具类和辅助功能。其中，`BattleUI`管理战斗相关UI，`CurrencyUI`处理货币系统，`Guide`负责新手引导，`MainUI`构建游戏主界面框架。此外，`Utility`提供UI适配和辅助工具，`AdAndPurchase`整合广告和支付功能，而`UIHelper`等脚本则辅助数据管理和UI控制，确保游戏UI的完整性和功能性。

2. D:\Unity\Survaval\Assets\AmplifyShaderEditor
“AmplifyShaderEditor”文件夹汇集了Unity游戏开发中Amplify Shader Editor插件的核心组件与资源，包括编辑器脚本、界面资源、版本更新日志和使用指南。其中，“Editor”子文件夹承载着插件的核心逻辑和操作界面，而“EditorResources”则提供了图形用户界面和渲染资源。更新日志“ChangeLog.txt”详细记录了插件的功能迭代和问题修复，而“CreatingTerrainsWithASE.txt”则指导用户如何利用ASE创建地形着色器。遗憾的是，“Readme.txt”因编码错误无法读取，但预计包含插件的基本使用说明。

3. D:\Unity\Survaval\Assets\_MyAssets\Data
“Data”文件夹是Unity游戏项目的核心，汇集了游戏配置和脚本资产，涵盖成就、战斗通行证、任务、物品掉落、角色装备、地图、技能、敌人生成等多个方面。文件夹内各子文件夹如Achivements、BattlePass和DailyTask等，分别管理成就解锁、奖励系统和日常任务等游戏机制；而Equip、Items和Map等则专注于角色、物品和地图的详细配置。这些文件和配置相互关联，共同构建了游戏的数据结构和功能框架。

4. D:\Unity\Survaval\Assets\_MyAssets\Editor_Reource\Resources\Configs\Localization
“Localization”文件夹汇集了针对一款游戏的多语言本地化资源，包括全面的元素描述和关键信息。其中，`strings_all.txt`概述了游戏内所有元素，如技能、物品和地图。中文资源则细分为简体和繁体中文版本，分别以`strings_cn.txt`和`strings_zh.txt`呈现，而`strings_cn_h.txt`同样提供简体中文内容。英文、日文和韩文版本则分别以`strings_en.txt`、`strings_jap.txt`和`strings_kor.txt`提供相应语言的本地化信息，确保游戏在全球范围内的玩家都能获得一致的游戏体验。

5. D:\Unity\Survaval\Assets\BuildReport
“BuildReport”文件夹汇集了Unity游戏引擎的构建报告工具及相关资源，包括UI设计资源（如BRTSkin、NativeSkin和NativeSkinExtraIcons）、自动化构建脚本（如CustomBuildScriptExample.txt）和编辑器脚本（位于Scripts/Editor）。此外，它还包含定义特定窗口样式的皮肤文件（BuildReportWindow.guiskin和BuildReportWindowDark.guiskin），以及工具的许可证信息（license.txt）和使用说明（README.txt）。VERSION.txt文件记录了工具的版本更新历史，突出了新增功能和错误修复。

6. D:\Unity\Survaval\Assets\Plugins\Editor\DarkTonic\MasterAudio
### 文件夹内容总结
“MasterAudio”文件夹汇集了Unity游戏开发中音频管理的核心脚本，旨在提供全面而高效的音频解决方案。包含的脚本涵盖了音频组件持久化、可寻址资源管理、事件和声音配置、执行顺序管理、音频跟踪与撤销操作等多个方面。文件夹内主要脚本如`MAComponentPatch.cs`、`AddressableEditorHelper.cs`、`AudioEventInspector.cs`等，共同构成了一个音频管理系统，支持音频资源的配置、编辑和优化，确保游戏中的音频效果流畅且可定制。此外，还有针对特定功能的编辑器扩展，如`AmbientSoundInspector.cs`、`MasterAudioInspector.cs`等，它们提供了直观的界面来配置和管理音频设置，提升开发效率。

7. D:\Unity\Survaval\Assets\Plugins\DarkTonic\MasterAudio
“MasterAudio”文件夹汇集了Unity游戏开发所需的音频管理资源，包括Addressables系统扩展配置、预制体、脚本和音频资源模板。其中，Addressables配置文件支持资源高效加载，预制体如声音分组器和播放列表控制器简化了音频组织，而脚本集合则覆盖了事件处理和系统优化。音频资源模板确保了音频效果在游戏中的流畅播放。此外，汇编定义文件和更新说明文档提供了额外的系统支持和维护信息。

8. D:\Unity\Survaval\Assets\_MyAssets\Scripts\Data
### 文件夹内容概要
“Data”文件夹汇集了Unity游戏开发的核心数据管理脚本，涵盖成就、战令、奖励、技能、属性、角色、地图等关键游戏元素。文件夹内包含多个C#脚本，如管理成就和战令数据的脚本，以及处理物品、装备和地图配置的脚本。这些脚本不仅定义了游戏数据结构，还提供了编辑器集成功能，便于在Unity编辑器中创建和管理游戏资产，确保了游戏数据的一致性和可维护性。

9. D:\Unity\Survaval\Assets\YouLoftSDK
### 文件夹内容总结
“YouLoftSDK”文件夹是Unity游戏开发者的综合工具包，集成了广告管理、支付、用户管理、数据同步等功能模块。其中，**PottingMobileSDK** 提供了Android和iOS平台的插件和脚本，**PottingMobileServices** 则包含了跨平台服务接口和功能脚本。广告管理、支付、礼包兑换等具体功能由 **YouLoftAd.cs**、**YouLoftPay.cs** 和 **YouLoftRedeemcode.cs** 等文件实现，而 **YouLoftSDKManager.cs** 负责管理这些模块，确保它们协同工作。此外，**YouLoftLogin.cs** 处理用户登录，**YouLoftEvent.cs** 和 **YouloftTemp.cs** 分别提供事件跟踪和配置同步功能，共同支撑游戏的整体运行。

10. D:\Unity\Survaval\Assets\Plugins\Editor\RelationsInspector\Backends
“Backends”文件夹汇集了Unity游戏开发所需的多种编辑器扩展工具，包括用于反射和对象关系处理的AutoBackend，可视化场景层次和标签的HierarchyExample，构建社交网络数据模型的SocialNetworkExample，处理类型继承关系的TypeGraphExample，以及管理音频事件和组的MasterAudioEventBackend。这些模块各自独立，但相互协作，共同丰富了Unity编辑器的功能，支持开发者进行高效的游戏设计和开发。

请注意，这些目录或文件可能不全都和你的任务目标相关，仅供参考。请你基于具体的文件内容概述，结合你的任务目标，认真思考分析后，优先选择最有可能与任务相关的目录或文件进行进一步的检查。
2024-10-10 15:23:47,939 - INFO Retriever 0 - 
2024-10-10 15:23:55,421 - INFO Retriever 0 - Agent主脑给出的回答为：{
    "deep_think": {
        "thoughts": "根据检索到的文件和目录，我注意到其中一些与游戏数据、配置和脚本相关的文件夹和文件可能包含与天赋解锁相关的代码。特别是D:\\Unity\\Survaval\\Assets\_MyAssets\\Data和D:\\Unity\\Survaval\\Assets\_MyAssets\\Scripts\\Data这两个文件夹，它们很可能包含与游戏天赋相关的配置和脚本。接下来，我将检查这两个文件夹中的文件，以确定是否包含与天赋解锁相关的代码。"
    }
}
2024-10-10 15:23:55,421 - INFO Retriever 0 - 是否成功解析：True
2024-10-10 15:23:55,421 - INFO Retriever 0 - operation_type (__det_dir_action):
2024-10-10 15:23:55,422 - INFO Retriever 0 - deep_think
2024-10-10 15:23:55,422 - INFO Retriever 0 - 

——————————————————————————————————————————————————————————————————————————————————————————————————————————————————————————
2024-10-10 15:23:55,423 - INFO Retriever 0 - Assistant:
2024-10-10 15:23:55,423 - INFO Retriever 0 - {
    "deep_think": {
        "thoughts": "根据检索到的文件和目录，我注意到其中一些与游戏数据、配置和脚本相关的文件夹和文件可能包含与天赋解锁相关的代码。特别是D:\\Unity\\Survaval\\Assets_MyAssets\\Data和D:\\Unity\\Survaval\\Assets_MyAssets\\Scripts\\Data这两个文件夹，它们很可能包含与游戏天赋相关的配置和脚本。接下来，我将检查这两个文件夹中的文件，以确定是否包含与天赋解锁相关的代码。"
    }
}
2024-10-10 15:23:55,423 - INFO Retriever 0 - dict_keys(['deep_think'])
2024-10-10 15:23:55,424 - INFO Retriever 0 - Agent主脑给出的行动：deep_think
参数：{'thoughts': '根据检索到的文件和目录，我注意到其中一些与游戏数据、配置和脚本相关的文件夹和文件可能包含与天赋解锁相关的代码。特别是D:\\Unity\\Survaval\\Assets_MyAssets\\Data和D:\\Unity\\Survaval\\Assets_MyAssets\\Scripts\\Data这两个文件夹，它们很可能包含与游戏天赋相关的配置和脚本。接下来，我将检查这两个文件夹中的文件，以确定是否包含与天赋解锁相关的代码。', 'repeat_counter': 1, 'continue_think_counter': 1}
2024-10-10 15:23:55,424 - INFO Retriever 0 - Observer: 好的，请继续你的下一步行动或思考。
2024-10-10 15:23:55,425 - INFO Retriever 0 - 

————————————————————————————————————————————————————————————————
2024-10-10 15:23:55,425 - INFO Retriever 0 - 当前窗口总长度：11
2024-10-10 15:23:55,426 - INFO Retriever 0 - 当前更新窗口长度：2
2024-10-10 15:23:55,426 - INFO Retriever 0 - 当前更新窗口长度：2
2024-10-10 15:23:55,426 - INFO Retriever 0 - ————————————————————————————————————————————————————————————————


2024-10-10 15:23:58,158 - INFO Retriever 0 - Agent主脑给出的回答为：{
    "read_file": {
        "file_path": "D:\\Unity\\Survaval\\Assets\\_MyAssets\\Data\\Achivements\\AchievementData.asset"
    }
}
2024-10-10 15:23:58,158 - INFO Retriever 0 - 是否成功解析：True
2024-10-10 15:23:58,158 - INFO Retriever 0 - operation_type (__det_dir_action):
2024-10-10 15:23:58,160 - INFO Retriever 0 - read_file
2024-10-10 15:23:58,160 - INFO Retriever 0 - 

——————————————————————————————————————————————————————————————————————————————————————————————————————————————————————————
2024-10-10 15:23:58,160 - INFO Retriever 0 - Assistant:
2024-10-10 15:23:58,160 - INFO Retriever 0 - {
    "read_file": {
        "file_path": "D:\\Unity\\Survaval\\Assets\\_MyAssets\\Data\\Achivements\\AchievementData.asset"
    }
}
2024-10-10 15:23:58,160 - INFO Retriever 0 - dict_keys(['read_file'])
2024-10-10 15:23:58,161 - INFO Retriever 0 - Agent主脑给出的行动：read_file
参数：{'file_path': 'D:\\Unity\\Survaval\\Assets\\_MyAssets\\Data\\Achivements\\AchievementData.asset', 'top_path': 'D:\\Unity\\Survaval\\Assets', 'return_file_sum': <bound method TreeGenerationAction.return_file_sum of <Action.tree_gen_action.TreeGenerationAction object at 0x000001F092017AC0>>}
2024-10-10 15:23:58,161 - INFO Retriever 0 - Observer: 该文件内容为空。
2024-10-10 15:23:58,162 - INFO Retriever 0 - 

————————————————————————————————————————————————————————————————
2024-10-10 15:23:58,163 - INFO Retriever 0 - 当前窗口总长度：13
2024-10-10 15:23:58,163 - INFO Retriever 0 - 当前更新窗口长度：4
2024-10-10 15:23:58,163 - INFO Retriever 0 - 当前更新窗口长度：4
2024-10-10 15:23:58,163 - INFO Retriever 0 - ————————————————————————————————————————————————————————————————


2024-10-10 15:23:59,690 - INFO Retriever 0 - Agent主脑给出的回答为：{
    "read_file": {
        "file_path": "D:\\Unity\\Survaval\\Assets\\_MyAssets\\Data\\BattlePass\\BattlePassData.asset"
    }
}
2024-10-10 15:23:59,691 - INFO Retriever 0 - 是否成功解析：True
2024-10-10 15:23:59,691 - INFO Retriever 0 - operation_type (__det_dir_action):
2024-10-10 15:23:59,691 - INFO Retriever 0 - read_file
2024-10-10 15:23:59,691 - INFO Retriever 0 - 

——————————————————————————————————————————————————————————————————————————————————————————————————————————————————————————
2024-10-10 15:23:59,691 - INFO Retriever 0 - Assistant:
2024-10-10 15:23:59,692 - INFO Retriever 0 - {
    "read_file": {
        "file_path": "D:\\Unity\\Survaval\\Assets\\_MyAssets\\Data\\BattlePass\\BattlePassData.asset"
    }
}
2024-10-10 15:23:59,692 - INFO Retriever 0 - dict_keys(['read_file'])
2024-10-10 15:23:59,692 - INFO Retriever 0 - Agent主脑给出的行动：read_file
参数：{'file_path': 'D:\\Unity\\Survaval\\Assets\\_MyAssets\\Data\\BattlePass\\BattlePassData.asset', 'top_path': 'D:\\Unity\\Survaval\\Assets', 'return_file_sum': <bound method TreeGenerationAction.return_file_sum of <Action.tree_gen_action.TreeGenerationAction object at 0x000001F092017AC0>>}
2024-10-10 15:23:59,699 - INFO Retriever 0 - Observer: 这是一个名为“BattlePassData.asset”的文件，该文件里的内容为：
MonoBehaviour:
  m_ObjectHideFlags: 0
  m_CorrespondingSourceObject:
    fileID: 0
  m_PrefabInstance:
    fileID: 0
  m_PrefabAsset:
    fileID: 0
  m_GameObject:
    fileID: 0
  m_Enabled: 1
  m_EditorHideFlags: 0
  m_Script:
    fileID: 11500000
    guid: 0b4b71981e1254d459d385912caf5ec3
    type: 3
  m_Name: BattlePassData
  m_EditorClassIdentifier: None
  internalID: 1107808055
  baseExp: 250
  LeveladdExp: 50
  vectoryAddExp: 150
  failAddExp: 15
  BattlePassRewardDatas: 这是一个包含10个字典元素的列表，该列表中每个字典元素包含如下key：fileID,guid,type，由于列表内容太长因此省略，目前不会影响你的任务。
  AssetName: None
2024-10-10 15:23:59,700 - INFO Retriever 0 - 

————————————————————————————————————————————————————————————————
2024-10-10 15:23:59,701 - INFO Retriever 0 - 当前窗口总长度：15
2024-10-10 15:23:59,701 - INFO Retriever 0 - 当前更新窗口长度：6
2024-10-10 15:23:59,701 - INFO Retriever 0 - 当前更新窗口长度：6
2024-10-10 15:23:59,701 - INFO Retriever 0 - ————————————————————————————————————————————————————————————————


2024-10-10 15:24:01,364 - INFO Retriever 0 - Agent主脑给出的回答为：{
    "read_file": {
        "file_path": "D:\\Unity\\Survaval\\Assets\\_MyAssets\\Data\\DailyTask\\DailyTaskData.asset"
    }
}
2024-10-10 15:24:01,364 - INFO Retriever 0 - 是否成功解析：True
2024-10-10 15:24:01,364 - INFO Retriever 0 - operation_type (__det_dir_action):
2024-10-10 15:24:01,365 - INFO Retriever 0 - read_file
2024-10-10 15:24:01,365 - INFO Retriever 0 - 

——————————————————————————————————————————————————————————————————————————————————————————————————————————————————————————
2024-10-10 15:24:01,365 - INFO Retriever 0 - Assistant:
2024-10-10 15:24:01,365 - INFO Retriever 0 - {
    "read_file": {
        "file_path": "D:\\Unity\\Survaval\\Assets\\_MyAssets\\Data\\DailyTask\\DailyTaskData.asset"
    }
}
2024-10-10 15:24:01,365 - INFO Retriever 0 - dict_keys(['read_file'])
2024-10-10 15:24:01,366 - INFO Retriever 0 - Agent主脑给出的行动：read_file
参数：{'file_path': 'D:\\Unity\\Survaval\\Assets\\_MyAssets\\Data\\DailyTask\\DailyTaskData.asset', 'top_path': 'D:\\Unity\\Survaval\\Assets', 'return_file_sum': <bound method TreeGenerationAction.return_file_sum of <Action.tree_gen_action.TreeGenerationAction object at 0x000001F092017AC0>>}
2024-10-10 15:24:01,366 - INFO Retriever 0 - Observer: 该文件内容为空。
2024-10-10 15:24:01,368 - INFO Retriever 0 - 

————————————————————————————————————————————————————————————————
2024-10-10 15:24:01,368 - INFO Retriever 0 - 当前窗口总长度：17
2024-10-10 15:24:01,368 - INFO Retriever 0 - 当前更新窗口长度：8
2024-10-10 15:24:01,368 - INFO Retriever 0 - 当前更新窗口长度：8
2024-10-10 15:24:01,368 - INFO Retriever 0 - ————————————————————————————————————————————————————————————————


2024-10-10 15:24:06,122 - INFO Retriever 0 - Agent主脑给出的回答为：{
    "read_file": {
        "file_path": "D:\\Unity\\Survaval\\Assets\\_MyAssets\\Data\\Equip\\EquipmentData.asset"
    }
}
2024-10-10 15:24:06,122 - INFO Retriever 0 - 是否成功解析：True
2024-10-10 15:24:06,122 - INFO Retriever 0 - operation_type (__det_dir_action):
2024-10-10 15:24:06,122 - INFO Retriever 0 - read_file
2024-10-10 15:24:06,124 - INFO Retriever 0 - 

——————————————————————————————————————————————————————————————————————————————————————————————————————————————————————————
2024-10-10 15:24:06,124 - INFO Retriever 0 - Assistant:
2024-10-10 15:24:06,124 - INFO Retriever 0 - {
    "read_file": {
        "file_path": "D:\\Unity\\Survaval\\Assets\\_MyAssets\\Data\\Equip\\EquipmentData.asset"
    }
}
2024-10-10 15:24:06,124 - INFO Retriever 0 - dict_keys(['read_file'])
2024-10-10 15:24:06,125 - INFO Retriever 0 - Agent主脑给出的行动：read_file
参数：{'file_path': 'D:\\Unity\\Survaval\\Assets\\_MyAssets\\Data\\Equip\\EquipmentData.asset', 'top_path': 'D:\\Unity\\Survaval\\Assets', 'return_file_sum': <bound method TreeGenerationAction.return_file_sum of <Action.tree_gen_action.TreeGenerationAction object at 0x000001F092017AC0>>}
2024-10-10 15:24:06,126 - INFO Retriever 0 - Observer: 该文件内容为空。
2024-10-10 15:24:06,127 - INFO Retriever 0 - 

————————————————————————————————————————————————————————————————
2024-10-10 15:24:06,127 - INFO Retriever 0 - 当前窗口总长度：19
2024-10-10 15:24:06,127 - INFO Retriever 0 - 当前更新窗口长度：10
2024-10-10 15:24:06,128 - INFO Retriever 0 - 当前更新窗口长度：10
2024-10-10 15:24:06,128 - INFO Retriever 0 - ————————————————————————————————————————————————————————————————


2024-10-10 15:24:12,607 - INFO Retriever 0 - Agent主脑给出的回答为：{
    "read_file": {
        "file_path": "D:\\Unity\\Survaval\\Assets\\_MyAssets\\Data\\Items\\ItemData.asset"
    }
}
2024-10-10 15:24:12,609 - INFO Retriever 0 - 是否成功解析：True
2024-10-10 15:24:12,609 - INFO Retriever 0 - operation_type (__det_dir_action):
2024-10-10 15:24:12,609 - INFO Retriever 0 - read_file
2024-10-10 15:24:12,609 - INFO Retriever 0 - 

——————————————————————————————————————————————————————————————————————————————————————————————————————————————————————————
2024-10-10 15:24:12,610 - INFO Retriever 0 - Assistant:
2024-10-10 15:24:12,610 - INFO Retriever 0 - {
    "read_file": {
        "file_path": "D:\\Unity\\Survaval\\Assets\\_MyAssets\\Data\\Items\\ItemData.asset"
    }
}
2024-10-10 15:24:12,610 - INFO Retriever 0 - dict_keys(['read_file'])
2024-10-10 15:24:12,610 - INFO Retriever 0 - Agent主脑给出的行动：read_file
参数：{'file_path': 'D:\\Unity\\Survaval\\Assets\\_MyAssets\\Data\\Items\\ItemData.asset', 'top_path': 'D:\\Unity\\Survaval\\Assets', 'return_file_sum': <bound method TreeGenerationAction.return_file_sum of <Action.tree_gen_action.TreeGenerationAction object at 0x000001F092017AC0>>}
2024-10-10 15:24:12,611 - INFO Retriever 0 - Observer: 该文件内容为空。
2024-10-10 15:24:12,612 - INFO Retriever 0 - 

————————————————————————————————————————————————————————————————
2024-10-10 15:24:12,612 - INFO Retriever 0 - 当前窗口总长度：21
2024-10-10 15:24:12,612 - INFO Retriever 0 - 当前更新窗口长度：12
2024-10-10 15:24:12,612 - INFO Retriever 0 - 当前更新窗口长度：12
2024-10-10 15:24:12,613 - INFO Retriever 0 - ————————————————————————————————————————————————————————————————


2024-10-10 15:24:16,014 - INFO Retriever 0 - Agent主脑给出的回答为：{
    "read_file": {
        "file_path": "D:\\Unity\\Survaval\\Assets\\_MyAssets\\Data\\Map\\MapData.asset"
    }
}
2024-10-10 15:24:16,014 - INFO Retriever 0 - 是否成功解析：True
2024-10-10 15:24:16,014 - INFO Retriever 0 - operation_type (__det_dir_action):
2024-10-10 15:24:16,014 - INFO Retriever 0 - read_file
2024-10-10 15:24:16,014 - INFO Retriever 0 - 

——————————————————————————————————————————————————————————————————————————————————————————————————————————————————————————
2024-10-10 15:24:16,015 - INFO Retriever 0 - Assistant:
2024-10-10 15:24:16,015 - INFO Retriever 0 - {
    "read_file": {
        "file_path": "D:\\Unity\\Survaval\\Assets\\_MyAssets\\Data\\Map\\MapData.asset"
    }
}
2024-10-10 15:24:16,015 - INFO Retriever 0 - dict_keys(['read_file'])
2024-10-10 15:24:16,015 - INFO Retriever 0 - Agent主脑给出的行动：read_file
参数：{'file_path': 'D:\\Unity\\Survaval\\Assets\\_MyAssets\\Data\\Map\\MapData.asset', 'top_path': 'D:\\Unity\\Survaval\\Assets', 'return_file_sum': <bound method TreeGenerationAction.return_file_sum of <Action.tree_gen_action.TreeGenerationAction object at 0x000001F092017AC0>>}
2024-10-10 15:24:16,016 - INFO Retriever 0 - Observer: 该文件内容为空。
2024-10-10 15:24:16,018 - INFO Retriever 0 - 

————————————————————————————————————————————————————————————————
2024-10-10 15:24:16,018 - INFO Retriever 0 - 当前窗口总长度：23
2024-10-10 15:24:16,018 - INFO Retriever 0 - 当前更新窗口长度：14
2024-10-10 15:24:16,018 - INFO Retriever 0 - 当前更新窗口长度：14
2024-10-10 15:24:16,018 - INFO Retriever 0 - ————————————————————————————————————————————————————————————————


2024-10-10 15:24:19,380 - INFO Retriever 0 - Agent主脑给出的回答为：{
    "read_file": {
        "file_path": "D:\\Unity\\Survaval\\Assets\\_MyAssets\\Data\\Skills\\SkillData.asset"
    }
}
2024-10-10 15:24:19,380 - INFO Retriever 0 - 是否成功解析：True
2024-10-10 15:24:19,381 - INFO Retriever 0 - operation_type (__det_dir_action):
2024-10-10 15:24:19,381 - INFO Retriever 0 - read_file
2024-10-10 15:24:19,381 - INFO Retriever 0 - 

——————————————————————————————————————————————————————————————————————————————————————————————————————————————————————————
2024-10-10 15:24:19,381 - INFO Retriever 0 - Assistant:
2024-10-10 15:24:19,382 - INFO Retriever 0 - {
    "read_file": {
        "file_path": "D:\\Unity\\Survaval\\Assets\\_MyAssets\\Data\\Skills\\SkillData.asset"
    }
}
2024-10-10 15:24:19,382 - INFO Retriever 0 - dict_keys(['read_file'])
2024-10-10 15:24:19,382 - INFO Retriever 0 - Agent主脑给出的行动：read_file
参数：{'file_path': 'D:\\Unity\\Survaval\\Assets\\_MyAssets\\Data\\Skills\\SkillData.asset', 'top_path': 'D:\\Unity\\Survaval\\Assets', 'return_file_sum': <bound method TreeGenerationAction.return_file_sum of <Action.tree_gen_action.TreeGenerationAction object at 0x000001F092017AC0>>}
2024-10-10 15:24:19,383 - INFO Retriever 0 - Observer: 该文件内容为空。
2024-10-10 15:24:19,384 - INFO Retriever 0 - 

————————————————————————————————————————————————————————————————
2024-10-10 15:24:19,384 - INFO Retriever 0 - 当前窗口总长度：25
2024-10-10 15:24:19,384 - INFO Retriever 0 - 当前更新窗口长度：16
2024-10-10 15:24:19,384 - INFO Retriever 0 - 当前更新窗口长度：16
2024-10-10 15:24:19,384 - INFO Retriever 0 - ————————————————————————————————————————————————————————————————


2024-10-10 15:24:22,067 - INFO Retriever 0 - Agent主脑给出的回答为：{
    "read_file": {
        "file_path": "D:\\Unity\\Survaval\\Assets\\_MyAssets\\Data\\Tasks\\TaskData.asset"
    }
}
2024-10-10 15:24:22,067 - INFO Retriever 0 - 是否成功解析：True
2024-10-10 15:24:22,067 - INFO Retriever 0 - operation_type (__det_dir_action):
2024-10-10 15:24:22,067 - INFO Retriever 0 - read_file
2024-10-10 15:24:22,067 - INFO Retriever 0 - 

——————————————————————————————————————————————————————————————————————————————————————————————————————————————————————————
2024-10-10 15:24:22,067 - INFO Retriever 0 - Assistant:
2024-10-10 15:24:22,069 - INFO Retriever 0 - {
    "read_file": {
        "file_path": "D:\\Unity\\Survaval\\Assets\\_MyAssets\\Data\\Tasks\\TaskData.asset"
    }
}
2024-10-10 15:24:22,069 - INFO Retriever 0 - dict_keys(['read_file'])
2024-10-10 15:24:22,069 - INFO Retriever 0 - Agent主脑给出的行动：read_file
参数：{'file_path': 'D:\\Unity\\Survaval\\Assets\\_MyAssets\\Data\\Tasks\\TaskData.asset', 'top_path': 'D:\\Unity\\Survaval\\Assets', 'return_file_sum': <bound method TreeGenerationAction.return_file_sum of <Action.tree_gen_action.TreeGenerationAction object at 0x000001F092017AC0>>}
2024-10-10 15:24:22,070 - INFO Retriever 0 - Observer: 该文件内容为空。
2024-10-10 15:24:22,071 - INFO Retriever 0 - 

————————————————————————————————————————————————————————————————
2024-10-10 15:24:22,071 - INFO Retriever 0 - 当前窗口总长度：27
2024-10-10 15:24:22,071 - INFO Retriever 0 - 当前更新窗口长度：18
2024-10-10 15:24:22,074 - INFO Retriever 0 - 当前更新窗口长度：18
2024-10-10 15:24:22,074 - INFO Retriever 0 - ————————————————————————————————————————————————————————————————


2024-10-10 15:24:28,892 - INFO Retriever 0 - Agent主脑给出的回答为：{
    "deep_think": {
        "thoughts": "经过检查，我发现在D:\\Unity\\Survaval\\Assets\\_MyAssets\\Data文件夹下的所有.asset文件内容均为空。这意味着这些文件可能尚未被填充数据，或者它们不是用于存储天赋解锁状态的文件。接下来，我将检查D:\\Unity\\Survaval\\Assets\\_MyAssets\\Scripts\\Data文件夹下的文件，看看是否有与天赋解锁相关的脚本。"
    }
}
2024-10-10 15:24:28,892 - INFO Retriever 0 - 是否成功解析：True
2024-10-10 15:24:28,892 - INFO Retriever 0 - operation_type (__det_dir_action):
2024-10-10 15:24:28,892 - INFO Retriever 0 - deep_think
2024-10-10 15:24:28,892 - INFO Retriever 0 - 

——————————————————————————————————————————————————————————————————————————————————————————————————————————————————————————
2024-10-10 15:24:28,894 - INFO Retriever 0 - Assistant:
2024-10-10 15:24:28,894 - INFO Retriever 0 - {
    "deep_think": {
        "thoughts": "经过检查，我发现在D:\\Unity\\Survaval\\Assets\\_MyAssets\\Data文件夹下的所有.asset文件内容均为空。这意味着这些文件可能尚未被填充数据，或者它们不是用于存储天赋解锁状态的文件。接下来，我将检查D:\\Unity\\Survaval\\Assets\\_MyAssets\\Scripts\\Data文件夹下的文件，看看是否有与天赋解锁相关的脚本。"
    }
}
2024-10-10 15:24:28,894 - INFO Retriever 0 - dict_keys(['deep_think'])
2024-10-10 15:24:28,894 - INFO Retriever 0 - Agent主脑给出的行动：deep_think
参数：{'thoughts': '经过检查，我发现在D:\\Unity\\Survaval\\Assets\\_MyAssets\\Data文件夹下的所有.asset文件内容均为空。这意味着这些文件可能尚未被填充数据，或者它们不是用于存储天赋解锁状态的文件。接下来，我将检查D:\\Unity\\Survaval\\Assets\\_MyAssets\\Scripts\\Data文件夹下的文件，看看是否有与天赋解锁相关的脚本。', 'repeat_counter': 1, 'continue_think_counter': 1}
2024-10-10 15:24:28,895 - INFO Retriever 0 - Observer: 好的，请继续你的下一步行动或思考。
2024-10-10 15:24:28,897 - INFO Retriever 0 - 

————————————————————————————————————————————————————————————————
2024-10-10 15:24:28,897 - INFO Retriever 0 - 当前窗口总长度：29
2024-10-10 15:24:28,897 - INFO Retriever 0 - 当前更新窗口长度：20
2024-10-10 15:24:28,897 - INFO Retriever 0 - 当前更新窗口长度：20
2024-10-10 15:24:28,897 - INFO Retriever 0 - ————————————————————————————————————————————————————————————————


2024-10-10 15:24:33,089 - INFO Retriever 0 - Agent主脑给出的回答为：{
    "read_file": {
        "file_path": "D:\\Unity\\Survaval\\Assets\\_MyAssets\\Scripts\\Data\\AchievementData.cs"
    }
}
2024-10-10 15:24:33,090 - INFO Retriever 0 - 是否成功解析：True
2024-10-10 15:24:33,090 - INFO Retriever 0 - operation_type (__det_dir_action):
2024-10-10 15:24:33,090 - INFO Retriever 0 - read_file
2024-10-10 15:24:33,090 - INFO Retriever 0 - 

——————————————————————————————————————————————————————————————————————————————————————————————————————————————————————————
2024-10-10 15:24:33,090 - INFO Retriever 0 - Assistant:
2024-10-10 15:24:33,091 - INFO Retriever 0 - {
    "read_file": {
        "file_path": "D:\\Unity\\Survaval\\Assets\\_MyAssets\\Scripts\\Data\\AchievementData.cs"
    }
}
2024-10-10 15:24:33,091 - INFO Retriever 0 - dict_keys(['read_file'])
2024-10-10 15:24:33,091 - INFO Retriever 0 - Agent主脑给出的行动：read_file
参数：{'file_path': 'D:\\Unity\\Survaval\\Assets\\_MyAssets\\Scripts\\Data\\AchievementData.cs', 'top_path': 'D:\\Unity\\Survaval\\Assets', 'return_file_sum': <bound method TreeGenerationAction.return_file_sum of <Action.tree_gen_action.TreeGenerationAction object at 0x000001F092017AC0>>}
2024-10-10 15:24:33,093 - INFO Retriever 0 - Observer: D:\Unity\Survaval\Assets\_MyAssets\Scripts\Data\AchievementData.cs 路径错误。

2024-10-10 15:24:33,094 - INFO Retriever 0 - 

————————————————————————————————————————————————————————————————
2024-10-10 15:24:33,094 - INFO Retriever 0 - 当前窗口总长度：31
2024-10-10 15:24:33,094 - INFO Retriever 0 - 当前更新窗口长度：22
2024-10-10 15:24:33,094 - INFO Retriever 0 - 当前更新窗口长度：22
2024-10-10 15:24:33,095 - INFO Retriever 0 - ————————————————————————————————————————————————————————————————


2024-10-10 15:24:36,417 - INFO Retriever 0 - Agent主脑给出的回答为：{
    "read_file": {
        "file_path": "D:\\Unity\\Survaval\\Assets\\_MyAssets\\Scripts\\Data\\AchievementData.cs"
    }
}
2024-10-10 15:24:36,418 - INFO Retriever 0 - 是否成功解析：True
2024-10-10 15:24:36,418 - INFO Retriever 0 - operation_type (__det_dir_action):
2024-10-10 15:24:36,419 - INFO Retriever 0 - read_file
2024-10-10 15:24:36,419 - INFO Retriever 0 - 

——————————————————————————————————————————————————————————————————————————————————————————————————————————————————————————
2024-10-10 15:24:36,419 - INFO Retriever 0 - Assistant:
2024-10-10 15:24:36,419 - INFO Retriever 0 - {
    "read_file": {
        "file_path": "D:\\Unity\\Survaval\\Assets\\_MyAssets\\Scripts\\Data\\AchievementData.cs"
    }
}
2024-10-10 15:24:36,419 - INFO Retriever 0 - dict_keys(['read_file'])
2024-10-10 15:24:36,421 - INFO Retriever 0 - Agent主脑给出的行动：read_file
参数：{'file_path': 'D:\\Unity\\Survaval\\Assets\\_MyAssets\\Scripts\\Data\\AchievementData.cs', 'top_path': 'D:\\Unity\\Survaval\\Assets', 'return_file_sum': <bound method TreeGenerationAction.return_file_sum of <Action.tree_gen_action.TreeGenerationAction object at 0x000001F092017AC0>>}
2024-10-10 15:24:36,423 - INFO Retriever 0 - Observer: D:\Unity\Survaval\Assets\_MyAssets\Scripts\Data\AchievementData.cs 路径错误。

2024-10-10 15:24:36,424 - INFO Retriever 0 - 

————————————————————————————————————————————————————————————————
2024-10-10 15:24:36,425 - INFO Retriever 0 - 当前窗口总长度：33
2024-10-10 15:24:36,425 - INFO Retriever 0 - 当前更新窗口长度：24
2024-10-10 15:24:36,425 - INFO Retriever 0 - 当前更新窗口长度：24
2024-10-10 15:24:36,425 - INFO Retriever 0 - ————————————————————————————————————————————————————————————————


2024-10-10 15:24:39,127 - INFO Retriever 0 - Agent主脑给出的回答为：{
    "read_file": {
        "file_path": "D:\\Unity\\Survaval\\Assets\\_MyAssets\\Scripts\\Data\\AchievementData.cs"
    }
}
2024-10-10 15:24:39,127 - INFO Retriever 0 - 是否成功解析：True
2024-10-10 15:24:39,127 - INFO Retriever 0 - operation_type (__det_dir_action):
2024-10-10 15:24:39,128 - INFO Retriever 0 - read_file
2024-10-10 15:24:39,128 - INFO Retriever 0 - 

——————————————————————————————————————————————————————————————————————————————————————————————————————————————————————————
2024-10-10 15:24:39,128 - INFO Retriever 0 - Assistant:
2024-10-10 15:24:39,128 - INFO Retriever 0 - {
    "read_file": {
        "file_path": "D:\\Unity\\Survaval\\Assets\\_MyAssets\\Scripts\\Data\\AchievementData.cs"
    }
}
2024-10-10 15:24:39,129 - INFO Retriever 0 - dict_keys(['read_file'])
2024-10-10 15:24:39,129 - INFO Retriever 0 - Agent主脑给出的行动：read_file
参数：{'file_path': 'D:\\Unity\\Survaval\\Assets\\_MyAssets\\Scripts\\Data\\AchievementData.cs', 'top_path': 'D:\\Unity\\Survaval\\Assets', 'return_file_sum': <bound method TreeGenerationAction.return_file_sum of <Action.tree_gen_action.TreeGenerationAction object at 0x000001F092017AC0>>}
2024-10-10 15:24:39,130 - INFO Retriever 0 - Observer: D:\Unity\Survaval\Assets\_MyAssets\Scripts\Data\AchievementData.cs 路径错误。

2024-10-10 15:24:39,131 - INFO Retriever 0 - 

————————————————————————————————————————————————————————————————
2024-10-10 15:24:39,131 - INFO Retriever 0 - 当前窗口总长度：35
2024-10-10 15:24:39,132 - INFO Retriever 0 - 当前更新窗口长度：26
2024-10-10 15:24:39,132 - INFO Retriever 0 - 当前更新窗口长度：26
2024-10-10 15:24:39,133 - INFO Retriever 0 - ————————————————————————————————————————————————————————————————


2024-10-10 15:24:43,964 - INFO Retriever 0 - Agent主脑给出的回答为：{
    "deep_think": {
        "thoughts": "在尝试读取D:\\Unity\\Survaval\\Assets\\_MyAssets\\Scripts\\Data\\AchievementData.cs文件时，我遇到了路径错误。这可能是因为文件路径不正确或者文件不存在。我需要重新检查文件路径，并确保我正在尝试读取正确的文件。"
    }
}
2024-10-10 15:24:43,964 - INFO Retriever 0 - 是否成功解析：True
2024-10-10 15:24:43,964 - INFO Retriever 0 - operation_type (__det_dir_action):
2024-10-10 15:24:43,966 - INFO Retriever 0 - deep_think
2024-10-10 15:24:43,966 - INFO Retriever 0 - 

——————————————————————————————————————————————————————————————————————————————————————————————————————————————————————————
2024-10-10 15:24:43,966 - INFO Retriever 0 - Assistant:
2024-10-10 15:24:43,966 - INFO Retriever 0 - {
    "deep_think": {
        "thoughts": "在尝试读取D:\\Unity\\Survaval\\Assets\\_MyAssets\\Scripts\\Data\\AchievementData.cs文件时，我遇到了路径错误。这可能是因为文件路径不正确或者文件不存在。我需要重新检查文件路径，并确保我正在尝试读取正确的文件。"
    }
}
2024-10-10 15:24:43,966 - INFO Retriever 0 - dict_keys(['deep_think'])
2024-10-10 15:24:43,967 - INFO Retriever 0 - Agent主脑给出的行动：deep_think
参数：{'thoughts': '在尝试读取D:\\Unity\\Survaval\\Assets\\_MyAssets\\Scripts\\Data\\AchievementData.cs文件时，我遇到了路径错误。这可能是因为文件路径不正确或者文件不存在。我需要重新检查文件路径，并确保我正在尝试读取正确的文件。', 'repeat_counter': 1, 'continue_think_counter': 1}
2024-10-10 15:24:43,968 - INFO Retriever 0 - Observer: 好的，请继续你的下一步行动或思考。
2024-10-10 15:24:43,969 - INFO Retriever 0 - 

————————————————————————————————————————————————————————————————
2024-10-10 15:24:43,969 - INFO Retriever 0 - 当前窗口总长度：37
2024-10-10 15:24:43,969 - INFO Retriever 0 - 当前更新窗口长度：28
2024-10-10 15:24:43,969 - INFO Retriever 0 - 当前更新窗口长度：28
2024-10-10 15:24:43,969 - INFO Retriever 0 - ————————————————————————————————————————————————————————————————


2024-10-10 15:24:51,571 - INFO Retriever 0 - Agent主脑给出的回答为：{
    "get_folder_info": {
        "target_folder_path": "D:\\Unity\\Survaval\\Assets\\_MyAssets\\Scripts\\Data"
    }
}
2024-10-10 15:24:51,571 - INFO Retriever 0 - 是否成功解析：True
2024-10-10 15:24:51,572 - INFO Retriever 0 - operation_type (__det_dir_action):
2024-10-10 15:24:51,572 - INFO Retriever 0 - get_folder_info
2024-10-10 15:24:51,572 - INFO Retriever 0 - 

——————————————————————————————————————————————————————————————————————————————————————————————————————————————————————————
2024-10-10 15:24:51,573 - INFO Retriever 0 - Assistant:
2024-10-10 15:24:51,573 - INFO Retriever 0 - {
    "get_folder_info": {
        "target_folder_path": "D:\\Unity\\Survaval\\Assets\\_MyAssets\\Scripts\\Data"
    }
}
2024-10-10 15:24:51,573 - INFO Retriever 0 - dict_keys(['get_folder_info'])
2024-10-10 15:24:51,573 - INFO Retriever 0 - Agent主脑给出的行动：get_folder_info
参数：{'target_folder_path': 'D:\\Unity\\Survaval\\Assets\\_MyAssets\\Scripts\\Data'}
2024-10-10 15:24:51,746 - INFO Retriever 0 - Observer: 目标文件夹路径：D:\Unity\Survaval\Assets\_MyAssets\Scripts\Data
文件结构树（该结构树可能不完整，仅返回深度小于等于1层的子文件以及文件夹）：
├── AchivementData.cs
├── BattlePassData.cs
├── BattlePassRewardData.cs
├── BuffData.cs
├── DailyTaskData.cs
├── DataBuilder.cs
├── DataType.cs
├── DefaultUnlockedData.cs
├── DropData.cs
├── DropGenerateData.cs
├── DropType.cs
├── EndlessModeRewardData.cs
├── EquipData.cs
├── GameData.cs
├── GameDataCollection.cs
├── HandbookData.cs
├── IDataWithID.cs
├── ItemData.cs
├── MapData.cs
├── PropertyData.cs
├── RoleData.cs
├── RolePropertyType.cs
├── SevenSignData.cs
├── SkillData.cs
├── TalentData.cs
├── WeaponData.cs


其中，部分主要文件及文件夹的信息如下：
1. Data
# 路径:D:\\Unity\\Survaval\Assets\_MyAssets\Scripts\Data
# 内容概述:### 文件夹内容概要

“Data”文件夹汇集了Unity游戏开发的核心数据管理脚本，涵盖成就、战令、奖励、技能、属性、角色、地图等关键游戏元素。文件夹内包含多个C#脚本，如管理成就和战令数据的脚本，以及处理物品、装备和地图配置的脚本。这些脚本不仅定义了游戏数据结构，还提供了编辑器集成功能，便于在Unity编辑器中创建和管理游戏资产，确保了游戏数据的一致性和可维护性。

2. AchivementData.cs
# 路径:D:\\Unity\\Survaval\Assets\_MyAssets\Scripts\Data\AchivementData.cs
# 内容概述:该脚本定义了Unity游戏中的`AchivementData`类，用于管理成就数据，包括成就类型、描述、奖励等。类中包含自定义的枚举`AchivementType`和`RewardType`，以及用于编辑器集成的功能，如通过菜单创建成就资产并自动生成ID和描述。`GetDescription`方法根据成就类型动态生成描述，而`CreateNewAsset`方法则允许在Unity编辑器中创建新的成就资产，实现自动化管理。

3. BattlePassData.cs
# 路径:D:\\Unity\\Survaval\Assets\_MyAssets\Scripts\Data\BattlePassData.cs
# 内容概述:该脚本定义了`BattlePassData`类，用于Unity游戏中的战令数据管理。类中包含基础等级经验、升级经验、胜利和失败经验等配置，以及战令奖励列表。`BattlePassData`继承自`ScriptableObject`，支持在Unity编辑器中创建和管理。类内还实现了自动或强制生成唯一ID的功能，并提供了一个编辑器方法`CreateNewAsset`，用于创建新的战令数据资产，包括复制模板、设置名称和ID等步骤。

4. BattlePassRewardData.cs
# 路径:D:\\Unity\\Survaval\Assets\_MyAssets\Scripts\Data\BattlePassRewardData.cs
# 内容概述:### 脚本内容总结

#### 总体概述
该脚本文件“BattlePassRewardData.cs”是Unity游戏开发中用于管理战斗通行证奖励数据的核心组件。它定义了一个结构体`battlePassLevelReward`来存储每个等级的奖励信息，以及一个`BattlePassRewardData`类，该类作为可序列化的脚本资产，负责管理奖励数据并在Unity编辑器中创建和管理奖励资产。

#### 模块和功能
- **结构体**：`battlePassLevelReward`
  - 存储单个等级的奖励信息，包括等级、普通奖励和购买后奖励列表。
- **类**：`BattlePassRewardData`
  - 管理战斗通行证奖励数据，包括奖励列表和内部ID。
  - 提供了在Unity编辑器中创建和管理奖励资产的方法。

#### 类和函数
- **结构体**：`battlePassLevelReward`
  - `level`：存储等级的整数。
  - `nomalReward`：存储普通奖励信息的列表。
  - `upReward`：存储购买后奖励信息的列表。
- **类**：`BattlePassRewardData`
  - `internalID`：存储奖励数据的内部ID。
  - `Reward`：存储`battlePassLevelReward`实例的列表。
  - `_odin_generateID`：私有方法，用于生成ID。
  - `_odin_ForceGenerateID`：私有方法，用于强制生成ID。
  - `CreateNewAsset`：公共方法，用于在Unity编辑器中创建新的奖励数据资产。

#### 实现逻辑
- 定义`battlePassLevelReward`结构体，用于封装等级和奖励信息。
- 创建`BattlePassRewardData`类，实现奖励数据的存储和管理。
- 在Unity编辑器中，通过`CreateNewAsset`方法创建新的奖励数据资产，并处理相关的文件操作和Unity编辑器交互。
- 使用私有方法`_odin_generateID`和`_odin_ForceGenerateID`来生成和管理奖励数据的ID。

5. BuffData.cs
# 路径:D:\\Unity\\Survaval\Assets\_MyAssets\Scripts\Data\BuffData.cs
# 内容概述:### 脚本概述
`BuffData.cs` 文件定义了一个Unity编辑器中使用的 `BuffData` 类，用于创建和管理技能效果（buff）数据。该类继承自 `ScriptableObject`，包含属性如ID、图标、名称、类型和持续时间等，并支持编辑器功能，如自动或强制生成ID，以及创建新的buff数据资产。

### 关键功能
- **数据属性**：定义了技能buff的属性，包括类型、名称、图标、持续时间和效果值。
- **编辑器集成**：提供编辑器方法，允许自动或手动生成ID，并支持创建新的buff数据资产。
- **资产创建**：在编辑器中，可以创建新的buff数据资产，并设置其名称和ID。

6. DailyTaskData.cs
# 路径:D:\\Unity\\Survaval\Assets\_MyAssets\Scripts\Data\DailyTaskData.cs
# 内容概述:该脚本定义了`DailyTaskData`类，用于在Unity编辑器中管理游戏中的日常任务数据。类中包含任务类型枚举、任务属性如名称、描述、目标数量和奖励等，并支持多语言本地化。此外，还提供了编辑器功能，如自动生成ID、本地化输出和创建新任务资产。

7. DataBuilder.cs
# 路径:D:\\Unity\\Survaval\Assets\_MyAssets\Scripts\Data\DataBuilder.cs
# 内容概述:该脚本为Unity编辑器工具，主要包含三个模块：`BuildData`负责构建技能系统和游戏数据，`BuildGameData`专注于游戏数据的构建，而`LoadAndConvertAll`提供通用的资产加载与转换功能。`DataBuilder`类中的`BuildSkillSystemData`方法加载技能和武器数据，并构建子弹与特效数据，而`BuildGameData`方法则利用`BlobBuilder`构建游戏数据结构，包括Buff、掉落物和额外子弹技能索引，最终将数据保存至文件。

8. DataType.cs
# 路径:D:\\Unity\\Survaval\Assets\_MyAssets\Scripts\Data\DataType.cs
# 内容概述:该脚本位于`Game`命名空间内，定义了一个名为`DataType`的枚举，用于分类游戏中的资源与属性，如金币、钻石、经验值等，共包含如道具、技能、地图等20种类型，为游戏数据管理提供了一种结构化的方式。

9. DefaultUnlockedData.cs
# 路径:D:\\Unity\\Survaval\Assets\_MyAssets\Scripts\Data\DefaultUnlockedData.cs
# 内容概述:该脚本定义了`DefaultUnlockedData`类，继承自`ScriptableObject`，用于在Unity项目中存储和提供游戏默认解锁数据。类中包含五个列表属性，分别用于存储解锁的属性、角色皮肤、地图ID、道具和天赋数据，便于在Unity编辑器中创建和管理这些数据资产。

10. DropData.cs
# 路径:D:\\Unity\\Survaval\Assets\_MyAssets\Scripts\Data\DropData.cs
# 内容概述:DropData.cs脚本定义了一个Unity游戏中的掉落物数据类，位于Game命名空间下。该类作为ScriptableObject，支持编辑器菜单创建，并实现了IDataWithID和IOutputLocalization接口。它存储掉落物的ID、图标、名称（含本地化）、类型、数量等属性，并提供了编辑器功能以生成和管理这些数据。类中包含用于生成ID、本地化输出和更新文本的方法，以及一个编辑器按钮用于创建新的掉落物资产。

11. DropGenerateData.cs
# 路径:D:\\Unity\\Survaval\Assets\_MyAssets\Scripts\Data\DropGenerateData.cs
# 内容概述:该脚本“DropGenerateData.cs”是Unity编辑器下用于管理游戏掉落物数据的工具。它定义了一个`DropGenerateData`类，其中包含两个列表：`dropIds`用于存储掉落物ID，`dropPrefabs`用于存储预制体引用。脚本的核心功能是`UpdateData`方法，它负责从指定资源路径加载所有掉落物预制体，并将它们的ID和引用填充到列表中，以便于后续使用。在Unity编辑器中，该方法可通过按钮触发，实现数据的自动更新。

12. DropType.cs
# 路径:D:\\Unity\\Survaval\Assets\_MyAssets\Scripts\Data\DropType.cs
# 内容概述:该脚本定义了名为`DropType`的枚举，用于分类游戏中掉落的物品或事件。枚举包括如金币、生命值增加、经验宝石收集、幸运值提升、宝箱、清屏、冻结、临时武器、装备和收集金币等类型，为游戏逻辑提供了明确的掉落事件标识。

13. EndlessModeRewardData.cs
# 路径:D:\\Unity\\Survaval\Assets\_MyAssets\Scripts\Data\EndlessModeRewardData.cs
# 内容概述:该脚本文件“EndlessModeRewardData.cs”定义了两个Unity脚本类，用于配置和管理游戏无尽模式中的奖励。`EndlessModeRewardInfo`类封装了单个奖励的详细信息，包括奖励类型、数量和关联数据，如地图、物品等，且根据奖励类型动态显示相关字段。`EndlessModeRewardData`类则是一个配置类，包含关卡奖励列表和重复通关奖励列表，可通过Unity编辑器直接创建和管理。

14. EquipData.cs
# 路径:D:\\Unity\\Survaval\Assets\_MyAssets\Scripts\Data\EquipData.cs
# 内容概述:该脚本定义了`EquipData`类，用于在Unity中管理游戏装备的数据。类中包含装备的枚举类型（如效果类型和解锁方式）、详细属性（如名称、描述、图标、类型和效果列表），并支持本地化。`EquipData`还提供了编辑器工具，如自动生成ID和创建新装备资产的功能。通过枚举和结构体，脚本实现了装备效果的灵活配置和本地化支持。

15. GameData.cs
# 路径:D:\\Unity\\Survaval\Assets\_MyAssets\Scripts\Data\GameData.cs
# 内容概述:“该脚本“GameData.cs”定义了游戏数据结构，包括技能效果（Buff）和掉落物（Drop）的Blob存储结构体。主要模块为`GameDataBlob`，它包含技能和掉落物列表，以及与额外子弹和技能相关的HashMap。结构体`BuffDataBlob`和`DropDataBlob`分别详细描述了技能效果和掉落物的属性。所有数据结构均被标记为仅存在于Blob存储中，以优化性能。

16. GameDataCollection.cs
# 路径:D:\\Unity\\Survaval\Assets\_MyAssets\Scripts\Data\GameDataCollection.cs
# 内容概述:### 脚本概述
`GameDataCollection.cs` 是一个Unity脚本，定义了 `GameDataCollection` 类，用于集中管理游戏数据。该类在Unity编辑器中工作，支持数据加载、编辑和导出。它通过多个字段存储不同类型的数据，如物品、道具、属性和成就等，并提供了构建数据链和编辑器工具来处理这些数据。

### 关键功能
- **数据管理**：存储和管理游戏中的各种数据，如物品、道具、属性等。
- **编辑器工具**：提供编辑器方法，如数据加载、更新和导出。
- **数据链构建**：构建物品之间的数据链，表示它们之间的关系。
- **本地化支持**：支持从文本文件加载本地化数据，并更新数据表本地化。

### 主要类和函数
- `GameDataCollection` 类：负责数据存储和编辑器工具的实现。
- `FindAllDataUsingAssetDatabase()`：在编辑器中查找和加载所有数据。
- `BuildDataChains()`：构建物品数据链。
- 编辑器工具方法：如 `AutomaticLoadFromTextFile()`、`UpdateDatatableLocalization()` 和 `OutputTextFile<T>()`，用于数据操作。

17. HandbookData.cs
# 路径:D:\\Unity\\Survaval\Assets\_MyAssets\Scripts\Data\HandbookData.cs
# 内容概述:`HandbookData.cs` 文件定义了一个Unity编辑器中使用的图鉴数据类，继承自ScriptableObject，并实现了IDataWithID接口。该类支持两种图鉴类型（物品和收集品），并为每个图鉴自动生成唯一ID。类中包含生成ID的私有方法，以及一个用于在Unity编辑器中创建新图鉴资源的公共方法。此方法会复制模板文件，设置资源名称，并确保ID的唯一性。此外，还提供了编辑器特有的功能，如手动强制生成ID和创建资源。

18. IDataWithID.cs
# 路径:D:\\Unity\\Survaval\Assets\_MyAssets\Scripts\Data\IDataWithID.cs
# 内容概述:这是一个名为“IDataWithID.cs”的文件。该文件中的内容为：
这是一个名为“IDataWithID.cs”的文件，该文件里的内容为：
1|﻿    public interface IDataWithID
2|    {
3|        public int ID { get; set;}
4|    }


19. ItemData.cs
# 路径:D:\\Unity\\Survaval\Assets\_MyAssets\Scripts\Data\ItemData.cs
# 内容概述:"ItemData.cs" 是一个Unity C#脚本，主要定义了游戏物品的数据结构，支持多语言和编辑器集成。该脚本通过ScriptableObject继承，允许在Unity编辑器中直接编辑物品属性，如名称、描述、等级和图片。它还支持自动生成唯一ID，并区分物品是否为武器或技能，存储相应的数据。脚本还包含方法来获取物品的本地化名称和描述，以及管理物品的技能和武器属性。此外，它还提供了编辑器功能，如创建新物品资源和更新文本。

20. MapData.cs
# 路径:D:\\Unity\\Survaval\Assets\_MyAssets\Scripts\Data\MapData.cs
# 内容概述:`MapData.cs` 文件定义了一个 `MapData` 类，用于存储和管理游戏地图的相关数据，包括图标、名称、描述、难度设置等。该类实现了本地化支持，能够根据不同语言环境显示相应的地图信息。它还定义了一个 `equipStruct` 结构体来管理装备掉落概率，并提供了编辑器功能，如自动生成唯一ID和创建新资源。代码结构清晰，模块化良好，便于维护和扩展。

21. PropertyData.cs
# 路径:D:\\Unity\\Survaval\Assets\_MyAssets\Scripts\Data\PropertyData.cs
# 内容概述:该脚本“PropertyData.cs”是Unity游戏开发中用于构建角色属性数据的类，支持属性类型、名称、描述等配置，并具备多语言本地化功能。它定义了属性提升值的类型（整数、小数、百分比）和针对不同版本（如非洲、优路）的特殊属性设置。此外，脚本还包含编辑器功能，允许在Unity编辑器中创建和管理属性数据资产，并支持本地化文本的更新和输出。

22. RoleData.cs
# 路径:D:\\Unity\\Survaval\Assets\_MyAssets\Scripts\Data\RoleData.cs
# 内容概述:该脚本“RoleData.cs”是Unity游戏开发中用于管理角色皮肤数据的类，它定义了角色皮肤的各种属性，如名称、描述、图标、价格等，并支持多语言本地化。类中实现了IDataWithID和IOutputLocalization接口，提供编辑器功能，如自动生成ID和本地化输出。它还支持属性加成和不同区域（如非洲、海外）的货币类型和价格设置，并具备条件显示和编辑器资源创建功能。

23. RolePropertyType.cs
# 路径:D:\\Unity\\Survaval\Assets\_MyAssets\Scripts\Data\RolePropertyType.cs
# 内容概述:该脚本定义了`RolePropertyType`枚举，用于分类角色属性，包括角色属性（如最大生命值、恢复）、武器属性（如力量、范围）、Buff效果（如幸运、诅咒）、伤害类型（如物理伤害、神圣伤害）以及暴击相关属性。枚举值通过注释详细说明了各自的功能和效果，并按不同属性类别分组，便于在用户界面中识别和使用。

24. SevenSignData.cs
# 路径:D:\\Unity\\Survaval\Assets\_MyAssets\Scripts\Data\SevenSignData.cs
# 内容概述:该脚本定义了一个名为 `SevenSignData` 的类，用于管理游戏中的七天签到奖励数据。`SiginDayReward` 结构体详细描述了奖励类型和具体内容，如金币、道具、角色皮肤等，且根据奖励类型动态显示相关字段。`SevenSignData` 类包含一个奖励列表，并提供编辑器功能以生成和管理这些数据，包括自动或手动生成ID，以及在Unity编辑器中创建新奖励数据资产。

25. SkillData.cs
# 路径:D:\\Unity\\Survaval\Assets\_MyAssets\Scripts\Data\SkillData.cs
# 内容概述:该脚本定义了Unity游戏中的技能数据模型，通过`SkillData`类存储技能属性，如延迟、VFX和子弹引用。它包含枚举定义元素类型和特殊路径，以及结构体处理物理分类。`SkillValue`类用于封装技能的具体效果，如伤害和增益。`ToData`方法将技能数据转换为编辑器代理类`DOTSSkillDataProxy`。此外，脚本还支持在Unity编辑器中创建和管理技能数据资产。

26. TalentData.cs
# 路径:D:\\Unity\\Survaval\Assets\_MyAssets\Scripts\Data\TalentData.cs
# 内容概述:该脚本定义了 `TalentData` 类，用于在Unity游戏中管理天赋数据。类中包含天赋的ID、名称、描述、关联武器和技能，以及解锁成就等信息。支持多语言本地化，包括中文，并提供编辑器功能以生成和编辑天赋资源。`TalentData` 类实现了 `IDataWithID` 和 `IOutputLocalization` 接口，具备获取本地化名称和描述、生成ID、输出本地化数据等功能，同时提供了编辑器中创建新天赋资源的工具。

27. WeaponData.cs
# 路径:D:\\Unity\\Survaval\Assets\_MyAssets\Scripts\Data\WeaponData.cs
# 内容概述:### 脚本概述
`WeaponData.cs` 文件定义了一个 `WeaponData` 类，位于 `Game` 命名空间下。该类用于存储和管理武器配置数据，包括冷却时间、武器预制体、子弹数量限制及装填时间。此外，它还包含一个编辑器方法 `ToData`，用于将武器数据转换为编辑器专用的代理对象。

### 关键点融合
`WeaponData` 类封装了武器配置信息，如冷却时间、预制体和子弹数量限制，并支持编辑器功能，其中 `ToData` 方法将数据转换为编辑器代理，便于编辑器使用。


2024-10-10 15:24:51,749 - INFO Retriever 0 - 

————————————————————————————————————————————————————————————————
2024-10-10 15:24:51,749 - INFO Retriever 0 - 当前窗口总长度：39
2024-10-10 15:24:51,750 - INFO Retriever 0 - 当前更新窗口长度：30
2024-10-10 15:24:51,750 - INFO Retriever 0 - 当前更新窗口长度：30
2024-10-10 15:24:51,750 - INFO Retriever 0 - ————————————————————————————————————————————————————————————————


2024-10-10 15:24:56,395 - INFO Retriever 0 - Agent主脑给出的回答为：{
    "read_file": {
        "file_path": "D:\\Unity\\Survaval\\Assets\\_MyAssets\\Scripts\\Data\\TalentData.cs"
    }
}
2024-10-10 15:24:56,395 - INFO Retriever 0 - 是否成功解析：True
2024-10-10 15:24:56,395 - INFO Retriever 0 - operation_type (__det_dir_action):
2024-10-10 15:24:56,396 - INFO Retriever 0 - read_file
2024-10-10 15:24:56,396 - INFO Retriever 0 - 

——————————————————————————————————————————————————————————————————————————————————————————————————————————————————————————
2024-10-10 15:24:56,396 - INFO Retriever 0 - Assistant:
2024-10-10 15:24:56,396 - INFO Retriever 0 - {
    "read_file": {
        "file_path": "D:\\Unity\\Survaval\\Assets\\_MyAssets\\Scripts\\Data\\TalentData.cs"
    }
}
2024-10-10 15:24:56,396 - INFO Retriever 0 - dict_keys(['read_file'])
2024-10-10 15:24:56,397 - INFO Retriever 0 - Agent主脑给出的行动：read_file
参数：{'file_path': 'D:\\Unity\\Survaval\\Assets\\_MyAssets\\Scripts\\Data\\TalentData.cs', 'top_path': 'D:\\Unity\\Survaval\\Assets', 'return_file_sum': <bound method TreeGenerationAction.return_file_sum of <Action.tree_gen_action.TreeGenerationAction object at 0x000001F092017AC0>>}
2024-10-10 15:24:56,539 - INFO Retriever 0 - Observer: 这是一个名为“TalentData.cs”的文件，该文件里的内容为：
由于脚本文件内容过长，暂时仅给出该脚本文件的内容总结:
- ### 总体概述
- **框架和模块化结构**：该脚本定义了一个名为 `TalentData` 的类，该类继承自 `ScriptableObject`，并实现了 `IDataWithID` 和 `IOutputLocalization` 接口。类中包含多个属性和方法，用于存储和操作天赋数据。
- **主要功能和目标**：脚本的主要目标是提供一个用于存储和管理游戏天赋数据的结构，包括天赋的名称、描述、关联的武器和技能，以及本地化支持。

### 模块和功能
- **天赋数据存储**：存储天赋的内部ID、名称、描述、关联的武器和技能，以及解锁成就。
- **本地化支持**：支持多语言环境下的天赋名称和描述的本地化。
- **编辑器功能**：提供编辑器功能，允许用户创建新的天赋资源。

### 类和函数
- **TalentData 类**：主要类，用于表示天赋数据。
  - `internalID`：天赋的内部ID。
  - `talentName`、`talentDescribe`、`talentName_cn`、`talentDescription_cn`：天赋的名称和描述，包括中文版本。
  - `weapon`、`passiveSkill`：关联的武器和被动技能。
  - `achivement`：解锁成就。
  - `TalentIndex`：天赋排序。
  - `GetName`、`GetDescription`：获取本地化后的名称和描述。
  - `_odin_generateID`、`_odin_ForceGenerateID`：生成或强制生成天赋的内部ID。
  - `OutputLocalization`：输出本地化数据。
  - `UpdateText`：更新名称和描述的本地化内容。
- **编辑器方法**：
  - `CreateNewAsset`：在Unity编辑器中创建新的天赋资源。

### 实现逻辑
- `TalentData` 类通过属性和方法提供了对天赋数据的访问和操作。
- `GetName` 和 `GetDescription` 方法根据当前语言环境返回相应的本地化文本。
- `_odin_generateID` 和 `_odin_ForceGenerateID` 方法用于生成天赋的内部ID。
- `OutputLocalization` 方法用于输出本地化数据，以便在游戏中使用。
- `UpdateText` 方法允许更新本地化文本。
- `CreateNewAsset` 方法是Unity编辑器中创建新天赋资源的逻辑实现。
2024-10-10 15:24:56,541 - INFO Retriever 0 - 

————————————————————————————————————————————————————————————————
2024-10-10 15:24:56,541 - INFO Retriever 0 - 当前窗口总长度：41
2024-10-10 15:24:56,541 - INFO Retriever 0 - 当前更新窗口长度：32
2024-10-10 15:24:56,541 - INFO Retriever 0 - 当前更新窗口长度：32
2024-10-10 15:24:56,542 - INFO Retriever 0 - ————————————————————————————————————————————————————————————————


2024-10-10 15:24:58,622 - INFO Retriever 0 - Agent主脑给出的回答为：{
    "finish": "我已完成你所给出的任务需求，请你进行确认"
}
2024-10-10 15:24:58,623 - INFO Retriever 0 - 是否成功解析：True
2024-10-10 15:24:58,624 - INFO Retriever 0 - operation_type (__det_dir_action):
2024-10-10 15:24:58,624 - INFO Retriever 0 - finish
2024-10-10 15:24:58,624 - INFO Retriever 0 - 

——————————————————————————————————————————————————————————————————————————————————————————————————————————————————————————
2024-10-10 15:24:58,624 - INFO Retriever 0 - Assistant:
2024-10-10 15:24:58,625 - INFO Retriever 0 - {
    "finish": "我已完成你所给出的任务需求，请你进行确认"
}
2024-10-10 15:24:58,625 - INFO Retriever 0 - dict_keys(['finish'])
2024-10-10 15:24:58,625 - INFO Retriever 0 - ——————————————————————————————————— 任务结束 ———————————————————————————————————
2024-10-10 15:24:58,625 - INFO Retriever 0 - 

————————————————————————————————————————————————————————————————
2024-10-10 15:24:58,626 - INFO Retriever 0 - 当前窗口总长度：41
2024-10-10 15:24:58,626 - INFO Retriever 0 - 当前更新窗口长度：32
2024-10-10 15:24:58,626 - INFO Retriever 0 - 当前更新窗口长度：32
2024-10-10 15:24:58,626 - INFO Retriever 0 - ————————————————————————————————————————————————————————————————


2024-10-10 15:25:09,467 - INFO Retriever 0 - -------------------------Task Report-----------------------
2024-10-10 15:25:09,467 - INFO Retriever 0 - * 文件一：
    * 文件绝对路径：D:\Unity\Survaval\Assets\_MyAssets\Scripts\Data\TalentData.cs
    * 文件内容概述：该文件定义了 `TalentData` 类，用于在Unity游戏中管理天赋数据。类中包含天赋的ID、名称、描述、关联的武器和技能，以及解锁成就等信息。支持多语言本地化，并提供编辑器功能以生成和编辑天赋资源。
    * 该文件与问题目标之间的关联性：由于问题目标是关于如何解锁游戏中的所有初始天赋选择，而 `TalentData.cs` 文件正是用于管理天赋数据的，因此它很可能包含有关天赋解锁逻辑的代码。特别是类中的 `achivement` 属性，它可能用于控制天赋的解锁条件。

* 文件二：
    * 文件绝对路径：D:\Unity\Survaval\Assets\_MyAssets\Scripts\Data\DefaultUnlockedData.cs
    * 文件内容概述：该文件定义了 `DefaultUnlockedData` 类，继承自 `ScriptableObject`，用于在Unity项目中存储和提供游戏默认解锁数据。类中包含五个列表属性，分别用于存储解锁的属性、角色皮肤、地图ID、道具和天赋数据。
    * 该文件与问题目标之间的关联性：由于该文件专门用于存储默认解锁的数据，因此它很可能包含有关初始天赋解锁状态的配置。修改该文件可能直接影响到游戏一开始所有初始天赋的选择是否被解锁。

* 文件三：
    * 文件绝对路径：D:\Unity\Survaval\Assets\_MyAssets\Scripts\Data\GameData.cs
    * 文件内容概述：该文件定义了游戏数据结构，包括技能效果（Buff）和掉落物（Drop）的Blob存储结构体。主要模块为 `GameDataBlob`，它包含技能和掉落物列表，以及与额外子弹和技能相关的HashMap。
    * 该文件与问题目标之间的关联性：虽然该文件主要关注技能效果和掉落物，但游戏数据结构中可能包含有关天赋解锁状态的配置。如果天赋数据与游戏数据结构紧密相关，那么修改 `GameData.cs` 文件可能有助于调整天赋的解锁状态。

* 文件四：
    * 文件绝对路径：D:\Unity\Survaval\Assets\_MyAssets\Scripts\Data\GameDataCollection.cs
    * 文件内容概述：`GameDataCollection.cs` 是一个Unity脚本，定义了 `GameDataCollection` 类，用于集中管理游戏数据。该类在Unity编辑器中工作，支持数据加载、编辑和导出。它通过多个字段存储不同类型的数据，如物品、道具、属性和成就等。
    * 该文件与问题目标之间的关联性：由于该文件负责管理游戏中的各种数据，包括天赋数据，因此它可能包含有关天赋解锁逻辑的代码。修改该文件可能有助于调整天赋的解锁状态。

* 文件五：
    * 文件绝对路径：D:\Unity\Survaval\Assets\_MyAssets\Scripts\Data\ItemData.cs
    * 文件内容概述：`ItemData.cs` 是一个Unity C#脚本，主要定义了游戏物品的数据结构，支持多语言和编辑器集成。该脚本通过ScriptableObject继承，允许在Unity编辑器中直接编辑物品属性，如名称、描述、等级和图片。
    * 该文件与问题目标之间的关联性：虽然该文件主要关注物品数据，但物品数据与天赋数据可能存在关联。例如，某些物品可能用于解锁天赋。因此，修改 `ItemData.cs` 文件可能有助于调整与天赋解锁相关的物品数据。

* 文件六：
    * 文件绝对路径：D:\Unity\Survaval\Assets\_MyAssets\Scripts\Data\RoleData.cs
    * 文件内容概述：该脚本“RoleData.cs”是Unity游戏开发中用于管理角色皮肤数据的类，它定义了角色皮肤的各种属性，如名称、描述、图标、价格等，并支持多语言本地化。
    * 该文件与问题目标之间的关联性：角色皮肤数据与天赋数据可能存在关联，例如某些角色皮肤可能需要通过解锁天赋来获得。因此，修改 `RoleData.cs` 文件可能有助于调整与天赋解锁相关的角色皮肤数据。
2024-10-10 15:25:09,467 - INFO Retriever 0 - 
Token Consuming:151748

2024-10-10 15:25:09,467 - INFO Retriever 0 - 
history rounds:21

